<?xml version="1.0" encoding="UTF-8"?>
<testsuite xmlns:xsi="http://www.w3.org/2001/XMLSchema-instance" xsi:noNamespaceSchemaLocation="https://maven.apache.org/surefire/maven-surefire-plugin/xsd/surefire-test-report-3.0.xsd" version="3.0" name="TestSuite" time="110.725" tests="12" errors="0" skipped="0" failures="1">
  <properties>
    <property name="sun.desktop" value="windows"/>
    <property name="awt.toolkit" value="sun.awt.windows.WToolkit"/>
    <property name="java.specification.version" value="11"/>
    <property name="sun.cpu.isalist" value="amd64"/>
    <property name="sun.jnu.encoding" value="Cp1252"/>
    <property name="java.class.path" value="C:\Users\rrajput\eclipse-workspace\excelAppiumAutomationFramework\target\test-classes;C:\Users\rrajput\eclipse-workspace\excelAppiumAutomationFramework\target\classes;C:\Users\rrajput\.m2\repository\org\seleniumhq\selenium\selenium-java\4.8.0\selenium-java-4.8.0.jar;C:\Users\rrajput\.m2\repository\org\seleniumhq\selenium\selenium-api\4.8.0\selenium-api-4.8.0.jar;C:\Users\rrajput\.m2\repository\org\seleniumhq\selenium\selenium-chrome-driver\4.8.0\selenium-chrome-driver-4.8.0.jar;C:\Users\rrajput\.m2\repository\com\google\auto\service\auto-service-annotations\1.0.1\auto-service-annotations-1.0.1.jar;C:\Users\rrajput\.m2\repository\com\google\auto\service\auto-service\1.0.1\auto-service-1.0.1.jar;C:\Users\rrajput\.m2\repository\com\google\auto\auto-common\1.2\auto-common-1.2.jar;C:\Users\rrajput\.m2\repository\com\google\guava\guava\31.1-jre\guava-31.1-jre.jar;C:\Users\rrajput\.m2\repository\com\google\guava\failureaccess\1.0.1\failureaccess-1.0.1.jar;C:\Users\rrajput\.m2\repository\com\google\guava\listenablefuture\9999.0-empty-to-avoid-conflict-with-guava\listenablefuture-9999.0-empty-to-avoid-conflict-with-guava.jar;C:\Users\rrajput\.m2\repository\com\google\code\findbugs\jsr305\3.0.2\jsr305-3.0.2.jar;C:\Users\rrajput\.m2\repository\org\checkerframework\checker-qual\3.12.0\checker-qual-3.12.0.jar;C:\Users\rrajput\.m2\repository\com\google\errorprone\error_prone_annotations\2.11.0\error_prone_annotations-2.11.0.jar;C:\Users\rrajput\.m2\repository\com\google\j2objc\j2objc-annotations\1.3\j2objc-annotations-1.3.jar;C:\Users\rrajput\.m2\repository\org\seleniumhq\selenium\selenium-chromium-driver\4.8.0\selenium-chromium-driver-4.8.0.jar;C:\Users\rrajput\.m2\repository\org\seleniumhq\selenium\selenium-json\4.8.0\selenium-json-4.8.0.jar;C:\Users\rrajput\.m2\repository\org\seleniumhq\selenium\selenium-devtools-v107\4.8.0\selenium-devtools-v107-4.8.0.jar;C:\Users\rrajput\.m2\repository\org\seleniumhq\selenium\selenium-devtools-v108\4.8.0\selenium-devtools-v108-4.8.0.jar;C:\Users\rrajput\.m2\repository\org\seleniumhq\selenium\selenium-devtools-v109\4.8.0\selenium-devtools-v109-4.8.0.jar;C:\Users\rrajput\.m2\repository\org\seleniumhq\selenium\selenium-devtools-v85\4.8.0\selenium-devtools-v85-4.8.0.jar;C:\Users\rrajput\.m2\repository\org\seleniumhq\selenium\selenium-edge-driver\4.8.0\selenium-edge-driver-4.8.0.jar;C:\Users\rrajput\.m2\repository\org\seleniumhq\selenium\selenium-firefox-driver\4.8.0\selenium-firefox-driver-4.8.0.jar;C:\Users\rrajput\.m2\repository\org\seleniumhq\selenium\selenium-http\4.8.0\selenium-http-4.8.0.jar;C:\Users\rrajput\.m2\repository\dev\failsafe\failsafe\3.3.0\failsafe-3.3.0.jar;C:\Users\rrajput\.m2\repository\org\seleniumhq\selenium\selenium-ie-driver\4.8.0\selenium-ie-driver-4.8.0.jar;C:\Users\rrajput\.m2\repository\org\seleniumhq\selenium\selenium-remote-driver\4.8.0\selenium-remote-driver-4.8.0.jar;C:\Users\rrajput\.m2\repository\io\netty\netty-buffer\4.1.87.Final\netty-buffer-4.1.87.Final.jar;C:\Users\rrajput\.m2\repository\io\netty\netty-codec-http\4.1.87.Final\netty-codec-http-4.1.87.Final.jar;C:\Users\rrajput\.m2\repository\io\netty\netty-codec\4.1.87.Final\netty-codec-4.1.87.Final.jar;C:\Users\rrajput\.m2\repository\io\netty\netty-handler\4.1.87.Final\netty-handler-4.1.87.Final.jar;C:\Users\rrajput\.m2\repository\io\netty\netty-common\4.1.87.Final\netty-common-4.1.87.Final.jar;C:\Users\rrajput\.m2\repository\io\netty\netty-transport-classes-epoll\4.1.87.Final\netty-transport-classes-epoll-4.1.87.Final.jar;C:\Users\rrajput\.m2\repository\io\netty\netty-transport-classes-kqueue\4.1.87.Final\netty-transport-classes-kqueue-4.1.87.Final.jar;C:\Users\rrajput\.m2\repository\io\netty\netty-transport-native-epoll\4.1.87.Final\netty-transport-native-epoll-4.1.87.Final.jar;C:\Users\rrajput\.m2\repository\io\netty\netty-transport-native-kqueue\4.1.87.Final\netty-transport-native-kqueue-4.1.87.Final.jar;C:\Users\rrajput\.m2\repository\io\netty\netty-transport-native-unix-common\4.1.87.Final\netty-transport-native-unix-common-4.1.87.Final.jar;C:\Users\rrajput\.m2\repository\io\netty\netty-transport\4.1.87.Final\netty-transport-4.1.87.Final.jar;C:\Users\rrajput\.m2\repository\io\netty\netty-resolver\4.1.87.Final\netty-resolver-4.1.87.Final.jar;C:\Users\rrajput\.m2\repository\io\opentelemetry\opentelemetry-api\1.22.0\opentelemetry-api-1.22.0.jar;C:\Users\rrajput\.m2\repository\io\opentelemetry\opentelemetry-context\1.22.0\opentelemetry-context-1.22.0.jar;C:\Users\rrajput\.m2\repository\io\opentelemetry\opentelemetry-exporter-logging\1.22.0\opentelemetry-exporter-logging-1.22.0.jar;C:\Users\rrajput\.m2\repository\io\opentelemetry\opentelemetry-sdk-metrics\1.22.0\opentelemetry-sdk-metrics-1.22.0.jar;C:\Users\rrajput\.m2\repository\io\opentelemetry\opentelemetry-sdk-logs\1.22.0-alpha\opentelemetry-sdk-logs-1.22.0-alpha.jar;C:\Users\rrajput\.m2\repository\io\opentelemetry\opentelemetry-api-logs\1.22.0-alpha\opentelemetry-api-logs-1.22.0-alpha.jar;C:\Users\rrajput\.m2\repository\io\opentelemetry\opentelemetry-sdk-common\1.22.0\opentelemetry-sdk-common-1.22.0.jar;C:\Users\rrajput\.m2\repository\io\opentelemetry\opentelemetry-sdk-extension-autoconfigure-spi\1.22.0\opentelemetry-sdk-extension-autoconfigure-spi-1.22.0.jar;C:\Users\rrajput\.m2\repository\io\opentelemetry\opentelemetry-sdk-extension-autoconfigure\1.22.0-alpha\opentelemetry-sdk-extension-autoconfigure-1.22.0-alpha.jar;C:\Users\rrajput\.m2\repository\io\opentelemetry\opentelemetry-sdk-trace\1.22.0\opentelemetry-sdk-trace-1.22.0.jar;C:\Users\rrajput\.m2\repository\io\opentelemetry\opentelemetry-sdk\1.22.0\opentelemetry-sdk-1.22.0.jar;C:\Users\rrajput\.m2\repository\io\opentelemetry\opentelemetry-semconv\1.22.0-alpha\opentelemetry-semconv-1.22.0-alpha.jar;C:\Users\rrajput\.m2\repository\io\ous\jtoml\2.0.0\jtoml-2.0.0.jar;C:\Users\rrajput\.m2\repository\net\bytebuddy\byte-buddy\1.12.22\byte-buddy-1.12.22.jar;C:\Users\rrajput\.m2\repository\org\apache\commons\commons-exec\1.3\commons-exec-1.3.jar;C:\Users\rrajput\.m2\repository\org\asynchttpclient\async-http-client\2.12.3\async-http-client-2.12.3.jar;C:\Users\rrajput\.m2\repository\org\asynchttpclient\async-http-client-netty-utils\2.12.3\async-http-client-netty-utils-2.12.3.jar;C:\Users\rrajput\.m2\repository\io\netty\netty-codec-socks\4.1.60.Final\netty-codec-socks-4.1.60.Final.jar;C:\Users\rrajput\.m2\repository\io\netty\netty-handler-proxy\4.1.60.Final\netty-handler-proxy-4.1.60.Final.jar;C:\Users\rrajput\.m2\repository\io\netty\netty-transport-native-epoll\4.1.60.Final\netty-transport-native-epoll-4.1.60.Final-linux-x86_64.jar;C:\Users\rrajput\.m2\repository\io\netty\netty-transport-native-kqueue\4.1.60.Final\netty-transport-native-kqueue-4.1.60.Final-osx-x86_64.jar;C:\Users\rrajput\.m2\repository\com\typesafe\netty\netty-reactive-streams\2.0.4\netty-reactive-streams-2.0.4.jar;C:\Users\rrajput\.m2\repository\com\sun\activation\jakarta.activation\1.2.2\jakarta.activation-1.2.2.jar;C:\Users\rrajput\.m2\repository\org\seleniumhq\selenium\selenium-manager\4.8.0\selenium-manager-4.8.0.jar;C:\Users\rrajput\.m2\repository\org\seleniumhq\selenium\selenium-safari-driver\4.8.0\selenium-safari-driver-4.8.0.jar;C:\Users\rrajput\.m2\repository\org\seleniumhq\selenium\selenium-support\4.8.0\selenium-support-4.8.0.jar;C:\Users\rrajput\.m2\repository\org\testng\testng\7.7.1\testng-7.7.1.jar;C:\Users\rrajput\.m2\repository\org\slf4j\slf4j-api\1.7.36\slf4j-api-1.7.36.jar;C:\Users\rrajput\.m2\repository\com\beust\jcommander\1.82\jcommander-1.82.jar;C:\Users\rrajput\.m2\repository\org\webjars\jquery\3.6.1\jquery-3.6.1.jar;C:\Users\rrajput\.m2\repository\org\apache\logging\log4j\log4j-api\2.19.0\log4j-api-2.19.0.jar;C:\Users\rrajput\.m2\repository\org\apache\logging\log4j\log4j-core\2.19.0\log4j-core-2.19.0.jar;C:\Users\rrajput\.m2\repository\org\apache\commons\commons-lang3\3.12.0\commons-lang3-3.12.0.jar;C:\Users\rrajput\.m2\repository\commons-io\commons-io\2.11.0\commons-io-2.11.0.jar;C:\Users\rrajput\.m2\repository\org\apache\poi\poi-ooxml\5.2.3\poi-ooxml-5.2.3.jar;C:\Users\rrajput\.m2\repository\org\apache\poi\poi-ooxml-lite\5.2.3\poi-ooxml-lite-5.2.3.jar;C:\Users\rrajput\.m2\repository\org\apache\xmlbeans\xmlbeans\5.1.1\xmlbeans-5.1.1.jar;C:\Users\rrajput\.m2\repository\org\apache\commons\commons-compress\1.21\commons-compress-1.21.jar;C:\Users\rrajput\.m2\repository\com\github\virtuald\curvesapi\1.07\curvesapi-1.07.jar;C:\Users\rrajput\.m2\repository\org\apache\commons\commons-collections4\4.4\commons-collections4-4.4.jar;C:\Users\rrajput\.m2\repository\org\apache\poi\poi\5.2.3\poi-5.2.3.jar;C:\Users\rrajput\.m2\repository\commons-codec\commons-codec\1.15\commons-codec-1.15.jar;C:\Users\rrajput\.m2\repository\org\apache\commons\commons-math3\3.6.1\commons-math3-3.6.1.jar;C:\Users\rrajput\.m2\repository\com\zaxxer\SparseBitSet\1.2\SparseBitSet-1.2.jar;C:\Users\rrajput\.m2\repository\io\appium\java-client\8.3.0\java-client-8.3.0.jar;C:\Users\rrajput\.m2\repository\com\google\code\gson\gson\2.10\gson-2.10.jar;C:\Users\rrajput\.m2\repository\cglib\cglib\3.3.0\cglib-3.3.0.jar;C:\Users\rrajput\.m2\repository\org\ow2\asm\asm\7.1\asm-7.1.jar;C:\Users\rrajput\.m2\repository\commons-validator\commons-validator\1.7\commons-validator-1.7.jar;C:\Users\rrajput\.m2\repository\commons-beanutils\commons-beanutils\1.9.4\commons-beanutils-1.9.4.jar;C:\Users\rrajput\.m2\repository\commons-digester\commons-digester\2.1\commons-digester-2.1.jar;C:\Users\rrajput\.m2\repository\commons-logging\commons-logging\1.2\commons-logging-1.2.jar;C:\Users\rrajput\.m2\repository\commons-collections\commons-collections\3.2.2\commons-collections-3.2.2.jar;C:\Users\rrajput\.m2\repository\com\fasterxml\jackson\core\jackson-databind\2.14.1\jackson-databind-2.14.1.jar;C:\Users\rrajput\.m2\repository\com\fasterxml\jackson\core\jackson-annotations\2.14.1\jackson-annotations-2.14.1.jar;C:\Users\rrajput\.m2\repository\com\fasterxml\jackson\core\jackson-core\2.14.1\jackson-core-2.14.1.jar;C:\Users\rrajput\.m2\repository\com\aventstack\extentreports\5.0.9\extentreports-5.0.9.jar;C:\Users\rrajput\.m2\repository\io\reactivex\rxjava3\rxjava\3.0.4\rxjava-3.0.4.jar;C:\Users\rrajput\.m2\repository\org\reactivestreams\reactive-streams\1.0.3\reactive-streams-1.0.3.jar;C:\Users\rrajput\.m2\repository\org\freemarker\freemarker\2.3.30\freemarker-2.3.30.jar;C:\Users\rrajput\.m2\repository\org\projectlombok\lombok\1.18.12\lombok-1.18.12.jar;"/>
    <property name="java.vm.vendor" value="Oracle Corporation"/>
    <property name="sun.arch.data.model" value="64"/>
    <property name="user.variant" value=""/>
    <property name="java.vendor.url" value="https://openjdk.java.net/"/>
    <property name="user.timezone" value="Asia/Calcutta"/>
    <property name="java.vm.specification.version" value="11"/>
    <property name="os.name" value="Windows 10"/>
    <property name="sun.java.launcher" value="SUN_STANDARD"/>
    <property name="user.country" value="US"/>
    <property name="sun.boot.library.path" value="C:\Program Files\Java\jdk-11.0.17\bin"/>
    <property name="sun.java.command" value="C:\Users\rrajput\AppData\Local\Temp\surefire1681563210433929676\surefirebooter-20230213115712896_3.jar C:\Users\rrajput\AppData\Local\Temp\surefire1681563210433929676 2023-02-13T11-57-12_410-jvmRun1 surefire-20230213115712896_1tmp surefire_0-20230213115712896_2tmp"/>
    <property name="jdk.debug" value="release"/>
    <property name="surefire.test.class.path" value="C:\Users\rrajput\eclipse-workspace\excelAppiumAutomationFramework\target\test-classes;C:\Users\rrajput\eclipse-workspace\excelAppiumAutomationFramework\target\classes;C:\Users\rrajput\.m2\repository\org\seleniumhq\selenium\selenium-java\4.8.0\selenium-java-4.8.0.jar;C:\Users\rrajput\.m2\repository\org\seleniumhq\selenium\selenium-api\4.8.0\selenium-api-4.8.0.jar;C:\Users\rrajput\.m2\repository\org\seleniumhq\selenium\selenium-chrome-driver\4.8.0\selenium-chrome-driver-4.8.0.jar;C:\Users\rrajput\.m2\repository\com\google\auto\service\auto-service-annotations\1.0.1\auto-service-annotations-1.0.1.jar;C:\Users\rrajput\.m2\repository\com\google\auto\service\auto-service\1.0.1\auto-service-1.0.1.jar;C:\Users\rrajput\.m2\repository\com\google\auto\auto-common\1.2\auto-common-1.2.jar;C:\Users\rrajput\.m2\repository\com\google\guava\guava\31.1-jre\guava-31.1-jre.jar;C:\Users\rrajput\.m2\repository\com\google\guava\failureaccess\1.0.1\failureaccess-1.0.1.jar;C:\Users\rrajput\.m2\repository\com\google\guava\listenablefuture\9999.0-empty-to-avoid-conflict-with-guava\listenablefuture-9999.0-empty-to-avoid-conflict-with-guava.jar;C:\Users\rrajput\.m2\repository\com\google\code\findbugs\jsr305\3.0.2\jsr305-3.0.2.jar;C:\Users\rrajput\.m2\repository\org\checkerframework\checker-qual\3.12.0\checker-qual-3.12.0.jar;C:\Users\rrajput\.m2\repository\com\google\errorprone\error_prone_annotations\2.11.0\error_prone_annotations-2.11.0.jar;C:\Users\rrajput\.m2\repository\com\google\j2objc\j2objc-annotations\1.3\j2objc-annotations-1.3.jar;C:\Users\rrajput\.m2\repository\org\seleniumhq\selenium\selenium-chromium-driver\4.8.0\selenium-chromium-driver-4.8.0.jar;C:\Users\rrajput\.m2\repository\org\seleniumhq\selenium\selenium-json\4.8.0\selenium-json-4.8.0.jar;C:\Users\rrajput\.m2\repository\org\seleniumhq\selenium\selenium-devtools-v107\4.8.0\selenium-devtools-v107-4.8.0.jar;C:\Users\rrajput\.m2\repository\org\seleniumhq\selenium\selenium-devtools-v108\4.8.0\selenium-devtools-v108-4.8.0.jar;C:\Users\rrajput\.m2\repository\org\seleniumhq\selenium\selenium-devtools-v109\4.8.0\selenium-devtools-v109-4.8.0.jar;C:\Users\rrajput\.m2\repository\org\seleniumhq\selenium\selenium-devtools-v85\4.8.0\selenium-devtools-v85-4.8.0.jar;C:\Users\rrajput\.m2\repository\org\seleniumhq\selenium\selenium-edge-driver\4.8.0\selenium-edge-driver-4.8.0.jar;C:\Users\rrajput\.m2\repository\org\seleniumhq\selenium\selenium-firefox-driver\4.8.0\selenium-firefox-driver-4.8.0.jar;C:\Users\rrajput\.m2\repository\org\seleniumhq\selenium\selenium-http\4.8.0\selenium-http-4.8.0.jar;C:\Users\rrajput\.m2\repository\dev\failsafe\failsafe\3.3.0\failsafe-3.3.0.jar;C:\Users\rrajput\.m2\repository\org\seleniumhq\selenium\selenium-ie-driver\4.8.0\selenium-ie-driver-4.8.0.jar;C:\Users\rrajput\.m2\repository\org\seleniumhq\selenium\selenium-remote-driver\4.8.0\selenium-remote-driver-4.8.0.jar;C:\Users\rrajput\.m2\repository\io\netty\netty-buffer\4.1.87.Final\netty-buffer-4.1.87.Final.jar;C:\Users\rrajput\.m2\repository\io\netty\netty-codec-http\4.1.87.Final\netty-codec-http-4.1.87.Final.jar;C:\Users\rrajput\.m2\repository\io\netty\netty-codec\4.1.87.Final\netty-codec-4.1.87.Final.jar;C:\Users\rrajput\.m2\repository\io\netty\netty-handler\4.1.87.Final\netty-handler-4.1.87.Final.jar;C:\Users\rrajput\.m2\repository\io\netty\netty-common\4.1.87.Final\netty-common-4.1.87.Final.jar;C:\Users\rrajput\.m2\repository\io\netty\netty-transport-classes-epoll\4.1.87.Final\netty-transport-classes-epoll-4.1.87.Final.jar;C:\Users\rrajput\.m2\repository\io\netty\netty-transport-classes-kqueue\4.1.87.Final\netty-transport-classes-kqueue-4.1.87.Final.jar;C:\Users\rrajput\.m2\repository\io\netty\netty-transport-native-epoll\4.1.87.Final\netty-transport-native-epoll-4.1.87.Final.jar;C:\Users\rrajput\.m2\repository\io\netty\netty-transport-native-kqueue\4.1.87.Final\netty-transport-native-kqueue-4.1.87.Final.jar;C:\Users\rrajput\.m2\repository\io\netty\netty-transport-native-unix-common\4.1.87.Final\netty-transport-native-unix-common-4.1.87.Final.jar;C:\Users\rrajput\.m2\repository\io\netty\netty-transport\4.1.87.Final\netty-transport-4.1.87.Final.jar;C:\Users\rrajput\.m2\repository\io\netty\netty-resolver\4.1.87.Final\netty-resolver-4.1.87.Final.jar;C:\Users\rrajput\.m2\repository\io\opentelemetry\opentelemetry-api\1.22.0\opentelemetry-api-1.22.0.jar;C:\Users\rrajput\.m2\repository\io\opentelemetry\opentelemetry-context\1.22.0\opentelemetry-context-1.22.0.jar;C:\Users\rrajput\.m2\repository\io\opentelemetry\opentelemetry-exporter-logging\1.22.0\opentelemetry-exporter-logging-1.22.0.jar;C:\Users\rrajput\.m2\repository\io\opentelemetry\opentelemetry-sdk-metrics\1.22.0\opentelemetry-sdk-metrics-1.22.0.jar;C:\Users\rrajput\.m2\repository\io\opentelemetry\opentelemetry-sdk-logs\1.22.0-alpha\opentelemetry-sdk-logs-1.22.0-alpha.jar;C:\Users\rrajput\.m2\repository\io\opentelemetry\opentelemetry-api-logs\1.22.0-alpha\opentelemetry-api-logs-1.22.0-alpha.jar;C:\Users\rrajput\.m2\repository\io\opentelemetry\opentelemetry-sdk-common\1.22.0\opentelemetry-sdk-common-1.22.0.jar;C:\Users\rrajput\.m2\repository\io\opentelemetry\opentelemetry-sdk-extension-autoconfigure-spi\1.22.0\opentelemetry-sdk-extension-autoconfigure-spi-1.22.0.jar;C:\Users\rrajput\.m2\repository\io\opentelemetry\opentelemetry-sdk-extension-autoconfigure\1.22.0-alpha\opentelemetry-sdk-extension-autoconfigure-1.22.0-alpha.jar;C:\Users\rrajput\.m2\repository\io\opentelemetry\opentelemetry-sdk-trace\1.22.0\opentelemetry-sdk-trace-1.22.0.jar;C:\Users\rrajput\.m2\repository\io\opentelemetry\opentelemetry-sdk\1.22.0\opentelemetry-sdk-1.22.0.jar;C:\Users\rrajput\.m2\repository\io\opentelemetry\opentelemetry-semconv\1.22.0-alpha\opentelemetry-semconv-1.22.0-alpha.jar;C:\Users\rrajput\.m2\repository\io\ous\jtoml\2.0.0\jtoml-2.0.0.jar;C:\Users\rrajput\.m2\repository\net\bytebuddy\byte-buddy\1.12.22\byte-buddy-1.12.22.jar;C:\Users\rrajput\.m2\repository\org\apache\commons\commons-exec\1.3\commons-exec-1.3.jar;C:\Users\rrajput\.m2\repository\org\asynchttpclient\async-http-client\2.12.3\async-http-client-2.12.3.jar;C:\Users\rrajput\.m2\repository\org\asynchttpclient\async-http-client-netty-utils\2.12.3\async-http-client-netty-utils-2.12.3.jar;C:\Users\rrajput\.m2\repository\io\netty\netty-codec-socks\4.1.60.Final\netty-codec-socks-4.1.60.Final.jar;C:\Users\rrajput\.m2\repository\io\netty\netty-handler-proxy\4.1.60.Final\netty-handler-proxy-4.1.60.Final.jar;C:\Users\rrajput\.m2\repository\io\netty\netty-transport-native-epoll\4.1.60.Final\netty-transport-native-epoll-4.1.60.Final-linux-x86_64.jar;C:\Users\rrajput\.m2\repository\io\netty\netty-transport-native-kqueue\4.1.60.Final\netty-transport-native-kqueue-4.1.60.Final-osx-x86_64.jar;C:\Users\rrajput\.m2\repository\com\typesafe\netty\netty-reactive-streams\2.0.4\netty-reactive-streams-2.0.4.jar;C:\Users\rrajput\.m2\repository\com\sun\activation\jakarta.activation\1.2.2\jakarta.activation-1.2.2.jar;C:\Users\rrajput\.m2\repository\org\seleniumhq\selenium\selenium-manager\4.8.0\selenium-manager-4.8.0.jar;C:\Users\rrajput\.m2\repository\org\seleniumhq\selenium\selenium-safari-driver\4.8.0\selenium-safari-driver-4.8.0.jar;C:\Users\rrajput\.m2\repository\org\seleniumhq\selenium\selenium-support\4.8.0\selenium-support-4.8.0.jar;C:\Users\rrajput\.m2\repository\org\testng\testng\7.7.1\testng-7.7.1.jar;C:\Users\rrajput\.m2\repository\org\slf4j\slf4j-api\1.7.36\slf4j-api-1.7.36.jar;C:\Users\rrajput\.m2\repository\com\beust\jcommander\1.82\jcommander-1.82.jar;C:\Users\rrajput\.m2\repository\org\webjars\jquery\3.6.1\jquery-3.6.1.jar;C:\Users\rrajput\.m2\repository\org\apache\logging\log4j\log4j-api\2.19.0\log4j-api-2.19.0.jar;C:\Users\rrajput\.m2\repository\org\apache\logging\log4j\log4j-core\2.19.0\log4j-core-2.19.0.jar;C:\Users\rrajput\.m2\repository\org\apache\commons\commons-lang3\3.12.0\commons-lang3-3.12.0.jar;C:\Users\rrajput\.m2\repository\commons-io\commons-io\2.11.0\commons-io-2.11.0.jar;C:\Users\rrajput\.m2\repository\org\apache\poi\poi-ooxml\5.2.3\poi-ooxml-5.2.3.jar;C:\Users\rrajput\.m2\repository\org\apache\poi\poi-ooxml-lite\5.2.3\poi-ooxml-lite-5.2.3.jar;C:\Users\rrajput\.m2\repository\org\apache\xmlbeans\xmlbeans\5.1.1\xmlbeans-5.1.1.jar;C:\Users\rrajput\.m2\repository\org\apache\commons\commons-compress\1.21\commons-compress-1.21.jar;C:\Users\rrajput\.m2\repository\com\github\virtuald\curvesapi\1.07\curvesapi-1.07.jar;C:\Users\rrajput\.m2\repository\org\apache\commons\commons-collections4\4.4\commons-collections4-4.4.jar;C:\Users\rrajput\.m2\repository\org\apache\poi\poi\5.2.3\poi-5.2.3.jar;C:\Users\rrajput\.m2\repository\commons-codec\commons-codec\1.15\commons-codec-1.15.jar;C:\Users\rrajput\.m2\repository\org\apache\commons\commons-math3\3.6.1\commons-math3-3.6.1.jar;C:\Users\rrajput\.m2\repository\com\zaxxer\SparseBitSet\1.2\SparseBitSet-1.2.jar;C:\Users\rrajput\.m2\repository\io\appium\java-client\8.3.0\java-client-8.3.0.jar;C:\Users\rrajput\.m2\repository\com\google\code\gson\gson\2.10\gson-2.10.jar;C:\Users\rrajput\.m2\repository\cglib\cglib\3.3.0\cglib-3.3.0.jar;C:\Users\rrajput\.m2\repository\org\ow2\asm\asm\7.1\asm-7.1.jar;C:\Users\rrajput\.m2\repository\commons-validator\commons-validator\1.7\commons-validator-1.7.jar;C:\Users\rrajput\.m2\repository\commons-beanutils\commons-beanutils\1.9.4\commons-beanutils-1.9.4.jar;C:\Users\rrajput\.m2\repository\commons-digester\commons-digester\2.1\commons-digester-2.1.jar;C:\Users\rrajput\.m2\repository\commons-logging\commons-logging\1.2\commons-logging-1.2.jar;C:\Users\rrajput\.m2\repository\commons-collections\commons-collections\3.2.2\commons-collections-3.2.2.jar;C:\Users\rrajput\.m2\repository\com\fasterxml\jackson\core\jackson-databind\2.14.1\jackson-databind-2.14.1.jar;C:\Users\rrajput\.m2\repository\com\fasterxml\jackson\core\jackson-annotations\2.14.1\jackson-annotations-2.14.1.jar;C:\Users\rrajput\.m2\repository\com\fasterxml\jackson\core\jackson-core\2.14.1\jackson-core-2.14.1.jar;C:\Users\rrajput\.m2\repository\com\aventstack\extentreports\5.0.9\extentreports-5.0.9.jar;C:\Users\rrajput\.m2\repository\io\reactivex\rxjava3\rxjava\3.0.4\rxjava-3.0.4.jar;C:\Users\rrajput\.m2\repository\org\reactivestreams\reactive-streams\1.0.3\reactive-streams-1.0.3.jar;C:\Users\rrajput\.m2\repository\org\freemarker\freemarker\2.3.30\freemarker-2.3.30.jar;C:\Users\rrajput\.m2\repository\org\projectlombok\lombok\1.18.12\lombok-1.18.12.jar;"/>
    <property name="sun.cpu.endian" value="little"/>
    <property name="user.home" value="C:\Users\rrajput"/>
    <property name="user.language" value="en"/>
    <property name="java.specification.vendor" value="Oracle Corporation"/>
    <property name="java.version.date" value="2022-10-18"/>
    <property name="java.home" value="C:\Program Files\Java\jdk-11.0.17"/>
    <property name="file.separator" value="\"/>
    <property name="style.color" value="always"/>
    <property name="basedir" value="C:\Users\rrajput\eclipse-workspace\excelAppiumAutomationFramework"/>
    <property name="java.vm.compressedOopsMode" value="32-bit"/>
    <property name="line.separator" value="&#10;"/>
    <property name="java.specification.name" value="Java Platform API Specification"/>
    <property name="java.vm.specification.vendor" value="Oracle Corporation"/>
    <property name="java.awt.graphicsenv" value="sun.awt.Win32GraphicsEnvironment"/>
    <property name="surefire.real.class.path" value="C:\Users\rrajput\AppData\Local\Temp\surefire1681563210433929676\surefirebooter-20230213115712896_3.jar"/>
    <property name="user.script" value=""/>
    <property name="sun.management.compiler" value="HotSpot 64-Bit Tiered Compilers"/>
    <property name="java.runtime.version" value="11.0.17+10-LTS-269"/>
    <property name="user.name" value="rrajput"/>
    <property name="path.separator" value=";"/>
    <property name="os.version" value="10.0"/>
    <property name="java.runtime.name" value="Java(TM) SE Runtime Environment"/>
    <property name="file.encoding" value="Cp1252"/>
    <property name="java.vm.name" value="Java HotSpot(TM) 64-Bit Server VM"/>
    <property name="java.vendor.version" value="18.9"/>
    <property name="localRepository" value="C:\Users\rrajput\.m2\repository"/>
    <property name="java.vendor.url.bug" value="https://bugreport.java.com/bugreport/"/>
    <property name="java.io.tmpdir" value="C:\Users\rrajput\AppData\Local\Temp\"/>
    <property name="java.version" value="11.0.17"/>
    <property name="user.dir" value="C:\Users\rrajput\eclipse-workspace\excelAppiumAutomationFramework"/>
    <property name="os.arch" value="amd64"/>
    <property name="java.vm.specification.name" value="Java Virtual Machine Specification"/>
    <property name="java.awt.printerjob" value="sun.awt.windows.WPrinterJob"/>
    <property name="sun.os.patch.level" value=""/>
    <property name="java.library.path" value="C:\Program Files\Java\jdk-11.0.17\bin;C:\Windows\Sun\Java\bin;C:\Windows\system32;C:\Windows;C:/Users/rrajput/.p2/pool/plugins/org.eclipse.justj.openjdk.hotspot.jre.full.win32.x86_64_17.0.5.v20221102-0933/jre/bin/server;C:/Users/rrajput/.p2/pool/plugins/org.eclipse.justj.openjdk.hotspot.jre.full.win32.x86_64_17.0.5.v20221102-0933/jre/bin;C:\Program Files\Common Files\Oracle\Java\javapath;C:\Windows\system32;C:\Windows;C:\Windows\System32\Wbem;C:\Windows\System32\WindowsPowerShell\v1.0\;C:\Windows\System32\OpenSSH\;C:\Program Files\nodejs\;C:\Program Files\Git\cmd;C:\Users\rrajput\AppData\Local\Microsoft\WindowsApps;C:\Program Files\Java\jdk-11.0.17\bin;C:\Tools and Drivers\apache-maven-3.8.7\bin;C:\Users\rrajput\AppData\Roaming\npm;C:\Users\rrajput\AppData\Local\Android\Sdk\tools;C:\Users\rrajput\AppData\Local\Android\Sdk\tools\bin;C:\Users\rrajput\AppData\Local\Android\Sdk\platform-tools;C:\Program Files\nodejs\node_modules\npm\bin;C:\Program Files\Git\bin;;C:\Users\rrajput\OneDrive - Planit Test Management Solutions Pty Ltd\Desktop;;."/>
    <property name="java.vendor" value="Oracle Corporation"/>
    <property name="java.vm.info" value="mixed mode"/>
    <property name="java.vm.version" value="11.0.17+10-LTS-269"/>
    <property name="sun.io.unicode.encoding" value="UnicodeLittle"/>
    <property name="java.class.version" value="55.0"/>
  </properties>
  <testcase name="form[{name=rahul rajput, country=Australia, gender=Male}](1)" classname="excelConfigTest.ExcelTest" time="0.243">
    <system-out><![CDATA[2023-02-13 11:57:15,200 main ERROR Unable to create file ./results/logs/${ctx:threadName}.log java.io.IOException: The filename, directory name, or volume label syntax is incorrect
	at java.base/java.io.WinNTFileSystem.canonicalize0(Native Method)
	at java.base/java.io.WinNTFileSystem.canonicalize(WinNTFileSystem.java:483)
	at java.base/java.io.File.getCanonicalPath(File.java:626)
	at java.base/java.io.File.getCanonicalFile(File.java:651)
	at org.apache.logging.log4j.core.util.FileUtils.makeParentDirs(FileUtils.java:139)
	at org.apache.logging.log4j.core.appender.rolling.RollingFileManager$RollingFileManagerFactory.createManager(RollingFileManager.java:734)
	at org.apache.logging.log4j.core.appender.rolling.RollingFileManager$RollingFileManagerFactory.createManager(RollingFileManager.java:718)
	at org.apache.logging.log4j.core.appender.AbstractManager.getManager(AbstractManager.java:144)
	at org.apache.logging.log4j.core.appender.OutputStreamManager.getManager(OutputStreamManager.java:100)
	at org.apache.logging.log4j.core.appender.rolling.RollingFileManager.getFileManager(RollingFileManager.java:217)
	at org.apache.logging.log4j.core.appender.RollingFileAppender$Builder.build(RollingFileAppender.java:135)
	at org.apache.logging.log4j.core.appender.RollingFileAppender$Builder.build(RollingFileAppender.java:62)
	at org.apache.logging.log4j.core.config.plugins.util.PluginBuilder.build(PluginBuilder.java:124)
	at org.apache.logging.log4j.core.config.AbstractConfiguration.createPluginObject(AbstractConfiguration.java:1138)
	at org.apache.logging.log4j.core.config.AbstractConfiguration.createConfiguration(AbstractConfiguration.java:1063)
	at org.apache.logging.log4j.core.appender.routing.RoutingAppender.createAppender(RoutingAppender.java:310)
	at org.apache.logging.log4j.core.appender.routing.RoutingAppender.getControl(RoutingAppender.java:282)
	at org.apache.logging.log4j.core.appender.routing.RoutingAppender.append(RoutingAppender.java:240)
	at org.apache.logging.log4j.core.config.AppenderControl.tryCallAppender(AppenderControl.java:161)
	at org.apache.logging.log4j.core.config.AppenderControl.callAppender0(AppenderControl.java:134)
	at org.apache.logging.log4j.core.config.AppenderControl.callAppenderPreventRecursion(AppenderControl.java:125)
	at org.apache.logging.log4j.core.config.AppenderControl.callAppender(AppenderControl.java:89)
	at org.apache.logging.log4j.core.config.LoggerConfig.callAppenders(LoggerConfig.java:683)
	at org.apache.logging.log4j.core.config.LoggerConfig.processLogEvent(LoggerConfig.java:641)
	at org.apache.logging.log4j.core.config.LoggerConfig.log(LoggerConfig.java:624)
	at org.apache.logging.log4j.core.config.LoggerConfig.log(LoggerConfig.java:560)
	at org.apache.logging.log4j.core.config.AwaitCompletionReliabilityStrategy.log(AwaitCompletionReliabilityStrategy.java:82)
	at org.apache.logging.log4j.core.Logger.log(Logger.java:162)
	at org.apache.logging.log4j.spi.AbstractLogger.logMessage(AbstractLogger.java:2106)
	at org.apache.logging.log4j.internal.DefaultLogBuilder.logMessage(DefaultLogBuilder.java:241)
	at org.apache.logging.log4j.internal.DefaultLogBuilder.log(DefaultLogBuilder.java:162)
	at org.apache.poi.openxml4j.opc.PackageRelationshipCollection.parseRelationshipsPart(PackageRelationshipCollection.java:309)
	at org.apache.poi.openxml4j.opc.PackageRelationshipCollection.<init>(PackageRelationshipCollection.java:160)
	at org.apache.poi.openxml4j.opc.PackageRelationshipCollection.<init>(PackageRelationshipCollection.java:130)
	at org.apache.poi.openxml4j.opc.PackagePart.loadRelationships(PackagePart.java:565)
	at org.apache.poi.openxml4j.opc.OPCPackage.getParts(OPCPackage.java:751)
	at org.apache.poi.openxml4j.opc.OPCPackage.open(OPCPackage.java:322)
	at org.apache.poi.ooxml.util.PackageHelper.open(PackageHelper.java:59)
	at org.apache.poi.xssf.usermodel.XSSFWorkbook.<init>(XSSFWorkbook.java:290)
	at org.apache.poi.xssf.usermodel.XSSFWorkbook.<init>(XSSFWorkbook.java:286)
	at externalResources.ExcelDataRead.<init>(ExcelDataRead.java:22)
	at listeners.AnnotationsTransformer.toBeExecuted(AnnotationsTransformer.java:36)
	at listeners.AnnotationsTransformer.transform(AnnotationsTransformer.java:24)
	at org.testng.internal.annotations.JDK15AnnotationFinder.transform(JDK15AnnotationFinder.java:172)
	at org.testng.internal.annotations.JDK15AnnotationFinder.lambda$findAnnotation$0(JDK15AnnotationFinder.java:279)
	at java.base/java.util.concurrent.ConcurrentHashMap.computeIfAbsent(ConcurrentHashMap.java:1705)
	at org.testng.internal.annotations.JDK15AnnotationFinder.findAnnotation(JDK15AnnotationFinder.java:275)
	at org.testng.internal.annotations.JDK15AnnotationFinder.findAnnotation(JDK15AnnotationFinder.java:113)
	at org.testng.internal.TestNGClassFinder.isTestNGClass(TestNGClassFinder.java:275)
	at org.testng.internal.TestNGClassFinder.isNotTestNGClass(TestNGClassFinder.java:260)
	at org.testng.internal.TestNGClassFinder.processClass(TestNGClassFinder.java:94)
	at org.testng.internal.TestNGClassFinder.<init>(TestNGClassFinder.java:67)
	at org.testng.TestRunner.initMethods(TestRunner.java:442)
	at org.testng.TestRunner.init(TestRunner.java:336)
	at org.testng.TestRunner.init(TestRunner.java:289)
	at org.testng.TestRunner.<init>(TestRunner.java:179)
	at org.testng.SuiteRunner$DefaultTestRunnerFactory.newTestRunner(SuiteRunner.java:643)
	at org.testng.SuiteRunner.init(SuiteRunner.java:225)
	at org.testng.SuiteRunner.<init>(SuiteRunner.java:115)
	at org.testng.TestNG.createSuiteRunner(TestNG.java:1349)
	at org.testng.TestNG.createSuiteRunners(TestNG.java:1325)
	at org.testng.TestNG.runSuitesLocally(TestNG.java:1167)
	at org.testng.TestNG.runSuites(TestNG.java:1099)
	at org.testng.TestNG.run(TestNG.java:1067)
	at org.apache.maven.surefire.testng.TestNGExecutor.run(TestNGExecutor.java:324)
	at org.apache.maven.surefire.testng.TestNGXmlTestSuite.execute(TestNGXmlTestSuite.java:74)
	at org.apache.maven.surefire.testng.TestNGProvider.invoke(TestNGProvider.java:123)
	at org.apache.maven.surefire.booter.ForkedBooter.runSuitesInProcess(ForkedBooter.java:456)
	at org.apache.maven.surefire.booter.ForkedBooter.execute(ForkedBooter.java:169)
	at org.apache.maven.surefire.booter.ForkedBooter.run(ForkedBooter.java:595)
	at org.apache.maven.surefire.booter.ForkedBooter.main(ForkedBooter.java:581)

2023-02-13 11:57:15,206 main ERROR Could not create plugin of type class org.apache.logging.log4j.core.appender.RollingFileAppender for element RollingFile: java.lang.IllegalStateException: ManagerFactory [org.apache.logging.log4j.core.appender.rolling.RollingFileManager$RollingFileManagerFactory@4e6d7365] unable to create manager for [./results/logs/${ctx:threadName}.log] with data [org.apache.logging.log4j.core.appender.rolling.RollingFileManager$FactoryData@7c0da600[pattern=./results/logs/${ctx:threadName}-%d{yyyy-MM-dd}.log, append=true, bufferedIO=true, bufferSize=8192, policy=SizeBasedTriggeringPolicy(size=512000), strategy=DefaultRolloverStrategy(min=1, max=7, useMax=true), advertiseURI=null, layout=%d{HH:mm:ss.SSS} [%t] %-5level %logger{36} - %msg%n, filePermissions=null, fileOwner=null]] java.lang.IllegalStateException: ManagerFactory [org.apache.logging.log4j.core.appender.rolling.RollingFileManager$RollingFileManagerFactory@4e6d7365] unable to create manager for [./results/logs/${ctx:threadName}.log] with data [org.apache.logging.log4j.core.appender.rolling.RollingFileManager$FactoryData@7c0da600[pattern=./results/logs/${ctx:threadName}-%d{yyyy-MM-dd}.log, append=true, bufferedIO=true, bufferSize=8192, policy=SizeBasedTriggeringPolicy(size=512000), strategy=DefaultRolloverStrategy(min=1, max=7, useMax=true), advertiseURI=null, layout=%d{HH:mm:ss.SSS} [%t] %-5level %logger{36} - %msg%n, filePermissions=null, fileOwner=null]]
	at org.apache.logging.log4j.core.appender.AbstractManager.getManager(AbstractManager.java:146)
	at org.apache.logging.log4j.core.appender.OutputStreamManager.getManager(OutputStreamManager.java:100)
	at org.apache.logging.log4j.core.appender.rolling.RollingFileManager.getFileManager(RollingFileManager.java:217)
	at org.apache.logging.log4j.core.appender.RollingFileAppender$Builder.build(RollingFileAppender.java:135)
	at org.apache.logging.log4j.core.appender.RollingFileAppender$Builder.build(RollingFileAppender.java:62)
	at org.apache.logging.log4j.core.config.plugins.util.PluginBuilder.build(PluginBuilder.java:124)
	at org.apache.logging.log4j.core.config.AbstractConfiguration.createPluginObject(AbstractConfiguration.java:1138)
	at org.apache.logging.log4j.core.config.AbstractConfiguration.createConfiguration(AbstractConfiguration.java:1063)
	at org.apache.logging.log4j.core.appender.routing.RoutingAppender.createAppender(RoutingAppender.java:310)
	at org.apache.logging.log4j.core.appender.routing.RoutingAppender.getControl(RoutingAppender.java:282)
	at org.apache.logging.log4j.core.appender.routing.RoutingAppender.append(RoutingAppender.java:240)
	at org.apache.logging.log4j.core.config.AppenderControl.tryCallAppender(AppenderControl.java:161)
	at org.apache.logging.log4j.core.config.AppenderControl.callAppender0(AppenderControl.java:134)
	at org.apache.logging.log4j.core.config.AppenderControl.callAppenderPreventRecursion(AppenderControl.java:125)
	at org.apache.logging.log4j.core.config.AppenderControl.callAppender(AppenderControl.java:89)
	at org.apache.logging.log4j.core.config.LoggerConfig.callAppenders(LoggerConfig.java:683)
	at org.apache.logging.log4j.core.config.LoggerConfig.processLogEvent(LoggerConfig.java:641)
	at org.apache.logging.log4j.core.config.LoggerConfig.log(LoggerConfig.java:624)
	at org.apache.logging.log4j.core.config.LoggerConfig.log(LoggerConfig.java:560)
	at org.apache.logging.log4j.core.config.AwaitCompletionReliabilityStrategy.log(AwaitCompletionReliabilityStrategy.java:82)
	at org.apache.logging.log4j.core.Logger.log(Logger.java:162)
	at org.apache.logging.log4j.spi.AbstractLogger.logMessage(AbstractLogger.java:2106)
	at org.apache.logging.log4j.internal.DefaultLogBuilder.logMessage(DefaultLogBuilder.java:241)
	at org.apache.logging.log4j.internal.DefaultLogBuilder.log(DefaultLogBuilder.java:162)
	at org.apache.poi.openxml4j.opc.PackageRelationshipCollection.parseRelationshipsPart(PackageRelationshipCollection.java:309)
	at org.apache.poi.openxml4j.opc.PackageRelationshipCollection.<init>(PackageRelationshipCollection.java:160)
	at org.apache.poi.openxml4j.opc.PackageRelationshipCollection.<init>(PackageRelationshipCollection.java:130)
	at org.apache.poi.openxml4j.opc.PackagePart.loadRelationships(PackagePart.java:565)
	at org.apache.poi.openxml4j.opc.OPCPackage.getParts(OPCPackage.java:751)
	at org.apache.poi.openxml4j.opc.OPCPackage.open(OPCPackage.java:322)
	at org.apache.poi.ooxml.util.PackageHelper.open(PackageHelper.java:59)
	at org.apache.poi.xssf.usermodel.XSSFWorkbook.<init>(XSSFWorkbook.java:290)
	at org.apache.poi.xssf.usermodel.XSSFWorkbook.<init>(XSSFWorkbook.java:286)
	at externalResources.ExcelDataRead.<init>(ExcelDataRead.java:22)
	at listeners.AnnotationsTransformer.toBeExecuted(AnnotationsTransformer.java:36)
	at listeners.AnnotationsTransformer.transform(AnnotationsTransformer.java:24)
	at org.testng.internal.annotations.JDK15AnnotationFinder.transform(JDK15AnnotationFinder.java:172)
	at org.testng.internal.annotations.JDK15AnnotationFinder.lambda$findAnnotation$0(JDK15AnnotationFinder.java:279)
	at java.base/java.util.concurrent.ConcurrentHashMap.computeIfAbsent(ConcurrentHashMap.java:1705)
	at org.testng.internal.annotations.JDK15AnnotationFinder.findAnnotation(JDK15AnnotationFinder.java:275)
	at org.testng.internal.annotations.JDK15AnnotationFinder.findAnnotation(JDK15AnnotationFinder.java:113)
	at org.testng.internal.TestNGClassFinder.isTestNGClass(TestNGClassFinder.java:275)
	at org.testng.internal.TestNGClassFinder.isNotTestNGClass(TestNGClassFinder.java:260)
	at org.testng.internal.TestNGClassFinder.processClass(TestNGClassFinder.java:94)
	at org.testng.internal.TestNGClassFinder.<init>(TestNGClassFinder.java:67)
	at org.testng.TestRunner.initMethods(TestRunner.java:442)
	at org.testng.TestRunner.init(TestRunner.java:336)
	at org.testng.TestRunner.init(TestRunner.java:289)
	at org.testng.TestRunner.<init>(TestRunner.java:179)
	at org.testng.SuiteRunner$DefaultTestRunnerFactory.newTestRunner(SuiteRunner.java:643)
	at org.testng.SuiteRunner.init(SuiteRunner.java:225)
	at org.testng.SuiteRunner.<init>(SuiteRunner.java:115)
	at org.testng.TestNG.createSuiteRunner(TestNG.java:1349)
	at org.testng.TestNG.createSuiteRunners(TestNG.java:1325)
	at org.testng.TestNG.runSuitesLocally(TestNG.java:1167)
	at org.testng.TestNG.runSuites(TestNG.java:1099)
	at org.testng.TestNG.run(TestNG.java:1067)
	at org.apache.maven.surefire.testng.TestNGExecutor.run(TestNGExecutor.java:324)
	at org.apache.maven.surefire.testng.TestNGXmlTestSuite.execute(TestNGXmlTestSuite.java:74)
	at org.apache.maven.surefire.testng.TestNGProvider.invoke(TestNGProvider.java:123)
	at org.apache.maven.surefire.booter.ForkedBooter.runSuitesInProcess(ForkedBooter.java:456)
	at org.apache.maven.surefire.booter.ForkedBooter.execute(ForkedBooter.java:169)
	at org.apache.maven.surefire.booter.ForkedBooter.run(ForkedBooter.java:595)
	at org.apache.maven.surefire.booter.ForkedBooter.main(ForkedBooter.java:581)

2023-02-13 11:57:15,210 main ERROR Unable to invoke factory method in class org.apache.logging.log4j.core.appender.RollingFileAppender for element RollingFile: java.lang.IllegalStateException: No factory method found for class org.apache.logging.log4j.core.appender.RollingFileAppender java.lang.IllegalStateException: No factory method found for class org.apache.logging.log4j.core.appender.RollingFileAppender
	at org.apache.logging.log4j.core.config.plugins.util.PluginBuilder.findFactoryMethod(PluginBuilder.java:260)
	at org.apache.logging.log4j.core.config.plugins.util.PluginBuilder.build(PluginBuilder.java:136)
	at org.apache.logging.log4j.core.config.AbstractConfiguration.createPluginObject(AbstractConfiguration.java:1138)
	at org.apache.logging.log4j.core.config.AbstractConfiguration.createConfiguration(AbstractConfiguration.java:1063)
	at org.apache.logging.log4j.core.appender.routing.RoutingAppender.createAppender(RoutingAppender.java:310)
	at org.apache.logging.log4j.core.appender.routing.RoutingAppender.getControl(RoutingAppender.java:282)
	at org.apache.logging.log4j.core.appender.routing.RoutingAppender.append(RoutingAppender.java:240)
	at org.apache.logging.log4j.core.config.AppenderControl.tryCallAppender(AppenderControl.java:161)
	at org.apache.logging.log4j.core.config.AppenderControl.callAppender0(AppenderControl.java:134)
	at org.apache.logging.log4j.core.config.AppenderControl.callAppenderPreventRecursion(AppenderControl.java:125)
	at org.apache.logging.log4j.core.config.AppenderControl.callAppender(AppenderControl.java:89)
	at org.apache.logging.log4j.core.config.LoggerConfig.callAppenders(LoggerConfig.java:683)
	at org.apache.logging.log4j.core.config.LoggerConfig.processLogEvent(LoggerConfig.java:641)
	at org.apache.logging.log4j.core.config.LoggerConfig.log(LoggerConfig.java:624)
	at org.apache.logging.log4j.core.config.LoggerConfig.log(LoggerConfig.java:560)
	at org.apache.logging.log4j.core.config.AwaitCompletionReliabilityStrategy.log(AwaitCompletionReliabilityStrategy.java:82)
	at org.apache.logging.log4j.core.Logger.log(Logger.java:162)
	at org.apache.logging.log4j.spi.AbstractLogger.logMessage(AbstractLogger.java:2106)
	at org.apache.logging.log4j.internal.DefaultLogBuilder.logMessage(DefaultLogBuilder.java:241)
	at org.apache.logging.log4j.internal.DefaultLogBuilder.log(DefaultLogBuilder.java:162)
	at org.apache.poi.openxml4j.opc.PackageRelationshipCollection.parseRelationshipsPart(PackageRelationshipCollection.java:309)
	at org.apache.poi.openxml4j.opc.PackageRelationshipCollection.<init>(PackageRelationshipCollection.java:160)
	at org.apache.poi.openxml4j.opc.PackageRelationshipCollection.<init>(PackageRelationshipCollection.java:130)
	at org.apache.poi.openxml4j.opc.PackagePart.loadRelationships(PackagePart.java:565)
	at org.apache.poi.openxml4j.opc.OPCPackage.getParts(OPCPackage.java:751)
	at org.apache.poi.openxml4j.opc.OPCPackage.open(OPCPackage.java:322)
	at org.apache.poi.ooxml.util.PackageHelper.open(PackageHelper.java:59)
	at org.apache.poi.xssf.usermodel.XSSFWorkbook.<init>(XSSFWorkbook.java:290)
	at org.apache.poi.xssf.usermodel.XSSFWorkbook.<init>(XSSFWorkbook.java:286)
	at externalResources.ExcelDataRead.<init>(ExcelDataRead.java:22)
	at listeners.AnnotationsTransformer.toBeExecuted(AnnotationsTransformer.java:36)
	at listeners.AnnotationsTransformer.transform(AnnotationsTransformer.java:24)
	at org.testng.internal.annotations.JDK15AnnotationFinder.transform(JDK15AnnotationFinder.java:172)
	at org.testng.internal.annotations.JDK15AnnotationFinder.lambda$findAnnotation$0(JDK15AnnotationFinder.java:279)
	at java.base/java.util.concurrent.ConcurrentHashMap.computeIfAbsent(ConcurrentHashMap.java:1705)
	at org.testng.internal.annotations.JDK15AnnotationFinder.findAnnotation(JDK15AnnotationFinder.java:275)
	at org.testng.internal.annotations.JDK15AnnotationFinder.findAnnotation(JDK15AnnotationFinder.java:113)
	at org.testng.internal.TestNGClassFinder.isTestNGClass(TestNGClassFinder.java:275)
	at org.testng.internal.TestNGClassFinder.isNotTestNGClass(TestNGClassFinder.java:260)
	at org.testng.internal.TestNGClassFinder.processClass(TestNGClassFinder.java:94)
	at org.testng.internal.TestNGClassFinder.<init>(TestNGClassFinder.java:67)
	at org.testng.TestRunner.initMethods(TestRunner.java:442)
	at org.testng.TestRunner.init(TestRunner.java:336)
	at org.testng.TestRunner.init(TestRunner.java:289)
	at org.testng.TestRunner.<init>(TestRunner.java:179)
	at org.testng.SuiteRunner$DefaultTestRunnerFactory.newTestRunner(SuiteRunner.java:643)
	at org.testng.SuiteRunner.init(SuiteRunner.java:225)
	at org.testng.SuiteRunner.<init>(SuiteRunner.java:115)
	at org.testng.TestNG.createSuiteRunner(TestNG.java:1349)
	at org.testng.TestNG.createSuiteRunners(TestNG.java:1325)
	at org.testng.TestNG.runSuitesLocally(TestNG.java:1167)
	at org.testng.TestNG.runSuites(TestNG.java:1099)
	at org.testng.TestNG.run(TestNG.java:1067)
	at org.apache.maven.surefire.testng.TestNGExecutor.run(TestNGExecutor.java:324)
	at org.apache.maven.surefire.testng.TestNGXmlTestSuite.execute(TestNGXmlTestSuite.java:74)
	at org.apache.maven.surefire.testng.TestNGProvider.invoke(TestNGProvider.java:123)
	at org.apache.maven.surefire.booter.ForkedBooter.runSuitesInProcess(ForkedBooter.java:456)
	at org.apache.maven.surefire.booter.ForkedBooter.execute(ForkedBooter.java:169)
	at org.apache.maven.surefire.booter.ForkedBooter.run(ForkedBooter.java:595)
	at org.apache.maven.surefire.booter.ForkedBooter.main(ForkedBooter.java:581)

2023-02-13 11:57:15,212 main ERROR Unable to create Appender of type RollingFile
2023-02-13 11:57:15,218 main ERROR Unable to create file ./results/logs/${ctx:threadName}.log java.io.IOException: The filename, directory name, or volume label syntax is incorrect
	at java.base/java.io.WinNTFileSystem.canonicalize0(Native Method)
	at java.base/java.io.WinNTFileSystem.canonicalize(WinNTFileSystem.java:483)
	at java.base/java.io.File.getCanonicalPath(File.java:626)
	at java.base/java.io.File.getCanonicalFile(File.java:651)
	at org.apache.logging.log4j.core.util.FileUtils.makeParentDirs(FileUtils.java:139)
	at org.apache.logging.log4j.core.appender.rolling.RollingFileManager$RollingFileManagerFactory.createManager(RollingFileManager.java:734)
	at org.apache.logging.log4j.core.appender.rolling.RollingFileManager$RollingFileManagerFactory.createManager(RollingFileManager.java:718)
	at org.apache.logging.log4j.core.appender.AbstractManager.getManager(AbstractManager.java:144)
	at org.apache.logging.log4j.core.appender.OutputStreamManager.getManager(OutputStreamManager.java:100)
	at org.apache.logging.log4j.core.appender.rolling.RollingFileManager.getFileManager(RollingFileManager.java:217)
	at org.apache.logging.log4j.core.appender.RollingFileAppender$Builder.build(RollingFileAppender.java:135)
	at org.apache.logging.log4j.core.appender.RollingFileAppender$Builder.build(RollingFileAppender.java:62)
	at org.apache.logging.log4j.core.config.plugins.util.PluginBuilder.build(PluginBuilder.java:124)
	at org.apache.logging.log4j.core.config.AbstractConfiguration.createPluginObject(AbstractConfiguration.java:1138)
	at org.apache.logging.log4j.core.config.AbstractConfiguration.createConfiguration(AbstractConfiguration.java:1063)
	at org.apache.logging.log4j.core.appender.routing.RoutingAppender.createAppender(RoutingAppender.java:310)
	at org.apache.logging.log4j.core.appender.routing.RoutingAppender.getControl(RoutingAppender.java:282)
	at org.apache.logging.log4j.core.appender.routing.RoutingAppender.append(RoutingAppender.java:240)
	at org.apache.logging.log4j.core.config.AppenderControl.tryCallAppender(AppenderControl.java:161)
	at org.apache.logging.log4j.core.config.AppenderControl.callAppender0(AppenderControl.java:134)
	at org.apache.logging.log4j.core.config.AppenderControl.callAppenderPreventRecursion(AppenderControl.java:125)
	at org.apache.logging.log4j.core.config.AppenderControl.callAppender(AppenderControl.java:89)
	at org.apache.logging.log4j.core.config.LoggerConfig.callAppenders(LoggerConfig.java:683)
	at org.apache.logging.log4j.core.config.LoggerConfig.processLogEvent(LoggerConfig.java:641)
	at org.apache.logging.log4j.core.config.LoggerConfig.log(LoggerConfig.java:624)
	at org.apache.logging.log4j.core.config.LoggerConfig.log(LoggerConfig.java:560)
	at org.apache.logging.log4j.core.config.AwaitCompletionReliabilityStrategy.log(AwaitCompletionReliabilityStrategy.java:82)
	at org.apache.logging.log4j.core.Logger.log(Logger.java:162)
	at org.apache.logging.log4j.spi.AbstractLogger.logMessage(AbstractLogger.java:2106)
	at org.apache.logging.log4j.internal.DefaultLogBuilder.logMessage(DefaultLogBuilder.java:241)
	at org.apache.logging.log4j.internal.DefaultLogBuilder.log(DefaultLogBuilder.java:162)
	at org.apache.poi.openxml4j.opc.PackageRelationshipCollection.parseRelationshipsPart(PackageRelationshipCollection.java:309)
	at org.apache.poi.openxml4j.opc.PackageRelationshipCollection.<init>(PackageRelationshipCollection.java:160)
	at org.apache.poi.openxml4j.opc.PackageRelationshipCollection.<init>(PackageRelationshipCollection.java:130)
	at org.apache.poi.openxml4j.opc.PackagePart.loadRelationships(PackagePart.java:565)
	at org.apache.poi.openxml4j.opc.OPCPackage.getParts(OPCPackage.java:751)
	at org.apache.poi.openxml4j.opc.OPCPackage.open(OPCPackage.java:322)
	at org.apache.poi.ooxml.util.PackageHelper.open(PackageHelper.java:59)
	at org.apache.poi.xssf.usermodel.XSSFWorkbook.<init>(XSSFWorkbook.java:290)
	at org.apache.poi.xssf.usermodel.XSSFWorkbook.<init>(XSSFWorkbook.java:286)
	at externalResources.ExcelDataRead.<init>(ExcelDataRead.java:22)
	at listeners.AnnotationsTransformer.toBeExecuted(AnnotationsTransformer.java:36)
	at listeners.AnnotationsTransformer.transform(AnnotationsTransformer.java:24)
	at org.testng.internal.annotations.JDK15AnnotationFinder.transform(JDK15AnnotationFinder.java:172)
	at org.testng.internal.annotations.JDK15AnnotationFinder.lambda$findAnnotation$0(JDK15AnnotationFinder.java:279)
	at java.base/java.util.concurrent.ConcurrentHashMap.computeIfAbsent(ConcurrentHashMap.java:1705)
	at org.testng.internal.annotations.JDK15AnnotationFinder.findAnnotation(JDK15AnnotationFinder.java:275)
	at org.testng.internal.annotations.JDK15AnnotationFinder.findAnnotation(JDK15AnnotationFinder.java:113)
	at org.testng.internal.TestNGClassFinder.isTestNGClass(TestNGClassFinder.java:275)
	at org.testng.internal.TestNGClassFinder.isNotTestNGClass(TestNGClassFinder.java:260)
	at org.testng.internal.TestNGClassFinder.processClass(TestNGClassFinder.java:94)
	at org.testng.internal.TestNGClassFinder.<init>(TestNGClassFinder.java:67)
	at org.testng.TestRunner.initMethods(TestRunner.java:442)
	at org.testng.TestRunner.init(TestRunner.java:336)
	at org.testng.TestRunner.init(TestRunner.java:289)
	at org.testng.TestRunner.<init>(TestRunner.java:179)
	at org.testng.SuiteRunner$DefaultTestRunnerFactory.newTestRunner(SuiteRunner.java:643)
	at org.testng.SuiteRunner.init(SuiteRunner.java:225)
	at org.testng.SuiteRunner.<init>(SuiteRunner.java:115)
	at org.testng.TestNG.createSuiteRunner(TestNG.java:1349)
	at org.testng.TestNG.createSuiteRunners(TestNG.java:1325)
	at org.testng.TestNG.runSuitesLocally(TestNG.java:1167)
	at org.testng.TestNG.runSuites(TestNG.java:1099)
	at org.testng.TestNG.run(TestNG.java:1067)
	at org.apache.maven.surefire.testng.TestNGExecutor.run(TestNGExecutor.java:324)
	at org.apache.maven.surefire.testng.TestNGXmlTestSuite.execute(TestNGXmlTestSuite.java:74)
	at org.apache.maven.surefire.testng.TestNGProvider.invoke(TestNGProvider.java:123)
	at org.apache.maven.surefire.booter.ForkedBooter.runSuitesInProcess(ForkedBooter.java:456)
	at org.apache.maven.surefire.booter.ForkedBooter.execute(ForkedBooter.java:169)
	at org.apache.maven.surefire.booter.ForkedBooter.run(ForkedBooter.java:595)
	at org.apache.maven.surefire.booter.ForkedBooter.main(ForkedBooter.java:581)

2023-02-13 11:57:15,220 main ERROR Could not create plugin of type class org.apache.logging.log4j.core.appender.RollingFileAppender for element RollingFile: java.lang.IllegalStateException: ManagerFactory [org.apache.logging.log4j.core.appender.rolling.RollingFileManager$RollingFileManagerFactory@4e6d7365] unable to create manager for [./results/logs/${ctx:threadName}.log] with data [org.apache.logging.log4j.core.appender.rolling.RollingFileManager$FactoryData@d2387c8[pattern=./results/logs/${ctx:threadName}-%d{yyyy-MM-dd}.log, append=true, bufferedIO=true, bufferSize=8192, policy=SizeBasedTriggeringPolicy(size=512000), strategy=DefaultRolloverStrategy(min=1, max=7, useMax=true), advertiseURI=null, layout=%d{HH:mm:ss.SSS} [%t] %-5level %logger{36} - %msg%n, filePermissions=null, fileOwner=null]] java.lang.IllegalStateException: ManagerFactory [org.apache.logging.log4j.core.appender.rolling.RollingFileManager$RollingFileManagerFactory@4e6d7365] unable to create manager for [./results/logs/${ctx:threadName}.log] with data [org.apache.logging.log4j.core.appender.rolling.RollingFileManager$FactoryData@d2387c8[pattern=./results/logs/${ctx:threadName}-%d{yyyy-MM-dd}.log, append=true, bufferedIO=true, bufferSize=8192, policy=SizeBasedTriggeringPolicy(size=512000), strategy=DefaultRolloverStrategy(min=1, max=7, useMax=true), advertiseURI=null, layout=%d{HH:mm:ss.SSS} [%t] %-5level %logger{36} - %msg%n, filePermissions=null, fileOwner=null]]
	at org.apache.logging.log4j.core.appender.AbstractManager.getManager(AbstractManager.java:146)
	at org.apache.logging.log4j.core.appender.OutputStreamManager.getManager(OutputStreamManager.java:100)
	at org.apache.logging.log4j.core.appender.rolling.RollingFileManager.getFileManager(RollingFileManager.java:217)
	at org.apache.logging.log4j.core.appender.RollingFileAppender$Builder.build(RollingFileAppender.java:135)
	at org.apache.logging.log4j.core.appender.RollingFileAppender$Builder.build(RollingFileAppender.java:62)
	at org.apache.logging.log4j.core.config.plugins.util.PluginBuilder.build(PluginBuilder.java:124)
	at org.apache.logging.log4j.core.config.AbstractConfiguration.createPluginObject(AbstractConfiguration.java:1138)
	at org.apache.logging.log4j.core.config.AbstractConfiguration.createConfiguration(AbstractConfiguration.java:1063)
	at org.apache.logging.log4j.core.appender.routing.RoutingAppender.createAppender(RoutingAppender.java:310)
	at org.apache.logging.log4j.core.appender.routing.RoutingAppender.getControl(RoutingAppender.java:282)
	at org.apache.logging.log4j.core.appender.routing.RoutingAppender.append(RoutingAppender.java:240)
	at org.apache.logging.log4j.core.config.AppenderControl.tryCallAppender(AppenderControl.java:161)
	at org.apache.logging.log4j.core.config.AppenderControl.callAppender0(AppenderControl.java:134)
	at org.apache.logging.log4j.core.config.AppenderControl.callAppenderPreventRecursion(AppenderControl.java:125)
	at org.apache.logging.log4j.core.config.AppenderControl.callAppender(AppenderControl.java:89)
	at org.apache.logging.log4j.core.config.LoggerConfig.callAppenders(LoggerConfig.java:683)
	at org.apache.logging.log4j.core.config.LoggerConfig.processLogEvent(LoggerConfig.java:641)
	at org.apache.logging.log4j.core.config.LoggerConfig.log(LoggerConfig.java:624)
	at org.apache.logging.log4j.core.config.LoggerConfig.log(LoggerConfig.java:560)
	at org.apache.logging.log4j.core.config.AwaitCompletionReliabilityStrategy.log(AwaitCompletionReliabilityStrategy.java:82)
	at org.apache.logging.log4j.core.Logger.log(Logger.java:162)
	at org.apache.logging.log4j.spi.AbstractLogger.logMessage(AbstractLogger.java:2106)
	at org.apache.logging.log4j.internal.DefaultLogBuilder.logMessage(DefaultLogBuilder.java:241)
	at org.apache.logging.log4j.internal.DefaultLogBuilder.log(DefaultLogBuilder.java:162)
	at org.apache.poi.openxml4j.opc.PackageRelationshipCollection.parseRelationshipsPart(PackageRelationshipCollection.java:309)
	at org.apache.poi.openxml4j.opc.PackageRelationshipCollection.<init>(PackageRelationshipCollection.java:160)
	at org.apache.poi.openxml4j.opc.PackageRelationshipCollection.<init>(PackageRelationshipCollection.java:130)
	at org.apache.poi.openxml4j.opc.PackagePart.loadRelationships(PackagePart.java:565)
	at org.apache.poi.openxml4j.opc.OPCPackage.getParts(OPCPackage.java:751)
	at org.apache.poi.openxml4j.opc.OPCPackage.open(OPCPackage.java:322)
	at org.apache.poi.ooxml.util.PackageHelper.open(PackageHelper.java:59)
	at org.apache.poi.xssf.usermodel.XSSFWorkbook.<init>(XSSFWorkbook.java:290)
	at org.apache.poi.xssf.usermodel.XSSFWorkbook.<init>(XSSFWorkbook.java:286)
	at externalResources.ExcelDataRead.<init>(ExcelDataRead.java:22)
	at listeners.AnnotationsTransformer.toBeExecuted(AnnotationsTransformer.java:36)
	at listeners.AnnotationsTransformer.transform(AnnotationsTransformer.java:24)
	at org.testng.internal.annotations.JDK15AnnotationFinder.transform(JDK15AnnotationFinder.java:172)
	at org.testng.internal.annotations.JDK15AnnotationFinder.lambda$findAnnotation$0(JDK15AnnotationFinder.java:279)
	at java.base/java.util.concurrent.ConcurrentHashMap.computeIfAbsent(ConcurrentHashMap.java:1705)
	at org.testng.internal.annotations.JDK15AnnotationFinder.findAnnotation(JDK15AnnotationFinder.java:275)
	at org.testng.internal.annotations.JDK15AnnotationFinder.findAnnotation(JDK15AnnotationFinder.java:113)
	at org.testng.internal.TestNGClassFinder.isTestNGClass(TestNGClassFinder.java:275)
	at org.testng.internal.TestNGClassFinder.isNotTestNGClass(TestNGClassFinder.java:260)
	at org.testng.internal.TestNGClassFinder.processClass(TestNGClassFinder.java:94)
	at org.testng.internal.TestNGClassFinder.<init>(TestNGClassFinder.java:67)
	at org.testng.TestRunner.initMethods(TestRunner.java:442)
	at org.testng.TestRunner.init(TestRunner.java:336)
	at org.testng.TestRunner.init(TestRunner.java:289)
	at org.testng.TestRunner.<init>(TestRunner.java:179)
	at org.testng.SuiteRunner$DefaultTestRunnerFactory.newTestRunner(SuiteRunner.java:643)
	at org.testng.SuiteRunner.init(SuiteRunner.java:225)
	at org.testng.SuiteRunner.<init>(SuiteRunner.java:115)
	at org.testng.TestNG.createSuiteRunner(TestNG.java:1349)
	at org.testng.TestNG.createSuiteRunners(TestNG.java:1325)
	at org.testng.TestNG.runSuitesLocally(TestNG.java:1167)
	at org.testng.TestNG.runSuites(TestNG.java:1099)
	at org.testng.TestNG.run(TestNG.java:1067)
	at org.apache.maven.surefire.testng.TestNGExecutor.run(TestNGExecutor.java:324)
	at org.apache.maven.surefire.testng.TestNGXmlTestSuite.execute(TestNGXmlTestSuite.java:74)
	at org.apache.maven.surefire.testng.TestNGProvider.invoke(TestNGProvider.java:123)
	at org.apache.maven.surefire.booter.ForkedBooter.runSuitesInProcess(ForkedBooter.java:456)
	at org.apache.maven.surefire.booter.ForkedBooter.execute(ForkedBooter.java:169)
	at org.apache.maven.surefire.booter.ForkedBooter.run(ForkedBooter.java:595)
	at org.apache.maven.surefire.booter.ForkedBooter.main(ForkedBooter.java:581)

2023-02-13 11:57:15,222 main ERROR Unable to invoke factory method in class org.apache.logging.log4j.core.appender.RollingFileAppender for element RollingFile: java.lang.IllegalStateException: No factory method found for class org.apache.logging.log4j.core.appender.RollingFileAppender java.lang.IllegalStateException: No factory method found for class org.apache.logging.log4j.core.appender.RollingFileAppender
	at org.apache.logging.log4j.core.config.plugins.util.PluginBuilder.findFactoryMethod(PluginBuilder.java:260)
	at org.apache.logging.log4j.core.config.plugins.util.PluginBuilder.build(PluginBuilder.java:136)
	at org.apache.logging.log4j.core.config.AbstractConfiguration.createPluginObject(AbstractConfiguration.java:1138)
	at org.apache.logging.log4j.core.config.AbstractConfiguration.createConfiguration(AbstractConfiguration.java:1063)
	at org.apache.logging.log4j.core.appender.routing.RoutingAppender.createAppender(RoutingAppender.java:310)
	at org.apache.logging.log4j.core.appender.routing.RoutingAppender.getControl(RoutingAppender.java:282)
	at org.apache.logging.log4j.core.appender.routing.RoutingAppender.append(RoutingAppender.java:240)
	at org.apache.logging.log4j.core.config.AppenderControl.tryCallAppender(AppenderControl.java:161)
	at org.apache.logging.log4j.core.config.AppenderControl.callAppender0(AppenderControl.java:134)
	at org.apache.logging.log4j.core.config.AppenderControl.callAppenderPreventRecursion(AppenderControl.java:125)
	at org.apache.logging.log4j.core.config.AppenderControl.callAppender(AppenderControl.java:89)
	at org.apache.logging.log4j.core.config.LoggerConfig.callAppenders(LoggerConfig.java:683)
	at org.apache.logging.log4j.core.config.LoggerConfig.processLogEvent(LoggerConfig.java:641)
	at org.apache.logging.log4j.core.config.LoggerConfig.log(LoggerConfig.java:624)
	at org.apache.logging.log4j.core.config.LoggerConfig.log(LoggerConfig.java:560)
	at org.apache.logging.log4j.core.config.AwaitCompletionReliabilityStrategy.log(AwaitCompletionReliabilityStrategy.java:82)
	at org.apache.logging.log4j.core.Logger.log(Logger.java:162)
	at org.apache.logging.log4j.spi.AbstractLogger.logMessage(AbstractLogger.java:2106)
	at org.apache.logging.log4j.internal.DefaultLogBuilder.logMessage(DefaultLogBuilder.java:241)
	at org.apache.logging.log4j.internal.DefaultLogBuilder.log(DefaultLogBuilder.java:162)
	at org.apache.poi.openxml4j.opc.PackageRelationshipCollection.parseRelationshipsPart(PackageRelationshipCollection.java:309)
	at org.apache.poi.openxml4j.opc.PackageRelationshipCollection.<init>(PackageRelationshipCollection.java:160)
	at org.apache.poi.openxml4j.opc.PackageRelationshipCollection.<init>(PackageRelationshipCollection.java:130)
	at org.apache.poi.openxml4j.opc.PackagePart.loadRelationships(PackagePart.java:565)
	at org.apache.poi.openxml4j.opc.OPCPackage.getParts(OPCPackage.java:751)
	at org.apache.poi.openxml4j.opc.OPCPackage.open(OPCPackage.java:322)
	at org.apache.poi.ooxml.util.PackageHelper.open(PackageHelper.java:59)
	at org.apache.poi.xssf.usermodel.XSSFWorkbook.<init>(XSSFWorkbook.java:290)
	at org.apache.poi.xssf.usermodel.XSSFWorkbook.<init>(XSSFWorkbook.java:286)
	at externalResources.ExcelDataRead.<init>(ExcelDataRead.java:22)
	at listeners.AnnotationsTransformer.toBeExecuted(AnnotationsTransformer.java:36)
	at listeners.AnnotationsTransformer.transform(AnnotationsTransformer.java:24)
	at org.testng.internal.annotations.JDK15AnnotationFinder.transform(JDK15AnnotationFinder.java:172)
	at org.testng.internal.annotations.JDK15AnnotationFinder.lambda$findAnnotation$0(JDK15AnnotationFinder.java:279)
	at java.base/java.util.concurrent.ConcurrentHashMap.computeIfAbsent(ConcurrentHashMap.java:1705)
	at org.testng.internal.annotations.JDK15AnnotationFinder.findAnnotation(JDK15AnnotationFinder.java:275)
	at org.testng.internal.annotations.JDK15AnnotationFinder.findAnnotation(JDK15AnnotationFinder.java:113)
	at org.testng.internal.TestNGClassFinder.isTestNGClass(TestNGClassFinder.java:275)
	at org.testng.internal.TestNGClassFinder.isNotTestNGClass(TestNGClassFinder.java:260)
	at org.testng.internal.TestNGClassFinder.processClass(TestNGClassFinder.java:94)
	at org.testng.internal.TestNGClassFinder.<init>(TestNGClassFinder.java:67)
	at org.testng.TestRunner.initMethods(TestRunner.java:442)
	at org.testng.TestRunner.init(TestRunner.java:336)
	at org.testng.TestRunner.init(TestRunner.java:289)
	at org.testng.TestRunner.<init>(TestRunner.java:179)
	at org.testng.SuiteRunner$DefaultTestRunnerFactory.newTestRunner(SuiteRunner.java:643)
	at org.testng.SuiteRunner.init(SuiteRunner.java:225)
	at org.testng.SuiteRunner.<init>(SuiteRunner.java:115)
	at org.testng.TestNG.createSuiteRunner(TestNG.java:1349)
	at org.testng.TestNG.createSuiteRunners(TestNG.java:1325)
	at org.testng.TestNG.runSuitesLocally(TestNG.java:1167)
	at org.testng.TestNG.runSuites(TestNG.java:1099)
	at org.testng.TestNG.run(TestNG.java:1067)
	at org.apache.maven.surefire.testng.TestNGExecutor.run(TestNGExecutor.java:324)
	at org.apache.maven.surefire.testng.TestNGXmlTestSuite.execute(TestNGXmlTestSuite.java:74)
	at org.apache.maven.surefire.testng.TestNGProvider.invoke(TestNGProvider.java:123)
	at org.apache.maven.surefire.booter.ForkedBooter.runSuitesInProcess(ForkedBooter.java:456)
	at org.apache.maven.surefire.booter.ForkedBooter.execute(ForkedBooter.java:169)
	at org.apache.maven.surefire.booter.ForkedBooter.run(ForkedBooter.java:595)
	at org.apache.maven.surefire.booter.ForkedBooter.main(ForkedBooter.java:581)

2023-02-13 11:57:15,223 main ERROR Unable to create Appender of type RollingFile
2023-02-13 11:57:15,228 main ERROR Unable to create file ./results/logs/${ctx:threadName}.log java.io.IOException: The filename, directory name, or volume label syntax is incorrect
	at java.base/java.io.WinNTFileSystem.canonicalize0(Native Method)
	at java.base/java.io.WinNTFileSystem.canonicalize(WinNTFileSystem.java:483)
	at java.base/java.io.File.getCanonicalPath(File.java:626)
	at java.base/java.io.File.getCanonicalFile(File.java:651)
	at org.apache.logging.log4j.core.util.FileUtils.makeParentDirs(FileUtils.java:139)
	at org.apache.logging.log4j.core.appender.rolling.RollingFileManager$RollingFileManagerFactory.createManager(RollingFileManager.java:734)
	at org.apache.logging.log4j.core.appender.rolling.RollingFileManager$RollingFileManagerFactory.createManager(RollingFileManager.java:718)
	at org.apache.logging.log4j.core.appender.AbstractManager.getManager(AbstractManager.java:144)
	at org.apache.logging.log4j.core.appender.OutputStreamManager.getManager(OutputStreamManager.java:100)
	at org.apache.logging.log4j.core.appender.rolling.RollingFileManager.getFileManager(RollingFileManager.java:217)
	at org.apache.logging.log4j.core.appender.RollingFileAppender$Builder.build(RollingFileAppender.java:135)
	at org.apache.logging.log4j.core.appender.RollingFileAppender$Builder.build(RollingFileAppender.java:62)
	at org.apache.logging.log4j.core.config.plugins.util.PluginBuilder.build(PluginBuilder.java:124)
	at org.apache.logging.log4j.core.config.AbstractConfiguration.createPluginObject(AbstractConfiguration.java:1138)
	at org.apache.logging.log4j.core.config.AbstractConfiguration.createConfiguration(AbstractConfiguration.java:1063)
	at org.apache.logging.log4j.core.appender.routing.RoutingAppender.createAppender(RoutingAppender.java:310)
	at org.apache.logging.log4j.core.appender.routing.RoutingAppender.getControl(RoutingAppender.java:282)
	at org.apache.logging.log4j.core.appender.routing.RoutingAppender.append(RoutingAppender.java:240)
	at org.apache.logging.log4j.core.config.AppenderControl.tryCallAppender(AppenderControl.java:161)
	at org.apache.logging.log4j.core.config.AppenderControl.callAppender0(AppenderControl.java:134)
	at org.apache.logging.log4j.core.config.AppenderControl.callAppenderPreventRecursion(AppenderControl.java:125)
	at org.apache.logging.log4j.core.config.AppenderControl.callAppender(AppenderControl.java:89)
	at org.apache.logging.log4j.core.config.LoggerConfig.callAppenders(LoggerConfig.java:683)
	at org.apache.logging.log4j.core.config.LoggerConfig.processLogEvent(LoggerConfig.java:641)
	at org.apache.logging.log4j.core.config.LoggerConfig.log(LoggerConfig.java:624)
	at org.apache.logging.log4j.core.config.LoggerConfig.log(LoggerConfig.java:560)
	at org.apache.logging.log4j.core.config.AwaitCompletionReliabilityStrategy.log(AwaitCompletionReliabilityStrategy.java:82)
	at org.apache.logging.log4j.core.Logger.log(Logger.java:162)
	at org.apache.logging.log4j.spi.AbstractLogger.logMessage(AbstractLogger.java:2106)
	at org.apache.logging.log4j.internal.DefaultLogBuilder.logMessage(DefaultLogBuilder.java:241)
	at org.apache.logging.log4j.internal.DefaultLogBuilder.log(DefaultLogBuilder.java:162)
	at org.apache.poi.openxml4j.opc.PackageRelationshipCollection.parseRelationshipsPart(PackageRelationshipCollection.java:309)
	at org.apache.poi.openxml4j.opc.PackageRelationshipCollection.<init>(PackageRelationshipCollection.java:160)
	at org.apache.poi.openxml4j.opc.PackageRelationshipCollection.<init>(PackageRelationshipCollection.java:130)
	at org.apache.poi.openxml4j.opc.PackagePart.loadRelationships(PackagePart.java:565)
	at org.apache.poi.openxml4j.opc.OPCPackage.getParts(OPCPackage.java:751)
	at org.apache.poi.openxml4j.opc.OPCPackage.open(OPCPackage.java:322)
	at org.apache.poi.ooxml.util.PackageHelper.open(PackageHelper.java:59)
	at org.apache.poi.xssf.usermodel.XSSFWorkbook.<init>(XSSFWorkbook.java:290)
	at org.apache.poi.xssf.usermodel.XSSFWorkbook.<init>(XSSFWorkbook.java:286)
	at externalResources.ExcelDataRead.<init>(ExcelDataRead.java:22)
	at listeners.AnnotationsTransformer.toBeExecuted(AnnotationsTransformer.java:36)
	at listeners.AnnotationsTransformer.transform(AnnotationsTransformer.java:24)
	at org.testng.internal.annotations.JDK15AnnotationFinder.transform(JDK15AnnotationFinder.java:172)
	at org.testng.internal.annotations.JDK15AnnotationFinder.lambda$findAnnotation$0(JDK15AnnotationFinder.java:279)
	at java.base/java.util.concurrent.ConcurrentHashMap.computeIfAbsent(ConcurrentHashMap.java:1705)
	at org.testng.internal.annotations.JDK15AnnotationFinder.findAnnotation(JDK15AnnotationFinder.java:275)
	at org.testng.internal.annotations.JDK15AnnotationFinder.findAnnotation(JDK15AnnotationFinder.java:113)
	at org.testng.internal.TestNGClassFinder.isTestNGClass(TestNGClassFinder.java:275)
	at org.testng.internal.TestNGClassFinder.isNotTestNGClass(TestNGClassFinder.java:260)
	at org.testng.internal.TestNGClassFinder.processClass(TestNGClassFinder.java:94)
	at org.testng.internal.TestNGClassFinder.<init>(TestNGClassFinder.java:67)
	at org.testng.TestRunner.initMethods(TestRunner.java:442)
	at org.testng.TestRunner.init(TestRunner.java:336)
	at org.testng.TestRunner.init(TestRunner.java:289)
	at org.testng.TestRunner.<init>(TestRunner.java:179)
	at org.testng.SuiteRunner$DefaultTestRunnerFactory.newTestRunner(SuiteRunner.java:643)
	at org.testng.SuiteRunner.init(SuiteRunner.java:225)
	at org.testng.SuiteRunner.<init>(SuiteRunner.java:115)
	at org.testng.TestNG.createSuiteRunner(TestNG.java:1349)
	at org.testng.TestNG.createSuiteRunners(TestNG.java:1325)
	at org.testng.TestNG.runSuitesLocally(TestNG.java:1167)
	at org.testng.TestNG.runSuites(TestNG.java:1099)
	at org.testng.TestNG.run(TestNG.java:1067)
	at org.apache.maven.surefire.testng.TestNGExecutor.run(TestNGExecutor.java:324)
	at org.apache.maven.surefire.testng.TestNGXmlTestSuite.execute(TestNGXmlTestSuite.java:74)
	at org.apache.maven.surefire.testng.TestNGProvider.invoke(TestNGProvider.java:123)
	at org.apache.maven.surefire.booter.ForkedBooter.runSuitesInProcess(ForkedBooter.java:456)
	at org.apache.maven.surefire.booter.ForkedBooter.execute(ForkedBooter.java:169)
	at org.apache.maven.surefire.booter.ForkedBooter.run(ForkedBooter.java:595)
	at org.apache.maven.surefire.booter.ForkedBooter.main(ForkedBooter.java:581)

2023-02-13 11:57:15,230 main ERROR Could not create plugin of type class org.apache.logging.log4j.core.appender.RollingFileAppender for element RollingFile: java.lang.IllegalStateException: ManagerFactory [org.apache.logging.log4j.core.appender.rolling.RollingFileManager$RollingFileManagerFactory@4e6d7365] unable to create manager for [./results/logs/${ctx:threadName}.log] with data [org.apache.logging.log4j.core.appender.rolling.RollingFileManager$FactoryData@edf4f36[pattern=./results/logs/${ctx:threadName}-%d{yyyy-MM-dd}.log, append=true, bufferedIO=true, bufferSize=8192, policy=SizeBasedTriggeringPolicy(size=512000), strategy=DefaultRolloverStrategy(min=1, max=7, useMax=true), advertiseURI=null, layout=%d{HH:mm:ss.SSS} [%t] %-5level %logger{36} - %msg%n, filePermissions=null, fileOwner=null]] java.lang.IllegalStateException: ManagerFactory [org.apache.logging.log4j.core.appender.rolling.RollingFileManager$RollingFileManagerFactory@4e6d7365] unable to create manager for [./results/logs/${ctx:threadName}.log] with data [org.apache.logging.log4j.core.appender.rolling.RollingFileManager$FactoryData@edf4f36[pattern=./results/logs/${ctx:threadName}-%d{yyyy-MM-dd}.log, append=true, bufferedIO=true, bufferSize=8192, policy=SizeBasedTriggeringPolicy(size=512000), strategy=DefaultRolloverStrategy(min=1, max=7, useMax=true), advertiseURI=null, layout=%d{HH:mm:ss.SSS} [%t] %-5level %logger{36} - %msg%n, filePermissions=null, fileOwner=null]]
	at org.apache.logging.log4j.core.appender.AbstractManager.getManager(AbstractManager.java:146)
	at org.apache.logging.log4j.core.appender.OutputStreamManager.getManager(OutputStreamManager.java:100)
	at org.apache.logging.log4j.core.appender.rolling.RollingFileManager.getFileManager(RollingFileManager.java:217)
	at org.apache.logging.log4j.core.appender.RollingFileAppender$Builder.build(RollingFileAppender.java:135)
	at org.apache.logging.log4j.core.appender.RollingFileAppender$Builder.build(RollingFileAppender.java:62)
	at org.apache.logging.log4j.core.config.plugins.util.PluginBuilder.build(PluginBuilder.java:124)
	at org.apache.logging.log4j.core.config.AbstractConfiguration.createPluginObject(AbstractConfiguration.java:1138)
	at org.apache.logging.log4j.core.config.AbstractConfiguration.createConfiguration(AbstractConfiguration.java:1063)
	at org.apache.logging.log4j.core.appender.routing.RoutingAppender.createAppender(RoutingAppender.java:310)
	at org.apache.logging.log4j.core.appender.routing.RoutingAppender.getControl(RoutingAppender.java:282)
	at org.apache.logging.log4j.core.appender.routing.RoutingAppender.append(RoutingAppender.java:240)
	at org.apache.logging.log4j.core.config.AppenderControl.tryCallAppender(AppenderControl.java:161)
	at org.apache.logging.log4j.core.config.AppenderControl.callAppender0(AppenderControl.java:134)
	at org.apache.logging.log4j.core.config.AppenderControl.callAppenderPreventRecursion(AppenderControl.java:125)
	at org.apache.logging.log4j.core.config.AppenderControl.callAppender(AppenderControl.java:89)
	at org.apache.logging.log4j.core.config.LoggerConfig.callAppenders(LoggerConfig.java:683)
	at org.apache.logging.log4j.core.config.LoggerConfig.processLogEvent(LoggerConfig.java:641)
	at org.apache.logging.log4j.core.config.LoggerConfig.log(LoggerConfig.java:624)
	at org.apache.logging.log4j.core.config.LoggerConfig.log(LoggerConfig.java:560)
	at org.apache.logging.log4j.core.config.AwaitCompletionReliabilityStrategy.log(AwaitCompletionReliabilityStrategy.java:82)
	at org.apache.logging.log4j.core.Logger.log(Logger.java:162)
	at org.apache.logging.log4j.spi.AbstractLogger.logMessage(AbstractLogger.java:2106)
	at org.apache.logging.log4j.internal.DefaultLogBuilder.logMessage(DefaultLogBuilder.java:241)
	at org.apache.logging.log4j.internal.DefaultLogBuilder.log(DefaultLogBuilder.java:162)
	at org.apache.poi.openxml4j.opc.PackageRelationshipCollection.parseRelationshipsPart(PackageRelationshipCollection.java:309)
	at org.apache.poi.openxml4j.opc.PackageRelationshipCollection.<init>(PackageRelationshipCollection.java:160)
	at org.apache.poi.openxml4j.opc.PackageRelationshipCollection.<init>(PackageRelationshipCollection.java:130)
	at org.apache.poi.openxml4j.opc.PackagePart.loadRelationships(PackagePart.java:565)
	at org.apache.poi.openxml4j.opc.OPCPackage.getParts(OPCPackage.java:751)
	at org.apache.poi.openxml4j.opc.OPCPackage.open(OPCPackage.java:322)
	at org.apache.poi.ooxml.util.PackageHelper.open(PackageHelper.java:59)
	at org.apache.poi.xssf.usermodel.XSSFWorkbook.<init>(XSSFWorkbook.java:290)
	at org.apache.poi.xssf.usermodel.XSSFWorkbook.<init>(XSSFWorkbook.java:286)
	at externalResources.ExcelDataRead.<init>(ExcelDataRead.java:22)
	at listeners.AnnotationsTransformer.toBeExecuted(AnnotationsTransformer.java:36)
	at listeners.AnnotationsTransformer.transform(AnnotationsTransformer.java:24)
	at org.testng.internal.annotations.JDK15AnnotationFinder.transform(JDK15AnnotationFinder.java:172)
	at org.testng.internal.annotations.JDK15AnnotationFinder.lambda$findAnnotation$0(JDK15AnnotationFinder.java:279)
	at java.base/java.util.concurrent.ConcurrentHashMap.computeIfAbsent(ConcurrentHashMap.java:1705)
	at org.testng.internal.annotations.JDK15AnnotationFinder.findAnnotation(JDK15AnnotationFinder.java:275)
	at org.testng.internal.annotations.JDK15AnnotationFinder.findAnnotation(JDK15AnnotationFinder.java:113)
	at org.testng.internal.TestNGClassFinder.isTestNGClass(TestNGClassFinder.java:275)
	at org.testng.internal.TestNGClassFinder.isNotTestNGClass(TestNGClassFinder.java:260)
	at org.testng.internal.TestNGClassFinder.processClass(TestNGClassFinder.java:94)
	at org.testng.internal.TestNGClassFinder.<init>(TestNGClassFinder.java:67)
	at org.testng.TestRunner.initMethods(TestRunner.java:442)
	at org.testng.TestRunner.init(TestRunner.java:336)
	at org.testng.TestRunner.init(TestRunner.java:289)
	at org.testng.TestRunner.<init>(TestRunner.java:179)
	at org.testng.SuiteRunner$DefaultTestRunnerFactory.newTestRunner(SuiteRunner.java:643)
	at org.testng.SuiteRunner.init(SuiteRunner.java:225)
	at org.testng.SuiteRunner.<init>(SuiteRunner.java:115)
	at org.testng.TestNG.createSuiteRunner(TestNG.java:1349)
	at org.testng.TestNG.createSuiteRunners(TestNG.java:1325)
	at org.testng.TestNG.runSuitesLocally(TestNG.java:1167)
	at org.testng.TestNG.runSuites(TestNG.java:1099)
	at org.testng.TestNG.run(TestNG.java:1067)
	at org.apache.maven.surefire.testng.TestNGExecutor.run(TestNGExecutor.java:324)
	at org.apache.maven.surefire.testng.TestNGXmlTestSuite.execute(TestNGXmlTestSuite.java:74)
	at org.apache.maven.surefire.testng.TestNGProvider.invoke(TestNGProvider.java:123)
	at org.apache.maven.surefire.booter.ForkedBooter.runSuitesInProcess(ForkedBooter.java:456)
	at org.apache.maven.surefire.booter.ForkedBooter.execute(ForkedBooter.java:169)
	at org.apache.maven.surefire.booter.ForkedBooter.run(ForkedBooter.java:595)
	at org.apache.maven.surefire.booter.ForkedBooter.main(ForkedBooter.java:581)

2023-02-13 11:57:15,232 main ERROR Unable to invoke factory method in class org.apache.logging.log4j.core.appender.RollingFileAppender for element RollingFile: java.lang.IllegalStateException: No factory method found for class org.apache.logging.log4j.core.appender.RollingFileAppender java.lang.IllegalStateException: No factory method found for class org.apache.logging.log4j.core.appender.RollingFileAppender
	at org.apache.logging.log4j.core.config.plugins.util.PluginBuilder.findFactoryMethod(PluginBuilder.java:260)
	at org.apache.logging.log4j.core.config.plugins.util.PluginBuilder.build(PluginBuilder.java:136)
	at org.apache.logging.log4j.core.config.AbstractConfiguration.createPluginObject(AbstractConfiguration.java:1138)
	at org.apache.logging.log4j.core.config.AbstractConfiguration.createConfiguration(AbstractConfiguration.java:1063)
	at org.apache.logging.log4j.core.appender.routing.RoutingAppender.createAppender(RoutingAppender.java:310)
	at org.apache.logging.log4j.core.appender.routing.RoutingAppender.getControl(RoutingAppender.java:282)
	at org.apache.logging.log4j.core.appender.routing.RoutingAppender.append(RoutingAppender.java:240)
	at org.apache.logging.log4j.core.config.AppenderControl.tryCallAppender(AppenderControl.java:161)
	at org.apache.logging.log4j.core.config.AppenderControl.callAppender0(AppenderControl.java:134)
	at org.apache.logging.log4j.core.config.AppenderControl.callAppenderPreventRecursion(AppenderControl.java:125)
	at org.apache.logging.log4j.core.config.AppenderControl.callAppender(AppenderControl.java:89)
	at org.apache.logging.log4j.core.config.LoggerConfig.callAppenders(LoggerConfig.java:683)
	at org.apache.logging.log4j.core.config.LoggerConfig.processLogEvent(LoggerConfig.java:641)
	at org.apache.logging.log4j.core.config.LoggerConfig.log(LoggerConfig.java:624)
	at org.apache.logging.log4j.core.config.LoggerConfig.log(LoggerConfig.java:560)
	at org.apache.logging.log4j.core.config.AwaitCompletionReliabilityStrategy.log(AwaitCompletionReliabilityStrategy.java:82)
	at org.apache.logging.log4j.core.Logger.log(Logger.java:162)
	at org.apache.logging.log4j.spi.AbstractLogger.logMessage(AbstractLogger.java:2106)
	at org.apache.logging.log4j.internal.DefaultLogBuilder.logMessage(DefaultLogBuilder.java:241)
	at org.apache.logging.log4j.internal.DefaultLogBuilder.log(DefaultLogBuilder.java:162)
	at org.apache.poi.openxml4j.opc.PackageRelationshipCollection.parseRelationshipsPart(PackageRelationshipCollection.java:309)
	at org.apache.poi.openxml4j.opc.PackageRelationshipCollection.<init>(PackageRelationshipCollection.java:160)
	at org.apache.poi.openxml4j.opc.PackageRelationshipCollection.<init>(PackageRelationshipCollection.java:130)
	at org.apache.poi.openxml4j.opc.PackagePart.loadRelationships(PackagePart.java:565)
	at org.apache.poi.openxml4j.opc.OPCPackage.getParts(OPCPackage.java:751)
	at org.apache.poi.openxml4j.opc.OPCPackage.open(OPCPackage.java:322)
	at org.apache.poi.ooxml.util.PackageHelper.open(PackageHelper.java:59)
	at org.apache.poi.xssf.usermodel.XSSFWorkbook.<init>(XSSFWorkbook.java:290)
	at org.apache.poi.xssf.usermodel.XSSFWorkbook.<init>(XSSFWorkbook.java:286)
	at externalResources.ExcelDataRead.<init>(ExcelDataRead.java:22)
	at listeners.AnnotationsTransformer.toBeExecuted(AnnotationsTransformer.java:36)
	at listeners.AnnotationsTransformer.transform(AnnotationsTransformer.java:24)
	at org.testng.internal.annotations.JDK15AnnotationFinder.transform(JDK15AnnotationFinder.java:172)
	at org.testng.internal.annotations.JDK15AnnotationFinder.lambda$findAnnotation$0(JDK15AnnotationFinder.java:279)
	at java.base/java.util.concurrent.ConcurrentHashMap.computeIfAbsent(ConcurrentHashMap.java:1705)
	at org.testng.internal.annotations.JDK15AnnotationFinder.findAnnotation(JDK15AnnotationFinder.java:275)
	at org.testng.internal.annotations.JDK15AnnotationFinder.findAnnotation(JDK15AnnotationFinder.java:113)
	at org.testng.internal.TestNGClassFinder.isTestNGClass(TestNGClassFinder.java:275)
	at org.testng.internal.TestNGClassFinder.isNotTestNGClass(TestNGClassFinder.java:260)
	at org.testng.internal.TestNGClassFinder.processClass(TestNGClassFinder.java:94)
	at org.testng.internal.TestNGClassFinder.<init>(TestNGClassFinder.java:67)
	at org.testng.TestRunner.initMethods(TestRunner.java:442)
	at org.testng.TestRunner.init(TestRunner.java:336)
	at org.testng.TestRunner.init(TestRunner.java:289)
	at org.testng.TestRunner.<init>(TestRunner.java:179)
	at org.testng.SuiteRunner$DefaultTestRunnerFactory.newTestRunner(SuiteRunner.java:643)
	at org.testng.SuiteRunner.init(SuiteRunner.java:225)
	at org.testng.SuiteRunner.<init>(SuiteRunner.java:115)
	at org.testng.TestNG.createSuiteRunner(TestNG.java:1349)
	at org.testng.TestNG.createSuiteRunners(TestNG.java:1325)
	at org.testng.TestNG.runSuitesLocally(TestNG.java:1167)
	at org.testng.TestNG.runSuites(TestNG.java:1099)
	at org.testng.TestNG.run(TestNG.java:1067)
	at org.apache.maven.surefire.testng.TestNGExecutor.run(TestNGExecutor.java:324)
	at org.apache.maven.surefire.testng.TestNGXmlTestSuite.execute(TestNGXmlTestSuite.java:74)
	at org.apache.maven.surefire.testng.TestNGProvider.invoke(TestNGProvider.java:123)
	at org.apache.maven.surefire.booter.ForkedBooter.runSuitesInProcess(ForkedBooter.java:456)
	at org.apache.maven.surefire.booter.ForkedBooter.execute(ForkedBooter.java:169)
	at org.apache.maven.surefire.booter.ForkedBooter.run(ForkedBooter.java:595)
	at org.apache.maven.surefire.booter.ForkedBooter.main(ForkedBooter.java:581)

2023-02-13 11:57:15,233 main ERROR Unable to create Appender of type RollingFile
2023-02-13 11:57:15,237 main ERROR Unable to create file ./results/logs/${ctx:threadName}.log java.io.IOException: The filename, directory name, or volume label syntax is incorrect
	at java.base/java.io.WinNTFileSystem.canonicalize0(Native Method)
	at java.base/java.io.WinNTFileSystem.canonicalize(WinNTFileSystem.java:483)
	at java.base/java.io.File.getCanonicalPath(File.java:626)
	at java.base/java.io.File.getCanonicalFile(File.java:651)
	at org.apache.logging.log4j.core.util.FileUtils.makeParentDirs(FileUtils.java:139)
	at org.apache.logging.log4j.core.appender.rolling.RollingFileManager$RollingFileManagerFactory.createManager(RollingFileManager.java:734)
	at org.apache.logging.log4j.core.appender.rolling.RollingFileManager$RollingFileManagerFactory.createManager(RollingFileManager.java:718)
	at org.apache.logging.log4j.core.appender.AbstractManager.getManager(AbstractManager.java:144)
	at org.apache.logging.log4j.core.appender.OutputStreamManager.getManager(OutputStreamManager.java:100)
	at org.apache.logging.log4j.core.appender.rolling.RollingFileManager.getFileManager(RollingFileManager.java:217)
	at org.apache.logging.log4j.core.appender.RollingFileAppender$Builder.build(RollingFileAppender.java:135)
	at org.apache.logging.log4j.core.appender.RollingFileAppender$Builder.build(RollingFileAppender.java:62)
	at org.apache.logging.log4j.core.config.plugins.util.PluginBuilder.build(PluginBuilder.java:124)
	at org.apache.logging.log4j.core.config.AbstractConfiguration.createPluginObject(AbstractConfiguration.java:1138)
	at org.apache.logging.log4j.core.config.AbstractConfiguration.createConfiguration(AbstractConfiguration.java:1063)
	at org.apache.logging.log4j.core.appender.routing.RoutingAppender.createAppender(RoutingAppender.java:310)
	at org.apache.logging.log4j.core.appender.routing.RoutingAppender.getControl(RoutingAppender.java:282)
	at org.apache.logging.log4j.core.appender.routing.RoutingAppender.append(RoutingAppender.java:240)
	at org.apache.logging.log4j.core.config.AppenderControl.tryCallAppender(AppenderControl.java:161)
	at org.apache.logging.log4j.core.config.AppenderControl.callAppender0(AppenderControl.java:134)
	at org.apache.logging.log4j.core.config.AppenderControl.callAppenderPreventRecursion(AppenderControl.java:125)
	at org.apache.logging.log4j.core.config.AppenderControl.callAppender(AppenderControl.java:89)
	at org.apache.logging.log4j.core.config.LoggerConfig.callAppenders(LoggerConfig.java:683)
	at org.apache.logging.log4j.core.config.LoggerConfig.processLogEvent(LoggerConfig.java:641)
	at org.apache.logging.log4j.core.config.LoggerConfig.log(LoggerConfig.java:624)
	at org.apache.logging.log4j.core.config.LoggerConfig.log(LoggerConfig.java:560)
	at org.apache.logging.log4j.core.config.AwaitCompletionReliabilityStrategy.log(AwaitCompletionReliabilityStrategy.java:82)
	at org.apache.logging.log4j.core.Logger.log(Logger.java:162)
	at org.apache.logging.log4j.spi.AbstractLogger.logMessage(AbstractLogger.java:2106)
	at org.apache.logging.log4j.internal.DefaultLogBuilder.logMessage(DefaultLogBuilder.java:241)
	at org.apache.logging.log4j.internal.DefaultLogBuilder.log(DefaultLogBuilder.java:162)
	at org.apache.poi.openxml4j.opc.PackageRelationshipCollection.parseRelationshipsPart(PackageRelationshipCollection.java:309)
	at org.apache.poi.openxml4j.opc.PackageRelationshipCollection.<init>(PackageRelationshipCollection.java:160)
	at org.apache.poi.openxml4j.opc.PackageRelationshipCollection.<init>(PackageRelationshipCollection.java:116)
	at org.apache.poi.openxml4j.opc.OPCPackage.ensureRelationships(OPCPackage.java:1346)
	at org.apache.poi.openxml4j.opc.OPCPackage.getRelationshipsHelper(OPCPackage.java:1325)
	at org.apache.poi.openxml4j.opc.OPCPackage.getRelationshipsByType(OPCPackage.java:1313)
	at org.apache.poi.ooxml.POIXMLDocumentPart.getPartFromOPCPackage(POIXMLDocumentPart.java:743)
	at org.apache.poi.ooxml.POIXMLDocumentPart.<init>(POIXMLDocumentPart.java:151)
	at org.apache.poi.ooxml.POIXMLDocumentPart.<init>(POIXMLDocumentPart.java:141)
	at org.apache.poi.ooxml.POIXMLDocument.<init>(POIXMLDocument.java:60)
	at org.apache.poi.xssf.usermodel.XSSFWorkbook.<init>(XSSFWorkbook.java:254)
	at org.apache.poi.xssf.usermodel.XSSFWorkbook.<init>(XSSFWorkbook.java:290)
	at org.apache.poi.xssf.usermodel.XSSFWorkbook.<init>(XSSFWorkbook.java:286)
	at externalResources.ExcelDataRead.<init>(ExcelDataRead.java:22)
	at listeners.AnnotationsTransformer.toBeExecuted(AnnotationsTransformer.java:36)
	at listeners.AnnotationsTransformer.transform(AnnotationsTransformer.java:24)
	at org.testng.internal.annotations.JDK15AnnotationFinder.transform(JDK15AnnotationFinder.java:172)
	at org.testng.internal.annotations.JDK15AnnotationFinder.lambda$findAnnotation$0(JDK15AnnotationFinder.java:279)
	at java.base/java.util.concurrent.ConcurrentHashMap.computeIfAbsent(ConcurrentHashMap.java:1705)
	at org.testng.internal.annotations.JDK15AnnotationFinder.findAnnotation(JDK15AnnotationFinder.java:275)
	at org.testng.internal.annotations.JDK15AnnotationFinder.findAnnotation(JDK15AnnotationFinder.java:113)
	at org.testng.internal.TestNGClassFinder.isTestNGClass(TestNGClassFinder.java:275)
	at org.testng.internal.TestNGClassFinder.isNotTestNGClass(TestNGClassFinder.java:260)
	at org.testng.internal.TestNGClassFinder.processClass(TestNGClassFinder.java:94)
	at org.testng.internal.TestNGClassFinder.<init>(TestNGClassFinder.java:67)
	at org.testng.TestRunner.initMethods(TestRunner.java:442)
	at org.testng.TestRunner.init(TestRunner.java:336)
	at org.testng.TestRunner.init(TestRunner.java:289)
	at org.testng.TestRunner.<init>(TestRunner.java:179)
	at org.testng.SuiteRunner$DefaultTestRunnerFactory.newTestRunner(SuiteRunner.java:643)
	at org.testng.SuiteRunner.init(SuiteRunner.java:225)
	at org.testng.SuiteRunner.<init>(SuiteRunner.java:115)
	at org.testng.TestNG.createSuiteRunner(TestNG.java:1349)
	at org.testng.TestNG.createSuiteRunners(TestNG.java:1325)
	at org.testng.TestNG.runSuitesLocally(TestNG.java:1167)
	at org.testng.TestNG.runSuites(TestNG.java:1099)
	at org.testng.TestNG.run(TestNG.java:1067)
	at org.apache.maven.surefire.testng.TestNGExecutor.run(TestNGExecutor.java:324)
	at org.apache.maven.surefire.testng.TestNGXmlTestSuite.execute(TestNGXmlTestSuite.java:74)
	at org.apache.maven.surefire.testng.TestNGProvider.invoke(TestNGProvider.java:123)
	at org.apache.maven.surefire.booter.ForkedBooter.runSuitesInProcess(ForkedBooter.java:456)
	at org.apache.maven.surefire.booter.ForkedBooter.execute(ForkedBooter.java:169)
	at org.apache.maven.surefire.booter.ForkedBooter.run(ForkedBooter.java:595)
	at org.apache.maven.surefire.booter.ForkedBooter.main(ForkedBooter.java:581)

2023-02-13 11:57:15,239 main ERROR Could not create plugin of type class org.apache.logging.log4j.core.appender.RollingFileAppender for element RollingFile: java.lang.IllegalStateException: ManagerFactory [org.apache.logging.log4j.core.appender.rolling.RollingFileManager$RollingFileManagerFactory@4e6d7365] unable to create manager for [./results/logs/${ctx:threadName}.log] with data [org.apache.logging.log4j.core.appender.rolling.RollingFileManager$FactoryData@673bb956[pattern=./results/logs/${ctx:threadName}-%d{yyyy-MM-dd}.log, append=true, bufferedIO=true, bufferSize=8192, policy=SizeBasedTriggeringPolicy(size=512000), strategy=DefaultRolloverStrategy(min=1, max=7, useMax=true), advertiseURI=null, layout=%d{HH:mm:ss.SSS} [%t] %-5level %logger{36} - %msg%n, filePermissions=null, fileOwner=null]] java.lang.IllegalStateException: ManagerFactory [org.apache.logging.log4j.core.appender.rolling.RollingFileManager$RollingFileManagerFactory@4e6d7365] unable to create manager for [./results/logs/${ctx:threadName}.log] with data [org.apache.logging.log4j.core.appender.rolling.RollingFileManager$FactoryData@673bb956[pattern=./results/logs/${ctx:threadName}-%d{yyyy-MM-dd}.log, append=true, bufferedIO=true, bufferSize=8192, policy=SizeBasedTriggeringPolicy(size=512000), strategy=DefaultRolloverStrategy(min=1, max=7, useMax=true), advertiseURI=null, layout=%d{HH:mm:ss.SSS} [%t] %-5level %logger{36} - %msg%n, filePermissions=null, fileOwner=null]]
	at org.apache.logging.log4j.core.appender.AbstractManager.getManager(AbstractManager.java:146)
	at org.apache.logging.log4j.core.appender.OutputStreamManager.getManager(OutputStreamManager.java:100)
	at org.apache.logging.log4j.core.appender.rolling.RollingFileManager.getFileManager(RollingFileManager.java:217)
	at org.apache.logging.log4j.core.appender.RollingFileAppender$Builder.build(RollingFileAppender.java:135)
	at org.apache.logging.log4j.core.appender.RollingFileAppender$Builder.build(RollingFileAppender.java:62)
	at org.apache.logging.log4j.core.config.plugins.util.PluginBuilder.build(PluginBuilder.java:124)
	at org.apache.logging.log4j.core.config.AbstractConfiguration.createPluginObject(AbstractConfiguration.java:1138)
	at org.apache.logging.log4j.core.config.AbstractConfiguration.createConfiguration(AbstractConfiguration.java:1063)
	at org.apache.logging.log4j.core.appender.routing.RoutingAppender.createAppender(RoutingAppender.java:310)
	at org.apache.logging.log4j.core.appender.routing.RoutingAppender.getControl(RoutingAppender.java:282)
	at org.apache.logging.log4j.core.appender.routing.RoutingAppender.append(RoutingAppender.java:240)
	at org.apache.logging.log4j.core.config.AppenderControl.tryCallAppender(AppenderControl.java:161)
	at org.apache.logging.log4j.core.config.AppenderControl.callAppender0(AppenderControl.java:134)
	at org.apache.logging.log4j.core.config.AppenderControl.callAppenderPreventRecursion(AppenderControl.java:125)
	at org.apache.logging.log4j.core.config.AppenderControl.callAppender(AppenderControl.java:89)
	at org.apache.logging.log4j.core.config.LoggerConfig.callAppenders(LoggerConfig.java:683)
	at org.apache.logging.log4j.core.config.LoggerConfig.processLogEvent(LoggerConfig.java:641)
	at org.apache.logging.log4j.core.config.LoggerConfig.log(LoggerConfig.java:624)
	at org.apache.logging.log4j.core.config.LoggerConfig.log(LoggerConfig.java:560)
	at org.apache.logging.log4j.core.config.AwaitCompletionReliabilityStrategy.log(AwaitCompletionReliabilityStrategy.java:82)
	at org.apache.logging.log4j.core.Logger.log(Logger.java:162)
	at org.apache.logging.log4j.spi.AbstractLogger.logMessage(AbstractLogger.java:2106)
	at org.apache.logging.log4j.internal.DefaultLogBuilder.logMessage(DefaultLogBuilder.java:241)
	at org.apache.logging.log4j.internal.DefaultLogBuilder.log(DefaultLogBuilder.java:162)
	at org.apache.poi.openxml4j.opc.PackageRelationshipCollection.parseRelationshipsPart(PackageRelationshipCollection.java:309)
	at org.apache.poi.openxml4j.opc.PackageRelationshipCollection.<init>(PackageRelationshipCollection.java:160)
	at org.apache.poi.openxml4j.opc.PackageRelationshipCollection.<init>(PackageRelationshipCollection.java:116)
	at org.apache.poi.openxml4j.opc.OPCPackage.ensureRelationships(OPCPackage.java:1346)
	at org.apache.poi.openxml4j.opc.OPCPackage.getRelationshipsHelper(OPCPackage.java:1325)
	at org.apache.poi.openxml4j.opc.OPCPackage.getRelationshipsByType(OPCPackage.java:1313)
	at org.apache.poi.ooxml.POIXMLDocumentPart.getPartFromOPCPackage(POIXMLDocumentPart.java:743)
	at org.apache.poi.ooxml.POIXMLDocumentPart.<init>(POIXMLDocumentPart.java:151)
	at org.apache.poi.ooxml.POIXMLDocumentPart.<init>(POIXMLDocumentPart.java:141)
	at org.apache.poi.ooxml.POIXMLDocument.<init>(POIXMLDocument.java:60)
	at org.apache.poi.xssf.usermodel.XSSFWorkbook.<init>(XSSFWorkbook.java:254)
	at org.apache.poi.xssf.usermodel.XSSFWorkbook.<init>(XSSFWorkbook.java:290)
	at org.apache.poi.xssf.usermodel.XSSFWorkbook.<init>(XSSFWorkbook.java:286)
	at externalResources.ExcelDataRead.<init>(ExcelDataRead.java:22)
	at listeners.AnnotationsTransformer.toBeExecuted(AnnotationsTransformer.java:36)
	at listeners.AnnotationsTransformer.transform(AnnotationsTransformer.java:24)
	at org.testng.internal.annotations.JDK15AnnotationFinder.transform(JDK15AnnotationFinder.java:172)
	at org.testng.internal.annotations.JDK15AnnotationFinder.lambda$findAnnotation$0(JDK15AnnotationFinder.java:279)
	at java.base/java.util.concurrent.ConcurrentHashMap.computeIfAbsent(ConcurrentHashMap.java:1705)
	at org.testng.internal.annotations.JDK15AnnotationFinder.findAnnotation(JDK15AnnotationFinder.java:275)
	at org.testng.internal.annotations.JDK15AnnotationFinder.findAnnotation(JDK15AnnotationFinder.java:113)
	at org.testng.internal.TestNGClassFinder.isTestNGClass(TestNGClassFinder.java:275)
	at org.testng.internal.TestNGClassFinder.isNotTestNGClass(TestNGClassFinder.java:260)
	at org.testng.internal.TestNGClassFinder.processClass(TestNGClassFinder.java:94)
	at org.testng.internal.TestNGClassFinder.<init>(TestNGClassFinder.java:67)
	at org.testng.TestRunner.initMethods(TestRunner.java:442)
	at org.testng.TestRunner.init(TestRunner.java:336)
	at org.testng.TestRunner.init(TestRunner.java:289)
	at org.testng.TestRunner.<init>(TestRunner.java:179)
	at org.testng.SuiteRunner$DefaultTestRunnerFactory.newTestRunner(SuiteRunner.java:643)
	at org.testng.SuiteRunner.init(SuiteRunner.java:225)
	at org.testng.SuiteRunner.<init>(SuiteRunner.java:115)
	at org.testng.TestNG.createSuiteRunner(TestNG.java:1349)
	at org.testng.TestNG.createSuiteRunners(TestNG.java:1325)
	at org.testng.TestNG.runSuitesLocally(TestNG.java:1167)
	at org.testng.TestNG.runSuites(TestNG.java:1099)
	at org.testng.TestNG.run(TestNG.java:1067)
	at org.apache.maven.surefire.testng.TestNGExecutor.run(TestNGExecutor.java:324)
	at org.apache.maven.surefire.testng.TestNGXmlTestSuite.execute(TestNGXmlTestSuite.java:74)
	at org.apache.maven.surefire.testng.TestNGProvider.invoke(TestNGProvider.java:123)
	at org.apache.maven.surefire.booter.ForkedBooter.runSuitesInProcess(ForkedBooter.java:456)
	at org.apache.maven.surefire.booter.ForkedBooter.execute(ForkedBooter.java:169)
	at org.apache.maven.surefire.booter.ForkedBooter.run(ForkedBooter.java:595)
	at org.apache.maven.surefire.booter.ForkedBooter.main(ForkedBooter.java:581)

2023-02-13 11:57:15,243 main ERROR Unable to invoke factory method in class org.apache.logging.log4j.core.appender.RollingFileAppender for element RollingFile: java.lang.IllegalStateException: No factory method found for class org.apache.logging.log4j.core.appender.RollingFileAppender java.lang.IllegalStateException: No factory method found for class org.apache.logging.log4j.core.appender.RollingFileAppender
	at org.apache.logging.log4j.core.config.plugins.util.PluginBuilder.findFactoryMethod(PluginBuilder.java:260)
	at org.apache.logging.log4j.core.config.plugins.util.PluginBuilder.build(PluginBuilder.java:136)
	at org.apache.logging.log4j.core.config.AbstractConfiguration.createPluginObject(AbstractConfiguration.java:1138)
	at org.apache.logging.log4j.core.config.AbstractConfiguration.createConfiguration(AbstractConfiguration.java:1063)
	at org.apache.logging.log4j.core.appender.routing.RoutingAppender.createAppender(RoutingAppender.java:310)
	at org.apache.logging.log4j.core.appender.routing.RoutingAppender.getControl(RoutingAppender.java:282)
	at org.apache.logging.log4j.core.appender.routing.RoutingAppender.append(RoutingAppender.java:240)
	at org.apache.logging.log4j.core.config.AppenderControl.tryCallAppender(AppenderControl.java:161)
	at org.apache.logging.log4j.core.config.AppenderControl.callAppender0(AppenderControl.java:134)
	at org.apache.logging.log4j.core.config.AppenderControl.callAppenderPreventRecursion(AppenderControl.java:125)
	at org.apache.logging.log4j.core.config.AppenderControl.callAppender(AppenderControl.java:89)
	at org.apache.logging.log4j.core.config.LoggerConfig.callAppenders(LoggerConfig.java:683)
	at org.apache.logging.log4j.core.config.LoggerConfig.processLogEvent(LoggerConfig.java:641)
	at org.apache.logging.log4j.core.config.LoggerConfig.log(LoggerConfig.java:624)
	at org.apache.logging.log4j.core.config.LoggerConfig.log(LoggerConfig.java:560)
	at org.apache.logging.log4j.core.config.AwaitCompletionReliabilityStrategy.log(AwaitCompletionReliabilityStrategy.java:82)
	at org.apache.logging.log4j.core.Logger.log(Logger.java:162)
	at org.apache.logging.log4j.spi.AbstractLogger.logMessage(AbstractLogger.java:2106)
	at org.apache.logging.log4j.internal.DefaultLogBuilder.logMessage(DefaultLogBuilder.java:241)
	at org.apache.logging.log4j.internal.DefaultLogBuilder.log(DefaultLogBuilder.java:162)
	at org.apache.poi.openxml4j.opc.PackageRelationshipCollection.parseRelationshipsPart(PackageRelationshipCollection.java:309)
	at org.apache.poi.openxml4j.opc.PackageRelationshipCollection.<init>(PackageRelationshipCollection.java:160)
	at org.apache.poi.openxml4j.opc.PackageRelationshipCollection.<init>(PackageRelationshipCollection.java:116)
	at org.apache.poi.openxml4j.opc.OPCPackage.ensureRelationships(OPCPackage.java:1346)
	at org.apache.poi.openxml4j.opc.OPCPackage.getRelationshipsHelper(OPCPackage.java:1325)
	at org.apache.poi.openxml4j.opc.OPCPackage.getRelationshipsByType(OPCPackage.java:1313)
	at org.apache.poi.ooxml.POIXMLDocumentPart.getPartFromOPCPackage(POIXMLDocumentPart.java:743)
	at org.apache.poi.ooxml.POIXMLDocumentPart.<init>(POIXMLDocumentPart.java:151)
	at org.apache.poi.ooxml.POIXMLDocumentPart.<init>(POIXMLDocumentPart.java:141)
	at org.apache.poi.ooxml.POIXMLDocument.<init>(POIXMLDocument.java:60)
	at org.apache.poi.xssf.usermodel.XSSFWorkbook.<init>(XSSFWorkbook.java:254)
	at org.apache.poi.xssf.usermodel.XSSFWorkbook.<init>(XSSFWorkbook.java:290)
	at org.apache.poi.xssf.usermodel.XSSFWorkbook.<init>(XSSFWorkbook.java:286)
	at externalResources.ExcelDataRead.<init>(ExcelDataRead.java:22)
	at listeners.AnnotationsTransformer.toBeExecuted(AnnotationsTransformer.java:36)
	at listeners.AnnotationsTransformer.transform(AnnotationsTransformer.java:24)
	at org.testng.internal.annotations.JDK15AnnotationFinder.transform(JDK15AnnotationFinder.java:172)
	at org.testng.internal.annotations.JDK15AnnotationFinder.lambda$findAnnotation$0(JDK15AnnotationFinder.java:279)
	at java.base/java.util.concurrent.ConcurrentHashMap.computeIfAbsent(ConcurrentHashMap.java:1705)
	at org.testng.internal.annotations.JDK15AnnotationFinder.findAnnotation(JDK15AnnotationFinder.java:275)
	at org.testng.internal.annotations.JDK15AnnotationFinder.findAnnotation(JDK15AnnotationFinder.java:113)
	at org.testng.internal.TestNGClassFinder.isTestNGClass(TestNGClassFinder.java:275)
	at org.testng.internal.TestNGClassFinder.isNotTestNGClass(TestNGClassFinder.java:260)
	at org.testng.internal.TestNGClassFinder.processClass(TestNGClassFinder.java:94)
	at org.testng.internal.TestNGClassFinder.<init>(TestNGClassFinder.java:67)
	at org.testng.TestRunner.initMethods(TestRunner.java:442)
	at org.testng.TestRunner.init(TestRunner.java:336)
	at org.testng.TestRunner.init(TestRunner.java:289)
	at org.testng.TestRunner.<init>(TestRunner.java:179)
	at org.testng.SuiteRunner$DefaultTestRunnerFactory.newTestRunner(SuiteRunner.java:643)
	at org.testng.SuiteRunner.init(SuiteRunner.java:225)
	at org.testng.SuiteRunner.<init>(SuiteRunner.java:115)
	at org.testng.TestNG.createSuiteRunner(TestNG.java:1349)
	at org.testng.TestNG.createSuiteRunners(TestNG.java:1325)
	at org.testng.TestNG.runSuitesLocally(TestNG.java:1167)
	at org.testng.TestNG.runSuites(TestNG.java:1099)
	at org.testng.TestNG.run(TestNG.java:1067)
	at org.apache.maven.surefire.testng.TestNGExecutor.run(TestNGExecutor.java:324)
	at org.apache.maven.surefire.testng.TestNGXmlTestSuite.execute(TestNGXmlTestSuite.java:74)
	at org.apache.maven.surefire.testng.TestNGProvider.invoke(TestNGProvider.java:123)
	at org.apache.maven.surefire.booter.ForkedBooter.runSuitesInProcess(ForkedBooter.java:456)
	at org.apache.maven.surefire.booter.ForkedBooter.execute(ForkedBooter.java:169)
	at org.apache.maven.surefire.booter.ForkedBooter.run(ForkedBooter.java:595)
	at org.apache.maven.surefire.booter.ForkedBooter.main(ForkedBooter.java:581)

2023-02-13 11:57:15,244 main ERROR Unable to create Appender of type RollingFile
2023-02-13 11:57:15,435 main ERROR Unable to create file ./results/logs/${ctx:threadName}.log java.io.IOException: The filename, directory name, or volume label syntax is incorrect
	at java.base/java.io.WinNTFileSystem.canonicalize0(Native Method)
	at java.base/java.io.WinNTFileSystem.canonicalize(WinNTFileSystem.java:483)
	at java.base/java.io.File.getCanonicalPath(File.java:626)
	at java.base/java.io.File.getCanonicalFile(File.java:651)
	at org.apache.logging.log4j.core.util.FileUtils.makeParentDirs(FileUtils.java:139)
	at org.apache.logging.log4j.core.appender.rolling.RollingFileManager$RollingFileManagerFactory.createManager(RollingFileManager.java:734)
	at org.apache.logging.log4j.core.appender.rolling.RollingFileManager$RollingFileManagerFactory.createManager(RollingFileManager.java:718)
	at org.apache.logging.log4j.core.appender.AbstractManager.getManager(AbstractManager.java:144)
	at org.apache.logging.log4j.core.appender.OutputStreamManager.getManager(OutputStreamManager.java:100)
	at org.apache.logging.log4j.core.appender.rolling.RollingFileManager.getFileManager(RollingFileManager.java:217)
	at org.apache.logging.log4j.core.appender.RollingFileAppender$Builder.build(RollingFileAppender.java:135)
	at org.apache.logging.log4j.core.appender.RollingFileAppender$Builder.build(RollingFileAppender.java:62)
	at org.apache.logging.log4j.core.config.plugins.util.PluginBuilder.build(PluginBuilder.java:124)
	at org.apache.logging.log4j.core.config.AbstractConfiguration.createPluginObject(AbstractConfiguration.java:1138)
	at org.apache.logging.log4j.core.config.AbstractConfiguration.createConfiguration(AbstractConfiguration.java:1063)
	at org.apache.logging.log4j.core.appender.routing.RoutingAppender.createAppender(RoutingAppender.java:310)
	at org.apache.logging.log4j.core.appender.routing.RoutingAppender.getControl(RoutingAppender.java:282)
	at org.apache.logging.log4j.core.appender.routing.RoutingAppender.append(RoutingAppender.java:240)
	at org.apache.logging.log4j.core.config.AppenderControl.tryCallAppender(AppenderControl.java:161)
	at org.apache.logging.log4j.core.config.AppenderControl.callAppender0(AppenderControl.java:134)
	at org.apache.logging.log4j.core.config.AppenderControl.callAppenderPreventRecursion(AppenderControl.java:125)
	at org.apache.logging.log4j.core.config.AppenderControl.callAppender(AppenderControl.java:89)
	at org.apache.logging.log4j.core.config.LoggerConfig.callAppenders(LoggerConfig.java:683)
	at org.apache.logging.log4j.core.config.LoggerConfig.processLogEvent(LoggerConfig.java:641)
	at org.apache.logging.log4j.core.config.LoggerConfig.log(LoggerConfig.java:624)
	at org.apache.logging.log4j.core.config.LoggerConfig.log(LoggerConfig.java:560)
	at org.apache.logging.log4j.core.config.AwaitCompletionReliabilityStrategy.log(AwaitCompletionReliabilityStrategy.java:82)
	at org.apache.logging.log4j.core.Logger.log(Logger.java:162)
	at org.apache.logging.log4j.spi.AbstractLogger.logMessage(AbstractLogger.java:2106)
	at org.apache.logging.log4j.internal.DefaultLogBuilder.logMessage(DefaultLogBuilder.java:241)
	at org.apache.logging.log4j.internal.DefaultLogBuilder.log(DefaultLogBuilder.java:162)
	at org.apache.xmlbeans.impl.schema.SchemaTypeSystemImpl.<init>(SchemaTypeSystemImpl.java:196)
	at org.apache.poi.schemas.ooxml.system.ooxml.TypeSystemHolder.<init>(TypeSystemHolder.java:9)
	at org.apache.poi.schemas.ooxml.system.ooxml.TypeSystemHolder.<clinit>(TypeSystemHolder.java:6)
	at org.openxmlformats.schemas.drawingml.x2006.main.ThemeDocument.<clinit>(ThemeDocument.java:23)
	at org.apache.poi.xssf.model.ThemesTable.readFrom(ThemesTable.java:119)
	at org.apache.poi.xssf.model.ThemesTable.<init>(ThemesTable.java:87)
	at org.apache.poi.ooxml.POIXMLFactory.createDocumentPart(POIXMLFactory.java:61)
	at org.apache.poi.ooxml.POIXMLDocumentPart.read(POIXMLDocumentPart.java:661)
	at org.apache.poi.ooxml.POIXMLDocument.load(POIXMLDocument.java:165)
	at org.apache.poi.xssf.usermodel.XSSFWorkbook.<init>(XSSFWorkbook.java:260)
	at org.apache.poi.xssf.usermodel.XSSFWorkbook.<init>(XSSFWorkbook.java:290)
	at org.apache.poi.xssf.usermodel.XSSFWorkbook.<init>(XSSFWorkbook.java:286)
	at externalResources.ExcelDataRead.<init>(ExcelDataRead.java:22)
	at listeners.AnnotationsTransformer.toBeExecuted(AnnotationsTransformer.java:36)
	at listeners.AnnotationsTransformer.transform(AnnotationsTransformer.java:24)
	at org.testng.internal.annotations.JDK15AnnotationFinder.transform(JDK15AnnotationFinder.java:172)
	at org.testng.internal.annotations.JDK15AnnotationFinder.lambda$findAnnotation$0(JDK15AnnotationFinder.java:279)
	at java.base/java.util.concurrent.ConcurrentHashMap.computeIfAbsent(ConcurrentHashMap.java:1705)
	at org.testng.internal.annotations.JDK15AnnotationFinder.findAnnotation(JDK15AnnotationFinder.java:275)
	at org.testng.internal.annotations.JDK15AnnotationFinder.findAnnotation(JDK15AnnotationFinder.java:113)
	at org.testng.internal.TestNGClassFinder.isTestNGClass(TestNGClassFinder.java:275)
	at org.testng.internal.TestNGClassFinder.isNotTestNGClass(TestNGClassFinder.java:260)
	at org.testng.internal.TestNGClassFinder.processClass(TestNGClassFinder.java:94)
	at org.testng.internal.TestNGClassFinder.<init>(TestNGClassFinder.java:67)
	at org.testng.TestRunner.initMethods(TestRunner.java:442)
	at org.testng.TestRunner.init(TestRunner.java:336)
	at org.testng.TestRunner.init(TestRunner.java:289)
	at org.testng.TestRunner.<init>(TestRunner.java:179)
	at org.testng.SuiteRunner$DefaultTestRunnerFactory.newTestRunner(SuiteRunner.java:643)
	at org.testng.SuiteRunner.init(SuiteRunner.java:225)
	at org.testng.SuiteRunner.<init>(SuiteRunner.java:115)
	at org.testng.TestNG.createSuiteRunner(TestNG.java:1349)
	at org.testng.TestNG.createSuiteRunners(TestNG.java:1325)
	at org.testng.TestNG.runSuitesLocally(TestNG.java:1167)
	at org.testng.TestNG.runSuites(TestNG.java:1099)
	at org.testng.TestNG.run(TestNG.java:1067)
	at org.apache.maven.surefire.testng.TestNGExecutor.run(TestNGExecutor.java:324)
	at org.apache.maven.surefire.testng.TestNGXmlTestSuite.execute(TestNGXmlTestSuite.java:74)
	at org.apache.maven.surefire.testng.TestNGProvider.invoke(TestNGProvider.java:123)
	at org.apache.maven.surefire.booter.ForkedBooter.runSuitesInProcess(ForkedBooter.java:456)
	at org.apache.maven.surefire.booter.ForkedBooter.execute(ForkedBooter.java:169)
	at org.apache.maven.surefire.booter.ForkedBooter.run(ForkedBooter.java:595)
	at org.apache.maven.surefire.booter.ForkedBooter.main(ForkedBooter.java:581)

2023-02-13 11:57:15,436 main ERROR Could not create plugin of type class org.apache.logging.log4j.core.appender.RollingFileAppender for element RollingFile: java.lang.IllegalStateException: ManagerFactory [org.apache.logging.log4j.core.appender.rolling.RollingFileManager$RollingFileManagerFactory@4e6d7365] unable to create manager for [./results/logs/${ctx:threadName}.log] with data [org.apache.logging.log4j.core.appender.rolling.RollingFileManager$FactoryData@1eaf1e62[pattern=./results/logs/${ctx:threadName}-%d{yyyy-MM-dd}.log, append=true, bufferedIO=true, bufferSize=8192, policy=SizeBasedTriggeringPolicy(size=512000), strategy=DefaultRolloverStrategy(min=1, max=7, useMax=true), advertiseURI=null, layout=%d{HH:mm:ss.SSS} [%t] %-5level %logger{36} - %msg%n, filePermissions=null, fileOwner=null]] java.lang.IllegalStateException: ManagerFactory [org.apache.logging.log4j.core.appender.rolling.RollingFileManager$RollingFileManagerFactory@4e6d7365] unable to create manager for [./results/logs/${ctx:threadName}.log] with data [org.apache.logging.log4j.core.appender.rolling.RollingFileManager$FactoryData@1eaf1e62[pattern=./results/logs/${ctx:threadName}-%d{yyyy-MM-dd}.log, append=true, bufferedIO=true, bufferSize=8192, policy=SizeBasedTriggeringPolicy(size=512000), strategy=DefaultRolloverStrategy(min=1, max=7, useMax=true), advertiseURI=null, layout=%d{HH:mm:ss.SSS} [%t] %-5level %logger{36} - %msg%n, filePermissions=null, fileOwner=null]]
	at org.apache.logging.log4j.core.appender.AbstractManager.getManager(AbstractManager.java:146)
	at org.apache.logging.log4j.core.appender.OutputStreamManager.getManager(OutputStreamManager.java:100)
	at org.apache.logging.log4j.core.appender.rolling.RollingFileManager.getFileManager(RollingFileManager.java:217)
	at org.apache.logging.log4j.core.appender.RollingFileAppender$Builder.build(RollingFileAppender.java:135)
	at org.apache.logging.log4j.core.appender.RollingFileAppender$Builder.build(RollingFileAppender.java:62)
	at org.apache.logging.log4j.core.config.plugins.util.PluginBuilder.build(PluginBuilder.java:124)
	at org.apache.logging.log4j.core.config.AbstractConfiguration.createPluginObject(AbstractConfiguration.java:1138)
	at org.apache.logging.log4j.core.config.AbstractConfiguration.createConfiguration(AbstractConfiguration.java:1063)
	at org.apache.logging.log4j.core.appender.routing.RoutingAppender.createAppender(RoutingAppender.java:310)
	at org.apache.logging.log4j.core.appender.routing.RoutingAppender.getControl(RoutingAppender.java:282)
	at org.apache.logging.log4j.core.appender.routing.RoutingAppender.append(RoutingAppender.java:240)
	at org.apache.logging.log4j.core.config.AppenderControl.tryCallAppender(AppenderControl.java:161)
	at org.apache.logging.log4j.core.config.AppenderControl.callAppender0(AppenderControl.java:134)
	at org.apache.logging.log4j.core.config.AppenderControl.callAppenderPreventRecursion(AppenderControl.java:125)
	at org.apache.logging.log4j.core.config.AppenderControl.callAppender(AppenderControl.java:89)
	at org.apache.logging.log4j.core.config.LoggerConfig.callAppenders(LoggerConfig.java:683)
	at org.apache.logging.log4j.core.config.LoggerConfig.processLogEvent(LoggerConfig.java:641)
	at org.apache.logging.log4j.core.config.LoggerConfig.log(LoggerConfig.java:624)
	at org.apache.logging.log4j.core.config.LoggerConfig.log(LoggerConfig.java:560)
	at org.apache.logging.log4j.core.config.AwaitCompletionReliabilityStrategy.log(AwaitCompletionReliabilityStrategy.java:82)
	at org.apache.logging.log4j.core.Logger.log(Logger.java:162)
	at org.apache.logging.log4j.spi.AbstractLogger.logMessage(AbstractLogger.java:2106)
	at org.apache.logging.log4j.internal.DefaultLogBuilder.logMessage(DefaultLogBuilder.java:241)
	at org.apache.logging.log4j.internal.DefaultLogBuilder.log(DefaultLogBuilder.java:162)
	at org.apache.xmlbeans.impl.schema.SchemaTypeSystemImpl.<init>(SchemaTypeSystemImpl.java:196)
	at org.apache.poi.schemas.ooxml.system.ooxml.TypeSystemHolder.<init>(TypeSystemHolder.java:9)
	at org.apache.poi.schemas.ooxml.system.ooxml.TypeSystemHolder.<clinit>(TypeSystemHolder.java:6)
	at org.openxmlformats.schemas.drawingml.x2006.main.ThemeDocument.<clinit>(ThemeDocument.java:23)
	at org.apache.poi.xssf.model.ThemesTable.readFrom(ThemesTable.java:119)
	at org.apache.poi.xssf.model.ThemesTable.<init>(ThemesTable.java:87)
	at org.apache.poi.ooxml.POIXMLFactory.createDocumentPart(POIXMLFactory.java:61)
	at org.apache.poi.ooxml.POIXMLDocumentPart.read(POIXMLDocumentPart.java:661)
	at org.apache.poi.ooxml.POIXMLDocument.load(POIXMLDocument.java:165)
	at org.apache.poi.xssf.usermodel.XSSFWorkbook.<init>(XSSFWorkbook.java:260)
	at org.apache.poi.xssf.usermodel.XSSFWorkbook.<init>(XSSFWorkbook.java:290)
	at org.apache.poi.xssf.usermodel.XSSFWorkbook.<init>(XSSFWorkbook.java:286)
	at externalResources.ExcelDataRead.<init>(ExcelDataRead.java:22)
	at listeners.AnnotationsTransformer.toBeExecuted(AnnotationsTransformer.java:36)
	at listeners.AnnotationsTransformer.transform(AnnotationsTransformer.java:24)
	at org.testng.internal.annotations.JDK15AnnotationFinder.transform(JDK15AnnotationFinder.java:172)
	at org.testng.internal.annotations.JDK15AnnotationFinder.lambda$findAnnotation$0(JDK15AnnotationFinder.java:279)
	at java.base/java.util.concurrent.ConcurrentHashMap.computeIfAbsent(ConcurrentHashMap.java:1705)
	at org.testng.internal.annotations.JDK15AnnotationFinder.findAnnotation(JDK15AnnotationFinder.java:275)
	at org.testng.internal.annotations.JDK15AnnotationFinder.findAnnotation(JDK15AnnotationFinder.java:113)
	at org.testng.internal.TestNGClassFinder.isTestNGClass(TestNGClassFinder.java:275)
	at org.testng.internal.TestNGClassFinder.isNotTestNGClass(TestNGClassFinder.java:260)
	at org.testng.internal.TestNGClassFinder.processClass(TestNGClassFinder.java:94)
	at org.testng.internal.TestNGClassFinder.<init>(TestNGClassFinder.java:67)
	at org.testng.TestRunner.initMethods(TestRunner.java:442)
	at org.testng.TestRunner.init(TestRunner.java:336)
	at org.testng.TestRunner.init(TestRunner.java:289)
	at org.testng.TestRunner.<init>(TestRunner.java:179)
	at org.testng.SuiteRunner$DefaultTestRunnerFactory.newTestRunner(SuiteRunner.java:643)
	at org.testng.SuiteRunner.init(SuiteRunner.java:225)
	at org.testng.SuiteRunner.<init>(SuiteRunner.java:115)
	at org.testng.TestNG.createSuiteRunner(TestNG.java:1349)
	at org.testng.TestNG.createSuiteRunners(TestNG.java:1325)
	at org.testng.TestNG.runSuitesLocally(TestNG.java:1167)
	at org.testng.TestNG.runSuites(TestNG.java:1099)
	at org.testng.TestNG.run(TestNG.java:1067)
	at org.apache.maven.surefire.testng.TestNGExecutor.run(TestNGExecutor.java:324)
	at org.apache.maven.surefire.testng.TestNGXmlTestSuite.execute(TestNGXmlTestSuite.java:74)
	at org.apache.maven.surefire.testng.TestNGProvider.invoke(TestNGProvider.java:123)
	at org.apache.maven.surefire.booter.ForkedBooter.runSuitesInProcess(ForkedBooter.java:456)
	at org.apache.maven.surefire.booter.ForkedBooter.execute(ForkedBooter.java:169)
	at org.apache.maven.surefire.booter.ForkedBooter.run(ForkedBooter.java:595)
	at org.apache.maven.surefire.booter.ForkedBooter.main(ForkedBooter.java:581)

2023-02-13 11:57:15,437 main ERROR Unable to invoke factory method in class org.apache.logging.log4j.core.appender.RollingFileAppender for element RollingFile: java.lang.IllegalStateException: No factory method found for class org.apache.logging.log4j.core.appender.RollingFileAppender java.lang.IllegalStateException: No factory method found for class org.apache.logging.log4j.core.appender.RollingFileAppender
	at org.apache.logging.log4j.core.config.plugins.util.PluginBuilder.findFactoryMethod(PluginBuilder.java:260)
	at org.apache.logging.log4j.core.config.plugins.util.PluginBuilder.build(PluginBuilder.java:136)
	at org.apache.logging.log4j.core.config.AbstractConfiguration.createPluginObject(AbstractConfiguration.java:1138)
	at org.apache.logging.log4j.core.config.AbstractConfiguration.createConfiguration(AbstractConfiguration.java:1063)
	at org.apache.logging.log4j.core.appender.routing.RoutingAppender.createAppender(RoutingAppender.java:310)
	at org.apache.logging.log4j.core.appender.routing.RoutingAppender.getControl(RoutingAppender.java:282)
	at org.apache.logging.log4j.core.appender.routing.RoutingAppender.append(RoutingAppender.java:240)
	at org.apache.logging.log4j.core.config.AppenderControl.tryCallAppender(AppenderControl.java:161)
	at org.apache.logging.log4j.core.config.AppenderControl.callAppender0(AppenderControl.java:134)
	at org.apache.logging.log4j.core.config.AppenderControl.callAppenderPreventRecursion(AppenderControl.java:125)
	at org.apache.logging.log4j.core.config.AppenderControl.callAppender(AppenderControl.java:89)
	at org.apache.logging.log4j.core.config.LoggerConfig.callAppenders(LoggerConfig.java:683)
	at org.apache.logging.log4j.core.config.LoggerConfig.processLogEvent(LoggerConfig.java:641)
	at org.apache.logging.log4j.core.config.LoggerConfig.log(LoggerConfig.java:624)
	at org.apache.logging.log4j.core.config.LoggerConfig.log(LoggerConfig.java:560)
	at org.apache.logging.log4j.core.config.AwaitCompletionReliabilityStrategy.log(AwaitCompletionReliabilityStrategy.java:82)
	at org.apache.logging.log4j.core.Logger.log(Logger.java:162)
	at org.apache.logging.log4j.spi.AbstractLogger.logMessage(AbstractLogger.java:2106)
	at org.apache.logging.log4j.internal.DefaultLogBuilder.logMessage(DefaultLogBuilder.java:241)
	at org.apache.logging.log4j.internal.DefaultLogBuilder.log(DefaultLogBuilder.java:162)
	at org.apache.xmlbeans.impl.schema.SchemaTypeSystemImpl.<init>(SchemaTypeSystemImpl.java:196)
	at org.apache.poi.schemas.ooxml.system.ooxml.TypeSystemHolder.<init>(TypeSystemHolder.java:9)
	at org.apache.poi.schemas.ooxml.system.ooxml.TypeSystemHolder.<clinit>(TypeSystemHolder.java:6)
	at org.openxmlformats.schemas.drawingml.x2006.main.ThemeDocument.<clinit>(ThemeDocument.java:23)
	at org.apache.poi.xssf.model.ThemesTable.readFrom(ThemesTable.java:119)
	at org.apache.poi.xssf.model.ThemesTable.<init>(ThemesTable.java:87)
	at org.apache.poi.ooxml.POIXMLFactory.createDocumentPart(POIXMLFactory.java:61)
	at org.apache.poi.ooxml.POIXMLDocumentPart.read(POIXMLDocumentPart.java:661)
	at org.apache.poi.ooxml.POIXMLDocument.load(POIXMLDocument.java:165)
	at org.apache.poi.xssf.usermodel.XSSFWorkbook.<init>(XSSFWorkbook.java:260)
	at org.apache.poi.xssf.usermodel.XSSFWorkbook.<init>(XSSFWorkbook.java:290)
	at org.apache.poi.xssf.usermodel.XSSFWorkbook.<init>(XSSFWorkbook.java:286)
	at externalResources.ExcelDataRead.<init>(ExcelDataRead.java:22)
	at listeners.AnnotationsTransformer.toBeExecuted(AnnotationsTransformer.java:36)
	at listeners.AnnotationsTransformer.transform(AnnotationsTransformer.java:24)
	at org.testng.internal.annotations.JDK15AnnotationFinder.transform(JDK15AnnotationFinder.java:172)
	at org.testng.internal.annotations.JDK15AnnotationFinder.lambda$findAnnotation$0(JDK15AnnotationFinder.java:279)
	at java.base/java.util.concurrent.ConcurrentHashMap.computeIfAbsent(ConcurrentHashMap.java:1705)
	at org.testng.internal.annotations.JDK15AnnotationFinder.findAnnotation(JDK15AnnotationFinder.java:275)
	at org.testng.internal.annotations.JDK15AnnotationFinder.findAnnotation(JDK15AnnotationFinder.java:113)
	at org.testng.internal.TestNGClassFinder.isTestNGClass(TestNGClassFinder.java:275)
	at org.testng.internal.TestNGClassFinder.isNotTestNGClass(TestNGClassFinder.java:260)
	at org.testng.internal.TestNGClassFinder.processClass(TestNGClassFinder.java:94)
	at org.testng.internal.TestNGClassFinder.<init>(TestNGClassFinder.java:67)
	at org.testng.TestRunner.initMethods(TestRunner.java:442)
	at org.testng.TestRunner.init(TestRunner.java:336)
	at org.testng.TestRunner.init(TestRunner.java:289)
	at org.testng.TestRunner.<init>(TestRunner.java:179)
	at org.testng.SuiteRunner$DefaultTestRunnerFactory.newTestRunner(SuiteRunner.java:643)
	at org.testng.SuiteRunner.init(SuiteRunner.java:225)
	at org.testng.SuiteRunner.<init>(SuiteRunner.java:115)
	at org.testng.TestNG.createSuiteRunner(TestNG.java:1349)
	at org.testng.TestNG.createSuiteRunners(TestNG.java:1325)
	at org.testng.TestNG.runSuitesLocally(TestNG.java:1167)
	at org.testng.TestNG.runSuites(TestNG.java:1099)
	at org.testng.TestNG.run(TestNG.java:1067)
	at org.apache.maven.surefire.testng.TestNGExecutor.run(TestNGExecutor.java:324)
	at org.apache.maven.surefire.testng.TestNGXmlTestSuite.execute(TestNGXmlTestSuite.java:74)
	at org.apache.maven.surefire.testng.TestNGProvider.invoke(TestNGProvider.java:123)
	at org.apache.maven.surefire.booter.ForkedBooter.runSuitesInProcess(ForkedBooter.java:456)
	at org.apache.maven.surefire.booter.ForkedBooter.execute(ForkedBooter.java:169)
	at org.apache.maven.surefire.booter.ForkedBooter.run(ForkedBooter.java:595)
	at org.apache.maven.surefire.booter.ForkedBooter.main(ForkedBooter.java:581)

2023-02-13 11:57:15,443 main ERROR Unable to create file ./results/logs/${ctx:threadName}.log java.io.IOException: The filename, directory name, or volume label syntax is incorrect
	at java.base/java.io.WinNTFileSystem.canonicalize0(Native Method)
	at java.base/java.io.WinNTFileSystem.canonicalize(WinNTFileSystem.java:483)
	at java.base/java.io.File.getCanonicalPath(File.java:626)
	at java.base/java.io.File.getCanonicalFile(File.java:651)
	at org.apache.logging.log4j.core.util.FileUtils.makeParentDirs(FileUtils.java:139)
	at org.apache.logging.log4j.core.appender.rolling.RollingFileManager$RollingFileManagerFactory.createManager(RollingFileManager.java:734)
	at org.apache.logging.log4j.core.appender.rolling.RollingFileManager$RollingFileManagerFactory.createManager(RollingFileManager.java:718)
	at org.apache.logging.log4j.core.appender.AbstractManager.getManager(AbstractManager.java:144)
	at org.apache.logging.log4j.core.appender.OutputStreamManager.getManager(OutputStreamManager.java:100)
	at org.apache.logging.log4j.core.appender.rolling.RollingFileManager.getFileManager(RollingFileManager.java:217)
	at org.apache.logging.log4j.core.appender.RollingFileAppender$Builder.build(RollingFileAppender.java:135)
	at org.apache.logging.log4j.core.appender.RollingFileAppender$Builder.build(RollingFileAppender.java:62)
	at org.apache.logging.log4j.core.config.plugins.util.PluginBuilder.build(PluginBuilder.java:124)
	at org.apache.logging.log4j.core.config.AbstractConfiguration.createPluginObject(AbstractConfiguration.java:1138)
	at org.apache.logging.log4j.core.config.AbstractConfiguration.createConfiguration(AbstractConfiguration.java:1063)
	at org.apache.logging.log4j.core.appender.routing.RoutingAppender.createAppender(RoutingAppender.java:310)
	at org.apache.logging.log4j.core.appender.routing.RoutingAppender.getControl(RoutingAppender.java:282)
	at org.apache.logging.log4j.core.appender.routing.RoutingAppender.append(RoutingAppender.java:240)
	at org.apache.logging.log4j.core.config.AppenderControl.tryCallAppender(AppenderControl.java:161)
	at org.apache.logging.log4j.core.config.AppenderControl.callAppender0(AppenderControl.java:134)
	at org.apache.logging.log4j.core.config.AppenderControl.callAppenderPreventRecursion(AppenderControl.java:125)
	at org.apache.logging.log4j.core.config.AppenderControl.callAppender(AppenderControl.java:89)
	at org.apache.logging.log4j.core.config.LoggerConfig.callAppenders(LoggerConfig.java:683)
	at org.apache.logging.log4j.core.config.LoggerConfig.processLogEvent(LoggerConfig.java:641)
	at org.apache.logging.log4j.core.config.LoggerConfig.log(LoggerConfig.java:624)
	at org.apache.logging.log4j.core.config.LoggerConfig.log(LoggerConfig.java:560)
	at org.apache.logging.log4j.core.config.AwaitCompletionReliabilityStrategy.log(AwaitCompletionReliabilityStrategy.java:82)
	at org.apache.logging.log4j.core.Logger.log(Logger.java:162)
	at org.apache.logging.log4j.spi.AbstractLogger.logMessage(AbstractLogger.java:2106)
	at org.apache.logging.log4j.internal.DefaultLogBuilder.logMessage(DefaultLogBuilder.java:241)
	at org.apache.logging.log4j.internal.DefaultLogBuilder.log(DefaultLogBuilder.java:162)
	at org.apache.xmlbeans.impl.schema.SchemaTypeSystemImpl.<init>(SchemaTypeSystemImpl.java:196)
	at org.apache.xmlbeans.metadata.system.sXMLCONFIG.TypeSystemHolder.<init>(TypeSystemHolder.java:9)
	at org.apache.xmlbeans.metadata.system.sXMLCONFIG.TypeSystemHolder.<clinit>(TypeSystemHolder.java:6)
	at java.base/java.lang.Class.forName0(Native Method)
	at java.base/java.lang.Class.forName(Class.java:398)
	at org.apache.xmlbeans.impl.schema.SchemaTypeLoaderImpl.build(SchemaTypeLoaderImpl.java:157)
	at org.apache.xmlbeans.impl.schema.SchemaTypeSystemImpl.<init>(SchemaTypeSystemImpl.java:198)
	at org.apache.poi.schemas.ooxml.system.ooxml.TypeSystemHolder.<init>(TypeSystemHolder.java:9)
	at org.apache.poi.schemas.ooxml.system.ooxml.TypeSystemHolder.<clinit>(TypeSystemHolder.java:6)
	at org.openxmlformats.schemas.drawingml.x2006.main.ThemeDocument.<clinit>(ThemeDocument.java:23)
	at org.apache.poi.xssf.model.ThemesTable.readFrom(ThemesTable.java:119)
	at org.apache.poi.xssf.model.ThemesTable.<init>(ThemesTable.java:87)
	at org.apache.poi.ooxml.POIXMLFactory.createDocumentPart(POIXMLFactory.java:61)
	at org.apache.poi.ooxml.POIXMLDocumentPart.read(POIXMLDocumentPart.java:661)
	at org.apache.poi.ooxml.POIXMLDocument.load(POIXMLDocument.java:165)
	at org.apache.poi.xssf.usermodel.XSSFWorkbook.<init>(XSSFWorkbook.java:260)
	at org.apache.poi.xssf.usermodel.XSSFWorkbook.<init>(XSSFWorkbook.java:290)
	at org.apache.poi.xssf.usermodel.XSSFWorkbook.<init>(XSSFWorkbook.java:286)
	at externalResources.ExcelDataRead.<init>(ExcelDataRead.java:22)
	at listeners.AnnotationsTransformer.toBeExecuted(AnnotationsTransformer.java:36)
	at listeners.AnnotationsTransformer.transform(AnnotationsTransformer.java:24)
	at org.testng.internal.annotations.JDK15AnnotationFinder.transform(JDK15AnnotationFinder.java:172)
	at org.testng.internal.annotations.JDK15AnnotationFinder.lambda$findAnnotation$0(JDK15AnnotationFinder.java:279)
	at java.base/java.util.concurrent.ConcurrentHashMap.computeIfAbsent(ConcurrentHashMap.java:1705)
	at org.testng.internal.annotations.JDK15AnnotationFinder.findAnnotation(JDK15AnnotationFinder.java:275)
	at org.testng.internal.annotations.JDK15AnnotationFinder.findAnnotation(JDK15AnnotationFinder.java:113)
	at org.testng.internal.TestNGClassFinder.isTestNGClass(TestNGClassFinder.java:275)
	at org.testng.internal.TestNGClassFinder.isNotTestNGClass(TestNGClassFinder.java:260)
	at org.testng.internal.TestNGClassFinder.processClass(TestNGClassFinder.java:94)
	at org.testng.internal.TestNGClassFinder.<init>(TestNGClassFinder.java:67)
	at org.testng.TestRunner.initMethods(TestRunner.java:442)
	at org.testng.TestRunner.init(TestRunner.java:336)
	at org.testng.TestRunner.init(TestRunner.java:289)
	at org.testng.TestRunner.<init>(TestRunner.java:179)
	at org.testng.SuiteRunner$DefaultTestRunnerFactory.newTestRunner(SuiteRunner.java:643)
	at org.testng.SuiteRunner.init(SuiteRunner.java:225)
	at org.testng.SuiteRunner.<init>(SuiteRunner.java:115)
	at org.testng.TestNG.createSuiteRunner(TestNG.java:1349)
	at org.testng.TestNG.createSuiteRunners(TestNG.java:1325)
	at org.testng.TestNG.runSuitesLocally(TestNG.java:1167)
	at org.testng.TestNG.runSuites(TestNG.java:1099)
	at org.testng.TestNG.run(TestNG.java:1067)
	at org.apache.maven.surefire.testng.TestNGExecutor.run(TestNGExecutor.java:324)
	at org.apache.maven.surefire.testng.TestNGXmlTestSuite.execute(TestNGXmlTestSuite.java:74)
	at org.apache.maven.surefire.testng.TestNGProvider.invoke(TestNGProvider.java:123)
	at org.apache.maven.surefire.booter.ForkedBooter.runSuitesInProcess(ForkedBooter.java:456)
	at org.apache.maven.surefire.booter.ForkedBooter.execute(ForkedBooter.java:169)
	at org.apache.maven.surefire.booter.ForkedBooter.run(ForkedBooter.java:595)
	at org.apache.maven.surefire.booter.ForkedBooter.main(ForkedBooter.java:581)

2023-02-13 11:57:15,444 main ERROR Could not create plugin of type class org.apache.logging.log4j.core.appender.RollingFileAppender for element RollingFile: java.lang.IllegalStateException: ManagerFactory [org.apache.logging.log4j.core.appender.rolling.RollingFileManager$RollingFileManagerFactory@4e6d7365] unable to create manager for [./results/logs/${ctx:threadName}.log] with data [org.apache.logging.log4j.core.appender.rolling.RollingFileManager$FactoryData@25a73de1[pattern=./results/logs/${ctx:threadName}-%d{yyyy-MM-dd}.log, append=true, bufferedIO=true, bufferSize=8192, policy=SizeBasedTriggeringPolicy(size=512000), strategy=DefaultRolloverStrategy(min=1, max=7, useMax=true), advertiseURI=null, layout=%d{HH:mm:ss.SSS} [%t] %-5level %logger{36} - %msg%n, filePermissions=null, fileOwner=null]] java.lang.IllegalStateException: ManagerFactory [org.apache.logging.log4j.core.appender.rolling.RollingFileManager$RollingFileManagerFactory@4e6d7365] unable to create manager for [./results/logs/${ctx:threadName}.log] with data [org.apache.logging.log4j.core.appender.rolling.RollingFileManager$FactoryData@25a73de1[pattern=./results/logs/${ctx:threadName}-%d{yyyy-MM-dd}.log, append=true, bufferedIO=true, bufferSize=8192, policy=SizeBasedTriggeringPolicy(size=512000), strategy=DefaultRolloverStrategy(min=1, max=7, useMax=true), advertiseURI=null, layout=%d{HH:mm:ss.SSS} [%t] %-5level %logger{36} - %msg%n, filePermissions=null, fileOwner=null]]
	at org.apache.logging.log4j.core.appender.AbstractManager.getManager(AbstractManager.java:146)
	at org.apache.logging.log4j.core.appender.OutputStreamManager.getManager(OutputStreamManager.java:100)
	at org.apache.logging.log4j.core.appender.rolling.RollingFileManager.getFileManager(RollingFileManager.java:217)
	at org.apache.logging.log4j.core.appender.RollingFileAppender$Builder.build(RollingFileAppender.java:135)
	at org.apache.logging.log4j.core.appender.RollingFileAppender$Builder.build(RollingFileAppender.java:62)
	at org.apache.logging.log4j.core.config.plugins.util.PluginBuilder.build(PluginBuilder.java:124)
	at org.apache.logging.log4j.core.config.AbstractConfiguration.createPluginObject(AbstractConfiguration.java:1138)
	at org.apache.logging.log4j.core.config.AbstractConfiguration.createConfiguration(AbstractConfiguration.java:1063)
	at org.apache.logging.log4j.core.appender.routing.RoutingAppender.createAppender(RoutingAppender.java:310)
	at org.apache.logging.log4j.core.appender.routing.RoutingAppender.getControl(RoutingAppender.java:282)
	at org.apache.logging.log4j.core.appender.routing.RoutingAppender.append(RoutingAppender.java:240)
	at org.apache.logging.log4j.core.config.AppenderControl.tryCallAppender(AppenderControl.java:161)
	at org.apache.logging.log4j.core.config.AppenderControl.callAppender0(AppenderControl.java:134)
	at org.apache.logging.log4j.core.config.AppenderControl.callAppenderPreventRecursion(AppenderControl.java:125)
	at org.apache.logging.log4j.core.config.AppenderControl.callAppender(AppenderControl.java:89)
	at org.apache.logging.log4j.core.config.LoggerConfig.callAppenders(LoggerConfig.java:683)
	at org.apache.logging.log4j.core.config.LoggerConfig.processLogEvent(LoggerConfig.java:641)
	at org.apache.logging.log4j.core.config.LoggerConfig.log(LoggerConfig.java:624)
	at org.apache.logging.log4j.core.config.LoggerConfig.log(LoggerConfig.java:560)
	at org.apache.logging.log4j.core.config.AwaitCompletionReliabilityStrategy.log(AwaitCompletionReliabilityStrategy.java:82)
	at org.apache.logging.log4j.core.Logger.log(Logger.java:162)
	at org.apache.logging.log4j.spi.AbstractLogger.logMessage(AbstractLogger.java:2106)
	at org.apache.logging.log4j.internal.DefaultLogBuilder.logMessage(DefaultLogBuilder.java:241)
	at org.apache.logging.log4j.internal.DefaultLogBuilder.log(DefaultLogBuilder.java:162)
	at org.apache.xmlbeans.impl.schema.SchemaTypeSystemImpl.<init>(SchemaTypeSystemImpl.java:196)
	at org.apache.xmlbeans.metadata.system.sXMLCONFIG.TypeSystemHolder.<init>(TypeSystemHolder.java:9)
	at org.apache.xmlbeans.metadata.system.sXMLCONFIG.TypeSystemHolder.<clinit>(TypeSystemHolder.java:6)
	at java.base/java.lang.Class.forName0(Native Method)
	at java.base/java.lang.Class.forName(Class.java:398)
	at org.apache.xmlbeans.impl.schema.SchemaTypeLoaderImpl.build(SchemaTypeLoaderImpl.java:157)
	at org.apache.xmlbeans.impl.schema.SchemaTypeSystemImpl.<init>(SchemaTypeSystemImpl.java:198)
	at org.apache.poi.schemas.ooxml.system.ooxml.TypeSystemHolder.<init>(TypeSystemHolder.java:9)
	at org.apache.poi.schemas.ooxml.system.ooxml.TypeSystemHolder.<clinit>(TypeSystemHolder.java:6)
	at org.openxmlformats.schemas.drawingml.x2006.main.ThemeDocument.<clinit>(ThemeDocument.java:23)
	at org.apache.poi.xssf.model.ThemesTable.readFrom(ThemesTable.java:119)
	at org.apache.poi.xssf.model.ThemesTable.<init>(ThemesTable.java:87)
	at org.apache.poi.ooxml.POIXMLFactory.createDocumentPart(POIXMLFactory.java:61)
	at org.apache.poi.ooxml.POIXMLDocumentPart.read(POIXMLDocumentPart.java:661)
	at org.apache.poi.ooxml.POIXMLDocument.load(POIXMLDocument.java:165)
	at org.apache.poi.xssf.usermodel.XSSFWorkbook.<init>(XSSFWorkbook.java:260)
	at org.apache.poi.xssf.usermodel.XSSFWorkbook.<init>(XSSFWorkbook.java:290)
	at org.apache.poi.xssf.usermodel.XSSFWorkbook.<init>(XSSFWorkbook.java:286)
	at externalResources.ExcelDataRead.<init>(ExcelDataRead.java:22)
	at listeners.AnnotationsTransformer.toBeExecuted(AnnotationsTransformer.java:36)
	at listeners.AnnotationsTransformer.transform(AnnotationsTransformer.java:24)
	at org.testng.internal.annotations.JDK15AnnotationFinder.transform(JDK15AnnotationFinder.java:172)
	at org.testng.internal.annotations.JDK15AnnotationFinder.lambda$findAnnotation$0(JDK15AnnotationFinder.java:279)
	at java.base/java.util.concurrent.ConcurrentHashMap.computeIfAbsent(ConcurrentHashMap.java:1705)
	at org.testng.internal.annotations.JDK15AnnotationFinder.findAnnotation(JDK15AnnotationFinder.java:275)
	at org.testng.internal.annotations.JDK15AnnotationFinder.findAnnotation(JDK15AnnotationFinder.java:113)
	at org.testng.internal.TestNGClassFinder.isTestNGClass(TestNGClassFinder.java:275)
	at org.testng.internal.TestNGClassFinder.isNotTestNGClass(TestNGClassFinder.java:260)
	at org.testng.internal.TestNGClassFinder.processClass(TestNGClassFinder.java:94)
	at org.testng.internal.TestNGClassFinder.<init>(TestNGClassFinder.java:67)
	at org.testng.TestRunner.initMethods(TestRunner.java:442)
	at org.testng.TestRunner.init(TestRunner.java:336)
	at org.testng.TestRunner.init(TestRunner.java:289)
	at org.testng.TestRunner.<init>(TestRunner.java:179)
	at org.testng.SuiteRunner$DefaultTestRunnerFactory.newTestRunner(SuiteRunner.java:643)
	at org.testng.SuiteRunner.init(SuiteRunner.java:225)
	at org.testng.SuiteRunner.<init>(SuiteRunner.java:115)
	at org.testng.TestNG.createSuiteRunner(TestNG.java:1349)
	at org.testng.TestNG.createSuiteRunners(TestNG.java:1325)
	at org.testng.TestNG.runSuitesLocally(TestNG.java:1167)
	at org.testng.TestNG.runSuites(TestNG.java:1099)
	at org.testng.TestNG.run(TestNG.java:1067)
	at org.apache.maven.surefire.testng.TestNGExecutor.run(TestNGExecutor.java:324)
	at org.apache.maven.surefire.testng.TestNGXmlTestSuite.execute(TestNGXmlTestSuite.java:74)
	at org.apache.maven.surefire.testng.TestNGProvider.invoke(TestNGProvider.java:123)
	at org.apache.maven.surefire.booter.ForkedBooter.runSuitesInProcess(ForkedBooter.java:456)
	at org.apache.maven.surefire.booter.ForkedBooter.execute(ForkedBooter.java:169)
	at org.apache.maven.surefire.booter.ForkedBooter.run(ForkedBooter.java:595)
	at org.apache.maven.surefire.booter.ForkedBooter.main(ForkedBooter.java:581)

2023-02-13 11:57:15,445 main ERROR Unable to invoke factory method in class org.apache.logging.log4j.core.appender.RollingFileAppender for element RollingFile: java.lang.IllegalStateException: No factory method found for class org.apache.logging.log4j.core.appender.RollingFileAppender java.lang.IllegalStateException: No factory method found for class org.apache.logging.log4j.core.appender.RollingFileAppender
	at org.apache.logging.log4j.core.config.plugins.util.PluginBuilder.findFactoryMethod(PluginBuilder.java:260)
	at org.apache.logging.log4j.core.config.plugins.util.PluginBuilder.build(PluginBuilder.java:136)
	at org.apache.logging.log4j.core.config.AbstractConfiguration.createPluginObject(AbstractConfiguration.java:1138)
	at org.apache.logging.log4j.core.config.AbstractConfiguration.createConfiguration(AbstractConfiguration.java:1063)
	at org.apache.logging.log4j.core.appender.routing.RoutingAppender.createAppender(RoutingAppender.java:310)
	at org.apache.logging.log4j.core.appender.routing.RoutingAppender.getControl(RoutingAppender.java:282)
	at org.apache.logging.log4j.core.appender.routing.RoutingAppender.append(RoutingAppender.java:240)
	at org.apache.logging.log4j.core.config.AppenderControl.tryCallAppender(AppenderControl.java:161)
	at org.apache.logging.log4j.core.config.AppenderControl.callAppender0(AppenderControl.java:134)
	at org.apache.logging.log4j.core.config.AppenderControl.callAppenderPreventRecursion(AppenderControl.java:125)
	at org.apache.logging.log4j.core.config.AppenderControl.callAppender(AppenderControl.java:89)
	at org.apache.logging.log4j.core.config.LoggerConfig.callAppenders(LoggerConfig.java:683)
	at org.apache.logging.log4j.core.config.LoggerConfig.processLogEvent(LoggerConfig.java:641)
	at org.apache.logging.log4j.core.config.LoggerConfig.log(LoggerConfig.java:624)
	at org.apache.logging.log4j.core.config.LoggerConfig.log(LoggerConfig.java:560)
	at org.apache.logging.log4j.core.config.AwaitCompletionReliabilityStrategy.log(AwaitCompletionReliabilityStrategy.java:82)
	at org.apache.logging.log4j.core.Logger.log(Logger.java:162)
	at org.apache.logging.log4j.spi.AbstractLogger.logMessage(AbstractLogger.java:2106)
	at org.apache.logging.log4j.internal.DefaultLogBuilder.logMessage(DefaultLogBuilder.java:241)
	at org.apache.logging.log4j.internal.DefaultLogBuilder.log(DefaultLogBuilder.java:162)
	at org.apache.xmlbeans.impl.schema.SchemaTypeSystemImpl.<init>(SchemaTypeSystemImpl.java:196)
	at org.apache.xmlbeans.metadata.system.sXMLCONFIG.TypeSystemHolder.<init>(TypeSystemHolder.java:9)
	at org.apache.xmlbeans.metadata.system.sXMLCONFIG.TypeSystemHolder.<clinit>(TypeSystemHolder.java:6)
	at java.base/java.lang.Class.forName0(Native Method)
	at java.base/java.lang.Class.forName(Class.java:398)
	at org.apache.xmlbeans.impl.schema.SchemaTypeLoaderImpl.build(SchemaTypeLoaderImpl.java:157)
	at org.apache.xmlbeans.impl.schema.SchemaTypeSystemImpl.<init>(SchemaTypeSystemImpl.java:198)
	at org.apache.poi.schemas.ooxml.system.ooxml.TypeSystemHolder.<init>(TypeSystemHolder.java:9)
	at org.apache.poi.schemas.ooxml.system.ooxml.TypeSystemHolder.<clinit>(TypeSystemHolder.java:6)
	at org.openxmlformats.schemas.drawingml.x2006.main.ThemeDocument.<clinit>(ThemeDocument.java:23)
	at org.apache.poi.xssf.model.ThemesTable.readFrom(ThemesTable.java:119)
	at org.apache.poi.xssf.model.ThemesTable.<init>(ThemesTable.java:87)
	at org.apache.poi.ooxml.POIXMLFactory.createDocumentPart(POIXMLFactory.java:61)
	at org.apache.poi.ooxml.POIXMLDocumentPart.read(POIXMLDocumentPart.java:661)
	at org.apache.poi.ooxml.POIXMLDocument.load(POIXMLDocument.java:165)
	at org.apache.poi.xssf.usermodel.XSSFWorkbook.<init>(XSSFWorkbook.java:260)
	at org.apache.poi.xssf.usermodel.XSSFWorkbook.<init>(XSSFWorkbook.java:290)
	at org.apache.poi.xssf.usermodel.XSSFWorkbook.<init>(XSSFWorkbook.java:286)
	at externalResources.ExcelDataRead.<init>(ExcelDataRead.java:22)
	at listeners.AnnotationsTransformer.toBeExecuted(AnnotationsTransformer.java:36)
	at listeners.AnnotationsTransformer.transform(AnnotationsTransformer.java:24)
	at org.testng.internal.annotations.JDK15AnnotationFinder.transform(JDK15AnnotationFinder.java:172)
	at org.testng.internal.annotations.JDK15AnnotationFinder.lambda$findAnnotation$0(JDK15AnnotationFinder.java:279)
	at java.base/java.util.concurrent.ConcurrentHashMap.computeIfAbsent(ConcurrentHashMap.java:1705)
	at org.testng.internal.annotations.JDK15AnnotationFinder.findAnnotation(JDK15AnnotationFinder.java:275)
	at org.testng.internal.annotations.JDK15AnnotationFinder.findAnnotation(JDK15AnnotationFinder.java:113)
	at org.testng.internal.TestNGClassFinder.isTestNGClass(TestNGClassFinder.java:275)
	at org.testng.internal.TestNGClassFinder.isNotTestNGClass(TestNGClassFinder.java:260)
	at org.testng.internal.TestNGClassFinder.processClass(TestNGClassFinder.java:94)
	at org.testng.internal.TestNGClassFinder.<init>(TestNGClassFinder.java:67)
	at org.testng.TestRunner.initMethods(TestRunner.java:442)
	at org.testng.TestRunner.init(TestRunner.java:336)
	at org.testng.TestRunner.init(TestRunner.java:289)
	at org.testng.TestRunner.<init>(TestRunner.java:179)
	at org.testng.SuiteRunner$DefaultTestRunnerFactory.newTestRunner(SuiteRunner.java:643)
	at org.testng.SuiteRunner.init(SuiteRunner.java:225)
	at org.testng.SuiteRunner.<init>(SuiteRunner.java:115)
	at org.testng.TestNG.createSuiteRunner(TestNG.java:1349)
	at org.testng.TestNG.createSuiteRunners(TestNG.java:1325)
	at org.testng.TestNG.runSuitesLocally(TestNG.java:1167)
	at org.testng.TestNG.runSuites(TestNG.java:1099)
	at org.testng.TestNG.run(TestNG.java:1067)
	at org.apache.maven.surefire.testng.TestNGExecutor.run(TestNGExecutor.java:324)
	at org.apache.maven.surefire.testng.TestNGXmlTestSuite.execute(TestNGXmlTestSuite.java:74)
	at org.apache.maven.surefire.testng.TestNGProvider.invoke(TestNGProvider.java:123)
	at org.apache.maven.surefire.booter.ForkedBooter.runSuitesInProcess(ForkedBooter.java:456)
	at org.apache.maven.surefire.booter.ForkedBooter.execute(ForkedBooter.java:169)
	at org.apache.maven.surefire.booter.ForkedBooter.run(ForkedBooter.java:595)
	at org.apache.maven.surefire.booter.ForkedBooter.main(ForkedBooter.java:581)

2023-02-13 11:57:15,448 main ERROR Unable to create file ./results/logs/${ctx:threadName}.log java.io.IOException: The filename, directory name, or volume label syntax is incorrect
	at java.base/java.io.WinNTFileSystem.canonicalize0(Native Method)
	at java.base/java.io.WinNTFileSystem.canonicalize(WinNTFileSystem.java:483)
	at java.base/java.io.File.getCanonicalPath(File.java:626)
	at java.base/java.io.File.getCanonicalFile(File.java:651)
	at org.apache.logging.log4j.core.util.FileUtils.makeParentDirs(FileUtils.java:139)
	at org.apache.logging.log4j.core.appender.rolling.RollingFileManager$RollingFileManagerFactory.createManager(RollingFileManager.java:734)
	at org.apache.logging.log4j.core.appender.rolling.RollingFileManager$RollingFileManagerFactory.createManager(RollingFileManager.java:718)
	at org.apache.logging.log4j.core.appender.AbstractManager.getManager(AbstractManager.java:144)
	at org.apache.logging.log4j.core.appender.OutputStreamManager.getManager(OutputStreamManager.java:100)
	at org.apache.logging.log4j.core.appender.rolling.RollingFileManager.getFileManager(RollingFileManager.java:217)
	at org.apache.logging.log4j.core.appender.RollingFileAppender$Builder.build(RollingFileAppender.java:135)
	at org.apache.logging.log4j.core.appender.RollingFileAppender$Builder.build(RollingFileAppender.java:62)
	at org.apache.logging.log4j.core.config.plugins.util.PluginBuilder.build(PluginBuilder.java:124)
	at org.apache.logging.log4j.core.config.AbstractConfiguration.createPluginObject(AbstractConfiguration.java:1138)
	at org.apache.logging.log4j.core.config.AbstractConfiguration.createConfiguration(AbstractConfiguration.java:1063)
	at org.apache.logging.log4j.core.appender.routing.RoutingAppender.createAppender(RoutingAppender.java:310)
	at org.apache.logging.log4j.core.appender.routing.RoutingAppender.getControl(RoutingAppender.java:282)
	at org.apache.logging.log4j.core.appender.routing.RoutingAppender.append(RoutingAppender.java:240)
	at org.apache.logging.log4j.core.config.AppenderControl.tryCallAppender(AppenderControl.java:161)
	at org.apache.logging.log4j.core.config.AppenderControl.callAppender0(AppenderControl.java:134)
	at org.apache.logging.log4j.core.config.AppenderControl.callAppenderPreventRecursion(AppenderControl.java:125)
	at org.apache.logging.log4j.core.config.AppenderControl.callAppender(AppenderControl.java:89)
	at org.apache.logging.log4j.core.config.LoggerConfig.callAppenders(LoggerConfig.java:683)
	at org.apache.logging.log4j.core.config.LoggerConfig.processLogEvent(LoggerConfig.java:641)
	at org.apache.logging.log4j.core.config.LoggerConfig.log(LoggerConfig.java:624)
	at org.apache.logging.log4j.core.config.LoggerConfig.log(LoggerConfig.java:560)
	at org.apache.logging.log4j.core.config.AwaitCompletionReliabilityStrategy.log(AwaitCompletionReliabilityStrategy.java:82)
	at org.apache.logging.log4j.core.Logger.log(Logger.java:162)
	at org.apache.logging.log4j.spi.AbstractLogger.logMessage(AbstractLogger.java:2106)
	at org.apache.logging.log4j.internal.DefaultLogBuilder.logMessage(DefaultLogBuilder.java:241)
	at org.apache.logging.log4j.internal.DefaultLogBuilder.log(DefaultLogBuilder.java:162)
	at org.apache.xmlbeans.impl.schema.SchemaTypeSystemImpl.<init>(SchemaTypeSystemImpl.java:196)
	at org.apache.xmlbeans.metadata.system.sXMLLANG.TypeSystemHolder.<init>(TypeSystemHolder.java:9)
	at org.apache.xmlbeans.metadata.system.sXMLLANG.TypeSystemHolder.<clinit>(TypeSystemHolder.java:6)
	at java.base/java.lang.Class.forName0(Native Method)
	at java.base/java.lang.Class.forName(Class.java:398)
	at org.apache.xmlbeans.impl.schema.SchemaTypeLoaderImpl.build(SchemaTypeLoaderImpl.java:157)
	at org.apache.xmlbeans.impl.schema.SchemaTypeSystemImpl.<init>(SchemaTypeSystemImpl.java:198)
	at org.apache.xmlbeans.metadata.system.sXMLCONFIG.TypeSystemHolder.<init>(TypeSystemHolder.java:9)
	at org.apache.xmlbeans.metadata.system.sXMLCONFIG.TypeSystemHolder.<clinit>(TypeSystemHolder.java:6)
	at java.base/java.lang.Class.forName0(Native Method)
	at java.base/java.lang.Class.forName(Class.java:398)
	at org.apache.xmlbeans.impl.schema.SchemaTypeLoaderImpl.build(SchemaTypeLoaderImpl.java:157)
	at org.apache.xmlbeans.impl.schema.SchemaTypeSystemImpl.<init>(SchemaTypeSystemImpl.java:198)
	at org.apache.poi.schemas.ooxml.system.ooxml.TypeSystemHolder.<init>(TypeSystemHolder.java:9)
	at org.apache.poi.schemas.ooxml.system.ooxml.TypeSystemHolder.<clinit>(TypeSystemHolder.java:6)
	at org.openxmlformats.schemas.drawingml.x2006.main.ThemeDocument.<clinit>(ThemeDocument.java:23)
	at org.apache.poi.xssf.model.ThemesTable.readFrom(ThemesTable.java:119)
	at org.apache.poi.xssf.model.ThemesTable.<init>(ThemesTable.java:87)
	at org.apache.poi.ooxml.POIXMLFactory.createDocumentPart(POIXMLFactory.java:61)
	at org.apache.poi.ooxml.POIXMLDocumentPart.read(POIXMLDocumentPart.java:661)
	at org.apache.poi.ooxml.POIXMLDocument.load(POIXMLDocument.java:165)
	at org.apache.poi.xssf.usermodel.XSSFWorkbook.<init>(XSSFWorkbook.java:260)
	at org.apache.poi.xssf.usermodel.XSSFWorkbook.<init>(XSSFWorkbook.java:290)
	at org.apache.poi.xssf.usermodel.XSSFWorkbook.<init>(XSSFWorkbook.java:286)
	at externalResources.ExcelDataRead.<init>(ExcelDataRead.java:22)
	at listeners.AnnotationsTransformer.toBeExecuted(AnnotationsTransformer.java:36)
	at listeners.AnnotationsTransformer.transform(AnnotationsTransformer.java:24)
	at org.testng.internal.annotations.JDK15AnnotationFinder.transform(JDK15AnnotationFinder.java:172)
	at org.testng.internal.annotations.JDK15AnnotationFinder.lambda$findAnnotation$0(JDK15AnnotationFinder.java:279)
	at java.base/java.util.concurrent.ConcurrentHashMap.computeIfAbsent(ConcurrentHashMap.java:1705)
	at org.testng.internal.annotations.JDK15AnnotationFinder.findAnnotation(JDK15AnnotationFinder.java:275)
	at org.testng.internal.annotations.JDK15AnnotationFinder.findAnnotation(JDK15AnnotationFinder.java:113)
	at org.testng.internal.TestNGClassFinder.isTestNGClass(TestNGClassFinder.java:275)
	at org.testng.internal.TestNGClassFinder.isNotTestNGClass(TestNGClassFinder.java:260)
	at org.testng.internal.TestNGClassFinder.processClass(TestNGClassFinder.java:94)
	at org.testng.internal.TestNGClassFinder.<init>(TestNGClassFinder.java:67)
	at org.testng.TestRunner.initMethods(TestRunner.java:442)
	at org.testng.TestRunner.init(TestRunner.java:336)
	at org.testng.TestRunner.init(TestRunner.java:289)
	at org.testng.TestRunner.<init>(TestRunner.java:179)
	at org.testng.SuiteRunner$DefaultTestRunnerFactory.newTestRunner(SuiteRunner.java:643)
	at org.testng.SuiteRunner.init(SuiteRunner.java:225)
	at org.testng.SuiteRunner.<init>(SuiteRunner.java:115)
	at org.testng.TestNG.createSuiteRunner(TestNG.java:1349)
	at org.testng.TestNG.createSuiteRunners(TestNG.java:1325)
	at org.testng.TestNG.runSuitesLocally(TestNG.java:1167)
	at org.testng.TestNG.runSuites(TestNG.java:1099)
	at org.testng.TestNG.run(TestNG.java:1067)
	at org.apache.maven.surefire.testng.TestNGExecutor.run(TestNGExecutor.java:324)
	at org.apache.maven.surefire.testng.TestNGXmlTestSuite.execute(TestNGXmlTestSuite.java:74)
	at org.apache.maven.surefire.testng.TestNGProvider.invoke(TestNGProvider.java:123)
	at org.apache.maven.surefire.booter.ForkedBooter.runSuitesInProcess(ForkedBooter.java:456)
	at org.apache.maven.surefire.booter.ForkedBooter.execute(ForkedBooter.java:169)
	at org.apache.maven.surefire.booter.ForkedBooter.run(ForkedBooter.java:595)
	at org.apache.maven.surefire.booter.ForkedBooter.main(ForkedBooter.java:581)

2023-02-13 11:57:15,449 main ERROR Could not create plugin of type class org.apache.logging.log4j.core.appender.RollingFileAppender for element RollingFile: java.lang.IllegalStateException: ManagerFactory [org.apache.logging.log4j.core.appender.rolling.RollingFileManager$RollingFileManagerFactory@4e6d7365] unable to create manager for [./results/logs/${ctx:threadName}.log] with data [org.apache.logging.log4j.core.appender.rolling.RollingFileManager$FactoryData@51827393[pattern=./results/logs/${ctx:threadName}-%d{yyyy-MM-dd}.log, append=true, bufferedIO=true, bufferSize=8192, policy=SizeBasedTriggeringPolicy(size=512000), strategy=DefaultRolloverStrategy(min=1, max=7, useMax=true), advertiseURI=null, layout=%d{HH:mm:ss.SSS} [%t] %-5level %logger{36} - %msg%n, filePermissions=null, fileOwner=null]] java.lang.IllegalStateException: ManagerFactory [org.apache.logging.log4j.core.appender.rolling.RollingFileManager$RollingFileManagerFactory@4e6d7365] unable to create manager for [./results/logs/${ctx:threadName}.log] with data [org.apache.logging.log4j.core.appender.rolling.RollingFileManager$FactoryData@51827393[pattern=./results/logs/${ctx:threadName}-%d{yyyy-MM-dd}.log, append=true, bufferedIO=true, bufferSize=8192, policy=SizeBasedTriggeringPolicy(size=512000), strategy=DefaultRolloverStrategy(min=1, max=7, useMax=true), advertiseURI=null, layout=%d{HH:mm:ss.SSS} [%t] %-5level %logger{36} - %msg%n, filePermissions=null, fileOwner=null]]
	at org.apache.logging.log4j.core.appender.AbstractManager.getManager(AbstractManager.java:146)
	at org.apache.logging.log4j.core.appender.OutputStreamManager.getManager(OutputStreamManager.java:100)
	at org.apache.logging.log4j.core.appender.rolling.RollingFileManager.getFileManager(RollingFileManager.java:217)
	at org.apache.logging.log4j.core.appender.RollingFileAppender$Builder.build(RollingFileAppender.java:135)
	at org.apache.logging.log4j.core.appender.RollingFileAppender$Builder.build(RollingFileAppender.java:62)
	at org.apache.logging.log4j.core.config.plugins.util.PluginBuilder.build(PluginBuilder.java:124)
	at org.apache.logging.log4j.core.config.AbstractConfiguration.createPluginObject(AbstractConfiguration.java:1138)
	at org.apache.logging.log4j.core.config.AbstractConfiguration.createConfiguration(AbstractConfiguration.java:1063)
	at org.apache.logging.log4j.core.appender.routing.RoutingAppender.createAppender(RoutingAppender.java:310)
	at org.apache.logging.log4j.core.appender.routing.RoutingAppender.getControl(RoutingAppender.java:282)
	at org.apache.logging.log4j.core.appender.routing.RoutingAppender.append(RoutingAppender.java:240)
	at org.apache.logging.log4j.core.config.AppenderControl.tryCallAppender(AppenderControl.java:161)
	at org.apache.logging.log4j.core.config.AppenderControl.callAppender0(AppenderControl.java:134)
	at org.apache.logging.log4j.core.config.AppenderControl.callAppenderPreventRecursion(AppenderControl.java:125)
	at org.apache.logging.log4j.core.config.AppenderControl.callAppender(AppenderControl.java:89)
	at org.apache.logging.log4j.core.config.LoggerConfig.callAppenders(LoggerConfig.java:683)
	at org.apache.logging.log4j.core.config.LoggerConfig.processLogEvent(LoggerConfig.java:641)
	at org.apache.logging.log4j.core.config.LoggerConfig.log(LoggerConfig.java:624)
	at org.apache.logging.log4j.core.config.LoggerConfig.log(LoggerConfig.java:560)
	at org.apache.logging.log4j.core.config.AwaitCompletionReliabilityStrategy.log(AwaitCompletionReliabilityStrategy.java:82)
	at org.apache.logging.log4j.core.Logger.log(Logger.java:162)
	at org.apache.logging.log4j.spi.AbstractLogger.logMessage(AbstractLogger.java:2106)
	at org.apache.logging.log4j.internal.DefaultLogBuilder.logMessage(DefaultLogBuilder.java:241)
	at org.apache.logging.log4j.internal.DefaultLogBuilder.log(DefaultLogBuilder.java:162)
	at org.apache.xmlbeans.impl.schema.SchemaTypeSystemImpl.<init>(SchemaTypeSystemImpl.java:196)
	at org.apache.xmlbeans.metadata.system.sXMLLANG.TypeSystemHolder.<init>(TypeSystemHolder.java:9)
	at org.apache.xmlbeans.metadata.system.sXMLLANG.TypeSystemHolder.<clinit>(TypeSystemHolder.java:6)
	at java.base/java.lang.Class.forName0(Native Method)
	at java.base/java.lang.Class.forName(Class.java:398)
	at org.apache.xmlbeans.impl.schema.SchemaTypeLoaderImpl.build(SchemaTypeLoaderImpl.java:157)
	at org.apache.xmlbeans.impl.schema.SchemaTypeSystemImpl.<init>(SchemaTypeSystemImpl.java:198)
	at org.apache.xmlbeans.metadata.system.sXMLCONFIG.TypeSystemHolder.<init>(TypeSystemHolder.java:9)
	at org.apache.xmlbeans.metadata.system.sXMLCONFIG.TypeSystemHolder.<clinit>(TypeSystemHolder.java:6)
	at java.base/java.lang.Class.forName0(Native Method)
	at java.base/java.lang.Class.forName(Class.java:398)
	at org.apache.xmlbeans.impl.schema.SchemaTypeLoaderImpl.build(SchemaTypeLoaderImpl.java:157)
	at org.apache.xmlbeans.impl.schema.SchemaTypeSystemImpl.<init>(SchemaTypeSystemImpl.java:198)
	at org.apache.poi.schemas.ooxml.system.ooxml.TypeSystemHolder.<init>(TypeSystemHolder.java:9)
	at org.apache.poi.schemas.ooxml.system.ooxml.TypeSystemHolder.<clinit>(TypeSystemHolder.java:6)
	at org.openxmlformats.schemas.drawingml.x2006.main.ThemeDocument.<clinit>(ThemeDocument.java:23)
	at org.apache.poi.xssf.model.ThemesTable.readFrom(ThemesTable.java:119)
	at org.apache.poi.xssf.model.ThemesTable.<init>(ThemesTable.java:87)
	at org.apache.poi.ooxml.POIXMLFactory.createDocumentPart(POIXMLFactory.java:61)
	at org.apache.poi.ooxml.POIXMLDocumentPart.read(POIXMLDocumentPart.java:661)
	at org.apache.poi.ooxml.POIXMLDocument.load(POIXMLDocument.java:165)
	at org.apache.poi.xssf.usermodel.XSSFWorkbook.<init>(XSSFWorkbook.java:260)
	at org.apache.poi.xssf.usermodel.XSSFWorkbook.<init>(XSSFWorkbook.java:290)
	at org.apache.poi.xssf.usermodel.XSSFWorkbook.<init>(XSSFWorkbook.java:286)
	at externalResources.ExcelDataRead.<init>(ExcelDataRead.java:22)
	at listeners.AnnotationsTransformer.toBeExecuted(AnnotationsTransformer.java:36)
	at listeners.AnnotationsTransformer.transform(AnnotationsTransformer.java:24)
	at org.testng.internal.annotations.JDK15AnnotationFinder.transform(JDK15AnnotationFinder.java:172)
	at org.testng.internal.annotations.JDK15AnnotationFinder.lambda$findAnnotation$0(JDK15AnnotationFinder.java:279)
	at java.base/java.util.concurrent.ConcurrentHashMap.computeIfAbsent(ConcurrentHashMap.java:1705)
	at org.testng.internal.annotations.JDK15AnnotationFinder.findAnnotation(JDK15AnnotationFinder.java:275)
	at org.testng.internal.annotations.JDK15AnnotationFinder.findAnnotation(JDK15AnnotationFinder.java:113)
	at org.testng.internal.TestNGClassFinder.isTestNGClass(TestNGClassFinder.java:275)
	at org.testng.internal.TestNGClassFinder.isNotTestNGClass(TestNGClassFinder.java:260)
	at org.testng.internal.TestNGClassFinder.processClass(TestNGClassFinder.java:94)
	at org.testng.internal.TestNGClassFinder.<init>(TestNGClassFinder.java:67)
	at org.testng.TestRunner.initMethods(TestRunner.java:442)
	at org.testng.TestRunner.init(TestRunner.java:336)
	at org.testng.TestRunner.init(TestRunner.java:289)
	at org.testng.TestRunner.<init>(TestRunner.java:179)
	at org.testng.SuiteRunner$DefaultTestRunnerFactory.newTestRunner(SuiteRunner.java:643)
	at org.testng.SuiteRunner.init(SuiteRunner.java:225)
	at org.testng.SuiteRunner.<init>(SuiteRunner.java:115)
	at org.testng.TestNG.createSuiteRunner(TestNG.java:1349)
	at org.testng.TestNG.createSuiteRunners(TestNG.java:1325)
	at org.testng.TestNG.runSuitesLocally(TestNG.java:1167)
	at org.testng.TestNG.runSuites(TestNG.java:1099)
	at org.testng.TestNG.run(TestNG.java:1067)
	at org.apache.maven.surefire.testng.TestNGExecutor.run(TestNGExecutor.java:324)
	at org.apache.maven.surefire.testng.TestNGXmlTestSuite.execute(TestNGXmlTestSuite.java:74)
	at org.apache.maven.surefire.testng.TestNGProvider.invoke(TestNGProvider.java:123)
	at org.apache.maven.surefire.booter.ForkedBooter.runSuitesInProcess(ForkedBooter.java:456)
	at org.apache.maven.surefire.booter.ForkedBooter.execute(ForkedBooter.java:169)
	at org.apache.maven.surefire.booter.ForkedBooter.run(ForkedBooter.java:595)
	at org.apache.maven.surefire.booter.ForkedBooter.main(ForkedBooter.java:581)

2023-02-13 11:57:15,450 main ERROR Unable to invoke factory method in class org.apache.logging.log4j.core.appender.RollingFileAppender for element RollingFile: java.lang.IllegalStateException: No factory method found for class org.apache.logging.log4j.core.appender.RollingFileAppender java.lang.IllegalStateException: No factory method found for class org.apache.logging.log4j.core.appender.RollingFileAppender
	at org.apache.logging.log4j.core.config.plugins.util.PluginBuilder.findFactoryMethod(PluginBuilder.java:260)
	at org.apache.logging.log4j.core.config.plugins.util.PluginBuilder.build(PluginBuilder.java:136)
	at org.apache.logging.log4j.core.config.AbstractConfiguration.createPluginObject(AbstractConfiguration.java:1138)
	at org.apache.logging.log4j.core.config.AbstractConfiguration.createConfiguration(AbstractConfiguration.java:1063)
	at org.apache.logging.log4j.core.appender.routing.RoutingAppender.createAppender(RoutingAppender.java:310)
	at org.apache.logging.log4j.core.appender.routing.RoutingAppender.getControl(RoutingAppender.java:282)
	at org.apache.logging.log4j.core.appender.routing.RoutingAppender.append(RoutingAppender.java:240)
	at org.apache.logging.log4j.core.config.AppenderControl.tryCallAppender(AppenderControl.java:161)
	at org.apache.logging.log4j.core.config.AppenderControl.callAppender0(AppenderControl.java:134)
	at org.apache.logging.log4j.core.config.AppenderControl.callAppenderPreventRecursion(AppenderControl.java:125)
	at org.apache.logging.log4j.core.config.AppenderControl.callAppender(AppenderControl.java:89)
	at org.apache.logging.log4j.core.config.LoggerConfig.callAppenders(LoggerConfig.java:683)
	at org.apache.logging.log4j.core.config.LoggerConfig.processLogEvent(LoggerConfig.java:641)
	at org.apache.logging.log4j.core.config.LoggerConfig.log(LoggerConfig.java:624)
	at org.apache.logging.log4j.core.config.LoggerConfig.log(LoggerConfig.java:560)
	at org.apache.logging.log4j.core.config.AwaitCompletionReliabilityStrategy.log(AwaitCompletionReliabilityStrategy.java:82)
	at org.apache.logging.log4j.core.Logger.log(Logger.java:162)
	at org.apache.logging.log4j.spi.AbstractLogger.logMessage(AbstractLogger.java:2106)
	at org.apache.logging.log4j.internal.DefaultLogBuilder.logMessage(DefaultLogBuilder.java:241)
	at org.apache.logging.log4j.internal.DefaultLogBuilder.log(DefaultLogBuilder.java:162)
	at org.apache.xmlbeans.impl.schema.SchemaTypeSystemImpl.<init>(SchemaTypeSystemImpl.java:196)
	at org.apache.xmlbeans.metadata.system.sXMLLANG.TypeSystemHolder.<init>(TypeSystemHolder.java:9)
	at org.apache.xmlbeans.metadata.system.sXMLLANG.TypeSystemHolder.<clinit>(TypeSystemHolder.java:6)
	at java.base/java.lang.Class.forName0(Native Method)
	at java.base/java.lang.Class.forName(Class.java:398)
	at org.apache.xmlbeans.impl.schema.SchemaTypeLoaderImpl.build(SchemaTypeLoaderImpl.java:157)
	at org.apache.xmlbeans.impl.schema.SchemaTypeSystemImpl.<init>(SchemaTypeSystemImpl.java:198)
	at org.apache.xmlbeans.metadata.system.sXMLCONFIG.TypeSystemHolder.<init>(TypeSystemHolder.java:9)
	at org.apache.xmlbeans.metadata.system.sXMLCONFIG.TypeSystemHolder.<clinit>(TypeSystemHolder.java:6)
	at java.base/java.lang.Class.forName0(Native Method)
	at java.base/java.lang.Class.forName(Class.java:398)
	at org.apache.xmlbeans.impl.schema.SchemaTypeLoaderImpl.build(SchemaTypeLoaderImpl.java:157)
	at org.apache.xmlbeans.impl.schema.SchemaTypeSystemImpl.<init>(SchemaTypeSystemImpl.java:198)
	at org.apache.poi.schemas.ooxml.system.ooxml.TypeSystemHolder.<init>(TypeSystemHolder.java:9)
	at org.apache.poi.schemas.ooxml.system.ooxml.TypeSystemHolder.<clinit>(TypeSystemHolder.java:6)
	at org.openxmlformats.schemas.drawingml.x2006.main.ThemeDocument.<clinit>(ThemeDocument.java:23)
	at org.apache.poi.xssf.model.ThemesTable.readFrom(ThemesTable.java:119)
	at org.apache.poi.xssf.model.ThemesTable.<init>(ThemesTable.java:87)
	at org.apache.poi.ooxml.POIXMLFactory.createDocumentPart(POIXMLFactory.java:61)
	at org.apache.poi.ooxml.POIXMLDocumentPart.read(POIXMLDocumentPart.java:661)
	at org.apache.poi.ooxml.POIXMLDocument.load(POIXMLDocument.java:165)
	at org.apache.poi.xssf.usermodel.XSSFWorkbook.<init>(XSSFWorkbook.java:260)
	at org.apache.poi.xssf.usermodel.XSSFWorkbook.<init>(XSSFWorkbook.java:290)
	at org.apache.poi.xssf.usermodel.XSSFWorkbook.<init>(XSSFWorkbook.java:286)
	at externalResources.ExcelDataRead.<init>(ExcelDataRead.java:22)
	at listeners.AnnotationsTransformer.toBeExecuted(AnnotationsTransformer.java:36)
	at listeners.AnnotationsTransformer.transform(AnnotationsTransformer.java:24)
	at org.testng.internal.annotations.JDK15AnnotationFinder.transform(JDK15AnnotationFinder.java:172)
	at org.testng.internal.annotations.JDK15AnnotationFinder.lambda$findAnnotation$0(JDK15AnnotationFinder.java:279)
	at java.base/java.util.concurrent.ConcurrentHashMap.computeIfAbsent(ConcurrentHashMap.java:1705)
	at org.testng.internal.annotations.JDK15AnnotationFinder.findAnnotation(JDK15AnnotationFinder.java:275)
	at org.testng.internal.annotations.JDK15AnnotationFinder.findAnnotation(JDK15AnnotationFinder.java:113)
	at org.testng.internal.TestNGClassFinder.isTestNGClass(TestNGClassFinder.java:275)
	at org.testng.internal.TestNGClassFinder.isNotTestNGClass(TestNGClassFinder.java:260)
	at org.testng.internal.TestNGClassFinder.processClass(TestNGClassFinder.java:94)
	at org.testng.internal.TestNGClassFinder.<init>(TestNGClassFinder.java:67)
	at org.testng.TestRunner.initMethods(TestRunner.java:442)
	at org.testng.TestRunner.init(TestRunner.java:336)
	at org.testng.TestRunner.init(TestRunner.java:289)
	at org.testng.TestRunner.<init>(TestRunner.java:179)
	at org.testng.SuiteRunner$DefaultTestRunnerFactory.newTestRunner(SuiteRunner.java:643)
	at org.testng.SuiteRunner.init(SuiteRunner.java:225)
	at org.testng.SuiteRunner.<init>(SuiteRunner.java:115)
	at org.testng.TestNG.createSuiteRunner(TestNG.java:1349)
	at org.testng.TestNG.createSuiteRunners(TestNG.java:1325)
	at org.testng.TestNG.runSuitesLocally(TestNG.java:1167)
	at org.testng.TestNG.runSuites(TestNG.java:1099)
	at org.testng.TestNG.run(TestNG.java:1067)
	at org.apache.maven.surefire.testng.TestNGExecutor.run(TestNGExecutor.java:324)
	at org.apache.maven.surefire.testng.TestNGXmlTestSuite.execute(TestNGXmlTestSuite.java:74)
	at org.apache.maven.surefire.testng.TestNGProvider.invoke(TestNGProvider.java:123)
	at org.apache.maven.surefire.booter.ForkedBooter.runSuitesInProcess(ForkedBooter.java:456)
	at org.apache.maven.surefire.booter.ForkedBooter.execute(ForkedBooter.java:169)
	at org.apache.maven.surefire.booter.ForkedBooter.run(ForkedBooter.java:595)
	at org.apache.maven.surefire.booter.ForkedBooter.main(ForkedBooter.java:581)

2023-02-13 11:57:15,455 main ERROR Unable to create file ./results/logs/${ctx:threadName}.log java.io.IOException: The filename, directory name, or volume label syntax is incorrect
	at java.base/java.io.WinNTFileSystem.canonicalize0(Native Method)
	at java.base/java.io.WinNTFileSystem.canonicalize(WinNTFileSystem.java:483)
	at java.base/java.io.File.getCanonicalPath(File.java:626)
	at java.base/java.io.File.getCanonicalFile(File.java:651)
	at org.apache.logging.log4j.core.util.FileUtils.makeParentDirs(FileUtils.java:139)
	at org.apache.logging.log4j.core.appender.rolling.RollingFileManager$RollingFileManagerFactory.createManager(RollingFileManager.java:734)
	at org.apache.logging.log4j.core.appender.rolling.RollingFileManager$RollingFileManagerFactory.createManager(RollingFileManager.java:718)
	at org.apache.logging.log4j.core.appender.AbstractManager.getManager(AbstractManager.java:144)
	at org.apache.logging.log4j.core.appender.OutputStreamManager.getManager(OutputStreamManager.java:100)
	at org.apache.logging.log4j.core.appender.rolling.RollingFileManager.getFileManager(RollingFileManager.java:217)
	at org.apache.logging.log4j.core.appender.RollingFileAppender$Builder.build(RollingFileAppender.java:135)
	at org.apache.logging.log4j.core.appender.RollingFileAppender$Builder.build(RollingFileAppender.java:62)
	at org.apache.logging.log4j.core.config.plugins.util.PluginBuilder.build(PluginBuilder.java:124)
	at org.apache.logging.log4j.core.config.AbstractConfiguration.createPluginObject(AbstractConfiguration.java:1138)
	at org.apache.logging.log4j.core.config.AbstractConfiguration.createConfiguration(AbstractConfiguration.java:1063)
	at org.apache.logging.log4j.core.appender.routing.RoutingAppender.createAppender(RoutingAppender.java:310)
	at org.apache.logging.log4j.core.appender.routing.RoutingAppender.getControl(RoutingAppender.java:282)
	at org.apache.logging.log4j.core.appender.routing.RoutingAppender.append(RoutingAppender.java:240)
	at org.apache.logging.log4j.core.config.AppenderControl.tryCallAppender(AppenderControl.java:161)
	at org.apache.logging.log4j.core.config.AppenderControl.callAppender0(AppenderControl.java:134)
	at org.apache.logging.log4j.core.config.AppenderControl.callAppenderPreventRecursion(AppenderControl.java:125)
	at org.apache.logging.log4j.core.config.AppenderControl.callAppender(AppenderControl.java:89)
	at org.apache.logging.log4j.core.config.LoggerConfig.callAppenders(LoggerConfig.java:683)
	at org.apache.logging.log4j.core.config.LoggerConfig.processLogEvent(LoggerConfig.java:641)
	at org.apache.logging.log4j.core.config.LoggerConfig.log(LoggerConfig.java:624)
	at org.apache.logging.log4j.core.config.LoggerConfig.log(LoggerConfig.java:560)
	at org.apache.logging.log4j.core.config.AwaitCompletionReliabilityStrategy.log(AwaitCompletionReliabilityStrategy.java:82)
	at org.apache.logging.log4j.core.Logger.log(Logger.java:162)
	at org.apache.logging.log4j.spi.AbstractLogger.logMessage(AbstractLogger.java:2106)
	at org.apache.logging.log4j.internal.DefaultLogBuilder.logMessage(DefaultLogBuilder.java:241)
	at org.apache.logging.log4j.internal.DefaultLogBuilder.log(DefaultLogBuilder.java:162)
	at org.apache.xmlbeans.impl.schema.SchemaTypeSystemImpl.<init>(SchemaTypeSystemImpl.java:196)
	at org.apache.xmlbeans.metadata.system.sXMLSCHEMA.TypeSystemHolder.<init>(TypeSystemHolder.java:9)
	at org.apache.xmlbeans.metadata.system.sXMLSCHEMA.TypeSystemHolder.<clinit>(TypeSystemHolder.java:6)
	at java.base/java.lang.Class.forName0(Native Method)
	at java.base/java.lang.Class.forName(Class.java:398)
	at org.apache.xmlbeans.impl.schema.SchemaTypeLoaderImpl.build(SchemaTypeLoaderImpl.java:157)
	at org.apache.xmlbeans.impl.schema.SchemaTypeSystemImpl.<init>(SchemaTypeSystemImpl.java:198)
	at org.apache.xmlbeans.metadata.system.sXMLLANG.TypeSystemHolder.<init>(TypeSystemHolder.java:9)
	at org.apache.xmlbeans.metadata.system.sXMLLANG.TypeSystemHolder.<clinit>(TypeSystemHolder.java:6)
	at java.base/java.lang.Class.forName0(Native Method)
	at java.base/java.lang.Class.forName(Class.java:398)
	at org.apache.xmlbeans.impl.schema.SchemaTypeLoaderImpl.build(SchemaTypeLoaderImpl.java:157)
	at org.apache.xmlbeans.impl.schema.SchemaTypeSystemImpl.<init>(SchemaTypeSystemImpl.java:198)
	at org.apache.xmlbeans.metadata.system.sXMLCONFIG.TypeSystemHolder.<init>(TypeSystemHolder.java:9)
	at org.apache.xmlbeans.metadata.system.sXMLCONFIG.TypeSystemHolder.<clinit>(TypeSystemHolder.java:6)
	at java.base/java.lang.Class.forName0(Native Method)
	at java.base/java.lang.Class.forName(Class.java:398)
	at org.apache.xmlbeans.impl.schema.SchemaTypeLoaderImpl.build(SchemaTypeLoaderImpl.java:157)
	at org.apache.xmlbeans.impl.schema.SchemaTypeSystemImpl.<init>(SchemaTypeSystemImpl.java:198)
	at org.apache.poi.schemas.ooxml.system.ooxml.TypeSystemHolder.<init>(TypeSystemHolder.java:9)
	at org.apache.poi.schemas.ooxml.system.ooxml.TypeSystemHolder.<clinit>(TypeSystemHolder.java:6)
	at org.openxmlformats.schemas.drawingml.x2006.main.ThemeDocument.<clinit>(ThemeDocument.java:23)
	at org.apache.poi.xssf.model.ThemesTable.readFrom(ThemesTable.java:119)
	at org.apache.poi.xssf.model.ThemesTable.<init>(ThemesTable.java:87)
	at org.apache.poi.ooxml.POIXMLFactory.createDocumentPart(POIXMLFactory.java:61)
	at org.apache.poi.ooxml.POIXMLDocumentPart.read(POIXMLDocumentPart.java:661)
	at org.apache.poi.ooxml.POIXMLDocument.load(POIXMLDocument.java:165)
	at org.apache.poi.xssf.usermodel.XSSFWorkbook.<init>(XSSFWorkbook.java:260)
	at org.apache.poi.xssf.usermodel.XSSFWorkbook.<init>(XSSFWorkbook.java:290)
	at org.apache.poi.xssf.usermodel.XSSFWorkbook.<init>(XSSFWorkbook.java:286)
	at externalResources.ExcelDataRead.<init>(ExcelDataRead.java:22)
	at listeners.AnnotationsTransformer.toBeExecuted(AnnotationsTransformer.java:36)
	at listeners.AnnotationsTransformer.transform(AnnotationsTransformer.java:24)
	at org.testng.internal.annotations.JDK15AnnotationFinder.transform(JDK15AnnotationFinder.java:172)
	at org.testng.internal.annotations.JDK15AnnotationFinder.lambda$findAnnotation$0(JDK15AnnotationFinder.java:279)
	at java.base/java.util.concurrent.ConcurrentHashMap.computeIfAbsent(ConcurrentHashMap.java:1705)
	at org.testng.internal.annotations.JDK15AnnotationFinder.findAnnotation(JDK15AnnotationFinder.java:275)
	at org.testng.internal.annotations.JDK15AnnotationFinder.findAnnotation(JDK15AnnotationFinder.java:113)
	at org.testng.internal.TestNGClassFinder.isTestNGClass(TestNGClassFinder.java:275)
	at org.testng.internal.TestNGClassFinder.isNotTestNGClass(TestNGClassFinder.java:260)
	at org.testng.internal.TestNGClassFinder.processClass(TestNGClassFinder.java:94)
	at org.testng.internal.TestNGClassFinder.<init>(TestNGClassFinder.java:67)
	at org.testng.TestRunner.initMethods(TestRunner.java:442)
	at org.testng.TestRunner.init(TestRunner.java:336)
	at org.testng.TestRunner.init(TestRunner.java:289)
	at org.testng.TestRunner.<init>(TestRunner.java:179)
	at org.testng.SuiteRunner$DefaultTestRunnerFactory.newTestRunner(SuiteRunner.java:643)
	at org.testng.SuiteRunner.init(SuiteRunner.java:225)
	at org.testng.SuiteRunner.<init>(SuiteRunner.java:115)
	at org.testng.TestNG.createSuiteRunner(TestNG.java:1349)
	at org.testng.TestNG.createSuiteRunners(TestNG.java:1325)
	at org.testng.TestNG.runSuitesLocally(TestNG.java:1167)
	at org.testng.TestNG.runSuites(TestNG.java:1099)
	at org.testng.TestNG.run(TestNG.java:1067)
	at org.apache.maven.surefire.testng.TestNGExecutor.run(TestNGExecutor.java:324)
	at org.apache.maven.surefire.testng.TestNGXmlTestSuite.execute(TestNGXmlTestSuite.java:74)
	at org.apache.maven.surefire.testng.TestNGProvider.invoke(TestNGProvider.java:123)
	at org.apache.maven.surefire.booter.ForkedBooter.runSuitesInProcess(ForkedBooter.java:456)
	at org.apache.maven.surefire.booter.ForkedBooter.execute(ForkedBooter.java:169)
	at org.apache.maven.surefire.booter.ForkedBooter.run(ForkedBooter.java:595)
	at org.apache.maven.surefire.booter.ForkedBooter.main(ForkedBooter.java:581)

2023-02-13 11:57:15,457 main ERROR Could not create plugin of type class org.apache.logging.log4j.core.appender.RollingFileAppender for element RollingFile: java.lang.IllegalStateException: ManagerFactory [org.apache.logging.log4j.core.appender.rolling.RollingFileManager$RollingFileManagerFactory@4e6d7365] unable to create manager for [./results/logs/${ctx:threadName}.log] with data [org.apache.logging.log4j.core.appender.rolling.RollingFileManager$FactoryData@46d8f407[pattern=./results/logs/${ctx:threadName}-%d{yyyy-MM-dd}.log, append=true, bufferedIO=true, bufferSize=8192, policy=SizeBasedTriggeringPolicy(size=512000), strategy=DefaultRolloverStrategy(min=1, max=7, useMax=true), advertiseURI=null, layout=%d{HH:mm:ss.SSS} [%t] %-5level %logger{36} - %msg%n, filePermissions=null, fileOwner=null]] java.lang.IllegalStateException: ManagerFactory [org.apache.logging.log4j.core.appender.rolling.RollingFileManager$RollingFileManagerFactory@4e6d7365] unable to create manager for [./results/logs/${ctx:threadName}.log] with data [org.apache.logging.log4j.core.appender.rolling.RollingFileManager$FactoryData@46d8f407[pattern=./results/logs/${ctx:threadName}-%d{yyyy-MM-dd}.log, append=true, bufferedIO=true, bufferSize=8192, policy=SizeBasedTriggeringPolicy(size=512000), strategy=DefaultRolloverStrategy(min=1, max=7, useMax=true), advertiseURI=null, layout=%d{HH:mm:ss.SSS} [%t] %-5level %logger{36} - %msg%n, filePermissions=null, fileOwner=null]]
	at org.apache.logging.log4j.core.appender.AbstractManager.getManager(AbstractManager.java:146)
	at org.apache.logging.log4j.core.appender.OutputStreamManager.getManager(OutputStreamManager.java:100)
	at org.apache.logging.log4j.core.appender.rolling.RollingFileManager.getFileManager(RollingFileManager.java:217)
	at org.apache.logging.log4j.core.appender.RollingFileAppender$Builder.build(RollingFileAppender.java:135)
	at org.apache.logging.log4j.core.appender.RollingFileAppender$Builder.build(RollingFileAppender.java:62)
	at org.apache.logging.log4j.core.config.plugins.util.PluginBuilder.build(PluginBuilder.java:124)
	at org.apache.logging.log4j.core.config.AbstractConfiguration.createPluginObject(AbstractConfiguration.java:1138)
	at org.apache.logging.log4j.core.config.AbstractConfiguration.createConfiguration(AbstractConfiguration.java:1063)
	at org.apache.logging.log4j.core.appender.routing.RoutingAppender.createAppender(RoutingAppender.java:310)
	at org.apache.logging.log4j.core.appender.routing.RoutingAppender.getControl(RoutingAppender.java:282)
	at org.apache.logging.log4j.core.appender.routing.RoutingAppender.append(RoutingAppender.java:240)
	at org.apache.logging.log4j.core.config.AppenderControl.tryCallAppender(AppenderControl.java:161)
	at org.apache.logging.log4j.core.config.AppenderControl.callAppender0(AppenderControl.java:134)
	at org.apache.logging.log4j.core.config.AppenderControl.callAppenderPreventRecursion(AppenderControl.java:125)
	at org.apache.logging.log4j.core.config.AppenderControl.callAppender(AppenderControl.java:89)
	at org.apache.logging.log4j.core.config.LoggerConfig.callAppenders(LoggerConfig.java:683)
	at org.apache.logging.log4j.core.config.LoggerConfig.processLogEvent(LoggerConfig.java:641)
	at org.apache.logging.log4j.core.config.LoggerConfig.log(LoggerConfig.java:624)
	at org.apache.logging.log4j.core.config.LoggerConfig.log(LoggerConfig.java:560)
	at org.apache.logging.log4j.core.config.AwaitCompletionReliabilityStrategy.log(AwaitCompletionReliabilityStrategy.java:82)
	at org.apache.logging.log4j.core.Logger.log(Logger.java:162)
	at org.apache.logging.log4j.spi.AbstractLogger.logMessage(AbstractLogger.java:2106)
	at org.apache.logging.log4j.internal.DefaultLogBuilder.logMessage(DefaultLogBuilder.java:241)
	at org.apache.logging.log4j.internal.DefaultLogBuilder.log(DefaultLogBuilder.java:162)
	at org.apache.xmlbeans.impl.schema.SchemaTypeSystemImpl.<init>(SchemaTypeSystemImpl.java:196)
	at org.apache.xmlbeans.metadata.system.sXMLSCHEMA.TypeSystemHolder.<init>(TypeSystemHolder.java:9)
	at org.apache.xmlbeans.metadata.system.sXMLSCHEMA.TypeSystemHolder.<clinit>(TypeSystemHolder.java:6)
	at java.base/java.lang.Class.forName0(Native Method)
	at java.base/java.lang.Class.forName(Class.java:398)
	at org.apache.xmlbeans.impl.schema.SchemaTypeLoaderImpl.build(SchemaTypeLoaderImpl.java:157)
	at org.apache.xmlbeans.impl.schema.SchemaTypeSystemImpl.<init>(SchemaTypeSystemImpl.java:198)
	at org.apache.xmlbeans.metadata.system.sXMLLANG.TypeSystemHolder.<init>(TypeSystemHolder.java:9)
	at org.apache.xmlbeans.metadata.system.sXMLLANG.TypeSystemHolder.<clinit>(TypeSystemHolder.java:6)
	at java.base/java.lang.Class.forName0(Native Method)
	at java.base/java.lang.Class.forName(Class.java:398)
	at org.apache.xmlbeans.impl.schema.SchemaTypeLoaderImpl.build(SchemaTypeLoaderImpl.java:157)
	at org.apache.xmlbeans.impl.schema.SchemaTypeSystemImpl.<init>(SchemaTypeSystemImpl.java:198)
	at org.apache.xmlbeans.metadata.system.sXMLCONFIG.TypeSystemHolder.<init>(TypeSystemHolder.java:9)
	at org.apache.xmlbeans.metadata.system.sXMLCONFIG.TypeSystemHolder.<clinit>(TypeSystemHolder.java:6)
	at java.base/java.lang.Class.forName0(Native Method)
	at java.base/java.lang.Class.forName(Class.java:398)
	at org.apache.xmlbeans.impl.schema.SchemaTypeLoaderImpl.build(SchemaTypeLoaderImpl.java:157)
	at org.apache.xmlbeans.impl.schema.SchemaTypeSystemImpl.<init>(SchemaTypeSystemImpl.java:198)
	at org.apache.poi.schemas.ooxml.system.ooxml.TypeSystemHolder.<init>(TypeSystemHolder.java:9)
	at org.apache.poi.schemas.ooxml.system.ooxml.TypeSystemHolder.<clinit>(TypeSystemHolder.java:6)
	at org.openxmlformats.schemas.drawingml.x2006.main.ThemeDocument.<clinit>(ThemeDocument.java:23)
	at org.apache.poi.xssf.model.ThemesTable.readFrom(ThemesTable.java:119)
	at org.apache.poi.xssf.model.ThemesTable.<init>(ThemesTable.java:87)
	at org.apache.poi.ooxml.POIXMLFactory.createDocumentPart(POIXMLFactory.java:61)
	at org.apache.poi.ooxml.POIXMLDocumentPart.read(POIXMLDocumentPart.java:661)
	at org.apache.poi.ooxml.POIXMLDocument.load(POIXMLDocument.java:165)
	at org.apache.poi.xssf.usermodel.XSSFWorkbook.<init>(XSSFWorkbook.java:260)
	at org.apache.poi.xssf.usermodel.XSSFWorkbook.<init>(XSSFWorkbook.java:290)
	at org.apache.poi.xssf.usermodel.XSSFWorkbook.<init>(XSSFWorkbook.java:286)
	at externalResources.ExcelDataRead.<init>(ExcelDataRead.java:22)
	at listeners.AnnotationsTransformer.toBeExecuted(AnnotationsTransformer.java:36)
	at listeners.AnnotationsTransformer.transform(AnnotationsTransformer.java:24)
	at org.testng.internal.annotations.JDK15AnnotationFinder.transform(JDK15AnnotationFinder.java:172)
	at org.testng.internal.annotations.JDK15AnnotationFinder.lambda$findAnnotation$0(JDK15AnnotationFinder.java:279)
	at java.base/java.util.concurrent.ConcurrentHashMap.computeIfAbsent(ConcurrentHashMap.java:1705)
	at org.testng.internal.annotations.JDK15AnnotationFinder.findAnnotation(JDK15AnnotationFinder.java:275)
	at org.testng.internal.annotations.JDK15AnnotationFinder.findAnnotation(JDK15AnnotationFinder.java:113)
	at org.testng.internal.TestNGClassFinder.isTestNGClass(TestNGClassFinder.java:275)
	at org.testng.internal.TestNGClassFinder.isNotTestNGClass(TestNGClassFinder.java:260)
	at org.testng.internal.TestNGClassFinder.processClass(TestNGClassFinder.java:94)
	at org.testng.internal.TestNGClassFinder.<init>(TestNGClassFinder.java:67)
	at org.testng.TestRunner.initMethods(TestRunner.java:442)
	at org.testng.TestRunner.init(TestRunner.java:336)
	at org.testng.TestRunner.init(TestRunner.java:289)
	at org.testng.TestRunner.<init>(TestRunner.java:179)
	at org.testng.SuiteRunner$DefaultTestRunnerFactory.newTestRunner(SuiteRunner.java:643)
	at org.testng.SuiteRunner.init(SuiteRunner.java:225)
	at org.testng.SuiteRunner.<init>(SuiteRunner.java:115)
	at org.testng.TestNG.createSuiteRunner(TestNG.java:1349)
	at org.testng.TestNG.createSuiteRunners(TestNG.java:1325)
	at org.testng.TestNG.runSuitesLocally(TestNG.java:1167)
	at org.testng.TestNG.runSuites(TestNG.java:1099)
	at org.testng.TestNG.run(TestNG.java:1067)
	at org.apache.maven.surefire.testng.TestNGExecutor.run(TestNGExecutor.java:324)
	at org.apache.maven.surefire.testng.TestNGXmlTestSuite.execute(TestNGXmlTestSuite.java:74)
	at org.apache.maven.surefire.testng.TestNGProvider.invoke(TestNGProvider.java:123)
	at org.apache.maven.surefire.booter.ForkedBooter.runSuitesInProcess(ForkedBooter.java:456)
	at org.apache.maven.surefire.booter.ForkedBooter.execute(ForkedBooter.java:169)
	at org.apache.maven.surefire.booter.ForkedBooter.run(ForkedBooter.java:595)
	at org.apache.maven.surefire.booter.ForkedBooter.main(ForkedBooter.java:581)

2023-02-13 11:57:15,458 main ERROR Unable to invoke factory method in class org.apache.logging.log4j.core.appender.RollingFileAppender for element RollingFile: java.lang.IllegalStateException: No factory method found for class org.apache.logging.log4j.core.appender.RollingFileAppender java.lang.IllegalStateException: No factory method found for class org.apache.logging.log4j.core.appender.RollingFileAppender
	at org.apache.logging.log4j.core.config.plugins.util.PluginBuilder.findFactoryMethod(PluginBuilder.java:260)
	at org.apache.logging.log4j.core.config.plugins.util.PluginBuilder.build(PluginBuilder.java:136)
	at org.apache.logging.log4j.core.config.AbstractConfiguration.createPluginObject(AbstractConfiguration.java:1138)
	at org.apache.logging.log4j.core.config.AbstractConfiguration.createConfiguration(AbstractConfiguration.java:1063)
	at org.apache.logging.log4j.core.appender.routing.RoutingAppender.createAppender(RoutingAppender.java:310)
	at org.apache.logging.log4j.core.appender.routing.RoutingAppender.getControl(RoutingAppender.java:282)
	at org.apache.logging.log4j.core.appender.routing.RoutingAppender.append(RoutingAppender.java:240)
	at org.apache.logging.log4j.core.config.AppenderControl.tryCallAppender(AppenderControl.java:161)
	at org.apache.logging.log4j.core.config.AppenderControl.callAppender0(AppenderControl.java:134)
	at org.apache.logging.log4j.core.config.AppenderControl.callAppenderPreventRecursion(AppenderControl.java:125)
	at org.apache.logging.log4j.core.config.AppenderControl.callAppender(AppenderControl.java:89)
	at org.apache.logging.log4j.core.config.LoggerConfig.callAppenders(LoggerConfig.java:683)
	at org.apache.logging.log4j.core.config.LoggerConfig.processLogEvent(LoggerConfig.java:641)
	at org.apache.logging.log4j.core.config.LoggerConfig.log(LoggerConfig.java:624)
	at org.apache.logging.log4j.core.config.LoggerConfig.log(LoggerConfig.java:560)
	at org.apache.logging.log4j.core.config.AwaitCompletionReliabilityStrategy.log(AwaitCompletionReliabilityStrategy.java:82)
	at org.apache.logging.log4j.core.Logger.log(Logger.java:162)
	at org.apache.logging.log4j.spi.AbstractLogger.logMessage(AbstractLogger.java:2106)
	at org.apache.logging.log4j.internal.DefaultLogBuilder.logMessage(DefaultLogBuilder.java:241)
	at org.apache.logging.log4j.internal.DefaultLogBuilder.log(DefaultLogBuilder.java:162)
	at org.apache.xmlbeans.impl.schema.SchemaTypeSystemImpl.<init>(SchemaTypeSystemImpl.java:196)
	at org.apache.xmlbeans.metadata.system.sXMLSCHEMA.TypeSystemHolder.<init>(TypeSystemHolder.java:9)
	at org.apache.xmlbeans.metadata.system.sXMLSCHEMA.TypeSystemHolder.<clinit>(TypeSystemHolder.java:6)
	at java.base/java.lang.Class.forName0(Native Method)
	at java.base/java.lang.Class.forName(Class.java:398)
	at org.apache.xmlbeans.impl.schema.SchemaTypeLoaderImpl.build(SchemaTypeLoaderImpl.java:157)
	at org.apache.xmlbeans.impl.schema.SchemaTypeSystemImpl.<init>(SchemaTypeSystemImpl.java:198)
	at org.apache.xmlbeans.metadata.system.sXMLLANG.TypeSystemHolder.<init>(TypeSystemHolder.java:9)
	at org.apache.xmlbeans.metadata.system.sXMLLANG.TypeSystemHolder.<clinit>(TypeSystemHolder.java:6)
	at java.base/java.lang.Class.forName0(Native Method)
	at java.base/java.lang.Class.forName(Class.java:398)
	at org.apache.xmlbeans.impl.schema.SchemaTypeLoaderImpl.build(SchemaTypeLoaderImpl.java:157)
	at org.apache.xmlbeans.impl.schema.SchemaTypeSystemImpl.<init>(SchemaTypeSystemImpl.java:198)
	at org.apache.xmlbeans.metadata.system.sXMLCONFIG.TypeSystemHolder.<init>(TypeSystemHolder.java:9)
	at org.apache.xmlbeans.metadata.system.sXMLCONFIG.TypeSystemHolder.<clinit>(TypeSystemHolder.java:6)
	at java.base/java.lang.Class.forName0(Native Method)
	at java.base/java.lang.Class.forName(Class.java:398)
	at org.apache.xmlbeans.impl.schema.SchemaTypeLoaderImpl.build(SchemaTypeLoaderImpl.java:157)
	at org.apache.xmlbeans.impl.schema.SchemaTypeSystemImpl.<init>(SchemaTypeSystemImpl.java:198)
	at org.apache.poi.schemas.ooxml.system.ooxml.TypeSystemHolder.<init>(TypeSystemHolder.java:9)
	at org.apache.poi.schemas.ooxml.system.ooxml.TypeSystemHolder.<clinit>(TypeSystemHolder.java:6)
	at org.openxmlformats.schemas.drawingml.x2006.main.ThemeDocument.<clinit>(ThemeDocument.java:23)
	at org.apache.poi.xssf.model.ThemesTable.readFrom(ThemesTable.java:119)
	at org.apache.poi.xssf.model.ThemesTable.<init>(ThemesTable.java:87)
	at org.apache.poi.ooxml.POIXMLFactory.createDocumentPart(POIXMLFactory.java:61)
	at org.apache.poi.ooxml.POIXMLDocumentPart.read(POIXMLDocumentPart.java:661)
	at org.apache.poi.ooxml.POIXMLDocument.load(POIXMLDocument.java:165)
	at org.apache.poi.xssf.usermodel.XSSFWorkbook.<init>(XSSFWorkbook.java:260)
	at org.apache.poi.xssf.usermodel.XSSFWorkbook.<init>(XSSFWorkbook.java:290)
	at org.apache.poi.xssf.usermodel.XSSFWorkbook.<init>(XSSFWorkbook.java:286)
	at externalResources.ExcelDataRead.<init>(ExcelDataRead.java:22)
	at listeners.AnnotationsTransformer.toBeExecuted(AnnotationsTransformer.java:36)
	at listeners.AnnotationsTransformer.transform(AnnotationsTransformer.java:24)
	at org.testng.internal.annotations.JDK15AnnotationFinder.transform(JDK15AnnotationFinder.java:172)
	at org.testng.internal.annotations.JDK15AnnotationFinder.lambda$findAnnotation$0(JDK15AnnotationFinder.java:279)
	at java.base/java.util.concurrent.ConcurrentHashMap.computeIfAbsent(ConcurrentHashMap.java:1705)
	at org.testng.internal.annotations.JDK15AnnotationFinder.findAnnotation(JDK15AnnotationFinder.java:275)
	at org.testng.internal.annotations.JDK15AnnotationFinder.findAnnotation(JDK15AnnotationFinder.java:113)
	at org.testng.internal.TestNGClassFinder.isTestNGClass(TestNGClassFinder.java:275)
	at org.testng.internal.TestNGClassFinder.isNotTestNGClass(TestNGClassFinder.java:260)
	at org.testng.internal.TestNGClassFinder.processClass(TestNGClassFinder.java:94)
	at org.testng.internal.TestNGClassFinder.<init>(TestNGClassFinder.java:67)
	at org.testng.TestRunner.initMethods(TestRunner.java:442)
	at org.testng.TestRunner.init(TestRunner.java:336)
	at org.testng.TestRunner.init(TestRunner.java:289)
	at org.testng.TestRunner.<init>(TestRunner.java:179)
	at org.testng.SuiteRunner$DefaultTestRunnerFactory.newTestRunner(SuiteRunner.java:643)
	at org.testng.SuiteRunner.init(SuiteRunner.java:225)
	at org.testng.SuiteRunner.<init>(SuiteRunner.java:115)
	at org.testng.TestNG.createSuiteRunner(TestNG.java:1349)
	at org.testng.TestNG.createSuiteRunners(TestNG.java:1325)
	at org.testng.TestNG.runSuitesLocally(TestNG.java:1167)
	at org.testng.TestNG.runSuites(TestNG.java:1099)
	at org.testng.TestNG.run(TestNG.java:1067)
	at org.apache.maven.surefire.testng.TestNGExecutor.run(TestNGExecutor.java:324)
	at org.apache.maven.surefire.testng.TestNGXmlTestSuite.execute(TestNGXmlTestSuite.java:74)
	at org.apache.maven.surefire.testng.TestNGProvider.invoke(TestNGProvider.java:123)
	at org.apache.maven.surefire.booter.ForkedBooter.runSuitesInProcess(ForkedBooter.java:456)
	at org.apache.maven.surefire.booter.ForkedBooter.execute(ForkedBooter.java:169)
	at org.apache.maven.surefire.booter.ForkedBooter.run(ForkedBooter.java:595)
	at org.apache.maven.surefire.booter.ForkedBooter.main(ForkedBooter.java:581)

2023-02-13 11:57:15,463 main ERROR Unable to create file ./results/logs/${ctx:threadName}.log java.io.IOException: The filename, directory name, or volume label syntax is incorrect
	at java.base/java.io.WinNTFileSystem.canonicalize0(Native Method)
	at java.base/java.io.WinNTFileSystem.canonicalize(WinNTFileSystem.java:483)
	at java.base/java.io.File.getCanonicalPath(File.java:626)
	at java.base/java.io.File.getCanonicalFile(File.java:651)
	at org.apache.logging.log4j.core.util.FileUtils.makeParentDirs(FileUtils.java:139)
	at org.apache.logging.log4j.core.appender.rolling.RollingFileManager$RollingFileManagerFactory.createManager(RollingFileManager.java:734)
	at org.apache.logging.log4j.core.appender.rolling.RollingFileManager$RollingFileManagerFactory.createManager(RollingFileManager.java:718)
	at org.apache.logging.log4j.core.appender.AbstractManager.getManager(AbstractManager.java:144)
	at org.apache.logging.log4j.core.appender.OutputStreamManager.getManager(OutputStreamManager.java:100)
	at org.apache.logging.log4j.core.appender.rolling.RollingFileManager.getFileManager(RollingFileManager.java:217)
	at org.apache.logging.log4j.core.appender.RollingFileAppender$Builder.build(RollingFileAppender.java:135)
	at org.apache.logging.log4j.core.appender.RollingFileAppender$Builder.build(RollingFileAppender.java:62)
	at org.apache.logging.log4j.core.config.plugins.util.PluginBuilder.build(PluginBuilder.java:124)
	at org.apache.logging.log4j.core.config.AbstractConfiguration.createPluginObject(AbstractConfiguration.java:1138)
	at org.apache.logging.log4j.core.config.AbstractConfiguration.createConfiguration(AbstractConfiguration.java:1063)
	at org.apache.logging.log4j.core.appender.routing.RoutingAppender.createAppender(RoutingAppender.java:310)
	at org.apache.logging.log4j.core.appender.routing.RoutingAppender.getControl(RoutingAppender.java:282)
	at org.apache.logging.log4j.core.appender.routing.RoutingAppender.append(RoutingAppender.java:240)
	at org.apache.logging.log4j.core.config.AppenderControl.tryCallAppender(AppenderControl.java:161)
	at org.apache.logging.log4j.core.config.AppenderControl.callAppender0(AppenderControl.java:134)
	at org.apache.logging.log4j.core.config.AppenderControl.callAppenderPreventRecursion(AppenderControl.java:125)
	at org.apache.logging.log4j.core.config.AppenderControl.callAppender(AppenderControl.java:89)
	at org.apache.logging.log4j.core.config.LoggerConfig.callAppenders(LoggerConfig.java:683)
	at org.apache.logging.log4j.core.config.LoggerConfig.processLogEvent(LoggerConfig.java:641)
	at org.apache.logging.log4j.core.config.LoggerConfig.log(LoggerConfig.java:624)
	at org.apache.logging.log4j.core.config.LoggerConfig.log(LoggerConfig.java:560)
	at org.apache.logging.log4j.core.config.AwaitCompletionReliabilityStrategy.log(AwaitCompletionReliabilityStrategy.java:82)
	at org.apache.logging.log4j.core.Logger.log(Logger.java:162)
	at org.apache.logging.log4j.spi.AbstractLogger.logMessage(AbstractLogger.java:2106)
	at org.apache.logging.log4j.internal.DefaultLogBuilder.logMessage(DefaultLogBuilder.java:241)
	at org.apache.logging.log4j.internal.DefaultLogBuilder.log(DefaultLogBuilder.java:162)
	at org.apache.xmlbeans.impl.schema.SchemaTypeSystemImpl.<init>(SchemaTypeSystemImpl.java:196)
	at org.apache.xmlbeans.metadata.system.sXMLTOOLS.TypeSystemHolder.<init>(TypeSystemHolder.java:9)
	at org.apache.xmlbeans.metadata.system.sXMLTOOLS.TypeSystemHolder.<clinit>(TypeSystemHolder.java:6)
	at java.base/java.lang.Class.forName0(Native Method)
	at java.base/java.lang.Class.forName(Class.java:398)
	at org.apache.xmlbeans.impl.schema.SchemaTypeLoaderImpl.build(SchemaTypeLoaderImpl.java:157)
	at org.apache.xmlbeans.impl.schema.SchemaTypeSystemImpl.<init>(SchemaTypeSystemImpl.java:198)
	at org.apache.xmlbeans.metadata.system.sXMLSCHEMA.TypeSystemHolder.<init>(TypeSystemHolder.java:9)
	at org.apache.xmlbeans.metadata.system.sXMLSCHEMA.TypeSystemHolder.<clinit>(TypeSystemHolder.java:6)
	at java.base/java.lang.Class.forName0(Native Method)
	at java.base/java.lang.Class.forName(Class.java:398)
	at org.apache.xmlbeans.impl.schema.SchemaTypeLoaderImpl.build(SchemaTypeLoaderImpl.java:157)
	at org.apache.xmlbeans.impl.schema.SchemaTypeSystemImpl.<init>(SchemaTypeSystemImpl.java:198)
	at org.apache.xmlbeans.metadata.system.sXMLLANG.TypeSystemHolder.<init>(TypeSystemHolder.java:9)
	at org.apache.xmlbeans.metadata.system.sXMLLANG.TypeSystemHolder.<clinit>(TypeSystemHolder.java:6)
	at java.base/java.lang.Class.forName0(Native Method)
	at java.base/java.lang.Class.forName(Class.java:398)
	at org.apache.xmlbeans.impl.schema.SchemaTypeLoaderImpl.build(SchemaTypeLoaderImpl.java:157)
	at org.apache.xmlbeans.impl.schema.SchemaTypeSystemImpl.<init>(SchemaTypeSystemImpl.java:198)
	at org.apache.xmlbeans.metadata.system.sXMLCONFIG.TypeSystemHolder.<init>(TypeSystemHolder.java:9)
	at org.apache.xmlbeans.metadata.system.sXMLCONFIG.TypeSystemHolder.<clinit>(TypeSystemHolder.java:6)
	at java.base/java.lang.Class.forName0(Native Method)
	at java.base/java.lang.Class.forName(Class.java:398)
	at org.apache.xmlbeans.impl.schema.SchemaTypeLoaderImpl.build(SchemaTypeLoaderImpl.java:157)
	at org.apache.xmlbeans.impl.schema.SchemaTypeSystemImpl.<init>(SchemaTypeSystemImpl.java:198)
	at org.apache.poi.schemas.ooxml.system.ooxml.TypeSystemHolder.<init>(TypeSystemHolder.java:9)
	at org.apache.poi.schemas.ooxml.system.ooxml.TypeSystemHolder.<clinit>(TypeSystemHolder.java:6)
	at org.openxmlformats.schemas.drawingml.x2006.main.ThemeDocument.<clinit>(ThemeDocument.java:23)
	at org.apache.poi.xssf.model.ThemesTable.readFrom(ThemesTable.java:119)
	at org.apache.poi.xssf.model.ThemesTable.<init>(ThemesTable.java:87)
	at org.apache.poi.ooxml.POIXMLFactory.createDocumentPart(POIXMLFactory.java:61)
	at org.apache.poi.ooxml.POIXMLDocumentPart.read(POIXMLDocumentPart.java:661)
	at org.apache.poi.ooxml.POIXMLDocument.load(POIXMLDocument.java:165)
	at org.apache.poi.xssf.usermodel.XSSFWorkbook.<init>(XSSFWorkbook.java:260)
	at org.apache.poi.xssf.usermodel.XSSFWorkbook.<init>(XSSFWorkbook.java:290)
	at org.apache.poi.xssf.usermodel.XSSFWorkbook.<init>(XSSFWorkbook.java:286)
	at externalResources.ExcelDataRead.<init>(ExcelDataRead.java:22)
	at listeners.AnnotationsTransformer.toBeExecuted(AnnotationsTransformer.java:36)
	at listeners.AnnotationsTransformer.transform(AnnotationsTransformer.java:24)
	at org.testng.internal.annotations.JDK15AnnotationFinder.transform(JDK15AnnotationFinder.java:172)
	at org.testng.internal.annotations.JDK15AnnotationFinder.lambda$findAnnotation$0(JDK15AnnotationFinder.java:279)
	at java.base/java.util.concurrent.ConcurrentHashMap.computeIfAbsent(ConcurrentHashMap.java:1705)
	at org.testng.internal.annotations.JDK15AnnotationFinder.findAnnotation(JDK15AnnotationFinder.java:275)
	at org.testng.internal.annotations.JDK15AnnotationFinder.findAnnotation(JDK15AnnotationFinder.java:113)
	at org.testng.internal.TestNGClassFinder.isTestNGClass(TestNGClassFinder.java:275)
	at org.testng.internal.TestNGClassFinder.isNotTestNGClass(TestNGClassFinder.java:260)
	at org.testng.internal.TestNGClassFinder.processClass(TestNGClassFinder.java:94)
	at org.testng.internal.TestNGClassFinder.<init>(TestNGClassFinder.java:67)
	at org.testng.TestRunner.initMethods(TestRunner.java:442)
	at org.testng.TestRunner.init(TestRunner.java:336)
	at org.testng.TestRunner.init(TestRunner.java:289)
	at org.testng.TestRunner.<init>(TestRunner.java:179)
	at org.testng.SuiteRunner$DefaultTestRunnerFactory.newTestRunner(SuiteRunner.java:643)
	at org.testng.SuiteRunner.init(SuiteRunner.java:225)
	at org.testng.SuiteRunner.<init>(SuiteRunner.java:115)
	at org.testng.TestNG.createSuiteRunner(TestNG.java:1349)
	at org.testng.TestNG.createSuiteRunners(TestNG.java:1325)
	at org.testng.TestNG.runSuitesLocally(TestNG.java:1167)
	at org.testng.TestNG.runSuites(TestNG.java:1099)
	at org.testng.TestNG.run(TestNG.java:1067)
	at org.apache.maven.surefire.testng.TestNGExecutor.run(TestNGExecutor.java:324)
	at org.apache.maven.surefire.testng.TestNGXmlTestSuite.execute(TestNGXmlTestSuite.java:74)
	at org.apache.maven.surefire.testng.TestNGProvider.invoke(TestNGProvider.java:123)
	at org.apache.maven.surefire.booter.ForkedBooter.runSuitesInProcess(ForkedBooter.java:456)
	at org.apache.maven.surefire.booter.ForkedBooter.execute(ForkedBooter.java:169)
	at org.apache.maven.surefire.booter.ForkedBooter.run(ForkedBooter.java:595)
	at org.apache.maven.surefire.booter.ForkedBooter.main(ForkedBooter.java:581)

2023-02-13 11:57:15,465 main ERROR Could not create plugin of type class org.apache.logging.log4j.core.appender.RollingFileAppender for element RollingFile: java.lang.IllegalStateException: ManagerFactory [org.apache.logging.log4j.core.appender.rolling.RollingFileManager$RollingFileManagerFactory@4e6d7365] unable to create manager for [./results/logs/${ctx:threadName}.log] with data [org.apache.logging.log4j.core.appender.rolling.RollingFileManager$FactoryData@522ba524[pattern=./results/logs/${ctx:threadName}-%d{yyyy-MM-dd}.log, append=true, bufferedIO=true, bufferSize=8192, policy=SizeBasedTriggeringPolicy(size=512000), strategy=DefaultRolloverStrategy(min=1, max=7, useMax=true), advertiseURI=null, layout=%d{HH:mm:ss.SSS} [%t] %-5level %logger{36} - %msg%n, filePermissions=null, fileOwner=null]] java.lang.IllegalStateException: ManagerFactory [org.apache.logging.log4j.core.appender.rolling.RollingFileManager$RollingFileManagerFactory@4e6d7365] unable to create manager for [./results/logs/${ctx:threadName}.log] with data [org.apache.logging.log4j.core.appender.rolling.RollingFileManager$FactoryData@522ba524[pattern=./results/logs/${ctx:threadName}-%d{yyyy-MM-dd}.log, append=true, bufferedIO=true, bufferSize=8192, policy=SizeBasedTriggeringPolicy(size=512000), strategy=DefaultRolloverStrategy(min=1, max=7, useMax=true), advertiseURI=null, layout=%d{HH:mm:ss.SSS} [%t] %-5level %logger{36} - %msg%n, filePermissions=null, fileOwner=null]]
	at org.apache.logging.log4j.core.appender.AbstractManager.getManager(AbstractManager.java:146)
	at org.apache.logging.log4j.core.appender.OutputStreamManager.getManager(OutputStreamManager.java:100)
	at org.apache.logging.log4j.core.appender.rolling.RollingFileManager.getFileManager(RollingFileManager.java:217)
	at org.apache.logging.log4j.core.appender.RollingFileAppender$Builder.build(RollingFileAppender.java:135)
	at org.apache.logging.log4j.core.appender.RollingFileAppender$Builder.build(RollingFileAppender.java:62)
	at org.apache.logging.log4j.core.config.plugins.util.PluginBuilder.build(PluginBuilder.java:124)
	at org.apache.logging.log4j.core.config.AbstractConfiguration.createPluginObject(AbstractConfiguration.java:1138)
	at org.apache.logging.log4j.core.config.AbstractConfiguration.createConfiguration(AbstractConfiguration.java:1063)
	at org.apache.logging.log4j.core.appender.routing.RoutingAppender.createAppender(RoutingAppender.java:310)
	at org.apache.logging.log4j.core.appender.routing.RoutingAppender.getControl(RoutingAppender.java:282)
	at org.apache.logging.log4j.core.appender.routing.RoutingAppender.append(RoutingAppender.java:240)
	at org.apache.logging.log4j.core.config.AppenderControl.tryCallAppender(AppenderControl.java:161)
	at org.apache.logging.log4j.core.config.AppenderControl.callAppender0(AppenderControl.java:134)
	at org.apache.logging.log4j.core.config.AppenderControl.callAppenderPreventRecursion(AppenderControl.java:125)
	at org.apache.logging.log4j.core.config.AppenderControl.callAppender(AppenderControl.java:89)
	at org.apache.logging.log4j.core.config.LoggerConfig.callAppenders(LoggerConfig.java:683)
	at org.apache.logging.log4j.core.config.LoggerConfig.processLogEvent(LoggerConfig.java:641)
	at org.apache.logging.log4j.core.config.LoggerConfig.log(LoggerConfig.java:624)
	at org.apache.logging.log4j.core.config.LoggerConfig.log(LoggerConfig.java:560)
	at org.apache.logging.log4j.core.config.AwaitCompletionReliabilityStrategy.log(AwaitCompletionReliabilityStrategy.java:82)
	at org.apache.logging.log4j.core.Logger.log(Logger.java:162)
	at org.apache.logging.log4j.spi.AbstractLogger.logMessage(AbstractLogger.java:2106)
	at org.apache.logging.log4j.internal.DefaultLogBuilder.logMessage(DefaultLogBuilder.java:241)
	at org.apache.logging.log4j.internal.DefaultLogBuilder.log(DefaultLogBuilder.java:162)
	at org.apache.xmlbeans.impl.schema.SchemaTypeSystemImpl.<init>(SchemaTypeSystemImpl.java:196)
	at org.apache.xmlbeans.metadata.system.sXMLTOOLS.TypeSystemHolder.<init>(TypeSystemHolder.java:9)
	at org.apache.xmlbeans.metadata.system.sXMLTOOLS.TypeSystemHolder.<clinit>(TypeSystemHolder.java:6)
	at java.base/java.lang.Class.forName0(Native Method)
	at java.base/java.lang.Class.forName(Class.java:398)
	at org.apache.xmlbeans.impl.schema.SchemaTypeLoaderImpl.build(SchemaTypeLoaderImpl.java:157)
	at org.apache.xmlbeans.impl.schema.SchemaTypeSystemImpl.<init>(SchemaTypeSystemImpl.java:198)
	at org.apache.xmlbeans.metadata.system.sXMLSCHEMA.TypeSystemHolder.<init>(TypeSystemHolder.java:9)
	at org.apache.xmlbeans.metadata.system.sXMLSCHEMA.TypeSystemHolder.<clinit>(TypeSystemHolder.java:6)
	at java.base/java.lang.Class.forName0(Native Method)
	at java.base/java.lang.Class.forName(Class.java:398)
	at org.apache.xmlbeans.impl.schema.SchemaTypeLoaderImpl.build(SchemaTypeLoaderImpl.java:157)
	at org.apache.xmlbeans.impl.schema.SchemaTypeSystemImpl.<init>(SchemaTypeSystemImpl.java:198)
	at org.apache.xmlbeans.metadata.system.sXMLLANG.TypeSystemHolder.<init>(TypeSystemHolder.java:9)
	at org.apache.xmlbeans.metadata.system.sXMLLANG.TypeSystemHolder.<clinit>(TypeSystemHolder.java:6)
	at java.base/java.lang.Class.forName0(Native Method)
	at java.base/java.lang.Class.forName(Class.java:398)
	at org.apache.xmlbeans.impl.schema.SchemaTypeLoaderImpl.build(SchemaTypeLoaderImpl.java:157)
	at org.apache.xmlbeans.impl.schema.SchemaTypeSystemImpl.<init>(SchemaTypeSystemImpl.java:198)
	at org.apache.xmlbeans.metadata.system.sXMLCONFIG.TypeSystemHolder.<init>(TypeSystemHolder.java:9)
	at org.apache.xmlbeans.metadata.system.sXMLCONFIG.TypeSystemHolder.<clinit>(TypeSystemHolder.java:6)
	at java.base/java.lang.Class.forName0(Native Method)
	at java.base/java.lang.Class.forName(Class.java:398)
	at org.apache.xmlbeans.impl.schema.SchemaTypeLoaderImpl.build(SchemaTypeLoaderImpl.java:157)
	at org.apache.xmlbeans.impl.schema.SchemaTypeSystemImpl.<init>(SchemaTypeSystemImpl.java:198)
	at org.apache.poi.schemas.ooxml.system.ooxml.TypeSystemHolder.<init>(TypeSystemHolder.java:9)
	at org.apache.poi.schemas.ooxml.system.ooxml.TypeSystemHolder.<clinit>(TypeSystemHolder.java:6)
	at org.openxmlformats.schemas.drawingml.x2006.main.ThemeDocument.<clinit>(ThemeDocument.java:23)
	at org.apache.poi.xssf.model.ThemesTable.readFrom(ThemesTable.java:119)
	at org.apache.poi.xssf.model.ThemesTable.<init>(ThemesTable.java:87)
	at org.apache.poi.ooxml.POIXMLFactory.createDocumentPart(POIXMLFactory.java:61)
	at org.apache.poi.ooxml.POIXMLDocumentPart.read(POIXMLDocumentPart.java:661)
	at org.apache.poi.ooxml.POIXMLDocument.load(POIXMLDocument.java:165)
	at org.apache.poi.xssf.usermodel.XSSFWorkbook.<init>(XSSFWorkbook.java:260)
	at org.apache.poi.xssf.usermodel.XSSFWorkbook.<init>(XSSFWorkbook.java:290)
	at org.apache.poi.xssf.usermodel.XSSFWorkbook.<init>(XSSFWorkbook.java:286)
	at externalResources.ExcelDataRead.<init>(ExcelDataRead.java:22)
	at listeners.AnnotationsTransformer.toBeExecuted(AnnotationsTransformer.java:36)
	at listeners.AnnotationsTransformer.transform(AnnotationsTransformer.java:24)
	at org.testng.internal.annotations.JDK15AnnotationFinder.transform(JDK15AnnotationFinder.java:172)
	at org.testng.internal.annotations.JDK15AnnotationFinder.lambda$findAnnotation$0(JDK15AnnotationFinder.java:279)
	at java.base/java.util.concurrent.ConcurrentHashMap.computeIfAbsent(ConcurrentHashMap.java:1705)
	at org.testng.internal.annotations.JDK15AnnotationFinder.findAnnotation(JDK15AnnotationFinder.java:275)
	at org.testng.internal.annotations.JDK15AnnotationFinder.findAnnotation(JDK15AnnotationFinder.java:113)
	at org.testng.internal.TestNGClassFinder.isTestNGClass(TestNGClassFinder.java:275)
	at org.testng.internal.TestNGClassFinder.isNotTestNGClass(TestNGClassFinder.java:260)
	at org.testng.internal.TestNGClassFinder.processClass(TestNGClassFinder.java:94)
	at org.testng.internal.TestNGClassFinder.<init>(TestNGClassFinder.java:67)
	at org.testng.TestRunner.initMethods(TestRunner.java:442)
	at org.testng.TestRunner.init(TestRunner.java:336)
	at org.testng.TestRunner.init(TestRunner.java:289)
	at org.testng.TestRunner.<init>(TestRunner.java:179)
	at org.testng.SuiteRunner$DefaultTestRunnerFactory.newTestRunner(SuiteRunner.java:643)
	at org.testng.SuiteRunner.init(SuiteRunner.java:225)
	at org.testng.SuiteRunner.<init>(SuiteRunner.java:115)
	at org.testng.TestNG.createSuiteRunner(TestNG.java:1349)
	at org.testng.TestNG.createSuiteRunners(TestNG.java:1325)
	at org.testng.TestNG.runSuitesLocally(TestNG.java:1167)
	at org.testng.TestNG.runSuites(TestNG.java:1099)
	at org.testng.TestNG.run(TestNG.java:1067)
	at org.apache.maven.surefire.testng.TestNGExecutor.run(TestNGExecutor.java:324)
	at org.apache.maven.surefire.testng.TestNGXmlTestSuite.execute(TestNGXmlTestSuite.java:74)
	at org.apache.maven.surefire.testng.TestNGProvider.invoke(TestNGProvider.java:123)
	at org.apache.maven.surefire.booter.ForkedBooter.runSuitesInProcess(ForkedBooter.java:456)
	at org.apache.maven.surefire.booter.ForkedBooter.execute(ForkedBooter.java:169)
	at org.apache.maven.surefire.booter.ForkedBooter.run(ForkedBooter.java:595)
	at org.apache.maven.surefire.booter.ForkedBooter.main(ForkedBooter.java:581)

2023-02-13 11:57:15,467 main ERROR Unable to invoke factory method in class org.apache.logging.log4j.core.appender.RollingFileAppender for element RollingFile: java.lang.IllegalStateException: No factory method found for class org.apache.logging.log4j.core.appender.RollingFileAppender java.lang.IllegalStateException: No factory method found for class org.apache.logging.log4j.core.appender.RollingFileAppender
	at org.apache.logging.log4j.core.config.plugins.util.PluginBuilder.findFactoryMethod(PluginBuilder.java:260)
	at org.apache.logging.log4j.core.config.plugins.util.PluginBuilder.build(PluginBuilder.java:136)
	at org.apache.logging.log4j.core.config.AbstractConfiguration.createPluginObject(AbstractConfiguration.java:1138)
	at org.apache.logging.log4j.core.config.AbstractConfiguration.createConfiguration(AbstractConfiguration.java:1063)
	at org.apache.logging.log4j.core.appender.routing.RoutingAppender.createAppender(RoutingAppender.java:310)
	at org.apache.logging.log4j.core.appender.routing.RoutingAppender.getControl(RoutingAppender.java:282)
	at org.apache.logging.log4j.core.appender.routing.RoutingAppender.append(RoutingAppender.java:240)
	at org.apache.logging.log4j.core.config.AppenderControl.tryCallAppender(AppenderControl.java:161)
	at org.apache.logging.log4j.core.config.AppenderControl.callAppender0(AppenderControl.java:134)
	at org.apache.logging.log4j.core.config.AppenderControl.callAppenderPreventRecursion(AppenderControl.java:125)
	at org.apache.logging.log4j.core.config.AppenderControl.callAppender(AppenderControl.java:89)
	at org.apache.logging.log4j.core.config.LoggerConfig.callAppenders(LoggerConfig.java:683)
	at org.apache.logging.log4j.core.config.LoggerConfig.processLogEvent(LoggerConfig.java:641)
	at org.apache.logging.log4j.core.config.LoggerConfig.log(LoggerConfig.java:624)
	at org.apache.logging.log4j.core.config.LoggerConfig.log(LoggerConfig.java:560)
	at org.apache.logging.log4j.core.config.AwaitCompletionReliabilityStrategy.log(AwaitCompletionReliabilityStrategy.java:82)
	at org.apache.logging.log4j.core.Logger.log(Logger.java:162)
	at org.apache.logging.log4j.spi.AbstractLogger.logMessage(AbstractLogger.java:2106)
	at org.apache.logging.log4j.internal.DefaultLogBuilder.logMessage(DefaultLogBuilder.java:241)
	at org.apache.logging.log4j.internal.DefaultLogBuilder.log(DefaultLogBuilder.java:162)
	at org.apache.xmlbeans.impl.schema.SchemaTypeSystemImpl.<init>(SchemaTypeSystemImpl.java:196)
	at org.apache.xmlbeans.metadata.system.sXMLTOOLS.TypeSystemHolder.<init>(TypeSystemHolder.java:9)
	at org.apache.xmlbeans.metadata.system.sXMLTOOLS.TypeSystemHolder.<clinit>(TypeSystemHolder.java:6)
	at java.base/java.lang.Class.forName0(Native Method)
	at java.base/java.lang.Class.forName(Class.java:398)
	at org.apache.xmlbeans.impl.schema.SchemaTypeLoaderImpl.build(SchemaTypeLoaderImpl.java:157)
	at org.apache.xmlbeans.impl.schema.SchemaTypeSystemImpl.<init>(SchemaTypeSystemImpl.java:198)
	at org.apache.xmlbeans.metadata.system.sXMLSCHEMA.TypeSystemHolder.<init>(TypeSystemHolder.java:9)
	at org.apache.xmlbeans.metadata.system.sXMLSCHEMA.TypeSystemHolder.<clinit>(TypeSystemHolder.java:6)
	at java.base/java.lang.Class.forName0(Native Method)
	at java.base/java.lang.Class.forName(Class.java:398)
	at org.apache.xmlbeans.impl.schema.SchemaTypeLoaderImpl.build(SchemaTypeLoaderImpl.java:157)
	at org.apache.xmlbeans.impl.schema.SchemaTypeSystemImpl.<init>(SchemaTypeSystemImpl.java:198)
	at org.apache.xmlbeans.metadata.system.sXMLLANG.TypeSystemHolder.<init>(TypeSystemHolder.java:9)
	at org.apache.xmlbeans.metadata.system.sXMLLANG.TypeSystemHolder.<clinit>(TypeSystemHolder.java:6)
	at java.base/java.lang.Class.forName0(Native Method)
	at java.base/java.lang.Class.forName(Class.java:398)
	at org.apache.xmlbeans.impl.schema.SchemaTypeLoaderImpl.build(SchemaTypeLoaderImpl.java:157)
	at org.apache.xmlbeans.impl.schema.SchemaTypeSystemImpl.<init>(SchemaTypeSystemImpl.java:198)
	at org.apache.xmlbeans.metadata.system.sXMLCONFIG.TypeSystemHolder.<init>(TypeSystemHolder.java:9)
	at org.apache.xmlbeans.metadata.system.sXMLCONFIG.TypeSystemHolder.<clinit>(TypeSystemHolder.java:6)
	at java.base/java.lang.Class.forName0(Native Method)
	at java.base/java.lang.Class.forName(Class.java:398)
	at org.apache.xmlbeans.impl.schema.SchemaTypeLoaderImpl.build(SchemaTypeLoaderImpl.java:157)
	at org.apache.xmlbeans.impl.schema.SchemaTypeSystemImpl.<init>(SchemaTypeSystemImpl.java:198)
	at org.apache.poi.schemas.ooxml.system.ooxml.TypeSystemHolder.<init>(TypeSystemHolder.java:9)
	at org.apache.poi.schemas.ooxml.system.ooxml.TypeSystemHolder.<clinit>(TypeSystemHolder.java:6)
	at org.openxmlformats.schemas.drawingml.x2006.main.ThemeDocument.<clinit>(ThemeDocument.java:23)
	at org.apache.poi.xssf.model.ThemesTable.readFrom(ThemesTable.java:119)
	at org.apache.poi.xssf.model.ThemesTable.<init>(ThemesTable.java:87)
	at org.apache.poi.ooxml.POIXMLFactory.createDocumentPart(POIXMLFactory.java:61)
	at org.apache.poi.ooxml.POIXMLDocumentPart.read(POIXMLDocumentPart.java:661)
	at org.apache.poi.ooxml.POIXMLDocument.load(POIXMLDocument.java:165)
	at org.apache.poi.xssf.usermodel.XSSFWorkbook.<init>(XSSFWorkbook.java:260)
	at org.apache.poi.xssf.usermodel.XSSFWorkbook.<init>(XSSFWorkbook.java:290)
	at org.apache.poi.xssf.usermodel.XSSFWorkbook.<init>(XSSFWorkbook.java:286)
	at externalResources.ExcelDataRead.<init>(ExcelDataRead.java:22)
	at listeners.AnnotationsTransformer.toBeExecuted(AnnotationsTransformer.java:36)
	at listeners.AnnotationsTransformer.transform(AnnotationsTransformer.java:24)
	at org.testng.internal.annotations.JDK15AnnotationFinder.transform(JDK15AnnotationFinder.java:172)
	at org.testng.internal.annotations.JDK15AnnotationFinder.lambda$findAnnotation$0(JDK15AnnotationFinder.java:279)
	at java.base/java.util.concurrent.ConcurrentHashMap.computeIfAbsent(ConcurrentHashMap.java:1705)
	at org.testng.internal.annotations.JDK15AnnotationFinder.findAnnotation(JDK15AnnotationFinder.java:275)
	at org.testng.internal.annotations.JDK15AnnotationFinder.findAnnotation(JDK15AnnotationFinder.java:113)
	at org.testng.internal.TestNGClassFinder.isTestNGClass(TestNGClassFinder.java:275)
	at org.testng.internal.TestNGClassFinder.isNotTestNGClass(TestNGClassFinder.java:260)
	at org.testng.internal.TestNGClassFinder.processClass(TestNGClassFinder.java:94)
	at org.testng.internal.TestNGClassFinder.<init>(TestNGClassFinder.java:67)
	at org.testng.TestRunner.initMethods(TestRunner.java:442)
	at org.testng.TestRunner.init(TestRunner.java:336)
	at org.testng.TestRunner.init(TestRunner.java:289)
	at org.testng.TestRunner.<init>(TestRunner.java:179)
	at org.testng.SuiteRunner$DefaultTestRunnerFactory.newTestRunner(SuiteRunner.java:643)
	at org.testng.SuiteRunner.init(SuiteRunner.java:225)
	at org.testng.SuiteRunner.<init>(SuiteRunner.java:115)
	at org.testng.TestNG.createSuiteRunner(TestNG.java:1349)
	at org.testng.TestNG.createSuiteRunners(TestNG.java:1325)
	at org.testng.TestNG.runSuitesLocally(TestNG.java:1167)
	at org.testng.TestNG.runSuites(TestNG.java:1099)
	at org.testng.TestNG.run(TestNG.java:1067)
	at org.apache.maven.surefire.testng.TestNGExecutor.run(TestNGExecutor.java:324)
	at org.apache.maven.surefire.testng.TestNGXmlTestSuite.execute(TestNGXmlTestSuite.java:74)
	at org.apache.maven.surefire.testng.TestNGProvider.invoke(TestNGProvider.java:123)
	at org.apache.maven.surefire.booter.ForkedBooter.runSuitesInProcess(ForkedBooter.java:456)
	at org.apache.maven.surefire.booter.ForkedBooter.execute(ForkedBooter.java:169)
	at org.apache.maven.surefire.booter.ForkedBooter.run(ForkedBooter.java:595)
	at org.apache.maven.surefire.booter.ForkedBooter.main(ForkedBooter.java:581)

2023-02-13 11:57:15,474 main ERROR Unable to create file ./results/logs/${ctx:threadName}.log java.io.IOException: The filename, directory name, or volume label syntax is incorrect
	at java.base/java.io.WinNTFileSystem.canonicalize0(Native Method)
	at java.base/java.io.WinNTFileSystem.canonicalize(WinNTFileSystem.java:483)
	at java.base/java.io.File.getCanonicalPath(File.java:626)
	at java.base/java.io.File.getCanonicalFile(File.java:651)
	at org.apache.logging.log4j.core.util.FileUtils.makeParentDirs(FileUtils.java:139)
	at org.apache.logging.log4j.core.appender.rolling.RollingFileManager$RollingFileManagerFactory.createManager(RollingFileManager.java:734)
	at org.apache.logging.log4j.core.appender.rolling.RollingFileManager$RollingFileManagerFactory.createManager(RollingFileManager.java:718)
	at org.apache.logging.log4j.core.appender.AbstractManager.getManager(AbstractManager.java:144)
	at org.apache.logging.log4j.core.appender.OutputStreamManager.getManager(OutputStreamManager.java:100)
	at org.apache.logging.log4j.core.appender.rolling.RollingFileManager.getFileManager(RollingFileManager.java:217)
	at org.apache.logging.log4j.core.appender.RollingFileAppender$Builder.build(RollingFileAppender.java:135)
	at org.apache.logging.log4j.core.appender.RollingFileAppender$Builder.build(RollingFileAppender.java:62)
	at org.apache.logging.log4j.core.config.plugins.util.PluginBuilder.build(PluginBuilder.java:124)
	at org.apache.logging.log4j.core.config.AbstractConfiguration.createPluginObject(AbstractConfiguration.java:1138)
	at org.apache.logging.log4j.core.config.AbstractConfiguration.createConfiguration(AbstractConfiguration.java:1063)
	at org.apache.logging.log4j.core.appender.routing.RoutingAppender.createAppender(RoutingAppender.java:310)
	at org.apache.logging.log4j.core.appender.routing.RoutingAppender.getControl(RoutingAppender.java:282)
	at org.apache.logging.log4j.core.appender.routing.RoutingAppender.append(RoutingAppender.java:240)
	at org.apache.logging.log4j.core.config.AppenderControl.tryCallAppender(AppenderControl.java:161)
	at org.apache.logging.log4j.core.config.AppenderControl.callAppender0(AppenderControl.java:134)
	at org.apache.logging.log4j.core.config.AppenderControl.callAppenderPreventRecursion(AppenderControl.java:125)
	at org.apache.logging.log4j.core.config.AppenderControl.callAppender(AppenderControl.java:89)
	at org.apache.logging.log4j.core.config.LoggerConfig.callAppenders(LoggerConfig.java:683)
	at org.apache.logging.log4j.core.config.LoggerConfig.processLogEvent(LoggerConfig.java:641)
	at org.apache.logging.log4j.core.config.LoggerConfig.log(LoggerConfig.java:624)
	at org.apache.logging.log4j.core.config.LoggerConfig.log(LoggerConfig.java:560)
	at org.apache.logging.log4j.core.config.AwaitCompletionReliabilityStrategy.log(AwaitCompletionReliabilityStrategy.java:82)
	at org.apache.logging.log4j.core.Logger.log(Logger.java:162)
	at org.apache.logging.log4j.spi.AbstractLogger.logMessage(AbstractLogger.java:2106)
	at org.apache.logging.log4j.internal.DefaultLogBuilder.logMessage(DefaultLogBuilder.java:241)
	at org.apache.logging.log4j.internal.DefaultLogBuilder.log(DefaultLogBuilder.java:162)
	at org.apache.xmlbeans.impl.schema.SchemaTypeSystemImpl.initFromHeader(SchemaTypeSystemImpl.java:231)
	at org.apache.xmlbeans.impl.schema.SchemaTypeSystemImpl.<init>(SchemaTypeSystemImpl.java:201)
	at org.apache.xmlbeans.metadata.system.sXMLTOOLS.TypeSystemHolder.<init>(TypeSystemHolder.java:9)
	at org.apache.xmlbeans.metadata.system.sXMLTOOLS.TypeSystemHolder.<clinit>(TypeSystemHolder.java:6)
	at java.base/java.lang.Class.forName0(Native Method)
	at java.base/java.lang.Class.forName(Class.java:398)
	at org.apache.xmlbeans.impl.schema.SchemaTypeLoaderImpl.build(SchemaTypeLoaderImpl.java:157)
	at org.apache.xmlbeans.impl.schema.SchemaTypeSystemImpl.<init>(SchemaTypeSystemImpl.java:198)
	at org.apache.xmlbeans.metadata.system.sXMLSCHEMA.TypeSystemHolder.<init>(TypeSystemHolder.java:9)
	at org.apache.xmlbeans.metadata.system.sXMLSCHEMA.TypeSystemHolder.<clinit>(TypeSystemHolder.java:6)
	at java.base/java.lang.Class.forName0(Native Method)
	at java.base/java.lang.Class.forName(Class.java:398)
	at org.apache.xmlbeans.impl.schema.SchemaTypeLoaderImpl.build(SchemaTypeLoaderImpl.java:157)
	at org.apache.xmlbeans.impl.schema.SchemaTypeSystemImpl.<init>(SchemaTypeSystemImpl.java:198)
	at org.apache.xmlbeans.metadata.system.sXMLLANG.TypeSystemHolder.<init>(TypeSystemHolder.java:9)
	at org.apache.xmlbeans.metadata.system.sXMLLANG.TypeSystemHolder.<clinit>(TypeSystemHolder.java:6)
	at java.base/java.lang.Class.forName0(Native Method)
	at java.base/java.lang.Class.forName(Class.java:398)
	at org.apache.xmlbeans.impl.schema.SchemaTypeLoaderImpl.build(SchemaTypeLoaderImpl.java:157)
	at org.apache.xmlbeans.impl.schema.SchemaTypeSystemImpl.<init>(SchemaTypeSystemImpl.java:198)
	at org.apache.xmlbeans.metadata.system.sXMLCONFIG.TypeSystemHolder.<init>(TypeSystemHolder.java:9)
	at org.apache.xmlbeans.metadata.system.sXMLCONFIG.TypeSystemHolder.<clinit>(TypeSystemHolder.java:6)
	at java.base/java.lang.Class.forName0(Native Method)
	at java.base/java.lang.Class.forName(Class.java:398)
	at org.apache.xmlbeans.impl.schema.SchemaTypeLoaderImpl.build(SchemaTypeLoaderImpl.java:157)
	at org.apache.xmlbeans.impl.schema.SchemaTypeSystemImpl.<init>(SchemaTypeSystemImpl.java:198)
	at org.apache.poi.schemas.ooxml.system.ooxml.TypeSystemHolder.<init>(TypeSystemHolder.java:9)
	at org.apache.poi.schemas.ooxml.system.ooxml.TypeSystemHolder.<clinit>(TypeSystemHolder.java:6)
	at org.openxmlformats.schemas.drawingml.x2006.main.ThemeDocument.<clinit>(ThemeDocument.java:23)
	at org.apache.poi.xssf.model.ThemesTable.readFrom(ThemesTable.java:119)
	at org.apache.poi.xssf.model.ThemesTable.<init>(ThemesTable.java:87)
	at org.apache.poi.ooxml.POIXMLFactory.createDocumentPart(POIXMLFactory.java:61)
	at org.apache.poi.ooxml.POIXMLDocumentPart.read(POIXMLDocumentPart.java:661)
	at org.apache.poi.ooxml.POIXMLDocument.load(POIXMLDocument.java:165)
	at org.apache.poi.xssf.usermodel.XSSFWorkbook.<init>(XSSFWorkbook.java:260)
	at org.apache.poi.xssf.usermodel.XSSFWorkbook.<init>(XSSFWorkbook.java:290)
	at org.apache.poi.xssf.usermodel.XSSFWorkbook.<init>(XSSFWorkbook.java:286)
	at externalResources.ExcelDataRead.<init>(ExcelDataRead.java:22)
	at listeners.AnnotationsTransformer.toBeExecuted(AnnotationsTransformer.java:36)
	at listeners.AnnotationsTransformer.transform(AnnotationsTransformer.java:24)
	at org.testng.internal.annotations.JDK15AnnotationFinder.transform(JDK15AnnotationFinder.java:172)
	at org.testng.internal.annotations.JDK15AnnotationFinder.lambda$findAnnotation$0(JDK15AnnotationFinder.java:279)
	at java.base/java.util.concurrent.ConcurrentHashMap.computeIfAbsent(ConcurrentHashMap.java:1705)
	at org.testng.internal.annotations.JDK15AnnotationFinder.findAnnotation(JDK15AnnotationFinder.java:275)
	at org.testng.internal.annotations.JDK15AnnotationFinder.findAnnotation(JDK15AnnotationFinder.java:113)
	at org.testng.internal.TestNGClassFinder.isTestNGClass(TestNGClassFinder.java:275)
	at org.testng.internal.TestNGClassFinder.isNotTestNGClass(TestNGClassFinder.java:260)
	at org.testng.internal.TestNGClassFinder.processClass(TestNGClassFinder.java:94)
	at org.testng.internal.TestNGClassFinder.<init>(TestNGClassFinder.java:67)
	at org.testng.TestRunner.initMethods(TestRunner.java:442)
	at org.testng.TestRunner.init(TestRunner.java:336)
	at org.testng.TestRunner.init(TestRunner.java:289)
	at org.testng.TestRunner.<init>(TestRunner.java:179)
	at org.testng.SuiteRunner$DefaultTestRunnerFactory.newTestRunner(SuiteRunner.java:643)
	at org.testng.SuiteRunner.init(SuiteRunner.java:225)
	at org.testng.SuiteRunner.<init>(SuiteRunner.java:115)
	at org.testng.TestNG.createSuiteRunner(TestNG.java:1349)
	at org.testng.TestNG.createSuiteRunners(TestNG.java:1325)
	at org.testng.TestNG.runSuitesLocally(TestNG.java:1167)
	at org.testng.TestNG.runSuites(TestNG.java:1099)
	at org.testng.TestNG.run(TestNG.java:1067)
	at org.apache.maven.surefire.testng.TestNGExecutor.run(TestNGExecutor.java:324)
	at org.apache.maven.surefire.testng.TestNGXmlTestSuite.execute(TestNGXmlTestSuite.java:74)
	at org.apache.maven.surefire.testng.TestNGProvider.invoke(TestNGProvider.java:123)
	at org.apache.maven.surefire.booter.ForkedBooter.runSuitesInProcess(ForkedBooter.java:456)
	at org.apache.maven.surefire.booter.ForkedBooter.execute(ForkedBooter.java:169)
	at org.apache.maven.surefire.booter.ForkedBooter.run(ForkedBooter.java:595)
	at org.apache.maven.surefire.booter.ForkedBooter.main(ForkedBooter.java:581)

2023-02-13 11:57:15,475 main ERROR Could not create plugin of type class org.apache.logging.log4j.core.appender.RollingFileAppender for element RollingFile: java.lang.IllegalStateException: ManagerFactory [org.apache.logging.log4j.core.appender.rolling.RollingFileManager$RollingFileManagerFactory@4e6d7365] unable to create manager for [./results/logs/${ctx:threadName}.log] with data [org.apache.logging.log4j.core.appender.rolling.RollingFileManager$FactoryData@77d18d0b[pattern=./results/logs/${ctx:threadName}-%d{yyyy-MM-dd}.log, append=true, bufferedIO=true, bufferSize=8192, policy=SizeBasedTriggeringPolicy(size=512000), strategy=DefaultRolloverStrategy(min=1, max=7, useMax=true), advertiseURI=null, layout=%d{HH:mm:ss.SSS} [%t] %-5level %logger{36} - %msg%n, filePermissions=null, fileOwner=null]] java.lang.IllegalStateException: ManagerFactory [org.apache.logging.log4j.core.appender.rolling.RollingFileManager$RollingFileManagerFactory@4e6d7365] unable to create manager for [./results/logs/${ctx:threadName}.log] with data [org.apache.logging.log4j.core.appender.rolling.RollingFileManager$FactoryData@77d18d0b[pattern=./results/logs/${ctx:threadName}-%d{yyyy-MM-dd}.log, append=true, bufferedIO=true, bufferSize=8192, policy=SizeBasedTriggeringPolicy(size=512000), strategy=DefaultRolloverStrategy(min=1, max=7, useMax=true), advertiseURI=null, layout=%d{HH:mm:ss.SSS} [%t] %-5level %logger{36} - %msg%n, filePermissions=null, fileOwner=null]]
	at org.apache.logging.log4j.core.appender.AbstractManager.getManager(AbstractManager.java:146)
	at org.apache.logging.log4j.core.appender.OutputStreamManager.getManager(OutputStreamManager.java:100)
	at org.apache.logging.log4j.core.appender.rolling.RollingFileManager.getFileManager(RollingFileManager.java:217)
	at org.apache.logging.log4j.core.appender.RollingFileAppender$Builder.build(RollingFileAppender.java:135)
	at org.apache.logging.log4j.core.appender.RollingFileAppender$Builder.build(RollingFileAppender.java:62)
	at org.apache.logging.log4j.core.config.plugins.util.PluginBuilder.build(PluginBuilder.java:124)
	at org.apache.logging.log4j.core.config.AbstractConfiguration.createPluginObject(AbstractConfiguration.java:1138)
	at org.apache.logging.log4j.core.config.AbstractConfiguration.createConfiguration(AbstractConfiguration.java:1063)
	at org.apache.logging.log4j.core.appender.routing.RoutingAppender.createAppender(RoutingAppender.java:310)
	at org.apache.logging.log4j.core.appender.routing.RoutingAppender.getControl(RoutingAppender.java:282)
	at org.apache.logging.log4j.core.appender.routing.RoutingAppender.append(RoutingAppender.java:240)
	at org.apache.logging.log4j.core.config.AppenderControl.tryCallAppender(AppenderControl.java:161)
	at org.apache.logging.log4j.core.config.AppenderControl.callAppender0(AppenderControl.java:134)
	at org.apache.logging.log4j.core.config.AppenderControl.callAppenderPreventRecursion(AppenderControl.java:125)
	at org.apache.logging.log4j.core.config.AppenderControl.callAppender(AppenderControl.java:89)
	at org.apache.logging.log4j.core.config.LoggerConfig.callAppenders(LoggerConfig.java:683)
	at org.apache.logging.log4j.core.config.LoggerConfig.processLogEvent(LoggerConfig.java:641)
	at org.apache.logging.log4j.core.config.LoggerConfig.log(LoggerConfig.java:624)
	at org.apache.logging.log4j.core.config.LoggerConfig.log(LoggerConfig.java:560)
	at org.apache.logging.log4j.core.config.AwaitCompletionReliabilityStrategy.log(AwaitCompletionReliabilityStrategy.java:82)
	at org.apache.logging.log4j.core.Logger.log(Logger.java:162)
	at org.apache.logging.log4j.spi.AbstractLogger.logMessage(AbstractLogger.java:2106)
	at org.apache.logging.log4j.internal.DefaultLogBuilder.logMessage(DefaultLogBuilder.java:241)
	at org.apache.logging.log4j.internal.DefaultLogBuilder.log(DefaultLogBuilder.java:162)
	at org.apache.xmlbeans.impl.schema.SchemaTypeSystemImpl.initFromHeader(SchemaTypeSystemImpl.java:231)
	at org.apache.xmlbeans.impl.schema.SchemaTypeSystemImpl.<init>(SchemaTypeSystemImpl.java:201)
	at org.apache.xmlbeans.metadata.system.sXMLTOOLS.TypeSystemHolder.<init>(TypeSystemHolder.java:9)
	at org.apache.xmlbeans.metadata.system.sXMLTOOLS.TypeSystemHolder.<clinit>(TypeSystemHolder.java:6)
	at java.base/java.lang.Class.forName0(Native Method)
	at java.base/java.lang.Class.forName(Class.java:398)
	at org.apache.xmlbeans.impl.schema.SchemaTypeLoaderImpl.build(SchemaTypeLoaderImpl.java:157)
	at org.apache.xmlbeans.impl.schema.SchemaTypeSystemImpl.<init>(SchemaTypeSystemImpl.java:198)
	at org.apache.xmlbeans.metadata.system.sXMLSCHEMA.TypeSystemHolder.<init>(TypeSystemHolder.java:9)
	at org.apache.xmlbeans.metadata.system.sXMLSCHEMA.TypeSystemHolder.<clinit>(TypeSystemHolder.java:6)
	at java.base/java.lang.Class.forName0(Native Method)
	at java.base/java.lang.Class.forName(Class.java:398)
	at org.apache.xmlbeans.impl.schema.SchemaTypeLoaderImpl.build(SchemaTypeLoaderImpl.java:157)
	at org.apache.xmlbeans.impl.schema.SchemaTypeSystemImpl.<init>(SchemaTypeSystemImpl.java:198)
	at org.apache.xmlbeans.metadata.system.sXMLLANG.TypeSystemHolder.<init>(TypeSystemHolder.java:9)
	at org.apache.xmlbeans.metadata.system.sXMLLANG.TypeSystemHolder.<clinit>(TypeSystemHolder.java:6)
	at java.base/java.lang.Class.forName0(Native Method)
	at java.base/java.lang.Class.forName(Class.java:398)
	at org.apache.xmlbeans.impl.schema.SchemaTypeLoaderImpl.build(SchemaTypeLoaderImpl.java:157)
	at org.apache.xmlbeans.impl.schema.SchemaTypeSystemImpl.<init>(SchemaTypeSystemImpl.java:198)
	at org.apache.xmlbeans.metadata.system.sXMLCONFIG.TypeSystemHolder.<init>(TypeSystemHolder.java:9)
	at org.apache.xmlbeans.metadata.system.sXMLCONFIG.TypeSystemHolder.<clinit>(TypeSystemHolder.java:6)
	at java.base/java.lang.Class.forName0(Native Method)
	at java.base/java.lang.Class.forName(Class.java:398)
	at org.apache.xmlbeans.impl.schema.SchemaTypeLoaderImpl.build(SchemaTypeLoaderImpl.java:157)
	at org.apache.xmlbeans.impl.schema.SchemaTypeSystemImpl.<init>(SchemaTypeSystemImpl.java:198)
	at org.apache.poi.schemas.ooxml.system.ooxml.TypeSystemHolder.<init>(TypeSystemHolder.java:9)
	at org.apache.poi.schemas.ooxml.system.ooxml.TypeSystemHolder.<clinit>(TypeSystemHolder.java:6)
	at org.openxmlformats.schemas.drawingml.x2006.main.ThemeDocument.<clinit>(ThemeDocument.java:23)
	at org.apache.poi.xssf.model.ThemesTable.readFrom(ThemesTable.java:119)
	at org.apache.poi.xssf.model.ThemesTable.<init>(ThemesTable.java:87)
	at org.apache.poi.ooxml.POIXMLFactory.createDocumentPart(POIXMLFactory.java:61)
	at org.apache.poi.ooxml.POIXMLDocumentPart.read(POIXMLDocumentPart.java:661)
	at org.apache.poi.ooxml.POIXMLDocument.load(POIXMLDocument.java:165)
	at org.apache.poi.xssf.usermodel.XSSFWorkbook.<init>(XSSFWorkbook.java:260)
	at org.apache.poi.xssf.usermodel.XSSFWorkbook.<init>(XSSFWorkbook.java:290)
	at org.apache.poi.xssf.usermodel.XSSFWorkbook.<init>(XSSFWorkbook.java:286)
	at externalResources.ExcelDataRead.<init>(ExcelDataRead.java:22)
	at listeners.AnnotationsTransformer.toBeExecuted(AnnotationsTransformer.java:36)
	at listeners.AnnotationsTransformer.transform(AnnotationsTransformer.java:24)
	at org.testng.internal.annotations.JDK15AnnotationFinder.transform(JDK15AnnotationFinder.java:172)
	at org.testng.internal.annotations.JDK15AnnotationFinder.lambda$findAnnotation$0(JDK15AnnotationFinder.java:279)
	at java.base/java.util.concurrent.ConcurrentHashMap.computeIfAbsent(ConcurrentHashMap.java:1705)
	at org.testng.internal.annotations.JDK15AnnotationFinder.findAnnotation(JDK15AnnotationFinder.java:275)
	at org.testng.internal.annotations.JDK15AnnotationFinder.findAnnotation(JDK15AnnotationFinder.java:113)
	at org.testng.internal.TestNGClassFinder.isTestNGClass(TestNGClassFinder.java:275)
	at org.testng.internal.TestNGClassFinder.isNotTestNGClass(TestNGClassFinder.java:260)
	at org.testng.internal.TestNGClassFinder.processClass(TestNGClassFinder.java:94)
	at org.testng.internal.TestNGClassFinder.<init>(TestNGClassFinder.java:67)
	at org.testng.TestRunner.initMethods(TestRunner.java:442)
	at org.testng.TestRunner.init(TestRunner.java:336)
	at org.testng.TestRunner.init(TestRunner.java:289)
	at org.testng.TestRunner.<init>(TestRunner.java:179)
	at org.testng.SuiteRunner$DefaultTestRunnerFactory.newTestRunner(SuiteRunner.java:643)
	at org.testng.SuiteRunner.init(SuiteRunner.java:225)
	at org.testng.SuiteRunner.<init>(SuiteRunner.java:115)
	at org.testng.TestNG.createSuiteRunner(TestNG.java:1349)
	at org.testng.TestNG.createSuiteRunners(TestNG.java:1325)
	at org.testng.TestNG.runSuitesLocally(TestNG.java:1167)
	at org.testng.TestNG.runSuites(TestNG.java:1099)
	at org.testng.TestNG.run(TestNG.java:1067)
	at org.apache.maven.surefire.testng.TestNGExecutor.run(TestNGExecutor.java:324)
	at org.apache.maven.surefire.testng.TestNGXmlTestSuite.execute(TestNGXmlTestSuite.java:74)
	at org.apache.maven.surefire.testng.TestNGProvider.invoke(TestNGProvider.java:123)
	at org.apache.maven.surefire.booter.ForkedBooter.runSuitesInProcess(ForkedBooter.java:456)
	at org.apache.maven.surefire.booter.ForkedBooter.execute(ForkedBooter.java:169)
	at org.apache.maven.surefire.booter.ForkedBooter.run(ForkedBooter.java:595)
	at org.apache.maven.surefire.booter.ForkedBooter.main(ForkedBooter.java:581)

2023-02-13 11:57:15,476 main ERROR Unable to invoke factory method in class org.apache.logging.log4j.core.appender.RollingFileAppender for element RollingFile: java.lang.IllegalStateException: No factory method found for class org.apache.logging.log4j.core.appender.RollingFileAppender java.lang.IllegalStateException: No factory method found for class org.apache.logging.log4j.core.appender.RollingFileAppender
	at org.apache.logging.log4j.core.config.plugins.util.PluginBuilder.findFactoryMethod(PluginBuilder.java:260)
	at org.apache.logging.log4j.core.config.plugins.util.PluginBuilder.build(PluginBuilder.java:136)
	at org.apache.logging.log4j.core.config.AbstractConfiguration.createPluginObject(AbstractConfiguration.java:1138)
	at org.apache.logging.log4j.core.config.AbstractConfiguration.createConfiguration(AbstractConfiguration.java:1063)
	at org.apache.logging.log4j.core.appender.routing.RoutingAppender.createAppender(RoutingAppender.java:310)
	at org.apache.logging.log4j.core.appender.routing.RoutingAppender.getControl(RoutingAppender.java:282)
	at org.apache.logging.log4j.core.appender.routing.RoutingAppender.append(RoutingAppender.java:240)
	at org.apache.logging.log4j.core.config.AppenderControl.tryCallAppender(AppenderControl.java:161)
	at org.apache.logging.log4j.core.config.AppenderControl.callAppender0(AppenderControl.java:134)
	at org.apache.logging.log4j.core.config.AppenderControl.callAppenderPreventRecursion(AppenderControl.java:125)
	at org.apache.logging.log4j.core.config.AppenderControl.callAppender(AppenderControl.java:89)
	at org.apache.logging.log4j.core.config.LoggerConfig.callAppenders(LoggerConfig.java:683)
	at org.apache.logging.log4j.core.config.LoggerConfig.processLogEvent(LoggerConfig.java:641)
	at org.apache.logging.log4j.core.config.LoggerConfig.log(LoggerConfig.java:624)
	at org.apache.logging.log4j.core.config.LoggerConfig.log(LoggerConfig.java:560)
	at org.apache.logging.log4j.core.config.AwaitCompletionReliabilityStrategy.log(AwaitCompletionReliabilityStrategy.java:82)
	at org.apache.logging.log4j.core.Logger.log(Logger.java:162)
	at org.apache.logging.log4j.spi.AbstractLogger.logMessage(AbstractLogger.java:2106)
	at org.apache.logging.log4j.internal.DefaultLogBuilder.logMessage(DefaultLogBuilder.java:241)
	at org.apache.logging.log4j.internal.DefaultLogBuilder.log(DefaultLogBuilder.java:162)
	at org.apache.xmlbeans.impl.schema.SchemaTypeSystemImpl.initFromHeader(SchemaTypeSystemImpl.java:231)
	at org.apache.xmlbeans.impl.schema.SchemaTypeSystemImpl.<init>(SchemaTypeSystemImpl.java:201)
	at org.apache.xmlbeans.metadata.system.sXMLTOOLS.TypeSystemHolder.<init>(TypeSystemHolder.java:9)
	at org.apache.xmlbeans.metadata.system.sXMLTOOLS.TypeSystemHolder.<clinit>(TypeSystemHolder.java:6)
	at java.base/java.lang.Class.forName0(Native Method)
	at java.base/java.lang.Class.forName(Class.java:398)
	at org.apache.xmlbeans.impl.schema.SchemaTypeLoaderImpl.build(SchemaTypeLoaderImpl.java:157)
	at org.apache.xmlbeans.impl.schema.SchemaTypeSystemImpl.<init>(SchemaTypeSystemImpl.java:198)
	at org.apache.xmlbeans.metadata.system.sXMLSCHEMA.TypeSystemHolder.<init>(TypeSystemHolder.java:9)
	at org.apache.xmlbeans.metadata.system.sXMLSCHEMA.TypeSystemHolder.<clinit>(TypeSystemHolder.java:6)
	at java.base/java.lang.Class.forName0(Native Method)
	at java.base/java.lang.Class.forName(Class.java:398)
	at org.apache.xmlbeans.impl.schema.SchemaTypeLoaderImpl.build(SchemaTypeLoaderImpl.java:157)
	at org.apache.xmlbeans.impl.schema.SchemaTypeSystemImpl.<init>(SchemaTypeSystemImpl.java:198)
	at org.apache.xmlbeans.metadata.system.sXMLLANG.TypeSystemHolder.<init>(TypeSystemHolder.java:9)
	at org.apache.xmlbeans.metadata.system.sXMLLANG.TypeSystemHolder.<clinit>(TypeSystemHolder.java:6)
	at java.base/java.lang.Class.forName0(Native Method)
	at java.base/java.lang.Class.forName(Class.java:398)
	at org.apache.xmlbeans.impl.schema.SchemaTypeLoaderImpl.build(SchemaTypeLoaderImpl.java:157)
	at org.apache.xmlbeans.impl.schema.SchemaTypeSystemImpl.<init>(SchemaTypeSystemImpl.java:198)
	at org.apache.xmlbeans.metadata.system.sXMLCONFIG.TypeSystemHolder.<init>(TypeSystemHolder.java:9)
	at org.apache.xmlbeans.metadata.system.sXMLCONFIG.TypeSystemHolder.<clinit>(TypeSystemHolder.java:6)
	at java.base/java.lang.Class.forName0(Native Method)
	at java.base/java.lang.Class.forName(Class.java:398)
	at org.apache.xmlbeans.impl.schema.SchemaTypeLoaderImpl.build(SchemaTypeLoaderImpl.java:157)
	at org.apache.xmlbeans.impl.schema.SchemaTypeSystemImpl.<init>(SchemaTypeSystemImpl.java:198)
	at org.apache.poi.schemas.ooxml.system.ooxml.TypeSystemHolder.<init>(TypeSystemHolder.java:9)
	at org.apache.poi.schemas.ooxml.system.ooxml.TypeSystemHolder.<clinit>(TypeSystemHolder.java:6)
	at org.openxmlformats.schemas.drawingml.x2006.main.ThemeDocument.<clinit>(ThemeDocument.java:23)
	at org.apache.poi.xssf.model.ThemesTable.readFrom(ThemesTable.java:119)
	at org.apache.poi.xssf.model.ThemesTable.<init>(ThemesTable.java:87)
	at org.apache.poi.ooxml.POIXMLFactory.createDocumentPart(POIXMLFactory.java:61)
	at org.apache.poi.ooxml.POIXMLDocumentPart.read(POIXMLDocumentPart.java:661)
	at org.apache.poi.ooxml.POIXMLDocument.load(POIXMLDocument.java:165)
	at org.apache.poi.xssf.usermodel.XSSFWorkbook.<init>(XSSFWorkbook.java:260)
	at org.apache.poi.xssf.usermodel.XSSFWorkbook.<init>(XSSFWorkbook.java:290)
	at org.apache.poi.xssf.usermodel.XSSFWorkbook.<init>(XSSFWorkbook.java:286)
	at externalResources.ExcelDataRead.<init>(ExcelDataRead.java:22)
	at listeners.AnnotationsTransformer.toBeExecuted(AnnotationsTransformer.java:36)
	at listeners.AnnotationsTransformer.transform(AnnotationsTransformer.java:24)
	at org.testng.internal.annotations.JDK15AnnotationFinder.transform(JDK15AnnotationFinder.java:172)
	at org.testng.internal.annotations.JDK15AnnotationFinder.lambda$findAnnotation$0(JDK15AnnotationFinder.java:279)
	at java.base/java.util.concurrent.ConcurrentHashMap.computeIfAbsent(ConcurrentHashMap.java:1705)
	at org.testng.internal.annotations.JDK15AnnotationFinder.findAnnotation(JDK15AnnotationFinder.java:275)
	at org.testng.internal.annotations.JDK15AnnotationFinder.findAnnotation(JDK15AnnotationFinder.java:113)
	at org.testng.internal.TestNGClassFinder.isTestNGClass(TestNGClassFinder.java:275)
	at org.testng.internal.TestNGClassFinder.isNotTestNGClass(TestNGClassFinder.java:260)
	at org.testng.internal.TestNGClassFinder.processClass(TestNGClassFinder.java:94)
	at org.testng.internal.TestNGClassFinder.<init>(TestNGClassFinder.java:67)
	at org.testng.TestRunner.initMethods(TestRunner.java:442)
	at org.testng.TestRunner.init(TestRunner.java:336)
	at org.testng.TestRunner.init(TestRunner.java:289)
	at org.testng.TestRunner.<init>(TestRunner.java:179)
	at org.testng.SuiteRunner$DefaultTestRunnerFactory.newTestRunner(SuiteRunner.java:643)
	at org.testng.SuiteRunner.init(SuiteRunner.java:225)
	at org.testng.SuiteRunner.<init>(SuiteRunner.java:115)
	at org.testng.TestNG.createSuiteRunner(TestNG.java:1349)
	at org.testng.TestNG.createSuiteRunners(TestNG.java:1325)
	at org.testng.TestNG.runSuitesLocally(TestNG.java:1167)
	at org.testng.TestNG.runSuites(TestNG.java:1099)
	at org.testng.TestNG.run(TestNG.java:1067)
	at org.apache.maven.surefire.testng.TestNGExecutor.run(TestNGExecutor.java:324)
	at org.apache.maven.surefire.testng.TestNGXmlTestSuite.execute(TestNGXmlTestSuite.java:74)
	at org.apache.maven.surefire.testng.TestNGProvider.invoke(TestNGProvider.java:123)
	at org.apache.maven.surefire.booter.ForkedBooter.runSuitesInProcess(ForkedBooter.java:456)
	at org.apache.maven.surefire.booter.ForkedBooter.execute(ForkedBooter.java:169)
	at org.apache.maven.surefire.booter.ForkedBooter.run(ForkedBooter.java:595)
	at org.apache.maven.surefire.booter.ForkedBooter.main(ForkedBooter.java:581)

2023-02-13 11:57:15,499 main ERROR Unable to create file ./results/logs/${ctx:threadName}.log java.io.IOException: The filename, directory name, or volume label syntax is incorrect
	at java.base/java.io.WinNTFileSystem.canonicalize0(Native Method)
	at java.base/java.io.WinNTFileSystem.canonicalize(WinNTFileSystem.java:483)
	at java.base/java.io.File.getCanonicalPath(File.java:626)
	at java.base/java.io.File.getCanonicalFile(File.java:651)
	at org.apache.logging.log4j.core.util.FileUtils.makeParentDirs(FileUtils.java:139)
	at org.apache.logging.log4j.core.appender.rolling.RollingFileManager$RollingFileManagerFactory.createManager(RollingFileManager.java:734)
	at org.apache.logging.log4j.core.appender.rolling.RollingFileManager$RollingFileManagerFactory.createManager(RollingFileManager.java:718)
	at org.apache.logging.log4j.core.appender.AbstractManager.getManager(AbstractManager.java:144)
	at org.apache.logging.log4j.core.appender.OutputStreamManager.getManager(OutputStreamManager.java:100)
	at org.apache.logging.log4j.core.appender.rolling.RollingFileManager.getFileManager(RollingFileManager.java:217)
	at org.apache.logging.log4j.core.appender.RollingFileAppender$Builder.build(RollingFileAppender.java:135)
	at org.apache.logging.log4j.core.appender.RollingFileAppender$Builder.build(RollingFileAppender.java:62)
	at org.apache.logging.log4j.core.config.plugins.util.PluginBuilder.build(PluginBuilder.java:124)
	at org.apache.logging.log4j.core.config.AbstractConfiguration.createPluginObject(AbstractConfiguration.java:1138)
	at org.apache.logging.log4j.core.config.AbstractConfiguration.createConfiguration(AbstractConfiguration.java:1063)
	at org.apache.logging.log4j.core.appender.routing.RoutingAppender.createAppender(RoutingAppender.java:310)
	at org.apache.logging.log4j.core.appender.routing.RoutingAppender.getControl(RoutingAppender.java:282)
	at org.apache.logging.log4j.core.appender.routing.RoutingAppender.append(RoutingAppender.java:240)
	at org.apache.logging.log4j.core.config.AppenderControl.tryCallAppender(AppenderControl.java:161)
	at org.apache.logging.log4j.core.config.AppenderControl.callAppender0(AppenderControl.java:134)
	at org.apache.logging.log4j.core.config.AppenderControl.callAppenderPreventRecursion(AppenderControl.java:125)
	at org.apache.logging.log4j.core.config.AppenderControl.callAppender(AppenderControl.java:89)
	at org.apache.logging.log4j.core.config.LoggerConfig.callAppenders(LoggerConfig.java:683)
	at org.apache.logging.log4j.core.config.LoggerConfig.processLogEvent(LoggerConfig.java:641)
	at org.apache.logging.log4j.core.config.LoggerConfig.log(LoggerConfig.java:624)
	at org.apache.logging.log4j.core.config.LoggerConfig.log(LoggerConfig.java:560)
	at org.apache.logging.log4j.core.config.AwaitCompletionReliabilityStrategy.log(AwaitCompletionReliabilityStrategy.java:82)
	at org.apache.logging.log4j.core.Logger.log(Logger.java:162)
	at org.apache.logging.log4j.spi.AbstractLogger.logMessage(AbstractLogger.java:2106)
	at org.apache.logging.log4j.internal.DefaultLogBuilder.logMessage(DefaultLogBuilder.java:241)
	at org.apache.logging.log4j.internal.DefaultLogBuilder.log(DefaultLogBuilder.java:162)
	at org.apache.xmlbeans.impl.schema.SchemaTypeSystemImpl.<init>(SchemaTypeSystemImpl.java:206)
	at org.apache.xmlbeans.metadata.system.sXMLTOOLS.TypeSystemHolder.<init>(TypeSystemHolder.java:9)
	at org.apache.xmlbeans.metadata.system.sXMLTOOLS.TypeSystemHolder.<clinit>(TypeSystemHolder.java:6)
	at java.base/java.lang.Class.forName0(Native Method)
	at java.base/java.lang.Class.forName(Class.java:398)
	at org.apache.xmlbeans.impl.schema.SchemaTypeLoaderImpl.build(SchemaTypeLoaderImpl.java:157)
	at org.apache.xmlbeans.impl.schema.SchemaTypeSystemImpl.<init>(SchemaTypeSystemImpl.java:198)
	at org.apache.xmlbeans.metadata.system.sXMLSCHEMA.TypeSystemHolder.<init>(TypeSystemHolder.java:9)
	at org.apache.xmlbeans.metadata.system.sXMLSCHEMA.TypeSystemHolder.<clinit>(TypeSystemHolder.java:6)
	at java.base/java.lang.Class.forName0(Native Method)
	at java.base/java.lang.Class.forName(Class.java:398)
	at org.apache.xmlbeans.impl.schema.SchemaTypeLoaderImpl.build(SchemaTypeLoaderImpl.java:157)
	at org.apache.xmlbeans.impl.schema.SchemaTypeSystemImpl.<init>(SchemaTypeSystemImpl.java:198)
	at org.apache.xmlbeans.metadata.system.sXMLLANG.TypeSystemHolder.<init>(TypeSystemHolder.java:9)
	at org.apache.xmlbeans.metadata.system.sXMLLANG.TypeSystemHolder.<clinit>(TypeSystemHolder.java:6)
	at java.base/java.lang.Class.forName0(Native Method)
	at java.base/java.lang.Class.forName(Class.java:398)
	at org.apache.xmlbeans.impl.schema.SchemaTypeLoaderImpl.build(SchemaTypeLoaderImpl.java:157)
	at org.apache.xmlbeans.impl.schema.SchemaTypeSystemImpl.<init>(SchemaTypeSystemImpl.java:198)
	at org.apache.xmlbeans.metadata.system.sXMLCONFIG.TypeSystemHolder.<init>(TypeSystemHolder.java:9)
	at org.apache.xmlbeans.metadata.system.sXMLCONFIG.TypeSystemHolder.<clinit>(TypeSystemHolder.java:6)
	at java.base/java.lang.Class.forName0(Native Method)
	at java.base/java.lang.Class.forName(Class.java:398)
	at org.apache.xmlbeans.impl.schema.SchemaTypeLoaderImpl.build(SchemaTypeLoaderImpl.java:157)
	at org.apache.xmlbeans.impl.schema.SchemaTypeSystemImpl.<init>(SchemaTypeSystemImpl.java:198)
	at org.apache.poi.schemas.ooxml.system.ooxml.TypeSystemHolder.<init>(TypeSystemHolder.java:9)
	at org.apache.poi.schemas.ooxml.system.ooxml.TypeSystemHolder.<clinit>(TypeSystemHolder.java:6)
	at org.openxmlformats.schemas.drawingml.x2006.main.ThemeDocument.<clinit>(ThemeDocument.java:23)
	at org.apache.poi.xssf.model.ThemesTable.readFrom(ThemesTable.java:119)
	at org.apache.poi.xssf.model.ThemesTable.<init>(ThemesTable.java:87)
	at org.apache.poi.ooxml.POIXMLFactory.createDocumentPart(POIXMLFactory.java:61)
	at org.apache.poi.ooxml.POIXMLDocumentPart.read(POIXMLDocumentPart.java:661)
	at org.apache.poi.ooxml.POIXMLDocument.load(POIXMLDocument.java:165)
	at org.apache.poi.xssf.usermodel.XSSFWorkbook.<init>(XSSFWorkbook.java:260)
	at org.apache.poi.xssf.usermodel.XSSFWorkbook.<init>(XSSFWorkbook.java:290)
	at org.apache.poi.xssf.usermodel.XSSFWorkbook.<init>(XSSFWorkbook.java:286)
	at externalResources.ExcelDataRead.<init>(ExcelDataRead.java:22)
	at listeners.AnnotationsTransformer.toBeExecuted(AnnotationsTransformer.java:36)
	at listeners.AnnotationsTransformer.transform(AnnotationsTransformer.java:24)
	at org.testng.internal.annotations.JDK15AnnotationFinder.transform(JDK15AnnotationFinder.java:172)
	at org.testng.internal.annotations.JDK15AnnotationFinder.lambda$findAnnotation$0(JDK15AnnotationFinder.java:279)
	at java.base/java.util.concurrent.ConcurrentHashMap.computeIfAbsent(ConcurrentHashMap.java:1705)
	at org.testng.internal.annotations.JDK15AnnotationFinder.findAnnotation(JDK15AnnotationFinder.java:275)
	at org.testng.internal.annotations.JDK15AnnotationFinder.findAnnotation(JDK15AnnotationFinder.java:113)
	at org.testng.internal.TestNGClassFinder.isTestNGClass(TestNGClassFinder.java:275)
	at org.testng.internal.TestNGClassFinder.isNotTestNGClass(TestNGClassFinder.java:260)
	at org.testng.internal.TestNGClassFinder.processClass(TestNGClassFinder.java:94)
	at org.testng.internal.TestNGClassFinder.<init>(TestNGClassFinder.java:67)
	at org.testng.TestRunner.initMethods(TestRunner.java:442)
	at org.testng.TestRunner.init(TestRunner.java:336)
	at org.testng.TestRunner.init(TestRunner.java:289)
	at org.testng.TestRunner.<init>(TestRunner.java:179)
	at org.testng.SuiteRunner$DefaultTestRunnerFactory.newTestRunner(SuiteRunner.java:643)
	at org.testng.SuiteRunner.init(SuiteRunner.java:225)
	at org.testng.SuiteRunner.<init>(SuiteRunner.java:115)
	at org.testng.TestNG.createSuiteRunner(TestNG.java:1349)
	at org.testng.TestNG.createSuiteRunners(TestNG.java:1325)
	at org.testng.TestNG.runSuitesLocally(TestNG.java:1167)
	at org.testng.TestNG.runSuites(TestNG.java:1099)
	at org.testng.TestNG.run(TestNG.java:1067)
	at org.apache.maven.surefire.testng.TestNGExecutor.run(TestNGExecutor.java:324)
	at org.apache.maven.surefire.testng.TestNGXmlTestSuite.execute(TestNGXmlTestSuite.java:74)
	at org.apache.maven.surefire.testng.TestNGProvider.invoke(TestNGProvider.java:123)
	at org.apache.maven.surefire.booter.ForkedBooter.runSuitesInProcess(ForkedBooter.java:456)
	at org.apache.maven.surefire.booter.ForkedBooter.execute(ForkedBooter.java:169)
	at org.apache.maven.surefire.booter.ForkedBooter.run(ForkedBooter.java:595)
	at org.apache.maven.surefire.booter.ForkedBooter.main(ForkedBooter.java:581)

2023-02-13 11:57:15,501 main ERROR Could not create plugin of type class org.apache.logging.log4j.core.appender.RollingFileAppender for element RollingFile: java.lang.IllegalStateException: ManagerFactory [org.apache.logging.log4j.core.appender.rolling.RollingFileManager$RollingFileManagerFactory@4e6d7365] unable to create manager for [./results/logs/${ctx:threadName}.log] with data [org.apache.logging.log4j.core.appender.rolling.RollingFileManager$FactoryData@61c76850[pattern=./results/logs/${ctx:threadName}-%d{yyyy-MM-dd}.log, append=true, bufferedIO=true, bufferSize=8192, policy=SizeBasedTriggeringPolicy(size=512000), strategy=DefaultRolloverStrategy(min=1, max=7, useMax=true), advertiseURI=null, layout=%d{HH:mm:ss.SSS} [%t] %-5level %logger{36} - %msg%n, filePermissions=null, fileOwner=null]] java.lang.IllegalStateException: ManagerFactory [org.apache.logging.log4j.core.appender.rolling.RollingFileManager$RollingFileManagerFactory@4e6d7365] unable to create manager for [./results/logs/${ctx:threadName}.log] with data [org.apache.logging.log4j.core.appender.rolling.RollingFileManager$FactoryData@61c76850[pattern=./results/logs/${ctx:threadName}-%d{yyyy-MM-dd}.log, append=true, bufferedIO=true, bufferSize=8192, policy=SizeBasedTriggeringPolicy(size=512000), strategy=DefaultRolloverStrategy(min=1, max=7, useMax=true), advertiseURI=null, layout=%d{HH:mm:ss.SSS} [%t] %-5level %logger{36} - %msg%n, filePermissions=null, fileOwner=null]]
	at org.apache.logging.log4j.core.appender.AbstractManager.getManager(AbstractManager.java:146)
	at org.apache.logging.log4j.core.appender.OutputStreamManager.getManager(OutputStreamManager.java:100)
	at org.apache.logging.log4j.core.appender.rolling.RollingFileManager.getFileManager(RollingFileManager.java:217)
	at org.apache.logging.log4j.core.appender.RollingFileAppender$Builder.build(RollingFileAppender.java:135)
	at org.apache.logging.log4j.core.appender.RollingFileAppender$Builder.build(RollingFileAppender.java:62)
	at org.apache.logging.log4j.core.config.plugins.util.PluginBuilder.build(PluginBuilder.java:124)
	at org.apache.logging.log4j.core.config.AbstractConfiguration.createPluginObject(AbstractConfiguration.java:1138)
	at org.apache.logging.log4j.core.config.AbstractConfiguration.createConfiguration(AbstractConfiguration.java:1063)
	at org.apache.logging.log4j.core.appender.routing.RoutingAppender.createAppender(RoutingAppender.java:310)
	at org.apache.logging.log4j.core.appender.routing.RoutingAppender.getControl(RoutingAppender.java:282)
	at org.apache.logging.log4j.core.appender.routing.RoutingAppender.append(RoutingAppender.java:240)
	at org.apache.logging.log4j.core.config.AppenderControl.tryCallAppender(AppenderControl.java:161)
	at org.apache.logging.log4j.core.config.AppenderControl.callAppender0(AppenderControl.java:134)
	at org.apache.logging.log4j.core.config.AppenderControl.callAppenderPreventRecursion(AppenderControl.java:125)
	at org.apache.logging.log4j.core.config.AppenderControl.callAppender(AppenderControl.java:89)
	at org.apache.logging.log4j.core.config.LoggerConfig.callAppenders(LoggerConfig.java:683)
	at org.apache.logging.log4j.core.config.LoggerConfig.processLogEvent(LoggerConfig.java:641)
	at org.apache.logging.log4j.core.config.LoggerConfig.log(LoggerConfig.java:624)
	at org.apache.logging.log4j.core.config.LoggerConfig.log(LoggerConfig.java:560)
	at org.apache.logging.log4j.core.config.AwaitCompletionReliabilityStrategy.log(AwaitCompletionReliabilityStrategy.java:82)
	at org.apache.logging.log4j.core.Logger.log(Logger.java:162)
	at org.apache.logging.log4j.spi.AbstractLogger.logMessage(AbstractLogger.java:2106)
	at org.apache.logging.log4j.internal.DefaultLogBuilder.logMessage(DefaultLogBuilder.java:241)
	at org.apache.logging.log4j.internal.DefaultLogBuilder.log(DefaultLogBuilder.java:162)
	at org.apache.xmlbeans.impl.schema.SchemaTypeSystemImpl.<init>(SchemaTypeSystemImpl.java:206)
	at org.apache.xmlbeans.metadata.system.sXMLTOOLS.TypeSystemHolder.<init>(TypeSystemHolder.java:9)
	at org.apache.xmlbeans.metadata.system.sXMLTOOLS.TypeSystemHolder.<clinit>(TypeSystemHolder.java:6)
	at java.base/java.lang.Class.forName0(Native Method)
	at java.base/java.lang.Class.forName(Class.java:398)
	at org.apache.xmlbeans.impl.schema.SchemaTypeLoaderImpl.build(SchemaTypeLoaderImpl.java:157)
	at org.apache.xmlbeans.impl.schema.SchemaTypeSystemImpl.<init>(SchemaTypeSystemImpl.java:198)
	at org.apache.xmlbeans.metadata.system.sXMLSCHEMA.TypeSystemHolder.<init>(TypeSystemHolder.java:9)
	at org.apache.xmlbeans.metadata.system.sXMLSCHEMA.TypeSystemHolder.<clinit>(TypeSystemHolder.java:6)
	at java.base/java.lang.Class.forName0(Native Method)
	at java.base/java.lang.Class.forName(Class.java:398)
	at org.apache.xmlbeans.impl.schema.SchemaTypeLoaderImpl.build(SchemaTypeLoaderImpl.java:157)
	at org.apache.xmlbeans.impl.schema.SchemaTypeSystemImpl.<init>(SchemaTypeSystemImpl.java:198)
	at org.apache.xmlbeans.metadata.system.sXMLLANG.TypeSystemHolder.<init>(TypeSystemHolder.java:9)
	at org.apache.xmlbeans.metadata.system.sXMLLANG.TypeSystemHolder.<clinit>(TypeSystemHolder.java:6)
	at java.base/java.lang.Class.forName0(Native Method)
	at java.base/java.lang.Class.forName(Class.java:398)
	at org.apache.xmlbeans.impl.schema.SchemaTypeLoaderImpl.build(SchemaTypeLoaderImpl.java:157)
	at org.apache.xmlbeans.impl.schema.SchemaTypeSystemImpl.<init>(SchemaTypeSystemImpl.java:198)
	at org.apache.xmlbeans.metadata.system.sXMLCONFIG.TypeSystemHolder.<init>(TypeSystemHolder.java:9)
	at org.apache.xmlbeans.metadata.system.sXMLCONFIG.TypeSystemHolder.<clinit>(TypeSystemHolder.java:6)
	at java.base/java.lang.Class.forName0(Native Method)
	at java.base/java.lang.Class.forName(Class.java:398)
	at org.apache.xmlbeans.impl.schema.SchemaTypeLoaderImpl.build(SchemaTypeLoaderImpl.java:157)
	at org.apache.xmlbeans.impl.schema.SchemaTypeSystemImpl.<init>(SchemaTypeSystemImpl.java:198)
	at org.apache.poi.schemas.ooxml.system.ooxml.TypeSystemHolder.<init>(TypeSystemHolder.java:9)
	at org.apache.poi.schemas.ooxml.system.ooxml.TypeSystemHolder.<clinit>(TypeSystemHolder.java:6)
	at org.openxmlformats.schemas.drawingml.x2006.main.ThemeDocument.<clinit>(ThemeDocument.java:23)
	at org.apache.poi.xssf.model.ThemesTable.readFrom(ThemesTable.java:119)
	at org.apache.poi.xssf.model.ThemesTable.<init>(ThemesTable.java:87)
	at org.apache.poi.ooxml.POIXMLFactory.createDocumentPart(POIXMLFactory.java:61)
	at org.apache.poi.ooxml.POIXMLDocumentPart.read(POIXMLDocumentPart.java:661)
	at org.apache.poi.ooxml.POIXMLDocument.load(POIXMLDocument.java:165)
	at org.apache.poi.xssf.usermodel.XSSFWorkbook.<init>(XSSFWorkbook.java:260)
	at org.apache.poi.xssf.usermodel.XSSFWorkbook.<init>(XSSFWorkbook.java:290)
	at org.apache.poi.xssf.usermodel.XSSFWorkbook.<init>(XSSFWorkbook.java:286)
	at externalResources.ExcelDataRead.<init>(ExcelDataRead.java:22)
	at listeners.AnnotationsTransformer.toBeExecuted(AnnotationsTransformer.java:36)
	at listeners.AnnotationsTransformer.transform(AnnotationsTransformer.java:24)
	at org.testng.internal.annotations.JDK15AnnotationFinder.transform(JDK15AnnotationFinder.java:172)
	at org.testng.internal.annotations.JDK15AnnotationFinder.lambda$findAnnotation$0(JDK15AnnotationFinder.java:279)
	at java.base/java.util.concurrent.ConcurrentHashMap.computeIfAbsent(ConcurrentHashMap.java:1705)
	at org.testng.internal.annotations.JDK15AnnotationFinder.findAnnotation(JDK15AnnotationFinder.java:275)
	at org.testng.internal.annotations.JDK15AnnotationFinder.findAnnotation(JDK15AnnotationFinder.java:113)
	at org.testng.internal.TestNGClassFinder.isTestNGClass(TestNGClassFinder.java:275)
	at org.testng.internal.TestNGClassFinder.isNotTestNGClass(TestNGClassFinder.java:260)
	at org.testng.internal.TestNGClassFinder.processClass(TestNGClassFinder.java:94)
	at org.testng.internal.TestNGClassFinder.<init>(TestNGClassFinder.java:67)
	at org.testng.TestRunner.initMethods(TestRunner.java:442)
	at org.testng.TestRunner.init(TestRunner.java:336)
	at org.testng.TestRunner.init(TestRunner.java:289)
	at org.testng.TestRunner.<init>(TestRunner.java:179)
	at org.testng.SuiteRunner$DefaultTestRunnerFactory.newTestRunner(SuiteRunner.java:643)
	at org.testng.SuiteRunner.init(SuiteRunner.java:225)
	at org.testng.SuiteRunner.<init>(SuiteRunner.java:115)
	at org.testng.TestNG.createSuiteRunner(TestNG.java:1349)
	at org.testng.TestNG.createSuiteRunners(TestNG.java:1325)
	at org.testng.TestNG.runSuitesLocally(TestNG.java:1167)
	at org.testng.TestNG.runSuites(TestNG.java:1099)
	at org.testng.TestNG.run(TestNG.java:1067)
	at org.apache.maven.surefire.testng.TestNGExecutor.run(TestNGExecutor.java:324)
	at org.apache.maven.surefire.testng.TestNGXmlTestSuite.execute(TestNGXmlTestSuite.java:74)
	at org.apache.maven.surefire.testng.TestNGProvider.invoke(TestNGProvider.java:123)
	at org.apache.maven.surefire.booter.ForkedBooter.runSuitesInProcess(ForkedBooter.java:456)
	at org.apache.maven.surefire.booter.ForkedBooter.execute(ForkedBooter.java:169)
	at org.apache.maven.surefire.booter.ForkedBooter.run(ForkedBooter.java:595)
	at org.apache.maven.surefire.booter.ForkedBooter.main(ForkedBooter.java:581)

2023-02-13 11:57:15,502 main ERROR Unable to invoke factory method in class org.apache.logging.log4j.core.appender.RollingFileAppender for element RollingFile: java.lang.IllegalStateException: No factory method found for class org.apache.logging.log4j.core.appender.RollingFileAppender java.lang.IllegalStateException: No factory method found for class org.apache.logging.log4j.core.appender.RollingFileAppender
	at org.apache.logging.log4j.core.config.plugins.util.PluginBuilder.findFactoryMethod(PluginBuilder.java:260)
	at org.apache.logging.log4j.core.config.plugins.util.PluginBuilder.build(PluginBuilder.java:136)
	at org.apache.logging.log4j.core.config.AbstractConfiguration.createPluginObject(AbstractConfiguration.java:1138)
	at org.apache.logging.log4j.core.config.AbstractConfiguration.createConfiguration(AbstractConfiguration.java:1063)
	at org.apache.logging.log4j.core.appender.routing.RoutingAppender.createAppender(RoutingAppender.java:310)
	at org.apache.logging.log4j.core.appender.routing.RoutingAppender.getControl(RoutingAppender.java:282)
	at org.apache.logging.log4j.core.appender.routing.RoutingAppender.append(RoutingAppender.java:240)
	at org.apache.logging.log4j.core.config.AppenderControl.tryCallAppender(AppenderControl.java:161)
	at org.apache.logging.log4j.core.config.AppenderControl.callAppender0(AppenderControl.java:134)
	at org.apache.logging.log4j.core.config.AppenderControl.callAppenderPreventRecursion(AppenderControl.java:125)
	at org.apache.logging.log4j.core.config.AppenderControl.callAppender(AppenderControl.java:89)
	at org.apache.logging.log4j.core.config.LoggerConfig.callAppenders(LoggerConfig.java:683)
	at org.apache.logging.log4j.core.config.LoggerConfig.processLogEvent(LoggerConfig.java:641)
	at org.apache.logging.log4j.core.config.LoggerConfig.log(LoggerConfig.java:624)
	at org.apache.logging.log4j.core.config.LoggerConfig.log(LoggerConfig.java:560)
	at org.apache.logging.log4j.core.config.AwaitCompletionReliabilityStrategy.log(AwaitCompletionReliabilityStrategy.java:82)
	at org.apache.logging.log4j.core.Logger.log(Logger.java:162)
	at org.apache.logging.log4j.spi.AbstractLogger.logMessage(AbstractLogger.java:2106)
	at org.apache.logging.log4j.internal.DefaultLogBuilder.logMessage(DefaultLogBuilder.java:241)
	at org.apache.logging.log4j.internal.DefaultLogBuilder.log(DefaultLogBuilder.java:162)
	at org.apache.xmlbeans.impl.schema.SchemaTypeSystemImpl.<init>(SchemaTypeSystemImpl.java:206)
	at org.apache.xmlbeans.metadata.system.sXMLTOOLS.TypeSystemHolder.<init>(TypeSystemHolder.java:9)
	at org.apache.xmlbeans.metadata.system.sXMLTOOLS.TypeSystemHolder.<clinit>(TypeSystemHolder.java:6)
	at java.base/java.lang.Class.forName0(Native Method)
	at java.base/java.lang.Class.forName(Class.java:398)
	at org.apache.xmlbeans.impl.schema.SchemaTypeLoaderImpl.build(SchemaTypeLoaderImpl.java:157)
	at org.apache.xmlbeans.impl.schema.SchemaTypeSystemImpl.<init>(SchemaTypeSystemImpl.java:198)
	at org.apache.xmlbeans.metadata.system.sXMLSCHEMA.TypeSystemHolder.<init>(TypeSystemHolder.java:9)
	at org.apache.xmlbeans.metadata.system.sXMLSCHEMA.TypeSystemHolder.<clinit>(TypeSystemHolder.java:6)
	at java.base/java.lang.Class.forName0(Native Method)
	at java.base/java.lang.Class.forName(Class.java:398)
	at org.apache.xmlbeans.impl.schema.SchemaTypeLoaderImpl.build(SchemaTypeLoaderImpl.java:157)
	at org.apache.xmlbeans.impl.schema.SchemaTypeSystemImpl.<init>(SchemaTypeSystemImpl.java:198)
	at org.apache.xmlbeans.metadata.system.sXMLLANG.TypeSystemHolder.<init>(TypeSystemHolder.java:9)
	at org.apache.xmlbeans.metadata.system.sXMLLANG.TypeSystemHolder.<clinit>(TypeSystemHolder.java:6)
	at java.base/java.lang.Class.forName0(Native Method)
	at java.base/java.lang.Class.forName(Class.java:398)
	at org.apache.xmlbeans.impl.schema.SchemaTypeLoaderImpl.build(SchemaTypeLoaderImpl.java:157)
	at org.apache.xmlbeans.impl.schema.SchemaTypeSystemImpl.<init>(SchemaTypeSystemImpl.java:198)
	at org.apache.xmlbeans.metadata.system.sXMLCONFIG.TypeSystemHolder.<init>(TypeSystemHolder.java:9)
	at org.apache.xmlbeans.metadata.system.sXMLCONFIG.TypeSystemHolder.<clinit>(TypeSystemHolder.java:6)
	at java.base/java.lang.Class.forName0(Native Method)
	at java.base/java.lang.Class.forName(Class.java:398)
	at org.apache.xmlbeans.impl.schema.SchemaTypeLoaderImpl.build(SchemaTypeLoaderImpl.java:157)
	at org.apache.xmlbeans.impl.schema.SchemaTypeSystemImpl.<init>(SchemaTypeSystemImpl.java:198)
	at org.apache.poi.schemas.ooxml.system.ooxml.TypeSystemHolder.<init>(TypeSystemHolder.java:9)
	at org.apache.poi.schemas.ooxml.system.ooxml.TypeSystemHolder.<clinit>(TypeSystemHolder.java:6)
	at org.openxmlformats.schemas.drawingml.x2006.main.ThemeDocument.<clinit>(ThemeDocument.java:23)
	at org.apache.poi.xssf.model.ThemesTable.readFrom(ThemesTable.java:119)
	at org.apache.poi.xssf.model.ThemesTable.<init>(ThemesTable.java:87)
	at org.apache.poi.ooxml.POIXMLFactory.createDocumentPart(POIXMLFactory.java:61)
	at org.apache.poi.ooxml.POIXMLDocumentPart.read(POIXMLDocumentPart.java:661)
	at org.apache.poi.ooxml.POIXMLDocument.load(POIXMLDocument.java:165)
	at org.apache.poi.xssf.usermodel.XSSFWorkbook.<init>(XSSFWorkbook.java:260)
	at org.apache.poi.xssf.usermodel.XSSFWorkbook.<init>(XSSFWorkbook.java:290)
	at org.apache.poi.xssf.usermodel.XSSFWorkbook.<init>(XSSFWorkbook.java:286)
	at externalResources.ExcelDataRead.<init>(ExcelDataRead.java:22)
	at listeners.AnnotationsTransformer.toBeExecuted(AnnotationsTransformer.java:36)
	at listeners.AnnotationsTransformer.transform(AnnotationsTransformer.java:24)
	at org.testng.internal.annotations.JDK15AnnotationFinder.transform(JDK15AnnotationFinder.java:172)
	at org.testng.internal.annotations.JDK15AnnotationFinder.lambda$findAnnotation$0(JDK15AnnotationFinder.java:279)
	at java.base/java.util.concurrent.ConcurrentHashMap.computeIfAbsent(ConcurrentHashMap.java:1705)
	at org.testng.internal.annotations.JDK15AnnotationFinder.findAnnotation(JDK15AnnotationFinder.java:275)
	at org.testng.internal.annotations.JDK15AnnotationFinder.findAnnotation(JDK15AnnotationFinder.java:113)
	at org.testng.internal.TestNGClassFinder.isTestNGClass(TestNGClassFinder.java:275)
	at org.testng.internal.TestNGClassFinder.isNotTestNGClass(TestNGClassFinder.java:260)
	at org.testng.internal.TestNGClassFinder.processClass(TestNGClassFinder.java:94)
	at org.testng.internal.TestNGClassFinder.<init>(TestNGClassFinder.java:67)
	at org.testng.TestRunner.initMethods(TestRunner.java:442)
	at org.testng.TestRunner.init(TestRunner.java:336)
	at org.testng.TestRunner.init(TestRunner.java:289)
	at org.testng.TestRunner.<init>(TestRunner.java:179)
	at org.testng.SuiteRunner$DefaultTestRunnerFactory.newTestRunner(SuiteRunner.java:643)
	at org.testng.SuiteRunner.init(SuiteRunner.java:225)
	at org.testng.SuiteRunner.<init>(SuiteRunner.java:115)
	at org.testng.TestNG.createSuiteRunner(TestNG.java:1349)
	at org.testng.TestNG.createSuiteRunners(TestNG.java:1325)
	at org.testng.TestNG.runSuitesLocally(TestNG.java:1167)
	at org.testng.TestNG.runSuites(TestNG.java:1099)
	at org.testng.TestNG.run(TestNG.java:1067)
	at org.apache.maven.surefire.testng.TestNGExecutor.run(TestNGExecutor.java:324)
	at org.apache.maven.surefire.testng.TestNGXmlTestSuite.execute(TestNGXmlTestSuite.java:74)
	at org.apache.maven.surefire.testng.TestNGProvider.invoke(TestNGProvider.java:123)
	at org.apache.maven.surefire.booter.ForkedBooter.runSuitesInProcess(ForkedBooter.java:456)
	at org.apache.maven.surefire.booter.ForkedBooter.execute(ForkedBooter.java:169)
	at org.apache.maven.surefire.booter.ForkedBooter.run(ForkedBooter.java:595)
	at org.apache.maven.surefire.booter.ForkedBooter.main(ForkedBooter.java:581)

2023-02-13 11:57:15,505 main ERROR Unable to create file ./results/logs/${ctx:threadName}.log java.io.IOException: The filename, directory name, or volume label syntax is incorrect
	at java.base/java.io.WinNTFileSystem.canonicalize0(Native Method)
	at java.base/java.io.WinNTFileSystem.canonicalize(WinNTFileSystem.java:483)
	at java.base/java.io.File.getCanonicalPath(File.java:626)
	at java.base/java.io.File.getCanonicalFile(File.java:651)
	at org.apache.logging.log4j.core.util.FileUtils.makeParentDirs(FileUtils.java:139)
	at org.apache.logging.log4j.core.appender.rolling.RollingFileManager$RollingFileManagerFactory.createManager(RollingFileManager.java:734)
	at org.apache.logging.log4j.core.appender.rolling.RollingFileManager$RollingFileManagerFactory.createManager(RollingFileManager.java:718)
	at org.apache.logging.log4j.core.appender.AbstractManager.getManager(AbstractManager.java:144)
	at org.apache.logging.log4j.core.appender.OutputStreamManager.getManager(OutputStreamManager.java:100)
	at org.apache.logging.log4j.core.appender.rolling.RollingFileManager.getFileManager(RollingFileManager.java:217)
	at org.apache.logging.log4j.core.appender.RollingFileAppender$Builder.build(RollingFileAppender.java:135)
	at org.apache.logging.log4j.core.appender.RollingFileAppender$Builder.build(RollingFileAppender.java:62)
	at org.apache.logging.log4j.core.config.plugins.util.PluginBuilder.build(PluginBuilder.java:124)
	at org.apache.logging.log4j.core.config.AbstractConfiguration.createPluginObject(AbstractConfiguration.java:1138)
	at org.apache.logging.log4j.core.config.AbstractConfiguration.createConfiguration(AbstractConfiguration.java:1063)
	at org.apache.logging.log4j.core.appender.routing.RoutingAppender.createAppender(RoutingAppender.java:310)
	at org.apache.logging.log4j.core.appender.routing.RoutingAppender.getControl(RoutingAppender.java:282)
	at org.apache.logging.log4j.core.appender.routing.RoutingAppender.append(RoutingAppender.java:240)
	at org.apache.logging.log4j.core.config.AppenderControl.tryCallAppender(AppenderControl.java:161)
	at org.apache.logging.log4j.core.config.AppenderControl.callAppender0(AppenderControl.java:134)
	at org.apache.logging.log4j.core.config.AppenderControl.callAppenderPreventRecursion(AppenderControl.java:125)
	at org.apache.logging.log4j.core.config.AppenderControl.callAppender(AppenderControl.java:89)
	at org.apache.logging.log4j.core.config.LoggerConfig.callAppenders(LoggerConfig.java:683)
	at org.apache.logging.log4j.core.config.LoggerConfig.processLogEvent(LoggerConfig.java:641)
	at org.apache.logging.log4j.core.config.LoggerConfig.log(LoggerConfig.java:624)
	at org.apache.logging.log4j.core.config.LoggerConfig.log(LoggerConfig.java:560)
	at org.apache.logging.log4j.core.config.AwaitCompletionReliabilityStrategy.log(AwaitCompletionReliabilityStrategy.java:82)
	at org.apache.logging.log4j.core.Logger.log(Logger.java:162)
	at org.apache.logging.log4j.spi.AbstractLogger.logMessage(AbstractLogger.java:2106)
	at org.apache.logging.log4j.internal.DefaultLogBuilder.logMessage(DefaultLogBuilder.java:241)
	at org.apache.logging.log4j.internal.DefaultLogBuilder.log(DefaultLogBuilder.java:162)
	at org.apache.xmlbeans.impl.schema.SchemaTypeSystemImpl.initFromHeader(SchemaTypeSystemImpl.java:231)
	at org.apache.xmlbeans.impl.schema.SchemaTypeSystemImpl.<init>(SchemaTypeSystemImpl.java:201)
	at org.apache.xmlbeans.metadata.system.sXMLSCHEMA.TypeSystemHolder.<init>(TypeSystemHolder.java:9)
	at org.apache.xmlbeans.metadata.system.sXMLSCHEMA.TypeSystemHolder.<clinit>(TypeSystemHolder.java:6)
	at java.base/java.lang.Class.forName0(Native Method)
	at java.base/java.lang.Class.forName(Class.java:398)
	at org.apache.xmlbeans.impl.schema.SchemaTypeLoaderImpl.build(SchemaTypeLoaderImpl.java:157)
	at org.apache.xmlbeans.impl.schema.SchemaTypeSystemImpl.<init>(SchemaTypeSystemImpl.java:198)
	at org.apache.xmlbeans.metadata.system.sXMLLANG.TypeSystemHolder.<init>(TypeSystemHolder.java:9)
	at org.apache.xmlbeans.metadata.system.sXMLLANG.TypeSystemHolder.<clinit>(TypeSystemHolder.java:6)
	at java.base/java.lang.Class.forName0(Native Method)
	at java.base/java.lang.Class.forName(Class.java:398)
	at org.apache.xmlbeans.impl.schema.SchemaTypeLoaderImpl.build(SchemaTypeLoaderImpl.java:157)
	at org.apache.xmlbeans.impl.schema.SchemaTypeSystemImpl.<init>(SchemaTypeSystemImpl.java:198)
	at org.apache.xmlbeans.metadata.system.sXMLCONFIG.TypeSystemHolder.<init>(TypeSystemHolder.java:9)
	at org.apache.xmlbeans.metadata.system.sXMLCONFIG.TypeSystemHolder.<clinit>(TypeSystemHolder.java:6)
	at java.base/java.lang.Class.forName0(Native Method)
	at java.base/java.lang.Class.forName(Class.java:398)
	at org.apache.xmlbeans.impl.schema.SchemaTypeLoaderImpl.build(SchemaTypeLoaderImpl.java:157)
	at org.apache.xmlbeans.impl.schema.SchemaTypeSystemImpl.<init>(SchemaTypeSystemImpl.java:198)
	at org.apache.poi.schemas.ooxml.system.ooxml.TypeSystemHolder.<init>(TypeSystemHolder.java:9)
	at org.apache.poi.schemas.ooxml.system.ooxml.TypeSystemHolder.<clinit>(TypeSystemHolder.java:6)
	at org.openxmlformats.schemas.drawingml.x2006.main.ThemeDocument.<clinit>(ThemeDocument.java:23)
	at org.apache.poi.xssf.model.ThemesTable.readFrom(ThemesTable.java:119)
	at org.apache.poi.xssf.model.ThemesTable.<init>(ThemesTable.java:87)
	at org.apache.poi.ooxml.POIXMLFactory.createDocumentPart(POIXMLFactory.java:61)
	at org.apache.poi.ooxml.POIXMLDocumentPart.read(POIXMLDocumentPart.java:661)
	at org.apache.poi.ooxml.POIXMLDocument.load(POIXMLDocument.java:165)
	at org.apache.poi.xssf.usermodel.XSSFWorkbook.<init>(XSSFWorkbook.java:260)
	at org.apache.poi.xssf.usermodel.XSSFWorkbook.<init>(XSSFWorkbook.java:290)
	at org.apache.poi.xssf.usermodel.XSSFWorkbook.<init>(XSSFWorkbook.java:286)
	at externalResources.ExcelDataRead.<init>(ExcelDataRead.java:22)
	at listeners.AnnotationsTransformer.toBeExecuted(AnnotationsTransformer.java:36)
	at listeners.AnnotationsTransformer.transform(AnnotationsTransformer.java:24)
	at org.testng.internal.annotations.JDK15AnnotationFinder.transform(JDK15AnnotationFinder.java:172)
	at org.testng.internal.annotations.JDK15AnnotationFinder.lambda$findAnnotation$0(JDK15AnnotationFinder.java:279)
	at java.base/java.util.concurrent.ConcurrentHashMap.computeIfAbsent(ConcurrentHashMap.java:1705)
	at org.testng.internal.annotations.JDK15AnnotationFinder.findAnnotation(JDK15AnnotationFinder.java:275)
	at org.testng.internal.annotations.JDK15AnnotationFinder.findAnnotation(JDK15AnnotationFinder.java:113)
	at org.testng.internal.TestNGClassFinder.isTestNGClass(TestNGClassFinder.java:275)
	at org.testng.internal.TestNGClassFinder.isNotTestNGClass(TestNGClassFinder.java:260)
	at org.testng.internal.TestNGClassFinder.processClass(TestNGClassFinder.java:94)
	at org.testng.internal.TestNGClassFinder.<init>(TestNGClassFinder.java:67)
	at org.testng.TestRunner.initMethods(TestRunner.java:442)
	at org.testng.TestRunner.init(TestRunner.java:336)
	at org.testng.TestRunner.init(TestRunner.java:289)
	at org.testng.TestRunner.<init>(TestRunner.java:179)
	at org.testng.SuiteRunner$DefaultTestRunnerFactory.newTestRunner(SuiteRunner.java:643)
	at org.testng.SuiteRunner.init(SuiteRunner.java:225)
	at org.testng.SuiteRunner.<init>(SuiteRunner.java:115)
	at org.testng.TestNG.createSuiteRunner(TestNG.java:1349)
	at org.testng.TestNG.createSuiteRunners(TestNG.java:1325)
	at org.testng.TestNG.runSuitesLocally(TestNG.java:1167)
	at org.testng.TestNG.runSuites(TestNG.java:1099)
	at org.testng.TestNG.run(TestNG.java:1067)
	at org.apache.maven.surefire.testng.TestNGExecutor.run(TestNGExecutor.java:324)
	at org.apache.maven.surefire.testng.TestNGXmlTestSuite.execute(TestNGXmlTestSuite.java:74)
	at org.apache.maven.surefire.testng.TestNGProvider.invoke(TestNGProvider.java:123)
	at org.apache.maven.surefire.booter.ForkedBooter.runSuitesInProcess(ForkedBooter.java:456)
	at org.apache.maven.surefire.booter.ForkedBooter.execute(ForkedBooter.java:169)
	at org.apache.maven.surefire.booter.ForkedBooter.run(ForkedBooter.java:595)
	at org.apache.maven.surefire.booter.ForkedBooter.main(ForkedBooter.java:581)

2023-02-13 11:57:15,506 main ERROR Could not create plugin of type class org.apache.logging.log4j.core.appender.RollingFileAppender for element RollingFile: java.lang.IllegalStateException: ManagerFactory [org.apache.logging.log4j.core.appender.rolling.RollingFileManager$RollingFileManagerFactory@4e6d7365] unable to create manager for [./results/logs/${ctx:threadName}.log] with data [org.apache.logging.log4j.core.appender.rolling.RollingFileManager$FactoryData@4390f46e[pattern=./results/logs/${ctx:threadName}-%d{yyyy-MM-dd}.log, append=true, bufferedIO=true, bufferSize=8192, policy=SizeBasedTriggeringPolicy(size=512000), strategy=DefaultRolloverStrategy(min=1, max=7, useMax=true), advertiseURI=null, layout=%d{HH:mm:ss.SSS} [%t] %-5level %logger{36} - %msg%n, filePermissions=null, fileOwner=null]] java.lang.IllegalStateException: ManagerFactory [org.apache.logging.log4j.core.appender.rolling.RollingFileManager$RollingFileManagerFactory@4e6d7365] unable to create manager for [./results/logs/${ctx:threadName}.log] with data [org.apache.logging.log4j.core.appender.rolling.RollingFileManager$FactoryData@4390f46e[pattern=./results/logs/${ctx:threadName}-%d{yyyy-MM-dd}.log, append=true, bufferedIO=true, bufferSize=8192, policy=SizeBasedTriggeringPolicy(size=512000), strategy=DefaultRolloverStrategy(min=1, max=7, useMax=true), advertiseURI=null, layout=%d{HH:mm:ss.SSS} [%t] %-5level %logger{36} - %msg%n, filePermissions=null, fileOwner=null]]
	at org.apache.logging.log4j.core.appender.AbstractManager.getManager(AbstractManager.java:146)
	at org.apache.logging.log4j.core.appender.OutputStreamManager.getManager(OutputStreamManager.java:100)
	at org.apache.logging.log4j.core.appender.rolling.RollingFileManager.getFileManager(RollingFileManager.java:217)
	at org.apache.logging.log4j.core.appender.RollingFileAppender$Builder.build(RollingFileAppender.java:135)
	at org.apache.logging.log4j.core.appender.RollingFileAppender$Builder.build(RollingFileAppender.java:62)
	at org.apache.logging.log4j.core.config.plugins.util.PluginBuilder.build(PluginBuilder.java:124)
	at org.apache.logging.log4j.core.config.AbstractConfiguration.createPluginObject(AbstractConfiguration.java:1138)
	at org.apache.logging.log4j.core.config.AbstractConfiguration.createConfiguration(AbstractConfiguration.java:1063)
	at org.apache.logging.log4j.core.appender.routing.RoutingAppender.createAppender(RoutingAppender.java:310)
	at org.apache.logging.log4j.core.appender.routing.RoutingAppender.getControl(RoutingAppender.java:282)
	at org.apache.logging.log4j.core.appender.routing.RoutingAppender.append(RoutingAppender.java:240)
	at org.apache.logging.log4j.core.config.AppenderControl.tryCallAppender(AppenderControl.java:161)
	at org.apache.logging.log4j.core.config.AppenderControl.callAppender0(AppenderControl.java:134)
	at org.apache.logging.log4j.core.config.AppenderControl.callAppenderPreventRecursion(AppenderControl.java:125)
	at org.apache.logging.log4j.core.config.AppenderControl.callAppender(AppenderControl.java:89)
	at org.apache.logging.log4j.core.config.LoggerConfig.callAppenders(LoggerConfig.java:683)
	at org.apache.logging.log4j.core.config.LoggerConfig.processLogEvent(LoggerConfig.java:641)
	at org.apache.logging.log4j.core.config.LoggerConfig.log(LoggerConfig.java:624)
	at org.apache.logging.log4j.core.config.LoggerConfig.log(LoggerConfig.java:560)
	at org.apache.logging.log4j.core.config.AwaitCompletionReliabilityStrategy.log(AwaitCompletionReliabilityStrategy.java:82)
	at org.apache.logging.log4j.core.Logger.log(Logger.java:162)
	at org.apache.logging.log4j.spi.AbstractLogger.logMessage(AbstractLogger.java:2106)
	at org.apache.logging.log4j.internal.DefaultLogBuilder.logMessage(DefaultLogBuilder.java:241)
	at org.apache.logging.log4j.internal.DefaultLogBuilder.log(DefaultLogBuilder.java:162)
	at org.apache.xmlbeans.impl.schema.SchemaTypeSystemImpl.initFromHeader(SchemaTypeSystemImpl.java:231)
	at org.apache.xmlbeans.impl.schema.SchemaTypeSystemImpl.<init>(SchemaTypeSystemImpl.java:201)
	at org.apache.xmlbeans.metadata.system.sXMLSCHEMA.TypeSystemHolder.<init>(TypeSystemHolder.java:9)
	at org.apache.xmlbeans.metadata.system.sXMLSCHEMA.TypeSystemHolder.<clinit>(TypeSystemHolder.java:6)
	at java.base/java.lang.Class.forName0(Native Method)
	at java.base/java.lang.Class.forName(Class.java:398)
	at org.apache.xmlbeans.impl.schema.SchemaTypeLoaderImpl.build(SchemaTypeLoaderImpl.java:157)
	at org.apache.xmlbeans.impl.schema.SchemaTypeSystemImpl.<init>(SchemaTypeSystemImpl.java:198)
	at org.apache.xmlbeans.metadata.system.sXMLLANG.TypeSystemHolder.<init>(TypeSystemHolder.java:9)
	at org.apache.xmlbeans.metadata.system.sXMLLANG.TypeSystemHolder.<clinit>(TypeSystemHolder.java:6)
	at java.base/java.lang.Class.forName0(Native Method)
	at java.base/java.lang.Class.forName(Class.java:398)
	at org.apache.xmlbeans.impl.schema.SchemaTypeLoaderImpl.build(SchemaTypeLoaderImpl.java:157)
	at org.apache.xmlbeans.impl.schema.SchemaTypeSystemImpl.<init>(SchemaTypeSystemImpl.java:198)
	at org.apache.xmlbeans.metadata.system.sXMLCONFIG.TypeSystemHolder.<init>(TypeSystemHolder.java:9)
	at org.apache.xmlbeans.metadata.system.sXMLCONFIG.TypeSystemHolder.<clinit>(TypeSystemHolder.java:6)
	at java.base/java.lang.Class.forName0(Native Method)
	at java.base/java.lang.Class.forName(Class.java:398)
	at org.apache.xmlbeans.impl.schema.SchemaTypeLoaderImpl.build(SchemaTypeLoaderImpl.java:157)
	at org.apache.xmlbeans.impl.schema.SchemaTypeSystemImpl.<init>(SchemaTypeSystemImpl.java:198)
	at org.apache.poi.schemas.ooxml.system.ooxml.TypeSystemHolder.<init>(TypeSystemHolder.java:9)
	at org.apache.poi.schemas.ooxml.system.ooxml.TypeSystemHolder.<clinit>(TypeSystemHolder.java:6)
	at org.openxmlformats.schemas.drawingml.x2006.main.ThemeDocument.<clinit>(ThemeDocument.java:23)
	at org.apache.poi.xssf.model.ThemesTable.readFrom(ThemesTable.java:119)
	at org.apache.poi.xssf.model.ThemesTable.<init>(ThemesTable.java:87)
	at org.apache.poi.ooxml.POIXMLFactory.createDocumentPart(POIXMLFactory.java:61)
	at org.apache.poi.ooxml.POIXMLDocumentPart.read(POIXMLDocumentPart.java:661)
	at org.apache.poi.ooxml.POIXMLDocument.load(POIXMLDocument.java:165)
	at org.apache.poi.xssf.usermodel.XSSFWorkbook.<init>(XSSFWorkbook.java:260)
	at org.apache.poi.xssf.usermodel.XSSFWorkbook.<init>(XSSFWorkbook.java:290)
	at org.apache.poi.xssf.usermodel.XSSFWorkbook.<init>(XSSFWorkbook.java:286)
	at externalResources.ExcelDataRead.<init>(ExcelDataRead.java:22)
	at listeners.AnnotationsTransformer.toBeExecuted(AnnotationsTransformer.java:36)
	at listeners.AnnotationsTransformer.transform(AnnotationsTransformer.java:24)
	at org.testng.internal.annotations.JDK15AnnotationFinder.transform(JDK15AnnotationFinder.java:172)
	at org.testng.internal.annotations.JDK15AnnotationFinder.lambda$findAnnotation$0(JDK15AnnotationFinder.java:279)
	at java.base/java.util.concurrent.ConcurrentHashMap.computeIfAbsent(ConcurrentHashMap.java:1705)
	at org.testng.internal.annotations.JDK15AnnotationFinder.findAnnotation(JDK15AnnotationFinder.java:275)
	at org.testng.internal.annotations.JDK15AnnotationFinder.findAnnotation(JDK15AnnotationFinder.java:113)
	at org.testng.internal.TestNGClassFinder.isTestNGClass(TestNGClassFinder.java:275)
	at org.testng.internal.TestNGClassFinder.isNotTestNGClass(TestNGClassFinder.java:260)
	at org.testng.internal.TestNGClassFinder.processClass(TestNGClassFinder.java:94)
	at org.testng.internal.TestNGClassFinder.<init>(TestNGClassFinder.java:67)
	at org.testng.TestRunner.initMethods(TestRunner.java:442)
	at org.testng.TestRunner.init(TestRunner.java:336)
	at org.testng.TestRunner.init(TestRunner.java:289)
	at org.testng.TestRunner.<init>(TestRunner.java:179)
	at org.testng.SuiteRunner$DefaultTestRunnerFactory.newTestRunner(SuiteRunner.java:643)
	at org.testng.SuiteRunner.init(SuiteRunner.java:225)
	at org.testng.SuiteRunner.<init>(SuiteRunner.java:115)
	at org.testng.TestNG.createSuiteRunner(TestNG.java:1349)
	at org.testng.TestNG.createSuiteRunners(TestNG.java:1325)
	at org.testng.TestNG.runSuitesLocally(TestNG.java:1167)
	at org.testng.TestNG.runSuites(TestNG.java:1099)
	at org.testng.TestNG.run(TestNG.java:1067)
	at org.apache.maven.surefire.testng.TestNGExecutor.run(TestNGExecutor.java:324)
	at org.apache.maven.surefire.testng.TestNGXmlTestSuite.execute(TestNGXmlTestSuite.java:74)
	at org.apache.maven.surefire.testng.TestNGProvider.invoke(TestNGProvider.java:123)
	at org.apache.maven.surefire.booter.ForkedBooter.runSuitesInProcess(ForkedBooter.java:456)
	at org.apache.maven.surefire.booter.ForkedBooter.execute(ForkedBooter.java:169)
	at org.apache.maven.surefire.booter.ForkedBooter.run(ForkedBooter.java:595)
	at org.apache.maven.surefire.booter.ForkedBooter.main(ForkedBooter.java:581)

2023-02-13 11:57:15,507 main ERROR Unable to invoke factory method in class org.apache.logging.log4j.core.appender.RollingFileAppender for element RollingFile: java.lang.IllegalStateException: No factory method found for class org.apache.logging.log4j.core.appender.RollingFileAppender java.lang.IllegalStateException: No factory method found for class org.apache.logging.log4j.core.appender.RollingFileAppender
	at org.apache.logging.log4j.core.config.plugins.util.PluginBuilder.findFactoryMethod(PluginBuilder.java:260)
	at org.apache.logging.log4j.core.config.plugins.util.PluginBuilder.build(PluginBuilder.java:136)
	at org.apache.logging.log4j.core.config.AbstractConfiguration.createPluginObject(AbstractConfiguration.java:1138)
	at org.apache.logging.log4j.core.config.AbstractConfiguration.createConfiguration(AbstractConfiguration.java:1063)
	at org.apache.logging.log4j.core.appender.routing.RoutingAppender.createAppender(RoutingAppender.java:310)
	at org.apache.logging.log4j.core.appender.routing.RoutingAppender.getControl(RoutingAppender.java:282)
	at org.apache.logging.log4j.core.appender.routing.RoutingAppender.append(RoutingAppender.java:240)
	at org.apache.logging.log4j.core.config.AppenderControl.tryCallAppender(AppenderControl.java:161)
	at org.apache.logging.log4j.core.config.AppenderControl.callAppender0(AppenderControl.java:134)
	at org.apache.logging.log4j.core.config.AppenderControl.callAppenderPreventRecursion(AppenderControl.java:125)
	at org.apache.logging.log4j.core.config.AppenderControl.callAppender(AppenderControl.java:89)
	at org.apache.logging.log4j.core.config.LoggerConfig.callAppenders(LoggerConfig.java:683)
	at org.apache.logging.log4j.core.config.LoggerConfig.processLogEvent(LoggerConfig.java:641)
	at org.apache.logging.log4j.core.config.LoggerConfig.log(LoggerConfig.java:624)
	at org.apache.logging.log4j.core.config.LoggerConfig.log(LoggerConfig.java:560)
	at org.apache.logging.log4j.core.config.AwaitCompletionReliabilityStrategy.log(AwaitCompletionReliabilityStrategy.java:82)
	at org.apache.logging.log4j.core.Logger.log(Logger.java:162)
	at org.apache.logging.log4j.spi.AbstractLogger.logMessage(AbstractLogger.java:2106)
	at org.apache.logging.log4j.internal.DefaultLogBuilder.logMessage(DefaultLogBuilder.java:241)
	at org.apache.logging.log4j.internal.DefaultLogBuilder.log(DefaultLogBuilder.java:162)
	at org.apache.xmlbeans.impl.schema.SchemaTypeSystemImpl.initFromHeader(SchemaTypeSystemImpl.java:231)
	at org.apache.xmlbeans.impl.schema.SchemaTypeSystemImpl.<init>(SchemaTypeSystemImpl.java:201)
	at org.apache.xmlbeans.metadata.system.sXMLSCHEMA.TypeSystemHolder.<init>(TypeSystemHolder.java:9)
	at org.apache.xmlbeans.metadata.system.sXMLSCHEMA.TypeSystemHolder.<clinit>(TypeSystemHolder.java:6)
	at java.base/java.lang.Class.forName0(Native Method)
	at java.base/java.lang.Class.forName(Class.java:398)
	at org.apache.xmlbeans.impl.schema.SchemaTypeLoaderImpl.build(SchemaTypeLoaderImpl.java:157)
	at org.apache.xmlbeans.impl.schema.SchemaTypeSystemImpl.<init>(SchemaTypeSystemImpl.java:198)
	at org.apache.xmlbeans.metadata.system.sXMLLANG.TypeSystemHolder.<init>(TypeSystemHolder.java:9)
	at org.apache.xmlbeans.metadata.system.sXMLLANG.TypeSystemHolder.<clinit>(TypeSystemHolder.java:6)
	at java.base/java.lang.Class.forName0(Native Method)
	at java.base/java.lang.Class.forName(Class.java:398)
	at org.apache.xmlbeans.impl.schema.SchemaTypeLoaderImpl.build(SchemaTypeLoaderImpl.java:157)
	at org.apache.xmlbeans.impl.schema.SchemaTypeSystemImpl.<init>(SchemaTypeSystemImpl.java:198)
	at org.apache.xmlbeans.metadata.system.sXMLCONFIG.TypeSystemHolder.<init>(TypeSystemHolder.java:9)
	at org.apache.xmlbeans.metadata.system.sXMLCONFIG.TypeSystemHolder.<clinit>(TypeSystemHolder.java:6)
	at java.base/java.lang.Class.forName0(Native Method)
	at java.base/java.lang.Class.forName(Class.java:398)
	at org.apache.xmlbeans.impl.schema.SchemaTypeLoaderImpl.build(SchemaTypeLoaderImpl.java:157)
	at org.apache.xmlbeans.impl.schema.SchemaTypeSystemImpl.<init>(SchemaTypeSystemImpl.java:198)
	at org.apache.poi.schemas.ooxml.system.ooxml.TypeSystemHolder.<init>(TypeSystemHolder.java:9)
	at org.apache.poi.schemas.ooxml.system.ooxml.TypeSystemHolder.<clinit>(TypeSystemHolder.java:6)
	at org.openxmlformats.schemas.drawingml.x2006.main.ThemeDocument.<clinit>(ThemeDocument.java:23)
	at org.apache.poi.xssf.model.ThemesTable.readFrom(ThemesTable.java:119)
	at org.apache.poi.xssf.model.ThemesTable.<init>(ThemesTable.java:87)
	at org.apache.poi.ooxml.POIXMLFactory.createDocumentPart(POIXMLFactory.java:61)
	at org.apache.poi.ooxml.POIXMLDocumentPart.read(POIXMLDocumentPart.java:661)
	at org.apache.poi.ooxml.POIXMLDocument.load(POIXMLDocument.java:165)
	at org.apache.poi.xssf.usermodel.XSSFWorkbook.<init>(XSSFWorkbook.java:260)
	at org.apache.poi.xssf.usermodel.XSSFWorkbook.<init>(XSSFWorkbook.java:290)
	at org.apache.poi.xssf.usermodel.XSSFWorkbook.<init>(XSSFWorkbook.java:286)
	at externalResources.ExcelDataRead.<init>(ExcelDataRead.java:22)
	at listeners.AnnotationsTransformer.toBeExecuted(AnnotationsTransformer.java:36)
	at listeners.AnnotationsTransformer.transform(AnnotationsTransformer.java:24)
	at org.testng.internal.annotations.JDK15AnnotationFinder.transform(JDK15AnnotationFinder.java:172)
	at org.testng.internal.annotations.JDK15AnnotationFinder.lambda$findAnnotation$0(JDK15AnnotationFinder.java:279)
	at java.base/java.util.concurrent.ConcurrentHashMap.computeIfAbsent(ConcurrentHashMap.java:1705)
	at org.testng.internal.annotations.JDK15AnnotationFinder.findAnnotation(JDK15AnnotationFinder.java:275)
	at org.testng.internal.annotations.JDK15AnnotationFinder.findAnnotation(JDK15AnnotationFinder.java:113)
	at org.testng.internal.TestNGClassFinder.isTestNGClass(TestNGClassFinder.java:275)
	at org.testng.internal.TestNGClassFinder.isNotTestNGClass(TestNGClassFinder.java:260)
	at org.testng.internal.TestNGClassFinder.processClass(TestNGClassFinder.java:94)
	at org.testng.internal.TestNGClassFinder.<init>(TestNGClassFinder.java:67)
	at org.testng.TestRunner.initMethods(TestRunner.java:442)
	at org.testng.TestRunner.init(TestRunner.java:336)
	at org.testng.TestRunner.init(TestRunner.java:289)
	at org.testng.TestRunner.<init>(TestRunner.java:179)
	at org.testng.SuiteRunner$DefaultTestRunnerFactory.newTestRunner(SuiteRunner.java:643)
	at org.testng.SuiteRunner.init(SuiteRunner.java:225)
	at org.testng.SuiteRunner.<init>(SuiteRunner.java:115)
	at org.testng.TestNG.createSuiteRunner(TestNG.java:1349)
	at org.testng.TestNG.createSuiteRunners(TestNG.java:1325)
	at org.testng.TestNG.runSuitesLocally(TestNG.java:1167)
	at org.testng.TestNG.runSuites(TestNG.java:1099)
	at org.testng.TestNG.run(TestNG.java:1067)
	at org.apache.maven.surefire.testng.TestNGExecutor.run(TestNGExecutor.java:324)
	at org.apache.maven.surefire.testng.TestNGXmlTestSuite.execute(TestNGXmlTestSuite.java:74)
	at org.apache.maven.surefire.testng.TestNGProvider.invoke(TestNGProvider.java:123)
	at org.apache.maven.surefire.booter.ForkedBooter.runSuitesInProcess(ForkedBooter.java:456)
	at org.apache.maven.surefire.booter.ForkedBooter.execute(ForkedBooter.java:169)
	at org.apache.maven.surefire.booter.ForkedBooter.run(ForkedBooter.java:595)
	at org.apache.maven.surefire.booter.ForkedBooter.main(ForkedBooter.java:581)

2023-02-13 11:57:15,529 main ERROR Unable to create file ./results/logs/${ctx:threadName}.log java.io.IOException: The filename, directory name, or volume label syntax is incorrect
	at java.base/java.io.WinNTFileSystem.canonicalize0(Native Method)
	at java.base/java.io.WinNTFileSystem.canonicalize(WinNTFileSystem.java:483)
	at java.base/java.io.File.getCanonicalPath(File.java:626)
	at java.base/java.io.File.getCanonicalFile(File.java:651)
	at org.apache.logging.log4j.core.util.FileUtils.makeParentDirs(FileUtils.java:139)
	at org.apache.logging.log4j.core.appender.rolling.RollingFileManager$RollingFileManagerFactory.createManager(RollingFileManager.java:734)
	at org.apache.logging.log4j.core.appender.rolling.RollingFileManager$RollingFileManagerFactory.createManager(RollingFileManager.java:718)
	at org.apache.logging.log4j.core.appender.AbstractManager.getManager(AbstractManager.java:144)
	at org.apache.logging.log4j.core.appender.OutputStreamManager.getManager(OutputStreamManager.java:100)
	at org.apache.logging.log4j.core.appender.rolling.RollingFileManager.getFileManager(RollingFileManager.java:217)
	at org.apache.logging.log4j.core.appender.RollingFileAppender$Builder.build(RollingFileAppender.java:135)
	at org.apache.logging.log4j.core.appender.RollingFileAppender$Builder.build(RollingFileAppender.java:62)
	at org.apache.logging.log4j.core.config.plugins.util.PluginBuilder.build(PluginBuilder.java:124)
	at org.apache.logging.log4j.core.config.AbstractConfiguration.createPluginObject(AbstractConfiguration.java:1138)
	at org.apache.logging.log4j.core.config.AbstractConfiguration.createConfiguration(AbstractConfiguration.java:1063)
	at org.apache.logging.log4j.core.appender.routing.RoutingAppender.createAppender(RoutingAppender.java:310)
	at org.apache.logging.log4j.core.appender.routing.RoutingAppender.getControl(RoutingAppender.java:282)
	at org.apache.logging.log4j.core.appender.routing.RoutingAppender.append(RoutingAppender.java:240)
	at org.apache.logging.log4j.core.config.AppenderControl.tryCallAppender(AppenderControl.java:161)
	at org.apache.logging.log4j.core.config.AppenderControl.callAppender0(AppenderControl.java:134)
	at org.apache.logging.log4j.core.config.AppenderControl.callAppenderPreventRecursion(AppenderControl.java:125)
	at org.apache.logging.log4j.core.config.AppenderControl.callAppender(AppenderControl.java:89)
	at org.apache.logging.log4j.core.config.LoggerConfig.callAppenders(LoggerConfig.java:683)
	at org.apache.logging.log4j.core.config.LoggerConfig.processLogEvent(LoggerConfig.java:641)
	at org.apache.logging.log4j.core.config.LoggerConfig.log(LoggerConfig.java:624)
	at org.apache.logging.log4j.core.config.LoggerConfig.log(LoggerConfig.java:560)
	at org.apache.logging.log4j.core.config.AwaitCompletionReliabilityStrategy.log(AwaitCompletionReliabilityStrategy.java:82)
	at org.apache.logging.log4j.core.Logger.log(Logger.java:162)
	at org.apache.logging.log4j.spi.AbstractLogger.logMessage(AbstractLogger.java:2106)
	at org.apache.logging.log4j.internal.DefaultLogBuilder.logMessage(DefaultLogBuilder.java:241)
	at org.apache.logging.log4j.internal.DefaultLogBuilder.log(DefaultLogBuilder.java:162)
	at org.apache.xmlbeans.impl.schema.SchemaTypeSystemImpl.<init>(SchemaTypeSystemImpl.java:206)
	at org.apache.xmlbeans.metadata.system.sXMLSCHEMA.TypeSystemHolder.<init>(TypeSystemHolder.java:9)
	at org.apache.xmlbeans.metadata.system.sXMLSCHEMA.TypeSystemHolder.<clinit>(TypeSystemHolder.java:6)
	at java.base/java.lang.Class.forName0(Native Method)
	at java.base/java.lang.Class.forName(Class.java:398)
	at org.apache.xmlbeans.impl.schema.SchemaTypeLoaderImpl.build(SchemaTypeLoaderImpl.java:157)
	at org.apache.xmlbeans.impl.schema.SchemaTypeSystemImpl.<init>(SchemaTypeSystemImpl.java:198)
	at org.apache.xmlbeans.metadata.system.sXMLLANG.TypeSystemHolder.<init>(TypeSystemHolder.java:9)
	at org.apache.xmlbeans.metadata.system.sXMLLANG.TypeSystemHolder.<clinit>(TypeSystemHolder.java:6)
	at java.base/java.lang.Class.forName0(Native Method)
	at java.base/java.lang.Class.forName(Class.java:398)
	at org.apache.xmlbeans.impl.schema.SchemaTypeLoaderImpl.build(SchemaTypeLoaderImpl.java:157)
	at org.apache.xmlbeans.impl.schema.SchemaTypeSystemImpl.<init>(SchemaTypeSystemImpl.java:198)
	at org.apache.xmlbeans.metadata.system.sXMLCONFIG.TypeSystemHolder.<init>(TypeSystemHolder.java:9)
	at org.apache.xmlbeans.metadata.system.sXMLCONFIG.TypeSystemHolder.<clinit>(TypeSystemHolder.java:6)
	at java.base/java.lang.Class.forName0(Native Method)
	at java.base/java.lang.Class.forName(Class.java:398)
	at org.apache.xmlbeans.impl.schema.SchemaTypeLoaderImpl.build(SchemaTypeLoaderImpl.java:157)
	at org.apache.xmlbeans.impl.schema.SchemaTypeSystemImpl.<init>(SchemaTypeSystemImpl.java:198)
	at org.apache.poi.schemas.ooxml.system.ooxml.TypeSystemHolder.<init>(TypeSystemHolder.java:9)
	at org.apache.poi.schemas.ooxml.system.ooxml.TypeSystemHolder.<clinit>(TypeSystemHolder.java:6)
	at org.openxmlformats.schemas.drawingml.x2006.main.ThemeDocument.<clinit>(ThemeDocument.java:23)
	at org.apache.poi.xssf.model.ThemesTable.readFrom(ThemesTable.java:119)
	at org.apache.poi.xssf.model.ThemesTable.<init>(ThemesTable.java:87)
	at org.apache.poi.ooxml.POIXMLFactory.createDocumentPart(POIXMLFactory.java:61)
	at org.apache.poi.ooxml.POIXMLDocumentPart.read(POIXMLDocumentPart.java:661)
	at org.apache.poi.ooxml.POIXMLDocument.load(POIXMLDocument.java:165)
	at org.apache.poi.xssf.usermodel.XSSFWorkbook.<init>(XSSFWorkbook.java:260)
	at org.apache.poi.xssf.usermodel.XSSFWorkbook.<init>(XSSFWorkbook.java:290)
	at org.apache.poi.xssf.usermodel.XSSFWorkbook.<init>(XSSFWorkbook.java:286)
	at externalResources.ExcelDataRead.<init>(ExcelDataRead.java:22)
	at listeners.AnnotationsTransformer.toBeExecuted(AnnotationsTransformer.java:36)
	at listeners.AnnotationsTransformer.transform(AnnotationsTransformer.java:24)
	at org.testng.internal.annotations.JDK15AnnotationFinder.transform(JDK15AnnotationFinder.java:172)
	at org.testng.internal.annotations.JDK15AnnotationFinder.lambda$findAnnotation$0(JDK15AnnotationFinder.java:279)
	at java.base/java.util.concurrent.ConcurrentHashMap.computeIfAbsent(ConcurrentHashMap.java:1705)
	at org.testng.internal.annotations.JDK15AnnotationFinder.findAnnotation(JDK15AnnotationFinder.java:275)
	at org.testng.internal.annotations.JDK15AnnotationFinder.findAnnotation(JDK15AnnotationFinder.java:113)
	at org.testng.internal.TestNGClassFinder.isTestNGClass(TestNGClassFinder.java:275)
	at org.testng.internal.TestNGClassFinder.isNotTestNGClass(TestNGClassFinder.java:260)
	at org.testng.internal.TestNGClassFinder.processClass(TestNGClassFinder.java:94)
	at org.testng.internal.TestNGClassFinder.<init>(TestNGClassFinder.java:67)
	at org.testng.TestRunner.initMethods(TestRunner.java:442)
	at org.testng.TestRunner.init(TestRunner.java:336)
	at org.testng.TestRunner.init(TestRunner.java:289)
	at org.testng.TestRunner.<init>(TestRunner.java:179)
	at org.testng.SuiteRunner$DefaultTestRunnerFactory.newTestRunner(SuiteRunner.java:643)
	at org.testng.SuiteRunner.init(SuiteRunner.java:225)
	at org.testng.SuiteRunner.<init>(SuiteRunner.java:115)
	at org.testng.TestNG.createSuiteRunner(TestNG.java:1349)
	at org.testng.TestNG.createSuiteRunners(TestNG.java:1325)
	at org.testng.TestNG.runSuitesLocally(TestNG.java:1167)
	at org.testng.TestNG.runSuites(TestNG.java:1099)
	at org.testng.TestNG.run(TestNG.java:1067)
	at org.apache.maven.surefire.testng.TestNGExecutor.run(TestNGExecutor.java:324)
	at org.apache.maven.surefire.testng.TestNGXmlTestSuite.execute(TestNGXmlTestSuite.java:74)
	at org.apache.maven.surefire.testng.TestNGProvider.invoke(TestNGProvider.java:123)
	at org.apache.maven.surefire.booter.ForkedBooter.runSuitesInProcess(ForkedBooter.java:456)
	at org.apache.maven.surefire.booter.ForkedBooter.execute(ForkedBooter.java:169)
	at org.apache.maven.surefire.booter.ForkedBooter.run(ForkedBooter.java:595)
	at org.apache.maven.surefire.booter.ForkedBooter.main(ForkedBooter.java:581)

2023-02-13 11:57:15,531 main ERROR Could not create plugin of type class org.apache.logging.log4j.core.appender.RollingFileAppender for element RollingFile: java.lang.IllegalStateException: ManagerFactory [org.apache.logging.log4j.core.appender.rolling.RollingFileManager$RollingFileManagerFactory@4e6d7365] unable to create manager for [./results/logs/${ctx:threadName}.log] with data [org.apache.logging.log4j.core.appender.rolling.RollingFileManager$FactoryData@49798e84[pattern=./results/logs/${ctx:threadName}-%d{yyyy-MM-dd}.log, append=true, bufferedIO=true, bufferSize=8192, policy=SizeBasedTriggeringPolicy(size=512000), strategy=DefaultRolloverStrategy(min=1, max=7, useMax=true), advertiseURI=null, layout=%d{HH:mm:ss.SSS} [%t] %-5level %logger{36} - %msg%n, filePermissions=null, fileOwner=null]] java.lang.IllegalStateException: ManagerFactory [org.apache.logging.log4j.core.appender.rolling.RollingFileManager$RollingFileManagerFactory@4e6d7365] unable to create manager for [./results/logs/${ctx:threadName}.log] with data [org.apache.logging.log4j.core.appender.rolling.RollingFileManager$FactoryData@49798e84[pattern=./results/logs/${ctx:threadName}-%d{yyyy-MM-dd}.log, append=true, bufferedIO=true, bufferSize=8192, policy=SizeBasedTriggeringPolicy(size=512000), strategy=DefaultRolloverStrategy(min=1, max=7, useMax=true), advertiseURI=null, layout=%d{HH:mm:ss.SSS} [%t] %-5level %logger{36} - %msg%n, filePermissions=null, fileOwner=null]]
	at org.apache.logging.log4j.core.appender.AbstractManager.getManager(AbstractManager.java:146)
	at org.apache.logging.log4j.core.appender.OutputStreamManager.getManager(OutputStreamManager.java:100)
	at org.apache.logging.log4j.core.appender.rolling.RollingFileManager.getFileManager(RollingFileManager.java:217)
	at org.apache.logging.log4j.core.appender.RollingFileAppender$Builder.build(RollingFileAppender.java:135)
	at org.apache.logging.log4j.core.appender.RollingFileAppender$Builder.build(RollingFileAppender.java:62)
	at org.apache.logging.log4j.core.config.plugins.util.PluginBuilder.build(PluginBuilder.java:124)
	at org.apache.logging.log4j.core.config.AbstractConfiguration.createPluginObject(AbstractConfiguration.java:1138)
	at org.apache.logging.log4j.core.config.AbstractConfiguration.createConfiguration(AbstractConfiguration.java:1063)
	at org.apache.logging.log4j.core.appender.routing.RoutingAppender.createAppender(RoutingAppender.java:310)
	at org.apache.logging.log4j.core.appender.routing.RoutingAppender.getControl(RoutingAppender.java:282)
	at org.apache.logging.log4j.core.appender.routing.RoutingAppender.append(RoutingAppender.java:240)
	at org.apache.logging.log4j.core.config.AppenderControl.tryCallAppender(AppenderControl.java:161)
	at org.apache.logging.log4j.core.config.AppenderControl.callAppender0(AppenderControl.java:134)
	at org.apache.logging.log4j.core.config.AppenderControl.callAppenderPreventRecursion(AppenderControl.java:125)
	at org.apache.logging.log4j.core.config.AppenderControl.callAppender(AppenderControl.java:89)
	at org.apache.logging.log4j.core.config.LoggerConfig.callAppenders(LoggerConfig.java:683)
	at org.apache.logging.log4j.core.config.LoggerConfig.processLogEvent(LoggerConfig.java:641)
	at org.apache.logging.log4j.core.config.LoggerConfig.log(LoggerConfig.java:624)
	at org.apache.logging.log4j.core.config.LoggerConfig.log(LoggerConfig.java:560)
	at org.apache.logging.log4j.core.config.AwaitCompletionReliabilityStrategy.log(AwaitCompletionReliabilityStrategy.java:82)
	at org.apache.logging.log4j.core.Logger.log(Logger.java:162)
	at org.apache.logging.log4j.spi.AbstractLogger.logMessage(AbstractLogger.java:2106)
	at org.apache.logging.log4j.internal.DefaultLogBuilder.logMessage(DefaultLogBuilder.java:241)
	at org.apache.logging.log4j.internal.DefaultLogBuilder.log(DefaultLogBuilder.java:162)
	at org.apache.xmlbeans.impl.schema.SchemaTypeSystemImpl.<init>(SchemaTypeSystemImpl.java:206)
	at org.apache.xmlbeans.metadata.system.sXMLSCHEMA.TypeSystemHolder.<init>(TypeSystemHolder.java:9)
	at org.apache.xmlbeans.metadata.system.sXMLSCHEMA.TypeSystemHolder.<clinit>(TypeSystemHolder.java:6)
	at java.base/java.lang.Class.forName0(Native Method)
	at java.base/java.lang.Class.forName(Class.java:398)
	at org.apache.xmlbeans.impl.schema.SchemaTypeLoaderImpl.build(SchemaTypeLoaderImpl.java:157)
	at org.apache.xmlbeans.impl.schema.SchemaTypeSystemImpl.<init>(SchemaTypeSystemImpl.java:198)
	at org.apache.xmlbeans.metadata.system.sXMLLANG.TypeSystemHolder.<init>(TypeSystemHolder.java:9)
	at org.apache.xmlbeans.metadata.system.sXMLLANG.TypeSystemHolder.<clinit>(TypeSystemHolder.java:6)
	at java.base/java.lang.Class.forName0(Native Method)
	at java.base/java.lang.Class.forName(Class.java:398)
	at org.apache.xmlbeans.impl.schema.SchemaTypeLoaderImpl.build(SchemaTypeLoaderImpl.java:157)
	at org.apache.xmlbeans.impl.schema.SchemaTypeSystemImpl.<init>(SchemaTypeSystemImpl.java:198)
	at org.apache.xmlbeans.metadata.system.sXMLCONFIG.TypeSystemHolder.<init>(TypeSystemHolder.java:9)
	at org.apache.xmlbeans.metadata.system.sXMLCONFIG.TypeSystemHolder.<clinit>(TypeSystemHolder.java:6)
	at java.base/java.lang.Class.forName0(Native Method)
	at java.base/java.lang.Class.forName(Class.java:398)
	at org.apache.xmlbeans.impl.schema.SchemaTypeLoaderImpl.build(SchemaTypeLoaderImpl.java:157)
	at org.apache.xmlbeans.impl.schema.SchemaTypeSystemImpl.<init>(SchemaTypeSystemImpl.java:198)
	at org.apache.poi.schemas.ooxml.system.ooxml.TypeSystemHolder.<init>(TypeSystemHolder.java:9)
	at org.apache.poi.schemas.ooxml.system.ooxml.TypeSystemHolder.<clinit>(TypeSystemHolder.java:6)
	at org.openxmlformats.schemas.drawingml.x2006.main.ThemeDocument.<clinit>(ThemeDocument.java:23)
	at org.apache.poi.xssf.model.ThemesTable.readFrom(ThemesTable.java:119)
	at org.apache.poi.xssf.model.ThemesTable.<init>(ThemesTable.java:87)
	at org.apache.poi.ooxml.POIXMLFactory.createDocumentPart(POIXMLFactory.java:61)
	at org.apache.poi.ooxml.POIXMLDocumentPart.read(POIXMLDocumentPart.java:661)
	at org.apache.poi.ooxml.POIXMLDocument.load(POIXMLDocument.java:165)
	at org.apache.poi.xssf.usermodel.XSSFWorkbook.<init>(XSSFWorkbook.java:260)
	at org.apache.poi.xssf.usermodel.XSSFWorkbook.<init>(XSSFWorkbook.java:290)
	at org.apache.poi.xssf.usermodel.XSSFWorkbook.<init>(XSSFWorkbook.java:286)
	at externalResources.ExcelDataRead.<init>(ExcelDataRead.java:22)
	at listeners.AnnotationsTransformer.toBeExecuted(AnnotationsTransformer.java:36)
	at listeners.AnnotationsTransformer.transform(AnnotationsTransformer.java:24)
	at org.testng.internal.annotations.JDK15AnnotationFinder.transform(JDK15AnnotationFinder.java:172)
	at org.testng.internal.annotations.JDK15AnnotationFinder.lambda$findAnnotation$0(JDK15AnnotationFinder.java:279)
	at java.base/java.util.concurrent.ConcurrentHashMap.computeIfAbsent(ConcurrentHashMap.java:1705)
	at org.testng.internal.annotations.JDK15AnnotationFinder.findAnnotation(JDK15AnnotationFinder.java:275)
	at org.testng.internal.annotations.JDK15AnnotationFinder.findAnnotation(JDK15AnnotationFinder.java:113)
	at org.testng.internal.TestNGClassFinder.isTestNGClass(TestNGClassFinder.java:275)
	at org.testng.internal.TestNGClassFinder.isNotTestNGClass(TestNGClassFinder.java:260)
	at org.testng.internal.TestNGClassFinder.processClass(TestNGClassFinder.java:94)
	at org.testng.internal.TestNGClassFinder.<init>(TestNGClassFinder.java:67)
	at org.testng.TestRunner.initMethods(TestRunner.java:442)
	at org.testng.TestRunner.init(TestRunner.java:336)
	at org.testng.TestRunner.init(TestRunner.java:289)
	at org.testng.TestRunner.<init>(TestRunner.java:179)
	at org.testng.SuiteRunner$DefaultTestRunnerFactory.newTestRunner(SuiteRunner.java:643)
	at org.testng.SuiteRunner.init(SuiteRunner.java:225)
	at org.testng.SuiteRunner.<init>(SuiteRunner.java:115)
	at org.testng.TestNG.createSuiteRunner(TestNG.java:1349)
	at org.testng.TestNG.createSuiteRunners(TestNG.java:1325)
	at org.testng.TestNG.runSuitesLocally(TestNG.java:1167)
	at org.testng.TestNG.runSuites(TestNG.java:1099)
	at org.testng.TestNG.run(TestNG.java:1067)
	at org.apache.maven.surefire.testng.TestNGExecutor.run(TestNGExecutor.java:324)
	at org.apache.maven.surefire.testng.TestNGXmlTestSuite.execute(TestNGXmlTestSuite.java:74)
	at org.apache.maven.surefire.testng.TestNGProvider.invoke(TestNGProvider.java:123)
	at org.apache.maven.surefire.booter.ForkedBooter.runSuitesInProcess(ForkedBooter.java:456)
	at org.apache.maven.surefire.booter.ForkedBooter.execute(ForkedBooter.java:169)
	at org.apache.maven.surefire.booter.ForkedBooter.run(ForkedBooter.java:595)
	at org.apache.maven.surefire.booter.ForkedBooter.main(ForkedBooter.java:581)

2023-02-13 11:57:15,532 main ERROR Unable to invoke factory method in class org.apache.logging.log4j.core.appender.RollingFileAppender for element RollingFile: java.lang.IllegalStateException: No factory method found for class org.apache.logging.log4j.core.appender.RollingFileAppender java.lang.IllegalStateException: No factory method found for class org.apache.logging.log4j.core.appender.RollingFileAppender
	at org.apache.logging.log4j.core.config.plugins.util.PluginBuilder.findFactoryMethod(PluginBuilder.java:260)
	at org.apache.logging.log4j.core.config.plugins.util.PluginBuilder.build(PluginBuilder.java:136)
	at org.apache.logging.log4j.core.config.AbstractConfiguration.createPluginObject(AbstractConfiguration.java:1138)
	at org.apache.logging.log4j.core.config.AbstractConfiguration.createConfiguration(AbstractConfiguration.java:1063)
	at org.apache.logging.log4j.core.appender.routing.RoutingAppender.createAppender(RoutingAppender.java:310)
	at org.apache.logging.log4j.core.appender.routing.RoutingAppender.getControl(RoutingAppender.java:282)
	at org.apache.logging.log4j.core.appender.routing.RoutingAppender.append(RoutingAppender.java:240)
	at org.apache.logging.log4j.core.config.AppenderControl.tryCallAppender(AppenderControl.java:161)
	at org.apache.logging.log4j.core.config.AppenderControl.callAppender0(AppenderControl.java:134)
	at org.apache.logging.log4j.core.config.AppenderControl.callAppenderPreventRecursion(AppenderControl.java:125)
	at org.apache.logging.log4j.core.config.AppenderControl.callAppender(AppenderControl.java:89)
	at org.apache.logging.log4j.core.config.LoggerConfig.callAppenders(LoggerConfig.java:683)
	at org.apache.logging.log4j.core.config.LoggerConfig.processLogEvent(LoggerConfig.java:641)
	at org.apache.logging.log4j.core.config.LoggerConfig.log(LoggerConfig.java:624)
	at org.apache.logging.log4j.core.config.LoggerConfig.log(LoggerConfig.java:560)
	at org.apache.logging.log4j.core.config.AwaitCompletionReliabilityStrategy.log(AwaitCompletionReliabilityStrategy.java:82)
	at org.apache.logging.log4j.core.Logger.log(Logger.java:162)
	at org.apache.logging.log4j.spi.AbstractLogger.logMessage(AbstractLogger.java:2106)
	at org.apache.logging.log4j.internal.DefaultLogBuilder.logMessage(DefaultLogBuilder.java:241)
	at org.apache.logging.log4j.internal.DefaultLogBuilder.log(DefaultLogBuilder.java:162)
	at org.apache.xmlbeans.impl.schema.SchemaTypeSystemImpl.<init>(SchemaTypeSystemImpl.java:206)
	at org.apache.xmlbeans.metadata.system.sXMLSCHEMA.TypeSystemHolder.<init>(TypeSystemHolder.java:9)
	at org.apache.xmlbeans.metadata.system.sXMLSCHEMA.TypeSystemHolder.<clinit>(TypeSystemHolder.java:6)
	at java.base/java.lang.Class.forName0(Native Method)
	at java.base/java.lang.Class.forName(Class.java:398)
	at org.apache.xmlbeans.impl.schema.SchemaTypeLoaderImpl.build(SchemaTypeLoaderImpl.java:157)
	at org.apache.xmlbeans.impl.schema.SchemaTypeSystemImpl.<init>(SchemaTypeSystemImpl.java:198)
	at org.apache.xmlbeans.metadata.system.sXMLLANG.TypeSystemHolder.<init>(TypeSystemHolder.java:9)
	at org.apache.xmlbeans.metadata.system.sXMLLANG.TypeSystemHolder.<clinit>(TypeSystemHolder.java:6)
	at java.base/java.lang.Class.forName0(Native Method)
	at java.base/java.lang.Class.forName(Class.java:398)
	at org.apache.xmlbeans.impl.schema.SchemaTypeLoaderImpl.build(SchemaTypeLoaderImpl.java:157)
	at org.apache.xmlbeans.impl.schema.SchemaTypeSystemImpl.<init>(SchemaTypeSystemImpl.java:198)
	at org.apache.xmlbeans.metadata.system.sXMLCONFIG.TypeSystemHolder.<init>(TypeSystemHolder.java:9)
	at org.apache.xmlbeans.metadata.system.sXMLCONFIG.TypeSystemHolder.<clinit>(TypeSystemHolder.java:6)
	at java.base/java.lang.Class.forName0(Native Method)
	at java.base/java.lang.Class.forName(Class.java:398)
	at org.apache.xmlbeans.impl.schema.SchemaTypeLoaderImpl.build(SchemaTypeLoaderImpl.java:157)
	at org.apache.xmlbeans.impl.schema.SchemaTypeSystemImpl.<init>(SchemaTypeSystemImpl.java:198)
	at org.apache.poi.schemas.ooxml.system.ooxml.TypeSystemHolder.<init>(TypeSystemHolder.java:9)
	at org.apache.poi.schemas.ooxml.system.ooxml.TypeSystemHolder.<clinit>(TypeSystemHolder.java:6)
	at org.openxmlformats.schemas.drawingml.x2006.main.ThemeDocument.<clinit>(ThemeDocument.java:23)
	at org.apache.poi.xssf.model.ThemesTable.readFrom(ThemesTable.java:119)
	at org.apache.poi.xssf.model.ThemesTable.<init>(ThemesTable.java:87)
	at org.apache.poi.ooxml.POIXMLFactory.createDocumentPart(POIXMLFactory.java:61)
	at org.apache.poi.ooxml.POIXMLDocumentPart.read(POIXMLDocumentPart.java:661)
	at org.apache.poi.ooxml.POIXMLDocument.load(POIXMLDocument.java:165)
	at org.apache.poi.xssf.usermodel.XSSFWorkbook.<init>(XSSFWorkbook.java:260)
	at org.apache.poi.xssf.usermodel.XSSFWorkbook.<init>(XSSFWorkbook.java:290)
	at org.apache.poi.xssf.usermodel.XSSFWorkbook.<init>(XSSFWorkbook.java:286)
	at externalResources.ExcelDataRead.<init>(ExcelDataRead.java:22)
	at listeners.AnnotationsTransformer.toBeExecuted(AnnotationsTransformer.java:36)
	at listeners.AnnotationsTransformer.transform(AnnotationsTransformer.java:24)
	at org.testng.internal.annotations.JDK15AnnotationFinder.transform(JDK15AnnotationFinder.java:172)
	at org.testng.internal.annotations.JDK15AnnotationFinder.lambda$findAnnotation$0(JDK15AnnotationFinder.java:279)
	at java.base/java.util.concurrent.ConcurrentHashMap.computeIfAbsent(ConcurrentHashMap.java:1705)
	at org.testng.internal.annotations.JDK15AnnotationFinder.findAnnotation(JDK15AnnotationFinder.java:275)
	at org.testng.internal.annotations.JDK15AnnotationFinder.findAnnotation(JDK15AnnotationFinder.java:113)
	at org.testng.internal.TestNGClassFinder.isTestNGClass(TestNGClassFinder.java:275)
	at org.testng.internal.TestNGClassFinder.isNotTestNGClass(TestNGClassFinder.java:260)
	at org.testng.internal.TestNGClassFinder.processClass(TestNGClassFinder.java:94)
	at org.testng.internal.TestNGClassFinder.<init>(TestNGClassFinder.java:67)
	at org.testng.TestRunner.initMethods(TestRunner.java:442)
	at org.testng.TestRunner.init(TestRunner.java:336)
	at org.testng.TestRunner.init(TestRunner.java:289)
	at org.testng.TestRunner.<init>(TestRunner.java:179)
	at org.testng.SuiteRunner$DefaultTestRunnerFactory.newTestRunner(SuiteRunner.java:643)
	at org.testng.SuiteRunner.init(SuiteRunner.java:225)
	at org.testng.SuiteRunner.<init>(SuiteRunner.java:115)
	at org.testng.TestNG.createSuiteRunner(TestNG.java:1349)
	at org.testng.TestNG.createSuiteRunners(TestNG.java:1325)
	at org.testng.TestNG.runSuitesLocally(TestNG.java:1167)
	at org.testng.TestNG.runSuites(TestNG.java:1099)
	at org.testng.TestNG.run(TestNG.java:1067)
	at org.apache.maven.surefire.testng.TestNGExecutor.run(TestNGExecutor.java:324)
	at org.apache.maven.surefire.testng.TestNGXmlTestSuite.execute(TestNGXmlTestSuite.java:74)
	at org.apache.maven.surefire.testng.TestNGProvider.invoke(TestNGProvider.java:123)
	at org.apache.maven.surefire.booter.ForkedBooter.runSuitesInProcess(ForkedBooter.java:456)
	at org.apache.maven.surefire.booter.ForkedBooter.execute(ForkedBooter.java:169)
	at org.apache.maven.surefire.booter.ForkedBooter.run(ForkedBooter.java:595)
	at org.apache.maven.surefire.booter.ForkedBooter.main(ForkedBooter.java:581)

2023-02-13 11:57:15,537 main ERROR Unable to create file ./results/logs/${ctx:threadName}.log java.io.IOException: The filename, directory name, or volume label syntax is incorrect
	at java.base/java.io.WinNTFileSystem.canonicalize0(Native Method)
	at java.base/java.io.WinNTFileSystem.canonicalize(WinNTFileSystem.java:483)
	at java.base/java.io.File.getCanonicalPath(File.java:626)
	at java.base/java.io.File.getCanonicalFile(File.java:651)
	at org.apache.logging.log4j.core.util.FileUtils.makeParentDirs(FileUtils.java:139)
	at org.apache.logging.log4j.core.appender.rolling.RollingFileManager$RollingFileManagerFactory.createManager(RollingFileManager.java:734)
	at org.apache.logging.log4j.core.appender.rolling.RollingFileManager$RollingFileManagerFactory.createManager(RollingFileManager.java:718)
	at org.apache.logging.log4j.core.appender.AbstractManager.getManager(AbstractManager.java:144)
	at org.apache.logging.log4j.core.appender.OutputStreamManager.getManager(OutputStreamManager.java:100)
	at org.apache.logging.log4j.core.appender.rolling.RollingFileManager.getFileManager(RollingFileManager.java:217)
	at org.apache.logging.log4j.core.appender.RollingFileAppender$Builder.build(RollingFileAppender.java:135)
	at org.apache.logging.log4j.core.appender.RollingFileAppender$Builder.build(RollingFileAppender.java:62)
	at org.apache.logging.log4j.core.config.plugins.util.PluginBuilder.build(PluginBuilder.java:124)
	at org.apache.logging.log4j.core.config.AbstractConfiguration.createPluginObject(AbstractConfiguration.java:1138)
	at org.apache.logging.log4j.core.config.AbstractConfiguration.createConfiguration(AbstractConfiguration.java:1063)
	at org.apache.logging.log4j.core.appender.routing.RoutingAppender.createAppender(RoutingAppender.java:310)
	at org.apache.logging.log4j.core.appender.routing.RoutingAppender.getControl(RoutingAppender.java:282)
	at org.apache.logging.log4j.core.appender.routing.RoutingAppender.append(RoutingAppender.java:240)
	at org.apache.logging.log4j.core.config.AppenderControl.tryCallAppender(AppenderControl.java:161)
	at org.apache.logging.log4j.core.config.AppenderControl.callAppender0(AppenderControl.java:134)
	at org.apache.logging.log4j.core.config.AppenderControl.callAppenderPreventRecursion(AppenderControl.java:125)
	at org.apache.logging.log4j.core.config.AppenderControl.callAppender(AppenderControl.java:89)
	at org.apache.logging.log4j.core.config.LoggerConfig.callAppenders(LoggerConfig.java:683)
	at org.apache.logging.log4j.core.config.LoggerConfig.processLogEvent(LoggerConfig.java:641)
	at org.apache.logging.log4j.core.config.LoggerConfig.log(LoggerConfig.java:624)
	at org.apache.logging.log4j.core.config.LoggerConfig.log(LoggerConfig.java:560)
	at org.apache.logging.log4j.core.config.AwaitCompletionReliabilityStrategy.log(AwaitCompletionReliabilityStrategy.java:82)
	at org.apache.logging.log4j.core.Logger.log(Logger.java:162)
	at org.apache.logging.log4j.spi.AbstractLogger.logMessage(AbstractLogger.java:2106)
	at org.apache.logging.log4j.internal.DefaultLogBuilder.logMessage(DefaultLogBuilder.java:241)
	at org.apache.logging.log4j.internal.DefaultLogBuilder.log(DefaultLogBuilder.java:162)
	at org.apache.xmlbeans.impl.schema.SchemaTypeSystemImpl.initFromHeader(SchemaTypeSystemImpl.java:231)
	at org.apache.xmlbeans.impl.schema.SchemaTypeSystemImpl.<init>(SchemaTypeSystemImpl.java:201)
	at org.apache.xmlbeans.metadata.system.sXMLLANG.TypeSystemHolder.<init>(TypeSystemHolder.java:9)
	at org.apache.xmlbeans.metadata.system.sXMLLANG.TypeSystemHolder.<clinit>(TypeSystemHolder.java:6)
	at java.base/java.lang.Class.forName0(Native Method)
	at java.base/java.lang.Class.forName(Class.java:398)
	at org.apache.xmlbeans.impl.schema.SchemaTypeLoaderImpl.build(SchemaTypeLoaderImpl.java:157)
	at org.apache.xmlbeans.impl.schema.SchemaTypeSystemImpl.<init>(SchemaTypeSystemImpl.java:198)
	at org.apache.xmlbeans.metadata.system.sXMLCONFIG.TypeSystemHolder.<init>(TypeSystemHolder.java:9)
	at org.apache.xmlbeans.metadata.system.sXMLCONFIG.TypeSystemHolder.<clinit>(TypeSystemHolder.java:6)
	at java.base/java.lang.Class.forName0(Native Method)
	at java.base/java.lang.Class.forName(Class.java:398)
	at org.apache.xmlbeans.impl.schema.SchemaTypeLoaderImpl.build(SchemaTypeLoaderImpl.java:157)
	at org.apache.xmlbeans.impl.schema.SchemaTypeSystemImpl.<init>(SchemaTypeSystemImpl.java:198)
	at org.apache.poi.schemas.ooxml.system.ooxml.TypeSystemHolder.<init>(TypeSystemHolder.java:9)
	at org.apache.poi.schemas.ooxml.system.ooxml.TypeSystemHolder.<clinit>(TypeSystemHolder.java:6)
	at org.openxmlformats.schemas.drawingml.x2006.main.ThemeDocument.<clinit>(ThemeDocument.java:23)
	at org.apache.poi.xssf.model.ThemesTable.readFrom(ThemesTable.java:119)
	at org.apache.poi.xssf.model.ThemesTable.<init>(ThemesTable.java:87)
	at org.apache.poi.ooxml.POIXMLFactory.createDocumentPart(POIXMLFactory.java:61)
	at org.apache.poi.ooxml.POIXMLDocumentPart.read(POIXMLDocumentPart.java:661)
	at org.apache.poi.ooxml.POIXMLDocument.load(POIXMLDocument.java:165)
	at org.apache.poi.xssf.usermodel.XSSFWorkbook.<init>(XSSFWorkbook.java:260)
	at org.apache.poi.xssf.usermodel.XSSFWorkbook.<init>(XSSFWorkbook.java:290)
	at org.apache.poi.xssf.usermodel.XSSFWorkbook.<init>(XSSFWorkbook.java:286)
	at externalResources.ExcelDataRead.<init>(ExcelDataRead.java:22)
	at listeners.AnnotationsTransformer.toBeExecuted(AnnotationsTransformer.java:36)
	at listeners.AnnotationsTransformer.transform(AnnotationsTransformer.java:24)
	at org.testng.internal.annotations.JDK15AnnotationFinder.transform(JDK15AnnotationFinder.java:172)
	at org.testng.internal.annotations.JDK15AnnotationFinder.lambda$findAnnotation$0(JDK15AnnotationFinder.java:279)
	at java.base/java.util.concurrent.ConcurrentHashMap.computeIfAbsent(ConcurrentHashMap.java:1705)
	at org.testng.internal.annotations.JDK15AnnotationFinder.findAnnotation(JDK15AnnotationFinder.java:275)
	at org.testng.internal.annotations.JDK15AnnotationFinder.findAnnotation(JDK15AnnotationFinder.java:113)
	at org.testng.internal.TestNGClassFinder.isTestNGClass(TestNGClassFinder.java:275)
	at org.testng.internal.TestNGClassFinder.isNotTestNGClass(TestNGClassFinder.java:260)
	at org.testng.internal.TestNGClassFinder.processClass(TestNGClassFinder.java:94)
	at org.testng.internal.TestNGClassFinder.<init>(TestNGClassFinder.java:67)
	at org.testng.TestRunner.initMethods(TestRunner.java:442)
	at org.testng.TestRunner.init(TestRunner.java:336)
	at org.testng.TestRunner.init(TestRunner.java:289)
	at org.testng.TestRunner.<init>(TestRunner.java:179)
	at org.testng.SuiteRunner$DefaultTestRunnerFactory.newTestRunner(SuiteRunner.java:643)
	at org.testng.SuiteRunner.init(SuiteRunner.java:225)
	at org.testng.SuiteRunner.<init>(SuiteRunner.java:115)
	at org.testng.TestNG.createSuiteRunner(TestNG.java:1349)
	at org.testng.TestNG.createSuiteRunners(TestNG.java:1325)
	at org.testng.TestNG.runSuitesLocally(TestNG.java:1167)
	at org.testng.TestNG.runSuites(TestNG.java:1099)
	at org.testng.TestNG.run(TestNG.java:1067)
	at org.apache.maven.surefire.testng.TestNGExecutor.run(TestNGExecutor.java:324)
	at org.apache.maven.surefire.testng.TestNGXmlTestSuite.execute(TestNGXmlTestSuite.java:74)
	at org.apache.maven.surefire.testng.TestNGProvider.invoke(TestNGProvider.java:123)
	at org.apache.maven.surefire.booter.ForkedBooter.runSuitesInProcess(ForkedBooter.java:456)
	at org.apache.maven.surefire.booter.ForkedBooter.execute(ForkedBooter.java:169)
	at org.apache.maven.surefire.booter.ForkedBooter.run(ForkedBooter.java:595)
	at org.apache.maven.surefire.booter.ForkedBooter.main(ForkedBooter.java:581)

2023-02-13 11:57:15,538 main ERROR Could not create plugin of type class org.apache.logging.log4j.core.appender.RollingFileAppender for element RollingFile: java.lang.IllegalStateException: ManagerFactory [org.apache.logging.log4j.core.appender.rolling.RollingFileManager$RollingFileManagerFactory@4e6d7365] unable to create manager for [./results/logs/${ctx:threadName}.log] with data [org.apache.logging.log4j.core.appender.rolling.RollingFileManager$FactoryData@749ab7b4[pattern=./results/logs/${ctx:threadName}-%d{yyyy-MM-dd}.log, append=true, bufferedIO=true, bufferSize=8192, policy=SizeBasedTriggeringPolicy(size=512000), strategy=DefaultRolloverStrategy(min=1, max=7, useMax=true), advertiseURI=null, layout=%d{HH:mm:ss.SSS} [%t] %-5level %logger{36} - %msg%n, filePermissions=null, fileOwner=null]] java.lang.IllegalStateException: ManagerFactory [org.apache.logging.log4j.core.appender.rolling.RollingFileManager$RollingFileManagerFactory@4e6d7365] unable to create manager for [./results/logs/${ctx:threadName}.log] with data [org.apache.logging.log4j.core.appender.rolling.RollingFileManager$FactoryData@749ab7b4[pattern=./results/logs/${ctx:threadName}-%d{yyyy-MM-dd}.log, append=true, bufferedIO=true, bufferSize=8192, policy=SizeBasedTriggeringPolicy(size=512000), strategy=DefaultRolloverStrategy(min=1, max=7, useMax=true), advertiseURI=null, layout=%d{HH:mm:ss.SSS} [%t] %-5level %logger{36} - %msg%n, filePermissions=null, fileOwner=null]]
	at org.apache.logging.log4j.core.appender.AbstractManager.getManager(AbstractManager.java:146)
	at org.apache.logging.log4j.core.appender.OutputStreamManager.getManager(OutputStreamManager.java:100)
	at org.apache.logging.log4j.core.appender.rolling.RollingFileManager.getFileManager(RollingFileManager.java:217)
	at org.apache.logging.log4j.core.appender.RollingFileAppender$Builder.build(RollingFileAppender.java:135)
	at org.apache.logging.log4j.core.appender.RollingFileAppender$Builder.build(RollingFileAppender.java:62)
	at org.apache.logging.log4j.core.config.plugins.util.PluginBuilder.build(PluginBuilder.java:124)
	at org.apache.logging.log4j.core.config.AbstractConfiguration.createPluginObject(AbstractConfiguration.java:1138)
	at org.apache.logging.log4j.core.config.AbstractConfiguration.createConfiguration(AbstractConfiguration.java:1063)
	at org.apache.logging.log4j.core.appender.routing.RoutingAppender.createAppender(RoutingAppender.java:310)
	at org.apache.logging.log4j.core.appender.routing.RoutingAppender.getControl(RoutingAppender.java:282)
	at org.apache.logging.log4j.core.appender.routing.RoutingAppender.append(RoutingAppender.java:240)
	at org.apache.logging.log4j.core.config.AppenderControl.tryCallAppender(AppenderControl.java:161)
	at org.apache.logging.log4j.core.config.AppenderControl.callAppender0(AppenderControl.java:134)
	at org.apache.logging.log4j.core.config.AppenderControl.callAppenderPreventRecursion(AppenderControl.java:125)
	at org.apache.logging.log4j.core.config.AppenderControl.callAppender(AppenderControl.java:89)
	at org.apache.logging.log4j.core.config.LoggerConfig.callAppenders(LoggerConfig.java:683)
	at org.apache.logging.log4j.core.config.LoggerConfig.processLogEvent(LoggerConfig.java:641)
	at org.apache.logging.log4j.core.config.LoggerConfig.log(LoggerConfig.java:624)
	at org.apache.logging.log4j.core.config.LoggerConfig.log(LoggerConfig.java:560)
	at org.apache.logging.log4j.core.config.AwaitCompletionReliabilityStrategy.log(AwaitCompletionReliabilityStrategy.java:82)
	at org.apache.logging.log4j.core.Logger.log(Logger.java:162)
	at org.apache.logging.log4j.spi.AbstractLogger.logMessage(AbstractLogger.java:2106)
	at org.apache.logging.log4j.internal.DefaultLogBuilder.logMessage(DefaultLogBuilder.java:241)
	at org.apache.logging.log4j.internal.DefaultLogBuilder.log(DefaultLogBuilder.java:162)
	at org.apache.xmlbeans.impl.schema.SchemaTypeSystemImpl.initFromHeader(SchemaTypeSystemImpl.java:231)
	at org.apache.xmlbeans.impl.schema.SchemaTypeSystemImpl.<init>(SchemaTypeSystemImpl.java:201)
	at org.apache.xmlbeans.metadata.system.sXMLLANG.TypeSystemHolder.<init>(TypeSystemHolder.java:9)
	at org.apache.xmlbeans.metadata.system.sXMLLANG.TypeSystemHolder.<clinit>(TypeSystemHolder.java:6)
	at java.base/java.lang.Class.forName0(Native Method)
	at java.base/java.lang.Class.forName(Class.java:398)
	at org.apache.xmlbeans.impl.schema.SchemaTypeLoaderImpl.build(SchemaTypeLoaderImpl.java:157)
	at org.apache.xmlbeans.impl.schema.SchemaTypeSystemImpl.<init>(SchemaTypeSystemImpl.java:198)
	at org.apache.xmlbeans.metadata.system.sXMLCONFIG.TypeSystemHolder.<init>(TypeSystemHolder.java:9)
	at org.apache.xmlbeans.metadata.system.sXMLCONFIG.TypeSystemHolder.<clinit>(TypeSystemHolder.java:6)
	at java.base/java.lang.Class.forName0(Native Method)
	at java.base/java.lang.Class.forName(Class.java:398)
	at org.apache.xmlbeans.impl.schema.SchemaTypeLoaderImpl.build(SchemaTypeLoaderImpl.java:157)
	at org.apache.xmlbeans.impl.schema.SchemaTypeSystemImpl.<init>(SchemaTypeSystemImpl.java:198)
	at org.apache.poi.schemas.ooxml.system.ooxml.TypeSystemHolder.<init>(TypeSystemHolder.java:9)
	at org.apache.poi.schemas.ooxml.system.ooxml.TypeSystemHolder.<clinit>(TypeSystemHolder.java:6)
	at org.openxmlformats.schemas.drawingml.x2006.main.ThemeDocument.<clinit>(ThemeDocument.java:23)
	at org.apache.poi.xssf.model.ThemesTable.readFrom(ThemesTable.java:119)
	at org.apache.poi.xssf.model.ThemesTable.<init>(ThemesTable.java:87)
	at org.apache.poi.ooxml.POIXMLFactory.createDocumentPart(POIXMLFactory.java:61)
	at org.apache.poi.ooxml.POIXMLDocumentPart.read(POIXMLDocumentPart.java:661)
	at org.apache.poi.ooxml.POIXMLDocument.load(POIXMLDocument.java:165)
	at org.apache.poi.xssf.usermodel.XSSFWorkbook.<init>(XSSFWorkbook.java:260)
	at org.apache.poi.xssf.usermodel.XSSFWorkbook.<init>(XSSFWorkbook.java:290)
	at org.apache.poi.xssf.usermodel.XSSFWorkbook.<init>(XSSFWorkbook.java:286)
	at externalResources.ExcelDataRead.<init>(ExcelDataRead.java:22)
	at listeners.AnnotationsTransformer.toBeExecuted(AnnotationsTransformer.java:36)
	at listeners.AnnotationsTransformer.transform(AnnotationsTransformer.java:24)
	at org.testng.internal.annotations.JDK15AnnotationFinder.transform(JDK15AnnotationFinder.java:172)
	at org.testng.internal.annotations.JDK15AnnotationFinder.lambda$findAnnotation$0(JDK15AnnotationFinder.java:279)
	at java.base/java.util.concurrent.ConcurrentHashMap.computeIfAbsent(ConcurrentHashMap.java:1705)
	at org.testng.internal.annotations.JDK15AnnotationFinder.findAnnotation(JDK15AnnotationFinder.java:275)
	at org.testng.internal.annotations.JDK15AnnotationFinder.findAnnotation(JDK15AnnotationFinder.java:113)
	at org.testng.internal.TestNGClassFinder.isTestNGClass(TestNGClassFinder.java:275)
	at org.testng.internal.TestNGClassFinder.isNotTestNGClass(TestNGClassFinder.java:260)
	at org.testng.internal.TestNGClassFinder.processClass(TestNGClassFinder.java:94)
	at org.testng.internal.TestNGClassFinder.<init>(TestNGClassFinder.java:67)
	at org.testng.TestRunner.initMethods(TestRunner.java:442)
	at org.testng.TestRunner.init(TestRunner.java:336)
	at org.testng.TestRunner.init(TestRunner.java:289)
	at org.testng.TestRunner.<init>(TestRunner.java:179)
	at org.testng.SuiteRunner$DefaultTestRunnerFactory.newTestRunner(SuiteRunner.java:643)
	at org.testng.SuiteRunner.init(SuiteRunner.java:225)
	at org.testng.SuiteRunner.<init>(SuiteRunner.java:115)
	at org.testng.TestNG.createSuiteRunner(TestNG.java:1349)
	at org.testng.TestNG.createSuiteRunners(TestNG.java:1325)
	at org.testng.TestNG.runSuitesLocally(TestNG.java:1167)
	at org.testng.TestNG.runSuites(TestNG.java:1099)
	at org.testng.TestNG.run(TestNG.java:1067)
	at org.apache.maven.surefire.testng.TestNGExecutor.run(TestNGExecutor.java:324)
	at org.apache.maven.surefire.testng.TestNGXmlTestSuite.execute(TestNGXmlTestSuite.java:74)
	at org.apache.maven.surefire.testng.TestNGProvider.invoke(TestNGProvider.java:123)
	at org.apache.maven.surefire.booter.ForkedBooter.runSuitesInProcess(ForkedBooter.java:456)
	at org.apache.maven.surefire.booter.ForkedBooter.execute(ForkedBooter.java:169)
	at org.apache.maven.surefire.booter.ForkedBooter.run(ForkedBooter.java:595)
	at org.apache.maven.surefire.booter.ForkedBooter.main(ForkedBooter.java:581)

2023-02-13 11:57:15,539 main ERROR Unable to invoke factory method in class org.apache.logging.log4j.core.appender.RollingFileAppender for element RollingFile: java.lang.IllegalStateException: No factory method found for class org.apache.logging.log4j.core.appender.RollingFileAppender java.lang.IllegalStateException: No factory method found for class org.apache.logging.log4j.core.appender.RollingFileAppender
	at org.apache.logging.log4j.core.config.plugins.util.PluginBuilder.findFactoryMethod(PluginBuilder.java:260)
	at org.apache.logging.log4j.core.config.plugins.util.PluginBuilder.build(PluginBuilder.java:136)
	at org.apache.logging.log4j.core.config.AbstractConfiguration.createPluginObject(AbstractConfiguration.java:1138)
	at org.apache.logging.log4j.core.config.AbstractConfiguration.createConfiguration(AbstractConfiguration.java:1063)
	at org.apache.logging.log4j.core.appender.routing.RoutingAppender.createAppender(RoutingAppender.java:310)
	at org.apache.logging.log4j.core.appender.routing.RoutingAppender.getControl(RoutingAppender.java:282)
	at org.apache.logging.log4j.core.appender.routing.RoutingAppender.append(RoutingAppender.java:240)
	at org.apache.logging.log4j.core.config.AppenderControl.tryCallAppender(AppenderControl.java:161)
	at org.apache.logging.log4j.core.config.AppenderControl.callAppender0(AppenderControl.java:134)
	at org.apache.logging.log4j.core.config.AppenderControl.callAppenderPreventRecursion(AppenderControl.java:125)
	at org.apache.logging.log4j.core.config.AppenderControl.callAppender(AppenderControl.java:89)
	at org.apache.logging.log4j.core.config.LoggerConfig.callAppenders(LoggerConfig.java:683)
	at org.apache.logging.log4j.core.config.LoggerConfig.processLogEvent(LoggerConfig.java:641)
	at org.apache.logging.log4j.core.config.LoggerConfig.log(LoggerConfig.java:624)
	at org.apache.logging.log4j.core.config.LoggerConfig.log(LoggerConfig.java:560)
	at org.apache.logging.log4j.core.config.AwaitCompletionReliabilityStrategy.log(AwaitCompletionReliabilityStrategy.java:82)
	at org.apache.logging.log4j.core.Logger.log(Logger.java:162)
	at org.apache.logging.log4j.spi.AbstractLogger.logMessage(AbstractLogger.java:2106)
	at org.apache.logging.log4j.internal.DefaultLogBuilder.logMessage(DefaultLogBuilder.java:241)
	at org.apache.logging.log4j.internal.DefaultLogBuilder.log(DefaultLogBuilder.java:162)
	at org.apache.xmlbeans.impl.schema.SchemaTypeSystemImpl.initFromHeader(SchemaTypeSystemImpl.java:231)
	at org.apache.xmlbeans.impl.schema.SchemaTypeSystemImpl.<init>(SchemaTypeSystemImpl.java:201)
	at org.apache.xmlbeans.metadata.system.sXMLLANG.TypeSystemHolder.<init>(TypeSystemHolder.java:9)
	at org.apache.xmlbeans.metadata.system.sXMLLANG.TypeSystemHolder.<clinit>(TypeSystemHolder.java:6)
	at java.base/java.lang.Class.forName0(Native Method)
	at java.base/java.lang.Class.forName(Class.java:398)
	at org.apache.xmlbeans.impl.schema.SchemaTypeLoaderImpl.build(SchemaTypeLoaderImpl.java:157)
	at org.apache.xmlbeans.impl.schema.SchemaTypeSystemImpl.<init>(SchemaTypeSystemImpl.java:198)
	at org.apache.xmlbeans.metadata.system.sXMLCONFIG.TypeSystemHolder.<init>(TypeSystemHolder.java:9)
	at org.apache.xmlbeans.metadata.system.sXMLCONFIG.TypeSystemHolder.<clinit>(TypeSystemHolder.java:6)
	at java.base/java.lang.Class.forName0(Native Method)
	at java.base/java.lang.Class.forName(Class.java:398)
	at org.apache.xmlbeans.impl.schema.SchemaTypeLoaderImpl.build(SchemaTypeLoaderImpl.java:157)
	at org.apache.xmlbeans.impl.schema.SchemaTypeSystemImpl.<init>(SchemaTypeSystemImpl.java:198)
	at org.apache.poi.schemas.ooxml.system.ooxml.TypeSystemHolder.<init>(TypeSystemHolder.java:9)
	at org.apache.poi.schemas.ooxml.system.ooxml.TypeSystemHolder.<clinit>(TypeSystemHolder.java:6)
	at org.openxmlformats.schemas.drawingml.x2006.main.ThemeDocument.<clinit>(ThemeDocument.java:23)
	at org.apache.poi.xssf.model.ThemesTable.readFrom(ThemesTable.java:119)
	at org.apache.poi.xssf.model.ThemesTable.<init>(ThemesTable.java:87)
	at org.apache.poi.ooxml.POIXMLFactory.createDocumentPart(POIXMLFactory.java:61)
	at org.apache.poi.ooxml.POIXMLDocumentPart.read(POIXMLDocumentPart.java:661)
	at org.apache.poi.ooxml.POIXMLDocument.load(POIXMLDocument.java:165)
	at org.apache.poi.xssf.usermodel.XSSFWorkbook.<init>(XSSFWorkbook.java:260)
	at org.apache.poi.xssf.usermodel.XSSFWorkbook.<init>(XSSFWorkbook.java:290)
	at org.apache.poi.xssf.usermodel.XSSFWorkbook.<init>(XSSFWorkbook.java:286)
	at externalResources.ExcelDataRead.<init>(ExcelDataRead.java:22)
	at listeners.AnnotationsTransformer.toBeExecuted(AnnotationsTransformer.java:36)
	at listeners.AnnotationsTransformer.transform(AnnotationsTransformer.java:24)
	at org.testng.internal.annotations.JDK15AnnotationFinder.transform(JDK15AnnotationFinder.java:172)
	at org.testng.internal.annotations.JDK15AnnotationFinder.lambda$findAnnotation$0(JDK15AnnotationFinder.java:279)
	at java.base/java.util.concurrent.ConcurrentHashMap.computeIfAbsent(ConcurrentHashMap.java:1705)
	at org.testng.internal.annotations.JDK15AnnotationFinder.findAnnotation(JDK15AnnotationFinder.java:275)
	at org.testng.internal.annotations.JDK15AnnotationFinder.findAnnotation(JDK15AnnotationFinder.java:113)
	at org.testng.internal.TestNGClassFinder.isTestNGClass(TestNGClassFinder.java:275)
	at org.testng.internal.TestNGClassFinder.isNotTestNGClass(TestNGClassFinder.java:260)
	at org.testng.internal.TestNGClassFinder.processClass(TestNGClassFinder.java:94)
	at org.testng.internal.TestNGClassFinder.<init>(TestNGClassFinder.java:67)
	at org.testng.TestRunner.initMethods(TestRunner.java:442)
	at org.testng.TestRunner.init(TestRunner.java:336)
	at org.testng.TestRunner.init(TestRunner.java:289)
	at org.testng.TestRunner.<init>(TestRunner.java:179)
	at org.testng.SuiteRunner$DefaultTestRunnerFactory.newTestRunner(SuiteRunner.java:643)
	at org.testng.SuiteRunner.init(SuiteRunner.java:225)
	at org.testng.SuiteRunner.<init>(SuiteRunner.java:115)
	at org.testng.TestNG.createSuiteRunner(TestNG.java:1349)
	at org.testng.TestNG.createSuiteRunners(TestNG.java:1325)
	at org.testng.TestNG.runSuitesLocally(TestNG.java:1167)
	at org.testng.TestNG.runSuites(TestNG.java:1099)
	at org.testng.TestNG.run(TestNG.java:1067)
	at org.apache.maven.surefire.testng.TestNGExecutor.run(TestNGExecutor.java:324)
	at org.apache.maven.surefire.testng.TestNGXmlTestSuite.execute(TestNGXmlTestSuite.java:74)
	at org.apache.maven.surefire.testng.TestNGProvider.invoke(TestNGProvider.java:123)
	at org.apache.maven.surefire.booter.ForkedBooter.runSuitesInProcess(ForkedBooter.java:456)
	at org.apache.maven.surefire.booter.ForkedBooter.execute(ForkedBooter.java:169)
	at org.apache.maven.surefire.booter.ForkedBooter.run(ForkedBooter.java:595)
	at org.apache.maven.surefire.booter.ForkedBooter.main(ForkedBooter.java:581)

2023-02-13 11:57:15,544 main ERROR Unable to create file ./results/logs/${ctx:threadName}.log java.io.IOException: The filename, directory name, or volume label syntax is incorrect
	at java.base/java.io.WinNTFileSystem.canonicalize0(Native Method)
	at java.base/java.io.WinNTFileSystem.canonicalize(WinNTFileSystem.java:483)
	at java.base/java.io.File.getCanonicalPath(File.java:626)
	at java.base/java.io.File.getCanonicalFile(File.java:651)
	at org.apache.logging.log4j.core.util.FileUtils.makeParentDirs(FileUtils.java:139)
	at org.apache.logging.log4j.core.appender.rolling.RollingFileManager$RollingFileManagerFactory.createManager(RollingFileManager.java:734)
	at org.apache.logging.log4j.core.appender.rolling.RollingFileManager$RollingFileManagerFactory.createManager(RollingFileManager.java:718)
	at org.apache.logging.log4j.core.appender.AbstractManager.getManager(AbstractManager.java:144)
	at org.apache.logging.log4j.core.appender.OutputStreamManager.getManager(OutputStreamManager.java:100)
	at org.apache.logging.log4j.core.appender.rolling.RollingFileManager.getFileManager(RollingFileManager.java:217)
	at org.apache.logging.log4j.core.appender.RollingFileAppender$Builder.build(RollingFileAppender.java:135)
	at org.apache.logging.log4j.core.appender.RollingFileAppender$Builder.build(RollingFileAppender.java:62)
	at org.apache.logging.log4j.core.config.plugins.util.PluginBuilder.build(PluginBuilder.java:124)
	at org.apache.logging.log4j.core.config.AbstractConfiguration.createPluginObject(AbstractConfiguration.java:1138)
	at org.apache.logging.log4j.core.config.AbstractConfiguration.createConfiguration(AbstractConfiguration.java:1063)
	at org.apache.logging.log4j.core.appender.routing.RoutingAppender.createAppender(RoutingAppender.java:310)
	at org.apache.logging.log4j.core.appender.routing.RoutingAppender.getControl(RoutingAppender.java:282)
	at org.apache.logging.log4j.core.appender.routing.RoutingAppender.append(RoutingAppender.java:240)
	at org.apache.logging.log4j.core.config.AppenderControl.tryCallAppender(AppenderControl.java:161)
	at org.apache.logging.log4j.core.config.AppenderControl.callAppender0(AppenderControl.java:134)
	at org.apache.logging.log4j.core.config.AppenderControl.callAppenderPreventRecursion(AppenderControl.java:125)
	at org.apache.logging.log4j.core.config.AppenderControl.callAppender(AppenderControl.java:89)
	at org.apache.logging.log4j.core.config.LoggerConfig.callAppenders(LoggerConfig.java:683)
	at org.apache.logging.log4j.core.config.LoggerConfig.processLogEvent(LoggerConfig.java:641)
	at org.apache.logging.log4j.core.config.LoggerConfig.log(LoggerConfig.java:624)
	at org.apache.logging.log4j.core.config.LoggerConfig.log(LoggerConfig.java:560)
	at org.apache.logging.log4j.core.config.AwaitCompletionReliabilityStrategy.log(AwaitCompletionReliabilityStrategy.java:82)
	at org.apache.logging.log4j.core.Logger.log(Logger.java:162)
	at org.apache.logging.log4j.spi.AbstractLogger.logMessage(AbstractLogger.java:2106)
	at org.apache.logging.log4j.internal.DefaultLogBuilder.logMessage(DefaultLogBuilder.java:241)
	at org.apache.logging.log4j.internal.DefaultLogBuilder.log(DefaultLogBuilder.java:162)
	at org.apache.xmlbeans.impl.schema.SchemaTypeSystemImpl.<init>(SchemaTypeSystemImpl.java:206)
	at org.apache.xmlbeans.metadata.system.sXMLLANG.TypeSystemHolder.<init>(TypeSystemHolder.java:9)
	at org.apache.xmlbeans.metadata.system.sXMLLANG.TypeSystemHolder.<clinit>(TypeSystemHolder.java:6)
	at java.base/java.lang.Class.forName0(Native Method)
	at java.base/java.lang.Class.forName(Class.java:398)
	at org.apache.xmlbeans.impl.schema.SchemaTypeLoaderImpl.build(SchemaTypeLoaderImpl.java:157)
	at org.apache.xmlbeans.impl.schema.SchemaTypeSystemImpl.<init>(SchemaTypeSystemImpl.java:198)
	at org.apache.xmlbeans.metadata.system.sXMLCONFIG.TypeSystemHolder.<init>(TypeSystemHolder.java:9)
	at org.apache.xmlbeans.metadata.system.sXMLCONFIG.TypeSystemHolder.<clinit>(TypeSystemHolder.java:6)
	at java.base/java.lang.Class.forName0(Native Method)
	at java.base/java.lang.Class.forName(Class.java:398)
	at org.apache.xmlbeans.impl.schema.SchemaTypeLoaderImpl.build(SchemaTypeLoaderImpl.java:157)
	at org.apache.xmlbeans.impl.schema.SchemaTypeSystemImpl.<init>(SchemaTypeSystemImpl.java:198)
	at org.apache.poi.schemas.ooxml.system.ooxml.TypeSystemHolder.<init>(TypeSystemHolder.java:9)
	at org.apache.poi.schemas.ooxml.system.ooxml.TypeSystemHolder.<clinit>(TypeSystemHolder.java:6)
	at org.openxmlformats.schemas.drawingml.x2006.main.ThemeDocument.<clinit>(ThemeDocument.java:23)
	at org.apache.poi.xssf.model.ThemesTable.readFrom(ThemesTable.java:119)
	at org.apache.poi.xssf.model.ThemesTable.<init>(ThemesTable.java:87)
	at org.apache.poi.ooxml.POIXMLFactory.createDocumentPart(POIXMLFactory.java:61)
	at org.apache.poi.ooxml.POIXMLDocumentPart.read(POIXMLDocumentPart.java:661)
	at org.apache.poi.ooxml.POIXMLDocument.load(POIXMLDocument.java:165)
	at org.apache.poi.xssf.usermodel.XSSFWorkbook.<init>(XSSFWorkbook.java:260)
	at org.apache.poi.xssf.usermodel.XSSFWorkbook.<init>(XSSFWorkbook.java:290)
	at org.apache.poi.xssf.usermodel.XSSFWorkbook.<init>(XSSFWorkbook.java:286)
	at externalResources.ExcelDataRead.<init>(ExcelDataRead.java:22)
	at listeners.AnnotationsTransformer.toBeExecuted(AnnotationsTransformer.java:36)
	at listeners.AnnotationsTransformer.transform(AnnotationsTransformer.java:24)
	at org.testng.internal.annotations.JDK15AnnotationFinder.transform(JDK15AnnotationFinder.java:172)
	at org.testng.internal.annotations.JDK15AnnotationFinder.lambda$findAnnotation$0(JDK15AnnotationFinder.java:279)
	at java.base/java.util.concurrent.ConcurrentHashMap.computeIfAbsent(ConcurrentHashMap.java:1705)
	at org.testng.internal.annotations.JDK15AnnotationFinder.findAnnotation(JDK15AnnotationFinder.java:275)
	at org.testng.internal.annotations.JDK15AnnotationFinder.findAnnotation(JDK15AnnotationFinder.java:113)
	at org.testng.internal.TestNGClassFinder.isTestNGClass(TestNGClassFinder.java:275)
	at org.testng.internal.TestNGClassFinder.isNotTestNGClass(TestNGClassFinder.java:260)
	at org.testng.internal.TestNGClassFinder.processClass(TestNGClassFinder.java:94)
	at org.testng.internal.TestNGClassFinder.<init>(TestNGClassFinder.java:67)
	at org.testng.TestRunner.initMethods(TestRunner.java:442)
	at org.testng.TestRunner.init(TestRunner.java:336)
	at org.testng.TestRunner.init(TestRunner.java:289)
	at org.testng.TestRunner.<init>(TestRunner.java:179)
	at org.testng.SuiteRunner$DefaultTestRunnerFactory.newTestRunner(SuiteRunner.java:643)
	at org.testng.SuiteRunner.init(SuiteRunner.java:225)
	at org.testng.SuiteRunner.<init>(SuiteRunner.java:115)
	at org.testng.TestNG.createSuiteRunner(TestNG.java:1349)
	at org.testng.TestNG.createSuiteRunners(TestNG.java:1325)
	at org.testng.TestNG.runSuitesLocally(TestNG.java:1167)
	at org.testng.TestNG.runSuites(TestNG.java:1099)
	at org.testng.TestNG.run(TestNG.java:1067)
	at org.apache.maven.surefire.testng.TestNGExecutor.run(TestNGExecutor.java:324)
	at org.apache.maven.surefire.testng.TestNGXmlTestSuite.execute(TestNGXmlTestSuite.java:74)
	at org.apache.maven.surefire.testng.TestNGProvider.invoke(TestNGProvider.java:123)
	at org.apache.maven.surefire.booter.ForkedBooter.runSuitesInProcess(ForkedBooter.java:456)
	at org.apache.maven.surefire.booter.ForkedBooter.execute(ForkedBooter.java:169)
	at org.apache.maven.surefire.booter.ForkedBooter.run(ForkedBooter.java:595)
	at org.apache.maven.surefire.booter.ForkedBooter.main(ForkedBooter.java:581)

2023-02-13 11:57:15,545 main ERROR Could not create plugin of type class org.apache.logging.log4j.core.appender.RollingFileAppender for element RollingFile: java.lang.IllegalStateException: ManagerFactory [org.apache.logging.log4j.core.appender.rolling.RollingFileManager$RollingFileManagerFactory@4e6d7365] unable to create manager for [./results/logs/${ctx:threadName}.log] with data [org.apache.logging.log4j.core.appender.rolling.RollingFileManager$FactoryData@1ba05e38[pattern=./results/logs/${ctx:threadName}-%d{yyyy-MM-dd}.log, append=true, bufferedIO=true, bufferSize=8192, policy=SizeBasedTriggeringPolicy(size=512000), strategy=DefaultRolloverStrategy(min=1, max=7, useMax=true), advertiseURI=null, layout=%d{HH:mm:ss.SSS} [%t] %-5level %logger{36} - %msg%n, filePermissions=null, fileOwner=null]] java.lang.IllegalStateException: ManagerFactory [org.apache.logging.log4j.core.appender.rolling.RollingFileManager$RollingFileManagerFactory@4e6d7365] unable to create manager for [./results/logs/${ctx:threadName}.log] with data [org.apache.logging.log4j.core.appender.rolling.RollingFileManager$FactoryData@1ba05e38[pattern=./results/logs/${ctx:threadName}-%d{yyyy-MM-dd}.log, append=true, bufferedIO=true, bufferSize=8192, policy=SizeBasedTriggeringPolicy(size=512000), strategy=DefaultRolloverStrategy(min=1, max=7, useMax=true), advertiseURI=null, layout=%d{HH:mm:ss.SSS} [%t] %-5level %logger{36} - %msg%n, filePermissions=null, fileOwner=null]]
	at org.apache.logging.log4j.core.appender.AbstractManager.getManager(AbstractManager.java:146)
	at org.apache.logging.log4j.core.appender.OutputStreamManager.getManager(OutputStreamManager.java:100)
	at org.apache.logging.log4j.core.appender.rolling.RollingFileManager.getFileManager(RollingFileManager.java:217)
	at org.apache.logging.log4j.core.appender.RollingFileAppender$Builder.build(RollingFileAppender.java:135)
	at org.apache.logging.log4j.core.appender.RollingFileAppender$Builder.build(RollingFileAppender.java:62)
	at org.apache.logging.log4j.core.config.plugins.util.PluginBuilder.build(PluginBuilder.java:124)
	at org.apache.logging.log4j.core.config.AbstractConfiguration.createPluginObject(AbstractConfiguration.java:1138)
	at org.apache.logging.log4j.core.config.AbstractConfiguration.createConfiguration(AbstractConfiguration.java:1063)
	at org.apache.logging.log4j.core.appender.routing.RoutingAppender.createAppender(RoutingAppender.java:310)
	at org.apache.logging.log4j.core.appender.routing.RoutingAppender.getControl(RoutingAppender.java:282)
	at org.apache.logging.log4j.core.appender.routing.RoutingAppender.append(RoutingAppender.java:240)
	at org.apache.logging.log4j.core.config.AppenderControl.tryCallAppender(AppenderControl.java:161)
	at org.apache.logging.log4j.core.config.AppenderControl.callAppender0(AppenderControl.java:134)
	at org.apache.logging.log4j.core.config.AppenderControl.callAppenderPreventRecursion(AppenderControl.java:125)
	at org.apache.logging.log4j.core.config.AppenderControl.callAppender(AppenderControl.java:89)
	at org.apache.logging.log4j.core.config.LoggerConfig.callAppenders(LoggerConfig.java:683)
	at org.apache.logging.log4j.core.config.LoggerConfig.processLogEvent(LoggerConfig.java:641)
	at org.apache.logging.log4j.core.config.LoggerConfig.log(LoggerConfig.java:624)
	at org.apache.logging.log4j.core.config.LoggerConfig.log(LoggerConfig.java:560)
	at org.apache.logging.log4j.core.config.AwaitCompletionReliabilityStrategy.log(AwaitCompletionReliabilityStrategy.java:82)
	at org.apache.logging.log4j.core.Logger.log(Logger.java:162)
	at org.apache.logging.log4j.spi.AbstractLogger.logMessage(AbstractLogger.java:2106)
	at org.apache.logging.log4j.internal.DefaultLogBuilder.logMessage(DefaultLogBuilder.java:241)
	at org.apache.logging.log4j.internal.DefaultLogBuilder.log(DefaultLogBuilder.java:162)
	at org.apache.xmlbeans.impl.schema.SchemaTypeSystemImpl.<init>(SchemaTypeSystemImpl.java:206)
	at org.apache.xmlbeans.metadata.system.sXMLLANG.TypeSystemHolder.<init>(TypeSystemHolder.java:9)
	at org.apache.xmlbeans.metadata.system.sXMLLANG.TypeSystemHolder.<clinit>(TypeSystemHolder.java:6)
	at java.base/java.lang.Class.forName0(Native Method)
	at java.base/java.lang.Class.forName(Class.java:398)
	at org.apache.xmlbeans.impl.schema.SchemaTypeLoaderImpl.build(SchemaTypeLoaderImpl.java:157)
	at org.apache.xmlbeans.impl.schema.SchemaTypeSystemImpl.<init>(SchemaTypeSystemImpl.java:198)
	at org.apache.xmlbeans.metadata.system.sXMLCONFIG.TypeSystemHolder.<init>(TypeSystemHolder.java:9)
	at org.apache.xmlbeans.metadata.system.sXMLCONFIG.TypeSystemHolder.<clinit>(TypeSystemHolder.java:6)
	at java.base/java.lang.Class.forName0(Native Method)
	at java.base/java.lang.Class.forName(Class.java:398)
	at org.apache.xmlbeans.impl.schema.SchemaTypeLoaderImpl.build(SchemaTypeLoaderImpl.java:157)
	at org.apache.xmlbeans.impl.schema.SchemaTypeSystemImpl.<init>(SchemaTypeSystemImpl.java:198)
	at org.apache.poi.schemas.ooxml.system.ooxml.TypeSystemHolder.<init>(TypeSystemHolder.java:9)
	at org.apache.poi.schemas.ooxml.system.ooxml.TypeSystemHolder.<clinit>(TypeSystemHolder.java:6)
	at org.openxmlformats.schemas.drawingml.x2006.main.ThemeDocument.<clinit>(ThemeDocument.java:23)
	at org.apache.poi.xssf.model.ThemesTable.readFrom(ThemesTable.java:119)
	at org.apache.poi.xssf.model.ThemesTable.<init>(ThemesTable.java:87)
	at org.apache.poi.ooxml.POIXMLFactory.createDocumentPart(POIXMLFactory.java:61)
	at org.apache.poi.ooxml.POIXMLDocumentPart.read(POIXMLDocumentPart.java:661)
	at org.apache.poi.ooxml.POIXMLDocument.load(POIXMLDocument.java:165)
	at org.apache.poi.xssf.usermodel.XSSFWorkbook.<init>(XSSFWorkbook.java:260)
	at org.apache.poi.xssf.usermodel.XSSFWorkbook.<init>(XSSFWorkbook.java:290)
	at org.apache.poi.xssf.usermodel.XSSFWorkbook.<init>(XSSFWorkbook.java:286)
	at externalResources.ExcelDataRead.<init>(ExcelDataRead.java:22)
	at listeners.AnnotationsTransformer.toBeExecuted(AnnotationsTransformer.java:36)
	at listeners.AnnotationsTransformer.transform(AnnotationsTransformer.java:24)
	at org.testng.internal.annotations.JDK15AnnotationFinder.transform(JDK15AnnotationFinder.java:172)
	at org.testng.internal.annotations.JDK15AnnotationFinder.lambda$findAnnotation$0(JDK15AnnotationFinder.java:279)
	at java.base/java.util.concurrent.ConcurrentHashMap.computeIfAbsent(ConcurrentHashMap.java:1705)
	at org.testng.internal.annotations.JDK15AnnotationFinder.findAnnotation(JDK15AnnotationFinder.java:275)
	at org.testng.internal.annotations.JDK15AnnotationFinder.findAnnotation(JDK15AnnotationFinder.java:113)
	at org.testng.internal.TestNGClassFinder.isTestNGClass(TestNGClassFinder.java:275)
	at org.testng.internal.TestNGClassFinder.isNotTestNGClass(TestNGClassFinder.java:260)
	at org.testng.internal.TestNGClassFinder.processClass(TestNGClassFinder.java:94)
	at org.testng.internal.TestNGClassFinder.<init>(TestNGClassFinder.java:67)
	at org.testng.TestRunner.initMethods(TestRunner.java:442)
	at org.testng.TestRunner.init(TestRunner.java:336)
	at org.testng.TestRunner.init(TestRunner.java:289)
	at org.testng.TestRunner.<init>(TestRunner.java:179)
	at org.testng.SuiteRunner$DefaultTestRunnerFactory.newTestRunner(SuiteRunner.java:643)
	at org.testng.SuiteRunner.init(SuiteRunner.java:225)
	at org.testng.SuiteRunner.<init>(SuiteRunner.java:115)
	at org.testng.TestNG.createSuiteRunner(TestNG.java:1349)
	at org.testng.TestNG.createSuiteRunners(TestNG.java:1325)
	at org.testng.TestNG.runSuitesLocally(TestNG.java:1167)
	at org.testng.TestNG.runSuites(TestNG.java:1099)
	at org.testng.TestNG.run(TestNG.java:1067)
	at org.apache.maven.surefire.testng.TestNGExecutor.run(TestNGExecutor.java:324)
	at org.apache.maven.surefire.testng.TestNGXmlTestSuite.execute(TestNGXmlTestSuite.java:74)
	at org.apache.maven.surefire.testng.TestNGProvider.invoke(TestNGProvider.java:123)
	at org.apache.maven.surefire.booter.ForkedBooter.runSuitesInProcess(ForkedBooter.java:456)
	at org.apache.maven.surefire.booter.ForkedBooter.execute(ForkedBooter.java:169)
	at org.apache.maven.surefire.booter.ForkedBooter.run(ForkedBooter.java:595)
	at org.apache.maven.surefire.booter.ForkedBooter.main(ForkedBooter.java:581)

2023-02-13 11:57:15,546 main ERROR Unable to invoke factory method in class org.apache.logging.log4j.core.appender.RollingFileAppender for element RollingFile: java.lang.IllegalStateException: No factory method found for class org.apache.logging.log4j.core.appender.RollingFileAppender java.lang.IllegalStateException: No factory method found for class org.apache.logging.log4j.core.appender.RollingFileAppender
	at org.apache.logging.log4j.core.config.plugins.util.PluginBuilder.findFactoryMethod(PluginBuilder.java:260)
	at org.apache.logging.log4j.core.config.plugins.util.PluginBuilder.build(PluginBuilder.java:136)
	at org.apache.logging.log4j.core.config.AbstractConfiguration.createPluginObject(AbstractConfiguration.java:1138)
	at org.apache.logging.log4j.core.config.AbstractConfiguration.createConfiguration(AbstractConfiguration.java:1063)
	at org.apache.logging.log4j.core.appender.routing.RoutingAppender.createAppender(RoutingAppender.java:310)
	at org.apache.logging.log4j.core.appender.routing.RoutingAppender.getControl(RoutingAppender.java:282)
	at org.apache.logging.log4j.core.appender.routing.RoutingAppender.append(RoutingAppender.java:240)
	at org.apache.logging.log4j.core.config.AppenderControl.tryCallAppender(AppenderControl.java:161)
	at org.apache.logging.log4j.core.config.AppenderControl.callAppender0(AppenderControl.java:134)
	at org.apache.logging.log4j.core.config.AppenderControl.callAppenderPreventRecursion(AppenderControl.java:125)
	at org.apache.logging.log4j.core.config.AppenderControl.callAppender(AppenderControl.java:89)
	at org.apache.logging.log4j.core.config.LoggerConfig.callAppenders(LoggerConfig.java:683)
	at org.apache.logging.log4j.core.config.LoggerConfig.processLogEvent(LoggerConfig.java:641)
	at org.apache.logging.log4j.core.config.LoggerConfig.log(LoggerConfig.java:624)
	at org.apache.logging.log4j.core.config.LoggerConfig.log(LoggerConfig.java:560)
	at org.apache.logging.log4j.core.config.AwaitCompletionReliabilityStrategy.log(AwaitCompletionReliabilityStrategy.java:82)
	at org.apache.logging.log4j.core.Logger.log(Logger.java:162)
	at org.apache.logging.log4j.spi.AbstractLogger.logMessage(AbstractLogger.java:2106)
	at org.apache.logging.log4j.internal.DefaultLogBuilder.logMessage(DefaultLogBuilder.java:241)
	at org.apache.logging.log4j.internal.DefaultLogBuilder.log(DefaultLogBuilder.java:162)
	at org.apache.xmlbeans.impl.schema.SchemaTypeSystemImpl.<init>(SchemaTypeSystemImpl.java:206)
	at org.apache.xmlbeans.metadata.system.sXMLLANG.TypeSystemHolder.<init>(TypeSystemHolder.java:9)
	at org.apache.xmlbeans.metadata.system.sXMLLANG.TypeSystemHolder.<clinit>(TypeSystemHolder.java:6)
	at java.base/java.lang.Class.forName0(Native Method)
	at java.base/java.lang.Class.forName(Class.java:398)
	at org.apache.xmlbeans.impl.schema.SchemaTypeLoaderImpl.build(SchemaTypeLoaderImpl.java:157)
	at org.apache.xmlbeans.impl.schema.SchemaTypeSystemImpl.<init>(SchemaTypeSystemImpl.java:198)
	at org.apache.xmlbeans.metadata.system.sXMLCONFIG.TypeSystemHolder.<init>(TypeSystemHolder.java:9)
	at org.apache.xmlbeans.metadata.system.sXMLCONFIG.TypeSystemHolder.<clinit>(TypeSystemHolder.java:6)
	at java.base/java.lang.Class.forName0(Native Method)
	at java.base/java.lang.Class.forName(Class.java:398)
	at org.apache.xmlbeans.impl.schema.SchemaTypeLoaderImpl.build(SchemaTypeLoaderImpl.java:157)
	at org.apache.xmlbeans.impl.schema.SchemaTypeSystemImpl.<init>(SchemaTypeSystemImpl.java:198)
	at org.apache.poi.schemas.ooxml.system.ooxml.TypeSystemHolder.<init>(TypeSystemHolder.java:9)
	at org.apache.poi.schemas.ooxml.system.ooxml.TypeSystemHolder.<clinit>(TypeSystemHolder.java:6)
	at org.openxmlformats.schemas.drawingml.x2006.main.ThemeDocument.<clinit>(ThemeDocument.java:23)
	at org.apache.poi.xssf.model.ThemesTable.readFrom(ThemesTable.java:119)
	at org.apache.poi.xssf.model.ThemesTable.<init>(ThemesTable.java:87)
	at org.apache.poi.ooxml.POIXMLFactory.createDocumentPart(POIXMLFactory.java:61)
	at org.apache.poi.ooxml.POIXMLDocumentPart.read(POIXMLDocumentPart.java:661)
	at org.apache.poi.ooxml.POIXMLDocument.load(POIXMLDocument.java:165)
	at org.apache.poi.xssf.usermodel.XSSFWorkbook.<init>(XSSFWorkbook.java:260)
	at org.apache.poi.xssf.usermodel.XSSFWorkbook.<init>(XSSFWorkbook.java:290)
	at org.apache.poi.xssf.usermodel.XSSFWorkbook.<init>(XSSFWorkbook.java:286)
	at externalResources.ExcelDataRead.<init>(ExcelDataRead.java:22)
	at listeners.AnnotationsTransformer.toBeExecuted(AnnotationsTransformer.java:36)
	at listeners.AnnotationsTransformer.transform(AnnotationsTransformer.java:24)
	at org.testng.internal.annotations.JDK15AnnotationFinder.transform(JDK15AnnotationFinder.java:172)
	at org.testng.internal.annotations.JDK15AnnotationFinder.lambda$findAnnotation$0(JDK15AnnotationFinder.java:279)
	at java.base/java.util.concurrent.ConcurrentHashMap.computeIfAbsent(ConcurrentHashMap.java:1705)
	at org.testng.internal.annotations.JDK15AnnotationFinder.findAnnotation(JDK15AnnotationFinder.java:275)
	at org.testng.internal.annotations.JDK15AnnotationFinder.findAnnotation(JDK15AnnotationFinder.java:113)
	at org.testng.internal.TestNGClassFinder.isTestNGClass(TestNGClassFinder.java:275)
	at org.testng.internal.TestNGClassFinder.isNotTestNGClass(TestNGClassFinder.java:260)
	at org.testng.internal.TestNGClassFinder.processClass(TestNGClassFinder.java:94)
	at org.testng.internal.TestNGClassFinder.<init>(TestNGClassFinder.java:67)
	at org.testng.TestRunner.initMethods(TestRunner.java:442)
	at org.testng.TestRunner.init(TestRunner.java:336)
	at org.testng.TestRunner.init(TestRunner.java:289)
	at org.testng.TestRunner.<init>(TestRunner.java:179)
	at org.testng.SuiteRunner$DefaultTestRunnerFactory.newTestRunner(SuiteRunner.java:643)
	at org.testng.SuiteRunner.init(SuiteRunner.java:225)
	at org.testng.SuiteRunner.<init>(SuiteRunner.java:115)
	at org.testng.TestNG.createSuiteRunner(TestNG.java:1349)
	at org.testng.TestNG.createSuiteRunners(TestNG.java:1325)
	at org.testng.TestNG.runSuitesLocally(TestNG.java:1167)
	at org.testng.TestNG.runSuites(TestNG.java:1099)
	at org.testng.TestNG.run(TestNG.java:1067)
	at org.apache.maven.surefire.testng.TestNGExecutor.run(TestNGExecutor.java:324)
	at org.apache.maven.surefire.testng.TestNGXmlTestSuite.execute(TestNGXmlTestSuite.java:74)
	at org.apache.maven.surefire.testng.TestNGProvider.invoke(TestNGProvider.java:123)
	at org.apache.maven.surefire.booter.ForkedBooter.runSuitesInProcess(ForkedBooter.java:456)
	at org.apache.maven.surefire.booter.ForkedBooter.execute(ForkedBooter.java:169)
	at org.apache.maven.surefire.booter.ForkedBooter.run(ForkedBooter.java:595)
	at org.apache.maven.surefire.booter.ForkedBooter.main(ForkedBooter.java:581)

2023-02-13 11:57:15,551 main ERROR Unable to create file ./results/logs/${ctx:threadName}.log java.io.IOException: The filename, directory name, or volume label syntax is incorrect
	at java.base/java.io.WinNTFileSystem.canonicalize0(Native Method)
	at java.base/java.io.WinNTFileSystem.canonicalize(WinNTFileSystem.java:483)
	at java.base/java.io.File.getCanonicalPath(File.java:626)
	at java.base/java.io.File.getCanonicalFile(File.java:651)
	at org.apache.logging.log4j.core.util.FileUtils.makeParentDirs(FileUtils.java:139)
	at org.apache.logging.log4j.core.appender.rolling.RollingFileManager$RollingFileManagerFactory.createManager(RollingFileManager.java:734)
	at org.apache.logging.log4j.core.appender.rolling.RollingFileManager$RollingFileManagerFactory.createManager(RollingFileManager.java:718)
	at org.apache.logging.log4j.core.appender.AbstractManager.getManager(AbstractManager.java:144)
	at org.apache.logging.log4j.core.appender.OutputStreamManager.getManager(OutputStreamManager.java:100)
	at org.apache.logging.log4j.core.appender.rolling.RollingFileManager.getFileManager(RollingFileManager.java:217)
	at org.apache.logging.log4j.core.appender.RollingFileAppender$Builder.build(RollingFileAppender.java:135)
	at org.apache.logging.log4j.core.appender.RollingFileAppender$Builder.build(RollingFileAppender.java:62)
	at org.apache.logging.log4j.core.config.plugins.util.PluginBuilder.build(PluginBuilder.java:124)
	at org.apache.logging.log4j.core.config.AbstractConfiguration.createPluginObject(AbstractConfiguration.java:1138)
	at org.apache.logging.log4j.core.config.AbstractConfiguration.createConfiguration(AbstractConfiguration.java:1063)
	at org.apache.logging.log4j.core.appender.routing.RoutingAppender.createAppender(RoutingAppender.java:310)
	at org.apache.logging.log4j.core.appender.routing.RoutingAppender.getControl(RoutingAppender.java:282)
	at org.apache.logging.log4j.core.appender.routing.RoutingAppender.append(RoutingAppender.java:240)
	at org.apache.logging.log4j.core.config.AppenderControl.tryCallAppender(AppenderControl.java:161)
	at org.apache.logging.log4j.core.config.AppenderControl.callAppender0(AppenderControl.java:134)
	at org.apache.logging.log4j.core.config.AppenderControl.callAppenderPreventRecursion(AppenderControl.java:125)
	at org.apache.logging.log4j.core.config.AppenderControl.callAppender(AppenderControl.java:89)
	at org.apache.logging.log4j.core.config.LoggerConfig.callAppenders(LoggerConfig.java:683)
	at org.apache.logging.log4j.core.config.LoggerConfig.processLogEvent(LoggerConfig.java:641)
	at org.apache.logging.log4j.core.config.LoggerConfig.log(LoggerConfig.java:624)
	at org.apache.logging.log4j.core.config.LoggerConfig.log(LoggerConfig.java:560)
	at org.apache.logging.log4j.core.config.AwaitCompletionReliabilityStrategy.log(AwaitCompletionReliabilityStrategy.java:82)
	at org.apache.logging.log4j.core.Logger.log(Logger.java:162)
	at org.apache.logging.log4j.spi.AbstractLogger.logMessage(AbstractLogger.java:2106)
	at org.apache.logging.log4j.internal.DefaultLogBuilder.logMessage(DefaultLogBuilder.java:241)
	at org.apache.logging.log4j.internal.DefaultLogBuilder.log(DefaultLogBuilder.java:162)
	at org.apache.xmlbeans.impl.schema.SchemaTypeSystemImpl.initFromHeader(SchemaTypeSystemImpl.java:231)
	at org.apache.xmlbeans.impl.schema.SchemaTypeSystemImpl.<init>(SchemaTypeSystemImpl.java:201)
	at org.apache.xmlbeans.metadata.system.sXMLCONFIG.TypeSystemHolder.<init>(TypeSystemHolder.java:9)
	at org.apache.xmlbeans.metadata.system.sXMLCONFIG.TypeSystemHolder.<clinit>(TypeSystemHolder.java:6)
	at java.base/java.lang.Class.forName0(Native Method)
	at java.base/java.lang.Class.forName(Class.java:398)
	at org.apache.xmlbeans.impl.schema.SchemaTypeLoaderImpl.build(SchemaTypeLoaderImpl.java:157)
	at org.apache.xmlbeans.impl.schema.SchemaTypeSystemImpl.<init>(SchemaTypeSystemImpl.java:198)
	at org.apache.poi.schemas.ooxml.system.ooxml.TypeSystemHolder.<init>(TypeSystemHolder.java:9)
	at org.apache.poi.schemas.ooxml.system.ooxml.TypeSystemHolder.<clinit>(TypeSystemHolder.java:6)
	at org.openxmlformats.schemas.drawingml.x2006.main.ThemeDocument.<clinit>(ThemeDocument.java:23)
	at org.apache.poi.xssf.model.ThemesTable.readFrom(ThemesTable.java:119)
	at org.apache.poi.xssf.model.ThemesTable.<init>(ThemesTable.java:87)
	at org.apache.poi.ooxml.POIXMLFactory.createDocumentPart(POIXMLFactory.java:61)
	at org.apache.poi.ooxml.POIXMLDocumentPart.read(POIXMLDocumentPart.java:661)
	at org.apache.poi.ooxml.POIXMLDocument.load(POIXMLDocument.java:165)
	at org.apache.poi.xssf.usermodel.XSSFWorkbook.<init>(XSSFWorkbook.java:260)
	at org.apache.poi.xssf.usermodel.XSSFWorkbook.<init>(XSSFWorkbook.java:290)
	at org.apache.poi.xssf.usermodel.XSSFWorkbook.<init>(XSSFWorkbook.java:286)
	at externalResources.ExcelDataRead.<init>(ExcelDataRead.java:22)
	at listeners.AnnotationsTransformer.toBeExecuted(AnnotationsTransformer.java:36)
	at listeners.AnnotationsTransformer.transform(AnnotationsTransformer.java:24)
	at org.testng.internal.annotations.JDK15AnnotationFinder.transform(JDK15AnnotationFinder.java:172)
	at org.testng.internal.annotations.JDK15AnnotationFinder.lambda$findAnnotation$0(JDK15AnnotationFinder.java:279)
	at java.base/java.util.concurrent.ConcurrentHashMap.computeIfAbsent(ConcurrentHashMap.java:1705)
	at org.testng.internal.annotations.JDK15AnnotationFinder.findAnnotation(JDK15AnnotationFinder.java:275)
	at org.testng.internal.annotations.JDK15AnnotationFinder.findAnnotation(JDK15AnnotationFinder.java:113)
	at org.testng.internal.TestNGClassFinder.isTestNGClass(TestNGClassFinder.java:275)
	at org.testng.internal.TestNGClassFinder.isNotTestNGClass(TestNGClassFinder.java:260)
	at org.testng.internal.TestNGClassFinder.processClass(TestNGClassFinder.java:94)
	at org.testng.internal.TestNGClassFinder.<init>(TestNGClassFinder.java:67)
	at org.testng.TestRunner.initMethods(TestRunner.java:442)
	at org.testng.TestRunner.init(TestRunner.java:336)
	at org.testng.TestRunner.init(TestRunner.java:289)
	at org.testng.TestRunner.<init>(TestRunner.java:179)
	at org.testng.SuiteRunner$DefaultTestRunnerFactory.newTestRunner(SuiteRunner.java:643)
	at org.testng.SuiteRunner.init(SuiteRunner.java:225)
	at org.testng.SuiteRunner.<init>(SuiteRunner.java:115)
	at org.testng.TestNG.createSuiteRunner(TestNG.java:1349)
	at org.testng.TestNG.createSuiteRunners(TestNG.java:1325)
	at org.testng.TestNG.runSuitesLocally(TestNG.java:1167)
	at org.testng.TestNG.runSuites(TestNG.java:1099)
	at org.testng.TestNG.run(TestNG.java:1067)
	at org.apache.maven.surefire.testng.TestNGExecutor.run(TestNGExecutor.java:324)
	at org.apache.maven.surefire.testng.TestNGXmlTestSuite.execute(TestNGXmlTestSuite.java:74)
	at org.apache.maven.surefire.testng.TestNGProvider.invoke(TestNGProvider.java:123)
	at org.apache.maven.surefire.booter.ForkedBooter.runSuitesInProcess(ForkedBooter.java:456)
	at org.apache.maven.surefire.booter.ForkedBooter.execute(ForkedBooter.java:169)
	at org.apache.maven.surefire.booter.ForkedBooter.run(ForkedBooter.java:595)
	at org.apache.maven.surefire.booter.ForkedBooter.main(ForkedBooter.java:581)

2023-02-13 11:57:15,552 main ERROR Could not create plugin of type class org.apache.logging.log4j.core.appender.RollingFileAppender for element RollingFile: java.lang.IllegalStateException: ManagerFactory [org.apache.logging.log4j.core.appender.rolling.RollingFileManager$RollingFileManagerFactory@4e6d7365] unable to create manager for [./results/logs/${ctx:threadName}.log] with data [org.apache.logging.log4j.core.appender.rolling.RollingFileManager$FactoryData@d8948cd[pattern=./results/logs/${ctx:threadName}-%d{yyyy-MM-dd}.log, append=true, bufferedIO=true, bufferSize=8192, policy=SizeBasedTriggeringPolicy(size=512000), strategy=DefaultRolloverStrategy(min=1, max=7, useMax=true), advertiseURI=null, layout=%d{HH:mm:ss.SSS} [%t] %-5level %logger{36} - %msg%n, filePermissions=null, fileOwner=null]] java.lang.IllegalStateException: ManagerFactory [org.apache.logging.log4j.core.appender.rolling.RollingFileManager$RollingFileManagerFactory@4e6d7365] unable to create manager for [./results/logs/${ctx:threadName}.log] with data [org.apache.logging.log4j.core.appender.rolling.RollingFileManager$FactoryData@d8948cd[pattern=./results/logs/${ctx:threadName}-%d{yyyy-MM-dd}.log, append=true, bufferedIO=true, bufferSize=8192, policy=SizeBasedTriggeringPolicy(size=512000), strategy=DefaultRolloverStrategy(min=1, max=7, useMax=true), advertiseURI=null, layout=%d{HH:mm:ss.SSS} [%t] %-5level %logger{36} - %msg%n, filePermissions=null, fileOwner=null]]
	at org.apache.logging.log4j.core.appender.AbstractManager.getManager(AbstractManager.java:146)
	at org.apache.logging.log4j.core.appender.OutputStreamManager.getManager(OutputStreamManager.java:100)
	at org.apache.logging.log4j.core.appender.rolling.RollingFileManager.getFileManager(RollingFileManager.java:217)
	at org.apache.logging.log4j.core.appender.RollingFileAppender$Builder.build(RollingFileAppender.java:135)
	at org.apache.logging.log4j.core.appender.RollingFileAppender$Builder.build(RollingFileAppender.java:62)
	at org.apache.logging.log4j.core.config.plugins.util.PluginBuilder.build(PluginBuilder.java:124)
	at org.apache.logging.log4j.core.config.AbstractConfiguration.createPluginObject(AbstractConfiguration.java:1138)
	at org.apache.logging.log4j.core.config.AbstractConfiguration.createConfiguration(AbstractConfiguration.java:1063)
	at org.apache.logging.log4j.core.appender.routing.RoutingAppender.createAppender(RoutingAppender.java:310)
	at org.apache.logging.log4j.core.appender.routing.RoutingAppender.getControl(RoutingAppender.java:282)
	at org.apache.logging.log4j.core.appender.routing.RoutingAppender.append(RoutingAppender.java:240)
	at org.apache.logging.log4j.core.config.AppenderControl.tryCallAppender(AppenderControl.java:161)
	at org.apache.logging.log4j.core.config.AppenderControl.callAppender0(AppenderControl.java:134)
	at org.apache.logging.log4j.core.config.AppenderControl.callAppenderPreventRecursion(AppenderControl.java:125)
	at org.apache.logging.log4j.core.config.AppenderControl.callAppender(AppenderControl.java:89)
	at org.apache.logging.log4j.core.config.LoggerConfig.callAppenders(LoggerConfig.java:683)
	at org.apache.logging.log4j.core.config.LoggerConfig.processLogEvent(LoggerConfig.java:641)
	at org.apache.logging.log4j.core.config.LoggerConfig.log(LoggerConfig.java:624)
	at org.apache.logging.log4j.core.config.LoggerConfig.log(LoggerConfig.java:560)
	at org.apache.logging.log4j.core.config.AwaitCompletionReliabilityStrategy.log(AwaitCompletionReliabilityStrategy.java:82)
	at org.apache.logging.log4j.core.Logger.log(Logger.java:162)
	at org.apache.logging.log4j.spi.AbstractLogger.logMessage(AbstractLogger.java:2106)
	at org.apache.logging.log4j.internal.DefaultLogBuilder.logMessage(DefaultLogBuilder.java:241)
	at org.apache.logging.log4j.internal.DefaultLogBuilder.log(DefaultLogBuilder.java:162)
	at org.apache.xmlbeans.impl.schema.SchemaTypeSystemImpl.initFromHeader(SchemaTypeSystemImpl.java:231)
	at org.apache.xmlbeans.impl.schema.SchemaTypeSystemImpl.<init>(SchemaTypeSystemImpl.java:201)
	at org.apache.xmlbeans.metadata.system.sXMLCONFIG.TypeSystemHolder.<init>(TypeSystemHolder.java:9)
	at org.apache.xmlbeans.metadata.system.sXMLCONFIG.TypeSystemHolder.<clinit>(TypeSystemHolder.java:6)
	at java.base/java.lang.Class.forName0(Native Method)
	at java.base/java.lang.Class.forName(Class.java:398)
	at org.apache.xmlbeans.impl.schema.SchemaTypeLoaderImpl.build(SchemaTypeLoaderImpl.java:157)
	at org.apache.xmlbeans.impl.schema.SchemaTypeSystemImpl.<init>(SchemaTypeSystemImpl.java:198)
	at org.apache.poi.schemas.ooxml.system.ooxml.TypeSystemHolder.<init>(TypeSystemHolder.java:9)
	at org.apache.poi.schemas.ooxml.system.ooxml.TypeSystemHolder.<clinit>(TypeSystemHolder.java:6)
	at org.openxmlformats.schemas.drawingml.x2006.main.ThemeDocument.<clinit>(ThemeDocument.java:23)
	at org.apache.poi.xssf.model.ThemesTable.readFrom(ThemesTable.java:119)
	at org.apache.poi.xssf.model.ThemesTable.<init>(ThemesTable.java:87)
	at org.apache.poi.ooxml.POIXMLFactory.createDocumentPart(POIXMLFactory.java:61)
	at org.apache.poi.ooxml.POIXMLDocumentPart.read(POIXMLDocumentPart.java:661)
	at org.apache.poi.ooxml.POIXMLDocument.load(POIXMLDocument.java:165)
	at org.apache.poi.xssf.usermodel.XSSFWorkbook.<init>(XSSFWorkbook.java:260)
	at org.apache.poi.xssf.usermodel.XSSFWorkbook.<init>(XSSFWorkbook.java:290)
	at org.apache.poi.xssf.usermodel.XSSFWorkbook.<init>(XSSFWorkbook.java:286)
	at externalResources.ExcelDataRead.<init>(ExcelDataRead.java:22)
	at listeners.AnnotationsTransformer.toBeExecuted(AnnotationsTransformer.java:36)
	at listeners.AnnotationsTransformer.transform(AnnotationsTransformer.java:24)
	at org.testng.internal.annotations.JDK15AnnotationFinder.transform(JDK15AnnotationFinder.java:172)
	at org.testng.internal.annotations.JDK15AnnotationFinder.lambda$findAnnotation$0(JDK15AnnotationFinder.java:279)
	at java.base/java.util.concurrent.ConcurrentHashMap.computeIfAbsent(ConcurrentHashMap.java:1705)
	at org.testng.internal.annotations.JDK15AnnotationFinder.findAnnotation(JDK15AnnotationFinder.java:275)
	at org.testng.internal.annotations.JDK15AnnotationFinder.findAnnotation(JDK15AnnotationFinder.java:113)
	at org.testng.internal.TestNGClassFinder.isTestNGClass(TestNGClassFinder.java:275)
	at org.testng.internal.TestNGClassFinder.isNotTestNGClass(TestNGClassFinder.java:260)
	at org.testng.internal.TestNGClassFinder.processClass(TestNGClassFinder.java:94)
	at org.testng.internal.TestNGClassFinder.<init>(TestNGClassFinder.java:67)
	at org.testng.TestRunner.initMethods(TestRunner.java:442)
	at org.testng.TestRunner.init(TestRunner.java:336)
	at org.testng.TestRunner.init(TestRunner.java:289)
	at org.testng.TestRunner.<init>(TestRunner.java:179)
	at org.testng.SuiteRunner$DefaultTestRunnerFactory.newTestRunner(SuiteRunner.java:643)
	at org.testng.SuiteRunner.init(SuiteRunner.java:225)
	at org.testng.SuiteRunner.<init>(SuiteRunner.java:115)
	at org.testng.TestNG.createSuiteRunner(TestNG.java:1349)
	at org.testng.TestNG.createSuiteRunners(TestNG.java:1325)
	at org.testng.TestNG.runSuitesLocally(TestNG.java:1167)
	at org.testng.TestNG.runSuites(TestNG.java:1099)
	at org.testng.TestNG.run(TestNG.java:1067)
	at org.apache.maven.surefire.testng.TestNGExecutor.run(TestNGExecutor.java:324)
	at org.apache.maven.surefire.testng.TestNGXmlTestSuite.execute(TestNGXmlTestSuite.java:74)
	at org.apache.maven.surefire.testng.TestNGProvider.invoke(TestNGProvider.java:123)
	at org.apache.maven.surefire.booter.ForkedBooter.runSuitesInProcess(ForkedBooter.java:456)
	at org.apache.maven.surefire.booter.ForkedBooter.execute(ForkedBooter.java:169)
	at org.apache.maven.surefire.booter.ForkedBooter.run(ForkedBooter.java:595)
	at org.apache.maven.surefire.booter.ForkedBooter.main(ForkedBooter.java:581)

2023-02-13 11:57:15,553 main ERROR Unable to invoke factory method in class org.apache.logging.log4j.core.appender.RollingFileAppender for element RollingFile: java.lang.IllegalStateException: No factory method found for class org.apache.logging.log4j.core.appender.RollingFileAppender java.lang.IllegalStateException: No factory method found for class org.apache.logging.log4j.core.appender.RollingFileAppender
	at org.apache.logging.log4j.core.config.plugins.util.PluginBuilder.findFactoryMethod(PluginBuilder.java:260)
	at org.apache.logging.log4j.core.config.plugins.util.PluginBuilder.build(PluginBuilder.java:136)
	at org.apache.logging.log4j.core.config.AbstractConfiguration.createPluginObject(AbstractConfiguration.java:1138)
	at org.apache.logging.log4j.core.config.AbstractConfiguration.createConfiguration(AbstractConfiguration.java:1063)
	at org.apache.logging.log4j.core.appender.routing.RoutingAppender.createAppender(RoutingAppender.java:310)
	at org.apache.logging.log4j.core.appender.routing.RoutingAppender.getControl(RoutingAppender.java:282)
	at org.apache.logging.log4j.core.appender.routing.RoutingAppender.append(RoutingAppender.java:240)
	at org.apache.logging.log4j.core.config.AppenderControl.tryCallAppender(AppenderControl.java:161)
	at org.apache.logging.log4j.core.config.AppenderControl.callAppender0(AppenderControl.java:134)
	at org.apache.logging.log4j.core.config.AppenderControl.callAppenderPreventRecursion(AppenderControl.java:125)
	at org.apache.logging.log4j.core.config.AppenderControl.callAppender(AppenderControl.java:89)
	at org.apache.logging.log4j.core.config.LoggerConfig.callAppenders(LoggerConfig.java:683)
	at org.apache.logging.log4j.core.config.LoggerConfig.processLogEvent(LoggerConfig.java:641)
	at org.apache.logging.log4j.core.config.LoggerConfig.log(LoggerConfig.java:624)
	at org.apache.logging.log4j.core.config.LoggerConfig.log(LoggerConfig.java:560)
	at org.apache.logging.log4j.core.config.AwaitCompletionReliabilityStrategy.log(AwaitCompletionReliabilityStrategy.java:82)
	at org.apache.logging.log4j.core.Logger.log(Logger.java:162)
	at org.apache.logging.log4j.spi.AbstractLogger.logMessage(AbstractLogger.java:2106)
	at org.apache.logging.log4j.internal.DefaultLogBuilder.logMessage(DefaultLogBuilder.java:241)
	at org.apache.logging.log4j.internal.DefaultLogBuilder.log(DefaultLogBuilder.java:162)
	at org.apache.xmlbeans.impl.schema.SchemaTypeSystemImpl.initFromHeader(SchemaTypeSystemImpl.java:231)
	at org.apache.xmlbeans.impl.schema.SchemaTypeSystemImpl.<init>(SchemaTypeSystemImpl.java:201)
	at org.apache.xmlbeans.metadata.system.sXMLCONFIG.TypeSystemHolder.<init>(TypeSystemHolder.java:9)
	at org.apache.xmlbeans.metadata.system.sXMLCONFIG.TypeSystemHolder.<clinit>(TypeSystemHolder.java:6)
	at java.base/java.lang.Class.forName0(Native Method)
	at java.base/java.lang.Class.forName(Class.java:398)
	at org.apache.xmlbeans.impl.schema.SchemaTypeLoaderImpl.build(SchemaTypeLoaderImpl.java:157)
	at org.apache.xmlbeans.impl.schema.SchemaTypeSystemImpl.<init>(SchemaTypeSystemImpl.java:198)
	at org.apache.poi.schemas.ooxml.system.ooxml.TypeSystemHolder.<init>(TypeSystemHolder.java:9)
	at org.apache.poi.schemas.ooxml.system.ooxml.TypeSystemHolder.<clinit>(TypeSystemHolder.java:6)
	at org.openxmlformats.schemas.drawingml.x2006.main.ThemeDocument.<clinit>(ThemeDocument.java:23)
	at org.apache.poi.xssf.model.ThemesTable.readFrom(ThemesTable.java:119)
	at org.apache.poi.xssf.model.ThemesTable.<init>(ThemesTable.java:87)
	at org.apache.poi.ooxml.POIXMLFactory.createDocumentPart(POIXMLFactory.java:61)
	at org.apache.poi.ooxml.POIXMLDocumentPart.read(POIXMLDocumentPart.java:661)
	at org.apache.poi.ooxml.POIXMLDocument.load(POIXMLDocument.java:165)
	at org.apache.poi.xssf.usermodel.XSSFWorkbook.<init>(XSSFWorkbook.java:260)
	at org.apache.poi.xssf.usermodel.XSSFWorkbook.<init>(XSSFWorkbook.java:290)
	at org.apache.poi.xssf.usermodel.XSSFWorkbook.<init>(XSSFWorkbook.java:286)
	at externalResources.ExcelDataRead.<init>(ExcelDataRead.java:22)
	at listeners.AnnotationsTransformer.toBeExecuted(AnnotationsTransformer.java:36)
	at listeners.AnnotationsTransformer.transform(AnnotationsTransformer.java:24)
	at org.testng.internal.annotations.JDK15AnnotationFinder.transform(JDK15AnnotationFinder.java:172)
	at org.testng.internal.annotations.JDK15AnnotationFinder.lambda$findAnnotation$0(JDK15AnnotationFinder.java:279)
	at java.base/java.util.concurrent.ConcurrentHashMap.computeIfAbsent(ConcurrentHashMap.java:1705)
	at org.testng.internal.annotations.JDK15AnnotationFinder.findAnnotation(JDK15AnnotationFinder.java:275)
	at org.testng.internal.annotations.JDK15AnnotationFinder.findAnnotation(JDK15AnnotationFinder.java:113)
	at org.testng.internal.TestNGClassFinder.isTestNGClass(TestNGClassFinder.java:275)
	at org.testng.internal.TestNGClassFinder.isNotTestNGClass(TestNGClassFinder.java:260)
	at org.testng.internal.TestNGClassFinder.processClass(TestNGClassFinder.java:94)
	at org.testng.internal.TestNGClassFinder.<init>(TestNGClassFinder.java:67)
	at org.testng.TestRunner.initMethods(TestRunner.java:442)
	at org.testng.TestRunner.init(TestRunner.java:336)
	at org.testng.TestRunner.init(TestRunner.java:289)
	at org.testng.TestRunner.<init>(TestRunner.java:179)
	at org.testng.SuiteRunner$DefaultTestRunnerFactory.newTestRunner(SuiteRunner.java:643)
	at org.testng.SuiteRunner.init(SuiteRunner.java:225)
	at org.testng.SuiteRunner.<init>(SuiteRunner.java:115)
	at org.testng.TestNG.createSuiteRunner(TestNG.java:1349)
	at org.testng.TestNG.createSuiteRunners(TestNG.java:1325)
	at org.testng.TestNG.runSuitesLocally(TestNG.java:1167)
	at org.testng.TestNG.runSuites(TestNG.java:1099)
	at org.testng.TestNG.run(TestNG.java:1067)
	at org.apache.maven.surefire.testng.TestNGExecutor.run(TestNGExecutor.java:324)
	at org.apache.maven.surefire.testng.TestNGXmlTestSuite.execute(TestNGXmlTestSuite.java:74)
	at org.apache.maven.surefire.testng.TestNGProvider.invoke(TestNGProvider.java:123)
	at org.apache.maven.surefire.booter.ForkedBooter.runSuitesInProcess(ForkedBooter.java:456)
	at org.apache.maven.surefire.booter.ForkedBooter.execute(ForkedBooter.java:169)
	at org.apache.maven.surefire.booter.ForkedBooter.run(ForkedBooter.java:595)
	at org.apache.maven.surefire.booter.ForkedBooter.main(ForkedBooter.java:581)

2023-02-13 11:57:15,557 main ERROR Unable to create file ./results/logs/${ctx:threadName}.log java.io.IOException: The filename, directory name, or volume label syntax is incorrect
	at java.base/java.io.WinNTFileSystem.canonicalize0(Native Method)
	at java.base/java.io.WinNTFileSystem.canonicalize(WinNTFileSystem.java:483)
	at java.base/java.io.File.getCanonicalPath(File.java:626)
	at java.base/java.io.File.getCanonicalFile(File.java:651)
	at org.apache.logging.log4j.core.util.FileUtils.makeParentDirs(FileUtils.java:139)
	at org.apache.logging.log4j.core.appender.rolling.RollingFileManager$RollingFileManagerFactory.createManager(RollingFileManager.java:734)
	at org.apache.logging.log4j.core.appender.rolling.RollingFileManager$RollingFileManagerFactory.createManager(RollingFileManager.java:718)
	at org.apache.logging.log4j.core.appender.AbstractManager.getManager(AbstractManager.java:144)
	at org.apache.logging.log4j.core.appender.OutputStreamManager.getManager(OutputStreamManager.java:100)
	at org.apache.logging.log4j.core.appender.rolling.RollingFileManager.getFileManager(RollingFileManager.java:217)
	at org.apache.logging.log4j.core.appender.RollingFileAppender$Builder.build(RollingFileAppender.java:135)
	at org.apache.logging.log4j.core.appender.RollingFileAppender$Builder.build(RollingFileAppender.java:62)
	at org.apache.logging.log4j.core.config.plugins.util.PluginBuilder.build(PluginBuilder.java:124)
	at org.apache.logging.log4j.core.config.AbstractConfiguration.createPluginObject(AbstractConfiguration.java:1138)
	at org.apache.logging.log4j.core.config.AbstractConfiguration.createConfiguration(AbstractConfiguration.java:1063)
	at org.apache.logging.log4j.core.appender.routing.RoutingAppender.createAppender(RoutingAppender.java:310)
	at org.apache.logging.log4j.core.appender.routing.RoutingAppender.getControl(RoutingAppender.java:282)
	at org.apache.logging.log4j.core.appender.routing.RoutingAppender.append(RoutingAppender.java:240)
	at org.apache.logging.log4j.core.config.AppenderControl.tryCallAppender(AppenderControl.java:161)
	at org.apache.logging.log4j.core.config.AppenderControl.callAppender0(AppenderControl.java:134)
	at org.apache.logging.log4j.core.config.AppenderControl.callAppenderPreventRecursion(AppenderControl.java:125)
	at org.apache.logging.log4j.core.config.AppenderControl.callAppender(AppenderControl.java:89)
	at org.apache.logging.log4j.core.config.LoggerConfig.callAppenders(LoggerConfig.java:683)
	at org.apache.logging.log4j.core.config.LoggerConfig.processLogEvent(LoggerConfig.java:641)
	at org.apache.logging.log4j.core.config.LoggerConfig.log(LoggerConfig.java:624)
	at org.apache.logging.log4j.core.config.LoggerConfig.log(LoggerConfig.java:560)
	at org.apache.logging.log4j.core.config.AwaitCompletionReliabilityStrategy.log(AwaitCompletionReliabilityStrategy.java:82)
	at org.apache.logging.log4j.core.Logger.log(Logger.java:162)
	at org.apache.logging.log4j.spi.AbstractLogger.logMessage(AbstractLogger.java:2106)
	at org.apache.logging.log4j.internal.DefaultLogBuilder.logMessage(DefaultLogBuilder.java:241)
	at org.apache.logging.log4j.internal.DefaultLogBuilder.log(DefaultLogBuilder.java:162)
	at org.apache.xmlbeans.impl.schema.SchemaTypeSystemImpl.<init>(SchemaTypeSystemImpl.java:206)
	at org.apache.xmlbeans.metadata.system.sXMLCONFIG.TypeSystemHolder.<init>(TypeSystemHolder.java:9)
	at org.apache.xmlbeans.metadata.system.sXMLCONFIG.TypeSystemHolder.<clinit>(TypeSystemHolder.java:6)
	at java.base/java.lang.Class.forName0(Native Method)
	at java.base/java.lang.Class.forName(Class.java:398)
	at org.apache.xmlbeans.impl.schema.SchemaTypeLoaderImpl.build(SchemaTypeLoaderImpl.java:157)
	at org.apache.xmlbeans.impl.schema.SchemaTypeSystemImpl.<init>(SchemaTypeSystemImpl.java:198)
	at org.apache.poi.schemas.ooxml.system.ooxml.TypeSystemHolder.<init>(TypeSystemHolder.java:9)
	at org.apache.poi.schemas.ooxml.system.ooxml.TypeSystemHolder.<clinit>(TypeSystemHolder.java:6)
	at org.openxmlformats.schemas.drawingml.x2006.main.ThemeDocument.<clinit>(ThemeDocument.java:23)
	at org.apache.poi.xssf.model.ThemesTable.readFrom(ThemesTable.java:119)
	at org.apache.poi.xssf.model.ThemesTable.<init>(ThemesTable.java:87)
	at org.apache.poi.ooxml.POIXMLFactory.createDocumentPart(POIXMLFactory.java:61)
	at org.apache.poi.ooxml.POIXMLDocumentPart.read(POIXMLDocumentPart.java:661)
	at org.apache.poi.ooxml.POIXMLDocument.load(POIXMLDocument.java:165)
	at org.apache.poi.xssf.usermodel.XSSFWorkbook.<init>(XSSFWorkbook.java:260)
	at org.apache.poi.xssf.usermodel.XSSFWorkbook.<init>(XSSFWorkbook.java:290)
	at org.apache.poi.xssf.usermodel.XSSFWorkbook.<init>(XSSFWorkbook.java:286)
	at externalResources.ExcelDataRead.<init>(ExcelDataRead.java:22)
	at listeners.AnnotationsTransformer.toBeExecuted(AnnotationsTransformer.java:36)
	at listeners.AnnotationsTransformer.transform(AnnotationsTransformer.java:24)
	at org.testng.internal.annotations.JDK15AnnotationFinder.transform(JDK15AnnotationFinder.java:172)
	at org.testng.internal.annotations.JDK15AnnotationFinder.lambda$findAnnotation$0(JDK15AnnotationFinder.java:279)
	at java.base/java.util.concurrent.ConcurrentHashMap.computeIfAbsent(ConcurrentHashMap.java:1705)
	at org.testng.internal.annotations.JDK15AnnotationFinder.findAnnotation(JDK15AnnotationFinder.java:275)
	at org.testng.internal.annotations.JDK15AnnotationFinder.findAnnotation(JDK15AnnotationFinder.java:113)
	at org.testng.internal.TestNGClassFinder.isTestNGClass(TestNGClassFinder.java:275)
	at org.testng.internal.TestNGClassFinder.isNotTestNGClass(TestNGClassFinder.java:260)
	at org.testng.internal.TestNGClassFinder.processClass(TestNGClassFinder.java:94)
	at org.testng.internal.TestNGClassFinder.<init>(TestNGClassFinder.java:67)
	at org.testng.TestRunner.initMethods(TestRunner.java:442)
	at org.testng.TestRunner.init(TestRunner.java:336)
	at org.testng.TestRunner.init(TestRunner.java:289)
	at org.testng.TestRunner.<init>(TestRunner.java:179)
	at org.testng.SuiteRunner$DefaultTestRunnerFactory.newTestRunner(SuiteRunner.java:643)
	at org.testng.SuiteRunner.init(SuiteRunner.java:225)
	at org.testng.SuiteRunner.<init>(SuiteRunner.java:115)
	at org.testng.TestNG.createSuiteRunner(TestNG.java:1349)
	at org.testng.TestNG.createSuiteRunners(TestNG.java:1325)
	at org.testng.TestNG.runSuitesLocally(TestNG.java:1167)
	at org.testng.TestNG.runSuites(TestNG.java:1099)
	at org.testng.TestNG.run(TestNG.java:1067)
	at org.apache.maven.surefire.testng.TestNGExecutor.run(TestNGExecutor.java:324)
	at org.apache.maven.surefire.testng.TestNGXmlTestSuite.execute(TestNGXmlTestSuite.java:74)
	at org.apache.maven.surefire.testng.TestNGProvider.invoke(TestNGProvider.java:123)
	at org.apache.maven.surefire.booter.ForkedBooter.runSuitesInProcess(ForkedBooter.java:456)
	at org.apache.maven.surefire.booter.ForkedBooter.execute(ForkedBooter.java:169)
	at org.apache.maven.surefire.booter.ForkedBooter.run(ForkedBooter.java:595)
	at org.apache.maven.surefire.booter.ForkedBooter.main(ForkedBooter.java:581)

2023-02-13 11:57:15,558 main ERROR Could not create plugin of type class org.apache.logging.log4j.core.appender.RollingFileAppender for element RollingFile: java.lang.IllegalStateException: ManagerFactory [org.apache.logging.log4j.core.appender.rolling.RollingFileManager$RollingFileManagerFactory@4e6d7365] unable to create manager for [./results/logs/${ctx:threadName}.log] with data [org.apache.logging.log4j.core.appender.rolling.RollingFileManager$FactoryData@38a1c423[pattern=./results/logs/${ctx:threadName}-%d{yyyy-MM-dd}.log, append=true, bufferedIO=true, bufferSize=8192, policy=SizeBasedTriggeringPolicy(size=512000), strategy=DefaultRolloverStrategy(min=1, max=7, useMax=true), advertiseURI=null, layout=%d{HH:mm:ss.SSS} [%t] %-5level %logger{36} - %msg%n, filePermissions=null, fileOwner=null]] java.lang.IllegalStateException: ManagerFactory [org.apache.logging.log4j.core.appender.rolling.RollingFileManager$RollingFileManagerFactory@4e6d7365] unable to create manager for [./results/logs/${ctx:threadName}.log] with data [org.apache.logging.log4j.core.appender.rolling.RollingFileManager$FactoryData@38a1c423[pattern=./results/logs/${ctx:threadName}-%d{yyyy-MM-dd}.log, append=true, bufferedIO=true, bufferSize=8192, policy=SizeBasedTriggeringPolicy(size=512000), strategy=DefaultRolloverStrategy(min=1, max=7, useMax=true), advertiseURI=null, layout=%d{HH:mm:ss.SSS} [%t] %-5level %logger{36} - %msg%n, filePermissions=null, fileOwner=null]]
	at org.apache.logging.log4j.core.appender.AbstractManager.getManager(AbstractManager.java:146)
	at org.apache.logging.log4j.core.appender.OutputStreamManager.getManager(OutputStreamManager.java:100)
	at org.apache.logging.log4j.core.appender.rolling.RollingFileManager.getFileManager(RollingFileManager.java:217)
	at org.apache.logging.log4j.core.appender.RollingFileAppender$Builder.build(RollingFileAppender.java:135)
	at org.apache.logging.log4j.core.appender.RollingFileAppender$Builder.build(RollingFileAppender.java:62)
	at org.apache.logging.log4j.core.config.plugins.util.PluginBuilder.build(PluginBuilder.java:124)
	at org.apache.logging.log4j.core.config.AbstractConfiguration.createPluginObject(AbstractConfiguration.java:1138)
	at org.apache.logging.log4j.core.config.AbstractConfiguration.createConfiguration(AbstractConfiguration.java:1063)
	at org.apache.logging.log4j.core.appender.routing.RoutingAppender.createAppender(RoutingAppender.java:310)
	at org.apache.logging.log4j.core.appender.routing.RoutingAppender.getControl(RoutingAppender.java:282)
	at org.apache.logging.log4j.core.appender.routing.RoutingAppender.append(RoutingAppender.java:240)
	at org.apache.logging.log4j.core.config.AppenderControl.tryCallAppender(AppenderControl.java:161)
	at org.apache.logging.log4j.core.config.AppenderControl.callAppender0(AppenderControl.java:134)
	at org.apache.logging.log4j.core.config.AppenderControl.callAppenderPreventRecursion(AppenderControl.java:125)
	at org.apache.logging.log4j.core.config.AppenderControl.callAppender(AppenderControl.java:89)
	at org.apache.logging.log4j.core.config.LoggerConfig.callAppenders(LoggerConfig.java:683)
	at org.apache.logging.log4j.core.config.LoggerConfig.processLogEvent(LoggerConfig.java:641)
	at org.apache.logging.log4j.core.config.LoggerConfig.log(LoggerConfig.java:624)
	at org.apache.logging.log4j.core.config.LoggerConfig.log(LoggerConfig.java:560)
	at org.apache.logging.log4j.core.config.AwaitCompletionReliabilityStrategy.log(AwaitCompletionReliabilityStrategy.java:82)
	at org.apache.logging.log4j.core.Logger.log(Logger.java:162)
	at org.apache.logging.log4j.spi.AbstractLogger.logMessage(AbstractLogger.java:2106)
	at org.apache.logging.log4j.internal.DefaultLogBuilder.logMessage(DefaultLogBuilder.java:241)
	at org.apache.logging.log4j.internal.DefaultLogBuilder.log(DefaultLogBuilder.java:162)
	at org.apache.xmlbeans.impl.schema.SchemaTypeSystemImpl.<init>(SchemaTypeSystemImpl.java:206)
	at org.apache.xmlbeans.metadata.system.sXMLCONFIG.TypeSystemHolder.<init>(TypeSystemHolder.java:9)
	at org.apache.xmlbeans.metadata.system.sXMLCONFIG.TypeSystemHolder.<clinit>(TypeSystemHolder.java:6)
	at java.base/java.lang.Class.forName0(Native Method)
	at java.base/java.lang.Class.forName(Class.java:398)
	at org.apache.xmlbeans.impl.schema.SchemaTypeLoaderImpl.build(SchemaTypeLoaderImpl.java:157)
	at org.apache.xmlbeans.impl.schema.SchemaTypeSystemImpl.<init>(SchemaTypeSystemImpl.java:198)
	at org.apache.poi.schemas.ooxml.system.ooxml.TypeSystemHolder.<init>(TypeSystemHolder.java:9)
	at org.apache.poi.schemas.ooxml.system.ooxml.TypeSystemHolder.<clinit>(TypeSystemHolder.java:6)
	at org.openxmlformats.schemas.drawingml.x2006.main.ThemeDocument.<clinit>(ThemeDocument.java:23)
	at org.apache.poi.xssf.model.ThemesTable.readFrom(ThemesTable.java:119)
	at org.apache.poi.xssf.model.ThemesTable.<init>(ThemesTable.java:87)
	at org.apache.poi.ooxml.POIXMLFactory.createDocumentPart(POIXMLFactory.java:61)
	at org.apache.poi.ooxml.POIXMLDocumentPart.read(POIXMLDocumentPart.java:661)
	at org.apache.poi.ooxml.POIXMLDocument.load(POIXMLDocument.java:165)
	at org.apache.poi.xssf.usermodel.XSSFWorkbook.<init>(XSSFWorkbook.java:260)
	at org.apache.poi.xssf.usermodel.XSSFWorkbook.<init>(XSSFWorkbook.java:290)
	at org.apache.poi.xssf.usermodel.XSSFWorkbook.<init>(XSSFWorkbook.java:286)
	at externalResources.ExcelDataRead.<init>(ExcelDataRead.java:22)
	at listeners.AnnotationsTransformer.toBeExecuted(AnnotationsTransformer.java:36)
	at listeners.AnnotationsTransformer.transform(AnnotationsTransformer.java:24)
	at org.testng.internal.annotations.JDK15AnnotationFinder.transform(JDK15AnnotationFinder.java:172)
	at org.testng.internal.annotations.JDK15AnnotationFinder.lambda$findAnnotation$0(JDK15AnnotationFinder.java:279)
	at java.base/java.util.concurrent.ConcurrentHashMap.computeIfAbsent(ConcurrentHashMap.java:1705)
	at org.testng.internal.annotations.JDK15AnnotationFinder.findAnnotation(JDK15AnnotationFinder.java:275)
	at org.testng.internal.annotations.JDK15AnnotationFinder.findAnnotation(JDK15AnnotationFinder.java:113)
	at org.testng.internal.TestNGClassFinder.isTestNGClass(TestNGClassFinder.java:275)
	at org.testng.internal.TestNGClassFinder.isNotTestNGClass(TestNGClassFinder.java:260)
	at org.testng.internal.TestNGClassFinder.processClass(TestNGClassFinder.java:94)
	at org.testng.internal.TestNGClassFinder.<init>(TestNGClassFinder.java:67)
	at org.testng.TestRunner.initMethods(TestRunner.java:442)
	at org.testng.TestRunner.init(TestRunner.java:336)
	at org.testng.TestRunner.init(TestRunner.java:289)
	at org.testng.TestRunner.<init>(TestRunner.java:179)
	at org.testng.SuiteRunner$DefaultTestRunnerFactory.newTestRunner(SuiteRunner.java:643)
	at org.testng.SuiteRunner.init(SuiteRunner.java:225)
	at org.testng.SuiteRunner.<init>(SuiteRunner.java:115)
	at org.testng.TestNG.createSuiteRunner(TestNG.java:1349)
	at org.testng.TestNG.createSuiteRunners(TestNG.java:1325)
	at org.testng.TestNG.runSuitesLocally(TestNG.java:1167)
	at org.testng.TestNG.runSuites(TestNG.java:1099)
	at org.testng.TestNG.run(TestNG.java:1067)
	at org.apache.maven.surefire.testng.TestNGExecutor.run(TestNGExecutor.java:324)
	at org.apache.maven.surefire.testng.TestNGXmlTestSuite.execute(TestNGXmlTestSuite.java:74)
	at org.apache.maven.surefire.testng.TestNGProvider.invoke(TestNGProvider.java:123)
	at org.apache.maven.surefire.booter.ForkedBooter.runSuitesInProcess(ForkedBooter.java:456)
	at org.apache.maven.surefire.booter.ForkedBooter.execute(ForkedBooter.java:169)
	at org.apache.maven.surefire.booter.ForkedBooter.run(ForkedBooter.java:595)
	at org.apache.maven.surefire.booter.ForkedBooter.main(ForkedBooter.java:581)

2023-02-13 11:57:15,558 main ERROR Unable to invoke factory method in class org.apache.logging.log4j.core.appender.RollingFileAppender for element RollingFile: java.lang.IllegalStateException: No factory method found for class org.apache.logging.log4j.core.appender.RollingFileAppender java.lang.IllegalStateException: No factory method found for class org.apache.logging.log4j.core.appender.RollingFileAppender
	at org.apache.logging.log4j.core.config.plugins.util.PluginBuilder.findFactoryMethod(PluginBuilder.java:260)
	at org.apache.logging.log4j.core.config.plugins.util.PluginBuilder.build(PluginBuilder.java:136)
	at org.apache.logging.log4j.core.config.AbstractConfiguration.createPluginObject(AbstractConfiguration.java:1138)
	at org.apache.logging.log4j.core.config.AbstractConfiguration.createConfiguration(AbstractConfiguration.java:1063)
	at org.apache.logging.log4j.core.appender.routing.RoutingAppender.createAppender(RoutingAppender.java:310)
	at org.apache.logging.log4j.core.appender.routing.RoutingAppender.getControl(RoutingAppender.java:282)
	at org.apache.logging.log4j.core.appender.routing.RoutingAppender.append(RoutingAppender.java:240)
	at org.apache.logging.log4j.core.config.AppenderControl.tryCallAppender(AppenderControl.java:161)
	at org.apache.logging.log4j.core.config.AppenderControl.callAppender0(AppenderControl.java:134)
	at org.apache.logging.log4j.core.config.AppenderControl.callAppenderPreventRecursion(AppenderControl.java:125)
	at org.apache.logging.log4j.core.config.AppenderControl.callAppender(AppenderControl.java:89)
	at org.apache.logging.log4j.core.config.LoggerConfig.callAppenders(LoggerConfig.java:683)
	at org.apache.logging.log4j.core.config.LoggerConfig.processLogEvent(LoggerConfig.java:641)
	at org.apache.logging.log4j.core.config.LoggerConfig.log(LoggerConfig.java:624)
	at org.apache.logging.log4j.core.config.LoggerConfig.log(LoggerConfig.java:560)
	at org.apache.logging.log4j.core.config.AwaitCompletionReliabilityStrategy.log(AwaitCompletionReliabilityStrategy.java:82)
	at org.apache.logging.log4j.core.Logger.log(Logger.java:162)
	at org.apache.logging.log4j.spi.AbstractLogger.logMessage(AbstractLogger.java:2106)
	at org.apache.logging.log4j.internal.DefaultLogBuilder.logMessage(DefaultLogBuilder.java:241)
	at org.apache.logging.log4j.internal.DefaultLogBuilder.log(DefaultLogBuilder.java:162)
	at org.apache.xmlbeans.impl.schema.SchemaTypeSystemImpl.<init>(SchemaTypeSystemImpl.java:206)
	at org.apache.xmlbeans.metadata.system.sXMLCONFIG.TypeSystemHolder.<init>(TypeSystemHolder.java:9)
	at org.apache.xmlbeans.metadata.system.sXMLCONFIG.TypeSystemHolder.<clinit>(TypeSystemHolder.java:6)
	at java.base/java.lang.Class.forName0(Native Method)
	at java.base/java.lang.Class.forName(Class.java:398)
	at org.apache.xmlbeans.impl.schema.SchemaTypeLoaderImpl.build(SchemaTypeLoaderImpl.java:157)
	at org.apache.xmlbeans.impl.schema.SchemaTypeSystemImpl.<init>(SchemaTypeSystemImpl.java:198)
	at org.apache.poi.schemas.ooxml.system.ooxml.TypeSystemHolder.<init>(TypeSystemHolder.java:9)
	at org.apache.poi.schemas.ooxml.system.ooxml.TypeSystemHolder.<clinit>(TypeSystemHolder.java:6)
	at org.openxmlformats.schemas.drawingml.x2006.main.ThemeDocument.<clinit>(ThemeDocument.java:23)
	at org.apache.poi.xssf.model.ThemesTable.readFrom(ThemesTable.java:119)
	at org.apache.poi.xssf.model.ThemesTable.<init>(ThemesTable.java:87)
	at org.apache.poi.ooxml.POIXMLFactory.createDocumentPart(POIXMLFactory.java:61)
	at org.apache.poi.ooxml.POIXMLDocumentPart.read(POIXMLDocumentPart.java:661)
	at org.apache.poi.ooxml.POIXMLDocument.load(POIXMLDocument.java:165)
	at org.apache.poi.xssf.usermodel.XSSFWorkbook.<init>(XSSFWorkbook.java:260)
	at org.apache.poi.xssf.usermodel.XSSFWorkbook.<init>(XSSFWorkbook.java:290)
	at org.apache.poi.xssf.usermodel.XSSFWorkbook.<init>(XSSFWorkbook.java:286)
	at externalResources.ExcelDataRead.<init>(ExcelDataRead.java:22)
	at listeners.AnnotationsTransformer.toBeExecuted(AnnotationsTransformer.java:36)
	at listeners.AnnotationsTransformer.transform(AnnotationsTransformer.java:24)
	at org.testng.internal.annotations.JDK15AnnotationFinder.transform(JDK15AnnotationFinder.java:172)
	at org.testng.internal.annotations.JDK15AnnotationFinder.lambda$findAnnotation$0(JDK15AnnotationFinder.java:279)
	at java.base/java.util.concurrent.ConcurrentHashMap.computeIfAbsent(ConcurrentHashMap.java:1705)
	at org.testng.internal.annotations.JDK15AnnotationFinder.findAnnotation(JDK15AnnotationFinder.java:275)
	at org.testng.internal.annotations.JDK15AnnotationFinder.findAnnotation(JDK15AnnotationFinder.java:113)
	at org.testng.internal.TestNGClassFinder.isTestNGClass(TestNGClassFinder.java:275)
	at org.testng.internal.TestNGClassFinder.isNotTestNGClass(TestNGClassFinder.java:260)
	at org.testng.internal.TestNGClassFinder.processClass(TestNGClassFinder.java:94)
	at org.testng.internal.TestNGClassFinder.<init>(TestNGClassFinder.java:67)
	at org.testng.TestRunner.initMethods(TestRunner.java:442)
	at org.testng.TestRunner.init(TestRunner.java:336)
	at org.testng.TestRunner.init(TestRunner.java:289)
	at org.testng.TestRunner.<init>(TestRunner.java:179)
	at org.testng.SuiteRunner$DefaultTestRunnerFactory.newTestRunner(SuiteRunner.java:643)
	at org.testng.SuiteRunner.init(SuiteRunner.java:225)
	at org.testng.SuiteRunner.<init>(SuiteRunner.java:115)
	at org.testng.TestNG.createSuiteRunner(TestNG.java:1349)
	at org.testng.TestNG.createSuiteRunners(TestNG.java:1325)
	at org.testng.TestNG.runSuitesLocally(TestNG.java:1167)
	at org.testng.TestNG.runSuites(TestNG.java:1099)
	at org.testng.TestNG.run(TestNG.java:1067)
	at org.apache.maven.surefire.testng.TestNGExecutor.run(TestNGExecutor.java:324)
	at org.apache.maven.surefire.testng.TestNGXmlTestSuite.execute(TestNGXmlTestSuite.java:74)
	at org.apache.maven.surefire.testng.TestNGProvider.invoke(TestNGProvider.java:123)
	at org.apache.maven.surefire.booter.ForkedBooter.runSuitesInProcess(ForkedBooter.java:456)
	at org.apache.maven.surefire.booter.ForkedBooter.execute(ForkedBooter.java:169)
	at org.apache.maven.surefire.booter.ForkedBooter.run(ForkedBooter.java:595)
	at org.apache.maven.surefire.booter.ForkedBooter.main(ForkedBooter.java:581)

2023-02-13 11:57:15,565 main ERROR Unable to create file ./results/logs/${ctx:threadName}.log java.io.IOException: The filename, directory name, or volume label syntax is incorrect
	at java.base/java.io.WinNTFileSystem.canonicalize0(Native Method)
	at java.base/java.io.WinNTFileSystem.canonicalize(WinNTFileSystem.java:483)
	at java.base/java.io.File.getCanonicalPath(File.java:626)
	at java.base/java.io.File.getCanonicalFile(File.java:651)
	at org.apache.logging.log4j.core.util.FileUtils.makeParentDirs(FileUtils.java:139)
	at org.apache.logging.log4j.core.appender.rolling.RollingFileManager$RollingFileManagerFactory.createManager(RollingFileManager.java:734)
	at org.apache.logging.log4j.core.appender.rolling.RollingFileManager$RollingFileManagerFactory.createManager(RollingFileManager.java:718)
	at org.apache.logging.log4j.core.appender.AbstractManager.getManager(AbstractManager.java:144)
	at org.apache.logging.log4j.core.appender.OutputStreamManager.getManager(OutputStreamManager.java:100)
	at org.apache.logging.log4j.core.appender.rolling.RollingFileManager.getFileManager(RollingFileManager.java:217)
	at org.apache.logging.log4j.core.appender.RollingFileAppender$Builder.build(RollingFileAppender.java:135)
	at org.apache.logging.log4j.core.appender.RollingFileAppender$Builder.build(RollingFileAppender.java:62)
	at org.apache.logging.log4j.core.config.plugins.util.PluginBuilder.build(PluginBuilder.java:124)
	at org.apache.logging.log4j.core.config.AbstractConfiguration.createPluginObject(AbstractConfiguration.java:1138)
	at org.apache.logging.log4j.core.config.AbstractConfiguration.createConfiguration(AbstractConfiguration.java:1063)
	at org.apache.logging.log4j.core.appender.routing.RoutingAppender.createAppender(RoutingAppender.java:310)
	at org.apache.logging.log4j.core.appender.routing.RoutingAppender.getControl(RoutingAppender.java:282)
	at org.apache.logging.log4j.core.appender.routing.RoutingAppender.append(RoutingAppender.java:240)
	at org.apache.logging.log4j.core.config.AppenderControl.tryCallAppender(AppenderControl.java:161)
	at org.apache.logging.log4j.core.config.AppenderControl.callAppender0(AppenderControl.java:134)
	at org.apache.logging.log4j.core.config.AppenderControl.callAppenderPreventRecursion(AppenderControl.java:125)
	at org.apache.logging.log4j.core.config.AppenderControl.callAppender(AppenderControl.java:89)
	at org.apache.logging.log4j.core.config.LoggerConfig.callAppenders(LoggerConfig.java:683)
	at org.apache.logging.log4j.core.config.LoggerConfig.processLogEvent(LoggerConfig.java:641)
	at org.apache.logging.log4j.core.config.LoggerConfig.log(LoggerConfig.java:624)
	at org.apache.logging.log4j.core.config.LoggerConfig.log(LoggerConfig.java:560)
	at org.apache.logging.log4j.core.config.AwaitCompletionReliabilityStrategy.log(AwaitCompletionReliabilityStrategy.java:82)
	at org.apache.logging.log4j.core.Logger.log(Logger.java:162)
	at org.apache.logging.log4j.spi.AbstractLogger.logMessage(AbstractLogger.java:2106)
	at org.apache.logging.log4j.internal.DefaultLogBuilder.logMessage(DefaultLogBuilder.java:241)
	at org.apache.logging.log4j.internal.DefaultLogBuilder.log(DefaultLogBuilder.java:162)
	at org.apache.xmlbeans.impl.schema.SchemaTypeSystemImpl.initFromHeader(SchemaTypeSystemImpl.java:231)
	at org.apache.xmlbeans.impl.schema.SchemaTypeSystemImpl.<init>(SchemaTypeSystemImpl.java:201)
	at org.apache.poi.schemas.ooxml.system.ooxml.TypeSystemHolder.<init>(TypeSystemHolder.java:9)
	at org.apache.poi.schemas.ooxml.system.ooxml.TypeSystemHolder.<clinit>(TypeSystemHolder.java:6)
	at org.openxmlformats.schemas.drawingml.x2006.main.ThemeDocument.<clinit>(ThemeDocument.java:23)
	at org.apache.poi.xssf.model.ThemesTable.readFrom(ThemesTable.java:119)
	at org.apache.poi.xssf.model.ThemesTable.<init>(ThemesTable.java:87)
	at org.apache.poi.ooxml.POIXMLFactory.createDocumentPart(POIXMLFactory.java:61)
	at org.apache.poi.ooxml.POIXMLDocumentPart.read(POIXMLDocumentPart.java:661)
	at org.apache.poi.ooxml.POIXMLDocument.load(POIXMLDocument.java:165)
	at org.apache.poi.xssf.usermodel.XSSFWorkbook.<init>(XSSFWorkbook.java:260)
	at org.apache.poi.xssf.usermodel.XSSFWorkbook.<init>(XSSFWorkbook.java:290)
	at org.apache.poi.xssf.usermodel.XSSFWorkbook.<init>(XSSFWorkbook.java:286)
	at externalResources.ExcelDataRead.<init>(ExcelDataRead.java:22)
	at listeners.AnnotationsTransformer.toBeExecuted(AnnotationsTransformer.java:36)
	at listeners.AnnotationsTransformer.transform(AnnotationsTransformer.java:24)
	at org.testng.internal.annotations.JDK15AnnotationFinder.transform(JDK15AnnotationFinder.java:172)
	at org.testng.internal.annotations.JDK15AnnotationFinder.lambda$findAnnotation$0(JDK15AnnotationFinder.java:279)
	at java.base/java.util.concurrent.ConcurrentHashMap.computeIfAbsent(ConcurrentHashMap.java:1705)
	at org.testng.internal.annotations.JDK15AnnotationFinder.findAnnotation(JDK15AnnotationFinder.java:275)
	at org.testng.internal.annotations.JDK15AnnotationFinder.findAnnotation(JDK15AnnotationFinder.java:113)
	at org.testng.internal.TestNGClassFinder.isTestNGClass(TestNGClassFinder.java:275)
	at org.testng.internal.TestNGClassFinder.isNotTestNGClass(TestNGClassFinder.java:260)
	at org.testng.internal.TestNGClassFinder.processClass(TestNGClassFinder.java:94)
	at org.testng.internal.TestNGClassFinder.<init>(TestNGClassFinder.java:67)
	at org.testng.TestRunner.initMethods(TestRunner.java:442)
	at org.testng.TestRunner.init(TestRunner.java:336)
	at org.testng.TestRunner.init(TestRunner.java:289)
	at org.testng.TestRunner.<init>(TestRunner.java:179)
	at org.testng.SuiteRunner$DefaultTestRunnerFactory.newTestRunner(SuiteRunner.java:643)
	at org.testng.SuiteRunner.init(SuiteRunner.java:225)
	at org.testng.SuiteRunner.<init>(SuiteRunner.java:115)
	at org.testng.TestNG.createSuiteRunner(TestNG.java:1349)
	at org.testng.TestNG.createSuiteRunners(TestNG.java:1325)
	at org.testng.TestNG.runSuitesLocally(TestNG.java:1167)
	at org.testng.TestNG.runSuites(TestNG.java:1099)
	at org.testng.TestNG.run(TestNG.java:1067)
	at org.apache.maven.surefire.testng.TestNGExecutor.run(TestNGExecutor.java:324)
	at org.apache.maven.surefire.testng.TestNGXmlTestSuite.execute(TestNGXmlTestSuite.java:74)
	at org.apache.maven.surefire.testng.TestNGProvider.invoke(TestNGProvider.java:123)
	at org.apache.maven.surefire.booter.ForkedBooter.runSuitesInProcess(ForkedBooter.java:456)
	at org.apache.maven.surefire.booter.ForkedBooter.execute(ForkedBooter.java:169)
	at org.apache.maven.surefire.booter.ForkedBooter.run(ForkedBooter.java:595)
	at org.apache.maven.surefire.booter.ForkedBooter.main(ForkedBooter.java:581)

2023-02-13 11:57:15,566 main ERROR Could not create plugin of type class org.apache.logging.log4j.core.appender.RollingFileAppender for element RollingFile: java.lang.IllegalStateException: ManagerFactory [org.apache.logging.log4j.core.appender.rolling.RollingFileManager$RollingFileManagerFactory@4e6d7365] unable to create manager for [./results/logs/${ctx:threadName}.log] with data [org.apache.logging.log4j.core.appender.rolling.RollingFileManager$FactoryData@5bb7643d[pattern=./results/logs/${ctx:threadName}-%d{yyyy-MM-dd}.log, append=true, bufferedIO=true, bufferSize=8192, policy=SizeBasedTriggeringPolicy(size=512000), strategy=DefaultRolloverStrategy(min=1, max=7, useMax=true), advertiseURI=null, layout=%d{HH:mm:ss.SSS} [%t] %-5level %logger{36} - %msg%n, filePermissions=null, fileOwner=null]] java.lang.IllegalStateException: ManagerFactory [org.apache.logging.log4j.core.appender.rolling.RollingFileManager$RollingFileManagerFactory@4e6d7365] unable to create manager for [./results/logs/${ctx:threadName}.log] with data [org.apache.logging.log4j.core.appender.rolling.RollingFileManager$FactoryData@5bb7643d[pattern=./results/logs/${ctx:threadName}-%d{yyyy-MM-dd}.log, append=true, bufferedIO=true, bufferSize=8192, policy=SizeBasedTriggeringPolicy(size=512000), strategy=DefaultRolloverStrategy(min=1, max=7, useMax=true), advertiseURI=null, layout=%d{HH:mm:ss.SSS} [%t] %-5level %logger{36} - %msg%n, filePermissions=null, fileOwner=null]]
	at org.apache.logging.log4j.core.appender.AbstractManager.getManager(AbstractManager.java:146)
	at org.apache.logging.log4j.core.appender.OutputStreamManager.getManager(OutputStreamManager.java:100)
	at org.apache.logging.log4j.core.appender.rolling.RollingFileManager.getFileManager(RollingFileManager.java:217)
	at org.apache.logging.log4j.core.appender.RollingFileAppender$Builder.build(RollingFileAppender.java:135)
	at org.apache.logging.log4j.core.appender.RollingFileAppender$Builder.build(RollingFileAppender.java:62)
	at org.apache.logging.log4j.core.config.plugins.util.PluginBuilder.build(PluginBuilder.java:124)
	at org.apache.logging.log4j.core.config.AbstractConfiguration.createPluginObject(AbstractConfiguration.java:1138)
	at org.apache.logging.log4j.core.config.AbstractConfiguration.createConfiguration(AbstractConfiguration.java:1063)
	at org.apache.logging.log4j.core.appender.routing.RoutingAppender.createAppender(RoutingAppender.java:310)
	at org.apache.logging.log4j.core.appender.routing.RoutingAppender.getControl(RoutingAppender.java:282)
	at org.apache.logging.log4j.core.appender.routing.RoutingAppender.append(RoutingAppender.java:240)
	at org.apache.logging.log4j.core.config.AppenderControl.tryCallAppender(AppenderControl.java:161)
	at org.apache.logging.log4j.core.config.AppenderControl.callAppender0(AppenderControl.java:134)
	at org.apache.logging.log4j.core.config.AppenderControl.callAppenderPreventRecursion(AppenderControl.java:125)
	at org.apache.logging.log4j.core.config.AppenderControl.callAppender(AppenderControl.java:89)
	at org.apache.logging.log4j.core.config.LoggerConfig.callAppenders(LoggerConfig.java:683)
	at org.apache.logging.log4j.core.config.LoggerConfig.processLogEvent(LoggerConfig.java:641)
	at org.apache.logging.log4j.core.config.LoggerConfig.log(LoggerConfig.java:624)
	at org.apache.logging.log4j.core.config.LoggerConfig.log(LoggerConfig.java:560)
	at org.apache.logging.log4j.core.config.AwaitCompletionReliabilityStrategy.log(AwaitCompletionReliabilityStrategy.java:82)
	at org.apache.logging.log4j.core.Logger.log(Logger.java:162)
	at org.apache.logging.log4j.spi.AbstractLogger.logMessage(AbstractLogger.java:2106)
	at org.apache.logging.log4j.internal.DefaultLogBuilder.logMessage(DefaultLogBuilder.java:241)
	at org.apache.logging.log4j.internal.DefaultLogBuilder.log(DefaultLogBuilder.java:162)
	at org.apache.xmlbeans.impl.schema.SchemaTypeSystemImpl.initFromHeader(SchemaTypeSystemImpl.java:231)
	at org.apache.xmlbeans.impl.schema.SchemaTypeSystemImpl.<init>(SchemaTypeSystemImpl.java:201)
	at org.apache.poi.schemas.ooxml.system.ooxml.TypeSystemHolder.<init>(TypeSystemHolder.java:9)
	at org.apache.poi.schemas.ooxml.system.ooxml.TypeSystemHolder.<clinit>(TypeSystemHolder.java:6)
	at org.openxmlformats.schemas.drawingml.x2006.main.ThemeDocument.<clinit>(ThemeDocument.java:23)
	at org.apache.poi.xssf.model.ThemesTable.readFrom(ThemesTable.java:119)
	at org.apache.poi.xssf.model.ThemesTable.<init>(ThemesTable.java:87)
	at org.apache.poi.ooxml.POIXMLFactory.createDocumentPart(POIXMLFactory.java:61)
	at org.apache.poi.ooxml.POIXMLDocumentPart.read(POIXMLDocumentPart.java:661)
	at org.apache.poi.ooxml.POIXMLDocument.load(POIXMLDocument.java:165)
	at org.apache.poi.xssf.usermodel.XSSFWorkbook.<init>(XSSFWorkbook.java:260)
	at org.apache.poi.xssf.usermodel.XSSFWorkbook.<init>(XSSFWorkbook.java:290)
	at org.apache.poi.xssf.usermodel.XSSFWorkbook.<init>(XSSFWorkbook.java:286)
	at externalResources.ExcelDataRead.<init>(ExcelDataRead.java:22)
	at listeners.AnnotationsTransformer.toBeExecuted(AnnotationsTransformer.java:36)
	at listeners.AnnotationsTransformer.transform(AnnotationsTransformer.java:24)
	at org.testng.internal.annotations.JDK15AnnotationFinder.transform(JDK15AnnotationFinder.java:172)
	at org.testng.internal.annotations.JDK15AnnotationFinder.lambda$findAnnotation$0(JDK15AnnotationFinder.java:279)
	at java.base/java.util.concurrent.ConcurrentHashMap.computeIfAbsent(ConcurrentHashMap.java:1705)
	at org.testng.internal.annotations.JDK15AnnotationFinder.findAnnotation(JDK15AnnotationFinder.java:275)
	at org.testng.internal.annotations.JDK15AnnotationFinder.findAnnotation(JDK15AnnotationFinder.java:113)
	at org.testng.internal.TestNGClassFinder.isTestNGClass(TestNGClassFinder.java:275)
	at org.testng.internal.TestNGClassFinder.isNotTestNGClass(TestNGClassFinder.java:260)
	at org.testng.internal.TestNGClassFinder.processClass(TestNGClassFinder.java:94)
	at org.testng.internal.TestNGClassFinder.<init>(TestNGClassFinder.java:67)
	at org.testng.TestRunner.initMethods(TestRunner.java:442)
	at org.testng.TestRunner.init(TestRunner.java:336)
	at org.testng.TestRunner.init(TestRunner.java:289)
	at org.testng.TestRunner.<init>(TestRunner.java:179)
	at org.testng.SuiteRunner$DefaultTestRunnerFactory.newTestRunner(SuiteRunner.java:643)
	at org.testng.SuiteRunner.init(SuiteRunner.java:225)
	at org.testng.SuiteRunner.<init>(SuiteRunner.java:115)
	at org.testng.TestNG.createSuiteRunner(TestNG.java:1349)
	at org.testng.TestNG.createSuiteRunners(TestNG.java:1325)
	at org.testng.TestNG.runSuitesLocally(TestNG.java:1167)
	at org.testng.TestNG.runSuites(TestNG.java:1099)
	at org.testng.TestNG.run(TestNG.java:1067)
	at org.apache.maven.surefire.testng.TestNGExecutor.run(TestNGExecutor.java:324)
	at org.apache.maven.surefire.testng.TestNGXmlTestSuite.execute(TestNGXmlTestSuite.java:74)
	at org.apache.maven.surefire.testng.TestNGProvider.invoke(TestNGProvider.java:123)
	at org.apache.maven.surefire.booter.ForkedBooter.runSuitesInProcess(ForkedBooter.java:456)
	at org.apache.maven.surefire.booter.ForkedBooter.execute(ForkedBooter.java:169)
	at org.apache.maven.surefire.booter.ForkedBooter.run(ForkedBooter.java:595)
	at org.apache.maven.surefire.booter.ForkedBooter.main(ForkedBooter.java:581)

2023-02-13 11:57:15,567 main ERROR Unable to invoke factory method in class org.apache.logging.log4j.core.appender.RollingFileAppender for element RollingFile: java.lang.IllegalStateException: No factory method found for class org.apache.logging.log4j.core.appender.RollingFileAppender java.lang.IllegalStateException: No factory method found for class org.apache.logging.log4j.core.appender.RollingFileAppender
	at org.apache.logging.log4j.core.config.plugins.util.PluginBuilder.findFactoryMethod(PluginBuilder.java:260)
	at org.apache.logging.log4j.core.config.plugins.util.PluginBuilder.build(PluginBuilder.java:136)
	at org.apache.logging.log4j.core.config.AbstractConfiguration.createPluginObject(AbstractConfiguration.java:1138)
	at org.apache.logging.log4j.core.config.AbstractConfiguration.createConfiguration(AbstractConfiguration.java:1063)
	at org.apache.logging.log4j.core.appender.routing.RoutingAppender.createAppender(RoutingAppender.java:310)
	at org.apache.logging.log4j.core.appender.routing.RoutingAppender.getControl(RoutingAppender.java:282)
	at org.apache.logging.log4j.core.appender.routing.RoutingAppender.append(RoutingAppender.java:240)
	at org.apache.logging.log4j.core.config.AppenderControl.tryCallAppender(AppenderControl.java:161)
	at org.apache.logging.log4j.core.config.AppenderControl.callAppender0(AppenderControl.java:134)
	at org.apache.logging.log4j.core.config.AppenderControl.callAppenderPreventRecursion(AppenderControl.java:125)
	at org.apache.logging.log4j.core.config.AppenderControl.callAppender(AppenderControl.java:89)
	at org.apache.logging.log4j.core.config.LoggerConfig.callAppenders(LoggerConfig.java:683)
	at org.apache.logging.log4j.core.config.LoggerConfig.processLogEvent(LoggerConfig.java:641)
	at org.apache.logging.log4j.core.config.LoggerConfig.log(LoggerConfig.java:624)
	at org.apache.logging.log4j.core.config.LoggerConfig.log(LoggerConfig.java:560)
	at org.apache.logging.log4j.core.config.AwaitCompletionReliabilityStrategy.log(AwaitCompletionReliabilityStrategy.java:82)
	at org.apache.logging.log4j.core.Logger.log(Logger.java:162)
	at org.apache.logging.log4j.spi.AbstractLogger.logMessage(AbstractLogger.java:2106)
	at org.apache.logging.log4j.internal.DefaultLogBuilder.logMessage(DefaultLogBuilder.java:241)
	at org.apache.logging.log4j.internal.DefaultLogBuilder.log(DefaultLogBuilder.java:162)
	at org.apache.xmlbeans.impl.schema.SchemaTypeSystemImpl.initFromHeader(SchemaTypeSystemImpl.java:231)
	at org.apache.xmlbeans.impl.schema.SchemaTypeSystemImpl.<init>(SchemaTypeSystemImpl.java:201)
	at org.apache.poi.schemas.ooxml.system.ooxml.TypeSystemHolder.<init>(TypeSystemHolder.java:9)
	at org.apache.poi.schemas.ooxml.system.ooxml.TypeSystemHolder.<clinit>(TypeSystemHolder.java:6)
	at org.openxmlformats.schemas.drawingml.x2006.main.ThemeDocument.<clinit>(ThemeDocument.java:23)
	at org.apache.poi.xssf.model.ThemesTable.readFrom(ThemesTable.java:119)
	at org.apache.poi.xssf.model.ThemesTable.<init>(ThemesTable.java:87)
	at org.apache.poi.ooxml.POIXMLFactory.createDocumentPart(POIXMLFactory.java:61)
	at org.apache.poi.ooxml.POIXMLDocumentPart.read(POIXMLDocumentPart.java:661)
	at org.apache.poi.ooxml.POIXMLDocument.load(POIXMLDocument.java:165)
	at org.apache.poi.xssf.usermodel.XSSFWorkbook.<init>(XSSFWorkbook.java:260)
	at org.apache.poi.xssf.usermodel.XSSFWorkbook.<init>(XSSFWorkbook.java:290)
	at org.apache.poi.xssf.usermodel.XSSFWorkbook.<init>(XSSFWorkbook.java:286)
	at externalResources.ExcelDataRead.<init>(ExcelDataRead.java:22)
	at listeners.AnnotationsTransformer.toBeExecuted(AnnotationsTransformer.java:36)
	at listeners.AnnotationsTransformer.transform(AnnotationsTransformer.java:24)
	at org.testng.internal.annotations.JDK15AnnotationFinder.transform(JDK15AnnotationFinder.java:172)
	at org.testng.internal.annotations.JDK15AnnotationFinder.lambda$findAnnotation$0(JDK15AnnotationFinder.java:279)
	at java.base/java.util.concurrent.ConcurrentHashMap.computeIfAbsent(ConcurrentHashMap.java:1705)
	at org.testng.internal.annotations.JDK15AnnotationFinder.findAnnotation(JDK15AnnotationFinder.java:275)
	at org.testng.internal.annotations.JDK15AnnotationFinder.findAnnotation(JDK15AnnotationFinder.java:113)
	at org.testng.internal.TestNGClassFinder.isTestNGClass(TestNGClassFinder.java:275)
	at org.testng.internal.TestNGClassFinder.isNotTestNGClass(TestNGClassFinder.java:260)
	at org.testng.internal.TestNGClassFinder.processClass(TestNGClassFinder.java:94)
	at org.testng.internal.TestNGClassFinder.<init>(TestNGClassFinder.java:67)
	at org.testng.TestRunner.initMethods(TestRunner.java:442)
	at org.testng.TestRunner.init(TestRunner.java:336)
	at org.testng.TestRunner.init(TestRunner.java:289)
	at org.testng.TestRunner.<init>(TestRunner.java:179)
	at org.testng.SuiteRunner$DefaultTestRunnerFactory.newTestRunner(SuiteRunner.java:643)
	at org.testng.SuiteRunner.init(SuiteRunner.java:225)
	at org.testng.SuiteRunner.<init>(SuiteRunner.java:115)
	at org.testng.TestNG.createSuiteRunner(TestNG.java:1349)
	at org.testng.TestNG.createSuiteRunners(TestNG.java:1325)
	at org.testng.TestNG.runSuitesLocally(TestNG.java:1167)
	at org.testng.TestNG.runSuites(TestNG.java:1099)
	at org.testng.TestNG.run(TestNG.java:1067)
	at org.apache.maven.surefire.testng.TestNGExecutor.run(TestNGExecutor.java:324)
	at org.apache.maven.surefire.testng.TestNGXmlTestSuite.execute(TestNGXmlTestSuite.java:74)
	at org.apache.maven.surefire.testng.TestNGProvider.invoke(TestNGProvider.java:123)
	at org.apache.maven.surefire.booter.ForkedBooter.runSuitesInProcess(ForkedBooter.java:456)
	at org.apache.maven.surefire.booter.ForkedBooter.execute(ForkedBooter.java:169)
	at org.apache.maven.surefire.booter.ForkedBooter.run(ForkedBooter.java:595)
	at org.apache.maven.surefire.booter.ForkedBooter.main(ForkedBooter.java:581)

2023-02-13 11:57:15,620 main ERROR Unable to create file ./results/logs/${ctx:threadName}.log java.io.IOException: The filename, directory name, or volume label syntax is incorrect
	at java.base/java.io.WinNTFileSystem.canonicalize0(Native Method)
	at java.base/java.io.WinNTFileSystem.canonicalize(WinNTFileSystem.java:483)
	at java.base/java.io.File.getCanonicalPath(File.java:626)
	at java.base/java.io.File.getCanonicalFile(File.java:651)
	at org.apache.logging.log4j.core.util.FileUtils.makeParentDirs(FileUtils.java:139)
	at org.apache.logging.log4j.core.appender.rolling.RollingFileManager$RollingFileManagerFactory.createManager(RollingFileManager.java:734)
	at org.apache.logging.log4j.core.appender.rolling.RollingFileManager$RollingFileManagerFactory.createManager(RollingFileManager.java:718)
	at org.apache.logging.log4j.core.appender.AbstractManager.getManager(AbstractManager.java:144)
	at org.apache.logging.log4j.core.appender.OutputStreamManager.getManager(OutputStreamManager.java:100)
	at org.apache.logging.log4j.core.appender.rolling.RollingFileManager.getFileManager(RollingFileManager.java:217)
	at org.apache.logging.log4j.core.appender.RollingFileAppender$Builder.build(RollingFileAppender.java:135)
	at org.apache.logging.log4j.core.appender.RollingFileAppender$Builder.build(RollingFileAppender.java:62)
	at org.apache.logging.log4j.core.config.plugins.util.PluginBuilder.build(PluginBuilder.java:124)
	at org.apache.logging.log4j.core.config.AbstractConfiguration.createPluginObject(AbstractConfiguration.java:1138)
	at org.apache.logging.log4j.core.config.AbstractConfiguration.createConfiguration(AbstractConfiguration.java:1063)
	at org.apache.logging.log4j.core.appender.routing.RoutingAppender.createAppender(RoutingAppender.java:310)
	at org.apache.logging.log4j.core.appender.routing.RoutingAppender.getControl(RoutingAppender.java:282)
	at org.apache.logging.log4j.core.appender.routing.RoutingAppender.append(RoutingAppender.java:240)
	at org.apache.logging.log4j.core.config.AppenderControl.tryCallAppender(AppenderControl.java:161)
	at org.apache.logging.log4j.core.config.AppenderControl.callAppender0(AppenderControl.java:134)
	at org.apache.logging.log4j.core.config.AppenderControl.callAppenderPreventRecursion(AppenderControl.java:125)
	at org.apache.logging.log4j.core.config.AppenderControl.callAppender(AppenderControl.java:89)
	at org.apache.logging.log4j.core.config.LoggerConfig.callAppenders(LoggerConfig.java:683)
	at org.apache.logging.log4j.core.config.LoggerConfig.processLogEvent(LoggerConfig.java:641)
	at org.apache.logging.log4j.core.config.LoggerConfig.log(LoggerConfig.java:624)
	at org.apache.logging.log4j.core.config.LoggerConfig.log(LoggerConfig.java:560)
	at org.apache.logging.log4j.core.config.AwaitCompletionReliabilityStrategy.log(AwaitCompletionReliabilityStrategy.java:82)
	at org.apache.logging.log4j.core.Logger.log(Logger.java:162)
	at org.apache.logging.log4j.spi.AbstractLogger.logMessage(AbstractLogger.java:2106)
	at org.apache.logging.log4j.internal.DefaultLogBuilder.logMessage(DefaultLogBuilder.java:241)
	at org.apache.logging.log4j.internal.DefaultLogBuilder.log(DefaultLogBuilder.java:162)
	at org.apache.xmlbeans.impl.schema.SchemaTypeSystemImpl.<init>(SchemaTypeSystemImpl.java:206)
	at org.apache.poi.schemas.ooxml.system.ooxml.TypeSystemHolder.<init>(TypeSystemHolder.java:9)
	at org.apache.poi.schemas.ooxml.system.ooxml.TypeSystemHolder.<clinit>(TypeSystemHolder.java:6)
	at org.openxmlformats.schemas.drawingml.x2006.main.ThemeDocument.<clinit>(ThemeDocument.java:23)
	at org.apache.poi.xssf.model.ThemesTable.readFrom(ThemesTable.java:119)
	at org.apache.poi.xssf.model.ThemesTable.<init>(ThemesTable.java:87)
	at org.apache.poi.ooxml.POIXMLFactory.createDocumentPart(POIXMLFactory.java:61)
	at org.apache.poi.ooxml.POIXMLDocumentPart.read(POIXMLDocumentPart.java:661)
	at org.apache.poi.ooxml.POIXMLDocument.load(POIXMLDocument.java:165)
	at org.apache.poi.xssf.usermodel.XSSFWorkbook.<init>(XSSFWorkbook.java:260)
	at org.apache.poi.xssf.usermodel.XSSFWorkbook.<init>(XSSFWorkbook.java:290)
	at org.apache.poi.xssf.usermodel.XSSFWorkbook.<init>(XSSFWorkbook.java:286)
	at externalResources.ExcelDataRead.<init>(ExcelDataRead.java:22)
	at listeners.AnnotationsTransformer.toBeExecuted(AnnotationsTransformer.java:36)
	at listeners.AnnotationsTransformer.transform(AnnotationsTransformer.java:24)
	at org.testng.internal.annotations.JDK15AnnotationFinder.transform(JDK15AnnotationFinder.java:172)
	at org.testng.internal.annotations.JDK15AnnotationFinder.lambda$findAnnotation$0(JDK15AnnotationFinder.java:279)
	at java.base/java.util.concurrent.ConcurrentHashMap.computeIfAbsent(ConcurrentHashMap.java:1705)
	at org.testng.internal.annotations.JDK15AnnotationFinder.findAnnotation(JDK15AnnotationFinder.java:275)
	at org.testng.internal.annotations.JDK15AnnotationFinder.findAnnotation(JDK15AnnotationFinder.java:113)
	at org.testng.internal.TestNGClassFinder.isTestNGClass(TestNGClassFinder.java:275)
	at org.testng.internal.TestNGClassFinder.isNotTestNGClass(TestNGClassFinder.java:260)
	at org.testng.internal.TestNGClassFinder.processClass(TestNGClassFinder.java:94)
	at org.testng.internal.TestNGClassFinder.<init>(TestNGClassFinder.java:67)
	at org.testng.TestRunner.initMethods(TestRunner.java:442)
	at org.testng.TestRunner.init(TestRunner.java:336)
	at org.testng.TestRunner.init(TestRunner.java:289)
	at org.testng.TestRunner.<init>(TestRunner.java:179)
	at org.testng.SuiteRunner$DefaultTestRunnerFactory.newTestRunner(SuiteRunner.java:643)
	at org.testng.SuiteRunner.init(SuiteRunner.java:225)
	at org.testng.SuiteRunner.<init>(SuiteRunner.java:115)
	at org.testng.TestNG.createSuiteRunner(TestNG.java:1349)
	at org.testng.TestNG.createSuiteRunners(TestNG.java:1325)
	at org.testng.TestNG.runSuitesLocally(TestNG.java:1167)
	at org.testng.TestNG.runSuites(TestNG.java:1099)
	at org.testng.TestNG.run(TestNG.java:1067)
	at org.apache.maven.surefire.testng.TestNGExecutor.run(TestNGExecutor.java:324)
	at org.apache.maven.surefire.testng.TestNGXmlTestSuite.execute(TestNGXmlTestSuite.java:74)
	at org.apache.maven.surefire.testng.TestNGProvider.invoke(TestNGProvider.java:123)
	at org.apache.maven.surefire.booter.ForkedBooter.runSuitesInProcess(ForkedBooter.java:456)
	at org.apache.maven.surefire.booter.ForkedBooter.execute(ForkedBooter.java:169)
	at org.apache.maven.surefire.booter.ForkedBooter.run(ForkedBooter.java:595)
	at org.apache.maven.surefire.booter.ForkedBooter.main(ForkedBooter.java:581)

2023-02-13 11:57:15,621 main ERROR Could not create plugin of type class org.apache.logging.log4j.core.appender.RollingFileAppender for element RollingFile: java.lang.IllegalStateException: ManagerFactory [org.apache.logging.log4j.core.appender.rolling.RollingFileManager$RollingFileManagerFactory@4e6d7365] unable to create manager for [./results/logs/${ctx:threadName}.log] with data [org.apache.logging.log4j.core.appender.rolling.RollingFileManager$FactoryData@766a4535[pattern=./results/logs/${ctx:threadName}-%d{yyyy-MM-dd}.log, append=true, bufferedIO=true, bufferSize=8192, policy=SizeBasedTriggeringPolicy(size=512000), strategy=DefaultRolloverStrategy(min=1, max=7, useMax=true), advertiseURI=null, layout=%d{HH:mm:ss.SSS} [%t] %-5level %logger{36} - %msg%n, filePermissions=null, fileOwner=null]] java.lang.IllegalStateException: ManagerFactory [org.apache.logging.log4j.core.appender.rolling.RollingFileManager$RollingFileManagerFactory@4e6d7365] unable to create manager for [./results/logs/${ctx:threadName}.log] with data [org.apache.logging.log4j.core.appender.rolling.RollingFileManager$FactoryData@766a4535[pattern=./results/logs/${ctx:threadName}-%d{yyyy-MM-dd}.log, append=true, bufferedIO=true, bufferSize=8192, policy=SizeBasedTriggeringPolicy(size=512000), strategy=DefaultRolloverStrategy(min=1, max=7, useMax=true), advertiseURI=null, layout=%d{HH:mm:ss.SSS} [%t] %-5level %logger{36} - %msg%n, filePermissions=null, fileOwner=null]]
	at org.apache.logging.log4j.core.appender.AbstractManager.getManager(AbstractManager.java:146)
	at org.apache.logging.log4j.core.appender.OutputStreamManager.getManager(OutputStreamManager.java:100)
	at org.apache.logging.log4j.core.appender.rolling.RollingFileManager.getFileManager(RollingFileManager.java:217)
	at org.apache.logging.log4j.core.appender.RollingFileAppender$Builder.build(RollingFileAppender.java:135)
	at org.apache.logging.log4j.core.appender.RollingFileAppender$Builder.build(RollingFileAppender.java:62)
	at org.apache.logging.log4j.core.config.plugins.util.PluginBuilder.build(PluginBuilder.java:124)
	at org.apache.logging.log4j.core.config.AbstractConfiguration.createPluginObject(AbstractConfiguration.java:1138)
	at org.apache.logging.log4j.core.config.AbstractConfiguration.createConfiguration(AbstractConfiguration.java:1063)
	at org.apache.logging.log4j.core.appender.routing.RoutingAppender.createAppender(RoutingAppender.java:310)
	at org.apache.logging.log4j.core.appender.routing.RoutingAppender.getControl(RoutingAppender.java:282)
	at org.apache.logging.log4j.core.appender.routing.RoutingAppender.append(RoutingAppender.java:240)
	at org.apache.logging.log4j.core.config.AppenderControl.tryCallAppender(AppenderControl.java:161)
	at org.apache.logging.log4j.core.config.AppenderControl.callAppender0(AppenderControl.java:134)
	at org.apache.logging.log4j.core.config.AppenderControl.callAppenderPreventRecursion(AppenderControl.java:125)
	at org.apache.logging.log4j.core.config.AppenderControl.callAppender(AppenderControl.java:89)
	at org.apache.logging.log4j.core.config.LoggerConfig.callAppenders(LoggerConfig.java:683)
	at org.apache.logging.log4j.core.config.LoggerConfig.processLogEvent(LoggerConfig.java:641)
	at org.apache.logging.log4j.core.config.LoggerConfig.log(LoggerConfig.java:624)
	at org.apache.logging.log4j.core.config.LoggerConfig.log(LoggerConfig.java:560)
	at org.apache.logging.log4j.core.config.AwaitCompletionReliabilityStrategy.log(AwaitCompletionReliabilityStrategy.java:82)
	at org.apache.logging.log4j.core.Logger.log(Logger.java:162)
	at org.apache.logging.log4j.spi.AbstractLogger.logMessage(AbstractLogger.java:2106)
	at org.apache.logging.log4j.internal.DefaultLogBuilder.logMessage(DefaultLogBuilder.java:241)
	at org.apache.logging.log4j.internal.DefaultLogBuilder.log(DefaultLogBuilder.java:162)
	at org.apache.xmlbeans.impl.schema.SchemaTypeSystemImpl.<init>(SchemaTypeSystemImpl.java:206)
	at org.apache.poi.schemas.ooxml.system.ooxml.TypeSystemHolder.<init>(TypeSystemHolder.java:9)
	at org.apache.poi.schemas.ooxml.system.ooxml.TypeSystemHolder.<clinit>(TypeSystemHolder.java:6)
	at org.openxmlformats.schemas.drawingml.x2006.main.ThemeDocument.<clinit>(ThemeDocument.java:23)
	at org.apache.poi.xssf.model.ThemesTable.readFrom(ThemesTable.java:119)
	at org.apache.poi.xssf.model.ThemesTable.<init>(ThemesTable.java:87)
	at org.apache.poi.ooxml.POIXMLFactory.createDocumentPart(POIXMLFactory.java:61)
	at org.apache.poi.ooxml.POIXMLDocumentPart.read(POIXMLDocumentPart.java:661)
	at org.apache.poi.ooxml.POIXMLDocument.load(POIXMLDocument.java:165)
	at org.apache.poi.xssf.usermodel.XSSFWorkbook.<init>(XSSFWorkbook.java:260)
	at org.apache.poi.xssf.usermodel.XSSFWorkbook.<init>(XSSFWorkbook.java:290)
	at org.apache.poi.xssf.usermodel.XSSFWorkbook.<init>(XSSFWorkbook.java:286)
	at externalResources.ExcelDataRead.<init>(ExcelDataRead.java:22)
	at listeners.AnnotationsTransformer.toBeExecuted(AnnotationsTransformer.java:36)
	at listeners.AnnotationsTransformer.transform(AnnotationsTransformer.java:24)
	at org.testng.internal.annotations.JDK15AnnotationFinder.transform(JDK15AnnotationFinder.java:172)
	at org.testng.internal.annotations.JDK15AnnotationFinder.lambda$findAnnotation$0(JDK15AnnotationFinder.java:279)
	at java.base/java.util.concurrent.ConcurrentHashMap.computeIfAbsent(ConcurrentHashMap.java:1705)
	at org.testng.internal.annotations.JDK15AnnotationFinder.findAnnotation(JDK15AnnotationFinder.java:275)
	at org.testng.internal.annotations.JDK15AnnotationFinder.findAnnotation(JDK15AnnotationFinder.java:113)
	at org.testng.internal.TestNGClassFinder.isTestNGClass(TestNGClassFinder.java:275)
	at org.testng.internal.TestNGClassFinder.isNotTestNGClass(TestNGClassFinder.java:260)
	at org.testng.internal.TestNGClassFinder.processClass(TestNGClassFinder.java:94)
	at org.testng.internal.TestNGClassFinder.<init>(TestNGClassFinder.java:67)
	at org.testng.TestRunner.initMethods(TestRunner.java:442)
	at org.testng.TestRunner.init(TestRunner.java:336)
	at org.testng.TestRunner.init(TestRunner.java:289)
	at org.testng.TestRunner.<init>(TestRunner.java:179)
	at org.testng.SuiteRunner$DefaultTestRunnerFactory.newTestRunner(SuiteRunner.java:643)
	at org.testng.SuiteRunner.init(SuiteRunner.java:225)
	at org.testng.SuiteRunner.<init>(SuiteRunner.java:115)
	at org.testng.TestNG.createSuiteRunner(TestNG.java:1349)
	at org.testng.TestNG.createSuiteRunners(TestNG.java:1325)
	at org.testng.TestNG.runSuitesLocally(TestNG.java:1167)
	at org.testng.TestNG.runSuites(TestNG.java:1099)
	at org.testng.TestNG.run(TestNG.java:1067)
	at org.apache.maven.surefire.testng.TestNGExecutor.run(TestNGExecutor.java:324)
	at org.apache.maven.surefire.testng.TestNGXmlTestSuite.execute(TestNGXmlTestSuite.java:74)
	at org.apache.maven.surefire.testng.TestNGProvider.invoke(TestNGProvider.java:123)
	at org.apache.maven.surefire.booter.ForkedBooter.runSuitesInProcess(ForkedBooter.java:456)
	at org.apache.maven.surefire.booter.ForkedBooter.execute(ForkedBooter.java:169)
	at org.apache.maven.surefire.booter.ForkedBooter.run(ForkedBooter.java:595)
	at org.apache.maven.surefire.booter.ForkedBooter.main(ForkedBooter.java:581)

2023-02-13 11:57:15,621 main ERROR Unable to invoke factory method in class org.apache.logging.log4j.core.appender.RollingFileAppender for element RollingFile: java.lang.IllegalStateException: No factory method found for class org.apache.logging.log4j.core.appender.RollingFileAppender java.lang.IllegalStateException: No factory method found for class org.apache.logging.log4j.core.appender.RollingFileAppender
	at org.apache.logging.log4j.core.config.plugins.util.PluginBuilder.findFactoryMethod(PluginBuilder.java:260)
	at org.apache.logging.log4j.core.config.plugins.util.PluginBuilder.build(PluginBuilder.java:136)
	at org.apache.logging.log4j.core.config.AbstractConfiguration.createPluginObject(AbstractConfiguration.java:1138)
	at org.apache.logging.log4j.core.config.AbstractConfiguration.createConfiguration(AbstractConfiguration.java:1063)
	at org.apache.logging.log4j.core.appender.routing.RoutingAppender.createAppender(RoutingAppender.java:310)
	at org.apache.logging.log4j.core.appender.routing.RoutingAppender.getControl(RoutingAppender.java:282)
	at org.apache.logging.log4j.core.appender.routing.RoutingAppender.append(RoutingAppender.java:240)
	at org.apache.logging.log4j.core.config.AppenderControl.tryCallAppender(AppenderControl.java:161)
	at org.apache.logging.log4j.core.config.AppenderControl.callAppender0(AppenderControl.java:134)
	at org.apache.logging.log4j.core.config.AppenderControl.callAppenderPreventRecursion(AppenderControl.java:125)
	at org.apache.logging.log4j.core.config.AppenderControl.callAppender(AppenderControl.java:89)
	at org.apache.logging.log4j.core.config.LoggerConfig.callAppenders(LoggerConfig.java:683)
	at org.apache.logging.log4j.core.config.LoggerConfig.processLogEvent(LoggerConfig.java:641)
	at org.apache.logging.log4j.core.config.LoggerConfig.log(LoggerConfig.java:624)
	at org.apache.logging.log4j.core.config.LoggerConfig.log(LoggerConfig.java:560)
	at org.apache.logging.log4j.core.config.AwaitCompletionReliabilityStrategy.log(AwaitCompletionReliabilityStrategy.java:82)
	at org.apache.logging.log4j.core.Logger.log(Logger.java:162)
	at org.apache.logging.log4j.spi.AbstractLogger.logMessage(AbstractLogger.java:2106)
	at org.apache.logging.log4j.internal.DefaultLogBuilder.logMessage(DefaultLogBuilder.java:241)
	at org.apache.logging.log4j.internal.DefaultLogBuilder.log(DefaultLogBuilder.java:162)
	at org.apache.xmlbeans.impl.schema.SchemaTypeSystemImpl.<init>(SchemaTypeSystemImpl.java:206)
	at org.apache.poi.schemas.ooxml.system.ooxml.TypeSystemHolder.<init>(TypeSystemHolder.java:9)
	at org.apache.poi.schemas.ooxml.system.ooxml.TypeSystemHolder.<clinit>(TypeSystemHolder.java:6)
	at org.openxmlformats.schemas.drawingml.x2006.main.ThemeDocument.<clinit>(ThemeDocument.java:23)
	at org.apache.poi.xssf.model.ThemesTable.readFrom(ThemesTable.java:119)
	at org.apache.poi.xssf.model.ThemesTable.<init>(ThemesTable.java:87)
	at org.apache.poi.ooxml.POIXMLFactory.createDocumentPart(POIXMLFactory.java:61)
	at org.apache.poi.ooxml.POIXMLDocumentPart.read(POIXMLDocumentPart.java:661)
	at org.apache.poi.ooxml.POIXMLDocument.load(POIXMLDocument.java:165)
	at org.apache.poi.xssf.usermodel.XSSFWorkbook.<init>(XSSFWorkbook.java:260)
	at org.apache.poi.xssf.usermodel.XSSFWorkbook.<init>(XSSFWorkbook.java:290)
	at org.apache.poi.xssf.usermodel.XSSFWorkbook.<init>(XSSFWorkbook.java:286)
	at externalResources.ExcelDataRead.<init>(ExcelDataRead.java:22)
	at listeners.AnnotationsTransformer.toBeExecuted(AnnotationsTransformer.java:36)
	at listeners.AnnotationsTransformer.transform(AnnotationsTransformer.java:24)
	at org.testng.internal.annotations.JDK15AnnotationFinder.transform(JDK15AnnotationFinder.java:172)
	at org.testng.internal.annotations.JDK15AnnotationFinder.lambda$findAnnotation$0(JDK15AnnotationFinder.java:279)
	at java.base/java.util.concurrent.ConcurrentHashMap.computeIfAbsent(ConcurrentHashMap.java:1705)
	at org.testng.internal.annotations.JDK15AnnotationFinder.findAnnotation(JDK15AnnotationFinder.java:275)
	at org.testng.internal.annotations.JDK15AnnotationFinder.findAnnotation(JDK15AnnotationFinder.java:113)
	at org.testng.internal.TestNGClassFinder.isTestNGClass(TestNGClassFinder.java:275)
	at org.testng.internal.TestNGClassFinder.isNotTestNGClass(TestNGClassFinder.java:260)
	at org.testng.internal.TestNGClassFinder.processClass(TestNGClassFinder.java:94)
	at org.testng.internal.TestNGClassFinder.<init>(TestNGClassFinder.java:67)
	at org.testng.TestRunner.initMethods(TestRunner.java:442)
	at org.testng.TestRunner.init(TestRunner.java:336)
	at org.testng.TestRunner.init(TestRunner.java:289)
	at org.testng.TestRunner.<init>(TestRunner.java:179)
	at org.testng.SuiteRunner$DefaultTestRunnerFactory.newTestRunner(SuiteRunner.java:643)
	at org.testng.SuiteRunner.init(SuiteRunner.java:225)
	at org.testng.SuiteRunner.<init>(SuiteRunner.java:115)
	at org.testng.TestNG.createSuiteRunner(TestNG.java:1349)
	at org.testng.TestNG.createSuiteRunners(TestNG.java:1325)
	at org.testng.TestNG.runSuitesLocally(TestNG.java:1167)
	at org.testng.TestNG.runSuites(TestNG.java:1099)
	at org.testng.TestNG.run(TestNG.java:1067)
	at org.apache.maven.surefire.testng.TestNGExecutor.run(TestNGExecutor.java:324)
	at org.apache.maven.surefire.testng.TestNGXmlTestSuite.execute(TestNGXmlTestSuite.java:74)
	at org.apache.maven.surefire.testng.TestNGProvider.invoke(TestNGProvider.java:123)
	at org.apache.maven.surefire.booter.ForkedBooter.runSuitesInProcess(ForkedBooter.java:456)
	at org.apache.maven.surefire.booter.ForkedBooter.execute(ForkedBooter.java:169)
	at org.apache.maven.surefire.booter.ForkedBooter.run(ForkedBooter.java:595)
	at org.apache.maven.surefire.booter.ForkedBooter.main(ForkedBooter.java:581)

2023-02-13 11:57:15,625 main ERROR Unable to create file ./results/logs/${ctx:threadName}.log java.io.IOException: The filename, directory name, or volume label syntax is incorrect
	at java.base/java.io.WinNTFileSystem.canonicalize0(Native Method)
	at java.base/java.io.WinNTFileSystem.canonicalize(WinNTFileSystem.java:483)
	at java.base/java.io.File.getCanonicalPath(File.java:626)
	at java.base/java.io.File.getCanonicalFile(File.java:651)
	at org.apache.logging.log4j.core.util.FileUtils.makeParentDirs(FileUtils.java:139)
	at org.apache.logging.log4j.core.appender.rolling.RollingFileManager$RollingFileManagerFactory.createManager(RollingFileManager.java:734)
	at org.apache.logging.log4j.core.appender.rolling.RollingFileManager$RollingFileManagerFactory.createManager(RollingFileManager.java:718)
	at org.apache.logging.log4j.core.appender.AbstractManager.getManager(AbstractManager.java:144)
	at org.apache.logging.log4j.core.appender.OutputStreamManager.getManager(OutputStreamManager.java:100)
	at org.apache.logging.log4j.core.appender.rolling.RollingFileManager.getFileManager(RollingFileManager.java:217)
	at org.apache.logging.log4j.core.appender.RollingFileAppender$Builder.build(RollingFileAppender.java:135)
	at org.apache.logging.log4j.core.appender.RollingFileAppender$Builder.build(RollingFileAppender.java:62)
	at org.apache.logging.log4j.core.config.plugins.util.PluginBuilder.build(PluginBuilder.java:124)
	at org.apache.logging.log4j.core.config.AbstractConfiguration.createPluginObject(AbstractConfiguration.java:1138)
	at org.apache.logging.log4j.core.config.AbstractConfiguration.createConfiguration(AbstractConfiguration.java:1063)
	at org.apache.logging.log4j.core.appender.routing.RoutingAppender.createAppender(RoutingAppender.java:310)
	at org.apache.logging.log4j.core.appender.routing.RoutingAppender.getControl(RoutingAppender.java:282)
	at org.apache.logging.log4j.core.appender.routing.RoutingAppender.append(RoutingAppender.java:240)
	at org.apache.logging.log4j.core.config.AppenderControl.tryCallAppender(AppenderControl.java:161)
	at org.apache.logging.log4j.core.config.AppenderControl.callAppender0(AppenderControl.java:134)
	at org.apache.logging.log4j.core.config.AppenderControl.callAppenderPreventRecursion(AppenderControl.java:125)
	at org.apache.logging.log4j.core.config.AppenderControl.callAppender(AppenderControl.java:89)
	at org.apache.logging.log4j.core.config.LoggerConfig.callAppenders(LoggerConfig.java:683)
	at org.apache.logging.log4j.core.config.LoggerConfig.processLogEvent(LoggerConfig.java:641)
	at org.apache.logging.log4j.core.config.LoggerConfig.log(LoggerConfig.java:624)
	at org.apache.logging.log4j.core.config.LoggerConfig.log(LoggerConfig.java:560)
	at org.apache.logging.log4j.core.config.AwaitCompletionReliabilityStrategy.log(AwaitCompletionReliabilityStrategy.java:82)
	at org.apache.logging.log4j.core.Logger.log(Logger.java:162)
	at org.apache.logging.log4j.spi.AbstractLogger.logMessage(AbstractLogger.java:2106)
	at org.apache.logging.log4j.internal.DefaultLogBuilder.logMessage(DefaultLogBuilder.java:241)
	at org.apache.logging.log4j.internal.DefaultLogBuilder.log(DefaultLogBuilder.java:162)
	at org.apache.xmlbeans.impl.schema.SchemaTypeSystemImpl.resolveHandle(SchemaTypeSystemImpl.java:935)
	at org.apache.xmlbeans.impl.schema.ElementFactory.<init>(ElementFactory.java:29)
	at org.apache.xmlbeans.impl.schema.AbstractDocumentFactory.<init>(AbstractDocumentFactory.java:33)
	at org.apache.xmlbeans.impl.schema.DocumentFactory.<init>(DocumentFactory.java:23)
	at org.openxmlformats.schemas.drawingml.x2006.main.ThemeDocument.<clinit>(ThemeDocument.java:23)
	at org.apache.poi.xssf.model.ThemesTable.readFrom(ThemesTable.java:119)
	at org.apache.poi.xssf.model.ThemesTable.<init>(ThemesTable.java:87)
	at org.apache.poi.ooxml.POIXMLFactory.createDocumentPart(POIXMLFactory.java:61)
	at org.apache.poi.ooxml.POIXMLDocumentPart.read(POIXMLDocumentPart.java:661)
	at org.apache.poi.ooxml.POIXMLDocument.load(POIXMLDocument.java:165)
	at org.apache.poi.xssf.usermodel.XSSFWorkbook.<init>(XSSFWorkbook.java:260)
	at org.apache.poi.xssf.usermodel.XSSFWorkbook.<init>(XSSFWorkbook.java:290)
	at org.apache.poi.xssf.usermodel.XSSFWorkbook.<init>(XSSFWorkbook.java:286)
	at externalResources.ExcelDataRead.<init>(ExcelDataRead.java:22)
	at listeners.AnnotationsTransformer.toBeExecuted(AnnotationsTransformer.java:36)
	at listeners.AnnotationsTransformer.transform(AnnotationsTransformer.java:24)
	at org.testng.internal.annotations.JDK15AnnotationFinder.transform(JDK15AnnotationFinder.java:172)
	at org.testng.internal.annotations.JDK15AnnotationFinder.lambda$findAnnotation$0(JDK15AnnotationFinder.java:279)
	at java.base/java.util.concurrent.ConcurrentHashMap.computeIfAbsent(ConcurrentHashMap.java:1705)
	at org.testng.internal.annotations.JDK15AnnotationFinder.findAnnotation(JDK15AnnotationFinder.java:275)
	at org.testng.internal.annotations.JDK15AnnotationFinder.findAnnotation(JDK15AnnotationFinder.java:113)
	at org.testng.internal.TestNGClassFinder.isTestNGClass(TestNGClassFinder.java:275)
	at org.testng.internal.TestNGClassFinder.isNotTestNGClass(TestNGClassFinder.java:260)
	at org.testng.internal.TestNGClassFinder.processClass(TestNGClassFinder.java:94)
	at org.testng.internal.TestNGClassFinder.<init>(TestNGClassFinder.java:67)
	at org.testng.TestRunner.initMethods(TestRunner.java:442)
	at org.testng.TestRunner.init(TestRunner.java:336)
	at org.testng.TestRunner.init(TestRunner.java:289)
	at org.testng.TestRunner.<init>(TestRunner.java:179)
	at org.testng.SuiteRunner$DefaultTestRunnerFactory.newTestRunner(SuiteRunner.java:643)
	at org.testng.SuiteRunner.init(SuiteRunner.java:225)
	at org.testng.SuiteRunner.<init>(SuiteRunner.java:115)
	at org.testng.TestNG.createSuiteRunner(TestNG.java:1349)
	at org.testng.TestNG.createSuiteRunners(TestNG.java:1325)
	at org.testng.TestNG.runSuitesLocally(TestNG.java:1167)
	at org.testng.TestNG.runSuites(TestNG.java:1099)
	at org.testng.TestNG.run(TestNG.java:1067)
	at org.apache.maven.surefire.testng.TestNGExecutor.run(TestNGExecutor.java:324)
	at org.apache.maven.surefire.testng.TestNGXmlTestSuite.execute(TestNGXmlTestSuite.java:74)
	at org.apache.maven.surefire.testng.TestNGProvider.invoke(TestNGProvider.java:123)
	at org.apache.maven.surefire.booter.ForkedBooter.runSuitesInProcess(ForkedBooter.java:456)
	at org.apache.maven.surefire.booter.ForkedBooter.execute(ForkedBooter.java:169)
	at org.apache.maven.surefire.booter.ForkedBooter.run(ForkedBooter.java:595)
	at org.apache.maven.surefire.booter.ForkedBooter.main(ForkedBooter.java:581)

2023-02-13 11:57:15,626 main ERROR Could not create plugin of type class org.apache.logging.log4j.core.appender.RollingFileAppender for element RollingFile: java.lang.IllegalStateException: ManagerFactory [org.apache.logging.log4j.core.appender.rolling.RollingFileManager$RollingFileManagerFactory@4e6d7365] unable to create manager for [./results/logs/${ctx:threadName}.log] with data [org.apache.logging.log4j.core.appender.rolling.RollingFileManager$FactoryData@630d1b2f[pattern=./results/logs/${ctx:threadName}-%d{yyyy-MM-dd}.log, append=true, bufferedIO=true, bufferSize=8192, policy=SizeBasedTriggeringPolicy(size=512000), strategy=DefaultRolloverStrategy(min=1, max=7, useMax=true), advertiseURI=null, layout=%d{HH:mm:ss.SSS} [%t] %-5level %logger{36} - %msg%n, filePermissions=null, fileOwner=null]] java.lang.IllegalStateException: ManagerFactory [org.apache.logging.log4j.core.appender.rolling.RollingFileManager$RollingFileManagerFactory@4e6d7365] unable to create manager for [./results/logs/${ctx:threadName}.log] with data [org.apache.logging.log4j.core.appender.rolling.RollingFileManager$FactoryData@630d1b2f[pattern=./results/logs/${ctx:threadName}-%d{yyyy-MM-dd}.log, append=true, bufferedIO=true, bufferSize=8192, policy=SizeBasedTriggeringPolicy(size=512000), strategy=DefaultRolloverStrategy(min=1, max=7, useMax=true), advertiseURI=null, layout=%d{HH:mm:ss.SSS} [%t] %-5level %logger{36} - %msg%n, filePermissions=null, fileOwner=null]]
	at org.apache.logging.log4j.core.appender.AbstractManager.getManager(AbstractManager.java:146)
	at org.apache.logging.log4j.core.appender.OutputStreamManager.getManager(OutputStreamManager.java:100)
	at org.apache.logging.log4j.core.appender.rolling.RollingFileManager.getFileManager(RollingFileManager.java:217)
	at org.apache.logging.log4j.core.appender.RollingFileAppender$Builder.build(RollingFileAppender.java:135)
	at org.apache.logging.log4j.core.appender.RollingFileAppender$Builder.build(RollingFileAppender.java:62)
	at org.apache.logging.log4j.core.config.plugins.util.PluginBuilder.build(PluginBuilder.java:124)
	at org.apache.logging.log4j.core.config.AbstractConfiguration.createPluginObject(AbstractConfiguration.java:1138)
	at org.apache.logging.log4j.core.config.AbstractConfiguration.createConfiguration(AbstractConfiguration.java:1063)
	at org.apache.logging.log4j.core.appender.routing.RoutingAppender.createAppender(RoutingAppender.java:310)
	at org.apache.logging.log4j.core.appender.routing.RoutingAppender.getControl(RoutingAppender.java:282)
	at org.apache.logging.log4j.core.appender.routing.RoutingAppender.append(RoutingAppender.java:240)
	at org.apache.logging.log4j.core.config.AppenderControl.tryCallAppender(AppenderControl.java:161)
	at org.apache.logging.log4j.core.config.AppenderControl.callAppender0(AppenderControl.java:134)
	at org.apache.logging.log4j.core.config.AppenderControl.callAppenderPreventRecursion(AppenderControl.java:125)
	at org.apache.logging.log4j.core.config.AppenderControl.callAppender(AppenderControl.java:89)
	at org.apache.logging.log4j.core.config.LoggerConfig.callAppenders(LoggerConfig.java:683)
	at org.apache.logging.log4j.core.config.LoggerConfig.processLogEvent(LoggerConfig.java:641)
	at org.apache.logging.log4j.core.config.LoggerConfig.log(LoggerConfig.java:624)
	at org.apache.logging.log4j.core.config.LoggerConfig.log(LoggerConfig.java:560)
	at org.apache.logging.log4j.core.config.AwaitCompletionReliabilityStrategy.log(AwaitCompletionReliabilityStrategy.java:82)
	at org.apache.logging.log4j.core.Logger.log(Logger.java:162)
	at org.apache.logging.log4j.spi.AbstractLogger.logMessage(AbstractLogger.java:2106)
	at org.apache.logging.log4j.internal.DefaultLogBuilder.logMessage(DefaultLogBuilder.java:241)
	at org.apache.logging.log4j.internal.DefaultLogBuilder.log(DefaultLogBuilder.java:162)
	at org.apache.xmlbeans.impl.schema.SchemaTypeSystemImpl.resolveHandle(SchemaTypeSystemImpl.java:935)
	at org.apache.xmlbeans.impl.schema.ElementFactory.<init>(ElementFactory.java:29)
	at org.apache.xmlbeans.impl.schema.AbstractDocumentFactory.<init>(AbstractDocumentFactory.java:33)
	at org.apache.xmlbeans.impl.schema.DocumentFactory.<init>(DocumentFactory.java:23)
	at org.openxmlformats.schemas.drawingml.x2006.main.ThemeDocument.<clinit>(ThemeDocument.java:23)
	at org.apache.poi.xssf.model.ThemesTable.readFrom(ThemesTable.java:119)
	at org.apache.poi.xssf.model.ThemesTable.<init>(ThemesTable.java:87)
	at org.apache.poi.ooxml.POIXMLFactory.createDocumentPart(POIXMLFactory.java:61)
	at org.apache.poi.ooxml.POIXMLDocumentPart.read(POIXMLDocumentPart.java:661)
	at org.apache.poi.ooxml.POIXMLDocument.load(POIXMLDocument.java:165)
	at org.apache.poi.xssf.usermodel.XSSFWorkbook.<init>(XSSFWorkbook.java:260)
	at org.apache.poi.xssf.usermodel.XSSFWorkbook.<init>(XSSFWorkbook.java:290)
	at org.apache.poi.xssf.usermodel.XSSFWorkbook.<init>(XSSFWorkbook.java:286)
	at externalResources.ExcelDataRead.<init>(ExcelDataRead.java:22)
	at listeners.AnnotationsTransformer.toBeExecuted(AnnotationsTransformer.java:36)
	at listeners.AnnotationsTransformer.transform(AnnotationsTransformer.java:24)
	at org.testng.internal.annotations.JDK15AnnotationFinder.transform(JDK15AnnotationFinder.java:172)
	at org.testng.internal.annotations.JDK15AnnotationFinder.lambda$findAnnotation$0(JDK15AnnotationFinder.java:279)
	at java.base/java.util.concurrent.ConcurrentHashMap.computeIfAbsent(ConcurrentHashMap.java:1705)
	at org.testng.internal.annotations.JDK15AnnotationFinder.findAnnotation(JDK15AnnotationFinder.java:275)
	at org.testng.internal.annotations.JDK15AnnotationFinder.findAnnotation(JDK15AnnotationFinder.java:113)
	at org.testng.internal.TestNGClassFinder.isTestNGClass(TestNGClassFinder.java:275)
	at org.testng.internal.TestNGClassFinder.isNotTestNGClass(TestNGClassFinder.java:260)
	at org.testng.internal.TestNGClassFinder.processClass(TestNGClassFinder.java:94)
	at org.testng.internal.TestNGClassFinder.<init>(TestNGClassFinder.java:67)
	at org.testng.TestRunner.initMethods(TestRunner.java:442)
	at org.testng.TestRunner.init(TestRunner.java:336)
	at org.testng.TestRunner.init(TestRunner.java:289)
	at org.testng.TestRunner.<init>(TestRunner.java:179)
	at org.testng.SuiteRunner$DefaultTestRunnerFactory.newTestRunner(SuiteRunner.java:643)
	at org.testng.SuiteRunner.init(SuiteRunner.java:225)
	at org.testng.SuiteRunner.<init>(SuiteRunner.java:115)
	at org.testng.TestNG.createSuiteRunner(TestNG.java:1349)
	at org.testng.TestNG.createSuiteRunners(TestNG.java:1325)
	at org.testng.TestNG.runSuitesLocally(TestNG.java:1167)
	at org.testng.TestNG.runSuites(TestNG.java:1099)
	at org.testng.TestNG.run(TestNG.java:1067)
	at org.apache.maven.surefire.testng.TestNGExecutor.run(TestNGExecutor.java:324)
	at org.apache.maven.surefire.testng.TestNGXmlTestSuite.execute(TestNGXmlTestSuite.java:74)
	at org.apache.maven.surefire.testng.TestNGProvider.invoke(TestNGProvider.java:123)
	at org.apache.maven.surefire.booter.ForkedBooter.runSuitesInProcess(ForkedBooter.java:456)
	at org.apache.maven.surefire.booter.ForkedBooter.execute(ForkedBooter.java:169)
	at org.apache.maven.surefire.booter.ForkedBooter.run(ForkedBooter.java:595)
	at org.apache.maven.surefire.booter.ForkedBooter.main(ForkedBooter.java:581)

2023-02-13 11:57:15,627 main ERROR Unable to invoke factory method in class org.apache.logging.log4j.core.appender.RollingFileAppender for element RollingFile: java.lang.IllegalStateException: No factory method found for class org.apache.logging.log4j.core.appender.RollingFileAppender java.lang.IllegalStateException: No factory method found for class org.apache.logging.log4j.core.appender.RollingFileAppender
	at org.apache.logging.log4j.core.config.plugins.util.PluginBuilder.findFactoryMethod(PluginBuilder.java:260)
	at org.apache.logging.log4j.core.config.plugins.util.PluginBuilder.build(PluginBuilder.java:136)
	at org.apache.logging.log4j.core.config.AbstractConfiguration.createPluginObject(AbstractConfiguration.java:1138)
	at org.apache.logging.log4j.core.config.AbstractConfiguration.createConfiguration(AbstractConfiguration.java:1063)
	at org.apache.logging.log4j.core.appender.routing.RoutingAppender.createAppender(RoutingAppender.java:310)
	at org.apache.logging.log4j.core.appender.routing.RoutingAppender.getControl(RoutingAppender.java:282)
	at org.apache.logging.log4j.core.appender.routing.RoutingAppender.append(RoutingAppender.java:240)
	at org.apache.logging.log4j.core.config.AppenderControl.tryCallAppender(AppenderControl.java:161)
	at org.apache.logging.log4j.core.config.AppenderControl.callAppender0(AppenderControl.java:134)
	at org.apache.logging.log4j.core.config.AppenderControl.callAppenderPreventRecursion(AppenderControl.java:125)
	at org.apache.logging.log4j.core.config.AppenderControl.callAppender(AppenderControl.java:89)
	at org.apache.logging.log4j.core.config.LoggerConfig.callAppenders(LoggerConfig.java:683)
	at org.apache.logging.log4j.core.config.LoggerConfig.processLogEvent(LoggerConfig.java:641)
	at org.apache.logging.log4j.core.config.LoggerConfig.log(LoggerConfig.java:624)
	at org.apache.logging.log4j.core.config.LoggerConfig.log(LoggerConfig.java:560)
	at org.apache.logging.log4j.core.config.AwaitCompletionReliabilityStrategy.log(AwaitCompletionReliabilityStrategy.java:82)
	at org.apache.logging.log4j.core.Logger.log(Logger.java:162)
	at org.apache.logging.log4j.spi.AbstractLogger.logMessage(AbstractLogger.java:2106)
	at org.apache.logging.log4j.internal.DefaultLogBuilder.logMessage(DefaultLogBuilder.java:241)
	at org.apache.logging.log4j.internal.DefaultLogBuilder.log(DefaultLogBuilder.java:162)
	at org.apache.xmlbeans.impl.schema.SchemaTypeSystemImpl.resolveHandle(SchemaTypeSystemImpl.java:935)
	at org.apache.xmlbeans.impl.schema.ElementFactory.<init>(ElementFactory.java:29)
	at org.apache.xmlbeans.impl.schema.AbstractDocumentFactory.<init>(AbstractDocumentFactory.java:33)
	at org.apache.xmlbeans.impl.schema.DocumentFactory.<init>(DocumentFactory.java:23)
	at org.openxmlformats.schemas.drawingml.x2006.main.ThemeDocument.<clinit>(ThemeDocument.java:23)
	at org.apache.poi.xssf.model.ThemesTable.readFrom(ThemesTable.java:119)
	at org.apache.poi.xssf.model.ThemesTable.<init>(ThemesTable.java:87)
	at org.apache.poi.ooxml.POIXMLFactory.createDocumentPart(POIXMLFactory.java:61)
	at org.apache.poi.ooxml.POIXMLDocumentPart.read(POIXMLDocumentPart.java:661)
	at org.apache.poi.ooxml.POIXMLDocument.load(POIXMLDocument.java:165)
	at org.apache.poi.xssf.usermodel.XSSFWorkbook.<init>(XSSFWorkbook.java:260)
	at org.apache.poi.xssf.usermodel.XSSFWorkbook.<init>(XSSFWorkbook.java:290)
	at org.apache.poi.xssf.usermodel.XSSFWorkbook.<init>(XSSFWorkbook.java:286)
	at externalResources.ExcelDataRead.<init>(ExcelDataRead.java:22)
	at listeners.AnnotationsTransformer.toBeExecuted(AnnotationsTransformer.java:36)
	at listeners.AnnotationsTransformer.transform(AnnotationsTransformer.java:24)
	at org.testng.internal.annotations.JDK15AnnotationFinder.transform(JDK15AnnotationFinder.java:172)
	at org.testng.internal.annotations.JDK15AnnotationFinder.lambda$findAnnotation$0(JDK15AnnotationFinder.java:279)
	at java.base/java.util.concurrent.ConcurrentHashMap.computeIfAbsent(ConcurrentHashMap.java:1705)
	at org.testng.internal.annotations.JDK15AnnotationFinder.findAnnotation(JDK15AnnotationFinder.java:275)
	at org.testng.internal.annotations.JDK15AnnotationFinder.findAnnotation(JDK15AnnotationFinder.java:113)
	at org.testng.internal.TestNGClassFinder.isTestNGClass(TestNGClassFinder.java:275)
	at org.testng.internal.TestNGClassFinder.isNotTestNGClass(TestNGClassFinder.java:260)
	at org.testng.internal.TestNGClassFinder.processClass(TestNGClassFinder.java:94)
	at org.testng.internal.TestNGClassFinder.<init>(TestNGClassFinder.java:67)
	at org.testng.TestRunner.initMethods(TestRunner.java:442)
	at org.testng.TestRunner.init(TestRunner.java:336)
	at org.testng.TestRunner.init(TestRunner.java:289)
	at org.testng.TestRunner.<init>(TestRunner.java:179)
	at org.testng.SuiteRunner$DefaultTestRunnerFactory.newTestRunner(SuiteRunner.java:643)
	at org.testng.SuiteRunner.init(SuiteRunner.java:225)
	at org.testng.SuiteRunner.<init>(SuiteRunner.java:115)
	at org.testng.TestNG.createSuiteRunner(TestNG.java:1349)
	at org.testng.TestNG.createSuiteRunners(TestNG.java:1325)
	at org.testng.TestNG.runSuitesLocally(TestNG.java:1167)
	at org.testng.TestNG.runSuites(TestNG.java:1099)
	at org.testng.TestNG.run(TestNG.java:1067)
	at org.apache.maven.surefire.testng.TestNGExecutor.run(TestNGExecutor.java:324)
	at org.apache.maven.surefire.testng.TestNGXmlTestSuite.execute(TestNGXmlTestSuite.java:74)
	at org.apache.maven.surefire.testng.TestNGProvider.invoke(TestNGProvider.java:123)
	at org.apache.maven.surefire.booter.ForkedBooter.runSuitesInProcess(ForkedBooter.java:456)
	at org.apache.maven.surefire.booter.ForkedBooter.execute(ForkedBooter.java:169)
	at org.apache.maven.surefire.booter.ForkedBooter.run(ForkedBooter.java:595)
	at org.apache.maven.surefire.booter.ForkedBooter.main(ForkedBooter.java:581)

2023-02-13 11:57:15,698 main ERROR Unable to create file ./results/logs/${ctx:threadName}.log java.io.IOException: The filename, directory name, or volume label syntax is incorrect
	at java.base/java.io.WinNTFileSystem.canonicalize0(Native Method)
	at java.base/java.io.WinNTFileSystem.canonicalize(WinNTFileSystem.java:483)
	at java.base/java.io.File.getCanonicalPath(File.java:626)
	at java.base/java.io.File.getCanonicalFile(File.java:651)
	at org.apache.logging.log4j.core.util.FileUtils.makeParentDirs(FileUtils.java:139)
	at org.apache.logging.log4j.core.appender.rolling.RollingFileManager$RollingFileManagerFactory.createManager(RollingFileManager.java:734)
	at org.apache.logging.log4j.core.appender.rolling.RollingFileManager$RollingFileManagerFactory.createManager(RollingFileManager.java:718)
	at org.apache.logging.log4j.core.appender.AbstractManager.getManager(AbstractManager.java:144)
	at org.apache.logging.log4j.core.appender.OutputStreamManager.getManager(OutputStreamManager.java:100)
	at org.apache.logging.log4j.core.appender.rolling.RollingFileManager.getFileManager(RollingFileManager.java:217)
	at org.apache.logging.log4j.core.appender.RollingFileAppender$Builder.build(RollingFileAppender.java:135)
	at org.apache.logging.log4j.core.appender.RollingFileAppender$Builder.build(RollingFileAppender.java:62)
	at org.apache.logging.log4j.core.config.plugins.util.PluginBuilder.build(PluginBuilder.java:124)
	at org.apache.logging.log4j.core.config.AbstractConfiguration.createPluginObject(AbstractConfiguration.java:1138)
	at org.apache.logging.log4j.core.config.AbstractConfiguration.createConfiguration(AbstractConfiguration.java:1063)
	at org.apache.logging.log4j.core.appender.routing.RoutingAppender.createAppender(RoutingAppender.java:310)
	at org.apache.logging.log4j.core.appender.routing.RoutingAppender.getControl(RoutingAppender.java:282)
	at org.apache.logging.log4j.core.appender.routing.RoutingAppender.append(RoutingAppender.java:240)
	at org.apache.logging.log4j.core.config.AppenderControl.tryCallAppender(AppenderControl.java:161)
	at org.apache.logging.log4j.core.config.AppenderControl.callAppender0(AppenderControl.java:134)
	at org.apache.logging.log4j.core.config.AppenderControl.callAppenderPreventRecursion(AppenderControl.java:125)
	at org.apache.logging.log4j.core.config.AppenderControl.callAppender(AppenderControl.java:89)
	at org.apache.logging.log4j.core.config.LoggerConfig.callAppenders(LoggerConfig.java:683)
	at org.apache.logging.log4j.core.config.LoggerConfig.processLogEvent(LoggerConfig.java:641)
	at org.apache.logging.log4j.core.config.LoggerConfig.log(LoggerConfig.java:624)
	at org.apache.logging.log4j.core.config.LoggerConfig.log(LoggerConfig.java:560)
	at org.apache.logging.log4j.core.config.AwaitCompletionReliabilityStrategy.log(AwaitCompletionReliabilityStrategy.java:82)
	at org.apache.logging.log4j.core.Logger.log(Logger.java:162)
	at org.apache.logging.log4j.spi.AbstractLogger.logMessage(AbstractLogger.java:2106)
	at org.apache.logging.log4j.internal.DefaultLogBuilder.logMessage(DefaultLogBuilder.java:241)
	at org.apache.logging.log4j.internal.DefaultLogBuilder.log(DefaultLogBuilder.java:162)
	at org.apache.xmlbeans.impl.schema.SchemaTypeSystemImpl.resolveHandle(SchemaTypeSystemImpl.java:935)
	at org.apache.xmlbeans.impl.schema.ElementFactory.<init>(ElementFactory.java:29)
	at org.apache.xmlbeans.impl.schema.AbstractDocumentFactory.<init>(AbstractDocumentFactory.java:33)
	at org.apache.xmlbeans.impl.schema.DocumentFactory.<init>(DocumentFactory.java:23)
	at org.openxmlformats.schemas.spreadsheetml.x2006.main.StyleSheetDocument.<clinit>(StyleSheetDocument.java:23)
	at org.apache.poi.xssf.model.StylesTable.readFrom(StylesTable.java:219)
	at org.apache.poi.xssf.model.StylesTable.<init>(StylesTable.java:159)
	at org.apache.poi.ooxml.POIXMLFactory.createDocumentPart(POIXMLFactory.java:61)
	at org.apache.poi.ooxml.POIXMLDocumentPart.read(POIXMLDocumentPart.java:661)
	at org.apache.poi.ooxml.POIXMLDocument.load(POIXMLDocument.java:165)
	at org.apache.poi.xssf.usermodel.XSSFWorkbook.<init>(XSSFWorkbook.java:260)
	at org.apache.poi.xssf.usermodel.XSSFWorkbook.<init>(XSSFWorkbook.java:290)
	at org.apache.poi.xssf.usermodel.XSSFWorkbook.<init>(XSSFWorkbook.java:286)
	at externalResources.ExcelDataRead.<init>(ExcelDataRead.java:22)
	at listeners.AnnotationsTransformer.toBeExecuted(AnnotationsTransformer.java:36)
	at listeners.AnnotationsTransformer.transform(AnnotationsTransformer.java:24)
	at org.testng.internal.annotations.JDK15AnnotationFinder.transform(JDK15AnnotationFinder.java:172)
	at org.testng.internal.annotations.JDK15AnnotationFinder.lambda$findAnnotation$0(JDK15AnnotationFinder.java:279)
	at java.base/java.util.concurrent.ConcurrentHashMap.computeIfAbsent(ConcurrentHashMap.java:1705)
	at org.testng.internal.annotations.JDK15AnnotationFinder.findAnnotation(JDK15AnnotationFinder.java:275)
	at org.testng.internal.annotations.JDK15AnnotationFinder.findAnnotation(JDK15AnnotationFinder.java:113)
	at org.testng.internal.TestNGClassFinder.isTestNGClass(TestNGClassFinder.java:275)
	at org.testng.internal.TestNGClassFinder.isNotTestNGClass(TestNGClassFinder.java:260)
	at org.testng.internal.TestNGClassFinder.processClass(TestNGClassFinder.java:94)
	at org.testng.internal.TestNGClassFinder.<init>(TestNGClassFinder.java:67)
	at org.testng.TestRunner.initMethods(TestRunner.java:442)
	at org.testng.TestRunner.init(TestRunner.java:336)
	at org.testng.TestRunner.init(TestRunner.java:289)
	at org.testng.TestRunner.<init>(TestRunner.java:179)
	at org.testng.SuiteRunner$DefaultTestRunnerFactory.newTestRunner(SuiteRunner.java:643)
	at org.testng.SuiteRunner.init(SuiteRunner.java:225)
	at org.testng.SuiteRunner.<init>(SuiteRunner.java:115)
	at org.testng.TestNG.createSuiteRunner(TestNG.java:1349)
	at org.testng.TestNG.createSuiteRunners(TestNG.java:1325)
	at org.testng.TestNG.runSuitesLocally(TestNG.java:1167)
	at org.testng.TestNG.runSuites(TestNG.java:1099)
	at org.testng.TestNG.run(TestNG.java:1067)
	at org.apache.maven.surefire.testng.TestNGExecutor.run(TestNGExecutor.java:324)
	at org.apache.maven.surefire.testng.TestNGXmlTestSuite.execute(TestNGXmlTestSuite.java:74)
	at org.apache.maven.surefire.testng.TestNGProvider.invoke(TestNGProvider.java:123)
	at org.apache.maven.surefire.booter.ForkedBooter.runSuitesInProcess(ForkedBooter.java:456)
	at org.apache.maven.surefire.booter.ForkedBooter.execute(ForkedBooter.java:169)
	at org.apache.maven.surefire.booter.ForkedBooter.run(ForkedBooter.java:595)
	at org.apache.maven.surefire.booter.ForkedBooter.main(ForkedBooter.java:581)

2023-02-13 11:57:15,698 main ERROR Could not create plugin of type class org.apache.logging.log4j.core.appender.RollingFileAppender for element RollingFile: java.lang.IllegalStateException: ManagerFactory [org.apache.logging.log4j.core.appender.rolling.RollingFileManager$RollingFileManagerFactory@4e6d7365] unable to create manager for [./results/logs/${ctx:threadName}.log] with data [org.apache.logging.log4j.core.appender.rolling.RollingFileManager$FactoryData@16ade133[pattern=./results/logs/${ctx:threadName}-%d{yyyy-MM-dd}.log, append=true, bufferedIO=true, bufferSize=8192, policy=SizeBasedTriggeringPolicy(size=512000), strategy=DefaultRolloverStrategy(min=1, max=7, useMax=true), advertiseURI=null, layout=%d{HH:mm:ss.SSS} [%t] %-5level %logger{36} - %msg%n, filePermissions=null, fileOwner=null]] java.lang.IllegalStateException: ManagerFactory [org.apache.logging.log4j.core.appender.rolling.RollingFileManager$RollingFileManagerFactory@4e6d7365] unable to create manager for [./results/logs/${ctx:threadName}.log] with data [org.apache.logging.log4j.core.appender.rolling.RollingFileManager$FactoryData@16ade133[pattern=./results/logs/${ctx:threadName}-%d{yyyy-MM-dd}.log, append=true, bufferedIO=true, bufferSize=8192, policy=SizeBasedTriggeringPolicy(size=512000), strategy=DefaultRolloverStrategy(min=1, max=7, useMax=true), advertiseURI=null, layout=%d{HH:mm:ss.SSS} [%t] %-5level %logger{36} - %msg%n, filePermissions=null, fileOwner=null]]
	at org.apache.logging.log4j.core.appender.AbstractManager.getManager(AbstractManager.java:146)
	at org.apache.logging.log4j.core.appender.OutputStreamManager.getManager(OutputStreamManager.java:100)
	at org.apache.logging.log4j.core.appender.rolling.RollingFileManager.getFileManager(RollingFileManager.java:217)
	at org.apache.logging.log4j.core.appender.RollingFileAppender$Builder.build(RollingFileAppender.java:135)
	at org.apache.logging.log4j.core.appender.RollingFileAppender$Builder.build(RollingFileAppender.java:62)
	at org.apache.logging.log4j.core.config.plugins.util.PluginBuilder.build(PluginBuilder.java:124)
	at org.apache.logging.log4j.core.config.AbstractConfiguration.createPluginObject(AbstractConfiguration.java:1138)
	at org.apache.logging.log4j.core.config.AbstractConfiguration.createConfiguration(AbstractConfiguration.java:1063)
	at org.apache.logging.log4j.core.appender.routing.RoutingAppender.createAppender(RoutingAppender.java:310)
	at org.apache.logging.log4j.core.appender.routing.RoutingAppender.getControl(RoutingAppender.java:282)
	at org.apache.logging.log4j.core.appender.routing.RoutingAppender.append(RoutingAppender.java:240)
	at org.apache.logging.log4j.core.config.AppenderControl.tryCallAppender(AppenderControl.java:161)
	at org.apache.logging.log4j.core.config.AppenderControl.callAppender0(AppenderControl.java:134)
	at org.apache.logging.log4j.core.config.AppenderControl.callAppenderPreventRecursion(AppenderControl.java:125)
	at org.apache.logging.log4j.core.config.AppenderControl.callAppender(AppenderControl.java:89)
	at org.apache.logging.log4j.core.config.LoggerConfig.callAppenders(LoggerConfig.java:683)
	at org.apache.logging.log4j.core.config.LoggerConfig.processLogEvent(LoggerConfig.java:641)
	at org.apache.logging.log4j.core.config.LoggerConfig.log(LoggerConfig.java:624)
	at org.apache.logging.log4j.core.config.LoggerConfig.log(LoggerConfig.java:560)
	at org.apache.logging.log4j.core.config.AwaitCompletionReliabilityStrategy.log(AwaitCompletionReliabilityStrategy.java:82)
	at org.apache.logging.log4j.core.Logger.log(Logger.java:162)
	at org.apache.logging.log4j.spi.AbstractLogger.logMessage(AbstractLogger.java:2106)
	at org.apache.logging.log4j.internal.DefaultLogBuilder.logMessage(DefaultLogBuilder.java:241)
	at org.apache.logging.log4j.internal.DefaultLogBuilder.log(DefaultLogBuilder.java:162)
	at org.apache.xmlbeans.impl.schema.SchemaTypeSystemImpl.resolveHandle(SchemaTypeSystemImpl.java:935)
	at org.apache.xmlbeans.impl.schema.ElementFactory.<init>(ElementFactory.java:29)
	at org.apache.xmlbeans.impl.schema.AbstractDocumentFactory.<init>(AbstractDocumentFactory.java:33)
	at org.apache.xmlbeans.impl.schema.DocumentFactory.<init>(DocumentFactory.java:23)
	at org.openxmlformats.schemas.spreadsheetml.x2006.main.StyleSheetDocument.<clinit>(StyleSheetDocument.java:23)
	at org.apache.poi.xssf.model.StylesTable.readFrom(StylesTable.java:219)
	at org.apache.poi.xssf.model.StylesTable.<init>(StylesTable.java:159)
	at org.apache.poi.ooxml.POIXMLFactory.createDocumentPart(POIXMLFactory.java:61)
	at org.apache.poi.ooxml.POIXMLDocumentPart.read(POIXMLDocumentPart.java:661)
	at org.apache.poi.ooxml.POIXMLDocument.load(POIXMLDocument.java:165)
	at org.apache.poi.xssf.usermodel.XSSFWorkbook.<init>(XSSFWorkbook.java:260)
	at org.apache.poi.xssf.usermodel.XSSFWorkbook.<init>(XSSFWorkbook.java:290)
	at org.apache.poi.xssf.usermodel.XSSFWorkbook.<init>(XSSFWorkbook.java:286)
	at externalResources.ExcelDataRead.<init>(ExcelDataRead.java:22)
	at listeners.AnnotationsTransformer.toBeExecuted(AnnotationsTransformer.java:36)
	at listeners.AnnotationsTransformer.transform(AnnotationsTransformer.java:24)
	at org.testng.internal.annotations.JDK15AnnotationFinder.transform(JDK15AnnotationFinder.java:172)
	at org.testng.internal.annotations.JDK15AnnotationFinder.lambda$findAnnotation$0(JDK15AnnotationFinder.java:279)
	at java.base/java.util.concurrent.ConcurrentHashMap.computeIfAbsent(ConcurrentHashMap.java:1705)
	at org.testng.internal.annotations.JDK15AnnotationFinder.findAnnotation(JDK15AnnotationFinder.java:275)
	at org.testng.internal.annotations.JDK15AnnotationFinder.findAnnotation(JDK15AnnotationFinder.java:113)
	at org.testng.internal.TestNGClassFinder.isTestNGClass(TestNGClassFinder.java:275)
	at org.testng.internal.TestNGClassFinder.isNotTestNGClass(TestNGClassFinder.java:260)
	at org.testng.internal.TestNGClassFinder.processClass(TestNGClassFinder.java:94)
	at org.testng.internal.TestNGClassFinder.<init>(TestNGClassFinder.java:67)
	at org.testng.TestRunner.initMethods(TestRunner.java:442)
	at org.testng.TestRunner.init(TestRunner.java:336)
	at org.testng.TestRunner.init(TestRunner.java:289)
	at org.testng.TestRunner.<init>(TestRunner.java:179)
	at org.testng.SuiteRunner$DefaultTestRunnerFactory.newTestRunner(SuiteRunner.java:643)
	at org.testng.SuiteRunner.init(SuiteRunner.java:225)
	at org.testng.SuiteRunner.<init>(SuiteRunner.java:115)
	at org.testng.TestNG.createSuiteRunner(TestNG.java:1349)
	at org.testng.TestNG.createSuiteRunners(TestNG.java:1325)
	at org.testng.TestNG.runSuitesLocally(TestNG.java:1167)
	at org.testng.TestNG.runSuites(TestNG.java:1099)
	at org.testng.TestNG.run(TestNG.java:1067)
	at org.apache.maven.surefire.testng.TestNGExecutor.run(TestNGExecutor.java:324)
	at org.apache.maven.surefire.testng.TestNGXmlTestSuite.execute(TestNGXmlTestSuite.java:74)
	at org.apache.maven.surefire.testng.TestNGProvider.invoke(TestNGProvider.java:123)
	at org.apache.maven.surefire.booter.ForkedBooter.runSuitesInProcess(ForkedBooter.java:456)
	at org.apache.maven.surefire.booter.ForkedBooter.execute(ForkedBooter.java:169)
	at org.apache.maven.surefire.booter.ForkedBooter.run(ForkedBooter.java:595)
	at org.apache.maven.surefire.booter.ForkedBooter.main(ForkedBooter.java:581)

2023-02-13 11:57:15,699 main ERROR Unable to invoke factory method in class org.apache.logging.log4j.core.appender.RollingFileAppender for element RollingFile: java.lang.IllegalStateException: No factory method found for class org.apache.logging.log4j.core.appender.RollingFileAppender java.lang.IllegalStateException: No factory method found for class org.apache.logging.log4j.core.appender.RollingFileAppender
	at org.apache.logging.log4j.core.config.plugins.util.PluginBuilder.findFactoryMethod(PluginBuilder.java:260)
	at org.apache.logging.log4j.core.config.plugins.util.PluginBuilder.build(PluginBuilder.java:136)
	at org.apache.logging.log4j.core.config.AbstractConfiguration.createPluginObject(AbstractConfiguration.java:1138)
	at org.apache.logging.log4j.core.config.AbstractConfiguration.createConfiguration(AbstractConfiguration.java:1063)
	at org.apache.logging.log4j.core.appender.routing.RoutingAppender.createAppender(RoutingAppender.java:310)
	at org.apache.logging.log4j.core.appender.routing.RoutingAppender.getControl(RoutingAppender.java:282)
	at org.apache.logging.log4j.core.appender.routing.RoutingAppender.append(RoutingAppender.java:240)
	at org.apache.logging.log4j.core.config.AppenderControl.tryCallAppender(AppenderControl.java:161)
	at org.apache.logging.log4j.core.config.AppenderControl.callAppender0(AppenderControl.java:134)
	at org.apache.logging.log4j.core.config.AppenderControl.callAppenderPreventRecursion(AppenderControl.java:125)
	at org.apache.logging.log4j.core.config.AppenderControl.callAppender(AppenderControl.java:89)
	at org.apache.logging.log4j.core.config.LoggerConfig.callAppenders(LoggerConfig.java:683)
	at org.apache.logging.log4j.core.config.LoggerConfig.processLogEvent(LoggerConfig.java:641)
	at org.apache.logging.log4j.core.config.LoggerConfig.log(LoggerConfig.java:624)
	at org.apache.logging.log4j.core.config.LoggerConfig.log(LoggerConfig.java:560)
	at org.apache.logging.log4j.core.config.AwaitCompletionReliabilityStrategy.log(AwaitCompletionReliabilityStrategy.java:82)
	at org.apache.logging.log4j.core.Logger.log(Logger.java:162)
	at org.apache.logging.log4j.spi.AbstractLogger.logMessage(AbstractLogger.java:2106)
	at org.apache.logging.log4j.internal.DefaultLogBuilder.logMessage(DefaultLogBuilder.java:241)
	at org.apache.logging.log4j.internal.DefaultLogBuilder.log(DefaultLogBuilder.java:162)
	at org.apache.xmlbeans.impl.schema.SchemaTypeSystemImpl.resolveHandle(SchemaTypeSystemImpl.java:935)
	at org.apache.xmlbeans.impl.schema.ElementFactory.<init>(ElementFactory.java:29)
	at org.apache.xmlbeans.impl.schema.AbstractDocumentFactory.<init>(AbstractDocumentFactory.java:33)
	at org.apache.xmlbeans.impl.schema.DocumentFactory.<init>(DocumentFactory.java:23)
	at org.openxmlformats.schemas.spreadsheetml.x2006.main.StyleSheetDocument.<clinit>(StyleSheetDocument.java:23)
	at org.apache.poi.xssf.model.StylesTable.readFrom(StylesTable.java:219)
	at org.apache.poi.xssf.model.StylesTable.<init>(StylesTable.java:159)
	at org.apache.poi.ooxml.POIXMLFactory.createDocumentPart(POIXMLFactory.java:61)
	at org.apache.poi.ooxml.POIXMLDocumentPart.read(POIXMLDocumentPart.java:661)
	at org.apache.poi.ooxml.POIXMLDocument.load(POIXMLDocument.java:165)
	at org.apache.poi.xssf.usermodel.XSSFWorkbook.<init>(XSSFWorkbook.java:260)
	at org.apache.poi.xssf.usermodel.XSSFWorkbook.<init>(XSSFWorkbook.java:290)
	at org.apache.poi.xssf.usermodel.XSSFWorkbook.<init>(XSSFWorkbook.java:286)
	at externalResources.ExcelDataRead.<init>(ExcelDataRead.java:22)
	at listeners.AnnotationsTransformer.toBeExecuted(AnnotationsTransformer.java:36)
	at listeners.AnnotationsTransformer.transform(AnnotationsTransformer.java:24)
	at org.testng.internal.annotations.JDK15AnnotationFinder.transform(JDK15AnnotationFinder.java:172)
	at org.testng.internal.annotations.JDK15AnnotationFinder.lambda$findAnnotation$0(JDK15AnnotationFinder.java:279)
	at java.base/java.util.concurrent.ConcurrentHashMap.computeIfAbsent(ConcurrentHashMap.java:1705)
	at org.testng.internal.annotations.JDK15AnnotationFinder.findAnnotation(JDK15AnnotationFinder.java:275)
	at org.testng.internal.annotations.JDK15AnnotationFinder.findAnnotation(JDK15AnnotationFinder.java:113)
	at org.testng.internal.TestNGClassFinder.isTestNGClass(TestNGClassFinder.java:275)
	at org.testng.internal.TestNGClassFinder.isNotTestNGClass(TestNGClassFinder.java:260)
	at org.testng.internal.TestNGClassFinder.processClass(TestNGClassFinder.java:94)
	at org.testng.internal.TestNGClassFinder.<init>(TestNGClassFinder.java:67)
	at org.testng.TestRunner.initMethods(TestRunner.java:442)
	at org.testng.TestRunner.init(TestRunner.java:336)
	at org.testng.TestRunner.init(TestRunner.java:289)
	at org.testng.TestRunner.<init>(TestRunner.java:179)
	at org.testng.SuiteRunner$DefaultTestRunnerFactory.newTestRunner(SuiteRunner.java:643)
	at org.testng.SuiteRunner.init(SuiteRunner.java:225)
	at org.testng.SuiteRunner.<init>(SuiteRunner.java:115)
	at org.testng.TestNG.createSuiteRunner(TestNG.java:1349)
	at org.testng.TestNG.createSuiteRunners(TestNG.java:1325)
	at org.testng.TestNG.runSuitesLocally(TestNG.java:1167)
	at org.testng.TestNG.runSuites(TestNG.java:1099)
	at org.testng.TestNG.run(TestNG.java:1067)
	at org.apache.maven.surefire.testng.TestNGExecutor.run(TestNGExecutor.java:324)
	at org.apache.maven.surefire.testng.TestNGXmlTestSuite.execute(TestNGXmlTestSuite.java:74)
	at org.apache.maven.surefire.testng.TestNGProvider.invoke(TestNGProvider.java:123)
	at org.apache.maven.surefire.booter.ForkedBooter.runSuitesInProcess(ForkedBooter.java:456)
	at org.apache.maven.surefire.booter.ForkedBooter.execute(ForkedBooter.java:169)
	at org.apache.maven.surefire.booter.ForkedBooter.run(ForkedBooter.java:595)
	at org.apache.maven.surefire.booter.ForkedBooter.main(ForkedBooter.java:581)

2023-02-13 11:57:15,705 main ERROR Unable to create file ./results/logs/${ctx:threadName}.log java.io.IOException: The filename, directory name, or volume label syntax is incorrect
	at java.base/java.io.WinNTFileSystem.canonicalize0(Native Method)
	at java.base/java.io.WinNTFileSystem.canonicalize(WinNTFileSystem.java:483)
	at java.base/java.io.File.getCanonicalPath(File.java:626)
	at java.base/java.io.File.getCanonicalFile(File.java:651)
	at org.apache.logging.log4j.core.util.FileUtils.makeParentDirs(FileUtils.java:139)
	at org.apache.logging.log4j.core.appender.rolling.RollingFileManager$RollingFileManagerFactory.createManager(RollingFileManager.java:734)
	at org.apache.logging.log4j.core.appender.rolling.RollingFileManager$RollingFileManagerFactory.createManager(RollingFileManager.java:718)
	at org.apache.logging.log4j.core.appender.AbstractManager.getManager(AbstractManager.java:144)
	at org.apache.logging.log4j.core.appender.OutputStreamManager.getManager(OutputStreamManager.java:100)
	at org.apache.logging.log4j.core.appender.rolling.RollingFileManager.getFileManager(RollingFileManager.java:217)
	at org.apache.logging.log4j.core.appender.RollingFileAppender$Builder.build(RollingFileAppender.java:135)
	at org.apache.logging.log4j.core.appender.RollingFileAppender$Builder.build(RollingFileAppender.java:62)
	at org.apache.logging.log4j.core.config.plugins.util.PluginBuilder.build(PluginBuilder.java:124)
	at org.apache.logging.log4j.core.config.AbstractConfiguration.createPluginObject(AbstractConfiguration.java:1138)
	at org.apache.logging.log4j.core.config.AbstractConfiguration.createConfiguration(AbstractConfiguration.java:1063)
	at org.apache.logging.log4j.core.appender.routing.RoutingAppender.createAppender(RoutingAppender.java:310)
	at org.apache.logging.log4j.core.appender.routing.RoutingAppender.getControl(RoutingAppender.java:282)
	at org.apache.logging.log4j.core.appender.routing.RoutingAppender.append(RoutingAppender.java:240)
	at org.apache.logging.log4j.core.config.AppenderControl.tryCallAppender(AppenderControl.java:161)
	at org.apache.logging.log4j.core.config.AppenderControl.callAppender0(AppenderControl.java:134)
	at org.apache.logging.log4j.core.config.AppenderControl.callAppenderPreventRecursion(AppenderControl.java:125)
	at org.apache.logging.log4j.core.config.AppenderControl.callAppender(AppenderControl.java:89)
	at org.apache.logging.log4j.core.config.LoggerConfig.callAppenders(LoggerConfig.java:683)
	at org.apache.logging.log4j.core.config.LoggerConfig.processLogEvent(LoggerConfig.java:641)
	at org.apache.logging.log4j.core.config.LoggerConfig.log(LoggerConfig.java:624)
	at org.apache.logging.log4j.core.config.LoggerConfig.log(LoggerConfig.java:560)
	at org.apache.logging.log4j.core.config.AwaitCompletionReliabilityStrategy.log(AwaitCompletionReliabilityStrategy.java:82)
	at org.apache.logging.log4j.core.Logger.log(Logger.java:162)
	at org.apache.logging.log4j.spi.AbstractLogger.logMessage(AbstractLogger.java:2106)
	at org.apache.logging.log4j.internal.DefaultLogBuilder.logMessage(DefaultLogBuilder.java:241)
	at org.apache.logging.log4j.internal.DefaultLogBuilder.log(DefaultLogBuilder.java:162)
	at org.apache.xmlbeans.impl.schema.SchemaTypeSystemImpl.resolveHandle(SchemaTypeSystemImpl.java:935)
	at org.apache.xmlbeans.SchemaComponent$Ref.getComponent(SchemaComponent.java:111)
	at org.apache.xmlbeans.SchemaType$Ref.get(SchemaType.java:1072)
	at org.apache.xmlbeans.impl.schema.SchemaPropertyImpl.getType(SchemaPropertyImpl.java:85)
	at org.apache.xmlbeans.impl.schema.SchemaTypeImpl.createElementType(SchemaTypeImpl.java:990)
	at org.apache.xmlbeans.impl.values.XmlObjectBase.create_element_user(XmlObjectBase.java:879)
	at org.apache.xmlbeans.impl.store.Xobj.getUser(Xobj.java:1597)
	at org.apache.xmlbeans.impl.store.Xobj.find_element_user(Xobj.java:1968)
	at org.openxmlformats.schemas.spreadsheetml.x2006.main.impl.StyleSheetDocumentImpl.getStyleSheet(StyleSheetDocumentImpl.java:40)
	at org.apache.poi.xssf.model.StylesTable.readFrom(StylesTable.java:221)
	at org.apache.poi.xssf.model.StylesTable.<init>(StylesTable.java:159)
	at org.apache.poi.ooxml.POIXMLFactory.createDocumentPart(POIXMLFactory.java:61)
	at org.apache.poi.ooxml.POIXMLDocumentPart.read(POIXMLDocumentPart.java:661)
	at org.apache.poi.ooxml.POIXMLDocument.load(POIXMLDocument.java:165)
	at org.apache.poi.xssf.usermodel.XSSFWorkbook.<init>(XSSFWorkbook.java:260)
	at org.apache.poi.xssf.usermodel.XSSFWorkbook.<init>(XSSFWorkbook.java:290)
	at org.apache.poi.xssf.usermodel.XSSFWorkbook.<init>(XSSFWorkbook.java:286)
	at externalResources.ExcelDataRead.<init>(ExcelDataRead.java:22)
	at listeners.AnnotationsTransformer.toBeExecuted(AnnotationsTransformer.java:36)
	at listeners.AnnotationsTransformer.transform(AnnotationsTransformer.java:24)
	at org.testng.internal.annotations.JDK15AnnotationFinder.transform(JDK15AnnotationFinder.java:172)
	at org.testng.internal.annotations.JDK15AnnotationFinder.lambda$findAnnotation$0(JDK15AnnotationFinder.java:279)
	at java.base/java.util.concurrent.ConcurrentHashMap.computeIfAbsent(ConcurrentHashMap.java:1705)
	at org.testng.internal.annotations.JDK15AnnotationFinder.findAnnotation(JDK15AnnotationFinder.java:275)
	at org.testng.internal.annotations.JDK15AnnotationFinder.findAnnotation(JDK15AnnotationFinder.java:113)
	at org.testng.internal.TestNGClassFinder.isTestNGClass(TestNGClassFinder.java:275)
	at org.testng.internal.TestNGClassFinder.isNotTestNGClass(TestNGClassFinder.java:260)
	at org.testng.internal.TestNGClassFinder.processClass(TestNGClassFinder.java:94)
	at org.testng.internal.TestNGClassFinder.<init>(TestNGClassFinder.java:67)
	at org.testng.TestRunner.initMethods(TestRunner.java:442)
	at org.testng.TestRunner.init(TestRunner.java:336)
	at org.testng.TestRunner.init(TestRunner.java:289)
	at org.testng.TestRunner.<init>(TestRunner.java:179)
	at org.testng.SuiteRunner$DefaultTestRunnerFactory.newTestRunner(SuiteRunner.java:643)
	at org.testng.SuiteRunner.init(SuiteRunner.java:225)
	at org.testng.SuiteRunner.<init>(SuiteRunner.java:115)
	at org.testng.TestNG.createSuiteRunner(TestNG.java:1349)
	at org.testng.TestNG.createSuiteRunners(TestNG.java:1325)
	at org.testng.TestNG.runSuitesLocally(TestNG.java:1167)
	at org.testng.TestNG.runSuites(TestNG.java:1099)
	at org.testng.TestNG.run(TestNG.java:1067)
	at org.apache.maven.surefire.testng.TestNGExecutor.run(TestNGExecutor.java:324)
	at org.apache.maven.surefire.testng.TestNGXmlTestSuite.execute(TestNGXmlTestSuite.java:74)
	at org.apache.maven.surefire.testng.TestNGProvider.invoke(TestNGProvider.java:123)
	at org.apache.maven.surefire.booter.ForkedBooter.runSuitesInProcess(ForkedBooter.java:456)
	at org.apache.maven.surefire.booter.ForkedBooter.execute(ForkedBooter.java:169)
	at org.apache.maven.surefire.booter.ForkedBooter.run(ForkedBooter.java:595)
	at org.apache.maven.surefire.booter.ForkedBooter.main(ForkedBooter.java:581)

2023-02-13 11:57:15,705 main ERROR Could not create plugin of type class org.apache.logging.log4j.core.appender.RollingFileAppender for element RollingFile: java.lang.IllegalStateException: ManagerFactory [org.apache.logging.log4j.core.appender.rolling.RollingFileManager$RollingFileManagerFactory@4e6d7365] unable to create manager for [./results/logs/${ctx:threadName}.log] with data [org.apache.logging.log4j.core.appender.rolling.RollingFileManager$FactoryData@6e0cff20[pattern=./results/logs/${ctx:threadName}-%d{yyyy-MM-dd}.log, append=true, bufferedIO=true, bufferSize=8192, policy=SizeBasedTriggeringPolicy(size=512000), strategy=DefaultRolloverStrategy(min=1, max=7, useMax=true), advertiseURI=null, layout=%d{HH:mm:ss.SSS} [%t] %-5level %logger{36} - %msg%n, filePermissions=null, fileOwner=null]] java.lang.IllegalStateException: ManagerFactory [org.apache.logging.log4j.core.appender.rolling.RollingFileManager$RollingFileManagerFactory@4e6d7365] unable to create manager for [./results/logs/${ctx:threadName}.log] with data [org.apache.logging.log4j.core.appender.rolling.RollingFileManager$FactoryData@6e0cff20[pattern=./results/logs/${ctx:threadName}-%d{yyyy-MM-dd}.log, append=true, bufferedIO=true, bufferSize=8192, policy=SizeBasedTriggeringPolicy(size=512000), strategy=DefaultRolloverStrategy(min=1, max=7, useMax=true), advertiseURI=null, layout=%d{HH:mm:ss.SSS} [%t] %-5level %logger{36} - %msg%n, filePermissions=null, fileOwner=null]]
	at org.apache.logging.log4j.core.appender.AbstractManager.getManager(AbstractManager.java:146)
	at org.apache.logging.log4j.core.appender.OutputStreamManager.getManager(OutputStreamManager.java:100)
	at org.apache.logging.log4j.core.appender.rolling.RollingFileManager.getFileManager(RollingFileManager.java:217)
	at org.apache.logging.log4j.core.appender.RollingFileAppender$Builder.build(RollingFileAppender.java:135)
	at org.apache.logging.log4j.core.appender.RollingFileAppender$Builder.build(RollingFileAppender.java:62)
	at org.apache.logging.log4j.core.config.plugins.util.PluginBuilder.build(PluginBuilder.java:124)
	at org.apache.logging.log4j.core.config.AbstractConfiguration.createPluginObject(AbstractConfiguration.java:1138)
	at org.apache.logging.log4j.core.config.AbstractConfiguration.createConfiguration(AbstractConfiguration.java:1063)
	at org.apache.logging.log4j.core.appender.routing.RoutingAppender.createAppender(RoutingAppender.java:310)
	at org.apache.logging.log4j.core.appender.routing.RoutingAppender.getControl(RoutingAppender.java:282)
	at org.apache.logging.log4j.core.appender.routing.RoutingAppender.append(RoutingAppender.java:240)
	at org.apache.logging.log4j.core.config.AppenderControl.tryCallAppender(AppenderControl.java:161)
	at org.apache.logging.log4j.core.config.AppenderControl.callAppender0(AppenderControl.java:134)
	at org.apache.logging.log4j.core.config.AppenderControl.callAppenderPreventRecursion(AppenderControl.java:125)
	at org.apache.logging.log4j.core.config.AppenderControl.callAppender(AppenderControl.java:89)
	at org.apache.logging.log4j.core.config.LoggerConfig.callAppenders(LoggerConfig.java:683)
	at org.apache.logging.log4j.core.config.LoggerConfig.processLogEvent(LoggerConfig.java:641)
	at org.apache.logging.log4j.core.config.LoggerConfig.log(LoggerConfig.java:624)
	at org.apache.logging.log4j.core.config.LoggerConfig.log(LoggerConfig.java:560)
	at org.apache.logging.log4j.core.config.AwaitCompletionReliabilityStrategy.log(AwaitCompletionReliabilityStrategy.java:82)
	at org.apache.logging.log4j.core.Logger.log(Logger.java:162)
	at org.apache.logging.log4j.spi.AbstractLogger.logMessage(AbstractLogger.java:2106)
	at org.apache.logging.log4j.internal.DefaultLogBuilder.logMessage(DefaultLogBuilder.java:241)
	at org.apache.logging.log4j.internal.DefaultLogBuilder.log(DefaultLogBuilder.java:162)
	at org.apache.xmlbeans.impl.schema.SchemaTypeSystemImpl.resolveHandle(SchemaTypeSystemImpl.java:935)
	at org.apache.xmlbeans.SchemaComponent$Ref.getComponent(SchemaComponent.java:111)
	at org.apache.xmlbeans.SchemaType$Ref.get(SchemaType.java:1072)
	at org.apache.xmlbeans.impl.schema.SchemaPropertyImpl.getType(SchemaPropertyImpl.java:85)
	at org.apache.xmlbeans.impl.schema.SchemaTypeImpl.createElementType(SchemaTypeImpl.java:990)
	at org.apache.xmlbeans.impl.values.XmlObjectBase.create_element_user(XmlObjectBase.java:879)
	at org.apache.xmlbeans.impl.store.Xobj.getUser(Xobj.java:1597)
	at org.apache.xmlbeans.impl.store.Xobj.find_element_user(Xobj.java:1968)
	at org.openxmlformats.schemas.spreadsheetml.x2006.main.impl.StyleSheetDocumentImpl.getStyleSheet(StyleSheetDocumentImpl.java:40)
	at org.apache.poi.xssf.model.StylesTable.readFrom(StylesTable.java:221)
	at org.apache.poi.xssf.model.StylesTable.<init>(StylesTable.java:159)
	at org.apache.poi.ooxml.POIXMLFactory.createDocumentPart(POIXMLFactory.java:61)
	at org.apache.poi.ooxml.POIXMLDocumentPart.read(POIXMLDocumentPart.java:661)
	at org.apache.poi.ooxml.POIXMLDocument.load(POIXMLDocument.java:165)
	at org.apache.poi.xssf.usermodel.XSSFWorkbook.<init>(XSSFWorkbook.java:260)
	at org.apache.poi.xssf.usermodel.XSSFWorkbook.<init>(XSSFWorkbook.java:290)
	at org.apache.poi.xssf.usermodel.XSSFWorkbook.<init>(XSSFWorkbook.java:286)
	at externalResources.ExcelDataRead.<init>(ExcelDataRead.java:22)
	at listeners.AnnotationsTransformer.toBeExecuted(AnnotationsTransformer.java:36)
	at listeners.AnnotationsTransformer.transform(AnnotationsTransformer.java:24)
	at org.testng.internal.annotations.JDK15AnnotationFinder.transform(JDK15AnnotationFinder.java:172)
	at org.testng.internal.annotations.JDK15AnnotationFinder.lambda$findAnnotation$0(JDK15AnnotationFinder.java:279)
	at java.base/java.util.concurrent.ConcurrentHashMap.computeIfAbsent(ConcurrentHashMap.java:1705)
	at org.testng.internal.annotations.JDK15AnnotationFinder.findAnnotation(JDK15AnnotationFinder.java:275)
	at org.testng.internal.annotations.JDK15AnnotationFinder.findAnnotation(JDK15AnnotationFinder.java:113)
	at org.testng.internal.TestNGClassFinder.isTestNGClass(TestNGClassFinder.java:275)
	at org.testng.internal.TestNGClassFinder.isNotTestNGClass(TestNGClassFinder.java:260)
	at org.testng.internal.TestNGClassFinder.processClass(TestNGClassFinder.java:94)
	at org.testng.internal.TestNGClassFinder.<init>(TestNGClassFinder.java:67)
	at org.testng.TestRunner.initMethods(TestRunner.java:442)
	at org.testng.TestRunner.init(TestRunner.java:336)
	at org.testng.TestRunner.init(TestRunner.java:289)
	at org.testng.TestRunner.<init>(TestRunner.java:179)
	at org.testng.SuiteRunner$DefaultTestRunnerFactory.newTestRunner(SuiteRunner.java:643)
	at org.testng.SuiteRunner.init(SuiteRunner.java:225)
	at org.testng.SuiteRunner.<init>(SuiteRunner.java:115)
	at org.testng.TestNG.createSuiteRunner(TestNG.java:1349)
	at org.testng.TestNG.createSuiteRunners(TestNG.java:1325)
	at org.testng.TestNG.runSuitesLocally(TestNG.java:1167)
	at org.testng.TestNG.runSuites(TestNG.java:1099)
	at org.testng.TestNG.run(TestNG.java:1067)
	at org.apache.maven.surefire.testng.TestNGExecutor.run(TestNGExecutor.java:324)
	at org.apache.maven.surefire.testng.TestNGXmlTestSuite.execute(TestNGXmlTestSuite.java:74)
	at org.apache.maven.surefire.testng.TestNGProvider.invoke(TestNGProvider.java:123)
	at org.apache.maven.surefire.booter.ForkedBooter.runSuitesInProcess(ForkedBooter.java:456)
	at org.apache.maven.surefire.booter.ForkedBooter.execute(ForkedBooter.java:169)
	at org.apache.maven.surefire.booter.ForkedBooter.run(ForkedBooter.java:595)
	at org.apache.maven.surefire.booter.ForkedBooter.main(ForkedBooter.java:581)

2023-02-13 11:57:15,706 main ERROR Unable to invoke factory method in class org.apache.logging.log4j.core.appender.RollingFileAppender for element RollingFile: java.lang.IllegalStateException: No factory method found for class org.apache.logging.log4j.core.appender.RollingFileAppender java.lang.IllegalStateException: No factory method found for class org.apache.logging.log4j.core.appender.RollingFileAppender
	at org.apache.logging.log4j.core.config.plugins.util.PluginBuilder.findFactoryMethod(PluginBuilder.java:260)
	at org.apache.logging.log4j.core.config.plugins.util.PluginBuilder.build(PluginBuilder.java:136)
	at org.apache.logging.log4j.core.config.AbstractConfiguration.createPluginObject(AbstractConfiguration.java:1138)
	at org.apache.logging.log4j.core.config.AbstractConfiguration.createConfiguration(AbstractConfiguration.java:1063)
	at org.apache.logging.log4j.core.appender.routing.RoutingAppender.createAppender(RoutingAppender.java:310)
	at org.apache.logging.log4j.core.appender.routing.RoutingAppender.getControl(RoutingAppender.java:282)
	at org.apache.logging.log4j.core.appender.routing.RoutingAppender.append(RoutingAppender.java:240)
	at org.apache.logging.log4j.core.config.AppenderControl.tryCallAppender(AppenderControl.java:161)
	at org.apache.logging.log4j.core.config.AppenderControl.callAppender0(AppenderControl.java:134)
	at org.apache.logging.log4j.core.config.AppenderControl.callAppenderPreventRecursion(AppenderControl.java:125)
	at org.apache.logging.log4j.core.config.AppenderControl.callAppender(AppenderControl.java:89)
	at org.apache.logging.log4j.core.config.LoggerConfig.callAppenders(LoggerConfig.java:683)
	at org.apache.logging.log4j.core.config.LoggerConfig.processLogEvent(LoggerConfig.java:641)
	at org.apache.logging.log4j.core.config.LoggerConfig.log(LoggerConfig.java:624)
	at org.apache.logging.log4j.core.config.LoggerConfig.log(LoggerConfig.java:560)
	at org.apache.logging.log4j.core.config.AwaitCompletionReliabilityStrategy.log(AwaitCompletionReliabilityStrategy.java:82)
	at org.apache.logging.log4j.core.Logger.log(Logger.java:162)
	at org.apache.logging.log4j.spi.AbstractLogger.logMessage(AbstractLogger.java:2106)
	at org.apache.logging.log4j.internal.DefaultLogBuilder.logMessage(DefaultLogBuilder.java:241)
	at org.apache.logging.log4j.internal.DefaultLogBuilder.log(DefaultLogBuilder.java:162)
	at org.apache.xmlbeans.impl.schema.SchemaTypeSystemImpl.resolveHandle(SchemaTypeSystemImpl.java:935)
	at org.apache.xmlbeans.SchemaComponent$Ref.getComponent(SchemaComponent.java:111)
	at org.apache.xmlbeans.SchemaType$Ref.get(SchemaType.java:1072)
	at org.apache.xmlbeans.impl.schema.SchemaPropertyImpl.getType(SchemaPropertyImpl.java:85)
	at org.apache.xmlbeans.impl.schema.SchemaTypeImpl.createElementType(SchemaTypeImpl.java:990)
	at org.apache.xmlbeans.impl.values.XmlObjectBase.create_element_user(XmlObjectBase.java:879)
	at org.apache.xmlbeans.impl.store.Xobj.getUser(Xobj.java:1597)
	at org.apache.xmlbeans.impl.store.Xobj.find_element_user(Xobj.java:1968)
	at org.openxmlformats.schemas.spreadsheetml.x2006.main.impl.StyleSheetDocumentImpl.getStyleSheet(StyleSheetDocumentImpl.java:40)
	at org.apache.poi.xssf.model.StylesTable.readFrom(StylesTable.java:221)
	at org.apache.poi.xssf.model.StylesTable.<init>(StylesTable.java:159)
	at org.apache.poi.ooxml.POIXMLFactory.createDocumentPart(POIXMLFactory.java:61)
	at org.apache.poi.ooxml.POIXMLDocumentPart.read(POIXMLDocumentPart.java:661)
	at org.apache.poi.ooxml.POIXMLDocument.load(POIXMLDocument.java:165)
	at org.apache.poi.xssf.usermodel.XSSFWorkbook.<init>(XSSFWorkbook.java:260)
	at org.apache.poi.xssf.usermodel.XSSFWorkbook.<init>(XSSFWorkbook.java:290)
	at org.apache.poi.xssf.usermodel.XSSFWorkbook.<init>(XSSFWorkbook.java:286)
	at externalResources.ExcelDataRead.<init>(ExcelDataRead.java:22)
	at listeners.AnnotationsTransformer.toBeExecuted(AnnotationsTransformer.java:36)
	at listeners.AnnotationsTransformer.transform(AnnotationsTransformer.java:24)
	at org.testng.internal.annotations.JDK15AnnotationFinder.transform(JDK15AnnotationFinder.java:172)
	at org.testng.internal.annotations.JDK15AnnotationFinder.lambda$findAnnotation$0(JDK15AnnotationFinder.java:279)
	at java.base/java.util.concurrent.ConcurrentHashMap.computeIfAbsent(ConcurrentHashMap.java:1705)
	at org.testng.internal.annotations.JDK15AnnotationFinder.findAnnotation(JDK15AnnotationFinder.java:275)
	at org.testng.internal.annotations.JDK15AnnotationFinder.findAnnotation(JDK15AnnotationFinder.java:113)
	at org.testng.internal.TestNGClassFinder.isTestNGClass(TestNGClassFinder.java:275)
	at org.testng.internal.TestNGClassFinder.isNotTestNGClass(TestNGClassFinder.java:260)
	at org.testng.internal.TestNGClassFinder.processClass(TestNGClassFinder.java:94)
	at org.testng.internal.TestNGClassFinder.<init>(TestNGClassFinder.java:67)
	at org.testng.TestRunner.initMethods(TestRunner.java:442)
	at org.testng.TestRunner.init(TestRunner.java:336)
	at org.testng.TestRunner.init(TestRunner.java:289)
	at org.testng.TestRunner.<init>(TestRunner.java:179)
	at org.testng.SuiteRunner$DefaultTestRunnerFactory.newTestRunner(SuiteRunner.java:643)
	at org.testng.SuiteRunner.init(SuiteRunner.java:225)
	at org.testng.SuiteRunner.<init>(SuiteRunner.java:115)
	at org.testng.TestNG.createSuiteRunner(TestNG.java:1349)
	at org.testng.TestNG.createSuiteRunners(TestNG.java:1325)
	at org.testng.TestNG.runSuitesLocally(TestNG.java:1167)
	at org.testng.TestNG.runSuites(TestNG.java:1099)
	at org.testng.TestNG.run(TestNG.java:1067)
	at org.apache.maven.surefire.testng.TestNGExecutor.run(TestNGExecutor.java:324)
	at org.apache.maven.surefire.testng.TestNGXmlTestSuite.execute(TestNGXmlTestSuite.java:74)
	at org.apache.maven.surefire.testng.TestNGProvider.invoke(TestNGProvider.java:123)
	at org.apache.maven.surefire.booter.ForkedBooter.runSuitesInProcess(ForkedBooter.java:456)
	at org.apache.maven.surefire.booter.ForkedBooter.execute(ForkedBooter.java:169)
	at org.apache.maven.surefire.booter.ForkedBooter.run(ForkedBooter.java:595)
	at org.apache.maven.surefire.booter.ForkedBooter.main(ForkedBooter.java:581)

2023-02-13 11:57:15,713 main ERROR Unable to create file ./results/logs/${ctx:threadName}.log java.io.IOException: The filename, directory name, or volume label syntax is incorrect
	at java.base/java.io.WinNTFileSystem.canonicalize0(Native Method)
	at java.base/java.io.WinNTFileSystem.canonicalize(WinNTFileSystem.java:483)
	at java.base/java.io.File.getCanonicalPath(File.java:626)
	at java.base/java.io.File.getCanonicalFile(File.java:651)
	at org.apache.logging.log4j.core.util.FileUtils.makeParentDirs(FileUtils.java:139)
	at org.apache.logging.log4j.core.appender.rolling.RollingFileManager$RollingFileManagerFactory.createManager(RollingFileManager.java:734)
	at org.apache.logging.log4j.core.appender.rolling.RollingFileManager$RollingFileManagerFactory.createManager(RollingFileManager.java:718)
	at org.apache.logging.log4j.core.appender.AbstractManager.getManager(AbstractManager.java:144)
	at org.apache.logging.log4j.core.appender.OutputStreamManager.getManager(OutputStreamManager.java:100)
	at org.apache.logging.log4j.core.appender.rolling.RollingFileManager.getFileManager(RollingFileManager.java:217)
	at org.apache.logging.log4j.core.appender.RollingFileAppender$Builder.build(RollingFileAppender.java:135)
	at org.apache.logging.log4j.core.appender.RollingFileAppender$Builder.build(RollingFileAppender.java:62)
	at org.apache.logging.log4j.core.config.plugins.util.PluginBuilder.build(PluginBuilder.java:124)
	at org.apache.logging.log4j.core.config.AbstractConfiguration.createPluginObject(AbstractConfiguration.java:1138)
	at org.apache.logging.log4j.core.config.AbstractConfiguration.createConfiguration(AbstractConfiguration.java:1063)
	at org.apache.logging.log4j.core.appender.routing.RoutingAppender.createAppender(RoutingAppender.java:310)
	at org.apache.logging.log4j.core.appender.routing.RoutingAppender.getControl(RoutingAppender.java:282)
	at org.apache.logging.log4j.core.appender.routing.RoutingAppender.append(RoutingAppender.java:240)
	at org.apache.logging.log4j.core.config.AppenderControl.tryCallAppender(AppenderControl.java:161)
	at org.apache.logging.log4j.core.config.AppenderControl.callAppender0(AppenderControl.java:134)
	at org.apache.logging.log4j.core.config.AppenderControl.callAppenderPreventRecursion(AppenderControl.java:125)
	at org.apache.logging.log4j.core.config.AppenderControl.callAppender(AppenderControl.java:89)
	at org.apache.logging.log4j.core.config.LoggerConfig.callAppenders(LoggerConfig.java:683)
	at org.apache.logging.log4j.core.config.LoggerConfig.processLogEvent(LoggerConfig.java:641)
	at org.apache.logging.log4j.core.config.LoggerConfig.log(LoggerConfig.java:624)
	at org.apache.logging.log4j.core.config.LoggerConfig.log(LoggerConfig.java:560)
	at org.apache.logging.log4j.core.config.AwaitCompletionReliabilityStrategy.log(AwaitCompletionReliabilityStrategy.java:82)
	at org.apache.logging.log4j.core.Logger.log(Logger.java:162)
	at org.apache.logging.log4j.spi.AbstractLogger.logMessage(AbstractLogger.java:2106)
	at org.apache.logging.log4j.internal.DefaultLogBuilder.logMessage(DefaultLogBuilder.java:241)
	at org.apache.logging.log4j.internal.DefaultLogBuilder.log(DefaultLogBuilder.java:162)
	at org.apache.xmlbeans.impl.schema.SchemaTypeSystemImpl.resolveHandle(SchemaTypeSystemImpl.java:935)
	at org.apache.xmlbeans.SchemaComponent$Ref.getComponent(SchemaComponent.java:111)
	at org.apache.xmlbeans.SchemaType$Ref.get(SchemaType.java:1072)
	at org.apache.xmlbeans.impl.schema.SchemaPropertyImpl.getType(SchemaPropertyImpl.java:85)
	at org.apache.xmlbeans.impl.schema.SchemaTypeImpl.createElementType(SchemaTypeImpl.java:990)
	at org.apache.xmlbeans.impl.values.XmlObjectBase.create_element_user(XmlObjectBase.java:879)
	at org.apache.xmlbeans.impl.store.Xobj.getUser(Xobj.java:1597)
	at org.apache.xmlbeans.impl.store.Xobj.find_element_user(Xobj.java:1968)
	at org.openxmlformats.schemas.spreadsheetml.x2006.main.impl.CTStylesheetImpl.getNumFmts(CTStylesheetImpl.java:49)
	at org.apache.poi.xssf.model.StylesTable.readFrom(StylesTable.java:229)
	at org.apache.poi.xssf.model.StylesTable.<init>(StylesTable.java:159)
	at org.apache.poi.ooxml.POIXMLFactory.createDocumentPart(POIXMLFactory.java:61)
	at org.apache.poi.ooxml.POIXMLDocumentPart.read(POIXMLDocumentPart.java:661)
	at org.apache.poi.ooxml.POIXMLDocument.load(POIXMLDocument.java:165)
	at org.apache.poi.xssf.usermodel.XSSFWorkbook.<init>(XSSFWorkbook.java:260)
	at org.apache.poi.xssf.usermodel.XSSFWorkbook.<init>(XSSFWorkbook.java:290)
	at org.apache.poi.xssf.usermodel.XSSFWorkbook.<init>(XSSFWorkbook.java:286)
	at externalResources.ExcelDataRead.<init>(ExcelDataRead.java:22)
	at listeners.AnnotationsTransformer.toBeExecuted(AnnotationsTransformer.java:36)
	at listeners.AnnotationsTransformer.transform(AnnotationsTransformer.java:24)
	at org.testng.internal.annotations.JDK15AnnotationFinder.transform(JDK15AnnotationFinder.java:172)
	at org.testng.internal.annotations.JDK15AnnotationFinder.lambda$findAnnotation$0(JDK15AnnotationFinder.java:279)
	at java.base/java.util.concurrent.ConcurrentHashMap.computeIfAbsent(ConcurrentHashMap.java:1705)
	at org.testng.internal.annotations.JDK15AnnotationFinder.findAnnotation(JDK15AnnotationFinder.java:275)
	at org.testng.internal.annotations.JDK15AnnotationFinder.findAnnotation(JDK15AnnotationFinder.java:113)
	at org.testng.internal.TestNGClassFinder.isTestNGClass(TestNGClassFinder.java:275)
	at org.testng.internal.TestNGClassFinder.isNotTestNGClass(TestNGClassFinder.java:260)
	at org.testng.internal.TestNGClassFinder.processClass(TestNGClassFinder.java:94)
	at org.testng.internal.TestNGClassFinder.<init>(TestNGClassFinder.java:67)
	at org.testng.TestRunner.initMethods(TestRunner.java:442)
	at org.testng.TestRunner.init(TestRunner.java:336)
	at org.testng.TestRunner.init(TestRunner.java:289)
	at org.testng.TestRunner.<init>(TestRunner.java:179)
	at org.testng.SuiteRunner$DefaultTestRunnerFactory.newTestRunner(SuiteRunner.java:643)
	at org.testng.SuiteRunner.init(SuiteRunner.java:225)
	at org.testng.SuiteRunner.<init>(SuiteRunner.java:115)
	at org.testng.TestNG.createSuiteRunner(TestNG.java:1349)
	at org.testng.TestNG.createSuiteRunners(TestNG.java:1325)
	at org.testng.TestNG.runSuitesLocally(TestNG.java:1167)
	at org.testng.TestNG.runSuites(TestNG.java:1099)
	at org.testng.TestNG.run(TestNG.java:1067)
	at org.apache.maven.surefire.testng.TestNGExecutor.run(TestNGExecutor.java:324)
	at org.apache.maven.surefire.testng.TestNGXmlTestSuite.execute(TestNGXmlTestSuite.java:74)
	at org.apache.maven.surefire.testng.TestNGProvider.invoke(TestNGProvider.java:123)
	at org.apache.maven.surefire.booter.ForkedBooter.runSuitesInProcess(ForkedBooter.java:456)
	at org.apache.maven.surefire.booter.ForkedBooter.execute(ForkedBooter.java:169)
	at org.apache.maven.surefire.booter.ForkedBooter.run(ForkedBooter.java:595)
	at org.apache.maven.surefire.booter.ForkedBooter.main(ForkedBooter.java:581)

2023-02-13 11:57:15,714 main ERROR Could not create plugin of type class org.apache.logging.log4j.core.appender.RollingFileAppender for element RollingFile: java.lang.IllegalStateException: ManagerFactory [org.apache.logging.log4j.core.appender.rolling.RollingFileManager$RollingFileManagerFactory@4e6d7365] unable to create manager for [./results/logs/${ctx:threadName}.log] with data [org.apache.logging.log4j.core.appender.rolling.RollingFileManager$FactoryData@11de56e6[pattern=./results/logs/${ctx:threadName}-%d{yyyy-MM-dd}.log, append=true, bufferedIO=true, bufferSize=8192, policy=SizeBasedTriggeringPolicy(size=512000), strategy=DefaultRolloverStrategy(min=1, max=7, useMax=true), advertiseURI=null, layout=%d{HH:mm:ss.SSS} [%t] %-5level %logger{36} - %msg%n, filePermissions=null, fileOwner=null]] java.lang.IllegalStateException: ManagerFactory [org.apache.logging.log4j.core.appender.rolling.RollingFileManager$RollingFileManagerFactory@4e6d7365] unable to create manager for [./results/logs/${ctx:threadName}.log] with data [org.apache.logging.log4j.core.appender.rolling.RollingFileManager$FactoryData@11de56e6[pattern=./results/logs/${ctx:threadName}-%d{yyyy-MM-dd}.log, append=true, bufferedIO=true, bufferSize=8192, policy=SizeBasedTriggeringPolicy(size=512000), strategy=DefaultRolloverStrategy(min=1, max=7, useMax=true), advertiseURI=null, layout=%d{HH:mm:ss.SSS} [%t] %-5level %logger{36} - %msg%n, filePermissions=null, fileOwner=null]]
	at org.apache.logging.log4j.core.appender.AbstractManager.getManager(AbstractManager.java:146)
	at org.apache.logging.log4j.core.appender.OutputStreamManager.getManager(OutputStreamManager.java:100)
	at org.apache.logging.log4j.core.appender.rolling.RollingFileManager.getFileManager(RollingFileManager.java:217)
	at org.apache.logging.log4j.core.appender.RollingFileAppender$Builder.build(RollingFileAppender.java:135)
	at org.apache.logging.log4j.core.appender.RollingFileAppender$Builder.build(RollingFileAppender.java:62)
	at org.apache.logging.log4j.core.config.plugins.util.PluginBuilder.build(PluginBuilder.java:124)
	at org.apache.logging.log4j.core.config.AbstractConfiguration.createPluginObject(AbstractConfiguration.java:1138)
	at org.apache.logging.log4j.core.config.AbstractConfiguration.createConfiguration(AbstractConfiguration.java:1063)
	at org.apache.logging.log4j.core.appender.routing.RoutingAppender.createAppender(RoutingAppender.java:310)
	at org.apache.logging.log4j.core.appender.routing.RoutingAppender.getControl(RoutingAppender.java:282)
	at org.apache.logging.log4j.core.appender.routing.RoutingAppender.append(RoutingAppender.java:240)
	at org.apache.logging.log4j.core.config.AppenderControl.tryCallAppender(AppenderControl.java:161)
	at org.apache.logging.log4j.core.config.AppenderControl.callAppender0(AppenderControl.java:134)
	at org.apache.logging.log4j.core.config.AppenderControl.callAppenderPreventRecursion(AppenderControl.java:125)
	at org.apache.logging.log4j.core.config.AppenderControl.callAppender(AppenderControl.java:89)
	at org.apache.logging.log4j.core.config.LoggerConfig.callAppenders(LoggerConfig.java:683)
	at org.apache.logging.log4j.core.config.LoggerConfig.processLogEvent(LoggerConfig.java:641)
	at org.apache.logging.log4j.core.config.LoggerConfig.log(LoggerConfig.java:624)
	at org.apache.logging.log4j.core.config.LoggerConfig.log(LoggerConfig.java:560)
	at org.apache.logging.log4j.core.config.AwaitCompletionReliabilityStrategy.log(AwaitCompletionReliabilityStrategy.java:82)
	at org.apache.logging.log4j.core.Logger.log(Logger.java:162)
	at org.apache.logging.log4j.spi.AbstractLogger.logMessage(AbstractLogger.java:2106)
	at org.apache.logging.log4j.internal.DefaultLogBuilder.logMessage(DefaultLogBuilder.java:241)
	at org.apache.logging.log4j.internal.DefaultLogBuilder.log(DefaultLogBuilder.java:162)
	at org.apache.xmlbeans.impl.schema.SchemaTypeSystemImpl.resolveHandle(SchemaTypeSystemImpl.java:935)
	at org.apache.xmlbeans.SchemaComponent$Ref.getComponent(SchemaComponent.java:111)
	at org.apache.xmlbeans.SchemaType$Ref.get(SchemaType.java:1072)
	at org.apache.xmlbeans.impl.schema.SchemaPropertyImpl.getType(SchemaPropertyImpl.java:85)
	at org.apache.xmlbeans.impl.schema.SchemaTypeImpl.createElementType(SchemaTypeImpl.java:990)
	at org.apache.xmlbeans.impl.values.XmlObjectBase.create_element_user(XmlObjectBase.java:879)
	at org.apache.xmlbeans.impl.store.Xobj.getUser(Xobj.java:1597)
	at org.apache.xmlbeans.impl.store.Xobj.find_element_user(Xobj.java:1968)
	at org.openxmlformats.schemas.spreadsheetml.x2006.main.impl.CTStylesheetImpl.getNumFmts(CTStylesheetImpl.java:49)
	at org.apache.poi.xssf.model.StylesTable.readFrom(StylesTable.java:229)
	at org.apache.poi.xssf.model.StylesTable.<init>(StylesTable.java:159)
	at org.apache.poi.ooxml.POIXMLFactory.createDocumentPart(POIXMLFactory.java:61)
	at org.apache.poi.ooxml.POIXMLDocumentPart.read(POIXMLDocumentPart.java:661)
	at org.apache.poi.ooxml.POIXMLDocument.load(POIXMLDocument.java:165)
	at org.apache.poi.xssf.usermodel.XSSFWorkbook.<init>(XSSFWorkbook.java:260)
	at org.apache.poi.xssf.usermodel.XSSFWorkbook.<init>(XSSFWorkbook.java:290)
	at org.apache.poi.xssf.usermodel.XSSFWorkbook.<init>(XSSFWorkbook.java:286)
	at externalResources.ExcelDataRead.<init>(ExcelDataRead.java:22)
	at listeners.AnnotationsTransformer.toBeExecuted(AnnotationsTransformer.java:36)
	at listeners.AnnotationsTransformer.transform(AnnotationsTransformer.java:24)
	at org.testng.internal.annotations.JDK15AnnotationFinder.transform(JDK15AnnotationFinder.java:172)
	at org.testng.internal.annotations.JDK15AnnotationFinder.lambda$findAnnotation$0(JDK15AnnotationFinder.java:279)
	at java.base/java.util.concurrent.ConcurrentHashMap.computeIfAbsent(ConcurrentHashMap.java:1705)
	at org.testng.internal.annotations.JDK15AnnotationFinder.findAnnotation(JDK15AnnotationFinder.java:275)
	at org.testng.internal.annotations.JDK15AnnotationFinder.findAnnotation(JDK15AnnotationFinder.java:113)
	at org.testng.internal.TestNGClassFinder.isTestNGClass(TestNGClassFinder.java:275)
	at org.testng.internal.TestNGClassFinder.isNotTestNGClass(TestNGClassFinder.java:260)
	at org.testng.internal.TestNGClassFinder.processClass(TestNGClassFinder.java:94)
	at org.testng.internal.TestNGClassFinder.<init>(TestNGClassFinder.java:67)
	at org.testng.TestRunner.initMethods(TestRunner.java:442)
	at org.testng.TestRunner.init(TestRunner.java:336)
	at org.testng.TestRunner.init(TestRunner.java:289)
	at org.testng.TestRunner.<init>(TestRunner.java:179)
	at org.testng.SuiteRunner$DefaultTestRunnerFactory.newTestRunner(SuiteRunner.java:643)
	at org.testng.SuiteRunner.init(SuiteRunner.java:225)
	at org.testng.SuiteRunner.<init>(SuiteRunner.java:115)
	at org.testng.TestNG.createSuiteRunner(TestNG.java:1349)
	at org.testng.TestNG.createSuiteRunners(TestNG.java:1325)
	at org.testng.TestNG.runSuitesLocally(TestNG.java:1167)
	at org.testng.TestNG.runSuites(TestNG.java:1099)
	at org.testng.TestNG.run(TestNG.java:1067)
	at org.apache.maven.surefire.testng.TestNGExecutor.run(TestNGExecutor.java:324)
	at org.apache.maven.surefire.testng.TestNGXmlTestSuite.execute(TestNGXmlTestSuite.java:74)
	at org.apache.maven.surefire.testng.TestNGProvider.invoke(TestNGProvider.java:123)
	at org.apache.maven.surefire.booter.ForkedBooter.runSuitesInProcess(ForkedBooter.java:456)
	at org.apache.maven.surefire.booter.ForkedBooter.execute(ForkedBooter.java:169)
	at org.apache.maven.surefire.booter.ForkedBooter.run(ForkedBooter.java:595)
	at org.apache.maven.surefire.booter.ForkedBooter.main(ForkedBooter.java:581)

2023-02-13 11:57:15,714 main ERROR Unable to invoke factory method in class org.apache.logging.log4j.core.appender.RollingFileAppender for element RollingFile: java.lang.IllegalStateException: No factory method found for class org.apache.logging.log4j.core.appender.RollingFileAppender java.lang.IllegalStateException: No factory method found for class org.apache.logging.log4j.core.appender.RollingFileAppender
	at org.apache.logging.log4j.core.config.plugins.util.PluginBuilder.findFactoryMethod(PluginBuilder.java:260)
	at org.apache.logging.log4j.core.config.plugins.util.PluginBuilder.build(PluginBuilder.java:136)
	at org.apache.logging.log4j.core.config.AbstractConfiguration.createPluginObject(AbstractConfiguration.java:1138)
	at org.apache.logging.log4j.core.config.AbstractConfiguration.createConfiguration(AbstractConfiguration.java:1063)
	at org.apache.logging.log4j.core.appender.routing.RoutingAppender.createAppender(RoutingAppender.java:310)
	at org.apache.logging.log4j.core.appender.routing.RoutingAppender.getControl(RoutingAppender.java:282)
	at org.apache.logging.log4j.core.appender.routing.RoutingAppender.append(RoutingAppender.java:240)
	at org.apache.logging.log4j.core.config.AppenderControl.tryCallAppender(AppenderControl.java:161)
	at org.apache.logging.log4j.core.config.AppenderControl.callAppender0(AppenderControl.java:134)
	at org.apache.logging.log4j.core.config.AppenderControl.callAppenderPreventRecursion(AppenderControl.java:125)
	at org.apache.logging.log4j.core.config.AppenderControl.callAppender(AppenderControl.java:89)
	at org.apache.logging.log4j.core.config.LoggerConfig.callAppenders(LoggerConfig.java:683)
	at org.apache.logging.log4j.core.config.LoggerConfig.processLogEvent(LoggerConfig.java:641)
	at org.apache.logging.log4j.core.config.LoggerConfig.log(LoggerConfig.java:624)
	at org.apache.logging.log4j.core.config.LoggerConfig.log(LoggerConfig.java:560)
	at org.apache.logging.log4j.core.config.AwaitCompletionReliabilityStrategy.log(AwaitCompletionReliabilityStrategy.java:82)
	at org.apache.logging.log4j.core.Logger.log(Logger.java:162)
	at org.apache.logging.log4j.spi.AbstractLogger.logMessage(AbstractLogger.java:2106)
	at org.apache.logging.log4j.internal.DefaultLogBuilder.logMessage(DefaultLogBuilder.java:241)
	at org.apache.logging.log4j.internal.DefaultLogBuilder.log(DefaultLogBuilder.java:162)
	at org.apache.xmlbeans.impl.schema.SchemaTypeSystemImpl.resolveHandle(SchemaTypeSystemImpl.java:935)
	at org.apache.xmlbeans.SchemaComponent$Ref.getComponent(SchemaComponent.java:111)
	at org.apache.xmlbeans.SchemaType$Ref.get(SchemaType.java:1072)
	at org.apache.xmlbeans.impl.schema.SchemaPropertyImpl.getType(SchemaPropertyImpl.java:85)
	at org.apache.xmlbeans.impl.schema.SchemaTypeImpl.createElementType(SchemaTypeImpl.java:990)
	at org.apache.xmlbeans.impl.values.XmlObjectBase.create_element_user(XmlObjectBase.java:879)
	at org.apache.xmlbeans.impl.store.Xobj.getUser(Xobj.java:1597)
	at org.apache.xmlbeans.impl.store.Xobj.find_element_user(Xobj.java:1968)
	at org.openxmlformats.schemas.spreadsheetml.x2006.main.impl.CTStylesheetImpl.getNumFmts(CTStylesheetImpl.java:49)
	at org.apache.poi.xssf.model.StylesTable.readFrom(StylesTable.java:229)
	at org.apache.poi.xssf.model.StylesTable.<init>(StylesTable.java:159)
	at org.apache.poi.ooxml.POIXMLFactory.createDocumentPart(POIXMLFactory.java:61)
	at org.apache.poi.ooxml.POIXMLDocumentPart.read(POIXMLDocumentPart.java:661)
	at org.apache.poi.ooxml.POIXMLDocument.load(POIXMLDocument.java:165)
	at org.apache.poi.xssf.usermodel.XSSFWorkbook.<init>(XSSFWorkbook.java:260)
	at org.apache.poi.xssf.usermodel.XSSFWorkbook.<init>(XSSFWorkbook.java:290)
	at org.apache.poi.xssf.usermodel.XSSFWorkbook.<init>(XSSFWorkbook.java:286)
	at externalResources.ExcelDataRead.<init>(ExcelDataRead.java:22)
	at listeners.AnnotationsTransformer.toBeExecuted(AnnotationsTransformer.java:36)
	at listeners.AnnotationsTransformer.transform(AnnotationsTransformer.java:24)
	at org.testng.internal.annotations.JDK15AnnotationFinder.transform(JDK15AnnotationFinder.java:172)
	at org.testng.internal.annotations.JDK15AnnotationFinder.lambda$findAnnotation$0(JDK15AnnotationFinder.java:279)
	at java.base/java.util.concurrent.ConcurrentHashMap.computeIfAbsent(ConcurrentHashMap.java:1705)
	at org.testng.internal.annotations.JDK15AnnotationFinder.findAnnotation(JDK15AnnotationFinder.java:275)
	at org.testng.internal.annotations.JDK15AnnotationFinder.findAnnotation(JDK15AnnotationFinder.java:113)
	at org.testng.internal.TestNGClassFinder.isTestNGClass(TestNGClassFinder.java:275)
	at org.testng.internal.TestNGClassFinder.isNotTestNGClass(TestNGClassFinder.java:260)
	at org.testng.internal.TestNGClassFinder.processClass(TestNGClassFinder.java:94)
	at org.testng.internal.TestNGClassFinder.<init>(TestNGClassFinder.java:67)
	at org.testng.TestRunner.initMethods(TestRunner.java:442)
	at org.testng.TestRunner.init(TestRunner.java:336)
	at org.testng.TestRunner.init(TestRunner.java:289)
	at org.testng.TestRunner.<init>(TestRunner.java:179)
	at org.testng.SuiteRunner$DefaultTestRunnerFactory.newTestRunner(SuiteRunner.java:643)
	at org.testng.SuiteRunner.init(SuiteRunner.java:225)
	at org.testng.SuiteRunner.<init>(SuiteRunner.java:115)
	at org.testng.TestNG.createSuiteRunner(TestNG.java:1349)
	at org.testng.TestNG.createSuiteRunners(TestNG.java:1325)
	at org.testng.TestNG.runSuitesLocally(TestNG.java:1167)
	at org.testng.TestNG.runSuites(TestNG.java:1099)
	at org.testng.TestNG.run(TestNG.java:1067)
	at org.apache.maven.surefire.testng.TestNGExecutor.run(TestNGExecutor.java:324)
	at org.apache.maven.surefire.testng.TestNGXmlTestSuite.execute(TestNGXmlTestSuite.java:74)
	at org.apache.maven.surefire.testng.TestNGProvider.invoke(TestNGProvider.java:123)
	at org.apache.maven.surefire.booter.ForkedBooter.runSuitesInProcess(ForkedBooter.java:456)
	at org.apache.maven.surefire.booter.ForkedBooter.execute(ForkedBooter.java:169)
	at org.apache.maven.surefire.booter.ForkedBooter.run(ForkedBooter.java:595)
	at org.apache.maven.surefire.booter.ForkedBooter.main(ForkedBooter.java:581)

2023-02-13 11:57:15,721 main ERROR Unable to create file ./results/logs/${ctx:threadName}.log java.io.IOException: The filename, directory name, or volume label syntax is incorrect
	at java.base/java.io.WinNTFileSystem.canonicalize0(Native Method)
	at java.base/java.io.WinNTFileSystem.canonicalize(WinNTFileSystem.java:483)
	at java.base/java.io.File.getCanonicalPath(File.java:626)
	at java.base/java.io.File.getCanonicalFile(File.java:651)
	at org.apache.logging.log4j.core.util.FileUtils.makeParentDirs(FileUtils.java:139)
	at org.apache.logging.log4j.core.appender.rolling.RollingFileManager$RollingFileManagerFactory.createManager(RollingFileManager.java:734)
	at org.apache.logging.log4j.core.appender.rolling.RollingFileManager$RollingFileManagerFactory.createManager(RollingFileManager.java:718)
	at org.apache.logging.log4j.core.appender.AbstractManager.getManager(AbstractManager.java:144)
	at org.apache.logging.log4j.core.appender.OutputStreamManager.getManager(OutputStreamManager.java:100)
	at org.apache.logging.log4j.core.appender.rolling.RollingFileManager.getFileManager(RollingFileManager.java:217)
	at org.apache.logging.log4j.core.appender.RollingFileAppender$Builder.build(RollingFileAppender.java:135)
	at org.apache.logging.log4j.core.appender.RollingFileAppender$Builder.build(RollingFileAppender.java:62)
	at org.apache.logging.log4j.core.config.plugins.util.PluginBuilder.build(PluginBuilder.java:124)
	at org.apache.logging.log4j.core.config.AbstractConfiguration.createPluginObject(AbstractConfiguration.java:1138)
	at org.apache.logging.log4j.core.config.AbstractConfiguration.createConfiguration(AbstractConfiguration.java:1063)
	at org.apache.logging.log4j.core.appender.routing.RoutingAppender.createAppender(RoutingAppender.java:310)
	at org.apache.logging.log4j.core.appender.routing.RoutingAppender.getControl(RoutingAppender.java:282)
	at org.apache.logging.log4j.core.appender.routing.RoutingAppender.append(RoutingAppender.java:240)
	at org.apache.logging.log4j.core.config.AppenderControl.tryCallAppender(AppenderControl.java:161)
	at org.apache.logging.log4j.core.config.AppenderControl.callAppender0(AppenderControl.java:134)
	at org.apache.logging.log4j.core.config.AppenderControl.callAppenderPreventRecursion(AppenderControl.java:125)
	at org.apache.logging.log4j.core.config.AppenderControl.callAppender(AppenderControl.java:89)
	at org.apache.logging.log4j.core.config.LoggerConfig.callAppenders(LoggerConfig.java:683)
	at org.apache.logging.log4j.core.config.LoggerConfig.processLogEvent(LoggerConfig.java:641)
	at org.apache.logging.log4j.core.config.LoggerConfig.log(LoggerConfig.java:624)
	at org.apache.logging.log4j.core.config.LoggerConfig.log(LoggerConfig.java:560)
	at org.apache.logging.log4j.core.config.AwaitCompletionReliabilityStrategy.log(AwaitCompletionReliabilityStrategy.java:82)
	at org.apache.logging.log4j.core.Logger.log(Logger.java:162)
	at org.apache.logging.log4j.spi.AbstractLogger.logMessage(AbstractLogger.java:2106)
	at org.apache.logging.log4j.internal.DefaultLogBuilder.logMessage(DefaultLogBuilder.java:241)
	at org.apache.logging.log4j.internal.DefaultLogBuilder.log(DefaultLogBuilder.java:162)
	at org.apache.xmlbeans.impl.schema.SchemaTypeSystemImpl.resolveHandle(SchemaTypeSystemImpl.java:935)
	at org.apache.xmlbeans.SchemaComponent$Ref.getComponent(SchemaComponent.java:111)
	at org.apache.xmlbeans.SchemaType$Ref.get(SchemaType.java:1072)
	at org.apache.xmlbeans.impl.schema.SchemaPropertyImpl.getType(SchemaPropertyImpl.java:85)
	at org.apache.xmlbeans.impl.schema.SchemaTypeImpl.createElementType(SchemaTypeImpl.java:990)
	at org.apache.xmlbeans.impl.values.XmlObjectBase.create_element_user(XmlObjectBase.java:879)
	at org.apache.xmlbeans.impl.store.Xobj.getUser(Xobj.java:1597)
	at org.apache.xmlbeans.impl.store.Xobj.find_element_user(Xobj.java:1968)
	at org.openxmlformats.schemas.spreadsheetml.x2006.main.impl.CTStylesheetImpl.getFonts(CTStylesheetImpl.java:105)
	at org.apache.poi.xssf.model.StylesTable.readFrom(StylesTable.java:237)
	at org.apache.poi.xssf.model.StylesTable.<init>(StylesTable.java:159)
	at org.apache.poi.ooxml.POIXMLFactory.createDocumentPart(POIXMLFactory.java:61)
	at org.apache.poi.ooxml.POIXMLDocumentPart.read(POIXMLDocumentPart.java:661)
	at org.apache.poi.ooxml.POIXMLDocument.load(POIXMLDocument.java:165)
	at org.apache.poi.xssf.usermodel.XSSFWorkbook.<init>(XSSFWorkbook.java:260)
	at org.apache.poi.xssf.usermodel.XSSFWorkbook.<init>(XSSFWorkbook.java:290)
	at org.apache.poi.xssf.usermodel.XSSFWorkbook.<init>(XSSFWorkbook.java:286)
	at externalResources.ExcelDataRead.<init>(ExcelDataRead.java:22)
	at listeners.AnnotationsTransformer.toBeExecuted(AnnotationsTransformer.java:36)
	at listeners.AnnotationsTransformer.transform(AnnotationsTransformer.java:24)
	at org.testng.internal.annotations.JDK15AnnotationFinder.transform(JDK15AnnotationFinder.java:172)
	at org.testng.internal.annotations.JDK15AnnotationFinder.lambda$findAnnotation$0(JDK15AnnotationFinder.java:279)
	at java.base/java.util.concurrent.ConcurrentHashMap.computeIfAbsent(ConcurrentHashMap.java:1705)
	at org.testng.internal.annotations.JDK15AnnotationFinder.findAnnotation(JDK15AnnotationFinder.java:275)
	at org.testng.internal.annotations.JDK15AnnotationFinder.findAnnotation(JDK15AnnotationFinder.java:113)
	at org.testng.internal.TestNGClassFinder.isTestNGClass(TestNGClassFinder.java:275)
	at org.testng.internal.TestNGClassFinder.isNotTestNGClass(TestNGClassFinder.java:260)
	at org.testng.internal.TestNGClassFinder.processClass(TestNGClassFinder.java:94)
	at org.testng.internal.TestNGClassFinder.<init>(TestNGClassFinder.java:67)
	at org.testng.TestRunner.initMethods(TestRunner.java:442)
	at org.testng.TestRunner.init(TestRunner.java:336)
	at org.testng.TestRunner.init(TestRunner.java:289)
	at org.testng.TestRunner.<init>(TestRunner.java:179)
	at org.testng.SuiteRunner$DefaultTestRunnerFactory.newTestRunner(SuiteRunner.java:643)
	at org.testng.SuiteRunner.init(SuiteRunner.java:225)
	at org.testng.SuiteRunner.<init>(SuiteRunner.java:115)
	at org.testng.TestNG.createSuiteRunner(TestNG.java:1349)
	at org.testng.TestNG.createSuiteRunners(TestNG.java:1325)
	at org.testng.TestNG.runSuitesLocally(TestNG.java:1167)
	at org.testng.TestNG.runSuites(TestNG.java:1099)
	at org.testng.TestNG.run(TestNG.java:1067)
	at org.apache.maven.surefire.testng.TestNGExecutor.run(TestNGExecutor.java:324)
	at org.apache.maven.surefire.testng.TestNGXmlTestSuite.execute(TestNGXmlTestSuite.java:74)
	at org.apache.maven.surefire.testng.TestNGProvider.invoke(TestNGProvider.java:123)
	at org.apache.maven.surefire.booter.ForkedBooter.runSuitesInProcess(ForkedBooter.java:456)
	at org.apache.maven.surefire.booter.ForkedBooter.execute(ForkedBooter.java:169)
	at org.apache.maven.surefire.booter.ForkedBooter.run(ForkedBooter.java:595)
	at org.apache.maven.surefire.booter.ForkedBooter.main(ForkedBooter.java:581)

2023-02-13 11:57:15,722 main ERROR Could not create plugin of type class org.apache.logging.log4j.core.appender.RollingFileAppender for element RollingFile: java.lang.IllegalStateException: ManagerFactory [org.apache.logging.log4j.core.appender.rolling.RollingFileManager$RollingFileManagerFactory@4e6d7365] unable to create manager for [./results/logs/${ctx:threadName}.log] with data [org.apache.logging.log4j.core.appender.rolling.RollingFileManager$FactoryData@64c4c01[pattern=./results/logs/${ctx:threadName}-%d{yyyy-MM-dd}.log, append=true, bufferedIO=true, bufferSize=8192, policy=SizeBasedTriggeringPolicy(size=512000), strategy=DefaultRolloverStrategy(min=1, max=7, useMax=true), advertiseURI=null, layout=%d{HH:mm:ss.SSS} [%t] %-5level %logger{36} - %msg%n, filePermissions=null, fileOwner=null]] java.lang.IllegalStateException: ManagerFactory [org.apache.logging.log4j.core.appender.rolling.RollingFileManager$RollingFileManagerFactory@4e6d7365] unable to create manager for [./results/logs/${ctx:threadName}.log] with data [org.apache.logging.log4j.core.appender.rolling.RollingFileManager$FactoryData@64c4c01[pattern=./results/logs/${ctx:threadName}-%d{yyyy-MM-dd}.log, append=true, bufferedIO=true, bufferSize=8192, policy=SizeBasedTriggeringPolicy(size=512000), strategy=DefaultRolloverStrategy(min=1, max=7, useMax=true), advertiseURI=null, layout=%d{HH:mm:ss.SSS} [%t] %-5level %logger{36} - %msg%n, filePermissions=null, fileOwner=null]]
	at org.apache.logging.log4j.core.appender.AbstractManager.getManager(AbstractManager.java:146)
	at org.apache.logging.log4j.core.appender.OutputStreamManager.getManager(OutputStreamManager.java:100)
	at org.apache.logging.log4j.core.appender.rolling.RollingFileManager.getFileManager(RollingFileManager.java:217)
	at org.apache.logging.log4j.core.appender.RollingFileAppender$Builder.build(RollingFileAppender.java:135)
	at org.apache.logging.log4j.core.appender.RollingFileAppender$Builder.build(RollingFileAppender.java:62)
	at org.apache.logging.log4j.core.config.plugins.util.PluginBuilder.build(PluginBuilder.java:124)
	at org.apache.logging.log4j.core.config.AbstractConfiguration.createPluginObject(AbstractConfiguration.java:1138)
	at org.apache.logging.log4j.core.config.AbstractConfiguration.createConfiguration(AbstractConfiguration.java:1063)
	at org.apache.logging.log4j.core.appender.routing.RoutingAppender.createAppender(RoutingAppender.java:310)
	at org.apache.logging.log4j.core.appender.routing.RoutingAppender.getControl(RoutingAppender.java:282)
	at org.apache.logging.log4j.core.appender.routing.RoutingAppender.append(RoutingAppender.java:240)
	at org.apache.logging.log4j.core.config.AppenderControl.tryCallAppender(AppenderControl.java:161)
	at org.apache.logging.log4j.core.config.AppenderControl.callAppender0(AppenderControl.java:134)
	at org.apache.logging.log4j.core.config.AppenderControl.callAppenderPreventRecursion(AppenderControl.java:125)
	at org.apache.logging.log4j.core.config.AppenderControl.callAppender(AppenderControl.java:89)
	at org.apache.logging.log4j.core.config.LoggerConfig.callAppenders(LoggerConfig.java:683)
	at org.apache.logging.log4j.core.config.LoggerConfig.processLogEvent(LoggerConfig.java:641)
	at org.apache.logging.log4j.core.config.LoggerConfig.log(LoggerConfig.java:624)
	at org.apache.logging.log4j.core.config.LoggerConfig.log(LoggerConfig.java:560)
	at org.apache.logging.log4j.core.config.AwaitCompletionReliabilityStrategy.log(AwaitCompletionReliabilityStrategy.java:82)
	at org.apache.logging.log4j.core.Logger.log(Logger.java:162)
	at org.apache.logging.log4j.spi.AbstractLogger.logMessage(AbstractLogger.java:2106)
	at org.apache.logging.log4j.internal.DefaultLogBuilder.logMessage(DefaultLogBuilder.java:241)
	at org.apache.logging.log4j.internal.DefaultLogBuilder.log(DefaultLogBuilder.java:162)
	at org.apache.xmlbeans.impl.schema.SchemaTypeSystemImpl.resolveHandle(SchemaTypeSystemImpl.java:935)
	at org.apache.xmlbeans.SchemaComponent$Ref.getComponent(SchemaComponent.java:111)
	at org.apache.xmlbeans.SchemaType$Ref.get(SchemaType.java:1072)
	at org.apache.xmlbeans.impl.schema.SchemaPropertyImpl.getType(SchemaPropertyImpl.java:85)
	at org.apache.xmlbeans.impl.schema.SchemaTypeImpl.createElementType(SchemaTypeImpl.java:990)
	at org.apache.xmlbeans.impl.values.XmlObjectBase.create_element_user(XmlObjectBase.java:879)
	at org.apache.xmlbeans.impl.store.Xobj.getUser(Xobj.java:1597)
	at org.apache.xmlbeans.impl.store.Xobj.find_element_user(Xobj.java:1968)
	at org.openxmlformats.schemas.spreadsheetml.x2006.main.impl.CTStylesheetImpl.getFonts(CTStylesheetImpl.java:105)
	at org.apache.poi.xssf.model.StylesTable.readFrom(StylesTable.java:237)
	at org.apache.poi.xssf.model.StylesTable.<init>(StylesTable.java:159)
	at org.apache.poi.ooxml.POIXMLFactory.createDocumentPart(POIXMLFactory.java:61)
	at org.apache.poi.ooxml.POIXMLDocumentPart.read(POIXMLDocumentPart.java:661)
	at org.apache.poi.ooxml.POIXMLDocument.load(POIXMLDocument.java:165)
	at org.apache.poi.xssf.usermodel.XSSFWorkbook.<init>(XSSFWorkbook.java:260)
	at org.apache.poi.xssf.usermodel.XSSFWorkbook.<init>(XSSFWorkbook.java:290)
	at org.apache.poi.xssf.usermodel.XSSFWorkbook.<init>(XSSFWorkbook.java:286)
	at externalResources.ExcelDataRead.<init>(ExcelDataRead.java:22)
	at listeners.AnnotationsTransformer.toBeExecuted(AnnotationsTransformer.java:36)
	at listeners.AnnotationsTransformer.transform(AnnotationsTransformer.java:24)
	at org.testng.internal.annotations.JDK15AnnotationFinder.transform(JDK15AnnotationFinder.java:172)
	at org.testng.internal.annotations.JDK15AnnotationFinder.lambda$findAnnotation$0(JDK15AnnotationFinder.java:279)
	at java.base/java.util.concurrent.ConcurrentHashMap.computeIfAbsent(ConcurrentHashMap.java:1705)
	at org.testng.internal.annotations.JDK15AnnotationFinder.findAnnotation(JDK15AnnotationFinder.java:275)
	at org.testng.internal.annotations.JDK15AnnotationFinder.findAnnotation(JDK15AnnotationFinder.java:113)
	at org.testng.internal.TestNGClassFinder.isTestNGClass(TestNGClassFinder.java:275)
	at org.testng.internal.TestNGClassFinder.isNotTestNGClass(TestNGClassFinder.java:260)
	at org.testng.internal.TestNGClassFinder.processClass(TestNGClassFinder.java:94)
	at org.testng.internal.TestNGClassFinder.<init>(TestNGClassFinder.java:67)
	at org.testng.TestRunner.initMethods(TestRunner.java:442)
	at org.testng.TestRunner.init(TestRunner.java:336)
	at org.testng.TestRunner.init(TestRunner.java:289)
	at org.testng.TestRunner.<init>(TestRunner.java:179)
	at org.testng.SuiteRunner$DefaultTestRunnerFactory.newTestRunner(SuiteRunner.java:643)
	at org.testng.SuiteRunner.init(SuiteRunner.java:225)
	at org.testng.SuiteRunner.<init>(SuiteRunner.java:115)
	at org.testng.TestNG.createSuiteRunner(TestNG.java:1349)
	at org.testng.TestNG.createSuiteRunners(TestNG.java:1325)
	at org.testng.TestNG.runSuitesLocally(TestNG.java:1167)
	at org.testng.TestNG.runSuites(TestNG.java:1099)
	at org.testng.TestNG.run(TestNG.java:1067)
	at org.apache.maven.surefire.testng.TestNGExecutor.run(TestNGExecutor.java:324)
	at org.apache.maven.surefire.testng.TestNGXmlTestSuite.execute(TestNGXmlTestSuite.java:74)
	at org.apache.maven.surefire.testng.TestNGProvider.invoke(TestNGProvider.java:123)
	at org.apache.maven.surefire.booter.ForkedBooter.runSuitesInProcess(ForkedBooter.java:456)
	at org.apache.maven.surefire.booter.ForkedBooter.execute(ForkedBooter.java:169)
	at org.apache.maven.surefire.booter.ForkedBooter.run(ForkedBooter.java:595)
	at org.apache.maven.surefire.booter.ForkedBooter.main(ForkedBooter.java:581)

2023-02-13 11:57:15,722 main ERROR Unable to invoke factory method in class org.apache.logging.log4j.core.appender.RollingFileAppender for element RollingFile: java.lang.IllegalStateException: No factory method found for class org.apache.logging.log4j.core.appender.RollingFileAppender java.lang.IllegalStateException: No factory method found for class org.apache.logging.log4j.core.appender.RollingFileAppender
	at org.apache.logging.log4j.core.config.plugins.util.PluginBuilder.findFactoryMethod(PluginBuilder.java:260)
	at org.apache.logging.log4j.core.config.plugins.util.PluginBuilder.build(PluginBuilder.java:136)
	at org.apache.logging.log4j.core.config.AbstractConfiguration.createPluginObject(AbstractConfiguration.java:1138)
	at org.apache.logging.log4j.core.config.AbstractConfiguration.createConfiguration(AbstractConfiguration.java:1063)
	at org.apache.logging.log4j.core.appender.routing.RoutingAppender.createAppender(RoutingAppender.java:310)
	at org.apache.logging.log4j.core.appender.routing.RoutingAppender.getControl(RoutingAppender.java:282)
	at org.apache.logging.log4j.core.appender.routing.RoutingAppender.append(RoutingAppender.java:240)
	at org.apache.logging.log4j.core.config.AppenderControl.tryCallAppender(AppenderControl.java:161)
	at org.apache.logging.log4j.core.config.AppenderControl.callAppender0(AppenderControl.java:134)
	at org.apache.logging.log4j.core.config.AppenderControl.callAppenderPreventRecursion(AppenderControl.java:125)
	at org.apache.logging.log4j.core.config.AppenderControl.callAppender(AppenderControl.java:89)
	at org.apache.logging.log4j.core.config.LoggerConfig.callAppenders(LoggerConfig.java:683)
	at org.apache.logging.log4j.core.config.LoggerConfig.processLogEvent(LoggerConfig.java:641)
	at org.apache.logging.log4j.core.config.LoggerConfig.log(LoggerConfig.java:624)
	at org.apache.logging.log4j.core.config.LoggerConfig.log(LoggerConfig.java:560)
	at org.apache.logging.log4j.core.config.AwaitCompletionReliabilityStrategy.log(AwaitCompletionReliabilityStrategy.java:82)
	at org.apache.logging.log4j.core.Logger.log(Logger.java:162)
	at org.apache.logging.log4j.spi.AbstractLogger.logMessage(AbstractLogger.java:2106)
	at org.apache.logging.log4j.internal.DefaultLogBuilder.logMessage(DefaultLogBuilder.java:241)
	at org.apache.logging.log4j.internal.DefaultLogBuilder.log(DefaultLogBuilder.java:162)
	at org.apache.xmlbeans.impl.schema.SchemaTypeSystemImpl.resolveHandle(SchemaTypeSystemImpl.java:935)
	at org.apache.xmlbeans.SchemaComponent$Ref.getComponent(SchemaComponent.java:111)
	at org.apache.xmlbeans.SchemaType$Ref.get(SchemaType.java:1072)
	at org.apache.xmlbeans.impl.schema.SchemaPropertyImpl.getType(SchemaPropertyImpl.java:85)
	at org.apache.xmlbeans.impl.schema.SchemaTypeImpl.createElementType(SchemaTypeImpl.java:990)
	at org.apache.xmlbeans.impl.values.XmlObjectBase.create_element_user(XmlObjectBase.java:879)
	at org.apache.xmlbeans.impl.store.Xobj.getUser(Xobj.java:1597)
	at org.apache.xmlbeans.impl.store.Xobj.find_element_user(Xobj.java:1968)
	at org.openxmlformats.schemas.spreadsheetml.x2006.main.impl.CTStylesheetImpl.getFonts(CTStylesheetImpl.java:105)
	at org.apache.poi.xssf.model.StylesTable.readFrom(StylesTable.java:237)
	at org.apache.poi.xssf.model.StylesTable.<init>(StylesTable.java:159)
	at org.apache.poi.ooxml.POIXMLFactory.createDocumentPart(POIXMLFactory.java:61)
	at org.apache.poi.ooxml.POIXMLDocumentPart.read(POIXMLDocumentPart.java:661)
	at org.apache.poi.ooxml.POIXMLDocument.load(POIXMLDocument.java:165)
	at org.apache.poi.xssf.usermodel.XSSFWorkbook.<init>(XSSFWorkbook.java:260)
	at org.apache.poi.xssf.usermodel.XSSFWorkbook.<init>(XSSFWorkbook.java:290)
	at org.apache.poi.xssf.usermodel.XSSFWorkbook.<init>(XSSFWorkbook.java:286)
	at externalResources.ExcelDataRead.<init>(ExcelDataRead.java:22)
	at listeners.AnnotationsTransformer.toBeExecuted(AnnotationsTransformer.java:36)
	at listeners.AnnotationsTransformer.transform(AnnotationsTransformer.java:24)
	at org.testng.internal.annotations.JDK15AnnotationFinder.transform(JDK15AnnotationFinder.java:172)
	at org.testng.internal.annotations.JDK15AnnotationFinder.lambda$findAnnotation$0(JDK15AnnotationFinder.java:279)
	at java.base/java.util.concurrent.ConcurrentHashMap.computeIfAbsent(ConcurrentHashMap.java:1705)
	at org.testng.internal.annotations.JDK15AnnotationFinder.findAnnotation(JDK15AnnotationFinder.java:275)
	at org.testng.internal.annotations.JDK15AnnotationFinder.findAnnotation(JDK15AnnotationFinder.java:113)
	at org.testng.internal.TestNGClassFinder.isTestNGClass(TestNGClassFinder.java:275)
	at org.testng.internal.TestNGClassFinder.isNotTestNGClass(TestNGClassFinder.java:260)
	at org.testng.internal.TestNGClassFinder.processClass(TestNGClassFinder.java:94)
	at org.testng.internal.TestNGClassFinder.<init>(TestNGClassFinder.java:67)
	at org.testng.TestRunner.initMethods(TestRunner.java:442)
	at org.testng.TestRunner.init(TestRunner.java:336)
	at org.testng.TestRunner.init(TestRunner.java:289)
	at org.testng.TestRunner.<init>(TestRunner.java:179)
	at org.testng.SuiteRunner$DefaultTestRunnerFactory.newTestRunner(SuiteRunner.java:643)
	at org.testng.SuiteRunner.init(SuiteRunner.java:225)
	at org.testng.SuiteRunner.<init>(SuiteRunner.java:115)
	at org.testng.TestNG.createSuiteRunner(TestNG.java:1349)
	at org.testng.TestNG.createSuiteRunners(TestNG.java:1325)
	at org.testng.TestNG.runSuitesLocally(TestNG.java:1167)
	at org.testng.TestNG.runSuites(TestNG.java:1099)
	at org.testng.TestNG.run(TestNG.java:1067)
	at org.apache.maven.surefire.testng.TestNGExecutor.run(TestNGExecutor.java:324)
	at org.apache.maven.surefire.testng.TestNGXmlTestSuite.execute(TestNGXmlTestSuite.java:74)
	at org.apache.maven.surefire.testng.TestNGProvider.invoke(TestNGProvider.java:123)
	at org.apache.maven.surefire.booter.ForkedBooter.runSuitesInProcess(ForkedBooter.java:456)
	at org.apache.maven.surefire.booter.ForkedBooter.execute(ForkedBooter.java:169)
	at org.apache.maven.surefire.booter.ForkedBooter.run(ForkedBooter.java:595)
	at org.apache.maven.surefire.booter.ForkedBooter.main(ForkedBooter.java:581)

2023-02-13 11:57:15,731 main ERROR Unable to create file ./results/logs/${ctx:threadName}.log java.io.IOException: The filename, directory name, or volume label syntax is incorrect
	at java.base/java.io.WinNTFileSystem.canonicalize0(Native Method)
	at java.base/java.io.WinNTFileSystem.canonicalize(WinNTFileSystem.java:483)
	at java.base/java.io.File.getCanonicalPath(File.java:626)
	at java.base/java.io.File.getCanonicalFile(File.java:651)
	at org.apache.logging.log4j.core.util.FileUtils.makeParentDirs(FileUtils.java:139)
	at org.apache.logging.log4j.core.appender.rolling.RollingFileManager$RollingFileManagerFactory.createManager(RollingFileManager.java:734)
	at org.apache.logging.log4j.core.appender.rolling.RollingFileManager$RollingFileManagerFactory.createManager(RollingFileManager.java:718)
	at org.apache.logging.log4j.core.appender.AbstractManager.getManager(AbstractManager.java:144)
	at org.apache.logging.log4j.core.appender.OutputStreamManager.getManager(OutputStreamManager.java:100)
	at org.apache.logging.log4j.core.appender.rolling.RollingFileManager.getFileManager(RollingFileManager.java:217)
	at org.apache.logging.log4j.core.appender.RollingFileAppender$Builder.build(RollingFileAppender.java:135)
	at org.apache.logging.log4j.core.appender.RollingFileAppender$Builder.build(RollingFileAppender.java:62)
	at org.apache.logging.log4j.core.config.plugins.util.PluginBuilder.build(PluginBuilder.java:124)
	at org.apache.logging.log4j.core.config.AbstractConfiguration.createPluginObject(AbstractConfiguration.java:1138)
	at org.apache.logging.log4j.core.config.AbstractConfiguration.createConfiguration(AbstractConfiguration.java:1063)
	at org.apache.logging.log4j.core.appender.routing.RoutingAppender.createAppender(RoutingAppender.java:310)
	at org.apache.logging.log4j.core.appender.routing.RoutingAppender.getControl(RoutingAppender.java:282)
	at org.apache.logging.log4j.core.appender.routing.RoutingAppender.append(RoutingAppender.java:240)
	at org.apache.logging.log4j.core.config.AppenderControl.tryCallAppender(AppenderControl.java:161)
	at org.apache.logging.log4j.core.config.AppenderControl.callAppender0(AppenderControl.java:134)
	at org.apache.logging.log4j.core.config.AppenderControl.callAppenderPreventRecursion(AppenderControl.java:125)
	at org.apache.logging.log4j.core.config.AppenderControl.callAppender(AppenderControl.java:89)
	at org.apache.logging.log4j.core.config.LoggerConfig.callAppenders(LoggerConfig.java:683)
	at org.apache.logging.log4j.core.config.LoggerConfig.processLogEvent(LoggerConfig.java:641)
	at org.apache.logging.log4j.core.config.LoggerConfig.log(LoggerConfig.java:624)
	at org.apache.logging.log4j.core.config.LoggerConfig.log(LoggerConfig.java:560)
	at org.apache.logging.log4j.core.config.AwaitCompletionReliabilityStrategy.log(AwaitCompletionReliabilityStrategy.java:82)
	at org.apache.logging.log4j.core.Logger.log(Logger.java:162)
	at org.apache.logging.log4j.spi.AbstractLogger.logMessage(AbstractLogger.java:2106)
	at org.apache.logging.log4j.internal.DefaultLogBuilder.logMessage(DefaultLogBuilder.java:241)
	at org.apache.logging.log4j.internal.DefaultLogBuilder.log(DefaultLogBuilder.java:162)
	at org.apache.xmlbeans.impl.schema.SchemaTypeSystemImpl.resolveHandle(SchemaTypeSystemImpl.java:935)
	at org.apache.xmlbeans.SchemaComponent$Ref.getComponent(SchemaComponent.java:111)
	at org.apache.xmlbeans.SchemaType$Ref.get(SchemaType.java:1072)
	at org.apache.xmlbeans.impl.schema.SchemaPropertyImpl.getType(SchemaPropertyImpl.java:85)
	at org.apache.xmlbeans.impl.schema.SchemaTypeImpl.createElementType(SchemaTypeImpl.java:990)
	at org.apache.xmlbeans.impl.values.XmlObjectBase.create_element_user(XmlObjectBase.java:879)
	at org.apache.xmlbeans.impl.store.Xobj.getUser(Xobj.java:1597)
	at org.apache.xmlbeans.impl.store.Xobj.find_all_element_users(Xobj.java:1990)
	at org.apache.xmlbeans.impl.values.XmlObjectBase.getBaseArray(XmlObjectBase.java:3104)
	at org.apache.xmlbeans.impl.values.XmlObjectBase.getXmlObjectArray(XmlObjectBase.java:3203)
	at org.openxmlformats.schemas.spreadsheetml.x2006.main.impl.CTFontsImpl.getFontArray(CTFontsImpl.java:54)
	at org.apache.poi.xssf.model.StylesTable.readFrom(StylesTable.java:240)
	at org.apache.poi.xssf.model.StylesTable.<init>(StylesTable.java:159)
	at org.apache.poi.ooxml.POIXMLFactory.createDocumentPart(POIXMLFactory.java:61)
	at org.apache.poi.ooxml.POIXMLDocumentPart.read(POIXMLDocumentPart.java:661)
	at org.apache.poi.ooxml.POIXMLDocument.load(POIXMLDocument.java:165)
	at org.apache.poi.xssf.usermodel.XSSFWorkbook.<init>(XSSFWorkbook.java:260)
	at org.apache.poi.xssf.usermodel.XSSFWorkbook.<init>(XSSFWorkbook.java:290)
	at org.apache.poi.xssf.usermodel.XSSFWorkbook.<init>(XSSFWorkbook.java:286)
	at externalResources.ExcelDataRead.<init>(ExcelDataRead.java:22)
	at listeners.AnnotationsTransformer.toBeExecuted(AnnotationsTransformer.java:36)
	at listeners.AnnotationsTransformer.transform(AnnotationsTransformer.java:24)
	at org.testng.internal.annotations.JDK15AnnotationFinder.transform(JDK15AnnotationFinder.java:172)
	at org.testng.internal.annotations.JDK15AnnotationFinder.lambda$findAnnotation$0(JDK15AnnotationFinder.java:279)
	at java.base/java.util.concurrent.ConcurrentHashMap.computeIfAbsent(ConcurrentHashMap.java:1705)
	at org.testng.internal.annotations.JDK15AnnotationFinder.findAnnotation(JDK15AnnotationFinder.java:275)
	at org.testng.internal.annotations.JDK15AnnotationFinder.findAnnotation(JDK15AnnotationFinder.java:113)
	at org.testng.internal.TestNGClassFinder.isTestNGClass(TestNGClassFinder.java:275)
	at org.testng.internal.TestNGClassFinder.isNotTestNGClass(TestNGClassFinder.java:260)
	at org.testng.internal.TestNGClassFinder.processClass(TestNGClassFinder.java:94)
	at org.testng.internal.TestNGClassFinder.<init>(TestNGClassFinder.java:67)
	at org.testng.TestRunner.initMethods(TestRunner.java:442)
	at org.testng.TestRunner.init(TestRunner.java:336)
	at org.testng.TestRunner.init(TestRunner.java:289)
	at org.testng.TestRunner.<init>(TestRunner.java:179)
	at org.testng.SuiteRunner$DefaultTestRunnerFactory.newTestRunner(SuiteRunner.java:643)
	at org.testng.SuiteRunner.init(SuiteRunner.java:225)
	at org.testng.SuiteRunner.<init>(SuiteRunner.java:115)
	at org.testng.TestNG.createSuiteRunner(TestNG.java:1349)
	at org.testng.TestNG.createSuiteRunners(TestNG.java:1325)
	at org.testng.TestNG.runSuitesLocally(TestNG.java:1167)
	at org.testng.TestNG.runSuites(TestNG.java:1099)
	at org.testng.TestNG.run(TestNG.java:1067)
	at org.apache.maven.surefire.testng.TestNGExecutor.run(TestNGExecutor.java:324)
	at org.apache.maven.surefire.testng.TestNGXmlTestSuite.execute(TestNGXmlTestSuite.java:74)
	at org.apache.maven.surefire.testng.TestNGProvider.invoke(TestNGProvider.java:123)
	at org.apache.maven.surefire.booter.ForkedBooter.runSuitesInProcess(ForkedBooter.java:456)
	at org.apache.maven.surefire.booter.ForkedBooter.execute(ForkedBooter.java:169)
	at org.apache.maven.surefire.booter.ForkedBooter.run(ForkedBooter.java:595)
	at org.apache.maven.surefire.booter.ForkedBooter.main(ForkedBooter.java:581)

2023-02-13 11:57:15,732 main ERROR Could not create plugin of type class org.apache.logging.log4j.core.appender.RollingFileAppender for element RollingFile: java.lang.IllegalStateException: ManagerFactory [org.apache.logging.log4j.core.appender.rolling.RollingFileManager$RollingFileManagerFactory@4e6d7365] unable to create manager for [./results/logs/${ctx:threadName}.log] with data [org.apache.logging.log4j.core.appender.rolling.RollingFileManager$FactoryData@46d9aec8[pattern=./results/logs/${ctx:threadName}-%d{yyyy-MM-dd}.log, append=true, bufferedIO=true, bufferSize=8192, policy=SizeBasedTriggeringPolicy(size=512000), strategy=DefaultRolloverStrategy(min=1, max=7, useMax=true), advertiseURI=null, layout=%d{HH:mm:ss.SSS} [%t] %-5level %logger{36} - %msg%n, filePermissions=null, fileOwner=null]] java.lang.IllegalStateException: ManagerFactory [org.apache.logging.log4j.core.appender.rolling.RollingFileManager$RollingFileManagerFactory@4e6d7365] unable to create manager for [./results/logs/${ctx:threadName}.log] with data [org.apache.logging.log4j.core.appender.rolling.RollingFileManager$FactoryData@46d9aec8[pattern=./results/logs/${ctx:threadName}-%d{yyyy-MM-dd}.log, append=true, bufferedIO=true, bufferSize=8192, policy=SizeBasedTriggeringPolicy(size=512000), strategy=DefaultRolloverStrategy(min=1, max=7, useMax=true), advertiseURI=null, layout=%d{HH:mm:ss.SSS} [%t] %-5level %logger{36} - %msg%n, filePermissions=null, fileOwner=null]]
	at org.apache.logging.log4j.core.appender.AbstractManager.getManager(AbstractManager.java:146)
	at org.apache.logging.log4j.core.appender.OutputStreamManager.getManager(OutputStreamManager.java:100)
	at org.apache.logging.log4j.core.appender.rolling.RollingFileManager.getFileManager(RollingFileManager.java:217)
	at org.apache.logging.log4j.core.appender.RollingFileAppender$Builder.build(RollingFileAppender.java:135)
	at org.apache.logging.log4j.core.appender.RollingFileAppender$Builder.build(RollingFileAppender.java:62)
	at org.apache.logging.log4j.core.config.plugins.util.PluginBuilder.build(PluginBuilder.java:124)
	at org.apache.logging.log4j.core.config.AbstractConfiguration.createPluginObject(AbstractConfiguration.java:1138)
	at org.apache.logging.log4j.core.config.AbstractConfiguration.createConfiguration(AbstractConfiguration.java:1063)
	at org.apache.logging.log4j.core.appender.routing.RoutingAppender.createAppender(RoutingAppender.java:310)
	at org.apache.logging.log4j.core.appender.routing.RoutingAppender.getControl(RoutingAppender.java:282)
	at org.apache.logging.log4j.core.appender.routing.RoutingAppender.append(RoutingAppender.java:240)
	at org.apache.logging.log4j.core.config.AppenderControl.tryCallAppender(AppenderControl.java:161)
	at org.apache.logging.log4j.core.config.AppenderControl.callAppender0(AppenderControl.java:134)
	at org.apache.logging.log4j.core.config.AppenderControl.callAppenderPreventRecursion(AppenderControl.java:125)
	at org.apache.logging.log4j.core.config.AppenderControl.callAppender(AppenderControl.java:89)
	at org.apache.logging.log4j.core.config.LoggerConfig.callAppenders(LoggerConfig.java:683)
	at org.apache.logging.log4j.core.config.LoggerConfig.processLogEvent(LoggerConfig.java:641)
	at org.apache.logging.log4j.core.config.LoggerConfig.log(LoggerConfig.java:624)
	at org.apache.logging.log4j.core.config.LoggerConfig.log(LoggerConfig.java:560)
	at org.apache.logging.log4j.core.config.AwaitCompletionReliabilityStrategy.log(AwaitCompletionReliabilityStrategy.java:82)
	at org.apache.logging.log4j.core.Logger.log(Logger.java:162)
	at org.apache.logging.log4j.spi.AbstractLogger.logMessage(AbstractLogger.java:2106)
	at org.apache.logging.log4j.internal.DefaultLogBuilder.logMessage(DefaultLogBuilder.java:241)
	at org.apache.logging.log4j.internal.DefaultLogBuilder.log(DefaultLogBuilder.java:162)
	at org.apache.xmlbeans.impl.schema.SchemaTypeSystemImpl.resolveHandle(SchemaTypeSystemImpl.java:935)
	at org.apache.xmlbeans.SchemaComponent$Ref.getComponent(SchemaComponent.java:111)
	at org.apache.xmlbeans.SchemaType$Ref.get(SchemaType.java:1072)
	at org.apache.xmlbeans.impl.schema.SchemaPropertyImpl.getType(SchemaPropertyImpl.java:85)
	at org.apache.xmlbeans.impl.schema.SchemaTypeImpl.createElementType(SchemaTypeImpl.java:990)
	at org.apache.xmlbeans.impl.values.XmlObjectBase.create_element_user(XmlObjectBase.java:879)
	at org.apache.xmlbeans.impl.store.Xobj.getUser(Xobj.java:1597)
	at org.apache.xmlbeans.impl.store.Xobj.find_all_element_users(Xobj.java:1990)
	at org.apache.xmlbeans.impl.values.XmlObjectBase.getBaseArray(XmlObjectBase.java:3104)
	at org.apache.xmlbeans.impl.values.XmlObjectBase.getXmlObjectArray(XmlObjectBase.java:3203)
	at org.openxmlformats.schemas.spreadsheetml.x2006.main.impl.CTFontsImpl.getFontArray(CTFontsImpl.java:54)
	at org.apache.poi.xssf.model.StylesTable.readFrom(StylesTable.java:240)
	at org.apache.poi.xssf.model.StylesTable.<init>(StylesTable.java:159)
	at org.apache.poi.ooxml.POIXMLFactory.createDocumentPart(POIXMLFactory.java:61)
	at org.apache.poi.ooxml.POIXMLDocumentPart.read(POIXMLDocumentPart.java:661)
	at org.apache.poi.ooxml.POIXMLDocument.load(POIXMLDocument.java:165)
	at org.apache.poi.xssf.usermodel.XSSFWorkbook.<init>(XSSFWorkbook.java:260)
	at org.apache.poi.xssf.usermodel.XSSFWorkbook.<init>(XSSFWorkbook.java:290)
	at org.apache.poi.xssf.usermodel.XSSFWorkbook.<init>(XSSFWorkbook.java:286)
	at externalResources.ExcelDataRead.<init>(ExcelDataRead.java:22)
	at listeners.AnnotationsTransformer.toBeExecuted(AnnotationsTransformer.java:36)
	at listeners.AnnotationsTransformer.transform(AnnotationsTransformer.java:24)
	at org.testng.internal.annotations.JDK15AnnotationFinder.transform(JDK15AnnotationFinder.java:172)
	at org.testng.internal.annotations.JDK15AnnotationFinder.lambda$findAnnotation$0(JDK15AnnotationFinder.java:279)
	at java.base/java.util.concurrent.ConcurrentHashMap.computeIfAbsent(ConcurrentHashMap.java:1705)
	at org.testng.internal.annotations.JDK15AnnotationFinder.findAnnotation(JDK15AnnotationFinder.java:275)
	at org.testng.internal.annotations.JDK15AnnotationFinder.findAnnotation(JDK15AnnotationFinder.java:113)
	at org.testng.internal.TestNGClassFinder.isTestNGClass(TestNGClassFinder.java:275)
	at org.testng.internal.TestNGClassFinder.isNotTestNGClass(TestNGClassFinder.java:260)
	at org.testng.internal.TestNGClassFinder.processClass(TestNGClassFinder.java:94)
	at org.testng.internal.TestNGClassFinder.<init>(TestNGClassFinder.java:67)
	at org.testng.TestRunner.initMethods(TestRunner.java:442)
	at org.testng.TestRunner.init(TestRunner.java:336)
	at org.testng.TestRunner.init(TestRunner.java:289)
	at org.testng.TestRunner.<init>(TestRunner.java:179)
	at org.testng.SuiteRunner$DefaultTestRunnerFactory.newTestRunner(SuiteRunner.java:643)
	at org.testng.SuiteRunner.init(SuiteRunner.java:225)
	at org.testng.SuiteRunner.<init>(SuiteRunner.java:115)
	at org.testng.TestNG.createSuiteRunner(TestNG.java:1349)
	at org.testng.TestNG.createSuiteRunners(TestNG.java:1325)
	at org.testng.TestNG.runSuitesLocally(TestNG.java:1167)
	at org.testng.TestNG.runSuites(TestNG.java:1099)
	at org.testng.TestNG.run(TestNG.java:1067)
	at org.apache.maven.surefire.testng.TestNGExecutor.run(TestNGExecutor.java:324)
	at org.apache.maven.surefire.testng.TestNGXmlTestSuite.execute(TestNGXmlTestSuite.java:74)
	at org.apache.maven.surefire.testng.TestNGProvider.invoke(TestNGProvider.java:123)
	at org.apache.maven.surefire.booter.ForkedBooter.runSuitesInProcess(ForkedBooter.java:456)
	at org.apache.maven.surefire.booter.ForkedBooter.execute(ForkedBooter.java:169)
	at org.apache.maven.surefire.booter.ForkedBooter.run(ForkedBooter.java:595)
	at org.apache.maven.surefire.booter.ForkedBooter.main(ForkedBooter.java:581)

2023-02-13 11:57:15,733 main ERROR Unable to invoke factory method in class org.apache.logging.log4j.core.appender.RollingFileAppender for element RollingFile: java.lang.IllegalStateException: No factory method found for class org.apache.logging.log4j.core.appender.RollingFileAppender java.lang.IllegalStateException: No factory method found for class org.apache.logging.log4j.core.appender.RollingFileAppender
	at org.apache.logging.log4j.core.config.plugins.util.PluginBuilder.findFactoryMethod(PluginBuilder.java:260)
	at org.apache.logging.log4j.core.config.plugins.util.PluginBuilder.build(PluginBuilder.java:136)
	at org.apache.logging.log4j.core.config.AbstractConfiguration.createPluginObject(AbstractConfiguration.java:1138)
	at org.apache.logging.log4j.core.config.AbstractConfiguration.createConfiguration(AbstractConfiguration.java:1063)
	at org.apache.logging.log4j.core.appender.routing.RoutingAppender.createAppender(RoutingAppender.java:310)
	at org.apache.logging.log4j.core.appender.routing.RoutingAppender.getControl(RoutingAppender.java:282)
	at org.apache.logging.log4j.core.appender.routing.RoutingAppender.append(RoutingAppender.java:240)
	at org.apache.logging.log4j.core.config.AppenderControl.tryCallAppender(AppenderControl.java:161)
	at org.apache.logging.log4j.core.config.AppenderControl.callAppender0(AppenderControl.java:134)
	at org.apache.logging.log4j.core.config.AppenderControl.callAppenderPreventRecursion(AppenderControl.java:125)
	at org.apache.logging.log4j.core.config.AppenderControl.callAppender(AppenderControl.java:89)
	at org.apache.logging.log4j.core.config.LoggerConfig.callAppenders(LoggerConfig.java:683)
	at org.apache.logging.log4j.core.config.LoggerConfig.processLogEvent(LoggerConfig.java:641)
	at org.apache.logging.log4j.core.config.LoggerConfig.log(LoggerConfig.java:624)
	at org.apache.logging.log4j.core.config.LoggerConfig.log(LoggerConfig.java:560)
	at org.apache.logging.log4j.core.config.AwaitCompletionReliabilityStrategy.log(AwaitCompletionReliabilityStrategy.java:82)
	at org.apache.logging.log4j.core.Logger.log(Logger.java:162)
	at org.apache.logging.log4j.spi.AbstractLogger.logMessage(AbstractLogger.java:2106)
	at org.apache.logging.log4j.internal.DefaultLogBuilder.logMessage(DefaultLogBuilder.java:241)
	at org.apache.logging.log4j.internal.DefaultLogBuilder.log(DefaultLogBuilder.java:162)
	at org.apache.xmlbeans.impl.schema.SchemaTypeSystemImpl.resolveHandle(SchemaTypeSystemImpl.java:935)
	at org.apache.xmlbeans.SchemaComponent$Ref.getComponent(SchemaComponent.java:111)
	at org.apache.xmlbeans.SchemaType$Ref.get(SchemaType.java:1072)
	at org.apache.xmlbeans.impl.schema.SchemaPropertyImpl.getType(SchemaPropertyImpl.java:85)
	at org.apache.xmlbeans.impl.schema.SchemaTypeImpl.createElementType(SchemaTypeImpl.java:990)
	at org.apache.xmlbeans.impl.values.XmlObjectBase.create_element_user(XmlObjectBase.java:879)
	at org.apache.xmlbeans.impl.store.Xobj.getUser(Xobj.java:1597)
	at org.apache.xmlbeans.impl.store.Xobj.find_all_element_users(Xobj.java:1990)
	at org.apache.xmlbeans.impl.values.XmlObjectBase.getBaseArray(XmlObjectBase.java:3104)
	at org.apache.xmlbeans.impl.values.XmlObjectBase.getXmlObjectArray(XmlObjectBase.java:3203)
	at org.openxmlformats.schemas.spreadsheetml.x2006.main.impl.CTFontsImpl.getFontArray(CTFontsImpl.java:54)
	at org.apache.poi.xssf.model.StylesTable.readFrom(StylesTable.java:240)
	at org.apache.poi.xssf.model.StylesTable.<init>(StylesTable.java:159)
	at org.apache.poi.ooxml.POIXMLFactory.createDocumentPart(POIXMLFactory.java:61)
	at org.apache.poi.ooxml.POIXMLDocumentPart.read(POIXMLDocumentPart.java:661)
	at org.apache.poi.ooxml.POIXMLDocument.load(POIXMLDocument.java:165)
	at org.apache.poi.xssf.usermodel.XSSFWorkbook.<init>(XSSFWorkbook.java:260)
	at org.apache.poi.xssf.usermodel.XSSFWorkbook.<init>(XSSFWorkbook.java:290)
	at org.apache.poi.xssf.usermodel.XSSFWorkbook.<init>(XSSFWorkbook.java:286)
	at externalResources.ExcelDataRead.<init>(ExcelDataRead.java:22)
	at listeners.AnnotationsTransformer.toBeExecuted(AnnotationsTransformer.java:36)
	at listeners.AnnotationsTransformer.transform(AnnotationsTransformer.java:24)
	at org.testng.internal.annotations.JDK15AnnotationFinder.transform(JDK15AnnotationFinder.java:172)
	at org.testng.internal.annotations.JDK15AnnotationFinder.lambda$findAnnotation$0(JDK15AnnotationFinder.java:279)
	at java.base/java.util.concurrent.ConcurrentHashMap.computeIfAbsent(ConcurrentHashMap.java:1705)
	at org.testng.internal.annotations.JDK15AnnotationFinder.findAnnotation(JDK15AnnotationFinder.java:275)
	at org.testng.internal.annotations.JDK15AnnotationFinder.findAnnotation(JDK15AnnotationFinder.java:113)
	at org.testng.internal.TestNGClassFinder.isTestNGClass(TestNGClassFinder.java:275)
	at org.testng.internal.TestNGClassFinder.isNotTestNGClass(TestNGClassFinder.java:260)
	at org.testng.internal.TestNGClassFinder.processClass(TestNGClassFinder.java:94)
	at org.testng.internal.TestNGClassFinder.<init>(TestNGClassFinder.java:67)
	at org.testng.TestRunner.initMethods(TestRunner.java:442)
	at org.testng.TestRunner.init(TestRunner.java:336)
	at org.testng.TestRunner.init(TestRunner.java:289)
	at org.testng.TestRunner.<init>(TestRunner.java:179)
	at org.testng.SuiteRunner$DefaultTestRunnerFactory.newTestRunner(SuiteRunner.java:643)
	at org.testng.SuiteRunner.init(SuiteRunner.java:225)
	at org.testng.SuiteRunner.<init>(SuiteRunner.java:115)
	at org.testng.TestNG.createSuiteRunner(TestNG.java:1349)
	at org.testng.TestNG.createSuiteRunners(TestNG.java:1325)
	at org.testng.TestNG.runSuitesLocally(TestNG.java:1167)
	at org.testng.TestNG.runSuites(TestNG.java:1099)
	at org.testng.TestNG.run(TestNG.java:1067)
	at org.apache.maven.surefire.testng.TestNGExecutor.run(TestNGExecutor.java:324)
	at org.apache.maven.surefire.testng.TestNGXmlTestSuite.execute(TestNGXmlTestSuite.java:74)
	at org.apache.maven.surefire.testng.TestNGProvider.invoke(TestNGProvider.java:123)
	at org.apache.maven.surefire.booter.ForkedBooter.runSuitesInProcess(ForkedBooter.java:456)
	at org.apache.maven.surefire.booter.ForkedBooter.execute(ForkedBooter.java:169)
	at org.apache.maven.surefire.booter.ForkedBooter.run(ForkedBooter.java:595)
	at org.apache.maven.surefire.booter.ForkedBooter.main(ForkedBooter.java:581)

2023-02-13 11:57:15,757 main ERROR Unable to create file ./results/logs/${ctx:threadName}.log java.io.IOException: The filename, directory name, or volume label syntax is incorrect
	at java.base/java.io.WinNTFileSystem.canonicalize0(Native Method)
	at java.base/java.io.WinNTFileSystem.canonicalize(WinNTFileSystem.java:483)
	at java.base/java.io.File.getCanonicalPath(File.java:626)
	at java.base/java.io.File.getCanonicalFile(File.java:651)
	at org.apache.logging.log4j.core.util.FileUtils.makeParentDirs(FileUtils.java:139)
	at org.apache.logging.log4j.core.appender.rolling.RollingFileManager$RollingFileManagerFactory.createManager(RollingFileManager.java:734)
	at org.apache.logging.log4j.core.appender.rolling.RollingFileManager$RollingFileManagerFactory.createManager(RollingFileManager.java:718)
	at org.apache.logging.log4j.core.appender.AbstractManager.getManager(AbstractManager.java:144)
	at org.apache.logging.log4j.core.appender.OutputStreamManager.getManager(OutputStreamManager.java:100)
	at org.apache.logging.log4j.core.appender.rolling.RollingFileManager.getFileManager(RollingFileManager.java:217)
	at org.apache.logging.log4j.core.appender.RollingFileAppender$Builder.build(RollingFileAppender.java:135)
	at org.apache.logging.log4j.core.appender.RollingFileAppender$Builder.build(RollingFileAppender.java:62)
	at org.apache.logging.log4j.core.config.plugins.util.PluginBuilder.build(PluginBuilder.java:124)
	at org.apache.logging.log4j.core.config.AbstractConfiguration.createPluginObject(AbstractConfiguration.java:1138)
	at org.apache.logging.log4j.core.config.AbstractConfiguration.createConfiguration(AbstractConfiguration.java:1063)
	at org.apache.logging.log4j.core.appender.routing.RoutingAppender.createAppender(RoutingAppender.java:310)
	at org.apache.logging.log4j.core.appender.routing.RoutingAppender.getControl(RoutingAppender.java:282)
	at org.apache.logging.log4j.core.appender.routing.RoutingAppender.append(RoutingAppender.java:240)
	at org.apache.logging.log4j.core.config.AppenderControl.tryCallAppender(AppenderControl.java:161)
	at org.apache.logging.log4j.core.config.AppenderControl.callAppender0(AppenderControl.java:134)
	at org.apache.logging.log4j.core.config.AppenderControl.callAppenderPreventRecursion(AppenderControl.java:125)
	at org.apache.logging.log4j.core.config.AppenderControl.callAppender(AppenderControl.java:89)
	at org.apache.logging.log4j.core.config.LoggerConfig.callAppenders(LoggerConfig.java:683)
	at org.apache.logging.log4j.core.config.LoggerConfig.processLogEvent(LoggerConfig.java:641)
	at org.apache.logging.log4j.core.config.LoggerConfig.log(LoggerConfig.java:624)
	at org.apache.logging.log4j.core.config.LoggerConfig.log(LoggerConfig.java:560)
	at org.apache.logging.log4j.core.config.AwaitCompletionReliabilityStrategy.log(AwaitCompletionReliabilityStrategy.java:82)
	at org.apache.logging.log4j.core.Logger.log(Logger.java:162)
	at org.apache.logging.log4j.spi.AbstractLogger.logMessage(AbstractLogger.java:2106)
	at org.apache.logging.log4j.internal.DefaultLogBuilder.logMessage(DefaultLogBuilder.java:241)
	at org.apache.logging.log4j.internal.DefaultLogBuilder.log(DefaultLogBuilder.java:162)
	at org.apache.xmlbeans.impl.schema.SchemaTypeSystemImpl.resolveHandle(SchemaTypeSystemImpl.java:935)
	at org.apache.xmlbeans.SchemaComponent$Ref.getComponent(SchemaComponent.java:111)
	at org.apache.xmlbeans.SchemaType$Ref.get(SchemaType.java:1072)
	at org.apache.xmlbeans.impl.schema.SchemaPropertyImpl.getType(SchemaPropertyImpl.java:85)
	at org.apache.xmlbeans.impl.schema.SchemaTypeImpl.createElementType(SchemaTypeImpl.java:990)
	at org.apache.xmlbeans.impl.values.XmlObjectBase.create_element_user(XmlObjectBase.java:879)
	at org.apache.xmlbeans.impl.store.Xobj.getUser(Xobj.java:1597)
	at org.apache.xmlbeans.impl.store.Xobj.find_element_user(Xobj.java:1968)
	at org.openxmlformats.schemas.spreadsheetml.x2006.main.impl.CTStylesheetImpl.getFills(CTStylesheetImpl.java:161)
	at org.apache.poi.xssf.model.StylesTable.readFrom(StylesTable.java:247)
	at org.apache.poi.xssf.model.StylesTable.<init>(StylesTable.java:159)
	at org.apache.poi.ooxml.POIXMLFactory.createDocumentPart(POIXMLFactory.java:61)
	at org.apache.poi.ooxml.POIXMLDocumentPart.read(POIXMLDocumentPart.java:661)
	at org.apache.poi.ooxml.POIXMLDocument.load(POIXMLDocument.java:165)
	at org.apache.poi.xssf.usermodel.XSSFWorkbook.<init>(XSSFWorkbook.java:260)
	at org.apache.poi.xssf.usermodel.XSSFWorkbook.<init>(XSSFWorkbook.java:290)
	at org.apache.poi.xssf.usermodel.XSSFWorkbook.<init>(XSSFWorkbook.java:286)
	at externalResources.ExcelDataRead.<init>(ExcelDataRead.java:22)
	at listeners.AnnotationsTransformer.toBeExecuted(AnnotationsTransformer.java:36)
	at listeners.AnnotationsTransformer.transform(AnnotationsTransformer.java:24)
	at org.testng.internal.annotations.JDK15AnnotationFinder.transform(JDK15AnnotationFinder.java:172)
	at org.testng.internal.annotations.JDK15AnnotationFinder.lambda$findAnnotation$0(JDK15AnnotationFinder.java:279)
	at java.base/java.util.concurrent.ConcurrentHashMap.computeIfAbsent(ConcurrentHashMap.java:1705)
	at org.testng.internal.annotations.JDK15AnnotationFinder.findAnnotation(JDK15AnnotationFinder.java:275)
	at org.testng.internal.annotations.JDK15AnnotationFinder.findAnnotation(JDK15AnnotationFinder.java:113)
	at org.testng.internal.TestNGClassFinder.isTestNGClass(TestNGClassFinder.java:275)
	at org.testng.internal.TestNGClassFinder.isNotTestNGClass(TestNGClassFinder.java:260)
	at org.testng.internal.TestNGClassFinder.processClass(TestNGClassFinder.java:94)
	at org.testng.internal.TestNGClassFinder.<init>(TestNGClassFinder.java:67)
	at org.testng.TestRunner.initMethods(TestRunner.java:442)
	at org.testng.TestRunner.init(TestRunner.java:336)
	at org.testng.TestRunner.init(TestRunner.java:289)
	at org.testng.TestRunner.<init>(TestRunner.java:179)
	at org.testng.SuiteRunner$DefaultTestRunnerFactory.newTestRunner(SuiteRunner.java:643)
	at org.testng.SuiteRunner.init(SuiteRunner.java:225)
	at org.testng.SuiteRunner.<init>(SuiteRunner.java:115)
	at org.testng.TestNG.createSuiteRunner(TestNG.java:1349)
	at org.testng.TestNG.createSuiteRunners(TestNG.java:1325)
	at org.testng.TestNG.runSuitesLocally(TestNG.java:1167)
	at org.testng.TestNG.runSuites(TestNG.java:1099)
	at org.testng.TestNG.run(TestNG.java:1067)
	at org.apache.maven.surefire.testng.TestNGExecutor.run(TestNGExecutor.java:324)
	at org.apache.maven.surefire.testng.TestNGXmlTestSuite.execute(TestNGXmlTestSuite.java:74)
	at org.apache.maven.surefire.testng.TestNGProvider.invoke(TestNGProvider.java:123)
	at org.apache.maven.surefire.booter.ForkedBooter.runSuitesInProcess(ForkedBooter.java:456)
	at org.apache.maven.surefire.booter.ForkedBooter.execute(ForkedBooter.java:169)
	at org.apache.maven.surefire.booter.ForkedBooter.run(ForkedBooter.java:595)
	at org.apache.maven.surefire.booter.ForkedBooter.main(ForkedBooter.java:581)

2023-02-13 11:57:15,758 main ERROR Could not create plugin of type class org.apache.logging.log4j.core.appender.RollingFileAppender for element RollingFile: java.lang.IllegalStateException: ManagerFactory [org.apache.logging.log4j.core.appender.rolling.RollingFileManager$RollingFileManagerFactory@4e6d7365] unable to create manager for [./results/logs/${ctx:threadName}.log] with data [org.apache.logging.log4j.core.appender.rolling.RollingFileManager$FactoryData@2b61a019[pattern=./results/logs/${ctx:threadName}-%d{yyyy-MM-dd}.log, append=true, bufferedIO=true, bufferSize=8192, policy=SizeBasedTriggeringPolicy(size=512000), strategy=DefaultRolloverStrategy(min=1, max=7, useMax=true), advertiseURI=null, layout=%d{HH:mm:ss.SSS} [%t] %-5level %logger{36} - %msg%n, filePermissions=null, fileOwner=null]] java.lang.IllegalStateException: ManagerFactory [org.apache.logging.log4j.core.appender.rolling.RollingFileManager$RollingFileManagerFactory@4e6d7365] unable to create manager for [./results/logs/${ctx:threadName}.log] with data [org.apache.logging.log4j.core.appender.rolling.RollingFileManager$FactoryData@2b61a019[pattern=./results/logs/${ctx:threadName}-%d{yyyy-MM-dd}.log, append=true, bufferedIO=true, bufferSize=8192, policy=SizeBasedTriggeringPolicy(size=512000), strategy=DefaultRolloverStrategy(min=1, max=7, useMax=true), advertiseURI=null, layout=%d{HH:mm:ss.SSS} [%t] %-5level %logger{36} - %msg%n, filePermissions=null, fileOwner=null]]
	at org.apache.logging.log4j.core.appender.AbstractManager.getManager(AbstractManager.java:146)
	at org.apache.logging.log4j.core.appender.OutputStreamManager.getManager(OutputStreamManager.java:100)
	at org.apache.logging.log4j.core.appender.rolling.RollingFileManager.getFileManager(RollingFileManager.java:217)
	at org.apache.logging.log4j.core.appender.RollingFileAppender$Builder.build(RollingFileAppender.java:135)
	at org.apache.logging.log4j.core.appender.RollingFileAppender$Builder.build(RollingFileAppender.java:62)
	at org.apache.logging.log4j.core.config.plugins.util.PluginBuilder.build(PluginBuilder.java:124)
	at org.apache.logging.log4j.core.config.AbstractConfiguration.createPluginObject(AbstractConfiguration.java:1138)
	at org.apache.logging.log4j.core.config.AbstractConfiguration.createConfiguration(AbstractConfiguration.java:1063)
	at org.apache.logging.log4j.core.appender.routing.RoutingAppender.createAppender(RoutingAppender.java:310)
	at org.apache.logging.log4j.core.appender.routing.RoutingAppender.getControl(RoutingAppender.java:282)
	at org.apache.logging.log4j.core.appender.routing.RoutingAppender.append(RoutingAppender.java:240)
	at org.apache.logging.log4j.core.config.AppenderControl.tryCallAppender(AppenderControl.java:161)
	at org.apache.logging.log4j.core.config.AppenderControl.callAppender0(AppenderControl.java:134)
	at org.apache.logging.log4j.core.config.AppenderControl.callAppenderPreventRecursion(AppenderControl.java:125)
	at org.apache.logging.log4j.core.config.AppenderControl.callAppender(AppenderControl.java:89)
	at org.apache.logging.log4j.core.config.LoggerConfig.callAppenders(LoggerConfig.java:683)
	at org.apache.logging.log4j.core.config.LoggerConfig.processLogEvent(LoggerConfig.java:641)
	at org.apache.logging.log4j.core.config.LoggerConfig.log(LoggerConfig.java:624)
	at org.apache.logging.log4j.core.config.LoggerConfig.log(LoggerConfig.java:560)
	at org.apache.logging.log4j.core.config.AwaitCompletionReliabilityStrategy.log(AwaitCompletionReliabilityStrategy.java:82)
	at org.apache.logging.log4j.core.Logger.log(Logger.java:162)
	at org.apache.logging.log4j.spi.AbstractLogger.logMessage(AbstractLogger.java:2106)
	at org.apache.logging.log4j.internal.DefaultLogBuilder.logMessage(DefaultLogBuilder.java:241)
	at org.apache.logging.log4j.internal.DefaultLogBuilder.log(DefaultLogBuilder.java:162)
	at org.apache.xmlbeans.impl.schema.SchemaTypeSystemImpl.resolveHandle(SchemaTypeSystemImpl.java:935)
	at org.apache.xmlbeans.SchemaComponent$Ref.getComponent(SchemaComponent.java:111)
	at org.apache.xmlbeans.SchemaType$Ref.get(SchemaType.java:1072)
	at org.apache.xmlbeans.impl.schema.SchemaPropertyImpl.getType(SchemaPropertyImpl.java:85)
	at org.apache.xmlbeans.impl.schema.SchemaTypeImpl.createElementType(SchemaTypeImpl.java:990)
	at org.apache.xmlbeans.impl.values.XmlObjectBase.create_element_user(XmlObjectBase.java:879)
	at org.apache.xmlbeans.impl.store.Xobj.getUser(Xobj.java:1597)
	at org.apache.xmlbeans.impl.store.Xobj.find_element_user(Xobj.java:1968)
	at org.openxmlformats.schemas.spreadsheetml.x2006.main.impl.CTStylesheetImpl.getFills(CTStylesheetImpl.java:161)
	at org.apache.poi.xssf.model.StylesTable.readFrom(StylesTable.java:247)
	at org.apache.poi.xssf.model.StylesTable.<init>(StylesTable.java:159)
	at org.apache.poi.ooxml.POIXMLFactory.createDocumentPart(POIXMLFactory.java:61)
	at org.apache.poi.ooxml.POIXMLDocumentPart.read(POIXMLDocumentPart.java:661)
	at org.apache.poi.ooxml.POIXMLDocument.load(POIXMLDocument.java:165)
	at org.apache.poi.xssf.usermodel.XSSFWorkbook.<init>(XSSFWorkbook.java:260)
	at org.apache.poi.xssf.usermodel.XSSFWorkbook.<init>(XSSFWorkbook.java:290)
	at org.apache.poi.xssf.usermodel.XSSFWorkbook.<init>(XSSFWorkbook.java:286)
	at externalResources.ExcelDataRead.<init>(ExcelDataRead.java:22)
	at listeners.AnnotationsTransformer.toBeExecuted(AnnotationsTransformer.java:36)
	at listeners.AnnotationsTransformer.transform(AnnotationsTransformer.java:24)
	at org.testng.internal.annotations.JDK15AnnotationFinder.transform(JDK15AnnotationFinder.java:172)
	at org.testng.internal.annotations.JDK15AnnotationFinder.lambda$findAnnotation$0(JDK15AnnotationFinder.java:279)
	at java.base/java.util.concurrent.ConcurrentHashMap.computeIfAbsent(ConcurrentHashMap.java:1705)
	at org.testng.internal.annotations.JDK15AnnotationFinder.findAnnotation(JDK15AnnotationFinder.java:275)
	at org.testng.internal.annotations.JDK15AnnotationFinder.findAnnotation(JDK15AnnotationFinder.java:113)
	at org.testng.internal.TestNGClassFinder.isTestNGClass(TestNGClassFinder.java:275)
	at org.testng.internal.TestNGClassFinder.isNotTestNGClass(TestNGClassFinder.java:260)
	at org.testng.internal.TestNGClassFinder.processClass(TestNGClassFinder.java:94)
	at org.testng.internal.TestNGClassFinder.<init>(TestNGClassFinder.java:67)
	at org.testng.TestRunner.initMethods(TestRunner.java:442)
	at org.testng.TestRunner.init(TestRunner.java:336)
	at org.testng.TestRunner.init(TestRunner.java:289)
	at org.testng.TestRunner.<init>(TestRunner.java:179)
	at org.testng.SuiteRunner$DefaultTestRunnerFactory.newTestRunner(SuiteRunner.java:643)
	at org.testng.SuiteRunner.init(SuiteRunner.java:225)
	at org.testng.SuiteRunner.<init>(SuiteRunner.java:115)
	at org.testng.TestNG.createSuiteRunner(TestNG.java:1349)
	at org.testng.TestNG.createSuiteRunners(TestNG.java:1325)
	at org.testng.TestNG.runSuitesLocally(TestNG.java:1167)
	at org.testng.TestNG.runSuites(TestNG.java:1099)
	at org.testng.TestNG.run(TestNG.java:1067)
	at org.apache.maven.surefire.testng.TestNGExecutor.run(TestNGExecutor.java:324)
	at org.apache.maven.surefire.testng.TestNGXmlTestSuite.execute(TestNGXmlTestSuite.java:74)
	at org.apache.maven.surefire.testng.TestNGProvider.invoke(TestNGProvider.java:123)
	at org.apache.maven.surefire.booter.ForkedBooter.runSuitesInProcess(ForkedBooter.java:456)
	at org.apache.maven.surefire.booter.ForkedBooter.execute(ForkedBooter.java:169)
	at org.apache.maven.surefire.booter.ForkedBooter.run(ForkedBooter.java:595)
	at org.apache.maven.surefire.booter.ForkedBooter.main(ForkedBooter.java:581)

2023-02-13 11:57:15,758 main ERROR Unable to invoke factory method in class org.apache.logging.log4j.core.appender.RollingFileAppender for element RollingFile: java.lang.IllegalStateException: No factory method found for class org.apache.logging.log4j.core.appender.RollingFileAppender java.lang.IllegalStateException: No factory method found for class org.apache.logging.log4j.core.appender.RollingFileAppender
	at org.apache.logging.log4j.core.config.plugins.util.PluginBuilder.findFactoryMethod(PluginBuilder.java:260)
	at org.apache.logging.log4j.core.config.plugins.util.PluginBuilder.build(PluginBuilder.java:136)
	at org.apache.logging.log4j.core.config.AbstractConfiguration.createPluginObject(AbstractConfiguration.java:1138)
	at org.apache.logging.log4j.core.config.AbstractConfiguration.createConfiguration(AbstractConfiguration.java:1063)
	at org.apache.logging.log4j.core.appender.routing.RoutingAppender.createAppender(RoutingAppender.java:310)
	at org.apache.logging.log4j.core.appender.routing.RoutingAppender.getControl(RoutingAppender.java:282)
	at org.apache.logging.log4j.core.appender.routing.RoutingAppender.append(RoutingAppender.java:240)
	at org.apache.logging.log4j.core.config.AppenderControl.tryCallAppender(AppenderControl.java:161)
	at org.apache.logging.log4j.core.config.AppenderControl.callAppender0(AppenderControl.java:134)
	at org.apache.logging.log4j.core.config.AppenderControl.callAppenderPreventRecursion(AppenderControl.java:125)
	at org.apache.logging.log4j.core.config.AppenderControl.callAppender(AppenderControl.java:89)
	at org.apache.logging.log4j.core.config.LoggerConfig.callAppenders(LoggerConfig.java:683)
	at org.apache.logging.log4j.core.config.LoggerConfig.processLogEvent(LoggerConfig.java:641)
	at org.apache.logging.log4j.core.config.LoggerConfig.log(LoggerConfig.java:624)
	at org.apache.logging.log4j.core.config.LoggerConfig.log(LoggerConfig.java:560)
	at org.apache.logging.log4j.core.config.AwaitCompletionReliabilityStrategy.log(AwaitCompletionReliabilityStrategy.java:82)
	at org.apache.logging.log4j.core.Logger.log(Logger.java:162)
	at org.apache.logging.log4j.spi.AbstractLogger.logMessage(AbstractLogger.java:2106)
	at org.apache.logging.log4j.internal.DefaultLogBuilder.logMessage(DefaultLogBuilder.java:241)
	at org.apache.logging.log4j.internal.DefaultLogBuilder.log(DefaultLogBuilder.java:162)
	at org.apache.xmlbeans.impl.schema.SchemaTypeSystemImpl.resolveHandle(SchemaTypeSystemImpl.java:935)
	at org.apache.xmlbeans.SchemaComponent$Ref.getComponent(SchemaComponent.java:111)
	at org.apache.xmlbeans.SchemaType$Ref.get(SchemaType.java:1072)
	at org.apache.xmlbeans.impl.schema.SchemaPropertyImpl.getType(SchemaPropertyImpl.java:85)
	at org.apache.xmlbeans.impl.schema.SchemaTypeImpl.createElementType(SchemaTypeImpl.java:990)
	at org.apache.xmlbeans.impl.values.XmlObjectBase.create_element_user(XmlObjectBase.java:879)
	at org.apache.xmlbeans.impl.store.Xobj.getUser(Xobj.java:1597)
	at org.apache.xmlbeans.impl.store.Xobj.find_element_user(Xobj.java:1968)
	at org.openxmlformats.schemas.spreadsheetml.x2006.main.impl.CTStylesheetImpl.getFills(CTStylesheetImpl.java:161)
	at org.apache.poi.xssf.model.StylesTable.readFrom(StylesTable.java:247)
	at org.apache.poi.xssf.model.StylesTable.<init>(StylesTable.java:159)
	at org.apache.poi.ooxml.POIXMLFactory.createDocumentPart(POIXMLFactory.java:61)
	at org.apache.poi.ooxml.POIXMLDocumentPart.read(POIXMLDocumentPart.java:661)
	at org.apache.poi.ooxml.POIXMLDocument.load(POIXMLDocument.java:165)
	at org.apache.poi.xssf.usermodel.XSSFWorkbook.<init>(XSSFWorkbook.java:260)
	at org.apache.poi.xssf.usermodel.XSSFWorkbook.<init>(XSSFWorkbook.java:290)
	at org.apache.poi.xssf.usermodel.XSSFWorkbook.<init>(XSSFWorkbook.java:286)
	at externalResources.ExcelDataRead.<init>(ExcelDataRead.java:22)
	at listeners.AnnotationsTransformer.toBeExecuted(AnnotationsTransformer.java:36)
	at listeners.AnnotationsTransformer.transform(AnnotationsTransformer.java:24)
	at org.testng.internal.annotations.JDK15AnnotationFinder.transform(JDK15AnnotationFinder.java:172)
	at org.testng.internal.annotations.JDK15AnnotationFinder.lambda$findAnnotation$0(JDK15AnnotationFinder.java:279)
	at java.base/java.util.concurrent.ConcurrentHashMap.computeIfAbsent(ConcurrentHashMap.java:1705)
	at org.testng.internal.annotations.JDK15AnnotationFinder.findAnnotation(JDK15AnnotationFinder.java:275)
	at org.testng.internal.annotations.JDK15AnnotationFinder.findAnnotation(JDK15AnnotationFinder.java:113)
	at org.testng.internal.TestNGClassFinder.isTestNGClass(TestNGClassFinder.java:275)
	at org.testng.internal.TestNGClassFinder.isNotTestNGClass(TestNGClassFinder.java:260)
	at org.testng.internal.TestNGClassFinder.processClass(TestNGClassFinder.java:94)
	at org.testng.internal.TestNGClassFinder.<init>(TestNGClassFinder.java:67)
	at org.testng.TestRunner.initMethods(TestRunner.java:442)
	at org.testng.TestRunner.init(TestRunner.java:336)
	at org.testng.TestRunner.init(TestRunner.java:289)
	at org.testng.TestRunner.<init>(TestRunner.java:179)
	at org.testng.SuiteRunner$DefaultTestRunnerFactory.newTestRunner(SuiteRunner.java:643)
	at org.testng.SuiteRunner.init(SuiteRunner.java:225)
	at org.testng.SuiteRunner.<init>(SuiteRunner.java:115)
	at org.testng.TestNG.createSuiteRunner(TestNG.java:1349)
	at org.testng.TestNG.createSuiteRunners(TestNG.java:1325)
	at org.testng.TestNG.runSuitesLocally(TestNG.java:1167)
	at org.testng.TestNG.runSuites(TestNG.java:1099)
	at org.testng.TestNG.run(TestNG.java:1067)
	at org.apache.maven.surefire.testng.TestNGExecutor.run(TestNGExecutor.java:324)
	at org.apache.maven.surefire.testng.TestNGXmlTestSuite.execute(TestNGXmlTestSuite.java:74)
	at org.apache.maven.surefire.testng.TestNGProvider.invoke(TestNGProvider.java:123)
	at org.apache.maven.surefire.booter.ForkedBooter.runSuitesInProcess(ForkedBooter.java:456)
	at org.apache.maven.surefire.booter.ForkedBooter.execute(ForkedBooter.java:169)
	at org.apache.maven.surefire.booter.ForkedBooter.run(ForkedBooter.java:595)
	at org.apache.maven.surefire.booter.ForkedBooter.main(ForkedBooter.java:581)

2023-02-13 11:57:15,765 main ERROR Unable to create file ./results/logs/${ctx:threadName}.log java.io.IOException: The filename, directory name, or volume label syntax is incorrect
	at java.base/java.io.WinNTFileSystem.canonicalize0(Native Method)
	at java.base/java.io.WinNTFileSystem.canonicalize(WinNTFileSystem.java:483)
	at java.base/java.io.File.getCanonicalPath(File.java:626)
	at java.base/java.io.File.getCanonicalFile(File.java:651)
	at org.apache.logging.log4j.core.util.FileUtils.makeParentDirs(FileUtils.java:139)
	at org.apache.logging.log4j.core.appender.rolling.RollingFileManager$RollingFileManagerFactory.createManager(RollingFileManager.java:734)
	at org.apache.logging.log4j.core.appender.rolling.RollingFileManager$RollingFileManagerFactory.createManager(RollingFileManager.java:718)
	at org.apache.logging.log4j.core.appender.AbstractManager.getManager(AbstractManager.java:144)
	at org.apache.logging.log4j.core.appender.OutputStreamManager.getManager(OutputStreamManager.java:100)
	at org.apache.logging.log4j.core.appender.rolling.RollingFileManager.getFileManager(RollingFileManager.java:217)
	at org.apache.logging.log4j.core.appender.RollingFileAppender$Builder.build(RollingFileAppender.java:135)
	at org.apache.logging.log4j.core.appender.RollingFileAppender$Builder.build(RollingFileAppender.java:62)
	at org.apache.logging.log4j.core.config.plugins.util.PluginBuilder.build(PluginBuilder.java:124)
	at org.apache.logging.log4j.core.config.AbstractConfiguration.createPluginObject(AbstractConfiguration.java:1138)
	at org.apache.logging.log4j.core.config.AbstractConfiguration.createConfiguration(AbstractConfiguration.java:1063)
	at org.apache.logging.log4j.core.appender.routing.RoutingAppender.createAppender(RoutingAppender.java:310)
	at org.apache.logging.log4j.core.appender.routing.RoutingAppender.getControl(RoutingAppender.java:282)
	at org.apache.logging.log4j.core.appender.routing.RoutingAppender.append(RoutingAppender.java:240)
	at org.apache.logging.log4j.core.config.AppenderControl.tryCallAppender(AppenderControl.java:161)
	at org.apache.logging.log4j.core.config.AppenderControl.callAppender0(AppenderControl.java:134)
	at org.apache.logging.log4j.core.config.AppenderControl.callAppenderPreventRecursion(AppenderControl.java:125)
	at org.apache.logging.log4j.core.config.AppenderControl.callAppender(AppenderControl.java:89)
	at org.apache.logging.log4j.core.config.LoggerConfig.callAppenders(LoggerConfig.java:683)
	at org.apache.logging.log4j.core.config.LoggerConfig.processLogEvent(LoggerConfig.java:641)
	at org.apache.logging.log4j.core.config.LoggerConfig.log(LoggerConfig.java:624)
	at org.apache.logging.log4j.core.config.LoggerConfig.log(LoggerConfig.java:560)
	at org.apache.logging.log4j.core.config.AwaitCompletionReliabilityStrategy.log(AwaitCompletionReliabilityStrategy.java:82)
	at org.apache.logging.log4j.core.Logger.log(Logger.java:162)
	at org.apache.logging.log4j.spi.AbstractLogger.logMessage(AbstractLogger.java:2106)
	at org.apache.logging.log4j.internal.DefaultLogBuilder.logMessage(DefaultLogBuilder.java:241)
	at org.apache.logging.log4j.internal.DefaultLogBuilder.log(DefaultLogBuilder.java:162)
	at org.apache.xmlbeans.impl.schema.SchemaTypeSystemImpl.resolveHandle(SchemaTypeSystemImpl.java:935)
	at org.apache.xmlbeans.SchemaComponent$Ref.getComponent(SchemaComponent.java:111)
	at org.apache.xmlbeans.SchemaType$Ref.get(SchemaType.java:1072)
	at org.apache.xmlbeans.impl.schema.SchemaPropertyImpl.getType(SchemaPropertyImpl.java:85)
	at org.apache.xmlbeans.impl.schema.SchemaTypeImpl.createElementType(SchemaTypeImpl.java:990)
	at org.apache.xmlbeans.impl.values.XmlObjectBase.create_element_user(XmlObjectBase.java:879)
	at org.apache.xmlbeans.impl.store.Xobj.getUser(Xobj.java:1597)
	at org.apache.xmlbeans.impl.store.Xobj.find_all_element_users(Xobj.java:1990)
	at org.apache.xmlbeans.impl.values.XmlObjectBase.getBaseArray(XmlObjectBase.java:3104)
	at org.apache.xmlbeans.impl.values.XmlObjectBase.getXmlObjectArray(XmlObjectBase.java:3203)
	at org.openxmlformats.schemas.spreadsheetml.x2006.main.impl.CTFillsImpl.getFillArray(CTFillsImpl.java:54)
	at org.apache.poi.xssf.model.StylesTable.readFrom(StylesTable.java:249)
	at org.apache.poi.xssf.model.StylesTable.<init>(StylesTable.java:159)
	at org.apache.poi.ooxml.POIXMLFactory.createDocumentPart(POIXMLFactory.java:61)
	at org.apache.poi.ooxml.POIXMLDocumentPart.read(POIXMLDocumentPart.java:661)
	at org.apache.poi.ooxml.POIXMLDocument.load(POIXMLDocument.java:165)
	at org.apache.poi.xssf.usermodel.XSSFWorkbook.<init>(XSSFWorkbook.java:260)
	at org.apache.poi.xssf.usermodel.XSSFWorkbook.<init>(XSSFWorkbook.java:290)
	at org.apache.poi.xssf.usermodel.XSSFWorkbook.<init>(XSSFWorkbook.java:286)
	at externalResources.ExcelDataRead.<init>(ExcelDataRead.java:22)
	at listeners.AnnotationsTransformer.toBeExecuted(AnnotationsTransformer.java:36)
	at listeners.AnnotationsTransformer.transform(AnnotationsTransformer.java:24)
	at org.testng.internal.annotations.JDK15AnnotationFinder.transform(JDK15AnnotationFinder.java:172)
	at org.testng.internal.annotations.JDK15AnnotationFinder.lambda$findAnnotation$0(JDK15AnnotationFinder.java:279)
	at java.base/java.util.concurrent.ConcurrentHashMap.computeIfAbsent(ConcurrentHashMap.java:1705)
	at org.testng.internal.annotations.JDK15AnnotationFinder.findAnnotation(JDK15AnnotationFinder.java:275)
	at org.testng.internal.annotations.JDK15AnnotationFinder.findAnnotation(JDK15AnnotationFinder.java:113)
	at org.testng.internal.TestNGClassFinder.isTestNGClass(TestNGClassFinder.java:275)
	at org.testng.internal.TestNGClassFinder.isNotTestNGClass(TestNGClassFinder.java:260)
	at org.testng.internal.TestNGClassFinder.processClass(TestNGClassFinder.java:94)
	at org.testng.internal.TestNGClassFinder.<init>(TestNGClassFinder.java:67)
	at org.testng.TestRunner.initMethods(TestRunner.java:442)
	at org.testng.TestRunner.init(TestRunner.java:336)
	at org.testng.TestRunner.init(TestRunner.java:289)
	at org.testng.TestRunner.<init>(TestRunner.java:179)
	at org.testng.SuiteRunner$DefaultTestRunnerFactory.newTestRunner(SuiteRunner.java:643)
	at org.testng.SuiteRunner.init(SuiteRunner.java:225)
	at org.testng.SuiteRunner.<init>(SuiteRunner.java:115)
	at org.testng.TestNG.createSuiteRunner(TestNG.java:1349)
	at org.testng.TestNG.createSuiteRunners(TestNG.java:1325)
	at org.testng.TestNG.runSuitesLocally(TestNG.java:1167)
	at org.testng.TestNG.runSuites(TestNG.java:1099)
	at org.testng.TestNG.run(TestNG.java:1067)
	at org.apache.maven.surefire.testng.TestNGExecutor.run(TestNGExecutor.java:324)
	at org.apache.maven.surefire.testng.TestNGXmlTestSuite.execute(TestNGXmlTestSuite.java:74)
	at org.apache.maven.surefire.testng.TestNGProvider.invoke(TestNGProvider.java:123)
	at org.apache.maven.surefire.booter.ForkedBooter.runSuitesInProcess(ForkedBooter.java:456)
	at org.apache.maven.surefire.booter.ForkedBooter.execute(ForkedBooter.java:169)
	at org.apache.maven.surefire.booter.ForkedBooter.run(ForkedBooter.java:595)
	at org.apache.maven.surefire.booter.ForkedBooter.main(ForkedBooter.java:581)

2023-02-13 11:57:15,766 main ERROR Could not create plugin of type class org.apache.logging.log4j.core.appender.RollingFileAppender for element RollingFile: java.lang.IllegalStateException: ManagerFactory [org.apache.logging.log4j.core.appender.rolling.RollingFileManager$RollingFileManagerFactory@4e6d7365] unable to create manager for [./results/logs/${ctx:threadName}.log] with data [org.apache.logging.log4j.core.appender.rolling.RollingFileManager$FactoryData@50194e8d[pattern=./results/logs/${ctx:threadName}-%d{yyyy-MM-dd}.log, append=true, bufferedIO=true, bufferSize=8192, policy=SizeBasedTriggeringPolicy(size=512000), strategy=DefaultRolloverStrategy(min=1, max=7, useMax=true), advertiseURI=null, layout=%d{HH:mm:ss.SSS} [%t] %-5level %logger{36} - %msg%n, filePermissions=null, fileOwner=null]] java.lang.IllegalStateException: ManagerFactory [org.apache.logging.log4j.core.appender.rolling.RollingFileManager$RollingFileManagerFactory@4e6d7365] unable to create manager for [./results/logs/${ctx:threadName}.log] with data [org.apache.logging.log4j.core.appender.rolling.RollingFileManager$FactoryData@50194e8d[pattern=./results/logs/${ctx:threadName}-%d{yyyy-MM-dd}.log, append=true, bufferedIO=true, bufferSize=8192, policy=SizeBasedTriggeringPolicy(size=512000), strategy=DefaultRolloverStrategy(min=1, max=7, useMax=true), advertiseURI=null, layout=%d{HH:mm:ss.SSS} [%t] %-5level %logger{36} - %msg%n, filePermissions=null, fileOwner=null]]
	at org.apache.logging.log4j.core.appender.AbstractManager.getManager(AbstractManager.java:146)
	at org.apache.logging.log4j.core.appender.OutputStreamManager.getManager(OutputStreamManager.java:100)
	at org.apache.logging.log4j.core.appender.rolling.RollingFileManager.getFileManager(RollingFileManager.java:217)
	at org.apache.logging.log4j.core.appender.RollingFileAppender$Builder.build(RollingFileAppender.java:135)
	at org.apache.logging.log4j.core.appender.RollingFileAppender$Builder.build(RollingFileAppender.java:62)
	at org.apache.logging.log4j.core.config.plugins.util.PluginBuilder.build(PluginBuilder.java:124)
	at org.apache.logging.log4j.core.config.AbstractConfiguration.createPluginObject(AbstractConfiguration.java:1138)
	at org.apache.logging.log4j.core.config.AbstractConfiguration.createConfiguration(AbstractConfiguration.java:1063)
	at org.apache.logging.log4j.core.appender.routing.RoutingAppender.createAppender(RoutingAppender.java:310)
	at org.apache.logging.log4j.core.appender.routing.RoutingAppender.getControl(RoutingAppender.java:282)
	at org.apache.logging.log4j.core.appender.routing.RoutingAppender.append(RoutingAppender.java:240)
	at org.apache.logging.log4j.core.config.AppenderControl.tryCallAppender(AppenderControl.java:161)
	at org.apache.logging.log4j.core.config.AppenderControl.callAppender0(AppenderControl.java:134)
	at org.apache.logging.log4j.core.config.AppenderControl.callAppenderPreventRecursion(AppenderControl.java:125)
	at org.apache.logging.log4j.core.config.AppenderControl.callAppender(AppenderControl.java:89)
	at org.apache.logging.log4j.core.config.LoggerConfig.callAppenders(LoggerConfig.java:683)
	at org.apache.logging.log4j.core.config.LoggerConfig.processLogEvent(LoggerConfig.java:641)
	at org.apache.logging.log4j.core.config.LoggerConfig.log(LoggerConfig.java:624)
	at org.apache.logging.log4j.core.config.LoggerConfig.log(LoggerConfig.java:560)
	at org.apache.logging.log4j.core.config.AwaitCompletionReliabilityStrategy.log(AwaitCompletionReliabilityStrategy.java:82)
	at org.apache.logging.log4j.core.Logger.log(Logger.java:162)
	at org.apache.logging.log4j.spi.AbstractLogger.logMessage(AbstractLogger.java:2106)
	at org.apache.logging.log4j.internal.DefaultLogBuilder.logMessage(DefaultLogBuilder.java:241)
	at org.apache.logging.log4j.internal.DefaultLogBuilder.log(DefaultLogBuilder.java:162)
	at org.apache.xmlbeans.impl.schema.SchemaTypeSystemImpl.resolveHandle(SchemaTypeSystemImpl.java:935)
	at org.apache.xmlbeans.SchemaComponent$Ref.getComponent(SchemaComponent.java:111)
	at org.apache.xmlbeans.SchemaType$Ref.get(SchemaType.java:1072)
	at org.apache.xmlbeans.impl.schema.SchemaPropertyImpl.getType(SchemaPropertyImpl.java:85)
	at org.apache.xmlbeans.impl.schema.SchemaTypeImpl.createElementType(SchemaTypeImpl.java:990)
	at org.apache.xmlbeans.impl.values.XmlObjectBase.create_element_user(XmlObjectBase.java:879)
	at org.apache.xmlbeans.impl.store.Xobj.getUser(Xobj.java:1597)
	at org.apache.xmlbeans.impl.store.Xobj.find_all_element_users(Xobj.java:1990)
	at org.apache.xmlbeans.impl.values.XmlObjectBase.getBaseArray(XmlObjectBase.java:3104)
	at org.apache.xmlbeans.impl.values.XmlObjectBase.getXmlObjectArray(XmlObjectBase.java:3203)
	at org.openxmlformats.schemas.spreadsheetml.x2006.main.impl.CTFillsImpl.getFillArray(CTFillsImpl.java:54)
	at org.apache.poi.xssf.model.StylesTable.readFrom(StylesTable.java:249)
	at org.apache.poi.xssf.model.StylesTable.<init>(StylesTable.java:159)
	at org.apache.poi.ooxml.POIXMLFactory.createDocumentPart(POIXMLFactory.java:61)
	at org.apache.poi.ooxml.POIXMLDocumentPart.read(POIXMLDocumentPart.java:661)
	at org.apache.poi.ooxml.POIXMLDocument.load(POIXMLDocument.java:165)
	at org.apache.poi.xssf.usermodel.XSSFWorkbook.<init>(XSSFWorkbook.java:260)
	at org.apache.poi.xssf.usermodel.XSSFWorkbook.<init>(XSSFWorkbook.java:290)
	at org.apache.poi.xssf.usermodel.XSSFWorkbook.<init>(XSSFWorkbook.java:286)
	at externalResources.ExcelDataRead.<init>(ExcelDataRead.java:22)
	at listeners.AnnotationsTransformer.toBeExecuted(AnnotationsTransformer.java:36)
	at listeners.AnnotationsTransformer.transform(AnnotationsTransformer.java:24)
	at org.testng.internal.annotations.JDK15AnnotationFinder.transform(JDK15AnnotationFinder.java:172)
	at org.testng.internal.annotations.JDK15AnnotationFinder.lambda$findAnnotation$0(JDK15AnnotationFinder.java:279)
	at java.base/java.util.concurrent.ConcurrentHashMap.computeIfAbsent(ConcurrentHashMap.java:1705)
	at org.testng.internal.annotations.JDK15AnnotationFinder.findAnnotation(JDK15AnnotationFinder.java:275)
	at org.testng.internal.annotations.JDK15AnnotationFinder.findAnnotation(JDK15AnnotationFinder.java:113)
	at org.testng.internal.TestNGClassFinder.isTestNGClass(TestNGClassFinder.java:275)
	at org.testng.internal.TestNGClassFinder.isNotTestNGClass(TestNGClassFinder.java:260)
	at org.testng.internal.TestNGClassFinder.processClass(TestNGClassFinder.java:94)
	at org.testng.internal.TestNGClassFinder.<init>(TestNGClassFinder.java:67)
	at org.testng.TestRunner.initMethods(TestRunner.java:442)
	at org.testng.TestRunner.init(TestRunner.java:336)
	at org.testng.TestRunner.init(TestRunner.java:289)
	at org.testng.TestRunner.<init>(TestRunner.java:179)
	at org.testng.SuiteRunner$DefaultTestRunnerFactory.newTestRunner(SuiteRunner.java:643)
	at org.testng.SuiteRunner.init(SuiteRunner.java:225)
	at org.testng.SuiteRunner.<init>(SuiteRunner.java:115)
	at org.testng.TestNG.createSuiteRunner(TestNG.java:1349)
	at org.testng.TestNG.createSuiteRunners(TestNG.java:1325)
	at org.testng.TestNG.runSuitesLocally(TestNG.java:1167)
	at org.testng.TestNG.runSuites(TestNG.java:1099)
	at org.testng.TestNG.run(TestNG.java:1067)
	at org.apache.maven.surefire.testng.TestNGExecutor.run(TestNGExecutor.java:324)
	at org.apache.maven.surefire.testng.TestNGXmlTestSuite.execute(TestNGXmlTestSuite.java:74)
	at org.apache.maven.surefire.testng.TestNGProvider.invoke(TestNGProvider.java:123)
	at org.apache.maven.surefire.booter.ForkedBooter.runSuitesInProcess(ForkedBooter.java:456)
	at org.apache.maven.surefire.booter.ForkedBooter.execute(ForkedBooter.java:169)
	at org.apache.maven.surefire.booter.ForkedBooter.run(ForkedBooter.java:595)
	at org.apache.maven.surefire.booter.ForkedBooter.main(ForkedBooter.java:581)

2023-02-13 11:57:15,767 main ERROR Unable to invoke factory method in class org.apache.logging.log4j.core.appender.RollingFileAppender for element RollingFile: java.lang.IllegalStateException: No factory method found for class org.apache.logging.log4j.core.appender.RollingFileAppender java.lang.IllegalStateException: No factory method found for class org.apache.logging.log4j.core.appender.RollingFileAppender
	at org.apache.logging.log4j.core.config.plugins.util.PluginBuilder.findFactoryMethod(PluginBuilder.java:260)
	at org.apache.logging.log4j.core.config.plugins.util.PluginBuilder.build(PluginBuilder.java:136)
	at org.apache.logging.log4j.core.config.AbstractConfiguration.createPluginObject(AbstractConfiguration.java:1138)
	at org.apache.logging.log4j.core.config.AbstractConfiguration.createConfiguration(AbstractConfiguration.java:1063)
	at org.apache.logging.log4j.core.appender.routing.RoutingAppender.createAppender(RoutingAppender.java:310)
	at org.apache.logging.log4j.core.appender.routing.RoutingAppender.getControl(RoutingAppender.java:282)
	at org.apache.logging.log4j.core.appender.routing.RoutingAppender.append(RoutingAppender.java:240)
	at org.apache.logging.log4j.core.config.AppenderControl.tryCallAppender(AppenderControl.java:161)
	at org.apache.logging.log4j.core.config.AppenderControl.callAppender0(AppenderControl.java:134)
	at org.apache.logging.log4j.core.config.AppenderControl.callAppenderPreventRecursion(AppenderControl.java:125)
	at org.apache.logging.log4j.core.config.AppenderControl.callAppender(AppenderControl.java:89)
	at org.apache.logging.log4j.core.config.LoggerConfig.callAppenders(LoggerConfig.java:683)
	at org.apache.logging.log4j.core.config.LoggerConfig.processLogEvent(LoggerConfig.java:641)
	at org.apache.logging.log4j.core.config.LoggerConfig.log(LoggerConfig.java:624)
	at org.apache.logging.log4j.core.config.LoggerConfig.log(LoggerConfig.java:560)
	at org.apache.logging.log4j.core.config.AwaitCompletionReliabilityStrategy.log(AwaitCompletionReliabilityStrategy.java:82)
	at org.apache.logging.log4j.core.Logger.log(Logger.java:162)
	at org.apache.logging.log4j.spi.AbstractLogger.logMessage(AbstractLogger.java:2106)
	at org.apache.logging.log4j.internal.DefaultLogBuilder.logMessage(DefaultLogBuilder.java:241)
	at org.apache.logging.log4j.internal.DefaultLogBuilder.log(DefaultLogBuilder.java:162)
	at org.apache.xmlbeans.impl.schema.SchemaTypeSystemImpl.resolveHandle(SchemaTypeSystemImpl.java:935)
	at org.apache.xmlbeans.SchemaComponent$Ref.getComponent(SchemaComponent.java:111)
	at org.apache.xmlbeans.SchemaType$Ref.get(SchemaType.java:1072)
	at org.apache.xmlbeans.impl.schema.SchemaPropertyImpl.getType(SchemaPropertyImpl.java:85)
	at org.apache.xmlbeans.impl.schema.SchemaTypeImpl.createElementType(SchemaTypeImpl.java:990)
	at org.apache.xmlbeans.impl.values.XmlObjectBase.create_element_user(XmlObjectBase.java:879)
	at org.apache.xmlbeans.impl.store.Xobj.getUser(Xobj.java:1597)
	at org.apache.xmlbeans.impl.store.Xobj.find_all_element_users(Xobj.java:1990)
	at org.apache.xmlbeans.impl.values.XmlObjectBase.getBaseArray(XmlObjectBase.java:3104)
	at org.apache.xmlbeans.impl.values.XmlObjectBase.getXmlObjectArray(XmlObjectBase.java:3203)
	at org.openxmlformats.schemas.spreadsheetml.x2006.main.impl.CTFillsImpl.getFillArray(CTFillsImpl.java:54)
	at org.apache.poi.xssf.model.StylesTable.readFrom(StylesTable.java:249)
	at org.apache.poi.xssf.model.StylesTable.<init>(StylesTable.java:159)
	at org.apache.poi.ooxml.POIXMLFactory.createDocumentPart(POIXMLFactory.java:61)
	at org.apache.poi.ooxml.POIXMLDocumentPart.read(POIXMLDocumentPart.java:661)
	at org.apache.poi.ooxml.POIXMLDocument.load(POIXMLDocument.java:165)
	at org.apache.poi.xssf.usermodel.XSSFWorkbook.<init>(XSSFWorkbook.java:260)
	at org.apache.poi.xssf.usermodel.XSSFWorkbook.<init>(XSSFWorkbook.java:290)
	at org.apache.poi.xssf.usermodel.XSSFWorkbook.<init>(XSSFWorkbook.java:286)
	at externalResources.ExcelDataRead.<init>(ExcelDataRead.java:22)
	at listeners.AnnotationsTransformer.toBeExecuted(AnnotationsTransformer.java:36)
	at listeners.AnnotationsTransformer.transform(AnnotationsTransformer.java:24)
	at org.testng.internal.annotations.JDK15AnnotationFinder.transform(JDK15AnnotationFinder.java:172)
	at org.testng.internal.annotations.JDK15AnnotationFinder.lambda$findAnnotation$0(JDK15AnnotationFinder.java:279)
	at java.base/java.util.concurrent.ConcurrentHashMap.computeIfAbsent(ConcurrentHashMap.java:1705)
	at org.testng.internal.annotations.JDK15AnnotationFinder.findAnnotation(JDK15AnnotationFinder.java:275)
	at org.testng.internal.annotations.JDK15AnnotationFinder.findAnnotation(JDK15AnnotationFinder.java:113)
	at org.testng.internal.TestNGClassFinder.isTestNGClass(TestNGClassFinder.java:275)
	at org.testng.internal.TestNGClassFinder.isNotTestNGClass(TestNGClassFinder.java:260)
	at org.testng.internal.TestNGClassFinder.processClass(TestNGClassFinder.java:94)
	at org.testng.internal.TestNGClassFinder.<init>(TestNGClassFinder.java:67)
	at org.testng.TestRunner.initMethods(TestRunner.java:442)
	at org.testng.TestRunner.init(TestRunner.java:336)
	at org.testng.TestRunner.init(TestRunner.java:289)
	at org.testng.TestRunner.<init>(TestRunner.java:179)
	at org.testng.SuiteRunner$DefaultTestRunnerFactory.newTestRunner(SuiteRunner.java:643)
	at org.testng.SuiteRunner.init(SuiteRunner.java:225)
	at org.testng.SuiteRunner.<init>(SuiteRunner.java:115)
	at org.testng.TestNG.createSuiteRunner(TestNG.java:1349)
	at org.testng.TestNG.createSuiteRunners(TestNG.java:1325)
	at org.testng.TestNG.runSuitesLocally(TestNG.java:1167)
	at org.testng.TestNG.runSuites(TestNG.java:1099)
	at org.testng.TestNG.run(TestNG.java:1067)
	at org.apache.maven.surefire.testng.TestNGExecutor.run(TestNGExecutor.java:324)
	at org.apache.maven.surefire.testng.TestNGXmlTestSuite.execute(TestNGXmlTestSuite.java:74)
	at org.apache.maven.surefire.testng.TestNGProvider.invoke(TestNGProvider.java:123)
	at org.apache.maven.surefire.booter.ForkedBooter.runSuitesInProcess(ForkedBooter.java:456)
	at org.apache.maven.surefire.booter.ForkedBooter.execute(ForkedBooter.java:169)
	at org.apache.maven.surefire.booter.ForkedBooter.run(ForkedBooter.java:595)
	at org.apache.maven.surefire.booter.ForkedBooter.main(ForkedBooter.java:581)

2023-02-13 11:57:15,773 main ERROR Unable to create file ./results/logs/${ctx:threadName}.log java.io.IOException: The filename, directory name, or volume label syntax is incorrect
	at java.base/java.io.WinNTFileSystem.canonicalize0(Native Method)
	at java.base/java.io.WinNTFileSystem.canonicalize(WinNTFileSystem.java:483)
	at java.base/java.io.File.getCanonicalPath(File.java:626)
	at java.base/java.io.File.getCanonicalFile(File.java:651)
	at org.apache.logging.log4j.core.util.FileUtils.makeParentDirs(FileUtils.java:139)
	at org.apache.logging.log4j.core.appender.rolling.RollingFileManager$RollingFileManagerFactory.createManager(RollingFileManager.java:734)
	at org.apache.logging.log4j.core.appender.rolling.RollingFileManager$RollingFileManagerFactory.createManager(RollingFileManager.java:718)
	at org.apache.logging.log4j.core.appender.AbstractManager.getManager(AbstractManager.java:144)
	at org.apache.logging.log4j.core.appender.OutputStreamManager.getManager(OutputStreamManager.java:100)
	at org.apache.logging.log4j.core.appender.rolling.RollingFileManager.getFileManager(RollingFileManager.java:217)
	at org.apache.logging.log4j.core.appender.RollingFileAppender$Builder.build(RollingFileAppender.java:135)
	at org.apache.logging.log4j.core.appender.RollingFileAppender$Builder.build(RollingFileAppender.java:62)
	at org.apache.logging.log4j.core.config.plugins.util.PluginBuilder.build(PluginBuilder.java:124)
	at org.apache.logging.log4j.core.config.AbstractConfiguration.createPluginObject(AbstractConfiguration.java:1138)
	at org.apache.logging.log4j.core.config.AbstractConfiguration.createConfiguration(AbstractConfiguration.java:1063)
	at org.apache.logging.log4j.core.appender.routing.RoutingAppender.createAppender(RoutingAppender.java:310)
	at org.apache.logging.log4j.core.appender.routing.RoutingAppender.getControl(RoutingAppender.java:282)
	at org.apache.logging.log4j.core.appender.routing.RoutingAppender.append(RoutingAppender.java:240)
	at org.apache.logging.log4j.core.config.AppenderControl.tryCallAppender(AppenderControl.java:161)
	at org.apache.logging.log4j.core.config.AppenderControl.callAppender0(AppenderControl.java:134)
	at org.apache.logging.log4j.core.config.AppenderControl.callAppenderPreventRecursion(AppenderControl.java:125)
	at org.apache.logging.log4j.core.config.AppenderControl.callAppender(AppenderControl.java:89)
	at org.apache.logging.log4j.core.config.LoggerConfig.callAppenders(LoggerConfig.java:683)
	at org.apache.logging.log4j.core.config.LoggerConfig.processLogEvent(LoggerConfig.java:641)
	at org.apache.logging.log4j.core.config.LoggerConfig.log(LoggerConfig.java:624)
	at org.apache.logging.log4j.core.config.LoggerConfig.log(LoggerConfig.java:560)
	at org.apache.logging.log4j.core.config.AwaitCompletionReliabilityStrategy.log(AwaitCompletionReliabilityStrategy.java:82)
	at org.apache.logging.log4j.core.Logger.log(Logger.java:162)
	at org.apache.logging.log4j.spi.AbstractLogger.logMessage(AbstractLogger.java:2106)
	at org.apache.logging.log4j.internal.DefaultLogBuilder.logMessage(DefaultLogBuilder.java:241)
	at org.apache.logging.log4j.internal.DefaultLogBuilder.log(DefaultLogBuilder.java:162)
	at org.apache.xmlbeans.impl.schema.SchemaTypeSystemImpl.resolveHandle(SchemaTypeSystemImpl.java:935)
	at org.apache.xmlbeans.SchemaComponent$Ref.getComponent(SchemaComponent.java:111)
	at org.apache.xmlbeans.SchemaType$Ref.get(SchemaType.java:1072)
	at org.apache.xmlbeans.impl.schema.SchemaPropertyImpl.getType(SchemaPropertyImpl.java:85)
	at org.apache.xmlbeans.impl.schema.SchemaTypeImpl.createElementType(SchemaTypeImpl.java:990)
	at org.apache.xmlbeans.impl.values.XmlObjectBase.create_element_user(XmlObjectBase.java:879)
	at org.apache.xmlbeans.impl.store.Xobj.getUser(Xobj.java:1597)
	at org.apache.xmlbeans.impl.store.Xobj.find_element_user(Xobj.java:1968)
	at org.openxmlformats.schemas.spreadsheetml.x2006.main.impl.CTStylesheetImpl.getBorders(CTStylesheetImpl.java:217)
	at org.apache.poi.xssf.model.StylesTable.readFrom(StylesTable.java:254)
	at org.apache.poi.xssf.model.StylesTable.<init>(StylesTable.java:159)
	at org.apache.poi.ooxml.POIXMLFactory.createDocumentPart(POIXMLFactory.java:61)
	at org.apache.poi.ooxml.POIXMLDocumentPart.read(POIXMLDocumentPart.java:661)
	at org.apache.poi.ooxml.POIXMLDocument.load(POIXMLDocument.java:165)
	at org.apache.poi.xssf.usermodel.XSSFWorkbook.<init>(XSSFWorkbook.java:260)
	at org.apache.poi.xssf.usermodel.XSSFWorkbook.<init>(XSSFWorkbook.java:290)
	at org.apache.poi.xssf.usermodel.XSSFWorkbook.<init>(XSSFWorkbook.java:286)
	at externalResources.ExcelDataRead.<init>(ExcelDataRead.java:22)
	at listeners.AnnotationsTransformer.toBeExecuted(AnnotationsTransformer.java:36)
	at listeners.AnnotationsTransformer.transform(AnnotationsTransformer.java:24)
	at org.testng.internal.annotations.JDK15AnnotationFinder.transform(JDK15AnnotationFinder.java:172)
	at org.testng.internal.annotations.JDK15AnnotationFinder.lambda$findAnnotation$0(JDK15AnnotationFinder.java:279)
	at java.base/java.util.concurrent.ConcurrentHashMap.computeIfAbsent(ConcurrentHashMap.java:1705)
	at org.testng.internal.annotations.JDK15AnnotationFinder.findAnnotation(JDK15AnnotationFinder.java:275)
	at org.testng.internal.annotations.JDK15AnnotationFinder.findAnnotation(JDK15AnnotationFinder.java:113)
	at org.testng.internal.TestNGClassFinder.isTestNGClass(TestNGClassFinder.java:275)
	at org.testng.internal.TestNGClassFinder.isNotTestNGClass(TestNGClassFinder.java:260)
	at org.testng.internal.TestNGClassFinder.processClass(TestNGClassFinder.java:94)
	at org.testng.internal.TestNGClassFinder.<init>(TestNGClassFinder.java:67)
	at org.testng.TestRunner.initMethods(TestRunner.java:442)
	at org.testng.TestRunner.init(TestRunner.java:336)
	at org.testng.TestRunner.init(TestRunner.java:289)
	at org.testng.TestRunner.<init>(TestRunner.java:179)
	at org.testng.SuiteRunner$DefaultTestRunnerFactory.newTestRunner(SuiteRunner.java:643)
	at org.testng.SuiteRunner.init(SuiteRunner.java:225)
	at org.testng.SuiteRunner.<init>(SuiteRunner.java:115)
	at org.testng.TestNG.createSuiteRunner(TestNG.java:1349)
	at org.testng.TestNG.createSuiteRunners(TestNG.java:1325)
	at org.testng.TestNG.runSuitesLocally(TestNG.java:1167)
	at org.testng.TestNG.runSuites(TestNG.java:1099)
	at org.testng.TestNG.run(TestNG.java:1067)
	at org.apache.maven.surefire.testng.TestNGExecutor.run(TestNGExecutor.java:324)
	at org.apache.maven.surefire.testng.TestNGXmlTestSuite.execute(TestNGXmlTestSuite.java:74)
	at org.apache.maven.surefire.testng.TestNGProvider.invoke(TestNGProvider.java:123)
	at org.apache.maven.surefire.booter.ForkedBooter.runSuitesInProcess(ForkedBooter.java:456)
	at org.apache.maven.surefire.booter.ForkedBooter.execute(ForkedBooter.java:169)
	at org.apache.maven.surefire.booter.ForkedBooter.run(ForkedBooter.java:595)
	at org.apache.maven.surefire.booter.ForkedBooter.main(ForkedBooter.java:581)

2023-02-13 11:57:15,774 main ERROR Could not create plugin of type class org.apache.logging.log4j.core.appender.RollingFileAppender for element RollingFile: java.lang.IllegalStateException: ManagerFactory [org.apache.logging.log4j.core.appender.rolling.RollingFileManager$RollingFileManagerFactory@4e6d7365] unable to create manager for [./results/logs/${ctx:threadName}.log] with data [org.apache.logging.log4j.core.appender.rolling.RollingFileManager$FactoryData@a52ca2e[pattern=./results/logs/${ctx:threadName}-%d{yyyy-MM-dd}.log, append=true, bufferedIO=true, bufferSize=8192, policy=SizeBasedTriggeringPolicy(size=512000), strategy=DefaultRolloverStrategy(min=1, max=7, useMax=true), advertiseURI=null, layout=%d{HH:mm:ss.SSS} [%t] %-5level %logger{36} - %msg%n, filePermissions=null, fileOwner=null]] java.lang.IllegalStateException: ManagerFactory [org.apache.logging.log4j.core.appender.rolling.RollingFileManager$RollingFileManagerFactory@4e6d7365] unable to create manager for [./results/logs/${ctx:threadName}.log] with data [org.apache.logging.log4j.core.appender.rolling.RollingFileManager$FactoryData@a52ca2e[pattern=./results/logs/${ctx:threadName}-%d{yyyy-MM-dd}.log, append=true, bufferedIO=true, bufferSize=8192, policy=SizeBasedTriggeringPolicy(size=512000), strategy=DefaultRolloverStrategy(min=1, max=7, useMax=true), advertiseURI=null, layout=%d{HH:mm:ss.SSS} [%t] %-5level %logger{36} - %msg%n, filePermissions=null, fileOwner=null]]
	at org.apache.logging.log4j.core.appender.AbstractManager.getManager(AbstractManager.java:146)
	at org.apache.logging.log4j.core.appender.OutputStreamManager.getManager(OutputStreamManager.java:100)
	at org.apache.logging.log4j.core.appender.rolling.RollingFileManager.getFileManager(RollingFileManager.java:217)
	at org.apache.logging.log4j.core.appender.RollingFileAppender$Builder.build(RollingFileAppender.java:135)
	at org.apache.logging.log4j.core.appender.RollingFileAppender$Builder.build(RollingFileAppender.java:62)
	at org.apache.logging.log4j.core.config.plugins.util.PluginBuilder.build(PluginBuilder.java:124)
	at org.apache.logging.log4j.core.config.AbstractConfiguration.createPluginObject(AbstractConfiguration.java:1138)
	at org.apache.logging.log4j.core.config.AbstractConfiguration.createConfiguration(AbstractConfiguration.java:1063)
	at org.apache.logging.log4j.core.appender.routing.RoutingAppender.createAppender(RoutingAppender.java:310)
	at org.apache.logging.log4j.core.appender.routing.RoutingAppender.getControl(RoutingAppender.java:282)
	at org.apache.logging.log4j.core.appender.routing.RoutingAppender.append(RoutingAppender.java:240)
	at org.apache.logging.log4j.core.config.AppenderControl.tryCallAppender(AppenderControl.java:161)
	at org.apache.logging.log4j.core.config.AppenderControl.callAppender0(AppenderControl.java:134)
	at org.apache.logging.log4j.core.config.AppenderControl.callAppenderPreventRecursion(AppenderControl.java:125)
	at org.apache.logging.log4j.core.config.AppenderControl.callAppender(AppenderControl.java:89)
	at org.apache.logging.log4j.core.config.LoggerConfig.callAppenders(LoggerConfig.java:683)
	at org.apache.logging.log4j.core.config.LoggerConfig.processLogEvent(LoggerConfig.java:641)
	at org.apache.logging.log4j.core.config.LoggerConfig.log(LoggerConfig.java:624)
	at org.apache.logging.log4j.core.config.LoggerConfig.log(LoggerConfig.java:560)
	at org.apache.logging.log4j.core.config.AwaitCompletionReliabilityStrategy.log(AwaitCompletionReliabilityStrategy.java:82)
	at org.apache.logging.log4j.core.Logger.log(Logger.java:162)
	at org.apache.logging.log4j.spi.AbstractLogger.logMessage(AbstractLogger.java:2106)
	at org.apache.logging.log4j.internal.DefaultLogBuilder.logMessage(DefaultLogBuilder.java:241)
	at org.apache.logging.log4j.internal.DefaultLogBuilder.log(DefaultLogBuilder.java:162)
	at org.apache.xmlbeans.impl.schema.SchemaTypeSystemImpl.resolveHandle(SchemaTypeSystemImpl.java:935)
	at org.apache.xmlbeans.SchemaComponent$Ref.getComponent(SchemaComponent.java:111)
	at org.apache.xmlbeans.SchemaType$Ref.get(SchemaType.java:1072)
	at org.apache.xmlbeans.impl.schema.SchemaPropertyImpl.getType(SchemaPropertyImpl.java:85)
	at org.apache.xmlbeans.impl.schema.SchemaTypeImpl.createElementType(SchemaTypeImpl.java:990)
	at org.apache.xmlbeans.impl.values.XmlObjectBase.create_element_user(XmlObjectBase.java:879)
	at org.apache.xmlbeans.impl.store.Xobj.getUser(Xobj.java:1597)
	at org.apache.xmlbeans.impl.store.Xobj.find_element_user(Xobj.java:1968)
	at org.openxmlformats.schemas.spreadsheetml.x2006.main.impl.CTStylesheetImpl.getBorders(CTStylesheetImpl.java:217)
	at org.apache.poi.xssf.model.StylesTable.readFrom(StylesTable.java:254)
	at org.apache.poi.xssf.model.StylesTable.<init>(StylesTable.java:159)
	at org.apache.poi.ooxml.POIXMLFactory.createDocumentPart(POIXMLFactory.java:61)
	at org.apache.poi.ooxml.POIXMLDocumentPart.read(POIXMLDocumentPart.java:661)
	at org.apache.poi.ooxml.POIXMLDocument.load(POIXMLDocument.java:165)
	at org.apache.poi.xssf.usermodel.XSSFWorkbook.<init>(XSSFWorkbook.java:260)
	at org.apache.poi.xssf.usermodel.XSSFWorkbook.<init>(XSSFWorkbook.java:290)
	at org.apache.poi.xssf.usermodel.XSSFWorkbook.<init>(XSSFWorkbook.java:286)
	at externalResources.ExcelDataRead.<init>(ExcelDataRead.java:22)
	at listeners.AnnotationsTransformer.toBeExecuted(AnnotationsTransformer.java:36)
	at listeners.AnnotationsTransformer.transform(AnnotationsTransformer.java:24)
	at org.testng.internal.annotations.JDK15AnnotationFinder.transform(JDK15AnnotationFinder.java:172)
	at org.testng.internal.annotations.JDK15AnnotationFinder.lambda$findAnnotation$0(JDK15AnnotationFinder.java:279)
	at java.base/java.util.concurrent.ConcurrentHashMap.computeIfAbsent(ConcurrentHashMap.java:1705)
	at org.testng.internal.annotations.JDK15AnnotationFinder.findAnnotation(JDK15AnnotationFinder.java:275)
	at org.testng.internal.annotations.JDK15AnnotationFinder.findAnnotation(JDK15AnnotationFinder.java:113)
	at org.testng.internal.TestNGClassFinder.isTestNGClass(TestNGClassFinder.java:275)
	at org.testng.internal.TestNGClassFinder.isNotTestNGClass(TestNGClassFinder.java:260)
	at org.testng.internal.TestNGClassFinder.processClass(TestNGClassFinder.java:94)
	at org.testng.internal.TestNGClassFinder.<init>(TestNGClassFinder.java:67)
	at org.testng.TestRunner.initMethods(TestRunner.java:442)
	at org.testng.TestRunner.init(TestRunner.java:336)
	at org.testng.TestRunner.init(TestRunner.java:289)
	at org.testng.TestRunner.<init>(TestRunner.java:179)
	at org.testng.SuiteRunner$DefaultTestRunnerFactory.newTestRunner(SuiteRunner.java:643)
	at org.testng.SuiteRunner.init(SuiteRunner.java:225)
	at org.testng.SuiteRunner.<init>(SuiteRunner.java:115)
	at org.testng.TestNG.createSuiteRunner(TestNG.java:1349)
	at org.testng.TestNG.createSuiteRunners(TestNG.java:1325)
	at org.testng.TestNG.runSuitesLocally(TestNG.java:1167)
	at org.testng.TestNG.runSuites(TestNG.java:1099)
	at org.testng.TestNG.run(TestNG.java:1067)
	at org.apache.maven.surefire.testng.TestNGExecutor.run(TestNGExecutor.java:324)
	at org.apache.maven.surefire.testng.TestNGXmlTestSuite.execute(TestNGXmlTestSuite.java:74)
	at org.apache.maven.surefire.testng.TestNGProvider.invoke(TestNGProvider.java:123)
	at org.apache.maven.surefire.booter.ForkedBooter.runSuitesInProcess(ForkedBooter.java:456)
	at org.apache.maven.surefire.booter.ForkedBooter.execute(ForkedBooter.java:169)
	at org.apache.maven.surefire.booter.ForkedBooter.run(ForkedBooter.java:595)
	at org.apache.maven.surefire.booter.ForkedBooter.main(ForkedBooter.java:581)

2023-02-13 11:57:15,775 main ERROR Unable to invoke factory method in class org.apache.logging.log4j.core.appender.RollingFileAppender for element RollingFile: java.lang.IllegalStateException: No factory method found for class org.apache.logging.log4j.core.appender.RollingFileAppender java.lang.IllegalStateException: No factory method found for class org.apache.logging.log4j.core.appender.RollingFileAppender
	at org.apache.logging.log4j.core.config.plugins.util.PluginBuilder.findFactoryMethod(PluginBuilder.java:260)
	at org.apache.logging.log4j.core.config.plugins.util.PluginBuilder.build(PluginBuilder.java:136)
	at org.apache.logging.log4j.core.config.AbstractConfiguration.createPluginObject(AbstractConfiguration.java:1138)
	at org.apache.logging.log4j.core.config.AbstractConfiguration.createConfiguration(AbstractConfiguration.java:1063)
	at org.apache.logging.log4j.core.appender.routing.RoutingAppender.createAppender(RoutingAppender.java:310)
	at org.apache.logging.log4j.core.appender.routing.RoutingAppender.getControl(RoutingAppender.java:282)
	at org.apache.logging.log4j.core.appender.routing.RoutingAppender.append(RoutingAppender.java:240)
	at org.apache.logging.log4j.core.config.AppenderControl.tryCallAppender(AppenderControl.java:161)
	at org.apache.logging.log4j.core.config.AppenderControl.callAppender0(AppenderControl.java:134)
	at org.apache.logging.log4j.core.config.AppenderControl.callAppenderPreventRecursion(AppenderControl.java:125)
	at org.apache.logging.log4j.core.config.AppenderControl.callAppender(AppenderControl.java:89)
	at org.apache.logging.log4j.core.config.LoggerConfig.callAppenders(LoggerConfig.java:683)
	at org.apache.logging.log4j.core.config.LoggerConfig.processLogEvent(LoggerConfig.java:641)
	at org.apache.logging.log4j.core.config.LoggerConfig.log(LoggerConfig.java:624)
	at org.apache.logging.log4j.core.config.LoggerConfig.log(LoggerConfig.java:560)
	at org.apache.logging.log4j.core.config.AwaitCompletionReliabilityStrategy.log(AwaitCompletionReliabilityStrategy.java:82)
	at org.apache.logging.log4j.core.Logger.log(Logger.java:162)
	at org.apache.logging.log4j.spi.AbstractLogger.logMessage(AbstractLogger.java:2106)
	at org.apache.logging.log4j.internal.DefaultLogBuilder.logMessage(DefaultLogBuilder.java:241)
	at org.apache.logging.log4j.internal.DefaultLogBuilder.log(DefaultLogBuilder.java:162)
	at org.apache.xmlbeans.impl.schema.SchemaTypeSystemImpl.resolveHandle(SchemaTypeSystemImpl.java:935)
	at org.apache.xmlbeans.SchemaComponent$Ref.getComponent(SchemaComponent.java:111)
	at org.apache.xmlbeans.SchemaType$Ref.get(SchemaType.java:1072)
	at org.apache.xmlbeans.impl.schema.SchemaPropertyImpl.getType(SchemaPropertyImpl.java:85)
	at org.apache.xmlbeans.impl.schema.SchemaTypeImpl.createElementType(SchemaTypeImpl.java:990)
	at org.apache.xmlbeans.impl.values.XmlObjectBase.create_element_user(XmlObjectBase.java:879)
	at org.apache.xmlbeans.impl.store.Xobj.getUser(Xobj.java:1597)
	at org.apache.xmlbeans.impl.store.Xobj.find_element_user(Xobj.java:1968)
	at org.openxmlformats.schemas.spreadsheetml.x2006.main.impl.CTStylesheetImpl.getBorders(CTStylesheetImpl.java:217)
	at org.apache.poi.xssf.model.StylesTable.readFrom(StylesTable.java:254)
	at org.apache.poi.xssf.model.StylesTable.<init>(StylesTable.java:159)
	at org.apache.poi.ooxml.POIXMLFactory.createDocumentPart(POIXMLFactory.java:61)
	at org.apache.poi.ooxml.POIXMLDocumentPart.read(POIXMLDocumentPart.java:661)
	at org.apache.poi.ooxml.POIXMLDocument.load(POIXMLDocument.java:165)
	at org.apache.poi.xssf.usermodel.XSSFWorkbook.<init>(XSSFWorkbook.java:260)
	at org.apache.poi.xssf.usermodel.XSSFWorkbook.<init>(XSSFWorkbook.java:290)
	at org.apache.poi.xssf.usermodel.XSSFWorkbook.<init>(XSSFWorkbook.java:286)
	at externalResources.ExcelDataRead.<init>(ExcelDataRead.java:22)
	at listeners.AnnotationsTransformer.toBeExecuted(AnnotationsTransformer.java:36)
	at listeners.AnnotationsTransformer.transform(AnnotationsTransformer.java:24)
	at org.testng.internal.annotations.JDK15AnnotationFinder.transform(JDK15AnnotationFinder.java:172)
	at org.testng.internal.annotations.JDK15AnnotationFinder.lambda$findAnnotation$0(JDK15AnnotationFinder.java:279)
	at java.base/java.util.concurrent.ConcurrentHashMap.computeIfAbsent(ConcurrentHashMap.java:1705)
	at org.testng.internal.annotations.JDK15AnnotationFinder.findAnnotation(JDK15AnnotationFinder.java:275)
	at org.testng.internal.annotations.JDK15AnnotationFinder.findAnnotation(JDK15AnnotationFinder.java:113)
	at org.testng.internal.TestNGClassFinder.isTestNGClass(TestNGClassFinder.java:275)
	at org.testng.internal.TestNGClassFinder.isNotTestNGClass(TestNGClassFinder.java:260)
	at org.testng.internal.TestNGClassFinder.processClass(TestNGClassFinder.java:94)
	at org.testng.internal.TestNGClassFinder.<init>(TestNGClassFinder.java:67)
	at org.testng.TestRunner.initMethods(TestRunner.java:442)
	at org.testng.TestRunner.init(TestRunner.java:336)
	at org.testng.TestRunner.init(TestRunner.java:289)
	at org.testng.TestRunner.<init>(TestRunner.java:179)
	at org.testng.SuiteRunner$DefaultTestRunnerFactory.newTestRunner(SuiteRunner.java:643)
	at org.testng.SuiteRunner.init(SuiteRunner.java:225)
	at org.testng.SuiteRunner.<init>(SuiteRunner.java:115)
	at org.testng.TestNG.createSuiteRunner(TestNG.java:1349)
	at org.testng.TestNG.createSuiteRunners(TestNG.java:1325)
	at org.testng.TestNG.runSuitesLocally(TestNG.java:1167)
	at org.testng.TestNG.runSuites(TestNG.java:1099)
	at org.testng.TestNG.run(TestNG.java:1067)
	at org.apache.maven.surefire.testng.TestNGExecutor.run(TestNGExecutor.java:324)
	at org.apache.maven.surefire.testng.TestNGXmlTestSuite.execute(TestNGXmlTestSuite.java:74)
	at org.apache.maven.surefire.testng.TestNGProvider.invoke(TestNGProvider.java:123)
	at org.apache.maven.surefire.booter.ForkedBooter.runSuitesInProcess(ForkedBooter.java:456)
	at org.apache.maven.surefire.booter.ForkedBooter.execute(ForkedBooter.java:169)
	at org.apache.maven.surefire.booter.ForkedBooter.run(ForkedBooter.java:595)
	at org.apache.maven.surefire.booter.ForkedBooter.main(ForkedBooter.java:581)

2023-02-13 11:57:15,782 main ERROR Unable to create file ./results/logs/${ctx:threadName}.log java.io.IOException: The filename, directory name, or volume label syntax is incorrect
	at java.base/java.io.WinNTFileSystem.canonicalize0(Native Method)
	at java.base/java.io.WinNTFileSystem.canonicalize(WinNTFileSystem.java:483)
	at java.base/java.io.File.getCanonicalPath(File.java:626)
	at java.base/java.io.File.getCanonicalFile(File.java:651)
	at org.apache.logging.log4j.core.util.FileUtils.makeParentDirs(FileUtils.java:139)
	at org.apache.logging.log4j.core.appender.rolling.RollingFileManager$RollingFileManagerFactory.createManager(RollingFileManager.java:734)
	at org.apache.logging.log4j.core.appender.rolling.RollingFileManager$RollingFileManagerFactory.createManager(RollingFileManager.java:718)
	at org.apache.logging.log4j.core.appender.AbstractManager.getManager(AbstractManager.java:144)
	at org.apache.logging.log4j.core.appender.OutputStreamManager.getManager(OutputStreamManager.java:100)
	at org.apache.logging.log4j.core.appender.rolling.RollingFileManager.getFileManager(RollingFileManager.java:217)
	at org.apache.logging.log4j.core.appender.RollingFileAppender$Builder.build(RollingFileAppender.java:135)
	at org.apache.logging.log4j.core.appender.RollingFileAppender$Builder.build(RollingFileAppender.java:62)
	at org.apache.logging.log4j.core.config.plugins.util.PluginBuilder.build(PluginBuilder.java:124)
	at org.apache.logging.log4j.core.config.AbstractConfiguration.createPluginObject(AbstractConfiguration.java:1138)
	at org.apache.logging.log4j.core.config.AbstractConfiguration.createConfiguration(AbstractConfiguration.java:1063)
	at org.apache.logging.log4j.core.appender.routing.RoutingAppender.createAppender(RoutingAppender.java:310)
	at org.apache.logging.log4j.core.appender.routing.RoutingAppender.getControl(RoutingAppender.java:282)
	at org.apache.logging.log4j.core.appender.routing.RoutingAppender.append(RoutingAppender.java:240)
	at org.apache.logging.log4j.core.config.AppenderControl.tryCallAppender(AppenderControl.java:161)
	at org.apache.logging.log4j.core.config.AppenderControl.callAppender0(AppenderControl.java:134)
	at org.apache.logging.log4j.core.config.AppenderControl.callAppenderPreventRecursion(AppenderControl.java:125)
	at org.apache.logging.log4j.core.config.AppenderControl.callAppender(AppenderControl.java:89)
	at org.apache.logging.log4j.core.config.LoggerConfig.callAppenders(LoggerConfig.java:683)
	at org.apache.logging.log4j.core.config.LoggerConfig.processLogEvent(LoggerConfig.java:641)
	at org.apache.logging.log4j.core.config.LoggerConfig.log(LoggerConfig.java:624)
	at org.apache.logging.log4j.core.config.LoggerConfig.log(LoggerConfig.java:560)
	at org.apache.logging.log4j.core.config.AwaitCompletionReliabilityStrategy.log(AwaitCompletionReliabilityStrategy.java:82)
	at org.apache.logging.log4j.core.Logger.log(Logger.java:162)
	at org.apache.logging.log4j.spi.AbstractLogger.logMessage(AbstractLogger.java:2106)
	at org.apache.logging.log4j.internal.DefaultLogBuilder.logMessage(DefaultLogBuilder.java:241)
	at org.apache.logging.log4j.internal.DefaultLogBuilder.log(DefaultLogBuilder.java:162)
	at org.apache.xmlbeans.impl.schema.SchemaTypeSystemImpl.resolveHandle(SchemaTypeSystemImpl.java:935)
	at org.apache.xmlbeans.SchemaComponent$Ref.getComponent(SchemaComponent.java:111)
	at org.apache.xmlbeans.SchemaType$Ref.get(SchemaType.java:1072)
	at org.apache.xmlbeans.impl.schema.SchemaPropertyImpl.getType(SchemaPropertyImpl.java:85)
	at org.apache.xmlbeans.impl.schema.SchemaTypeImpl.createElementType(SchemaTypeImpl.java:990)
	at org.apache.xmlbeans.impl.values.XmlObjectBase.create_element_user(XmlObjectBase.java:879)
	at org.apache.xmlbeans.impl.store.Xobj.getUser(Xobj.java:1597)
	at org.apache.xmlbeans.impl.store.Xobj.find_all_element_users(Xobj.java:1990)
	at org.apache.xmlbeans.impl.values.XmlObjectBase.getBaseArray(XmlObjectBase.java:3104)
	at org.apache.xmlbeans.impl.values.XmlObjectBase.getXmlObjectArray(XmlObjectBase.java:3203)
	at org.openxmlformats.schemas.spreadsheetml.x2006.main.impl.CTBordersImpl.getBorderArray(CTBordersImpl.java:54)
	at org.apache.poi.xssf.model.StylesTable.readFrom(StylesTable.java:256)
	at org.apache.poi.xssf.model.StylesTable.<init>(StylesTable.java:159)
	at org.apache.poi.ooxml.POIXMLFactory.createDocumentPart(POIXMLFactory.java:61)
	at org.apache.poi.ooxml.POIXMLDocumentPart.read(POIXMLDocumentPart.java:661)
	at org.apache.poi.ooxml.POIXMLDocument.load(POIXMLDocument.java:165)
	at org.apache.poi.xssf.usermodel.XSSFWorkbook.<init>(XSSFWorkbook.java:260)
	at org.apache.poi.xssf.usermodel.XSSFWorkbook.<init>(XSSFWorkbook.java:290)
	at org.apache.poi.xssf.usermodel.XSSFWorkbook.<init>(XSSFWorkbook.java:286)
	at externalResources.ExcelDataRead.<init>(ExcelDataRead.java:22)
	at listeners.AnnotationsTransformer.toBeExecuted(AnnotationsTransformer.java:36)
	at listeners.AnnotationsTransformer.transform(AnnotationsTransformer.java:24)
	at org.testng.internal.annotations.JDK15AnnotationFinder.transform(JDK15AnnotationFinder.java:172)
	at org.testng.internal.annotations.JDK15AnnotationFinder.lambda$findAnnotation$0(JDK15AnnotationFinder.java:279)
	at java.base/java.util.concurrent.ConcurrentHashMap.computeIfAbsent(ConcurrentHashMap.java:1705)
	at org.testng.internal.annotations.JDK15AnnotationFinder.findAnnotation(JDK15AnnotationFinder.java:275)
	at org.testng.internal.annotations.JDK15AnnotationFinder.findAnnotation(JDK15AnnotationFinder.java:113)
	at org.testng.internal.TestNGClassFinder.isTestNGClass(TestNGClassFinder.java:275)
	at org.testng.internal.TestNGClassFinder.isNotTestNGClass(TestNGClassFinder.java:260)
	at org.testng.internal.TestNGClassFinder.processClass(TestNGClassFinder.java:94)
	at org.testng.internal.TestNGClassFinder.<init>(TestNGClassFinder.java:67)
	at org.testng.TestRunner.initMethods(TestRunner.java:442)
	at org.testng.TestRunner.init(TestRunner.java:336)
	at org.testng.TestRunner.init(TestRunner.java:289)
	at org.testng.TestRunner.<init>(TestRunner.java:179)
	at org.testng.SuiteRunner$DefaultTestRunnerFactory.newTestRunner(SuiteRunner.java:643)
	at org.testng.SuiteRunner.init(SuiteRunner.java:225)
	at org.testng.SuiteRunner.<init>(SuiteRunner.java:115)
	at org.testng.TestNG.createSuiteRunner(TestNG.java:1349)
	at org.testng.TestNG.createSuiteRunners(TestNG.java:1325)
	at org.testng.TestNG.runSuitesLocally(TestNG.java:1167)
	at org.testng.TestNG.runSuites(TestNG.java:1099)
	at org.testng.TestNG.run(TestNG.java:1067)
	at org.apache.maven.surefire.testng.TestNGExecutor.run(TestNGExecutor.java:324)
	at org.apache.maven.surefire.testng.TestNGXmlTestSuite.execute(TestNGXmlTestSuite.java:74)
	at org.apache.maven.surefire.testng.TestNGProvider.invoke(TestNGProvider.java:123)
	at org.apache.maven.surefire.booter.ForkedBooter.runSuitesInProcess(ForkedBooter.java:456)
	at org.apache.maven.surefire.booter.ForkedBooter.execute(ForkedBooter.java:169)
	at org.apache.maven.surefire.booter.ForkedBooter.run(ForkedBooter.java:595)
	at org.apache.maven.surefire.booter.ForkedBooter.main(ForkedBooter.java:581)

2023-02-13 11:57:15,783 main ERROR Could not create plugin of type class org.apache.logging.log4j.core.appender.RollingFileAppender for element RollingFile: java.lang.IllegalStateException: ManagerFactory [org.apache.logging.log4j.core.appender.rolling.RollingFileManager$RollingFileManagerFactory@4e6d7365] unable to create manager for [./results/logs/${ctx:threadName}.log] with data [org.apache.logging.log4j.core.appender.rolling.RollingFileManager$FactoryData@49293b43[pattern=./results/logs/${ctx:threadName}-%d{yyyy-MM-dd}.log, append=true, bufferedIO=true, bufferSize=8192, policy=SizeBasedTriggeringPolicy(size=512000), strategy=DefaultRolloverStrategy(min=1, max=7, useMax=true), advertiseURI=null, layout=%d{HH:mm:ss.SSS} [%t] %-5level %logger{36} - %msg%n, filePermissions=null, fileOwner=null]] java.lang.IllegalStateException: ManagerFactory [org.apache.logging.log4j.core.appender.rolling.RollingFileManager$RollingFileManagerFactory@4e6d7365] unable to create manager for [./results/logs/${ctx:threadName}.log] with data [org.apache.logging.log4j.core.appender.rolling.RollingFileManager$FactoryData@49293b43[pattern=./results/logs/${ctx:threadName}-%d{yyyy-MM-dd}.log, append=true, bufferedIO=true, bufferSize=8192, policy=SizeBasedTriggeringPolicy(size=512000), strategy=DefaultRolloverStrategy(min=1, max=7, useMax=true), advertiseURI=null, layout=%d{HH:mm:ss.SSS} [%t] %-5level %logger{36} - %msg%n, filePermissions=null, fileOwner=null]]
	at org.apache.logging.log4j.core.appender.AbstractManager.getManager(AbstractManager.java:146)
	at org.apache.logging.log4j.core.appender.OutputStreamManager.getManager(OutputStreamManager.java:100)
	at org.apache.logging.log4j.core.appender.rolling.RollingFileManager.getFileManager(RollingFileManager.java:217)
	at org.apache.logging.log4j.core.appender.RollingFileAppender$Builder.build(RollingFileAppender.java:135)
	at org.apache.logging.log4j.core.appender.RollingFileAppender$Builder.build(RollingFileAppender.java:62)
	at org.apache.logging.log4j.core.config.plugins.util.PluginBuilder.build(PluginBuilder.java:124)
	at org.apache.logging.log4j.core.config.AbstractConfiguration.createPluginObject(AbstractConfiguration.java:1138)
	at org.apache.logging.log4j.core.config.AbstractConfiguration.createConfiguration(AbstractConfiguration.java:1063)
	at org.apache.logging.log4j.core.appender.routing.RoutingAppender.createAppender(RoutingAppender.java:310)
	at org.apache.logging.log4j.core.appender.routing.RoutingAppender.getControl(RoutingAppender.java:282)
	at org.apache.logging.log4j.core.appender.routing.RoutingAppender.append(RoutingAppender.java:240)
	at org.apache.logging.log4j.core.config.AppenderControl.tryCallAppender(AppenderControl.java:161)
	at org.apache.logging.log4j.core.config.AppenderControl.callAppender0(AppenderControl.java:134)
	at org.apache.logging.log4j.core.config.AppenderControl.callAppenderPreventRecursion(AppenderControl.java:125)
	at org.apache.logging.log4j.core.config.AppenderControl.callAppender(AppenderControl.java:89)
	at org.apache.logging.log4j.core.config.LoggerConfig.callAppenders(LoggerConfig.java:683)
	at org.apache.logging.log4j.core.config.LoggerConfig.processLogEvent(LoggerConfig.java:641)
	at org.apache.logging.log4j.core.config.LoggerConfig.log(LoggerConfig.java:624)
	at org.apache.logging.log4j.core.config.LoggerConfig.log(LoggerConfig.java:560)
	at org.apache.logging.log4j.core.config.AwaitCompletionReliabilityStrategy.log(AwaitCompletionReliabilityStrategy.java:82)
	at org.apache.logging.log4j.core.Logger.log(Logger.java:162)
	at org.apache.logging.log4j.spi.AbstractLogger.logMessage(AbstractLogger.java:2106)
	at org.apache.logging.log4j.internal.DefaultLogBuilder.logMessage(DefaultLogBuilder.java:241)
	at org.apache.logging.log4j.internal.DefaultLogBuilder.log(DefaultLogBuilder.java:162)
	at org.apache.xmlbeans.impl.schema.SchemaTypeSystemImpl.resolveHandle(SchemaTypeSystemImpl.java:935)
	at org.apache.xmlbeans.SchemaComponent$Ref.getComponent(SchemaComponent.java:111)
	at org.apache.xmlbeans.SchemaType$Ref.get(SchemaType.java:1072)
	at org.apache.xmlbeans.impl.schema.SchemaPropertyImpl.getType(SchemaPropertyImpl.java:85)
	at org.apache.xmlbeans.impl.schema.SchemaTypeImpl.createElementType(SchemaTypeImpl.java:990)
	at org.apache.xmlbeans.impl.values.XmlObjectBase.create_element_user(XmlObjectBase.java:879)
	at org.apache.xmlbeans.impl.store.Xobj.getUser(Xobj.java:1597)
	at org.apache.xmlbeans.impl.store.Xobj.find_all_element_users(Xobj.java:1990)
	at org.apache.xmlbeans.impl.values.XmlObjectBase.getBaseArray(XmlObjectBase.java:3104)
	at org.apache.xmlbeans.impl.values.XmlObjectBase.getXmlObjectArray(XmlObjectBase.java:3203)
	at org.openxmlformats.schemas.spreadsheetml.x2006.main.impl.CTBordersImpl.getBorderArray(CTBordersImpl.java:54)
	at org.apache.poi.xssf.model.StylesTable.readFrom(StylesTable.java:256)
	at org.apache.poi.xssf.model.StylesTable.<init>(StylesTable.java:159)
	at org.apache.poi.ooxml.POIXMLFactory.createDocumentPart(POIXMLFactory.java:61)
	at org.apache.poi.ooxml.POIXMLDocumentPart.read(POIXMLDocumentPart.java:661)
	at org.apache.poi.ooxml.POIXMLDocument.load(POIXMLDocument.java:165)
	at org.apache.poi.xssf.usermodel.XSSFWorkbook.<init>(XSSFWorkbook.java:260)
	at org.apache.poi.xssf.usermodel.XSSFWorkbook.<init>(XSSFWorkbook.java:290)
	at org.apache.poi.xssf.usermodel.XSSFWorkbook.<init>(XSSFWorkbook.java:286)
	at externalResources.ExcelDataRead.<init>(ExcelDataRead.java:22)
	at listeners.AnnotationsTransformer.toBeExecuted(AnnotationsTransformer.java:36)
	at listeners.AnnotationsTransformer.transform(AnnotationsTransformer.java:24)
	at org.testng.internal.annotations.JDK15AnnotationFinder.transform(JDK15AnnotationFinder.java:172)
	at org.testng.internal.annotations.JDK15AnnotationFinder.lambda$findAnnotation$0(JDK15AnnotationFinder.java:279)
	at java.base/java.util.concurrent.ConcurrentHashMap.computeIfAbsent(ConcurrentHashMap.java:1705)
	at org.testng.internal.annotations.JDK15AnnotationFinder.findAnnotation(JDK15AnnotationFinder.java:275)
	at org.testng.internal.annotations.JDK15AnnotationFinder.findAnnotation(JDK15AnnotationFinder.java:113)
	at org.testng.internal.TestNGClassFinder.isTestNGClass(TestNGClassFinder.java:275)
	at org.testng.internal.TestNGClassFinder.isNotTestNGClass(TestNGClassFinder.java:260)
	at org.testng.internal.TestNGClassFinder.processClass(TestNGClassFinder.java:94)
	at org.testng.internal.TestNGClassFinder.<init>(TestNGClassFinder.java:67)
	at org.testng.TestRunner.initMethods(TestRunner.java:442)
	at org.testng.TestRunner.init(TestRunner.java:336)
	at org.testng.TestRunner.init(TestRunner.java:289)
	at org.testng.TestRunner.<init>(TestRunner.java:179)
	at org.testng.SuiteRunner$DefaultTestRunnerFactory.newTestRunner(SuiteRunner.java:643)
	at org.testng.SuiteRunner.init(SuiteRunner.java:225)
	at org.testng.SuiteRunner.<init>(SuiteRunner.java:115)
	at org.testng.TestNG.createSuiteRunner(TestNG.java:1349)
	at org.testng.TestNG.createSuiteRunners(TestNG.java:1325)
	at org.testng.TestNG.runSuitesLocally(TestNG.java:1167)
	at org.testng.TestNG.runSuites(TestNG.java:1099)
	at org.testng.TestNG.run(TestNG.java:1067)
	at org.apache.maven.surefire.testng.TestNGExecutor.run(TestNGExecutor.java:324)
	at org.apache.maven.surefire.testng.TestNGXmlTestSuite.execute(TestNGXmlTestSuite.java:74)
	at org.apache.maven.surefire.testng.TestNGProvider.invoke(TestNGProvider.java:123)
	at org.apache.maven.surefire.booter.ForkedBooter.runSuitesInProcess(ForkedBooter.java:456)
	at org.apache.maven.surefire.booter.ForkedBooter.execute(ForkedBooter.java:169)
	at org.apache.maven.surefire.booter.ForkedBooter.run(ForkedBooter.java:595)
	at org.apache.maven.surefire.booter.ForkedBooter.main(ForkedBooter.java:581)

2023-02-13 11:57:15,784 main ERROR Unable to invoke factory method in class org.apache.logging.log4j.core.appender.RollingFileAppender for element RollingFile: java.lang.IllegalStateException: No factory method found for class org.apache.logging.log4j.core.appender.RollingFileAppender java.lang.IllegalStateException: No factory method found for class org.apache.logging.log4j.core.appender.RollingFileAppender
	at org.apache.logging.log4j.core.config.plugins.util.PluginBuilder.findFactoryMethod(PluginBuilder.java:260)
	at org.apache.logging.log4j.core.config.plugins.util.PluginBuilder.build(PluginBuilder.java:136)
	at org.apache.logging.log4j.core.config.AbstractConfiguration.createPluginObject(AbstractConfiguration.java:1138)
	at org.apache.logging.log4j.core.config.AbstractConfiguration.createConfiguration(AbstractConfiguration.java:1063)
	at org.apache.logging.log4j.core.appender.routing.RoutingAppender.createAppender(RoutingAppender.java:310)
	at org.apache.logging.log4j.core.appender.routing.RoutingAppender.getControl(RoutingAppender.java:282)
	at org.apache.logging.log4j.core.appender.routing.RoutingAppender.append(RoutingAppender.java:240)
	at org.apache.logging.log4j.core.config.AppenderControl.tryCallAppender(AppenderControl.java:161)
	at org.apache.logging.log4j.core.config.AppenderControl.callAppender0(AppenderControl.java:134)
	at org.apache.logging.log4j.core.config.AppenderControl.callAppenderPreventRecursion(AppenderControl.java:125)
	at org.apache.logging.log4j.core.config.AppenderControl.callAppender(AppenderControl.java:89)
	at org.apache.logging.log4j.core.config.LoggerConfig.callAppenders(LoggerConfig.java:683)
	at org.apache.logging.log4j.core.config.LoggerConfig.processLogEvent(LoggerConfig.java:641)
	at org.apache.logging.log4j.core.config.LoggerConfig.log(LoggerConfig.java:624)
	at org.apache.logging.log4j.core.config.LoggerConfig.log(LoggerConfig.java:560)
	at org.apache.logging.log4j.core.config.AwaitCompletionReliabilityStrategy.log(AwaitCompletionReliabilityStrategy.java:82)
	at org.apache.logging.log4j.core.Logger.log(Logger.java:162)
	at org.apache.logging.log4j.spi.AbstractLogger.logMessage(AbstractLogger.java:2106)
	at org.apache.logging.log4j.internal.DefaultLogBuilder.logMessage(DefaultLogBuilder.java:241)
	at org.apache.logging.log4j.internal.DefaultLogBuilder.log(DefaultLogBuilder.java:162)
	at org.apache.xmlbeans.impl.schema.SchemaTypeSystemImpl.resolveHandle(SchemaTypeSystemImpl.java:935)
	at org.apache.xmlbeans.SchemaComponent$Ref.getComponent(SchemaComponent.java:111)
	at org.apache.xmlbeans.SchemaType$Ref.get(SchemaType.java:1072)
	at org.apache.xmlbeans.impl.schema.SchemaPropertyImpl.getType(SchemaPropertyImpl.java:85)
	at org.apache.xmlbeans.impl.schema.SchemaTypeImpl.createElementType(SchemaTypeImpl.java:990)
	at org.apache.xmlbeans.impl.values.XmlObjectBase.create_element_user(XmlObjectBase.java:879)
	at org.apache.xmlbeans.impl.store.Xobj.getUser(Xobj.java:1597)
	at org.apache.xmlbeans.impl.store.Xobj.find_all_element_users(Xobj.java:1990)
	at org.apache.xmlbeans.impl.values.XmlObjectBase.getBaseArray(XmlObjectBase.java:3104)
	at org.apache.xmlbeans.impl.values.XmlObjectBase.getXmlObjectArray(XmlObjectBase.java:3203)
	at org.openxmlformats.schemas.spreadsheetml.x2006.main.impl.CTBordersImpl.getBorderArray(CTBordersImpl.java:54)
	at org.apache.poi.xssf.model.StylesTable.readFrom(StylesTable.java:256)
	at org.apache.poi.xssf.model.StylesTable.<init>(StylesTable.java:159)
	at org.apache.poi.ooxml.POIXMLFactory.createDocumentPart(POIXMLFactory.java:61)
	at org.apache.poi.ooxml.POIXMLDocumentPart.read(POIXMLDocumentPart.java:661)
	at org.apache.poi.ooxml.POIXMLDocument.load(POIXMLDocument.java:165)
	at org.apache.poi.xssf.usermodel.XSSFWorkbook.<init>(XSSFWorkbook.java:260)
	at org.apache.poi.xssf.usermodel.XSSFWorkbook.<init>(XSSFWorkbook.java:290)
	at org.apache.poi.xssf.usermodel.XSSFWorkbook.<init>(XSSFWorkbook.java:286)
	at externalResources.ExcelDataRead.<init>(ExcelDataRead.java:22)
	at listeners.AnnotationsTransformer.toBeExecuted(AnnotationsTransformer.java:36)
	at listeners.AnnotationsTransformer.transform(AnnotationsTransformer.java:24)
	at org.testng.internal.annotations.JDK15AnnotationFinder.transform(JDK15AnnotationFinder.java:172)
	at org.testng.internal.annotations.JDK15AnnotationFinder.lambda$findAnnotation$0(JDK15AnnotationFinder.java:279)
	at java.base/java.util.concurrent.ConcurrentHashMap.computeIfAbsent(ConcurrentHashMap.java:1705)
	at org.testng.internal.annotations.JDK15AnnotationFinder.findAnnotation(JDK15AnnotationFinder.java:275)
	at org.testng.internal.annotations.JDK15AnnotationFinder.findAnnotation(JDK15AnnotationFinder.java:113)
	at org.testng.internal.TestNGClassFinder.isTestNGClass(TestNGClassFinder.java:275)
	at org.testng.internal.TestNGClassFinder.isNotTestNGClass(TestNGClassFinder.java:260)
	at org.testng.internal.TestNGClassFinder.processClass(TestNGClassFinder.java:94)
	at org.testng.internal.TestNGClassFinder.<init>(TestNGClassFinder.java:67)
	at org.testng.TestRunner.initMethods(TestRunner.java:442)
	at org.testng.TestRunner.init(TestRunner.java:336)
	at org.testng.TestRunner.init(TestRunner.java:289)
	at org.testng.TestRunner.<init>(TestRunner.java:179)
	at org.testng.SuiteRunner$DefaultTestRunnerFactory.newTestRunner(SuiteRunner.java:643)
	at org.testng.SuiteRunner.init(SuiteRunner.java:225)
	at org.testng.SuiteRunner.<init>(SuiteRunner.java:115)
	at org.testng.TestNG.createSuiteRunner(TestNG.java:1349)
	at org.testng.TestNG.createSuiteRunners(TestNG.java:1325)
	at org.testng.TestNG.runSuitesLocally(TestNG.java:1167)
	at org.testng.TestNG.runSuites(TestNG.java:1099)
	at org.testng.TestNG.run(TestNG.java:1067)
	at org.apache.maven.surefire.testng.TestNGExecutor.run(TestNGExecutor.java:324)
	at org.apache.maven.surefire.testng.TestNGXmlTestSuite.execute(TestNGXmlTestSuite.java:74)
	at org.apache.maven.surefire.testng.TestNGProvider.invoke(TestNGProvider.java:123)
	at org.apache.maven.surefire.booter.ForkedBooter.runSuitesInProcess(ForkedBooter.java:456)
	at org.apache.maven.surefire.booter.ForkedBooter.execute(ForkedBooter.java:169)
	at org.apache.maven.surefire.booter.ForkedBooter.run(ForkedBooter.java:595)
	at org.apache.maven.surefire.booter.ForkedBooter.main(ForkedBooter.java:581)

2023-02-13 11:57:15,789 main ERROR Unable to create file ./results/logs/${ctx:threadName}.log java.io.IOException: The filename, directory name, or volume label syntax is incorrect
	at java.base/java.io.WinNTFileSystem.canonicalize0(Native Method)
	at java.base/java.io.WinNTFileSystem.canonicalize(WinNTFileSystem.java:483)
	at java.base/java.io.File.getCanonicalPath(File.java:626)
	at java.base/java.io.File.getCanonicalFile(File.java:651)
	at org.apache.logging.log4j.core.util.FileUtils.makeParentDirs(FileUtils.java:139)
	at org.apache.logging.log4j.core.appender.rolling.RollingFileManager$RollingFileManagerFactory.createManager(RollingFileManager.java:734)
	at org.apache.logging.log4j.core.appender.rolling.RollingFileManager$RollingFileManagerFactory.createManager(RollingFileManager.java:718)
	at org.apache.logging.log4j.core.appender.AbstractManager.getManager(AbstractManager.java:144)
	at org.apache.logging.log4j.core.appender.OutputStreamManager.getManager(OutputStreamManager.java:100)
	at org.apache.logging.log4j.core.appender.rolling.RollingFileManager.getFileManager(RollingFileManager.java:217)
	at org.apache.logging.log4j.core.appender.RollingFileAppender$Builder.build(RollingFileAppender.java:135)
	at org.apache.logging.log4j.core.appender.RollingFileAppender$Builder.build(RollingFileAppender.java:62)
	at org.apache.logging.log4j.core.config.plugins.util.PluginBuilder.build(PluginBuilder.java:124)
	at org.apache.logging.log4j.core.config.AbstractConfiguration.createPluginObject(AbstractConfiguration.java:1138)
	at org.apache.logging.log4j.core.config.AbstractConfiguration.createConfiguration(AbstractConfiguration.java:1063)
	at org.apache.logging.log4j.core.appender.routing.RoutingAppender.createAppender(RoutingAppender.java:310)
	at org.apache.logging.log4j.core.appender.routing.RoutingAppender.getControl(RoutingAppender.java:282)
	at org.apache.logging.log4j.core.appender.routing.RoutingAppender.append(RoutingAppender.java:240)
	at org.apache.logging.log4j.core.config.AppenderControl.tryCallAppender(AppenderControl.java:161)
	at org.apache.logging.log4j.core.config.AppenderControl.callAppender0(AppenderControl.java:134)
	at org.apache.logging.log4j.core.config.AppenderControl.callAppenderPreventRecursion(AppenderControl.java:125)
	at org.apache.logging.log4j.core.config.AppenderControl.callAppender(AppenderControl.java:89)
	at org.apache.logging.log4j.core.config.LoggerConfig.callAppenders(LoggerConfig.java:683)
	at org.apache.logging.log4j.core.config.LoggerConfig.processLogEvent(LoggerConfig.java:641)
	at org.apache.logging.log4j.core.config.LoggerConfig.log(LoggerConfig.java:624)
	at org.apache.logging.log4j.core.config.LoggerConfig.log(LoggerConfig.java:560)
	at org.apache.logging.log4j.core.config.AwaitCompletionReliabilityStrategy.log(AwaitCompletionReliabilityStrategy.java:82)
	at org.apache.logging.log4j.core.Logger.log(Logger.java:162)
	at org.apache.logging.log4j.spi.AbstractLogger.logMessage(AbstractLogger.java:2106)
	at org.apache.logging.log4j.internal.DefaultLogBuilder.logMessage(DefaultLogBuilder.java:241)
	at org.apache.logging.log4j.internal.DefaultLogBuilder.log(DefaultLogBuilder.java:162)
	at org.apache.xmlbeans.impl.schema.SchemaTypeSystemImpl.resolveHandle(SchemaTypeSystemImpl.java:935)
	at org.apache.xmlbeans.SchemaComponent$Ref.getComponent(SchemaComponent.java:111)
	at org.apache.xmlbeans.SchemaType$Ref.get(SchemaType.java:1072)
	at org.apache.xmlbeans.impl.schema.SchemaPropertyImpl.getType(SchemaPropertyImpl.java:85)
	at org.apache.xmlbeans.impl.schema.SchemaTypeImpl.createElementType(SchemaTypeImpl.java:990)
	at org.apache.xmlbeans.impl.values.XmlObjectBase.create_element_user(XmlObjectBase.java:879)
	at org.apache.xmlbeans.impl.store.Xobj.getUser(Xobj.java:1597)
	at org.apache.xmlbeans.impl.store.Xobj.find_element_user(Xobj.java:1968)
	at org.openxmlformats.schemas.spreadsheetml.x2006.main.impl.CTStylesheetImpl.getCellXfs(CTStylesheetImpl.java:329)
	at org.apache.poi.xssf.model.StylesTable.readFrom(StylesTable.java:261)
	at org.apache.poi.xssf.model.StylesTable.<init>(StylesTable.java:159)
	at org.apache.poi.ooxml.POIXMLFactory.createDocumentPart(POIXMLFactory.java:61)
	at org.apache.poi.ooxml.POIXMLDocumentPart.read(POIXMLDocumentPart.java:661)
	at org.apache.poi.ooxml.POIXMLDocument.load(POIXMLDocument.java:165)
	at org.apache.poi.xssf.usermodel.XSSFWorkbook.<init>(XSSFWorkbook.java:260)
	at org.apache.poi.xssf.usermodel.XSSFWorkbook.<init>(XSSFWorkbook.java:290)
	at org.apache.poi.xssf.usermodel.XSSFWorkbook.<init>(XSSFWorkbook.java:286)
	at externalResources.ExcelDataRead.<init>(ExcelDataRead.java:22)
	at listeners.AnnotationsTransformer.toBeExecuted(AnnotationsTransformer.java:36)
	at listeners.AnnotationsTransformer.transform(AnnotationsTransformer.java:24)
	at org.testng.internal.annotations.JDK15AnnotationFinder.transform(JDK15AnnotationFinder.java:172)
	at org.testng.internal.annotations.JDK15AnnotationFinder.lambda$findAnnotation$0(JDK15AnnotationFinder.java:279)
	at java.base/java.util.concurrent.ConcurrentHashMap.computeIfAbsent(ConcurrentHashMap.java:1705)
	at org.testng.internal.annotations.JDK15AnnotationFinder.findAnnotation(JDK15AnnotationFinder.java:275)
	at org.testng.internal.annotations.JDK15AnnotationFinder.findAnnotation(JDK15AnnotationFinder.java:113)
	at org.testng.internal.TestNGClassFinder.isTestNGClass(TestNGClassFinder.java:275)
	at org.testng.internal.TestNGClassFinder.isNotTestNGClass(TestNGClassFinder.java:260)
	at org.testng.internal.TestNGClassFinder.processClass(TestNGClassFinder.java:94)
	at org.testng.internal.TestNGClassFinder.<init>(TestNGClassFinder.java:67)
	at org.testng.TestRunner.initMethods(TestRunner.java:442)
	at org.testng.TestRunner.init(TestRunner.java:336)
	at org.testng.TestRunner.init(TestRunner.java:289)
	at org.testng.TestRunner.<init>(TestRunner.java:179)
	at org.testng.SuiteRunner$DefaultTestRunnerFactory.newTestRunner(SuiteRunner.java:643)
	at org.testng.SuiteRunner.init(SuiteRunner.java:225)
	at org.testng.SuiteRunner.<init>(SuiteRunner.java:115)
	at org.testng.TestNG.createSuiteRunner(TestNG.java:1349)
	at org.testng.TestNG.createSuiteRunners(TestNG.java:1325)
	at org.testng.TestNG.runSuitesLocally(TestNG.java:1167)
	at org.testng.TestNG.runSuites(TestNG.java:1099)
	at org.testng.TestNG.run(TestNG.java:1067)
	at org.apache.maven.surefire.testng.TestNGExecutor.run(TestNGExecutor.java:324)
	at org.apache.maven.surefire.testng.TestNGXmlTestSuite.execute(TestNGXmlTestSuite.java:74)
	at org.apache.maven.surefire.testng.TestNGProvider.invoke(TestNGProvider.java:123)
	at org.apache.maven.surefire.booter.ForkedBooter.runSuitesInProcess(ForkedBooter.java:456)
	at org.apache.maven.surefire.booter.ForkedBooter.execute(ForkedBooter.java:169)
	at org.apache.maven.surefire.booter.ForkedBooter.run(ForkedBooter.java:595)
	at org.apache.maven.surefire.booter.ForkedBooter.main(ForkedBooter.java:581)

2023-02-13 11:57:15,790 main ERROR Could not create plugin of type class org.apache.logging.log4j.core.appender.RollingFileAppender for element RollingFile: java.lang.IllegalStateException: ManagerFactory [org.apache.logging.log4j.core.appender.rolling.RollingFileManager$RollingFileManagerFactory@4e6d7365] unable to create manager for [./results/logs/${ctx:threadName}.log] with data [org.apache.logging.log4j.core.appender.rolling.RollingFileManager$FactoryData@3c904f1e[pattern=./results/logs/${ctx:threadName}-%d{yyyy-MM-dd}.log, append=true, bufferedIO=true, bufferSize=8192, policy=SizeBasedTriggeringPolicy(size=512000), strategy=DefaultRolloverStrategy(min=1, max=7, useMax=true), advertiseURI=null, layout=%d{HH:mm:ss.SSS} [%t] %-5level %logger{36} - %msg%n, filePermissions=null, fileOwner=null]] java.lang.IllegalStateException: ManagerFactory [org.apache.logging.log4j.core.appender.rolling.RollingFileManager$RollingFileManagerFactory@4e6d7365] unable to create manager for [./results/logs/${ctx:threadName}.log] with data [org.apache.logging.log4j.core.appender.rolling.RollingFileManager$FactoryData@3c904f1e[pattern=./results/logs/${ctx:threadName}-%d{yyyy-MM-dd}.log, append=true, bufferedIO=true, bufferSize=8192, policy=SizeBasedTriggeringPolicy(size=512000), strategy=DefaultRolloverStrategy(min=1, max=7, useMax=true), advertiseURI=null, layout=%d{HH:mm:ss.SSS} [%t] %-5level %logger{36} - %msg%n, filePermissions=null, fileOwner=null]]
	at org.apache.logging.log4j.core.appender.AbstractManager.getManager(AbstractManager.java:146)
	at org.apache.logging.log4j.core.appender.OutputStreamManager.getManager(OutputStreamManager.java:100)
	at org.apache.logging.log4j.core.appender.rolling.RollingFileManager.getFileManager(RollingFileManager.java:217)
	at org.apache.logging.log4j.core.appender.RollingFileAppender$Builder.build(RollingFileAppender.java:135)
	at org.apache.logging.log4j.core.appender.RollingFileAppender$Builder.build(RollingFileAppender.java:62)
	at org.apache.logging.log4j.core.config.plugins.util.PluginBuilder.build(PluginBuilder.java:124)
	at org.apache.logging.log4j.core.config.AbstractConfiguration.createPluginObject(AbstractConfiguration.java:1138)
	at org.apache.logging.log4j.core.config.AbstractConfiguration.createConfiguration(AbstractConfiguration.java:1063)
	at org.apache.logging.log4j.core.appender.routing.RoutingAppender.createAppender(RoutingAppender.java:310)
	at org.apache.logging.log4j.core.appender.routing.RoutingAppender.getControl(RoutingAppender.java:282)
	at org.apache.logging.log4j.core.appender.routing.RoutingAppender.append(RoutingAppender.java:240)
	at org.apache.logging.log4j.core.config.AppenderControl.tryCallAppender(AppenderControl.java:161)
	at org.apache.logging.log4j.core.config.AppenderControl.callAppender0(AppenderControl.java:134)
	at org.apache.logging.log4j.core.config.AppenderControl.callAppenderPreventRecursion(AppenderControl.java:125)
	at org.apache.logging.log4j.core.config.AppenderControl.callAppender(AppenderControl.java:89)
	at org.apache.logging.log4j.core.config.LoggerConfig.callAppenders(LoggerConfig.java:683)
	at org.apache.logging.log4j.core.config.LoggerConfig.processLogEvent(LoggerConfig.java:641)
	at org.apache.logging.log4j.core.config.LoggerConfig.log(LoggerConfig.java:624)
	at org.apache.logging.log4j.core.config.LoggerConfig.log(LoggerConfig.java:560)
	at org.apache.logging.log4j.core.config.AwaitCompletionReliabilityStrategy.log(AwaitCompletionReliabilityStrategy.java:82)
	at org.apache.logging.log4j.core.Logger.log(Logger.java:162)
	at org.apache.logging.log4j.spi.AbstractLogger.logMessage(AbstractLogger.java:2106)
	at org.apache.logging.log4j.internal.DefaultLogBuilder.logMessage(DefaultLogBuilder.java:241)
	at org.apache.logging.log4j.internal.DefaultLogBuilder.log(DefaultLogBuilder.java:162)
	at org.apache.xmlbeans.impl.schema.SchemaTypeSystemImpl.resolveHandle(SchemaTypeSystemImpl.java:935)
	at org.apache.xmlbeans.SchemaComponent$Ref.getComponent(SchemaComponent.java:111)
	at org.apache.xmlbeans.SchemaType$Ref.get(SchemaType.java:1072)
	at org.apache.xmlbeans.impl.schema.SchemaPropertyImpl.getType(SchemaPropertyImpl.java:85)
	at org.apache.xmlbeans.impl.schema.SchemaTypeImpl.createElementType(SchemaTypeImpl.java:990)
	at org.apache.xmlbeans.impl.values.XmlObjectBase.create_element_user(XmlObjectBase.java:879)
	at org.apache.xmlbeans.impl.store.Xobj.getUser(Xobj.java:1597)
	at org.apache.xmlbeans.impl.store.Xobj.find_element_user(Xobj.java:1968)
	at org.openxmlformats.schemas.spreadsheetml.x2006.main.impl.CTStylesheetImpl.getCellXfs(CTStylesheetImpl.java:329)
	at org.apache.poi.xssf.model.StylesTable.readFrom(StylesTable.java:261)
	at org.apache.poi.xssf.model.StylesTable.<init>(StylesTable.java:159)
	at org.apache.poi.ooxml.POIXMLFactory.createDocumentPart(POIXMLFactory.java:61)
	at org.apache.poi.ooxml.POIXMLDocumentPart.read(POIXMLDocumentPart.java:661)
	at org.apache.poi.ooxml.POIXMLDocument.load(POIXMLDocument.java:165)
	at org.apache.poi.xssf.usermodel.XSSFWorkbook.<init>(XSSFWorkbook.java:260)
	at org.apache.poi.xssf.usermodel.XSSFWorkbook.<init>(XSSFWorkbook.java:290)
	at org.apache.poi.xssf.usermodel.XSSFWorkbook.<init>(XSSFWorkbook.java:286)
	at externalResources.ExcelDataRead.<init>(ExcelDataRead.java:22)
	at listeners.AnnotationsTransformer.toBeExecuted(AnnotationsTransformer.java:36)
	at listeners.AnnotationsTransformer.transform(AnnotationsTransformer.java:24)
	at org.testng.internal.annotations.JDK15AnnotationFinder.transform(JDK15AnnotationFinder.java:172)
	at org.testng.internal.annotations.JDK15AnnotationFinder.lambda$findAnnotation$0(JDK15AnnotationFinder.java:279)
	at java.base/java.util.concurrent.ConcurrentHashMap.computeIfAbsent(ConcurrentHashMap.java:1705)
	at org.testng.internal.annotations.JDK15AnnotationFinder.findAnnotation(JDK15AnnotationFinder.java:275)
	at org.testng.internal.annotations.JDK15AnnotationFinder.findAnnotation(JDK15AnnotationFinder.java:113)
	at org.testng.internal.TestNGClassFinder.isTestNGClass(TestNGClassFinder.java:275)
	at org.testng.internal.TestNGClassFinder.isNotTestNGClass(TestNGClassFinder.java:260)
	at org.testng.internal.TestNGClassFinder.processClass(TestNGClassFinder.java:94)
	at org.testng.internal.TestNGClassFinder.<init>(TestNGClassFinder.java:67)
	at org.testng.TestRunner.initMethods(TestRunner.java:442)
	at org.testng.TestRunner.init(TestRunner.java:336)
	at org.testng.TestRunner.init(TestRunner.java:289)
	at org.testng.TestRunner.<init>(TestRunner.java:179)
	at org.testng.SuiteRunner$DefaultTestRunnerFactory.newTestRunner(SuiteRunner.java:643)
	at org.testng.SuiteRunner.init(SuiteRunner.java:225)
	at org.testng.SuiteRunner.<init>(SuiteRunner.java:115)
	at org.testng.TestNG.createSuiteRunner(TestNG.java:1349)
	at org.testng.TestNG.createSuiteRunners(TestNG.java:1325)
	at org.testng.TestNG.runSuitesLocally(TestNG.java:1167)
	at org.testng.TestNG.runSuites(TestNG.java:1099)
	at org.testng.TestNG.run(TestNG.java:1067)
	at org.apache.maven.surefire.testng.TestNGExecutor.run(TestNGExecutor.java:324)
	at org.apache.maven.surefire.testng.TestNGXmlTestSuite.execute(TestNGXmlTestSuite.java:74)
	at org.apache.maven.surefire.testng.TestNGProvider.invoke(TestNGProvider.java:123)
	at org.apache.maven.surefire.booter.ForkedBooter.runSuitesInProcess(ForkedBooter.java:456)
	at org.apache.maven.surefire.booter.ForkedBooter.execute(ForkedBooter.java:169)
	at org.apache.maven.surefire.booter.ForkedBooter.run(ForkedBooter.java:595)
	at org.apache.maven.surefire.booter.ForkedBooter.main(ForkedBooter.java:581)

2023-02-13 11:57:15,791 main ERROR Unable to invoke factory method in class org.apache.logging.log4j.core.appender.RollingFileAppender for element RollingFile: java.lang.IllegalStateException: No factory method found for class org.apache.logging.log4j.core.appender.RollingFileAppender java.lang.IllegalStateException: No factory method found for class org.apache.logging.log4j.core.appender.RollingFileAppender
	at org.apache.logging.log4j.core.config.plugins.util.PluginBuilder.findFactoryMethod(PluginBuilder.java:260)
	at org.apache.logging.log4j.core.config.plugins.util.PluginBuilder.build(PluginBuilder.java:136)
	at org.apache.logging.log4j.core.config.AbstractConfiguration.createPluginObject(AbstractConfiguration.java:1138)
	at org.apache.logging.log4j.core.config.AbstractConfiguration.createConfiguration(AbstractConfiguration.java:1063)
	at org.apache.logging.log4j.core.appender.routing.RoutingAppender.createAppender(RoutingAppender.java:310)
	at org.apache.logging.log4j.core.appender.routing.RoutingAppender.getControl(RoutingAppender.java:282)
	at org.apache.logging.log4j.core.appender.routing.RoutingAppender.append(RoutingAppender.java:240)
	at org.apache.logging.log4j.core.config.AppenderControl.tryCallAppender(AppenderControl.java:161)
	at org.apache.logging.log4j.core.config.AppenderControl.callAppender0(AppenderControl.java:134)
	at org.apache.logging.log4j.core.config.AppenderControl.callAppenderPreventRecursion(AppenderControl.java:125)
	at org.apache.logging.log4j.core.config.AppenderControl.callAppender(AppenderControl.java:89)
	at org.apache.logging.log4j.core.config.LoggerConfig.callAppenders(LoggerConfig.java:683)
	at org.apache.logging.log4j.core.config.LoggerConfig.processLogEvent(LoggerConfig.java:641)
	at org.apache.logging.log4j.core.config.LoggerConfig.log(LoggerConfig.java:624)
	at org.apache.logging.log4j.core.config.LoggerConfig.log(LoggerConfig.java:560)
	at org.apache.logging.log4j.core.config.AwaitCompletionReliabilityStrategy.log(AwaitCompletionReliabilityStrategy.java:82)
	at org.apache.logging.log4j.core.Logger.log(Logger.java:162)
	at org.apache.logging.log4j.spi.AbstractLogger.logMessage(AbstractLogger.java:2106)
	at org.apache.logging.log4j.internal.DefaultLogBuilder.logMessage(DefaultLogBuilder.java:241)
	at org.apache.logging.log4j.internal.DefaultLogBuilder.log(DefaultLogBuilder.java:162)
	at org.apache.xmlbeans.impl.schema.SchemaTypeSystemImpl.resolveHandle(SchemaTypeSystemImpl.java:935)
	at org.apache.xmlbeans.SchemaComponent$Ref.getComponent(SchemaComponent.java:111)
	at org.apache.xmlbeans.SchemaType$Ref.get(SchemaType.java:1072)
	at org.apache.xmlbeans.impl.schema.SchemaPropertyImpl.getType(SchemaPropertyImpl.java:85)
	at org.apache.xmlbeans.impl.schema.SchemaTypeImpl.createElementType(SchemaTypeImpl.java:990)
	at org.apache.xmlbeans.impl.values.XmlObjectBase.create_element_user(XmlObjectBase.java:879)
	at org.apache.xmlbeans.impl.store.Xobj.getUser(Xobj.java:1597)
	at org.apache.xmlbeans.impl.store.Xobj.find_element_user(Xobj.java:1968)
	at org.openxmlformats.schemas.spreadsheetml.x2006.main.impl.CTStylesheetImpl.getCellXfs(CTStylesheetImpl.java:329)
	at org.apache.poi.xssf.model.StylesTable.readFrom(StylesTable.java:261)
	at org.apache.poi.xssf.model.StylesTable.<init>(StylesTable.java:159)
	at org.apache.poi.ooxml.POIXMLFactory.createDocumentPart(POIXMLFactory.java:61)
	at org.apache.poi.ooxml.POIXMLDocumentPart.read(POIXMLDocumentPart.java:661)
	at org.apache.poi.ooxml.POIXMLDocument.load(POIXMLDocument.java:165)
	at org.apache.poi.xssf.usermodel.XSSFWorkbook.<init>(XSSFWorkbook.java:260)
	at org.apache.poi.xssf.usermodel.XSSFWorkbook.<init>(XSSFWorkbook.java:290)
	at org.apache.poi.xssf.usermodel.XSSFWorkbook.<init>(XSSFWorkbook.java:286)
	at externalResources.ExcelDataRead.<init>(ExcelDataRead.java:22)
	at listeners.AnnotationsTransformer.toBeExecuted(AnnotationsTransformer.java:36)
	at listeners.AnnotationsTransformer.transform(AnnotationsTransformer.java:24)
	at org.testng.internal.annotations.JDK15AnnotationFinder.transform(JDK15AnnotationFinder.java:172)
	at org.testng.internal.annotations.JDK15AnnotationFinder.lambda$findAnnotation$0(JDK15AnnotationFinder.java:279)
	at java.base/java.util.concurrent.ConcurrentHashMap.computeIfAbsent(ConcurrentHashMap.java:1705)
	at org.testng.internal.annotations.JDK15AnnotationFinder.findAnnotation(JDK15AnnotationFinder.java:275)
	at org.testng.internal.annotations.JDK15AnnotationFinder.findAnnotation(JDK15AnnotationFinder.java:113)
	at org.testng.internal.TestNGClassFinder.isTestNGClass(TestNGClassFinder.java:275)
	at org.testng.internal.TestNGClassFinder.isNotTestNGClass(TestNGClassFinder.java:260)
	at org.testng.internal.TestNGClassFinder.processClass(TestNGClassFinder.java:94)
	at org.testng.internal.TestNGClassFinder.<init>(TestNGClassFinder.java:67)
	at org.testng.TestRunner.initMethods(TestRunner.java:442)
	at org.testng.TestRunner.init(TestRunner.java:336)
	at org.testng.TestRunner.init(TestRunner.java:289)
	at org.testng.TestRunner.<init>(TestRunner.java:179)
	at org.testng.SuiteRunner$DefaultTestRunnerFactory.newTestRunner(SuiteRunner.java:643)
	at org.testng.SuiteRunner.init(SuiteRunner.java:225)
	at org.testng.SuiteRunner.<init>(SuiteRunner.java:115)
	at org.testng.TestNG.createSuiteRunner(TestNG.java:1349)
	at org.testng.TestNG.createSuiteRunners(TestNG.java:1325)
	at org.testng.TestNG.runSuitesLocally(TestNG.java:1167)
	at org.testng.TestNG.runSuites(TestNG.java:1099)
	at org.testng.TestNG.run(TestNG.java:1067)
	at org.apache.maven.surefire.testng.TestNGExecutor.run(TestNGExecutor.java:324)
	at org.apache.maven.surefire.testng.TestNGXmlTestSuite.execute(TestNGXmlTestSuite.java:74)
	at org.apache.maven.surefire.testng.TestNGProvider.invoke(TestNGProvider.java:123)
	at org.apache.maven.surefire.booter.ForkedBooter.runSuitesInProcess(ForkedBooter.java:456)
	at org.apache.maven.surefire.booter.ForkedBooter.execute(ForkedBooter.java:169)
	at org.apache.maven.surefire.booter.ForkedBooter.run(ForkedBooter.java:595)
	at org.apache.maven.surefire.booter.ForkedBooter.main(ForkedBooter.java:581)

2023-02-13 11:57:15,799 main ERROR Unable to create file ./results/logs/${ctx:threadName}.log java.io.IOException: The filename, directory name, or volume label syntax is incorrect
	at java.base/java.io.WinNTFileSystem.canonicalize0(Native Method)
	at java.base/java.io.WinNTFileSystem.canonicalize(WinNTFileSystem.java:483)
	at java.base/java.io.File.getCanonicalPath(File.java:626)
	at java.base/java.io.File.getCanonicalFile(File.java:651)
	at org.apache.logging.log4j.core.util.FileUtils.makeParentDirs(FileUtils.java:139)
	at org.apache.logging.log4j.core.appender.rolling.RollingFileManager$RollingFileManagerFactory.createManager(RollingFileManager.java:734)
	at org.apache.logging.log4j.core.appender.rolling.RollingFileManager$RollingFileManagerFactory.createManager(RollingFileManager.java:718)
	at org.apache.logging.log4j.core.appender.AbstractManager.getManager(AbstractManager.java:144)
	at org.apache.logging.log4j.core.appender.OutputStreamManager.getManager(OutputStreamManager.java:100)
	at org.apache.logging.log4j.core.appender.rolling.RollingFileManager.getFileManager(RollingFileManager.java:217)
	at org.apache.logging.log4j.core.appender.RollingFileAppender$Builder.build(RollingFileAppender.java:135)
	at org.apache.logging.log4j.core.appender.RollingFileAppender$Builder.build(RollingFileAppender.java:62)
	at org.apache.logging.log4j.core.config.plugins.util.PluginBuilder.build(PluginBuilder.java:124)
	at org.apache.logging.log4j.core.config.AbstractConfiguration.createPluginObject(AbstractConfiguration.java:1138)
	at org.apache.logging.log4j.core.config.AbstractConfiguration.createConfiguration(AbstractConfiguration.java:1063)
	at org.apache.logging.log4j.core.appender.routing.RoutingAppender.createAppender(RoutingAppender.java:310)
	at org.apache.logging.log4j.core.appender.routing.RoutingAppender.getControl(RoutingAppender.java:282)
	at org.apache.logging.log4j.core.appender.routing.RoutingAppender.append(RoutingAppender.java:240)
	at org.apache.logging.log4j.core.config.AppenderControl.tryCallAppender(AppenderControl.java:161)
	at org.apache.logging.log4j.core.config.AppenderControl.callAppender0(AppenderControl.java:134)
	at org.apache.logging.log4j.core.config.AppenderControl.callAppenderPreventRecursion(AppenderControl.java:125)
	at org.apache.logging.log4j.core.config.AppenderControl.callAppender(AppenderControl.java:89)
	at org.apache.logging.log4j.core.config.LoggerConfig.callAppenders(LoggerConfig.java:683)
	at org.apache.logging.log4j.core.config.LoggerConfig.processLogEvent(LoggerConfig.java:641)
	at org.apache.logging.log4j.core.config.LoggerConfig.log(LoggerConfig.java:624)
	at org.apache.logging.log4j.core.config.LoggerConfig.log(LoggerConfig.java:560)
	at org.apache.logging.log4j.core.config.AwaitCompletionReliabilityStrategy.log(AwaitCompletionReliabilityStrategy.java:82)
	at org.apache.logging.log4j.core.Logger.log(Logger.java:162)
	at org.apache.logging.log4j.spi.AbstractLogger.logMessage(AbstractLogger.java:2106)
	at org.apache.logging.log4j.internal.DefaultLogBuilder.logMessage(DefaultLogBuilder.java:241)
	at org.apache.logging.log4j.internal.DefaultLogBuilder.log(DefaultLogBuilder.java:162)
	at org.apache.xmlbeans.impl.schema.SchemaTypeSystemImpl.resolveHandle(SchemaTypeSystemImpl.java:935)
	at org.apache.xmlbeans.SchemaComponent$Ref.getComponent(SchemaComponent.java:111)
	at org.apache.xmlbeans.SchemaType$Ref.get(SchemaType.java:1072)
	at org.apache.xmlbeans.impl.schema.SchemaPropertyImpl.getType(SchemaPropertyImpl.java:85)
	at org.apache.xmlbeans.impl.schema.SchemaTypeImpl.createElementType(SchemaTypeImpl.java:990)
	at org.apache.xmlbeans.impl.values.XmlObjectBase.create_element_user(XmlObjectBase.java:879)
	at org.apache.xmlbeans.impl.store.Xobj.getUser(Xobj.java:1597)
	at org.apache.xmlbeans.impl.store.Xobj.find_all_element_users(Xobj.java:1990)
	at org.apache.xmlbeans.impl.values.XmlObjectBase.getBaseArray(XmlObjectBase.java:3104)
	at org.apache.xmlbeans.impl.values.XmlObjectBase.getXmlObjectArray(XmlObjectBase.java:3203)
	at org.openxmlformats.schemas.spreadsheetml.x2006.main.impl.CTCellXfsImpl.getXfArray(CTCellXfsImpl.java:54)
	at org.apache.poi.xssf.model.StylesTable.readFrom(StylesTable.java:262)
	at org.apache.poi.xssf.model.StylesTable.<init>(StylesTable.java:159)
	at org.apache.poi.ooxml.POIXMLFactory.createDocumentPart(POIXMLFactory.java:61)
	at org.apache.poi.ooxml.POIXMLDocumentPart.read(POIXMLDocumentPart.java:661)
	at org.apache.poi.ooxml.POIXMLDocument.load(POIXMLDocument.java:165)
	at org.apache.poi.xssf.usermodel.XSSFWorkbook.<init>(XSSFWorkbook.java:260)
	at org.apache.poi.xssf.usermodel.XSSFWorkbook.<init>(XSSFWorkbook.java:290)
	at org.apache.poi.xssf.usermodel.XSSFWorkbook.<init>(XSSFWorkbook.java:286)
	at externalResources.ExcelDataRead.<init>(ExcelDataRead.java:22)
	at listeners.AnnotationsTransformer.toBeExecuted(AnnotationsTransformer.java:36)
	at listeners.AnnotationsTransformer.transform(AnnotationsTransformer.java:24)
	at org.testng.internal.annotations.JDK15AnnotationFinder.transform(JDK15AnnotationFinder.java:172)
	at org.testng.internal.annotations.JDK15AnnotationFinder.lambda$findAnnotation$0(JDK15AnnotationFinder.java:279)
	at java.base/java.util.concurrent.ConcurrentHashMap.computeIfAbsent(ConcurrentHashMap.java:1705)
	at org.testng.internal.annotations.JDK15AnnotationFinder.findAnnotation(JDK15AnnotationFinder.java:275)
	at org.testng.internal.annotations.JDK15AnnotationFinder.findAnnotation(JDK15AnnotationFinder.java:113)
	at org.testng.internal.TestNGClassFinder.isTestNGClass(TestNGClassFinder.java:275)
	at org.testng.internal.TestNGClassFinder.isNotTestNGClass(TestNGClassFinder.java:260)
	at org.testng.internal.TestNGClassFinder.processClass(TestNGClassFinder.java:94)
	at org.testng.internal.TestNGClassFinder.<init>(TestNGClassFinder.java:67)
	at org.testng.TestRunner.initMethods(TestRunner.java:442)
	at org.testng.TestRunner.init(TestRunner.java:336)
	at org.testng.TestRunner.init(TestRunner.java:289)
	at org.testng.TestRunner.<init>(TestRunner.java:179)
	at org.testng.SuiteRunner$DefaultTestRunnerFactory.newTestRunner(SuiteRunner.java:643)
	at org.testng.SuiteRunner.init(SuiteRunner.java:225)
	at org.testng.SuiteRunner.<init>(SuiteRunner.java:115)
	at org.testng.TestNG.createSuiteRunner(TestNG.java:1349)
	at org.testng.TestNG.createSuiteRunners(TestNG.java:1325)
	at org.testng.TestNG.runSuitesLocally(TestNG.java:1167)
	at org.testng.TestNG.runSuites(TestNG.java:1099)
	at org.testng.TestNG.run(TestNG.java:1067)
	at org.apache.maven.surefire.testng.TestNGExecutor.run(TestNGExecutor.java:324)
	at org.apache.maven.surefire.testng.TestNGXmlTestSuite.execute(TestNGXmlTestSuite.java:74)
	at org.apache.maven.surefire.testng.TestNGProvider.invoke(TestNGProvider.java:123)
	at org.apache.maven.surefire.booter.ForkedBooter.runSuitesInProcess(ForkedBooter.java:456)
	at org.apache.maven.surefire.booter.ForkedBooter.execute(ForkedBooter.java:169)
	at org.apache.maven.surefire.booter.ForkedBooter.run(ForkedBooter.java:595)
	at org.apache.maven.surefire.booter.ForkedBooter.main(ForkedBooter.java:581)

2023-02-13 11:57:15,800 main ERROR Could not create plugin of type class org.apache.logging.log4j.core.appender.RollingFileAppender for element RollingFile: java.lang.IllegalStateException: ManagerFactory [org.apache.logging.log4j.core.appender.rolling.RollingFileManager$RollingFileManagerFactory@4e6d7365] unable to create manager for [./results/logs/${ctx:threadName}.log] with data [org.apache.logging.log4j.core.appender.rolling.RollingFileManager$FactoryData@327c7bea[pattern=./results/logs/${ctx:threadName}-%d{yyyy-MM-dd}.log, append=true, bufferedIO=true, bufferSize=8192, policy=SizeBasedTriggeringPolicy(size=512000), strategy=DefaultRolloverStrategy(min=1, max=7, useMax=true), advertiseURI=null, layout=%d{HH:mm:ss.SSS} [%t] %-5level %logger{36} - %msg%n, filePermissions=null, fileOwner=null]] java.lang.IllegalStateException: ManagerFactory [org.apache.logging.log4j.core.appender.rolling.RollingFileManager$RollingFileManagerFactory@4e6d7365] unable to create manager for [./results/logs/${ctx:threadName}.log] with data [org.apache.logging.log4j.core.appender.rolling.RollingFileManager$FactoryData@327c7bea[pattern=./results/logs/${ctx:threadName}-%d{yyyy-MM-dd}.log, append=true, bufferedIO=true, bufferSize=8192, policy=SizeBasedTriggeringPolicy(size=512000), strategy=DefaultRolloverStrategy(min=1, max=7, useMax=true), advertiseURI=null, layout=%d{HH:mm:ss.SSS} [%t] %-5level %logger{36} - %msg%n, filePermissions=null, fileOwner=null]]
	at org.apache.logging.log4j.core.appender.AbstractManager.getManager(AbstractManager.java:146)
	at org.apache.logging.log4j.core.appender.OutputStreamManager.getManager(OutputStreamManager.java:100)
	at org.apache.logging.log4j.core.appender.rolling.RollingFileManager.getFileManager(RollingFileManager.java:217)
	at org.apache.logging.log4j.core.appender.RollingFileAppender$Builder.build(RollingFileAppender.java:135)
	at org.apache.logging.log4j.core.appender.RollingFileAppender$Builder.build(RollingFileAppender.java:62)
	at org.apache.logging.log4j.core.config.plugins.util.PluginBuilder.build(PluginBuilder.java:124)
	at org.apache.logging.log4j.core.config.AbstractConfiguration.createPluginObject(AbstractConfiguration.java:1138)
	at org.apache.logging.log4j.core.config.AbstractConfiguration.createConfiguration(AbstractConfiguration.java:1063)
	at org.apache.logging.log4j.core.appender.routing.RoutingAppender.createAppender(RoutingAppender.java:310)
	at org.apache.logging.log4j.core.appender.routing.RoutingAppender.getControl(RoutingAppender.java:282)
	at org.apache.logging.log4j.core.appender.routing.RoutingAppender.append(RoutingAppender.java:240)
	at org.apache.logging.log4j.core.config.AppenderControl.tryCallAppender(AppenderControl.java:161)
	at org.apache.logging.log4j.core.config.AppenderControl.callAppender0(AppenderControl.java:134)
	at org.apache.logging.log4j.core.config.AppenderControl.callAppenderPreventRecursion(AppenderControl.java:125)
	at org.apache.logging.log4j.core.config.AppenderControl.callAppender(AppenderControl.java:89)
	at org.apache.logging.log4j.core.config.LoggerConfig.callAppenders(LoggerConfig.java:683)
	at org.apache.logging.log4j.core.config.LoggerConfig.processLogEvent(LoggerConfig.java:641)
	at org.apache.logging.log4j.core.config.LoggerConfig.log(LoggerConfig.java:624)
	at org.apache.logging.log4j.core.config.LoggerConfig.log(LoggerConfig.java:560)
	at org.apache.logging.log4j.core.config.AwaitCompletionReliabilityStrategy.log(AwaitCompletionReliabilityStrategy.java:82)
	at org.apache.logging.log4j.core.Logger.log(Logger.java:162)
	at org.apache.logging.log4j.spi.AbstractLogger.logMessage(AbstractLogger.java:2106)
	at org.apache.logging.log4j.internal.DefaultLogBuilder.logMessage(DefaultLogBuilder.java:241)
	at org.apache.logging.log4j.internal.DefaultLogBuilder.log(DefaultLogBuilder.java:162)
	at org.apache.xmlbeans.impl.schema.SchemaTypeSystemImpl.resolveHandle(SchemaTypeSystemImpl.java:935)
	at org.apache.xmlbeans.SchemaComponent$Ref.getComponent(SchemaComponent.java:111)
	at org.apache.xmlbeans.SchemaType$Ref.get(SchemaType.java:1072)
	at org.apache.xmlbeans.impl.schema.SchemaPropertyImpl.getType(SchemaPropertyImpl.java:85)
	at org.apache.xmlbeans.impl.schema.SchemaTypeImpl.createElementType(SchemaTypeImpl.java:990)
	at org.apache.xmlbeans.impl.values.XmlObjectBase.create_element_user(XmlObjectBase.java:879)
	at org.apache.xmlbeans.impl.store.Xobj.getUser(Xobj.java:1597)
	at org.apache.xmlbeans.impl.store.Xobj.find_all_element_users(Xobj.java:1990)
	at org.apache.xmlbeans.impl.values.XmlObjectBase.getBaseArray(XmlObjectBase.java:3104)
	at org.apache.xmlbeans.impl.values.XmlObjectBase.getXmlObjectArray(XmlObjectBase.java:3203)
	at org.openxmlformats.schemas.spreadsheetml.x2006.main.impl.CTCellXfsImpl.getXfArray(CTCellXfsImpl.java:54)
	at org.apache.poi.xssf.model.StylesTable.readFrom(StylesTable.java:262)
	at org.apache.poi.xssf.model.StylesTable.<init>(StylesTable.java:159)
	at org.apache.poi.ooxml.POIXMLFactory.createDocumentPart(POIXMLFactory.java:61)
	at org.apache.poi.ooxml.POIXMLDocumentPart.read(POIXMLDocumentPart.java:661)
	at org.apache.poi.ooxml.POIXMLDocument.load(POIXMLDocument.java:165)
	at org.apache.poi.xssf.usermodel.XSSFWorkbook.<init>(XSSFWorkbook.java:260)
	at org.apache.poi.xssf.usermodel.XSSFWorkbook.<init>(XSSFWorkbook.java:290)
	at org.apache.poi.xssf.usermodel.XSSFWorkbook.<init>(XSSFWorkbook.java:286)
	at externalResources.ExcelDataRead.<init>(ExcelDataRead.java:22)
	at listeners.AnnotationsTransformer.toBeExecuted(AnnotationsTransformer.java:36)
	at listeners.AnnotationsTransformer.transform(AnnotationsTransformer.java:24)
	at org.testng.internal.annotations.JDK15AnnotationFinder.transform(JDK15AnnotationFinder.java:172)
	at org.testng.internal.annotations.JDK15AnnotationFinder.lambda$findAnnotation$0(JDK15AnnotationFinder.java:279)
	at java.base/java.util.concurrent.ConcurrentHashMap.computeIfAbsent(ConcurrentHashMap.java:1705)
	at org.testng.internal.annotations.JDK15AnnotationFinder.findAnnotation(JDK15AnnotationFinder.java:275)
	at org.testng.internal.annotations.JDK15AnnotationFinder.findAnnotation(JDK15AnnotationFinder.java:113)
	at org.testng.internal.TestNGClassFinder.isTestNGClass(TestNGClassFinder.java:275)
	at org.testng.internal.TestNGClassFinder.isNotTestNGClass(TestNGClassFinder.java:260)
	at org.testng.internal.TestNGClassFinder.processClass(TestNGClassFinder.java:94)
	at org.testng.internal.TestNGClassFinder.<init>(TestNGClassFinder.java:67)
	at org.testng.TestRunner.initMethods(TestRunner.java:442)
	at org.testng.TestRunner.init(TestRunner.java:336)
	at org.testng.TestRunner.init(TestRunner.java:289)
	at org.testng.TestRunner.<init>(TestRunner.java:179)
	at org.testng.SuiteRunner$DefaultTestRunnerFactory.newTestRunner(SuiteRunner.java:643)
	at org.testng.SuiteRunner.init(SuiteRunner.java:225)
	at org.testng.SuiteRunner.<init>(SuiteRunner.java:115)
	at org.testng.TestNG.createSuiteRunner(TestNG.java:1349)
	at org.testng.TestNG.createSuiteRunners(TestNG.java:1325)
	at org.testng.TestNG.runSuitesLocally(TestNG.java:1167)
	at org.testng.TestNG.runSuites(TestNG.java:1099)
	at org.testng.TestNG.run(TestNG.java:1067)
	at org.apache.maven.surefire.testng.TestNGExecutor.run(TestNGExecutor.java:324)
	at org.apache.maven.surefire.testng.TestNGXmlTestSuite.execute(TestNGXmlTestSuite.java:74)
	at org.apache.maven.surefire.testng.TestNGProvider.invoke(TestNGProvider.java:123)
	at org.apache.maven.surefire.booter.ForkedBooter.runSuitesInProcess(ForkedBooter.java:456)
	at org.apache.maven.surefire.booter.ForkedBooter.execute(ForkedBooter.java:169)
	at org.apache.maven.surefire.booter.ForkedBooter.run(ForkedBooter.java:595)
	at org.apache.maven.surefire.booter.ForkedBooter.main(ForkedBooter.java:581)

2023-02-13 11:57:15,801 main ERROR Unable to invoke factory method in class org.apache.logging.log4j.core.appender.RollingFileAppender for element RollingFile: java.lang.IllegalStateException: No factory method found for class org.apache.logging.log4j.core.appender.RollingFileAppender java.lang.IllegalStateException: No factory method found for class org.apache.logging.log4j.core.appender.RollingFileAppender
	at org.apache.logging.log4j.core.config.plugins.util.PluginBuilder.findFactoryMethod(PluginBuilder.java:260)
	at org.apache.logging.log4j.core.config.plugins.util.PluginBuilder.build(PluginBuilder.java:136)
	at org.apache.logging.log4j.core.config.AbstractConfiguration.createPluginObject(AbstractConfiguration.java:1138)
	at org.apache.logging.log4j.core.config.AbstractConfiguration.createConfiguration(AbstractConfiguration.java:1063)
	at org.apache.logging.log4j.core.appender.routing.RoutingAppender.createAppender(RoutingAppender.java:310)
	at org.apache.logging.log4j.core.appender.routing.RoutingAppender.getControl(RoutingAppender.java:282)
	at org.apache.logging.log4j.core.appender.routing.RoutingAppender.append(RoutingAppender.java:240)
	at org.apache.logging.log4j.core.config.AppenderControl.tryCallAppender(AppenderControl.java:161)
	at org.apache.logging.log4j.core.config.AppenderControl.callAppender0(AppenderControl.java:134)
	at org.apache.logging.log4j.core.config.AppenderControl.callAppenderPreventRecursion(AppenderControl.java:125)
	at org.apache.logging.log4j.core.config.AppenderControl.callAppender(AppenderControl.java:89)
	at org.apache.logging.log4j.core.config.LoggerConfig.callAppenders(LoggerConfig.java:683)
	at org.apache.logging.log4j.core.config.LoggerConfig.processLogEvent(LoggerConfig.java:641)
	at org.apache.logging.log4j.core.config.LoggerConfig.log(LoggerConfig.java:624)
	at org.apache.logging.log4j.core.config.LoggerConfig.log(LoggerConfig.java:560)
	at org.apache.logging.log4j.core.config.AwaitCompletionReliabilityStrategy.log(AwaitCompletionReliabilityStrategy.java:82)
	at org.apache.logging.log4j.core.Logger.log(Logger.java:162)
	at org.apache.logging.log4j.spi.AbstractLogger.logMessage(AbstractLogger.java:2106)
	at org.apache.logging.log4j.internal.DefaultLogBuilder.logMessage(DefaultLogBuilder.java:241)
	at org.apache.logging.log4j.internal.DefaultLogBuilder.log(DefaultLogBuilder.java:162)
	at org.apache.xmlbeans.impl.schema.SchemaTypeSystemImpl.resolveHandle(SchemaTypeSystemImpl.java:935)
	at org.apache.xmlbeans.SchemaComponent$Ref.getComponent(SchemaComponent.java:111)
	at org.apache.xmlbeans.SchemaType$Ref.get(SchemaType.java:1072)
	at org.apache.xmlbeans.impl.schema.SchemaPropertyImpl.getType(SchemaPropertyImpl.java:85)
	at org.apache.xmlbeans.impl.schema.SchemaTypeImpl.createElementType(SchemaTypeImpl.java:990)
	at org.apache.xmlbeans.impl.values.XmlObjectBase.create_element_user(XmlObjectBase.java:879)
	at org.apache.xmlbeans.impl.store.Xobj.getUser(Xobj.java:1597)
	at org.apache.xmlbeans.impl.store.Xobj.find_all_element_users(Xobj.java:1990)
	at org.apache.xmlbeans.impl.values.XmlObjectBase.getBaseArray(XmlObjectBase.java:3104)
	at org.apache.xmlbeans.impl.values.XmlObjectBase.getXmlObjectArray(XmlObjectBase.java:3203)
	at org.openxmlformats.schemas.spreadsheetml.x2006.main.impl.CTCellXfsImpl.getXfArray(CTCellXfsImpl.java:54)
	at org.apache.poi.xssf.model.StylesTable.readFrom(StylesTable.java:262)
	at org.apache.poi.xssf.model.StylesTable.<init>(StylesTable.java:159)
	at org.apache.poi.ooxml.POIXMLFactory.createDocumentPart(POIXMLFactory.java:61)
	at org.apache.poi.ooxml.POIXMLDocumentPart.read(POIXMLDocumentPart.java:661)
	at org.apache.poi.ooxml.POIXMLDocument.load(POIXMLDocument.java:165)
	at org.apache.poi.xssf.usermodel.XSSFWorkbook.<init>(XSSFWorkbook.java:260)
	at org.apache.poi.xssf.usermodel.XSSFWorkbook.<init>(XSSFWorkbook.java:290)
	at org.apache.poi.xssf.usermodel.XSSFWorkbook.<init>(XSSFWorkbook.java:286)
	at externalResources.ExcelDataRead.<init>(ExcelDataRead.java:22)
	at listeners.AnnotationsTransformer.toBeExecuted(AnnotationsTransformer.java:36)
	at listeners.AnnotationsTransformer.transform(AnnotationsTransformer.java:24)
	at org.testng.internal.annotations.JDK15AnnotationFinder.transform(JDK15AnnotationFinder.java:172)
	at org.testng.internal.annotations.JDK15AnnotationFinder.lambda$findAnnotation$0(JDK15AnnotationFinder.java:279)
	at java.base/java.util.concurrent.ConcurrentHashMap.computeIfAbsent(ConcurrentHashMap.java:1705)
	at org.testng.internal.annotations.JDK15AnnotationFinder.findAnnotation(JDK15AnnotationFinder.java:275)
	at org.testng.internal.annotations.JDK15AnnotationFinder.findAnnotation(JDK15AnnotationFinder.java:113)
	at org.testng.internal.TestNGClassFinder.isTestNGClass(TestNGClassFinder.java:275)
	at org.testng.internal.TestNGClassFinder.isNotTestNGClass(TestNGClassFinder.java:260)
	at org.testng.internal.TestNGClassFinder.processClass(TestNGClassFinder.java:94)
	at org.testng.internal.TestNGClassFinder.<init>(TestNGClassFinder.java:67)
	at org.testng.TestRunner.initMethods(TestRunner.java:442)
	at org.testng.TestRunner.init(TestRunner.java:336)
	at org.testng.TestRunner.init(TestRunner.java:289)
	at org.testng.TestRunner.<init>(TestRunner.java:179)
	at org.testng.SuiteRunner$DefaultTestRunnerFactory.newTestRunner(SuiteRunner.java:643)
	at org.testng.SuiteRunner.init(SuiteRunner.java:225)
	at org.testng.SuiteRunner.<init>(SuiteRunner.java:115)
	at org.testng.TestNG.createSuiteRunner(TestNG.java:1349)
	at org.testng.TestNG.createSuiteRunners(TestNG.java:1325)
	at org.testng.TestNG.runSuitesLocally(TestNG.java:1167)
	at org.testng.TestNG.runSuites(TestNG.java:1099)
	at org.testng.TestNG.run(TestNG.java:1067)
	at org.apache.maven.surefire.testng.TestNGExecutor.run(TestNGExecutor.java:324)
	at org.apache.maven.surefire.testng.TestNGXmlTestSuite.execute(TestNGXmlTestSuite.java:74)
	at org.apache.maven.surefire.testng.TestNGProvider.invoke(TestNGProvider.java:123)
	at org.apache.maven.surefire.booter.ForkedBooter.runSuitesInProcess(ForkedBooter.java:456)
	at org.apache.maven.surefire.booter.ForkedBooter.execute(ForkedBooter.java:169)
	at org.apache.maven.surefire.booter.ForkedBooter.run(ForkedBooter.java:595)
	at org.apache.maven.surefire.booter.ForkedBooter.main(ForkedBooter.java:581)

2023-02-13 11:57:15,806 main ERROR Unable to create file ./results/logs/${ctx:threadName}.log java.io.IOException: The filename, directory name, or volume label syntax is incorrect
	at java.base/java.io.WinNTFileSystem.canonicalize0(Native Method)
	at java.base/java.io.WinNTFileSystem.canonicalize(WinNTFileSystem.java:483)
	at java.base/java.io.File.getCanonicalPath(File.java:626)
	at java.base/java.io.File.getCanonicalFile(File.java:651)
	at org.apache.logging.log4j.core.util.FileUtils.makeParentDirs(FileUtils.java:139)
	at org.apache.logging.log4j.core.appender.rolling.RollingFileManager$RollingFileManagerFactory.createManager(RollingFileManager.java:734)
	at org.apache.logging.log4j.core.appender.rolling.RollingFileManager$RollingFileManagerFactory.createManager(RollingFileManager.java:718)
	at org.apache.logging.log4j.core.appender.AbstractManager.getManager(AbstractManager.java:144)
	at org.apache.logging.log4j.core.appender.OutputStreamManager.getManager(OutputStreamManager.java:100)
	at org.apache.logging.log4j.core.appender.rolling.RollingFileManager.getFileManager(RollingFileManager.java:217)
	at org.apache.logging.log4j.core.appender.RollingFileAppender$Builder.build(RollingFileAppender.java:135)
	at org.apache.logging.log4j.core.appender.RollingFileAppender$Builder.build(RollingFileAppender.java:62)
	at org.apache.logging.log4j.core.config.plugins.util.PluginBuilder.build(PluginBuilder.java:124)
	at org.apache.logging.log4j.core.config.AbstractConfiguration.createPluginObject(AbstractConfiguration.java:1138)
	at org.apache.logging.log4j.core.config.AbstractConfiguration.createConfiguration(AbstractConfiguration.java:1063)
	at org.apache.logging.log4j.core.appender.routing.RoutingAppender.createAppender(RoutingAppender.java:310)
	at org.apache.logging.log4j.core.appender.routing.RoutingAppender.getControl(RoutingAppender.java:282)
	at org.apache.logging.log4j.core.appender.routing.RoutingAppender.append(RoutingAppender.java:240)
	at org.apache.logging.log4j.core.config.AppenderControl.tryCallAppender(AppenderControl.java:161)
	at org.apache.logging.log4j.core.config.AppenderControl.callAppender0(AppenderControl.java:134)
	at org.apache.logging.log4j.core.config.AppenderControl.callAppenderPreventRecursion(AppenderControl.java:125)
	at org.apache.logging.log4j.core.config.AppenderControl.callAppender(AppenderControl.java:89)
	at org.apache.logging.log4j.core.config.LoggerConfig.callAppenders(LoggerConfig.java:683)
	at org.apache.logging.log4j.core.config.LoggerConfig.processLogEvent(LoggerConfig.java:641)
	at org.apache.logging.log4j.core.config.LoggerConfig.log(LoggerConfig.java:624)
	at org.apache.logging.log4j.core.config.LoggerConfig.log(LoggerConfig.java:560)
	at org.apache.logging.log4j.core.config.AwaitCompletionReliabilityStrategy.log(AwaitCompletionReliabilityStrategy.java:82)
	at org.apache.logging.log4j.core.Logger.log(Logger.java:162)
	at org.apache.logging.log4j.spi.AbstractLogger.logMessage(AbstractLogger.java:2106)
	at org.apache.logging.log4j.internal.DefaultLogBuilder.logMessage(DefaultLogBuilder.java:241)
	at org.apache.logging.log4j.internal.DefaultLogBuilder.log(DefaultLogBuilder.java:162)
	at org.apache.xmlbeans.impl.schema.SchemaTypeSystemImpl.resolveHandle(SchemaTypeSystemImpl.java:935)
	at org.apache.xmlbeans.SchemaComponent$Ref.getComponent(SchemaComponent.java:111)
	at org.apache.xmlbeans.SchemaType$Ref.get(SchemaType.java:1072)
	at org.apache.xmlbeans.impl.schema.SchemaPropertyImpl.getType(SchemaPropertyImpl.java:85)
	at org.apache.xmlbeans.impl.schema.SchemaTypeImpl.createElementType(SchemaTypeImpl.java:990)
	at org.apache.xmlbeans.impl.values.XmlObjectBase.create_element_user(XmlObjectBase.java:879)
	at org.apache.xmlbeans.impl.store.Xobj.getUser(Xobj.java:1597)
	at org.apache.xmlbeans.impl.store.Xobj.find_element_user(Xobj.java:1968)
	at org.openxmlformats.schemas.spreadsheetml.x2006.main.impl.CTStylesheetImpl.getCellStyleXfs(CTStylesheetImpl.java:273)
	at org.apache.poi.xssf.model.StylesTable.readFrom(StylesTable.java:264)
	at org.apache.poi.xssf.model.StylesTable.<init>(StylesTable.java:159)
	at org.apache.poi.ooxml.POIXMLFactory.createDocumentPart(POIXMLFactory.java:61)
	at org.apache.poi.ooxml.POIXMLDocumentPart.read(POIXMLDocumentPart.java:661)
	at org.apache.poi.ooxml.POIXMLDocument.load(POIXMLDocument.java:165)
	at org.apache.poi.xssf.usermodel.XSSFWorkbook.<init>(XSSFWorkbook.java:260)
	at org.apache.poi.xssf.usermodel.XSSFWorkbook.<init>(XSSFWorkbook.java:290)
	at org.apache.poi.xssf.usermodel.XSSFWorkbook.<init>(XSSFWorkbook.java:286)
	at externalResources.ExcelDataRead.<init>(ExcelDataRead.java:22)
	at listeners.AnnotationsTransformer.toBeExecuted(AnnotationsTransformer.java:36)
	at listeners.AnnotationsTransformer.transform(AnnotationsTransformer.java:24)
	at org.testng.internal.annotations.JDK15AnnotationFinder.transform(JDK15AnnotationFinder.java:172)
	at org.testng.internal.annotations.JDK15AnnotationFinder.lambda$findAnnotation$0(JDK15AnnotationFinder.java:279)
	at java.base/java.util.concurrent.ConcurrentHashMap.computeIfAbsent(ConcurrentHashMap.java:1705)
	at org.testng.internal.annotations.JDK15AnnotationFinder.findAnnotation(JDK15AnnotationFinder.java:275)
	at org.testng.internal.annotations.JDK15AnnotationFinder.findAnnotation(JDK15AnnotationFinder.java:113)
	at org.testng.internal.TestNGClassFinder.isTestNGClass(TestNGClassFinder.java:275)
	at org.testng.internal.TestNGClassFinder.isNotTestNGClass(TestNGClassFinder.java:260)
	at org.testng.internal.TestNGClassFinder.processClass(TestNGClassFinder.java:94)
	at org.testng.internal.TestNGClassFinder.<init>(TestNGClassFinder.java:67)
	at org.testng.TestRunner.initMethods(TestRunner.java:442)
	at org.testng.TestRunner.init(TestRunner.java:336)
	at org.testng.TestRunner.init(TestRunner.java:289)
	at org.testng.TestRunner.<init>(TestRunner.java:179)
	at org.testng.SuiteRunner$DefaultTestRunnerFactory.newTestRunner(SuiteRunner.java:643)
	at org.testng.SuiteRunner.init(SuiteRunner.java:225)
	at org.testng.SuiteRunner.<init>(SuiteRunner.java:115)
	at org.testng.TestNG.createSuiteRunner(TestNG.java:1349)
	at org.testng.TestNG.createSuiteRunners(TestNG.java:1325)
	at org.testng.TestNG.runSuitesLocally(TestNG.java:1167)
	at org.testng.TestNG.runSuites(TestNG.java:1099)
	at org.testng.TestNG.run(TestNG.java:1067)
	at org.apache.maven.surefire.testng.TestNGExecutor.run(TestNGExecutor.java:324)
	at org.apache.maven.surefire.testng.TestNGXmlTestSuite.execute(TestNGXmlTestSuite.java:74)
	at org.apache.maven.surefire.testng.TestNGProvider.invoke(TestNGProvider.java:123)
	at org.apache.maven.surefire.booter.ForkedBooter.runSuitesInProcess(ForkedBooter.java:456)
	at org.apache.maven.surefire.booter.ForkedBooter.execute(ForkedBooter.java:169)
	at org.apache.maven.surefire.booter.ForkedBooter.run(ForkedBooter.java:595)
	at org.apache.maven.surefire.booter.ForkedBooter.main(ForkedBooter.java:581)

2023-02-13 11:57:15,807 main ERROR Could not create plugin of type class org.apache.logging.log4j.core.appender.RollingFileAppender for element RollingFile: java.lang.IllegalStateException: ManagerFactory [org.apache.logging.log4j.core.appender.rolling.RollingFileManager$RollingFileManagerFactory@4e6d7365] unable to create manager for [./results/logs/${ctx:threadName}.log] with data [org.apache.logging.log4j.core.appender.rolling.RollingFileManager$FactoryData@48284d0e[pattern=./results/logs/${ctx:threadName}-%d{yyyy-MM-dd}.log, append=true, bufferedIO=true, bufferSize=8192, policy=SizeBasedTriggeringPolicy(size=512000), strategy=DefaultRolloverStrategy(min=1, max=7, useMax=true), advertiseURI=null, layout=%d{HH:mm:ss.SSS} [%t] %-5level %logger{36} - %msg%n, filePermissions=null, fileOwner=null]] java.lang.IllegalStateException: ManagerFactory [org.apache.logging.log4j.core.appender.rolling.RollingFileManager$RollingFileManagerFactory@4e6d7365] unable to create manager for [./results/logs/${ctx:threadName}.log] with data [org.apache.logging.log4j.core.appender.rolling.RollingFileManager$FactoryData@48284d0e[pattern=./results/logs/${ctx:threadName}-%d{yyyy-MM-dd}.log, append=true, bufferedIO=true, bufferSize=8192, policy=SizeBasedTriggeringPolicy(size=512000), strategy=DefaultRolloverStrategy(min=1, max=7, useMax=true), advertiseURI=null, layout=%d{HH:mm:ss.SSS} [%t] %-5level %logger{36} - %msg%n, filePermissions=null, fileOwner=null]]
	at org.apache.logging.log4j.core.appender.AbstractManager.getManager(AbstractManager.java:146)
	at org.apache.logging.log4j.core.appender.OutputStreamManager.getManager(OutputStreamManager.java:100)
	at org.apache.logging.log4j.core.appender.rolling.RollingFileManager.getFileManager(RollingFileManager.java:217)
	at org.apache.logging.log4j.core.appender.RollingFileAppender$Builder.build(RollingFileAppender.java:135)
	at org.apache.logging.log4j.core.appender.RollingFileAppender$Builder.build(RollingFileAppender.java:62)
	at org.apache.logging.log4j.core.config.plugins.util.PluginBuilder.build(PluginBuilder.java:124)
	at org.apache.logging.log4j.core.config.AbstractConfiguration.createPluginObject(AbstractConfiguration.java:1138)
	at org.apache.logging.log4j.core.config.AbstractConfiguration.createConfiguration(AbstractConfiguration.java:1063)
	at org.apache.logging.log4j.core.appender.routing.RoutingAppender.createAppender(RoutingAppender.java:310)
	at org.apache.logging.log4j.core.appender.routing.RoutingAppender.getControl(RoutingAppender.java:282)
	at org.apache.logging.log4j.core.appender.routing.RoutingAppender.append(RoutingAppender.java:240)
	at org.apache.logging.log4j.core.config.AppenderControl.tryCallAppender(AppenderControl.java:161)
	at org.apache.logging.log4j.core.config.AppenderControl.callAppender0(AppenderControl.java:134)
	at org.apache.logging.log4j.core.config.AppenderControl.callAppenderPreventRecursion(AppenderControl.java:125)
	at org.apache.logging.log4j.core.config.AppenderControl.callAppender(AppenderControl.java:89)
	at org.apache.logging.log4j.core.config.LoggerConfig.callAppenders(LoggerConfig.java:683)
	at org.apache.logging.log4j.core.config.LoggerConfig.processLogEvent(LoggerConfig.java:641)
	at org.apache.logging.log4j.core.config.LoggerConfig.log(LoggerConfig.java:624)
	at org.apache.logging.log4j.core.config.LoggerConfig.log(LoggerConfig.java:560)
	at org.apache.logging.log4j.core.config.AwaitCompletionReliabilityStrategy.log(AwaitCompletionReliabilityStrategy.java:82)
	at org.apache.logging.log4j.core.Logger.log(Logger.java:162)
	at org.apache.logging.log4j.spi.AbstractLogger.logMessage(AbstractLogger.java:2106)
	at org.apache.logging.log4j.internal.DefaultLogBuilder.logMessage(DefaultLogBuilder.java:241)
	at org.apache.logging.log4j.internal.DefaultLogBuilder.log(DefaultLogBuilder.java:162)
	at org.apache.xmlbeans.impl.schema.SchemaTypeSystemImpl.resolveHandle(SchemaTypeSystemImpl.java:935)
	at org.apache.xmlbeans.SchemaComponent$Ref.getComponent(SchemaComponent.java:111)
	at org.apache.xmlbeans.SchemaType$Ref.get(SchemaType.java:1072)
	at org.apache.xmlbeans.impl.schema.SchemaPropertyImpl.getType(SchemaPropertyImpl.java:85)
	at org.apache.xmlbeans.impl.schema.SchemaTypeImpl.createElementType(SchemaTypeImpl.java:990)
	at org.apache.xmlbeans.impl.values.XmlObjectBase.create_element_user(XmlObjectBase.java:879)
	at org.apache.xmlbeans.impl.store.Xobj.getUser(Xobj.java:1597)
	at org.apache.xmlbeans.impl.store.Xobj.find_element_user(Xobj.java:1968)
	at org.openxmlformats.schemas.spreadsheetml.x2006.main.impl.CTStylesheetImpl.getCellStyleXfs(CTStylesheetImpl.java:273)
	at org.apache.poi.xssf.model.StylesTable.readFrom(StylesTable.java:264)
	at org.apache.poi.xssf.model.StylesTable.<init>(StylesTable.java:159)
	at org.apache.poi.ooxml.POIXMLFactory.createDocumentPart(POIXMLFactory.java:61)
	at org.apache.poi.ooxml.POIXMLDocumentPart.read(POIXMLDocumentPart.java:661)
	at org.apache.poi.ooxml.POIXMLDocument.load(POIXMLDocument.java:165)
	at org.apache.poi.xssf.usermodel.XSSFWorkbook.<init>(XSSFWorkbook.java:260)
	at org.apache.poi.xssf.usermodel.XSSFWorkbook.<init>(XSSFWorkbook.java:290)
	at org.apache.poi.xssf.usermodel.XSSFWorkbook.<init>(XSSFWorkbook.java:286)
	at externalResources.ExcelDataRead.<init>(ExcelDataRead.java:22)
	at listeners.AnnotationsTransformer.toBeExecuted(AnnotationsTransformer.java:36)
	at listeners.AnnotationsTransformer.transform(AnnotationsTransformer.java:24)
	at org.testng.internal.annotations.JDK15AnnotationFinder.transform(JDK15AnnotationFinder.java:172)
	at org.testng.internal.annotations.JDK15AnnotationFinder.lambda$findAnnotation$0(JDK15AnnotationFinder.java:279)
	at java.base/java.util.concurrent.ConcurrentHashMap.computeIfAbsent(ConcurrentHashMap.java:1705)
	at org.testng.internal.annotations.JDK15AnnotationFinder.findAnnotation(JDK15AnnotationFinder.java:275)
	at org.testng.internal.annotations.JDK15AnnotationFinder.findAnnotation(JDK15AnnotationFinder.java:113)
	at org.testng.internal.TestNGClassFinder.isTestNGClass(TestNGClassFinder.java:275)
	at org.testng.internal.TestNGClassFinder.isNotTestNGClass(TestNGClassFinder.java:260)
	at org.testng.internal.TestNGClassFinder.processClass(TestNGClassFinder.java:94)
	at org.testng.internal.TestNGClassFinder.<init>(TestNGClassFinder.java:67)
	at org.testng.TestRunner.initMethods(TestRunner.java:442)
	at org.testng.TestRunner.init(TestRunner.java:336)
	at org.testng.TestRunner.init(TestRunner.java:289)
	at org.testng.TestRunner.<init>(TestRunner.java:179)
	at org.testng.SuiteRunner$DefaultTestRunnerFactory.newTestRunner(SuiteRunner.java:643)
	at org.testng.SuiteRunner.init(SuiteRunner.java:225)
	at org.testng.SuiteRunner.<init>(SuiteRunner.java:115)
	at org.testng.TestNG.createSuiteRunner(TestNG.java:1349)
	at org.testng.TestNG.createSuiteRunners(TestNG.java:1325)
	at org.testng.TestNG.runSuitesLocally(TestNG.java:1167)
	at org.testng.TestNG.runSuites(TestNG.java:1099)
	at org.testng.TestNG.run(TestNG.java:1067)
	at org.apache.maven.surefire.testng.TestNGExecutor.run(TestNGExecutor.java:324)
	at org.apache.maven.surefire.testng.TestNGXmlTestSuite.execute(TestNGXmlTestSuite.java:74)
	at org.apache.maven.surefire.testng.TestNGProvider.invoke(TestNGProvider.java:123)
	at org.apache.maven.surefire.booter.ForkedBooter.runSuitesInProcess(ForkedBooter.java:456)
	at org.apache.maven.surefire.booter.ForkedBooter.execute(ForkedBooter.java:169)
	at org.apache.maven.surefire.booter.ForkedBooter.run(ForkedBooter.java:595)
	at org.apache.maven.surefire.booter.ForkedBooter.main(ForkedBooter.java:581)

2023-02-13 11:57:15,808 main ERROR Unable to invoke factory method in class org.apache.logging.log4j.core.appender.RollingFileAppender for element RollingFile: java.lang.IllegalStateException: No factory method found for class org.apache.logging.log4j.core.appender.RollingFileAppender java.lang.IllegalStateException: No factory method found for class org.apache.logging.log4j.core.appender.RollingFileAppender
	at org.apache.logging.log4j.core.config.plugins.util.PluginBuilder.findFactoryMethod(PluginBuilder.java:260)
	at org.apache.logging.log4j.core.config.plugins.util.PluginBuilder.build(PluginBuilder.java:136)
	at org.apache.logging.log4j.core.config.AbstractConfiguration.createPluginObject(AbstractConfiguration.java:1138)
	at org.apache.logging.log4j.core.config.AbstractConfiguration.createConfiguration(AbstractConfiguration.java:1063)
	at org.apache.logging.log4j.core.appender.routing.RoutingAppender.createAppender(RoutingAppender.java:310)
	at org.apache.logging.log4j.core.appender.routing.RoutingAppender.getControl(RoutingAppender.java:282)
	at org.apache.logging.log4j.core.appender.routing.RoutingAppender.append(RoutingAppender.java:240)
	at org.apache.logging.log4j.core.config.AppenderControl.tryCallAppender(AppenderControl.java:161)
	at org.apache.logging.log4j.core.config.AppenderControl.callAppender0(AppenderControl.java:134)
	at org.apache.logging.log4j.core.config.AppenderControl.callAppenderPreventRecursion(AppenderControl.java:125)
	at org.apache.logging.log4j.core.config.AppenderControl.callAppender(AppenderControl.java:89)
	at org.apache.logging.log4j.core.config.LoggerConfig.callAppenders(LoggerConfig.java:683)
	at org.apache.logging.log4j.core.config.LoggerConfig.processLogEvent(LoggerConfig.java:641)
	at org.apache.logging.log4j.core.config.LoggerConfig.log(LoggerConfig.java:624)
	at org.apache.logging.log4j.core.config.LoggerConfig.log(LoggerConfig.java:560)
	at org.apache.logging.log4j.core.config.AwaitCompletionReliabilityStrategy.log(AwaitCompletionReliabilityStrategy.java:82)
	at org.apache.logging.log4j.core.Logger.log(Logger.java:162)
	at org.apache.logging.log4j.spi.AbstractLogger.logMessage(AbstractLogger.java:2106)
	at org.apache.logging.log4j.internal.DefaultLogBuilder.logMessage(DefaultLogBuilder.java:241)
	at org.apache.logging.log4j.internal.DefaultLogBuilder.log(DefaultLogBuilder.java:162)
	at org.apache.xmlbeans.impl.schema.SchemaTypeSystemImpl.resolveHandle(SchemaTypeSystemImpl.java:935)
	at org.apache.xmlbeans.SchemaComponent$Ref.getComponent(SchemaComponent.java:111)
	at org.apache.xmlbeans.SchemaType$Ref.get(SchemaType.java:1072)
	at org.apache.xmlbeans.impl.schema.SchemaPropertyImpl.getType(SchemaPropertyImpl.java:85)
	at org.apache.xmlbeans.impl.schema.SchemaTypeImpl.createElementType(SchemaTypeImpl.java:990)
	at org.apache.xmlbeans.impl.values.XmlObjectBase.create_element_user(XmlObjectBase.java:879)
	at org.apache.xmlbeans.impl.store.Xobj.getUser(Xobj.java:1597)
	at org.apache.xmlbeans.impl.store.Xobj.find_element_user(Xobj.java:1968)
	at org.openxmlformats.schemas.spreadsheetml.x2006.main.impl.CTStylesheetImpl.getCellStyleXfs(CTStylesheetImpl.java:273)
	at org.apache.poi.xssf.model.StylesTable.readFrom(StylesTable.java:264)
	at org.apache.poi.xssf.model.StylesTable.<init>(StylesTable.java:159)
	at org.apache.poi.ooxml.POIXMLFactory.createDocumentPart(POIXMLFactory.java:61)
	at org.apache.poi.ooxml.POIXMLDocumentPart.read(POIXMLDocumentPart.java:661)
	at org.apache.poi.ooxml.POIXMLDocument.load(POIXMLDocument.java:165)
	at org.apache.poi.xssf.usermodel.XSSFWorkbook.<init>(XSSFWorkbook.java:260)
	at org.apache.poi.xssf.usermodel.XSSFWorkbook.<init>(XSSFWorkbook.java:290)
	at org.apache.poi.xssf.usermodel.XSSFWorkbook.<init>(XSSFWorkbook.java:286)
	at externalResources.ExcelDataRead.<init>(ExcelDataRead.java:22)
	at listeners.AnnotationsTransformer.toBeExecuted(AnnotationsTransformer.java:36)
	at listeners.AnnotationsTransformer.transform(AnnotationsTransformer.java:24)
	at org.testng.internal.annotations.JDK15AnnotationFinder.transform(JDK15AnnotationFinder.java:172)
	at org.testng.internal.annotations.JDK15AnnotationFinder.lambda$findAnnotation$0(JDK15AnnotationFinder.java:279)
	at java.base/java.util.concurrent.ConcurrentHashMap.computeIfAbsent(ConcurrentHashMap.java:1705)
	at org.testng.internal.annotations.JDK15AnnotationFinder.findAnnotation(JDK15AnnotationFinder.java:275)
	at org.testng.internal.annotations.JDK15AnnotationFinder.findAnnotation(JDK15AnnotationFinder.java:113)
	at org.testng.internal.TestNGClassFinder.isTestNGClass(TestNGClassFinder.java:275)
	at org.testng.internal.TestNGClassFinder.isNotTestNGClass(TestNGClassFinder.java:260)
	at org.testng.internal.TestNGClassFinder.processClass(TestNGClassFinder.java:94)
	at org.testng.internal.TestNGClassFinder.<init>(TestNGClassFinder.java:67)
	at org.testng.TestRunner.initMethods(TestRunner.java:442)
	at org.testng.TestRunner.init(TestRunner.java:336)
	at org.testng.TestRunner.init(TestRunner.java:289)
	at org.testng.TestRunner.<init>(TestRunner.java:179)
	at org.testng.SuiteRunner$DefaultTestRunnerFactory.newTestRunner(SuiteRunner.java:643)
	at org.testng.SuiteRunner.init(SuiteRunner.java:225)
	at org.testng.SuiteRunner.<init>(SuiteRunner.java:115)
	at org.testng.TestNG.createSuiteRunner(TestNG.java:1349)
	at org.testng.TestNG.createSuiteRunners(TestNG.java:1325)
	at org.testng.TestNG.runSuitesLocally(TestNG.java:1167)
	at org.testng.TestNG.runSuites(TestNG.java:1099)
	at org.testng.TestNG.run(TestNG.java:1067)
	at org.apache.maven.surefire.testng.TestNGExecutor.run(TestNGExecutor.java:324)
	at org.apache.maven.surefire.testng.TestNGXmlTestSuite.execute(TestNGXmlTestSuite.java:74)
	at org.apache.maven.surefire.testng.TestNGProvider.invoke(TestNGProvider.java:123)
	at org.apache.maven.surefire.booter.ForkedBooter.runSuitesInProcess(ForkedBooter.java:456)
	at org.apache.maven.surefire.booter.ForkedBooter.execute(ForkedBooter.java:169)
	at org.apache.maven.surefire.booter.ForkedBooter.run(ForkedBooter.java:595)
	at org.apache.maven.surefire.booter.ForkedBooter.main(ForkedBooter.java:581)

2023-02-13 11:57:15,814 main ERROR Unable to create file ./results/logs/${ctx:threadName}.log java.io.IOException: The filename, directory name, or volume label syntax is incorrect
	at java.base/java.io.WinNTFileSystem.canonicalize0(Native Method)
	at java.base/java.io.WinNTFileSystem.canonicalize(WinNTFileSystem.java:483)
	at java.base/java.io.File.getCanonicalPath(File.java:626)
	at java.base/java.io.File.getCanonicalFile(File.java:651)
	at org.apache.logging.log4j.core.util.FileUtils.makeParentDirs(FileUtils.java:139)
	at org.apache.logging.log4j.core.appender.rolling.RollingFileManager$RollingFileManagerFactory.createManager(RollingFileManager.java:734)
	at org.apache.logging.log4j.core.appender.rolling.RollingFileManager$RollingFileManagerFactory.createManager(RollingFileManager.java:718)
	at org.apache.logging.log4j.core.appender.AbstractManager.getManager(AbstractManager.java:144)
	at org.apache.logging.log4j.core.appender.OutputStreamManager.getManager(OutputStreamManager.java:100)
	at org.apache.logging.log4j.core.appender.rolling.RollingFileManager.getFileManager(RollingFileManager.java:217)
	at org.apache.logging.log4j.core.appender.RollingFileAppender$Builder.build(RollingFileAppender.java:135)
	at org.apache.logging.log4j.core.appender.RollingFileAppender$Builder.build(RollingFileAppender.java:62)
	at org.apache.logging.log4j.core.config.plugins.util.PluginBuilder.build(PluginBuilder.java:124)
	at org.apache.logging.log4j.core.config.AbstractConfiguration.createPluginObject(AbstractConfiguration.java:1138)
	at org.apache.logging.log4j.core.config.AbstractConfiguration.createConfiguration(AbstractConfiguration.java:1063)
	at org.apache.logging.log4j.core.appender.routing.RoutingAppender.createAppender(RoutingAppender.java:310)
	at org.apache.logging.log4j.core.appender.routing.RoutingAppender.getControl(RoutingAppender.java:282)
	at org.apache.logging.log4j.core.appender.routing.RoutingAppender.append(RoutingAppender.java:240)
	at org.apache.logging.log4j.core.config.AppenderControl.tryCallAppender(AppenderControl.java:161)
	at org.apache.logging.log4j.core.config.AppenderControl.callAppender0(AppenderControl.java:134)
	at org.apache.logging.log4j.core.config.AppenderControl.callAppenderPreventRecursion(AppenderControl.java:125)
	at org.apache.logging.log4j.core.config.AppenderControl.callAppender(AppenderControl.java:89)
	at org.apache.logging.log4j.core.config.LoggerConfig.callAppenders(LoggerConfig.java:683)
	at org.apache.logging.log4j.core.config.LoggerConfig.processLogEvent(LoggerConfig.java:641)
	at org.apache.logging.log4j.core.config.LoggerConfig.log(LoggerConfig.java:624)
	at org.apache.logging.log4j.core.config.LoggerConfig.log(LoggerConfig.java:560)
	at org.apache.logging.log4j.core.config.AwaitCompletionReliabilityStrategy.log(AwaitCompletionReliabilityStrategy.java:82)
	at org.apache.logging.log4j.core.Logger.log(Logger.java:162)
	at org.apache.logging.log4j.spi.AbstractLogger.logMessage(AbstractLogger.java:2106)
	at org.apache.logging.log4j.internal.DefaultLogBuilder.logMessage(DefaultLogBuilder.java:241)
	at org.apache.logging.log4j.internal.DefaultLogBuilder.log(DefaultLogBuilder.java:162)
	at org.apache.xmlbeans.impl.schema.SchemaTypeSystemImpl.resolveHandle(SchemaTypeSystemImpl.java:935)
	at org.apache.xmlbeans.SchemaComponent$Ref.getComponent(SchemaComponent.java:111)
	at org.apache.xmlbeans.SchemaType$Ref.get(SchemaType.java:1072)
	at org.apache.xmlbeans.impl.schema.SchemaPropertyImpl.getType(SchemaPropertyImpl.java:85)
	at org.apache.xmlbeans.impl.schema.SchemaTypeImpl.createElementType(SchemaTypeImpl.java:990)
	at org.apache.xmlbeans.impl.values.XmlObjectBase.create_element_user(XmlObjectBase.java:879)
	at org.apache.xmlbeans.impl.store.Xobj.getUser(Xobj.java:1597)
	at org.apache.xmlbeans.impl.store.Xobj.find_element_user(Xobj.java:1968)
	at org.openxmlformats.schemas.spreadsheetml.x2006.main.impl.CTStylesheetImpl.getDxfs(CTStylesheetImpl.java:441)
	at org.apache.poi.xssf.model.StylesTable.readFrom(StylesTable.java:267)
	at org.apache.poi.xssf.model.StylesTable.<init>(StylesTable.java:159)
	at org.apache.poi.ooxml.POIXMLFactory.createDocumentPart(POIXMLFactory.java:61)
	at org.apache.poi.ooxml.POIXMLDocumentPart.read(POIXMLDocumentPart.java:661)
	at org.apache.poi.ooxml.POIXMLDocument.load(POIXMLDocument.java:165)
	at org.apache.poi.xssf.usermodel.XSSFWorkbook.<init>(XSSFWorkbook.java:260)
	at org.apache.poi.xssf.usermodel.XSSFWorkbook.<init>(XSSFWorkbook.java:290)
	at org.apache.poi.xssf.usermodel.XSSFWorkbook.<init>(XSSFWorkbook.java:286)
	at externalResources.ExcelDataRead.<init>(ExcelDataRead.java:22)
	at listeners.AnnotationsTransformer.toBeExecuted(AnnotationsTransformer.java:36)
	at listeners.AnnotationsTransformer.transform(AnnotationsTransformer.java:24)
	at org.testng.internal.annotations.JDK15AnnotationFinder.transform(JDK15AnnotationFinder.java:172)
	at org.testng.internal.annotations.JDK15AnnotationFinder.lambda$findAnnotation$0(JDK15AnnotationFinder.java:279)
	at java.base/java.util.concurrent.ConcurrentHashMap.computeIfAbsent(ConcurrentHashMap.java:1705)
	at org.testng.internal.annotations.JDK15AnnotationFinder.findAnnotation(JDK15AnnotationFinder.java:275)
	at org.testng.internal.annotations.JDK15AnnotationFinder.findAnnotation(JDK15AnnotationFinder.java:113)
	at org.testng.internal.TestNGClassFinder.isTestNGClass(TestNGClassFinder.java:275)
	at org.testng.internal.TestNGClassFinder.isNotTestNGClass(TestNGClassFinder.java:260)
	at org.testng.internal.TestNGClassFinder.processClass(TestNGClassFinder.java:94)
	at org.testng.internal.TestNGClassFinder.<init>(TestNGClassFinder.java:67)
	at org.testng.TestRunner.initMethods(TestRunner.java:442)
	at org.testng.TestRunner.init(TestRunner.java:336)
	at org.testng.TestRunner.init(TestRunner.java:289)
	at org.testng.TestRunner.<init>(TestRunner.java:179)
	at org.testng.SuiteRunner$DefaultTestRunnerFactory.newTestRunner(SuiteRunner.java:643)
	at org.testng.SuiteRunner.init(SuiteRunner.java:225)
	at org.testng.SuiteRunner.<init>(SuiteRunner.java:115)
	at org.testng.TestNG.createSuiteRunner(TestNG.java:1349)
	at org.testng.TestNG.createSuiteRunners(TestNG.java:1325)
	at org.testng.TestNG.runSuitesLocally(TestNG.java:1167)
	at org.testng.TestNG.runSuites(TestNG.java:1099)
	at org.testng.TestNG.run(TestNG.java:1067)
	at org.apache.maven.surefire.testng.TestNGExecutor.run(TestNGExecutor.java:324)
	at org.apache.maven.surefire.testng.TestNGXmlTestSuite.execute(TestNGXmlTestSuite.java:74)
	at org.apache.maven.surefire.testng.TestNGProvider.invoke(TestNGProvider.java:123)
	at org.apache.maven.surefire.booter.ForkedBooter.runSuitesInProcess(ForkedBooter.java:456)
	at org.apache.maven.surefire.booter.ForkedBooter.execute(ForkedBooter.java:169)
	at org.apache.maven.surefire.booter.ForkedBooter.run(ForkedBooter.java:595)
	at org.apache.maven.surefire.booter.ForkedBooter.main(ForkedBooter.java:581)

2023-02-13 11:57:15,815 main ERROR Could not create plugin of type class org.apache.logging.log4j.core.appender.RollingFileAppender for element RollingFile: java.lang.IllegalStateException: ManagerFactory [org.apache.logging.log4j.core.appender.rolling.RollingFileManager$RollingFileManagerFactory@4e6d7365] unable to create manager for [./results/logs/${ctx:threadName}.log] with data [org.apache.logging.log4j.core.appender.rolling.RollingFileManager$FactoryData@6d9fb2d1[pattern=./results/logs/${ctx:threadName}-%d{yyyy-MM-dd}.log, append=true, bufferedIO=true, bufferSize=8192, policy=SizeBasedTriggeringPolicy(size=512000), strategy=DefaultRolloverStrategy(min=1, max=7, useMax=true), advertiseURI=null, layout=%d{HH:mm:ss.SSS} [%t] %-5level %logger{36} - %msg%n, filePermissions=null, fileOwner=null]] java.lang.IllegalStateException: ManagerFactory [org.apache.logging.log4j.core.appender.rolling.RollingFileManager$RollingFileManagerFactory@4e6d7365] unable to create manager for [./results/logs/${ctx:threadName}.log] with data [org.apache.logging.log4j.core.appender.rolling.RollingFileManager$FactoryData@6d9fb2d1[pattern=./results/logs/${ctx:threadName}-%d{yyyy-MM-dd}.log, append=true, bufferedIO=true, bufferSize=8192, policy=SizeBasedTriggeringPolicy(size=512000), strategy=DefaultRolloverStrategy(min=1, max=7, useMax=true), advertiseURI=null, layout=%d{HH:mm:ss.SSS} [%t] %-5level %logger{36} - %msg%n, filePermissions=null, fileOwner=null]]
	at org.apache.logging.log4j.core.appender.AbstractManager.getManager(AbstractManager.java:146)
	at org.apache.logging.log4j.core.appender.OutputStreamManager.getManager(OutputStreamManager.java:100)
	at org.apache.logging.log4j.core.appender.rolling.RollingFileManager.getFileManager(RollingFileManager.java:217)
	at org.apache.logging.log4j.core.appender.RollingFileAppender$Builder.build(RollingFileAppender.java:135)
	at org.apache.logging.log4j.core.appender.RollingFileAppender$Builder.build(RollingFileAppender.java:62)
	at org.apache.logging.log4j.core.config.plugins.util.PluginBuilder.build(PluginBuilder.java:124)
	at org.apache.logging.log4j.core.config.AbstractConfiguration.createPluginObject(AbstractConfiguration.java:1138)
	at org.apache.logging.log4j.core.config.AbstractConfiguration.createConfiguration(AbstractConfiguration.java:1063)
	at org.apache.logging.log4j.core.appender.routing.RoutingAppender.createAppender(RoutingAppender.java:310)
	at org.apache.logging.log4j.core.appender.routing.RoutingAppender.getControl(RoutingAppender.java:282)
	at org.apache.logging.log4j.core.appender.routing.RoutingAppender.append(RoutingAppender.java:240)
	at org.apache.logging.log4j.core.config.AppenderControl.tryCallAppender(AppenderControl.java:161)
	at org.apache.logging.log4j.core.config.AppenderControl.callAppender0(AppenderControl.java:134)
	at org.apache.logging.log4j.core.config.AppenderControl.callAppenderPreventRecursion(AppenderControl.java:125)
	at org.apache.logging.log4j.core.config.AppenderControl.callAppender(AppenderControl.java:89)
	at org.apache.logging.log4j.core.config.LoggerConfig.callAppenders(LoggerConfig.java:683)
	at org.apache.logging.log4j.core.config.LoggerConfig.processLogEvent(LoggerConfig.java:641)
	at org.apache.logging.log4j.core.config.LoggerConfig.log(LoggerConfig.java:624)
	at org.apache.logging.log4j.core.config.LoggerConfig.log(LoggerConfig.java:560)
	at org.apache.logging.log4j.core.config.AwaitCompletionReliabilityStrategy.log(AwaitCompletionReliabilityStrategy.java:82)
	at org.apache.logging.log4j.core.Logger.log(Logger.java:162)
	at org.apache.logging.log4j.spi.AbstractLogger.logMessage(AbstractLogger.java:2106)
	at org.apache.logging.log4j.internal.DefaultLogBuilder.logMessage(DefaultLogBuilder.java:241)
	at org.apache.logging.log4j.internal.DefaultLogBuilder.log(DefaultLogBuilder.java:162)
	at org.apache.xmlbeans.impl.schema.SchemaTypeSystemImpl.resolveHandle(SchemaTypeSystemImpl.java:935)
	at org.apache.xmlbeans.SchemaComponent$Ref.getComponent(SchemaComponent.java:111)
	at org.apache.xmlbeans.SchemaType$Ref.get(SchemaType.java:1072)
	at org.apache.xmlbeans.impl.schema.SchemaPropertyImpl.getType(SchemaPropertyImpl.java:85)
	at org.apache.xmlbeans.impl.schema.SchemaTypeImpl.createElementType(SchemaTypeImpl.java:990)
	at org.apache.xmlbeans.impl.values.XmlObjectBase.create_element_user(XmlObjectBase.java:879)
	at org.apache.xmlbeans.impl.store.Xobj.getUser(Xobj.java:1597)
	at org.apache.xmlbeans.impl.store.Xobj.find_element_user(Xobj.java:1968)
	at org.openxmlformats.schemas.spreadsheetml.x2006.main.impl.CTStylesheetImpl.getDxfs(CTStylesheetImpl.java:441)
	at org.apache.poi.xssf.model.StylesTable.readFrom(StylesTable.java:267)
	at org.apache.poi.xssf.model.StylesTable.<init>(StylesTable.java:159)
	at org.apache.poi.ooxml.POIXMLFactory.createDocumentPart(POIXMLFactory.java:61)
	at org.apache.poi.ooxml.POIXMLDocumentPart.read(POIXMLDocumentPart.java:661)
	at org.apache.poi.ooxml.POIXMLDocument.load(POIXMLDocument.java:165)
	at org.apache.poi.xssf.usermodel.XSSFWorkbook.<init>(XSSFWorkbook.java:260)
	at org.apache.poi.xssf.usermodel.XSSFWorkbook.<init>(XSSFWorkbook.java:290)
	at org.apache.poi.xssf.usermodel.XSSFWorkbook.<init>(XSSFWorkbook.java:286)
	at externalResources.ExcelDataRead.<init>(ExcelDataRead.java:22)
	at listeners.AnnotationsTransformer.toBeExecuted(AnnotationsTransformer.java:36)
	at listeners.AnnotationsTransformer.transform(AnnotationsTransformer.java:24)
	at org.testng.internal.annotations.JDK15AnnotationFinder.transform(JDK15AnnotationFinder.java:172)
	at org.testng.internal.annotations.JDK15AnnotationFinder.lambda$findAnnotation$0(JDK15AnnotationFinder.java:279)
	at java.base/java.util.concurrent.ConcurrentHashMap.computeIfAbsent(ConcurrentHashMap.java:1705)
	at org.testng.internal.annotations.JDK15AnnotationFinder.findAnnotation(JDK15AnnotationFinder.java:275)
	at org.testng.internal.annotations.JDK15AnnotationFinder.findAnnotation(JDK15AnnotationFinder.java:113)
	at org.testng.internal.TestNGClassFinder.isTestNGClass(TestNGClassFinder.java:275)
	at org.testng.internal.TestNGClassFinder.isNotTestNGClass(TestNGClassFinder.java:260)
	at org.testng.internal.TestNGClassFinder.processClass(TestNGClassFinder.java:94)
	at org.testng.internal.TestNGClassFinder.<init>(TestNGClassFinder.java:67)
	at org.testng.TestRunner.initMethods(TestRunner.java:442)
	at org.testng.TestRunner.init(TestRunner.java:336)
	at org.testng.TestRunner.init(TestRunner.java:289)
	at org.testng.TestRunner.<init>(TestRunner.java:179)
	at org.testng.SuiteRunner$DefaultTestRunnerFactory.newTestRunner(SuiteRunner.java:643)
	at org.testng.SuiteRunner.init(SuiteRunner.java:225)
	at org.testng.SuiteRunner.<init>(SuiteRunner.java:115)
	at org.testng.TestNG.createSuiteRunner(TestNG.java:1349)
	at org.testng.TestNG.createSuiteRunners(TestNG.java:1325)
	at org.testng.TestNG.runSuitesLocally(TestNG.java:1167)
	at org.testng.TestNG.runSuites(TestNG.java:1099)
	at org.testng.TestNG.run(TestNG.java:1067)
	at org.apache.maven.surefire.testng.TestNGExecutor.run(TestNGExecutor.java:324)
	at org.apache.maven.surefire.testng.TestNGXmlTestSuite.execute(TestNGXmlTestSuite.java:74)
	at org.apache.maven.surefire.testng.TestNGProvider.invoke(TestNGProvider.java:123)
	at org.apache.maven.surefire.booter.ForkedBooter.runSuitesInProcess(ForkedBooter.java:456)
	at org.apache.maven.surefire.booter.ForkedBooter.execute(ForkedBooter.java:169)
	at org.apache.maven.surefire.booter.ForkedBooter.run(ForkedBooter.java:595)
	at org.apache.maven.surefire.booter.ForkedBooter.main(ForkedBooter.java:581)

2023-02-13 11:57:15,816 main ERROR Unable to invoke factory method in class org.apache.logging.log4j.core.appender.RollingFileAppender for element RollingFile: java.lang.IllegalStateException: No factory method found for class org.apache.logging.log4j.core.appender.RollingFileAppender java.lang.IllegalStateException: No factory method found for class org.apache.logging.log4j.core.appender.RollingFileAppender
	at org.apache.logging.log4j.core.config.plugins.util.PluginBuilder.findFactoryMethod(PluginBuilder.java:260)
	at org.apache.logging.log4j.core.config.plugins.util.PluginBuilder.build(PluginBuilder.java:136)
	at org.apache.logging.log4j.core.config.AbstractConfiguration.createPluginObject(AbstractConfiguration.java:1138)
	at org.apache.logging.log4j.core.config.AbstractConfiguration.createConfiguration(AbstractConfiguration.java:1063)
	at org.apache.logging.log4j.core.appender.routing.RoutingAppender.createAppender(RoutingAppender.java:310)
	at org.apache.logging.log4j.core.appender.routing.RoutingAppender.getControl(RoutingAppender.java:282)
	at org.apache.logging.log4j.core.appender.routing.RoutingAppender.append(RoutingAppender.java:240)
	at org.apache.logging.log4j.core.config.AppenderControl.tryCallAppender(AppenderControl.java:161)
	at org.apache.logging.log4j.core.config.AppenderControl.callAppender0(AppenderControl.java:134)
	at org.apache.logging.log4j.core.config.AppenderControl.callAppenderPreventRecursion(AppenderControl.java:125)
	at org.apache.logging.log4j.core.config.AppenderControl.callAppender(AppenderControl.java:89)
	at org.apache.logging.log4j.core.config.LoggerConfig.callAppenders(LoggerConfig.java:683)
	at org.apache.logging.log4j.core.config.LoggerConfig.processLogEvent(LoggerConfig.java:641)
	at org.apache.logging.log4j.core.config.LoggerConfig.log(LoggerConfig.java:624)
	at org.apache.logging.log4j.core.config.LoggerConfig.log(LoggerConfig.java:560)
	at org.apache.logging.log4j.core.config.AwaitCompletionReliabilityStrategy.log(AwaitCompletionReliabilityStrategy.java:82)
	at org.apache.logging.log4j.core.Logger.log(Logger.java:162)
	at org.apache.logging.log4j.spi.AbstractLogger.logMessage(AbstractLogger.java:2106)
	at org.apache.logging.log4j.internal.DefaultLogBuilder.logMessage(DefaultLogBuilder.java:241)
	at org.apache.logging.log4j.internal.DefaultLogBuilder.log(DefaultLogBuilder.java:162)
	at org.apache.xmlbeans.impl.schema.SchemaTypeSystemImpl.resolveHandle(SchemaTypeSystemImpl.java:935)
	at org.apache.xmlbeans.SchemaComponent$Ref.getComponent(SchemaComponent.java:111)
	at org.apache.xmlbeans.SchemaType$Ref.get(SchemaType.java:1072)
	at org.apache.xmlbeans.impl.schema.SchemaPropertyImpl.getType(SchemaPropertyImpl.java:85)
	at org.apache.xmlbeans.impl.schema.SchemaTypeImpl.createElementType(SchemaTypeImpl.java:990)
	at org.apache.xmlbeans.impl.values.XmlObjectBase.create_element_user(XmlObjectBase.java:879)
	at org.apache.xmlbeans.impl.store.Xobj.getUser(Xobj.java:1597)
	at org.apache.xmlbeans.impl.store.Xobj.find_element_user(Xobj.java:1968)
	at org.openxmlformats.schemas.spreadsheetml.x2006.main.impl.CTStylesheetImpl.getDxfs(CTStylesheetImpl.java:441)
	at org.apache.poi.xssf.model.StylesTable.readFrom(StylesTable.java:267)
	at org.apache.poi.xssf.model.StylesTable.<init>(StylesTable.java:159)
	at org.apache.poi.ooxml.POIXMLFactory.createDocumentPart(POIXMLFactory.java:61)
	at org.apache.poi.ooxml.POIXMLDocumentPart.read(POIXMLDocumentPart.java:661)
	at org.apache.poi.ooxml.POIXMLDocument.load(POIXMLDocument.java:165)
	at org.apache.poi.xssf.usermodel.XSSFWorkbook.<init>(XSSFWorkbook.java:260)
	at org.apache.poi.xssf.usermodel.XSSFWorkbook.<init>(XSSFWorkbook.java:290)
	at org.apache.poi.xssf.usermodel.XSSFWorkbook.<init>(XSSFWorkbook.java:286)
	at externalResources.ExcelDataRead.<init>(ExcelDataRead.java:22)
	at listeners.AnnotationsTransformer.toBeExecuted(AnnotationsTransformer.java:36)
	at listeners.AnnotationsTransformer.transform(AnnotationsTransformer.java:24)
	at org.testng.internal.annotations.JDK15AnnotationFinder.transform(JDK15AnnotationFinder.java:172)
	at org.testng.internal.annotations.JDK15AnnotationFinder.lambda$findAnnotation$0(JDK15AnnotationFinder.java:279)
	at java.base/java.util.concurrent.ConcurrentHashMap.computeIfAbsent(ConcurrentHashMap.java:1705)
	at org.testng.internal.annotations.JDK15AnnotationFinder.findAnnotation(JDK15AnnotationFinder.java:275)
	at org.testng.internal.annotations.JDK15AnnotationFinder.findAnnotation(JDK15AnnotationFinder.java:113)
	at org.testng.internal.TestNGClassFinder.isTestNGClass(TestNGClassFinder.java:275)
	at org.testng.internal.TestNGClassFinder.isNotTestNGClass(TestNGClassFinder.java:260)
	at org.testng.internal.TestNGClassFinder.processClass(TestNGClassFinder.java:94)
	at org.testng.internal.TestNGClassFinder.<init>(TestNGClassFinder.java:67)
	at org.testng.TestRunner.initMethods(TestRunner.java:442)
	at org.testng.TestRunner.init(TestRunner.java:336)
	at org.testng.TestRunner.init(TestRunner.java:289)
	at org.testng.TestRunner.<init>(TestRunner.java:179)
	at org.testng.SuiteRunner$DefaultTestRunnerFactory.newTestRunner(SuiteRunner.java:643)
	at org.testng.SuiteRunner.init(SuiteRunner.java:225)
	at org.testng.SuiteRunner.<init>(SuiteRunner.java:115)
	at org.testng.TestNG.createSuiteRunner(TestNG.java:1349)
	at org.testng.TestNG.createSuiteRunners(TestNG.java:1325)
	at org.testng.TestNG.runSuitesLocally(TestNG.java:1167)
	at org.testng.TestNG.runSuites(TestNG.java:1099)
	at org.testng.TestNG.run(TestNG.java:1067)
	at org.apache.maven.surefire.testng.TestNGExecutor.run(TestNGExecutor.java:324)
	at org.apache.maven.surefire.testng.TestNGXmlTestSuite.execute(TestNGXmlTestSuite.java:74)
	at org.apache.maven.surefire.testng.TestNGProvider.invoke(TestNGProvider.java:123)
	at org.apache.maven.surefire.booter.ForkedBooter.runSuitesInProcess(ForkedBooter.java:456)
	at org.apache.maven.surefire.booter.ForkedBooter.execute(ForkedBooter.java:169)
	at org.apache.maven.surefire.booter.ForkedBooter.run(ForkedBooter.java:595)
	at org.apache.maven.surefire.booter.ForkedBooter.main(ForkedBooter.java:581)

2023-02-13 11:57:15,821 main ERROR Unable to create file ./results/logs/${ctx:threadName}.log java.io.IOException: The filename, directory name, or volume label syntax is incorrect
	at java.base/java.io.WinNTFileSystem.canonicalize0(Native Method)
	at java.base/java.io.WinNTFileSystem.canonicalize(WinNTFileSystem.java:483)
	at java.base/java.io.File.getCanonicalPath(File.java:626)
	at java.base/java.io.File.getCanonicalFile(File.java:651)
	at org.apache.logging.log4j.core.util.FileUtils.makeParentDirs(FileUtils.java:139)
	at org.apache.logging.log4j.core.appender.rolling.RollingFileManager$RollingFileManagerFactory.createManager(RollingFileManager.java:734)
	at org.apache.logging.log4j.core.appender.rolling.RollingFileManager$RollingFileManagerFactory.createManager(RollingFileManager.java:718)
	at org.apache.logging.log4j.core.appender.AbstractManager.getManager(AbstractManager.java:144)
	at org.apache.logging.log4j.core.appender.OutputStreamManager.getManager(OutputStreamManager.java:100)
	at org.apache.logging.log4j.core.appender.rolling.RollingFileManager.getFileManager(RollingFileManager.java:217)
	at org.apache.logging.log4j.core.appender.RollingFileAppender$Builder.build(RollingFileAppender.java:135)
	at org.apache.logging.log4j.core.appender.RollingFileAppender$Builder.build(RollingFileAppender.java:62)
	at org.apache.logging.log4j.core.config.plugins.util.PluginBuilder.build(PluginBuilder.java:124)
	at org.apache.logging.log4j.core.config.AbstractConfiguration.createPluginObject(AbstractConfiguration.java:1138)
	at org.apache.logging.log4j.core.config.AbstractConfiguration.createConfiguration(AbstractConfiguration.java:1063)
	at org.apache.logging.log4j.core.appender.routing.RoutingAppender.createAppender(RoutingAppender.java:310)
	at org.apache.logging.log4j.core.appender.routing.RoutingAppender.getControl(RoutingAppender.java:282)
	at org.apache.logging.log4j.core.appender.routing.RoutingAppender.append(RoutingAppender.java:240)
	at org.apache.logging.log4j.core.config.AppenderControl.tryCallAppender(AppenderControl.java:161)
	at org.apache.logging.log4j.core.config.AppenderControl.callAppender0(AppenderControl.java:134)
	at org.apache.logging.log4j.core.config.AppenderControl.callAppenderPreventRecursion(AppenderControl.java:125)
	at org.apache.logging.log4j.core.config.AppenderControl.callAppender(AppenderControl.java:89)
	at org.apache.logging.log4j.core.config.LoggerConfig.callAppenders(LoggerConfig.java:683)
	at org.apache.logging.log4j.core.config.LoggerConfig.processLogEvent(LoggerConfig.java:641)
	at org.apache.logging.log4j.core.config.LoggerConfig.log(LoggerConfig.java:624)
	at org.apache.logging.log4j.core.config.LoggerConfig.log(LoggerConfig.java:560)
	at org.apache.logging.log4j.core.config.AwaitCompletionReliabilityStrategy.log(AwaitCompletionReliabilityStrategy.java:82)
	at org.apache.logging.log4j.core.Logger.log(Logger.java:162)
	at org.apache.logging.log4j.spi.AbstractLogger.logMessage(AbstractLogger.java:2106)
	at org.apache.logging.log4j.internal.DefaultLogBuilder.logMessage(DefaultLogBuilder.java:241)
	at org.apache.logging.log4j.internal.DefaultLogBuilder.log(DefaultLogBuilder.java:162)
	at org.apache.xmlbeans.impl.schema.SchemaTypeSystemImpl.resolveHandle(SchemaTypeSystemImpl.java:935)
	at org.apache.xmlbeans.SchemaComponent$Ref.getComponent(SchemaComponent.java:111)
	at org.apache.xmlbeans.SchemaType$Ref.get(SchemaType.java:1072)
	at org.apache.xmlbeans.impl.schema.SchemaPropertyImpl.getType(SchemaPropertyImpl.java:85)
	at org.apache.xmlbeans.impl.schema.SchemaTypeImpl.createElementType(SchemaTypeImpl.java:990)
	at org.apache.xmlbeans.impl.values.XmlObjectBase.create_element_user(XmlObjectBase.java:879)
	at org.apache.xmlbeans.impl.store.Xobj.getUser(Xobj.java:1597)
	at org.apache.xmlbeans.impl.store.Xobj.find_element_user(Xobj.java:1968)
	at org.openxmlformats.schemas.spreadsheetml.x2006.main.impl.CTStylesheetImpl.getTableStyles(CTStylesheetImpl.java:497)
	at org.apache.poi.xssf.model.StylesTable.readFrom(StylesTable.java:270)
	at org.apache.poi.xssf.model.StylesTable.<init>(StylesTable.java:159)
	at org.apache.poi.ooxml.POIXMLFactory.createDocumentPart(POIXMLFactory.java:61)
	at org.apache.poi.ooxml.POIXMLDocumentPart.read(POIXMLDocumentPart.java:661)
	at org.apache.poi.ooxml.POIXMLDocument.load(POIXMLDocument.java:165)
	at org.apache.poi.xssf.usermodel.XSSFWorkbook.<init>(XSSFWorkbook.java:260)
	at org.apache.poi.xssf.usermodel.XSSFWorkbook.<init>(XSSFWorkbook.java:290)
	at org.apache.poi.xssf.usermodel.XSSFWorkbook.<init>(XSSFWorkbook.java:286)
	at externalResources.ExcelDataRead.<init>(ExcelDataRead.java:22)
	at listeners.AnnotationsTransformer.toBeExecuted(AnnotationsTransformer.java:36)
	at listeners.AnnotationsTransformer.transform(AnnotationsTransformer.java:24)
	at org.testng.internal.annotations.JDK15AnnotationFinder.transform(JDK15AnnotationFinder.java:172)
	at org.testng.internal.annotations.JDK15AnnotationFinder.lambda$findAnnotation$0(JDK15AnnotationFinder.java:279)
	at java.base/java.util.concurrent.ConcurrentHashMap.computeIfAbsent(ConcurrentHashMap.java:1705)
	at org.testng.internal.annotations.JDK15AnnotationFinder.findAnnotation(JDK15AnnotationFinder.java:275)
	at org.testng.internal.annotations.JDK15AnnotationFinder.findAnnotation(JDK15AnnotationFinder.java:113)
	at org.testng.internal.TestNGClassFinder.isTestNGClass(TestNGClassFinder.java:275)
	at org.testng.internal.TestNGClassFinder.isNotTestNGClass(TestNGClassFinder.java:260)
	at org.testng.internal.TestNGClassFinder.processClass(TestNGClassFinder.java:94)
	at org.testng.internal.TestNGClassFinder.<init>(TestNGClassFinder.java:67)
	at org.testng.TestRunner.initMethods(TestRunner.java:442)
	at org.testng.TestRunner.init(TestRunner.java:336)
	at org.testng.TestRunner.init(TestRunner.java:289)
	at org.testng.TestRunner.<init>(TestRunner.java:179)
	at org.testng.SuiteRunner$DefaultTestRunnerFactory.newTestRunner(SuiteRunner.java:643)
	at org.testng.SuiteRunner.init(SuiteRunner.java:225)
	at org.testng.SuiteRunner.<init>(SuiteRunner.java:115)
	at org.testng.TestNG.createSuiteRunner(TestNG.java:1349)
	at org.testng.TestNG.createSuiteRunners(TestNG.java:1325)
	at org.testng.TestNG.runSuitesLocally(TestNG.java:1167)
	at org.testng.TestNG.runSuites(TestNG.java:1099)
	at org.testng.TestNG.run(TestNG.java:1067)
	at org.apache.maven.surefire.testng.TestNGExecutor.run(TestNGExecutor.java:324)
	at org.apache.maven.surefire.testng.TestNGXmlTestSuite.execute(TestNGXmlTestSuite.java:74)
	at org.apache.maven.surefire.testng.TestNGProvider.invoke(TestNGProvider.java:123)
	at org.apache.maven.surefire.booter.ForkedBooter.runSuitesInProcess(ForkedBooter.java:456)
	at org.apache.maven.surefire.booter.ForkedBooter.execute(ForkedBooter.java:169)
	at org.apache.maven.surefire.booter.ForkedBooter.run(ForkedBooter.java:595)
	at org.apache.maven.surefire.booter.ForkedBooter.main(ForkedBooter.java:581)

2023-02-13 11:57:15,822 main ERROR Could not create plugin of type class org.apache.logging.log4j.core.appender.RollingFileAppender for element RollingFile: java.lang.IllegalStateException: ManagerFactory [org.apache.logging.log4j.core.appender.rolling.RollingFileManager$RollingFileManagerFactory@4e6d7365] unable to create manager for [./results/logs/${ctx:threadName}.log] with data [org.apache.logging.log4j.core.appender.rolling.RollingFileManager$FactoryData@6eb82908[pattern=./results/logs/${ctx:threadName}-%d{yyyy-MM-dd}.log, append=true, bufferedIO=true, bufferSize=8192, policy=SizeBasedTriggeringPolicy(size=512000), strategy=DefaultRolloverStrategy(min=1, max=7, useMax=true), advertiseURI=null, layout=%d{HH:mm:ss.SSS} [%t] %-5level %logger{36} - %msg%n, filePermissions=null, fileOwner=null]] java.lang.IllegalStateException: ManagerFactory [org.apache.logging.log4j.core.appender.rolling.RollingFileManager$RollingFileManagerFactory@4e6d7365] unable to create manager for [./results/logs/${ctx:threadName}.log] with data [org.apache.logging.log4j.core.appender.rolling.RollingFileManager$FactoryData@6eb82908[pattern=./results/logs/${ctx:threadName}-%d{yyyy-MM-dd}.log, append=true, bufferedIO=true, bufferSize=8192, policy=SizeBasedTriggeringPolicy(size=512000), strategy=DefaultRolloverStrategy(min=1, max=7, useMax=true), advertiseURI=null, layout=%d{HH:mm:ss.SSS} [%t] %-5level %logger{36} - %msg%n, filePermissions=null, fileOwner=null]]
	at org.apache.logging.log4j.core.appender.AbstractManager.getManager(AbstractManager.java:146)
	at org.apache.logging.log4j.core.appender.OutputStreamManager.getManager(OutputStreamManager.java:100)
	at org.apache.logging.log4j.core.appender.rolling.RollingFileManager.getFileManager(RollingFileManager.java:217)
	at org.apache.logging.log4j.core.appender.RollingFileAppender$Builder.build(RollingFileAppender.java:135)
	at org.apache.logging.log4j.core.appender.RollingFileAppender$Builder.build(RollingFileAppender.java:62)
	at org.apache.logging.log4j.core.config.plugins.util.PluginBuilder.build(PluginBuilder.java:124)
	at org.apache.logging.log4j.core.config.AbstractConfiguration.createPluginObject(AbstractConfiguration.java:1138)
	at org.apache.logging.log4j.core.config.AbstractConfiguration.createConfiguration(AbstractConfiguration.java:1063)
	at org.apache.logging.log4j.core.appender.routing.RoutingAppender.createAppender(RoutingAppender.java:310)
	at org.apache.logging.log4j.core.appender.routing.RoutingAppender.getControl(RoutingAppender.java:282)
	at org.apache.logging.log4j.core.appender.routing.RoutingAppender.append(RoutingAppender.java:240)
	at org.apache.logging.log4j.core.config.AppenderControl.tryCallAppender(AppenderControl.java:161)
	at org.apache.logging.log4j.core.config.AppenderControl.callAppender0(AppenderControl.java:134)
	at org.apache.logging.log4j.core.config.AppenderControl.callAppenderPreventRecursion(AppenderControl.java:125)
	at org.apache.logging.log4j.core.config.AppenderControl.callAppender(AppenderControl.java:89)
	at org.apache.logging.log4j.core.config.LoggerConfig.callAppenders(LoggerConfig.java:683)
	at org.apache.logging.log4j.core.config.LoggerConfig.processLogEvent(LoggerConfig.java:641)
	at org.apache.logging.log4j.core.config.LoggerConfig.log(LoggerConfig.java:624)
	at org.apache.logging.log4j.core.config.LoggerConfig.log(LoggerConfig.java:560)
	at org.apache.logging.log4j.core.config.AwaitCompletionReliabilityStrategy.log(AwaitCompletionReliabilityStrategy.java:82)
	at org.apache.logging.log4j.core.Logger.log(Logger.java:162)
	at org.apache.logging.log4j.spi.AbstractLogger.logMessage(AbstractLogger.java:2106)
	at org.apache.logging.log4j.internal.DefaultLogBuilder.logMessage(DefaultLogBuilder.java:241)
	at org.apache.logging.log4j.internal.DefaultLogBuilder.log(DefaultLogBuilder.java:162)
	at org.apache.xmlbeans.impl.schema.SchemaTypeSystemImpl.resolveHandle(SchemaTypeSystemImpl.java:935)
	at org.apache.xmlbeans.SchemaComponent$Ref.getComponent(SchemaComponent.java:111)
	at org.apache.xmlbeans.SchemaType$Ref.get(SchemaType.java:1072)
	at org.apache.xmlbeans.impl.schema.SchemaPropertyImpl.getType(SchemaPropertyImpl.java:85)
	at org.apache.xmlbeans.impl.schema.SchemaTypeImpl.createElementType(SchemaTypeImpl.java:990)
	at org.apache.xmlbeans.impl.values.XmlObjectBase.create_element_user(XmlObjectBase.java:879)
	at org.apache.xmlbeans.impl.store.Xobj.getUser(Xobj.java:1597)
	at org.apache.xmlbeans.impl.store.Xobj.find_element_user(Xobj.java:1968)
	at org.openxmlformats.schemas.spreadsheetml.x2006.main.impl.CTStylesheetImpl.getTableStyles(CTStylesheetImpl.java:497)
	at org.apache.poi.xssf.model.StylesTable.readFrom(StylesTable.java:270)
	at org.apache.poi.xssf.model.StylesTable.<init>(StylesTable.java:159)
	at org.apache.poi.ooxml.POIXMLFactory.createDocumentPart(POIXMLFactory.java:61)
	at org.apache.poi.ooxml.POIXMLDocumentPart.read(POIXMLDocumentPart.java:661)
	at org.apache.poi.ooxml.POIXMLDocument.load(POIXMLDocument.java:165)
	at org.apache.poi.xssf.usermodel.XSSFWorkbook.<init>(XSSFWorkbook.java:260)
	at org.apache.poi.xssf.usermodel.XSSFWorkbook.<init>(XSSFWorkbook.java:290)
	at org.apache.poi.xssf.usermodel.XSSFWorkbook.<init>(XSSFWorkbook.java:286)
	at externalResources.ExcelDataRead.<init>(ExcelDataRead.java:22)
	at listeners.AnnotationsTransformer.toBeExecuted(AnnotationsTransformer.java:36)
	at listeners.AnnotationsTransformer.transform(AnnotationsTransformer.java:24)
	at org.testng.internal.annotations.JDK15AnnotationFinder.transform(JDK15AnnotationFinder.java:172)
	at org.testng.internal.annotations.JDK15AnnotationFinder.lambda$findAnnotation$0(JDK15AnnotationFinder.java:279)
	at java.base/java.util.concurrent.ConcurrentHashMap.computeIfAbsent(ConcurrentHashMap.java:1705)
	at org.testng.internal.annotations.JDK15AnnotationFinder.findAnnotation(JDK15AnnotationFinder.java:275)
	at org.testng.internal.annotations.JDK15AnnotationFinder.findAnnotation(JDK15AnnotationFinder.java:113)
	at org.testng.internal.TestNGClassFinder.isTestNGClass(TestNGClassFinder.java:275)
	at org.testng.internal.TestNGClassFinder.isNotTestNGClass(TestNGClassFinder.java:260)
	at org.testng.internal.TestNGClassFinder.processClass(TestNGClassFinder.java:94)
	at org.testng.internal.TestNGClassFinder.<init>(TestNGClassFinder.java:67)
	at org.testng.TestRunner.initMethods(TestRunner.java:442)
	at org.testng.TestRunner.init(TestRunner.java:336)
	at org.testng.TestRunner.init(TestRunner.java:289)
	at org.testng.TestRunner.<init>(TestRunner.java:179)
	at org.testng.SuiteRunner$DefaultTestRunnerFactory.newTestRunner(SuiteRunner.java:643)
	at org.testng.SuiteRunner.init(SuiteRunner.java:225)
	at org.testng.SuiteRunner.<init>(SuiteRunner.java:115)
	at org.testng.TestNG.createSuiteRunner(TestNG.java:1349)
	at org.testng.TestNG.createSuiteRunners(TestNG.java:1325)
	at org.testng.TestNG.runSuitesLocally(TestNG.java:1167)
	at org.testng.TestNG.runSuites(TestNG.java:1099)
	at org.testng.TestNG.run(TestNG.java:1067)
	at org.apache.maven.surefire.testng.TestNGExecutor.run(TestNGExecutor.java:324)
	at org.apache.maven.surefire.testng.TestNGXmlTestSuite.execute(TestNGXmlTestSuite.java:74)
	at org.apache.maven.surefire.testng.TestNGProvider.invoke(TestNGProvider.java:123)
	at org.apache.maven.surefire.booter.ForkedBooter.runSuitesInProcess(ForkedBooter.java:456)
	at org.apache.maven.surefire.booter.ForkedBooter.execute(ForkedBooter.java:169)
	at org.apache.maven.surefire.booter.ForkedBooter.run(ForkedBooter.java:595)
	at org.apache.maven.surefire.booter.ForkedBooter.main(ForkedBooter.java:581)

2023-02-13 11:57:15,823 main ERROR Unable to invoke factory method in class org.apache.logging.log4j.core.appender.RollingFileAppender for element RollingFile: java.lang.IllegalStateException: No factory method found for class org.apache.logging.log4j.core.appender.RollingFileAppender java.lang.IllegalStateException: No factory method found for class org.apache.logging.log4j.core.appender.RollingFileAppender
	at org.apache.logging.log4j.core.config.plugins.util.PluginBuilder.findFactoryMethod(PluginBuilder.java:260)
	at org.apache.logging.log4j.core.config.plugins.util.PluginBuilder.build(PluginBuilder.java:136)
	at org.apache.logging.log4j.core.config.AbstractConfiguration.createPluginObject(AbstractConfiguration.java:1138)
	at org.apache.logging.log4j.core.config.AbstractConfiguration.createConfiguration(AbstractConfiguration.java:1063)
	at org.apache.logging.log4j.core.appender.routing.RoutingAppender.createAppender(RoutingAppender.java:310)
	at org.apache.logging.log4j.core.appender.routing.RoutingAppender.getControl(RoutingAppender.java:282)
	at org.apache.logging.log4j.core.appender.routing.RoutingAppender.append(RoutingAppender.java:240)
	at org.apache.logging.log4j.core.config.AppenderControl.tryCallAppender(AppenderControl.java:161)
	at org.apache.logging.log4j.core.config.AppenderControl.callAppender0(AppenderControl.java:134)
	at org.apache.logging.log4j.core.config.AppenderControl.callAppenderPreventRecursion(AppenderControl.java:125)
	at org.apache.logging.log4j.core.config.AppenderControl.callAppender(AppenderControl.java:89)
	at org.apache.logging.log4j.core.config.LoggerConfig.callAppenders(LoggerConfig.java:683)
	at org.apache.logging.log4j.core.config.LoggerConfig.processLogEvent(LoggerConfig.java:641)
	at org.apache.logging.log4j.core.config.LoggerConfig.log(LoggerConfig.java:624)
	at org.apache.logging.log4j.core.config.LoggerConfig.log(LoggerConfig.java:560)
	at org.apache.logging.log4j.core.config.AwaitCompletionReliabilityStrategy.log(AwaitCompletionReliabilityStrategy.java:82)
	at org.apache.logging.log4j.core.Logger.log(Logger.java:162)
	at org.apache.logging.log4j.spi.AbstractLogger.logMessage(AbstractLogger.java:2106)
	at org.apache.logging.log4j.internal.DefaultLogBuilder.logMessage(DefaultLogBuilder.java:241)
	at org.apache.logging.log4j.internal.DefaultLogBuilder.log(DefaultLogBuilder.java:162)
	at org.apache.xmlbeans.impl.schema.SchemaTypeSystemImpl.resolveHandle(SchemaTypeSystemImpl.java:935)
	at org.apache.xmlbeans.SchemaComponent$Ref.getComponent(SchemaComponent.java:111)
	at org.apache.xmlbeans.SchemaType$Ref.get(SchemaType.java:1072)
	at org.apache.xmlbeans.impl.schema.SchemaPropertyImpl.getType(SchemaPropertyImpl.java:85)
	at org.apache.xmlbeans.impl.schema.SchemaTypeImpl.createElementType(SchemaTypeImpl.java:990)
	at org.apache.xmlbeans.impl.values.XmlObjectBase.create_element_user(XmlObjectBase.java:879)
	at org.apache.xmlbeans.impl.store.Xobj.getUser(Xobj.java:1597)
	at org.apache.xmlbeans.impl.store.Xobj.find_element_user(Xobj.java:1968)
	at org.openxmlformats.schemas.spreadsheetml.x2006.main.impl.CTStylesheetImpl.getTableStyles(CTStylesheetImpl.java:497)
	at org.apache.poi.xssf.model.StylesTable.readFrom(StylesTable.java:270)
	at org.apache.poi.xssf.model.StylesTable.<init>(StylesTable.java:159)
	at org.apache.poi.ooxml.POIXMLFactory.createDocumentPart(POIXMLFactory.java:61)
	at org.apache.poi.ooxml.POIXMLDocumentPart.read(POIXMLDocumentPart.java:661)
	at org.apache.poi.ooxml.POIXMLDocument.load(POIXMLDocument.java:165)
	at org.apache.poi.xssf.usermodel.XSSFWorkbook.<init>(XSSFWorkbook.java:260)
	at org.apache.poi.xssf.usermodel.XSSFWorkbook.<init>(XSSFWorkbook.java:290)
	at org.apache.poi.xssf.usermodel.XSSFWorkbook.<init>(XSSFWorkbook.java:286)
	at externalResources.ExcelDataRead.<init>(ExcelDataRead.java:22)
	at listeners.AnnotationsTransformer.toBeExecuted(AnnotationsTransformer.java:36)
	at listeners.AnnotationsTransformer.transform(AnnotationsTransformer.java:24)
	at org.testng.internal.annotations.JDK15AnnotationFinder.transform(JDK15AnnotationFinder.java:172)
	at org.testng.internal.annotations.JDK15AnnotationFinder.lambda$findAnnotation$0(JDK15AnnotationFinder.java:279)
	at java.base/java.util.concurrent.ConcurrentHashMap.computeIfAbsent(ConcurrentHashMap.java:1705)
	at org.testng.internal.annotations.JDK15AnnotationFinder.findAnnotation(JDK15AnnotationFinder.java:275)
	at org.testng.internal.annotations.JDK15AnnotationFinder.findAnnotation(JDK15AnnotationFinder.java:113)
	at org.testng.internal.TestNGClassFinder.isTestNGClass(TestNGClassFinder.java:275)
	at org.testng.internal.TestNGClassFinder.isNotTestNGClass(TestNGClassFinder.java:260)
	at org.testng.internal.TestNGClassFinder.processClass(TestNGClassFinder.java:94)
	at org.testng.internal.TestNGClassFinder.<init>(TestNGClassFinder.java:67)
	at org.testng.TestRunner.initMethods(TestRunner.java:442)
	at org.testng.TestRunner.init(TestRunner.java:336)
	at org.testng.TestRunner.init(TestRunner.java:289)
	at org.testng.TestRunner.<init>(TestRunner.java:179)
	at org.testng.SuiteRunner$DefaultTestRunnerFactory.newTestRunner(SuiteRunner.java:643)
	at org.testng.SuiteRunner.init(SuiteRunner.java:225)
	at org.testng.SuiteRunner.<init>(SuiteRunner.java:115)
	at org.testng.TestNG.createSuiteRunner(TestNG.java:1349)
	at org.testng.TestNG.createSuiteRunners(TestNG.java:1325)
	at org.testng.TestNG.runSuitesLocally(TestNG.java:1167)
	at org.testng.TestNG.runSuites(TestNG.java:1099)
	at org.testng.TestNG.run(TestNG.java:1067)
	at org.apache.maven.surefire.testng.TestNGExecutor.run(TestNGExecutor.java:324)
	at org.apache.maven.surefire.testng.TestNGXmlTestSuite.execute(TestNGXmlTestSuite.java:74)
	at org.apache.maven.surefire.testng.TestNGProvider.invoke(TestNGProvider.java:123)
	at org.apache.maven.surefire.booter.ForkedBooter.runSuitesInProcess(ForkedBooter.java:456)
	at org.apache.maven.surefire.booter.ForkedBooter.execute(ForkedBooter.java:169)
	at org.apache.maven.surefire.booter.ForkedBooter.run(ForkedBooter.java:595)
	at org.apache.maven.surefire.booter.ForkedBooter.main(ForkedBooter.java:581)

2023-02-13 11:57:15,831 main ERROR Unable to create file ./results/logs/${ctx:threadName}.log java.io.IOException: The filename, directory name, or volume label syntax is incorrect
	at java.base/java.io.WinNTFileSystem.canonicalize0(Native Method)
	at java.base/java.io.WinNTFileSystem.canonicalize(WinNTFileSystem.java:483)
	at java.base/java.io.File.getCanonicalPath(File.java:626)
	at java.base/java.io.File.getCanonicalFile(File.java:651)
	at org.apache.logging.log4j.core.util.FileUtils.makeParentDirs(FileUtils.java:139)
	at org.apache.logging.log4j.core.appender.rolling.RollingFileManager$RollingFileManagerFactory.createManager(RollingFileManager.java:734)
	at org.apache.logging.log4j.core.appender.rolling.RollingFileManager$RollingFileManagerFactory.createManager(RollingFileManager.java:718)
	at org.apache.logging.log4j.core.appender.AbstractManager.getManager(AbstractManager.java:144)
	at org.apache.logging.log4j.core.appender.OutputStreamManager.getManager(OutputStreamManager.java:100)
	at org.apache.logging.log4j.core.appender.rolling.RollingFileManager.getFileManager(RollingFileManager.java:217)
	at org.apache.logging.log4j.core.appender.RollingFileAppender$Builder.build(RollingFileAppender.java:135)
	at org.apache.logging.log4j.core.appender.RollingFileAppender$Builder.build(RollingFileAppender.java:62)
	at org.apache.logging.log4j.core.config.plugins.util.PluginBuilder.build(PluginBuilder.java:124)
	at org.apache.logging.log4j.core.config.AbstractConfiguration.createPluginObject(AbstractConfiguration.java:1138)
	at org.apache.logging.log4j.core.config.AbstractConfiguration.createConfiguration(AbstractConfiguration.java:1063)
	at org.apache.logging.log4j.core.appender.routing.RoutingAppender.createAppender(RoutingAppender.java:310)
	at org.apache.logging.log4j.core.appender.routing.RoutingAppender.getControl(RoutingAppender.java:282)
	at org.apache.logging.log4j.core.appender.routing.RoutingAppender.append(RoutingAppender.java:240)
	at org.apache.logging.log4j.core.config.AppenderControl.tryCallAppender(AppenderControl.java:161)
	at org.apache.logging.log4j.core.config.AppenderControl.callAppender0(AppenderControl.java:134)
	at org.apache.logging.log4j.core.config.AppenderControl.callAppenderPreventRecursion(AppenderControl.java:125)
	at org.apache.logging.log4j.core.config.AppenderControl.callAppender(AppenderControl.java:89)
	at org.apache.logging.log4j.core.config.LoggerConfig.callAppenders(LoggerConfig.java:683)
	at org.apache.logging.log4j.core.config.LoggerConfig.processLogEvent(LoggerConfig.java:641)
	at org.apache.logging.log4j.core.config.LoggerConfig.log(LoggerConfig.java:624)
	at org.apache.logging.log4j.core.config.LoggerConfig.log(LoggerConfig.java:560)
	at org.apache.logging.log4j.core.config.AwaitCompletionReliabilityStrategy.log(AwaitCompletionReliabilityStrategy.java:82)
	at org.apache.logging.log4j.core.Logger.log(Logger.java:162)
	at org.apache.logging.log4j.spi.AbstractLogger.logMessage(AbstractLogger.java:2106)
	at org.apache.logging.log4j.internal.DefaultLogBuilder.logMessage(DefaultLogBuilder.java:241)
	at org.apache.logging.log4j.internal.DefaultLogBuilder.log(DefaultLogBuilder.java:162)
	at org.apache.xmlbeans.impl.schema.SchemaTypeSystemImpl.resolveHandle(SchemaTypeSystemImpl.java:935)
	at org.apache.xmlbeans.impl.schema.ElementFactory.<init>(ElementFactory.java:29)
	at org.apache.xmlbeans.impl.schema.AbstractDocumentFactory.<init>(AbstractDocumentFactory.java:33)
	at org.apache.xmlbeans.impl.schema.DocumentFactory.<init>(DocumentFactory.java:23)
	at org.openxmlformats.schemas.spreadsheetml.x2006.main.SstDocument.<clinit>(SstDocument.java:23)
	at org.apache.poi.xssf.model.SharedStringsTable.readFrom(SharedStringsTable.java:125)
	at org.apache.poi.xssf.model.SharedStringsTable.<init>(SharedStringsTable.java:112)
	at org.apache.poi.ooxml.POIXMLFactory.createDocumentPart(POIXMLFactory.java:61)
	at org.apache.poi.ooxml.POIXMLDocumentPart.read(POIXMLDocumentPart.java:661)
	at org.apache.poi.ooxml.POIXMLDocument.load(POIXMLDocument.java:165)
	at org.apache.poi.xssf.usermodel.XSSFWorkbook.<init>(XSSFWorkbook.java:260)
	at org.apache.poi.xssf.usermodel.XSSFWorkbook.<init>(XSSFWorkbook.java:290)
	at org.apache.poi.xssf.usermodel.XSSFWorkbook.<init>(XSSFWorkbook.java:286)
	at externalResources.ExcelDataRead.<init>(ExcelDataRead.java:22)
	at listeners.AnnotationsTransformer.toBeExecuted(AnnotationsTransformer.java:36)
	at listeners.AnnotationsTransformer.transform(AnnotationsTransformer.java:24)
	at org.testng.internal.annotations.JDK15AnnotationFinder.transform(JDK15AnnotationFinder.java:172)
	at org.testng.internal.annotations.JDK15AnnotationFinder.lambda$findAnnotation$0(JDK15AnnotationFinder.java:279)
	at java.base/java.util.concurrent.ConcurrentHashMap.computeIfAbsent(ConcurrentHashMap.java:1705)
	at org.testng.internal.annotations.JDK15AnnotationFinder.findAnnotation(JDK15AnnotationFinder.java:275)
	at org.testng.internal.annotations.JDK15AnnotationFinder.findAnnotation(JDK15AnnotationFinder.java:113)
	at org.testng.internal.TestNGClassFinder.isTestNGClass(TestNGClassFinder.java:275)
	at org.testng.internal.TestNGClassFinder.isNotTestNGClass(TestNGClassFinder.java:260)
	at org.testng.internal.TestNGClassFinder.processClass(TestNGClassFinder.java:94)
	at org.testng.internal.TestNGClassFinder.<init>(TestNGClassFinder.java:67)
	at org.testng.TestRunner.initMethods(TestRunner.java:442)
	at org.testng.TestRunner.init(TestRunner.java:336)
	at org.testng.TestRunner.init(TestRunner.java:289)
	at org.testng.TestRunner.<init>(TestRunner.java:179)
	at org.testng.SuiteRunner$DefaultTestRunnerFactory.newTestRunner(SuiteRunner.java:643)
	at org.testng.SuiteRunner.init(SuiteRunner.java:225)
	at org.testng.SuiteRunner.<init>(SuiteRunner.java:115)
	at org.testng.TestNG.createSuiteRunner(TestNG.java:1349)
	at org.testng.TestNG.createSuiteRunners(TestNG.java:1325)
	at org.testng.TestNG.runSuitesLocally(TestNG.java:1167)
	at org.testng.TestNG.runSuites(TestNG.java:1099)
	at org.testng.TestNG.run(TestNG.java:1067)
	at org.apache.maven.surefire.testng.TestNGExecutor.run(TestNGExecutor.java:324)
	at org.apache.maven.surefire.testng.TestNGXmlTestSuite.execute(TestNGXmlTestSuite.java:74)
	at org.apache.maven.surefire.testng.TestNGProvider.invoke(TestNGProvider.java:123)
	at org.apache.maven.surefire.booter.ForkedBooter.runSuitesInProcess(ForkedBooter.java:456)
	at org.apache.maven.surefire.booter.ForkedBooter.execute(ForkedBooter.java:169)
	at org.apache.maven.surefire.booter.ForkedBooter.run(ForkedBooter.java:595)
	at org.apache.maven.surefire.booter.ForkedBooter.main(ForkedBooter.java:581)

2023-02-13 11:57:15,832 main ERROR Could not create plugin of type class org.apache.logging.log4j.core.appender.RollingFileAppender for element RollingFile: java.lang.IllegalStateException: ManagerFactory [org.apache.logging.log4j.core.appender.rolling.RollingFileManager$RollingFileManagerFactory@4e6d7365] unable to create manager for [./results/logs/${ctx:threadName}.log] with data [org.apache.logging.log4j.core.appender.rolling.RollingFileManager$FactoryData@1686f0b4[pattern=./results/logs/${ctx:threadName}-%d{yyyy-MM-dd}.log, append=true, bufferedIO=true, bufferSize=8192, policy=SizeBasedTriggeringPolicy(size=512000), strategy=DefaultRolloverStrategy(min=1, max=7, useMax=true), advertiseURI=null, layout=%d{HH:mm:ss.SSS} [%t] %-5level %logger{36} - %msg%n, filePermissions=null, fileOwner=null]] java.lang.IllegalStateException: ManagerFactory [org.apache.logging.log4j.core.appender.rolling.RollingFileManager$RollingFileManagerFactory@4e6d7365] unable to create manager for [./results/logs/${ctx:threadName}.log] with data [org.apache.logging.log4j.core.appender.rolling.RollingFileManager$FactoryData@1686f0b4[pattern=./results/logs/${ctx:threadName}-%d{yyyy-MM-dd}.log, append=true, bufferedIO=true, bufferSize=8192, policy=SizeBasedTriggeringPolicy(size=512000), strategy=DefaultRolloverStrategy(min=1, max=7, useMax=true), advertiseURI=null, layout=%d{HH:mm:ss.SSS} [%t] %-5level %logger{36} - %msg%n, filePermissions=null, fileOwner=null]]
	at org.apache.logging.log4j.core.appender.AbstractManager.getManager(AbstractManager.java:146)
	at org.apache.logging.log4j.core.appender.OutputStreamManager.getManager(OutputStreamManager.java:100)
	at org.apache.logging.log4j.core.appender.rolling.RollingFileManager.getFileManager(RollingFileManager.java:217)
	at org.apache.logging.log4j.core.appender.RollingFileAppender$Builder.build(RollingFileAppender.java:135)
	at org.apache.logging.log4j.core.appender.RollingFileAppender$Builder.build(RollingFileAppender.java:62)
	at org.apache.logging.log4j.core.config.plugins.util.PluginBuilder.build(PluginBuilder.java:124)
	at org.apache.logging.log4j.core.config.AbstractConfiguration.createPluginObject(AbstractConfiguration.java:1138)
	at org.apache.logging.log4j.core.config.AbstractConfiguration.createConfiguration(AbstractConfiguration.java:1063)
	at org.apache.logging.log4j.core.appender.routing.RoutingAppender.createAppender(RoutingAppender.java:310)
	at org.apache.logging.log4j.core.appender.routing.RoutingAppender.getControl(RoutingAppender.java:282)
	at org.apache.logging.log4j.core.appender.routing.RoutingAppender.append(RoutingAppender.java:240)
	at org.apache.logging.log4j.core.config.AppenderControl.tryCallAppender(AppenderControl.java:161)
	at org.apache.logging.log4j.core.config.AppenderControl.callAppender0(AppenderControl.java:134)
	at org.apache.logging.log4j.core.config.AppenderControl.callAppenderPreventRecursion(AppenderControl.java:125)
	at org.apache.logging.log4j.core.config.AppenderControl.callAppender(AppenderControl.java:89)
	at org.apache.logging.log4j.core.config.LoggerConfig.callAppenders(LoggerConfig.java:683)
	at org.apache.logging.log4j.core.config.LoggerConfig.processLogEvent(LoggerConfig.java:641)
	at org.apache.logging.log4j.core.config.LoggerConfig.log(LoggerConfig.java:624)
	at org.apache.logging.log4j.core.config.LoggerConfig.log(LoggerConfig.java:560)
	at org.apache.logging.log4j.core.config.AwaitCompletionReliabilityStrategy.log(AwaitCompletionReliabilityStrategy.java:82)
	at org.apache.logging.log4j.core.Logger.log(Logger.java:162)
	at org.apache.logging.log4j.spi.AbstractLogger.logMessage(AbstractLogger.java:2106)
	at org.apache.logging.log4j.internal.DefaultLogBuilder.logMessage(DefaultLogBuilder.java:241)
	at org.apache.logging.log4j.internal.DefaultLogBuilder.log(DefaultLogBuilder.java:162)
	at org.apache.xmlbeans.impl.schema.SchemaTypeSystemImpl.resolveHandle(SchemaTypeSystemImpl.java:935)
	at org.apache.xmlbeans.impl.schema.ElementFactory.<init>(ElementFactory.java:29)
	at org.apache.xmlbeans.impl.schema.AbstractDocumentFactory.<init>(AbstractDocumentFactory.java:33)
	at org.apache.xmlbeans.impl.schema.DocumentFactory.<init>(DocumentFactory.java:23)
	at org.openxmlformats.schemas.spreadsheetml.x2006.main.SstDocument.<clinit>(SstDocument.java:23)
	at org.apache.poi.xssf.model.SharedStringsTable.readFrom(SharedStringsTable.java:125)
	at org.apache.poi.xssf.model.SharedStringsTable.<init>(SharedStringsTable.java:112)
	at org.apache.poi.ooxml.POIXMLFactory.createDocumentPart(POIXMLFactory.java:61)
	at org.apache.poi.ooxml.POIXMLDocumentPart.read(POIXMLDocumentPart.java:661)
	at org.apache.poi.ooxml.POIXMLDocument.load(POIXMLDocument.java:165)
	at org.apache.poi.xssf.usermodel.XSSFWorkbook.<init>(XSSFWorkbook.java:260)
	at org.apache.poi.xssf.usermodel.XSSFWorkbook.<init>(XSSFWorkbook.java:290)
	at org.apache.poi.xssf.usermodel.XSSFWorkbook.<init>(XSSFWorkbook.java:286)
	at externalResources.ExcelDataRead.<init>(ExcelDataRead.java:22)
	at listeners.AnnotationsTransformer.toBeExecuted(AnnotationsTransformer.java:36)
	at listeners.AnnotationsTransformer.transform(AnnotationsTransformer.java:24)
	at org.testng.internal.annotations.JDK15AnnotationFinder.transform(JDK15AnnotationFinder.java:172)
	at org.testng.internal.annotations.JDK15AnnotationFinder.lambda$findAnnotation$0(JDK15AnnotationFinder.java:279)
	at java.base/java.util.concurrent.ConcurrentHashMap.computeIfAbsent(ConcurrentHashMap.java:1705)
	at org.testng.internal.annotations.JDK15AnnotationFinder.findAnnotation(JDK15AnnotationFinder.java:275)
	at org.testng.internal.annotations.JDK15AnnotationFinder.findAnnotation(JDK15AnnotationFinder.java:113)
	at org.testng.internal.TestNGClassFinder.isTestNGClass(TestNGClassFinder.java:275)
	at org.testng.internal.TestNGClassFinder.isNotTestNGClass(TestNGClassFinder.java:260)
	at org.testng.internal.TestNGClassFinder.processClass(TestNGClassFinder.java:94)
	at org.testng.internal.TestNGClassFinder.<init>(TestNGClassFinder.java:67)
	at org.testng.TestRunner.initMethods(TestRunner.java:442)
	at org.testng.TestRunner.init(TestRunner.java:336)
	at org.testng.TestRunner.init(TestRunner.java:289)
	at org.testng.TestRunner.<init>(TestRunner.java:179)
	at org.testng.SuiteRunner$DefaultTestRunnerFactory.newTestRunner(SuiteRunner.java:643)
	at org.testng.SuiteRunner.init(SuiteRunner.java:225)
	at org.testng.SuiteRunner.<init>(SuiteRunner.java:115)
	at org.testng.TestNG.createSuiteRunner(TestNG.java:1349)
	at org.testng.TestNG.createSuiteRunners(TestNG.java:1325)
	at org.testng.TestNG.runSuitesLocally(TestNG.java:1167)
	at org.testng.TestNG.runSuites(TestNG.java:1099)
	at org.testng.TestNG.run(TestNG.java:1067)
	at org.apache.maven.surefire.testng.TestNGExecutor.run(TestNGExecutor.java:324)
	at org.apache.maven.surefire.testng.TestNGXmlTestSuite.execute(TestNGXmlTestSuite.java:74)
	at org.apache.maven.surefire.testng.TestNGProvider.invoke(TestNGProvider.java:123)
	at org.apache.maven.surefire.booter.ForkedBooter.runSuitesInProcess(ForkedBooter.java:456)
	at org.apache.maven.surefire.booter.ForkedBooter.execute(ForkedBooter.java:169)
	at org.apache.maven.surefire.booter.ForkedBooter.run(ForkedBooter.java:595)
	at org.apache.maven.surefire.booter.ForkedBooter.main(ForkedBooter.java:581)

2023-02-13 11:57:15,832 main ERROR Unable to invoke factory method in class org.apache.logging.log4j.core.appender.RollingFileAppender for element RollingFile: java.lang.IllegalStateException: No factory method found for class org.apache.logging.log4j.core.appender.RollingFileAppender java.lang.IllegalStateException: No factory method found for class org.apache.logging.log4j.core.appender.RollingFileAppender
	at org.apache.logging.log4j.core.config.plugins.util.PluginBuilder.findFactoryMethod(PluginBuilder.java:260)
	at org.apache.logging.log4j.core.config.plugins.util.PluginBuilder.build(PluginBuilder.java:136)
	at org.apache.logging.log4j.core.config.AbstractConfiguration.createPluginObject(AbstractConfiguration.java:1138)
	at org.apache.logging.log4j.core.config.AbstractConfiguration.createConfiguration(AbstractConfiguration.java:1063)
	at org.apache.logging.log4j.core.appender.routing.RoutingAppender.createAppender(RoutingAppender.java:310)
	at org.apache.logging.log4j.core.appender.routing.RoutingAppender.getControl(RoutingAppender.java:282)
	at org.apache.logging.log4j.core.appender.routing.RoutingAppender.append(RoutingAppender.java:240)
	at org.apache.logging.log4j.core.config.AppenderControl.tryCallAppender(AppenderControl.java:161)
	at org.apache.logging.log4j.core.config.AppenderControl.callAppender0(AppenderControl.java:134)
	at org.apache.logging.log4j.core.config.AppenderControl.callAppenderPreventRecursion(AppenderControl.java:125)
	at org.apache.logging.log4j.core.config.AppenderControl.callAppender(AppenderControl.java:89)
	at org.apache.logging.log4j.core.config.LoggerConfig.callAppenders(LoggerConfig.java:683)
	at org.apache.logging.log4j.core.config.LoggerConfig.processLogEvent(LoggerConfig.java:641)
	at org.apache.logging.log4j.core.config.LoggerConfig.log(LoggerConfig.java:624)
	at org.apache.logging.log4j.core.config.LoggerConfig.log(LoggerConfig.java:560)
	at org.apache.logging.log4j.core.config.AwaitCompletionReliabilityStrategy.log(AwaitCompletionReliabilityStrategy.java:82)
	at org.apache.logging.log4j.core.Logger.log(Logger.java:162)
	at org.apache.logging.log4j.spi.AbstractLogger.logMessage(AbstractLogger.java:2106)
	at org.apache.logging.log4j.internal.DefaultLogBuilder.logMessage(DefaultLogBuilder.java:241)
	at org.apache.logging.log4j.internal.DefaultLogBuilder.log(DefaultLogBuilder.java:162)
	at org.apache.xmlbeans.impl.schema.SchemaTypeSystemImpl.resolveHandle(SchemaTypeSystemImpl.java:935)
	at org.apache.xmlbeans.impl.schema.ElementFactory.<init>(ElementFactory.java:29)
	at org.apache.xmlbeans.impl.schema.AbstractDocumentFactory.<init>(AbstractDocumentFactory.java:33)
	at org.apache.xmlbeans.impl.schema.DocumentFactory.<init>(DocumentFactory.java:23)
	at org.openxmlformats.schemas.spreadsheetml.x2006.main.SstDocument.<clinit>(SstDocument.java:23)
	at org.apache.poi.xssf.model.SharedStringsTable.readFrom(SharedStringsTable.java:125)
	at org.apache.poi.xssf.model.SharedStringsTable.<init>(SharedStringsTable.java:112)
	at org.apache.poi.ooxml.POIXMLFactory.createDocumentPart(POIXMLFactory.java:61)
	at org.apache.poi.ooxml.POIXMLDocumentPart.read(POIXMLDocumentPart.java:661)
	at org.apache.poi.ooxml.POIXMLDocument.load(POIXMLDocument.java:165)
	at org.apache.poi.xssf.usermodel.XSSFWorkbook.<init>(XSSFWorkbook.java:260)
	at org.apache.poi.xssf.usermodel.XSSFWorkbook.<init>(XSSFWorkbook.java:290)
	at org.apache.poi.xssf.usermodel.XSSFWorkbook.<init>(XSSFWorkbook.java:286)
	at externalResources.ExcelDataRead.<init>(ExcelDataRead.java:22)
	at listeners.AnnotationsTransformer.toBeExecuted(AnnotationsTransformer.java:36)
	at listeners.AnnotationsTransformer.transform(AnnotationsTransformer.java:24)
	at org.testng.internal.annotations.JDK15AnnotationFinder.transform(JDK15AnnotationFinder.java:172)
	at org.testng.internal.annotations.JDK15AnnotationFinder.lambda$findAnnotation$0(JDK15AnnotationFinder.java:279)
	at java.base/java.util.concurrent.ConcurrentHashMap.computeIfAbsent(ConcurrentHashMap.java:1705)
	at org.testng.internal.annotations.JDK15AnnotationFinder.findAnnotation(JDK15AnnotationFinder.java:275)
	at org.testng.internal.annotations.JDK15AnnotationFinder.findAnnotation(JDK15AnnotationFinder.java:113)
	at org.testng.internal.TestNGClassFinder.isTestNGClass(TestNGClassFinder.java:275)
	at org.testng.internal.TestNGClassFinder.isNotTestNGClass(TestNGClassFinder.java:260)
	at org.testng.internal.TestNGClassFinder.processClass(TestNGClassFinder.java:94)
	at org.testng.internal.TestNGClassFinder.<init>(TestNGClassFinder.java:67)
	at org.testng.TestRunner.initMethods(TestRunner.java:442)
	at org.testng.TestRunner.init(TestRunner.java:336)
	at org.testng.TestRunner.init(TestRunner.java:289)
	at org.testng.TestRunner.<init>(TestRunner.java:179)
	at org.testng.SuiteRunner$DefaultTestRunnerFactory.newTestRunner(SuiteRunner.java:643)
	at org.testng.SuiteRunner.init(SuiteRunner.java:225)
	at org.testng.SuiteRunner.<init>(SuiteRunner.java:115)
	at org.testng.TestNG.createSuiteRunner(TestNG.java:1349)
	at org.testng.TestNG.createSuiteRunners(TestNG.java:1325)
	at org.testng.TestNG.runSuitesLocally(TestNG.java:1167)
	at org.testng.TestNG.runSuites(TestNG.java:1099)
	at org.testng.TestNG.run(TestNG.java:1067)
	at org.apache.maven.surefire.testng.TestNGExecutor.run(TestNGExecutor.java:324)
	at org.apache.maven.surefire.testng.TestNGXmlTestSuite.execute(TestNGXmlTestSuite.java:74)
	at org.apache.maven.surefire.testng.TestNGProvider.invoke(TestNGProvider.java:123)
	at org.apache.maven.surefire.booter.ForkedBooter.runSuitesInProcess(ForkedBooter.java:456)
	at org.apache.maven.surefire.booter.ForkedBooter.execute(ForkedBooter.java:169)
	at org.apache.maven.surefire.booter.ForkedBooter.run(ForkedBooter.java:595)
	at org.apache.maven.surefire.booter.ForkedBooter.main(ForkedBooter.java:581)

2023-02-13 11:57:15,839 main ERROR Unable to create file ./results/logs/${ctx:threadName}.log java.io.IOException: The filename, directory name, or volume label syntax is incorrect
	at java.base/java.io.WinNTFileSystem.canonicalize0(Native Method)
	at java.base/java.io.WinNTFileSystem.canonicalize(WinNTFileSystem.java:483)
	at java.base/java.io.File.getCanonicalPath(File.java:626)
	at java.base/java.io.File.getCanonicalFile(File.java:651)
	at org.apache.logging.log4j.core.util.FileUtils.makeParentDirs(FileUtils.java:139)
	at org.apache.logging.log4j.core.appender.rolling.RollingFileManager$RollingFileManagerFactory.createManager(RollingFileManager.java:734)
	at org.apache.logging.log4j.core.appender.rolling.RollingFileManager$RollingFileManagerFactory.createManager(RollingFileManager.java:718)
	at org.apache.logging.log4j.core.appender.AbstractManager.getManager(AbstractManager.java:144)
	at org.apache.logging.log4j.core.appender.OutputStreamManager.getManager(OutputStreamManager.java:100)
	at org.apache.logging.log4j.core.appender.rolling.RollingFileManager.getFileManager(RollingFileManager.java:217)
	at org.apache.logging.log4j.core.appender.RollingFileAppender$Builder.build(RollingFileAppender.java:135)
	at org.apache.logging.log4j.core.appender.RollingFileAppender$Builder.build(RollingFileAppender.java:62)
	at org.apache.logging.log4j.core.config.plugins.util.PluginBuilder.build(PluginBuilder.java:124)
	at org.apache.logging.log4j.core.config.AbstractConfiguration.createPluginObject(AbstractConfiguration.java:1138)
	at org.apache.logging.log4j.core.config.AbstractConfiguration.createConfiguration(AbstractConfiguration.java:1063)
	at org.apache.logging.log4j.core.appender.routing.RoutingAppender.createAppender(RoutingAppender.java:310)
	at org.apache.logging.log4j.core.appender.routing.RoutingAppender.getControl(RoutingAppender.java:282)
	at org.apache.logging.log4j.core.appender.routing.RoutingAppender.append(RoutingAppender.java:240)
	at org.apache.logging.log4j.core.config.AppenderControl.tryCallAppender(AppenderControl.java:161)
	at org.apache.logging.log4j.core.config.AppenderControl.callAppender0(AppenderControl.java:134)
	at org.apache.logging.log4j.core.config.AppenderControl.callAppenderPreventRecursion(AppenderControl.java:125)
	at org.apache.logging.log4j.core.config.AppenderControl.callAppender(AppenderControl.java:89)
	at org.apache.logging.log4j.core.config.LoggerConfig.callAppenders(LoggerConfig.java:683)
	at org.apache.logging.log4j.core.config.LoggerConfig.processLogEvent(LoggerConfig.java:641)
	at org.apache.logging.log4j.core.config.LoggerConfig.log(LoggerConfig.java:624)
	at org.apache.logging.log4j.core.config.LoggerConfig.log(LoggerConfig.java:560)
	at org.apache.logging.log4j.core.config.AwaitCompletionReliabilityStrategy.log(AwaitCompletionReliabilityStrategy.java:82)
	at org.apache.logging.log4j.core.Logger.log(Logger.java:162)
	at org.apache.logging.log4j.spi.AbstractLogger.logMessage(AbstractLogger.java:2106)
	at org.apache.logging.log4j.internal.DefaultLogBuilder.logMessage(DefaultLogBuilder.java:241)
	at org.apache.logging.log4j.internal.DefaultLogBuilder.log(DefaultLogBuilder.java:162)
	at org.apache.xmlbeans.impl.schema.SchemaTypeSystemImpl.resolveHandle(SchemaTypeSystemImpl.java:935)
	at org.apache.xmlbeans.SchemaComponent$Ref.getComponent(SchemaComponent.java:111)
	at org.apache.xmlbeans.SchemaType$Ref.get(SchemaType.java:1072)
	at org.apache.xmlbeans.impl.schema.SchemaPropertyImpl.getType(SchemaPropertyImpl.java:85)
	at org.apache.xmlbeans.impl.schema.SchemaTypeImpl.createElementType(SchemaTypeImpl.java:990)
	at org.apache.xmlbeans.impl.values.XmlObjectBase.create_element_user(XmlObjectBase.java:879)
	at org.apache.xmlbeans.impl.store.Xobj.getUser(Xobj.java:1597)
	at org.apache.xmlbeans.impl.store.Xobj.find_element_user(Xobj.java:1968)
	at org.openxmlformats.schemas.spreadsheetml.x2006.main.impl.SstDocumentImpl.getSst(SstDocumentImpl.java:40)
	at org.apache.poi.xssf.model.SharedStringsTable.readFrom(SharedStringsTable.java:126)
	at org.apache.poi.xssf.model.SharedStringsTable.<init>(SharedStringsTable.java:112)
	at org.apache.poi.ooxml.POIXMLFactory.createDocumentPart(POIXMLFactory.java:61)
	at org.apache.poi.ooxml.POIXMLDocumentPart.read(POIXMLDocumentPart.java:661)
	at org.apache.poi.ooxml.POIXMLDocument.load(POIXMLDocument.java:165)
	at org.apache.poi.xssf.usermodel.XSSFWorkbook.<init>(XSSFWorkbook.java:260)
	at org.apache.poi.xssf.usermodel.XSSFWorkbook.<init>(XSSFWorkbook.java:290)
	at org.apache.poi.xssf.usermodel.XSSFWorkbook.<init>(XSSFWorkbook.java:286)
	at externalResources.ExcelDataRead.<init>(ExcelDataRead.java:22)
	at listeners.AnnotationsTransformer.toBeExecuted(AnnotationsTransformer.java:36)
	at listeners.AnnotationsTransformer.transform(AnnotationsTransformer.java:24)
	at org.testng.internal.annotations.JDK15AnnotationFinder.transform(JDK15AnnotationFinder.java:172)
	at org.testng.internal.annotations.JDK15AnnotationFinder.lambda$findAnnotation$0(JDK15AnnotationFinder.java:279)
	at java.base/java.util.concurrent.ConcurrentHashMap.computeIfAbsent(ConcurrentHashMap.java:1705)
	at org.testng.internal.annotations.JDK15AnnotationFinder.findAnnotation(JDK15AnnotationFinder.java:275)
	at org.testng.internal.annotations.JDK15AnnotationFinder.findAnnotation(JDK15AnnotationFinder.java:113)
	at org.testng.internal.TestNGClassFinder.isTestNGClass(TestNGClassFinder.java:275)
	at org.testng.internal.TestNGClassFinder.isNotTestNGClass(TestNGClassFinder.java:260)
	at org.testng.internal.TestNGClassFinder.processClass(TestNGClassFinder.java:94)
	at org.testng.internal.TestNGClassFinder.<init>(TestNGClassFinder.java:67)
	at org.testng.TestRunner.initMethods(TestRunner.java:442)
	at org.testng.TestRunner.init(TestRunner.java:336)
	at org.testng.TestRunner.init(TestRunner.java:289)
	at org.testng.TestRunner.<init>(TestRunner.java:179)
	at org.testng.SuiteRunner$DefaultTestRunnerFactory.newTestRunner(SuiteRunner.java:643)
	at org.testng.SuiteRunner.init(SuiteRunner.java:225)
	at org.testng.SuiteRunner.<init>(SuiteRunner.java:115)
	at org.testng.TestNG.createSuiteRunner(TestNG.java:1349)
	at org.testng.TestNG.createSuiteRunners(TestNG.java:1325)
	at org.testng.TestNG.runSuitesLocally(TestNG.java:1167)
	at org.testng.TestNG.runSuites(TestNG.java:1099)
	at org.testng.TestNG.run(TestNG.java:1067)
	at org.apache.maven.surefire.testng.TestNGExecutor.run(TestNGExecutor.java:324)
	at org.apache.maven.surefire.testng.TestNGXmlTestSuite.execute(TestNGXmlTestSuite.java:74)
	at org.apache.maven.surefire.testng.TestNGProvider.invoke(TestNGProvider.java:123)
	at org.apache.maven.surefire.booter.ForkedBooter.runSuitesInProcess(ForkedBooter.java:456)
	at org.apache.maven.surefire.booter.ForkedBooter.execute(ForkedBooter.java:169)
	at org.apache.maven.surefire.booter.ForkedBooter.run(ForkedBooter.java:595)
	at org.apache.maven.surefire.booter.ForkedBooter.main(ForkedBooter.java:581)

2023-02-13 11:57:15,840 main ERROR Could not create plugin of type class org.apache.logging.log4j.core.appender.RollingFileAppender for element RollingFile: java.lang.IllegalStateException: ManagerFactory [org.apache.logging.log4j.core.appender.rolling.RollingFileManager$RollingFileManagerFactory@4e6d7365] unable to create manager for [./results/logs/${ctx:threadName}.log] with data [org.apache.logging.log4j.core.appender.rolling.RollingFileManager$FactoryData@61e3cf4d[pattern=./results/logs/${ctx:threadName}-%d{yyyy-MM-dd}.log, append=true, bufferedIO=true, bufferSize=8192, policy=SizeBasedTriggeringPolicy(size=512000), strategy=DefaultRolloverStrategy(min=1, max=7, useMax=true), advertiseURI=null, layout=%d{HH:mm:ss.SSS} [%t] %-5level %logger{36} - %msg%n, filePermissions=null, fileOwner=null]] java.lang.IllegalStateException: ManagerFactory [org.apache.logging.log4j.core.appender.rolling.RollingFileManager$RollingFileManagerFactory@4e6d7365] unable to create manager for [./results/logs/${ctx:threadName}.log] with data [org.apache.logging.log4j.core.appender.rolling.RollingFileManager$FactoryData@61e3cf4d[pattern=./results/logs/${ctx:threadName}-%d{yyyy-MM-dd}.log, append=true, bufferedIO=true, bufferSize=8192, policy=SizeBasedTriggeringPolicy(size=512000), strategy=DefaultRolloverStrategy(min=1, max=7, useMax=true), advertiseURI=null, layout=%d{HH:mm:ss.SSS} [%t] %-5level %logger{36} - %msg%n, filePermissions=null, fileOwner=null]]
	at org.apache.logging.log4j.core.appender.AbstractManager.getManager(AbstractManager.java:146)
	at org.apache.logging.log4j.core.appender.OutputStreamManager.getManager(OutputStreamManager.java:100)
	at org.apache.logging.log4j.core.appender.rolling.RollingFileManager.getFileManager(RollingFileManager.java:217)
	at org.apache.logging.log4j.core.appender.RollingFileAppender$Builder.build(RollingFileAppender.java:135)
	at org.apache.logging.log4j.core.appender.RollingFileAppender$Builder.build(RollingFileAppender.java:62)
	at org.apache.logging.log4j.core.config.plugins.util.PluginBuilder.build(PluginBuilder.java:124)
	at org.apache.logging.log4j.core.config.AbstractConfiguration.createPluginObject(AbstractConfiguration.java:1138)
	at org.apache.logging.log4j.core.config.AbstractConfiguration.createConfiguration(AbstractConfiguration.java:1063)
	at org.apache.logging.log4j.core.appender.routing.RoutingAppender.createAppender(RoutingAppender.java:310)
	at org.apache.logging.log4j.core.appender.routing.RoutingAppender.getControl(RoutingAppender.java:282)
	at org.apache.logging.log4j.core.appender.routing.RoutingAppender.append(RoutingAppender.java:240)
	at org.apache.logging.log4j.core.config.AppenderControl.tryCallAppender(AppenderControl.java:161)
	at org.apache.logging.log4j.core.config.AppenderControl.callAppender0(AppenderControl.java:134)
	at org.apache.logging.log4j.core.config.AppenderControl.callAppenderPreventRecursion(AppenderControl.java:125)
	at org.apache.logging.log4j.core.config.AppenderControl.callAppender(AppenderControl.java:89)
	at org.apache.logging.log4j.core.config.LoggerConfig.callAppenders(LoggerConfig.java:683)
	at org.apache.logging.log4j.core.config.LoggerConfig.processLogEvent(LoggerConfig.java:641)
	at org.apache.logging.log4j.core.config.LoggerConfig.log(LoggerConfig.java:624)
	at org.apache.logging.log4j.core.config.LoggerConfig.log(LoggerConfig.java:560)
	at org.apache.logging.log4j.core.config.AwaitCompletionReliabilityStrategy.log(AwaitCompletionReliabilityStrategy.java:82)
	at org.apache.logging.log4j.core.Logger.log(Logger.java:162)
	at org.apache.logging.log4j.spi.AbstractLogger.logMessage(AbstractLogger.java:2106)
	at org.apache.logging.log4j.internal.DefaultLogBuilder.logMessage(DefaultLogBuilder.java:241)
	at org.apache.logging.log4j.internal.DefaultLogBuilder.log(DefaultLogBuilder.java:162)
	at org.apache.xmlbeans.impl.schema.SchemaTypeSystemImpl.resolveHandle(SchemaTypeSystemImpl.java:935)
	at org.apache.xmlbeans.SchemaComponent$Ref.getComponent(SchemaComponent.java:111)
	at org.apache.xmlbeans.SchemaType$Ref.get(SchemaType.java:1072)
	at org.apache.xmlbeans.impl.schema.SchemaPropertyImpl.getType(SchemaPropertyImpl.java:85)
	at org.apache.xmlbeans.impl.schema.SchemaTypeImpl.createElementType(SchemaTypeImpl.java:990)
	at org.apache.xmlbeans.impl.values.XmlObjectBase.create_element_user(XmlObjectBase.java:879)
	at org.apache.xmlbeans.impl.store.Xobj.getUser(Xobj.java:1597)
	at org.apache.xmlbeans.impl.store.Xobj.find_element_user(Xobj.java:1968)
	at org.openxmlformats.schemas.spreadsheetml.x2006.main.impl.SstDocumentImpl.getSst(SstDocumentImpl.java:40)
	at org.apache.poi.xssf.model.SharedStringsTable.readFrom(SharedStringsTable.java:126)
	at org.apache.poi.xssf.model.SharedStringsTable.<init>(SharedStringsTable.java:112)
	at org.apache.poi.ooxml.POIXMLFactory.createDocumentPart(POIXMLFactory.java:61)
	at org.apache.poi.ooxml.POIXMLDocumentPart.read(POIXMLDocumentPart.java:661)
	at org.apache.poi.ooxml.POIXMLDocument.load(POIXMLDocument.java:165)
	at org.apache.poi.xssf.usermodel.XSSFWorkbook.<init>(XSSFWorkbook.java:260)
	at org.apache.poi.xssf.usermodel.XSSFWorkbook.<init>(XSSFWorkbook.java:290)
	at org.apache.poi.xssf.usermodel.XSSFWorkbook.<init>(XSSFWorkbook.java:286)
	at externalResources.ExcelDataRead.<init>(ExcelDataRead.java:22)
	at listeners.AnnotationsTransformer.toBeExecuted(AnnotationsTransformer.java:36)
	at listeners.AnnotationsTransformer.transform(AnnotationsTransformer.java:24)
	at org.testng.internal.annotations.JDK15AnnotationFinder.transform(JDK15AnnotationFinder.java:172)
	at org.testng.internal.annotations.JDK15AnnotationFinder.lambda$findAnnotation$0(JDK15AnnotationFinder.java:279)
	at java.base/java.util.concurrent.ConcurrentHashMap.computeIfAbsent(ConcurrentHashMap.java:1705)
	at org.testng.internal.annotations.JDK15AnnotationFinder.findAnnotation(JDK15AnnotationFinder.java:275)
	at org.testng.internal.annotations.JDK15AnnotationFinder.findAnnotation(JDK15AnnotationFinder.java:113)
	at org.testng.internal.TestNGClassFinder.isTestNGClass(TestNGClassFinder.java:275)
	at org.testng.internal.TestNGClassFinder.isNotTestNGClass(TestNGClassFinder.java:260)
	at org.testng.internal.TestNGClassFinder.processClass(TestNGClassFinder.java:94)
	at org.testng.internal.TestNGClassFinder.<init>(TestNGClassFinder.java:67)
	at org.testng.TestRunner.initMethods(TestRunner.java:442)
	at org.testng.TestRunner.init(TestRunner.java:336)
	at org.testng.TestRunner.init(TestRunner.java:289)
	at org.testng.TestRunner.<init>(TestRunner.java:179)
	at org.testng.SuiteRunner$DefaultTestRunnerFactory.newTestRunner(SuiteRunner.java:643)
	at org.testng.SuiteRunner.init(SuiteRunner.java:225)
	at org.testng.SuiteRunner.<init>(SuiteRunner.java:115)
	at org.testng.TestNG.createSuiteRunner(TestNG.java:1349)
	at org.testng.TestNG.createSuiteRunners(TestNG.java:1325)
	at org.testng.TestNG.runSuitesLocally(TestNG.java:1167)
	at org.testng.TestNG.runSuites(TestNG.java:1099)
	at org.testng.TestNG.run(TestNG.java:1067)
	at org.apache.maven.surefire.testng.TestNGExecutor.run(TestNGExecutor.java:324)
	at org.apache.maven.surefire.testng.TestNGXmlTestSuite.execute(TestNGXmlTestSuite.java:74)
	at org.apache.maven.surefire.testng.TestNGProvider.invoke(TestNGProvider.java:123)
	at org.apache.maven.surefire.booter.ForkedBooter.runSuitesInProcess(ForkedBooter.java:456)
	at org.apache.maven.surefire.booter.ForkedBooter.execute(ForkedBooter.java:169)
	at org.apache.maven.surefire.booter.ForkedBooter.run(ForkedBooter.java:595)
	at org.apache.maven.surefire.booter.ForkedBooter.main(ForkedBooter.java:581)

2023-02-13 11:57:15,840 main ERROR Unable to invoke factory method in class org.apache.logging.log4j.core.appender.RollingFileAppender for element RollingFile: java.lang.IllegalStateException: No factory method found for class org.apache.logging.log4j.core.appender.RollingFileAppender java.lang.IllegalStateException: No factory method found for class org.apache.logging.log4j.core.appender.RollingFileAppender
	at org.apache.logging.log4j.core.config.plugins.util.PluginBuilder.findFactoryMethod(PluginBuilder.java:260)
	at org.apache.logging.log4j.core.config.plugins.util.PluginBuilder.build(PluginBuilder.java:136)
	at org.apache.logging.log4j.core.config.AbstractConfiguration.createPluginObject(AbstractConfiguration.java:1138)
	at org.apache.logging.log4j.core.config.AbstractConfiguration.createConfiguration(AbstractConfiguration.java:1063)
	at org.apache.logging.log4j.core.appender.routing.RoutingAppender.createAppender(RoutingAppender.java:310)
	at org.apache.logging.log4j.core.appender.routing.RoutingAppender.getControl(RoutingAppender.java:282)
	at org.apache.logging.log4j.core.appender.routing.RoutingAppender.append(RoutingAppender.java:240)
	at org.apache.logging.log4j.core.config.AppenderControl.tryCallAppender(AppenderControl.java:161)
	at org.apache.logging.log4j.core.config.AppenderControl.callAppender0(AppenderControl.java:134)
	at org.apache.logging.log4j.core.config.AppenderControl.callAppenderPreventRecursion(AppenderControl.java:125)
	at org.apache.logging.log4j.core.config.AppenderControl.callAppender(AppenderControl.java:89)
	at org.apache.logging.log4j.core.config.LoggerConfig.callAppenders(LoggerConfig.java:683)
	at org.apache.logging.log4j.core.config.LoggerConfig.processLogEvent(LoggerConfig.java:641)
	at org.apache.logging.log4j.core.config.LoggerConfig.log(LoggerConfig.java:624)
	at org.apache.logging.log4j.core.config.LoggerConfig.log(LoggerConfig.java:560)
	at org.apache.logging.log4j.core.config.AwaitCompletionReliabilityStrategy.log(AwaitCompletionReliabilityStrategy.java:82)
	at org.apache.logging.log4j.core.Logger.log(Logger.java:162)
	at org.apache.logging.log4j.spi.AbstractLogger.logMessage(AbstractLogger.java:2106)
	at org.apache.logging.log4j.internal.DefaultLogBuilder.logMessage(DefaultLogBuilder.java:241)
	at org.apache.logging.log4j.internal.DefaultLogBuilder.log(DefaultLogBuilder.java:162)
	at org.apache.xmlbeans.impl.schema.SchemaTypeSystemImpl.resolveHandle(SchemaTypeSystemImpl.java:935)
	at org.apache.xmlbeans.SchemaComponent$Ref.getComponent(SchemaComponent.java:111)
	at org.apache.xmlbeans.SchemaType$Ref.get(SchemaType.java:1072)
	at org.apache.xmlbeans.impl.schema.SchemaPropertyImpl.getType(SchemaPropertyImpl.java:85)
	at org.apache.xmlbeans.impl.schema.SchemaTypeImpl.createElementType(SchemaTypeImpl.java:990)
	at org.apache.xmlbeans.impl.values.XmlObjectBase.create_element_user(XmlObjectBase.java:879)
	at org.apache.xmlbeans.impl.store.Xobj.getUser(Xobj.java:1597)
	at org.apache.xmlbeans.impl.store.Xobj.find_element_user(Xobj.java:1968)
	at org.openxmlformats.schemas.spreadsheetml.x2006.main.impl.SstDocumentImpl.getSst(SstDocumentImpl.java:40)
	at org.apache.poi.xssf.model.SharedStringsTable.readFrom(SharedStringsTable.java:126)
	at org.apache.poi.xssf.model.SharedStringsTable.<init>(SharedStringsTable.java:112)
	at org.apache.poi.ooxml.POIXMLFactory.createDocumentPart(POIXMLFactory.java:61)
	at org.apache.poi.ooxml.POIXMLDocumentPart.read(POIXMLDocumentPart.java:661)
	at org.apache.poi.ooxml.POIXMLDocument.load(POIXMLDocument.java:165)
	at org.apache.poi.xssf.usermodel.XSSFWorkbook.<init>(XSSFWorkbook.java:260)
	at org.apache.poi.xssf.usermodel.XSSFWorkbook.<init>(XSSFWorkbook.java:290)
	at org.apache.poi.xssf.usermodel.XSSFWorkbook.<init>(XSSFWorkbook.java:286)
	at externalResources.ExcelDataRead.<init>(ExcelDataRead.java:22)
	at listeners.AnnotationsTransformer.toBeExecuted(AnnotationsTransformer.java:36)
	at listeners.AnnotationsTransformer.transform(AnnotationsTransformer.java:24)
	at org.testng.internal.annotations.JDK15AnnotationFinder.transform(JDK15AnnotationFinder.java:172)
	at org.testng.internal.annotations.JDK15AnnotationFinder.lambda$findAnnotation$0(JDK15AnnotationFinder.java:279)
	at java.base/java.util.concurrent.ConcurrentHashMap.computeIfAbsent(ConcurrentHashMap.java:1705)
	at org.testng.internal.annotations.JDK15AnnotationFinder.findAnnotation(JDK15AnnotationFinder.java:275)
	at org.testng.internal.annotations.JDK15AnnotationFinder.findAnnotation(JDK15AnnotationFinder.java:113)
	at org.testng.internal.TestNGClassFinder.isTestNGClass(TestNGClassFinder.java:275)
	at org.testng.internal.TestNGClassFinder.isNotTestNGClass(TestNGClassFinder.java:260)
	at org.testng.internal.TestNGClassFinder.processClass(TestNGClassFinder.java:94)
	at org.testng.internal.TestNGClassFinder.<init>(TestNGClassFinder.java:67)
	at org.testng.TestRunner.initMethods(TestRunner.java:442)
	at org.testng.TestRunner.init(TestRunner.java:336)
	at org.testng.TestRunner.init(TestRunner.java:289)
	at org.testng.TestRunner.<init>(TestRunner.java:179)
	at org.testng.SuiteRunner$DefaultTestRunnerFactory.newTestRunner(SuiteRunner.java:643)
	at org.testng.SuiteRunner.init(SuiteRunner.java:225)
	at org.testng.SuiteRunner.<init>(SuiteRunner.java:115)
	at org.testng.TestNG.createSuiteRunner(TestNG.java:1349)
	at org.testng.TestNG.createSuiteRunners(TestNG.java:1325)
	at org.testng.TestNG.runSuitesLocally(TestNG.java:1167)
	at org.testng.TestNG.runSuites(TestNG.java:1099)
	at org.testng.TestNG.run(TestNG.java:1067)
	at org.apache.maven.surefire.testng.TestNGExecutor.run(TestNGExecutor.java:324)
	at org.apache.maven.surefire.testng.TestNGXmlTestSuite.execute(TestNGXmlTestSuite.java:74)
	at org.apache.maven.surefire.testng.TestNGProvider.invoke(TestNGProvider.java:123)
	at org.apache.maven.surefire.booter.ForkedBooter.runSuitesInProcess(ForkedBooter.java:456)
	at org.apache.maven.surefire.booter.ForkedBooter.execute(ForkedBooter.java:169)
	at org.apache.maven.surefire.booter.ForkedBooter.run(ForkedBooter.java:595)
	at org.apache.maven.surefire.booter.ForkedBooter.main(ForkedBooter.java:581)

2023-02-13 11:57:15,855 main ERROR Unable to create file ./results/logs/${ctx:threadName}.log java.io.IOException: The filename, directory name, or volume label syntax is incorrect
	at java.base/java.io.WinNTFileSystem.canonicalize0(Native Method)
	at java.base/java.io.WinNTFileSystem.canonicalize(WinNTFileSystem.java:483)
	at java.base/java.io.File.getCanonicalPath(File.java:626)
	at java.base/java.io.File.getCanonicalFile(File.java:651)
	at org.apache.logging.log4j.core.util.FileUtils.makeParentDirs(FileUtils.java:139)
	at org.apache.logging.log4j.core.appender.rolling.RollingFileManager$RollingFileManagerFactory.createManager(RollingFileManager.java:734)
	at org.apache.logging.log4j.core.appender.rolling.RollingFileManager$RollingFileManagerFactory.createManager(RollingFileManager.java:718)
	at org.apache.logging.log4j.core.appender.AbstractManager.getManager(AbstractManager.java:144)
	at org.apache.logging.log4j.core.appender.OutputStreamManager.getManager(OutputStreamManager.java:100)
	at org.apache.logging.log4j.core.appender.rolling.RollingFileManager.getFileManager(RollingFileManager.java:217)
	at org.apache.logging.log4j.core.appender.RollingFileAppender$Builder.build(RollingFileAppender.java:135)
	at org.apache.logging.log4j.core.appender.RollingFileAppender$Builder.build(RollingFileAppender.java:62)
	at org.apache.logging.log4j.core.config.plugins.util.PluginBuilder.build(PluginBuilder.java:124)
	at org.apache.logging.log4j.core.config.AbstractConfiguration.createPluginObject(AbstractConfiguration.java:1138)
	at org.apache.logging.log4j.core.config.AbstractConfiguration.createConfiguration(AbstractConfiguration.java:1063)
	at org.apache.logging.log4j.core.appender.routing.RoutingAppender.createAppender(RoutingAppender.java:310)
	at org.apache.logging.log4j.core.appender.routing.RoutingAppender.getControl(RoutingAppender.java:282)
	at org.apache.logging.log4j.core.appender.routing.RoutingAppender.append(RoutingAppender.java:240)
	at org.apache.logging.log4j.core.config.AppenderControl.tryCallAppender(AppenderControl.java:161)
	at org.apache.logging.log4j.core.config.AppenderControl.callAppender0(AppenderControl.java:134)
	at org.apache.logging.log4j.core.config.AppenderControl.callAppenderPreventRecursion(AppenderControl.java:125)
	at org.apache.logging.log4j.core.config.AppenderControl.callAppender(AppenderControl.java:89)
	at org.apache.logging.log4j.core.config.LoggerConfig.callAppenders(LoggerConfig.java:683)
	at org.apache.logging.log4j.core.config.LoggerConfig.processLogEvent(LoggerConfig.java:641)
	at org.apache.logging.log4j.core.config.LoggerConfig.log(LoggerConfig.java:624)
	at org.apache.logging.log4j.core.config.LoggerConfig.log(LoggerConfig.java:560)
	at org.apache.logging.log4j.core.config.AwaitCompletionReliabilityStrategy.log(AwaitCompletionReliabilityStrategy.java:82)
	at org.apache.logging.log4j.core.Logger.log(Logger.java:162)
	at org.apache.logging.log4j.spi.AbstractLogger.logMessage(AbstractLogger.java:2106)
	at org.apache.logging.log4j.internal.DefaultLogBuilder.logMessage(DefaultLogBuilder.java:241)
	at org.apache.logging.log4j.internal.DefaultLogBuilder.log(DefaultLogBuilder.java:162)
	at org.apache.xmlbeans.impl.schema.SchemaTypeSystemImpl.resolveHandle(SchemaTypeSystemImpl.java:935)
	at org.apache.xmlbeans.SchemaComponent$Ref.getComponent(SchemaComponent.java:111)
	at org.apache.xmlbeans.SchemaType$Ref.get(SchemaType.java:1072)
	at org.apache.xmlbeans.impl.schema.SchemaPropertyImpl.getType(SchemaPropertyImpl.java:85)
	at org.apache.xmlbeans.impl.schema.SchemaTypeImpl.createElementType(SchemaTypeImpl.java:990)
	at org.apache.xmlbeans.impl.values.XmlObjectBase.create_element_user(XmlObjectBase.java:879)
	at org.apache.xmlbeans.impl.store.Xobj.getUser(Xobj.java:1597)
	at org.apache.xmlbeans.impl.store.Xobj.find_all_element_users(Xobj.java:1990)
	at org.apache.xmlbeans.impl.values.XmlObjectBase.getBaseArray(XmlObjectBase.java:3104)
	at org.apache.xmlbeans.impl.values.XmlObjectBase.getXmlObjectArray(XmlObjectBase.java:3203)
	at org.openxmlformats.schemas.spreadsheetml.x2006.main.impl.CTSstImpl.getSiArray(CTSstImpl.java:56)
	at org.apache.poi.xssf.model.SharedStringsTable.readFrom(SharedStringsTable.java:130)
	at org.apache.poi.xssf.model.SharedStringsTable.<init>(SharedStringsTable.java:112)
	at org.apache.poi.ooxml.POIXMLFactory.createDocumentPart(POIXMLFactory.java:61)
	at org.apache.poi.ooxml.POIXMLDocumentPart.read(POIXMLDocumentPart.java:661)
	at org.apache.poi.ooxml.POIXMLDocument.load(POIXMLDocument.java:165)
	at org.apache.poi.xssf.usermodel.XSSFWorkbook.<init>(XSSFWorkbook.java:260)
	at org.apache.poi.xssf.usermodel.XSSFWorkbook.<init>(XSSFWorkbook.java:290)
	at org.apache.poi.xssf.usermodel.XSSFWorkbook.<init>(XSSFWorkbook.java:286)
	at externalResources.ExcelDataRead.<init>(ExcelDataRead.java:22)
	at listeners.AnnotationsTransformer.toBeExecuted(AnnotationsTransformer.java:36)
	at listeners.AnnotationsTransformer.transform(AnnotationsTransformer.java:24)
	at org.testng.internal.annotations.JDK15AnnotationFinder.transform(JDK15AnnotationFinder.java:172)
	at org.testng.internal.annotations.JDK15AnnotationFinder.lambda$findAnnotation$0(JDK15AnnotationFinder.java:279)
	at java.base/java.util.concurrent.ConcurrentHashMap.computeIfAbsent(ConcurrentHashMap.java:1705)
	at org.testng.internal.annotations.JDK15AnnotationFinder.findAnnotation(JDK15AnnotationFinder.java:275)
	at org.testng.internal.annotations.JDK15AnnotationFinder.findAnnotation(JDK15AnnotationFinder.java:113)
	at org.testng.internal.TestNGClassFinder.isTestNGClass(TestNGClassFinder.java:275)
	at org.testng.internal.TestNGClassFinder.isNotTestNGClass(TestNGClassFinder.java:260)
	at org.testng.internal.TestNGClassFinder.processClass(TestNGClassFinder.java:94)
	at org.testng.internal.TestNGClassFinder.<init>(TestNGClassFinder.java:67)
	at org.testng.TestRunner.initMethods(TestRunner.java:442)
	at org.testng.TestRunner.init(TestRunner.java:336)
	at org.testng.TestRunner.init(TestRunner.java:289)
	at org.testng.TestRunner.<init>(TestRunner.java:179)
	at org.testng.SuiteRunner$DefaultTestRunnerFactory.newTestRunner(SuiteRunner.java:643)
	at org.testng.SuiteRunner.init(SuiteRunner.java:225)
	at org.testng.SuiteRunner.<init>(SuiteRunner.java:115)
	at org.testng.TestNG.createSuiteRunner(TestNG.java:1349)
	at org.testng.TestNG.createSuiteRunners(TestNG.java:1325)
	at org.testng.TestNG.runSuitesLocally(TestNG.java:1167)
	at org.testng.TestNG.runSuites(TestNG.java:1099)
	at org.testng.TestNG.run(TestNG.java:1067)
	at org.apache.maven.surefire.testng.TestNGExecutor.run(TestNGExecutor.java:324)
	at org.apache.maven.surefire.testng.TestNGXmlTestSuite.execute(TestNGXmlTestSuite.java:74)
	at org.apache.maven.surefire.testng.TestNGProvider.invoke(TestNGProvider.java:123)
	at org.apache.maven.surefire.booter.ForkedBooter.runSuitesInProcess(ForkedBooter.java:456)
	at org.apache.maven.surefire.booter.ForkedBooter.execute(ForkedBooter.java:169)
	at org.apache.maven.surefire.booter.ForkedBooter.run(ForkedBooter.java:595)
	at org.apache.maven.surefire.booter.ForkedBooter.main(ForkedBooter.java:581)

2023-02-13 11:57:15,856 main ERROR Could not create plugin of type class org.apache.logging.log4j.core.appender.RollingFileAppender for element RollingFile: java.lang.IllegalStateException: ManagerFactory [org.apache.logging.log4j.core.appender.rolling.RollingFileManager$RollingFileManagerFactory@4e6d7365] unable to create manager for [./results/logs/${ctx:threadName}.log] with data [org.apache.logging.log4j.core.appender.rolling.RollingFileManager$FactoryData@7ae9a33a[pattern=./results/logs/${ctx:threadName}-%d{yyyy-MM-dd}.log, append=true, bufferedIO=true, bufferSize=8192, policy=SizeBasedTriggeringPolicy(size=512000), strategy=DefaultRolloverStrategy(min=1, max=7, useMax=true), advertiseURI=null, layout=%d{HH:mm:ss.SSS} [%t] %-5level %logger{36} - %msg%n, filePermissions=null, fileOwner=null]] java.lang.IllegalStateException: ManagerFactory [org.apache.logging.log4j.core.appender.rolling.RollingFileManager$RollingFileManagerFactory@4e6d7365] unable to create manager for [./results/logs/${ctx:threadName}.log] with data [org.apache.logging.log4j.core.appender.rolling.RollingFileManager$FactoryData@7ae9a33a[pattern=./results/logs/${ctx:threadName}-%d{yyyy-MM-dd}.log, append=true, bufferedIO=true, bufferSize=8192, policy=SizeBasedTriggeringPolicy(size=512000), strategy=DefaultRolloverStrategy(min=1, max=7, useMax=true), advertiseURI=null, layout=%d{HH:mm:ss.SSS} [%t] %-5level %logger{36} - %msg%n, filePermissions=null, fileOwner=null]]
	at org.apache.logging.log4j.core.appender.AbstractManager.getManager(AbstractManager.java:146)
	at org.apache.logging.log4j.core.appender.OutputStreamManager.getManager(OutputStreamManager.java:100)
	at org.apache.logging.log4j.core.appender.rolling.RollingFileManager.getFileManager(RollingFileManager.java:217)
	at org.apache.logging.log4j.core.appender.RollingFileAppender$Builder.build(RollingFileAppender.java:135)
	at org.apache.logging.log4j.core.appender.RollingFileAppender$Builder.build(RollingFileAppender.java:62)
	at org.apache.logging.log4j.core.config.plugins.util.PluginBuilder.build(PluginBuilder.java:124)
	at org.apache.logging.log4j.core.config.AbstractConfiguration.createPluginObject(AbstractConfiguration.java:1138)
	at org.apache.logging.log4j.core.config.AbstractConfiguration.createConfiguration(AbstractConfiguration.java:1063)
	at org.apache.logging.log4j.core.appender.routing.RoutingAppender.createAppender(RoutingAppender.java:310)
	at org.apache.logging.log4j.core.appender.routing.RoutingAppender.getControl(RoutingAppender.java:282)
	at org.apache.logging.log4j.core.appender.routing.RoutingAppender.append(RoutingAppender.java:240)
	at org.apache.logging.log4j.core.config.AppenderControl.tryCallAppender(AppenderControl.java:161)
	at org.apache.logging.log4j.core.config.AppenderControl.callAppender0(AppenderControl.java:134)
	at org.apache.logging.log4j.core.config.AppenderControl.callAppenderPreventRecursion(AppenderControl.java:125)
	at org.apache.logging.log4j.core.config.AppenderControl.callAppender(AppenderControl.java:89)
	at org.apache.logging.log4j.core.config.LoggerConfig.callAppenders(LoggerConfig.java:683)
	at org.apache.logging.log4j.core.config.LoggerConfig.processLogEvent(LoggerConfig.java:641)
	at org.apache.logging.log4j.core.config.LoggerConfig.log(LoggerConfig.java:624)
	at org.apache.logging.log4j.core.config.LoggerConfig.log(LoggerConfig.java:560)
	at org.apache.logging.log4j.core.config.AwaitCompletionReliabilityStrategy.log(AwaitCompletionReliabilityStrategy.java:82)
	at org.apache.logging.log4j.core.Logger.log(Logger.java:162)
	at org.apache.logging.log4j.spi.AbstractLogger.logMessage(AbstractLogger.java:2106)
	at org.apache.logging.log4j.internal.DefaultLogBuilder.logMessage(DefaultLogBuilder.java:241)
	at org.apache.logging.log4j.internal.DefaultLogBuilder.log(DefaultLogBuilder.java:162)
	at org.apache.xmlbeans.impl.schema.SchemaTypeSystemImpl.resolveHandle(SchemaTypeSystemImpl.java:935)
	at org.apache.xmlbeans.SchemaComponent$Ref.getComponent(SchemaComponent.java:111)
	at org.apache.xmlbeans.SchemaType$Ref.get(SchemaType.java:1072)
	at org.apache.xmlbeans.impl.schema.SchemaPropertyImpl.getType(SchemaPropertyImpl.java:85)
	at org.apache.xmlbeans.impl.schema.SchemaTypeImpl.createElementType(SchemaTypeImpl.java:990)
	at org.apache.xmlbeans.impl.values.XmlObjectBase.create_element_user(XmlObjectBase.java:879)
	at org.apache.xmlbeans.impl.store.Xobj.getUser(Xobj.java:1597)
	at org.apache.xmlbeans.impl.store.Xobj.find_all_element_users(Xobj.java:1990)
	at org.apache.xmlbeans.impl.values.XmlObjectBase.getBaseArray(XmlObjectBase.java:3104)
	at org.apache.xmlbeans.impl.values.XmlObjectBase.getXmlObjectArray(XmlObjectBase.java:3203)
	at org.openxmlformats.schemas.spreadsheetml.x2006.main.impl.CTSstImpl.getSiArray(CTSstImpl.java:56)
	at org.apache.poi.xssf.model.SharedStringsTable.readFrom(SharedStringsTable.java:130)
	at org.apache.poi.xssf.model.SharedStringsTable.<init>(SharedStringsTable.java:112)
	at org.apache.poi.ooxml.POIXMLFactory.createDocumentPart(POIXMLFactory.java:61)
	at org.apache.poi.ooxml.POIXMLDocumentPart.read(POIXMLDocumentPart.java:661)
	at org.apache.poi.ooxml.POIXMLDocument.load(POIXMLDocument.java:165)
	at org.apache.poi.xssf.usermodel.XSSFWorkbook.<init>(XSSFWorkbook.java:260)
	at org.apache.poi.xssf.usermodel.XSSFWorkbook.<init>(XSSFWorkbook.java:290)
	at org.apache.poi.xssf.usermodel.XSSFWorkbook.<init>(XSSFWorkbook.java:286)
	at externalResources.ExcelDataRead.<init>(ExcelDataRead.java:22)
	at listeners.AnnotationsTransformer.toBeExecuted(AnnotationsTransformer.java:36)
	at listeners.AnnotationsTransformer.transform(AnnotationsTransformer.java:24)
	at org.testng.internal.annotations.JDK15AnnotationFinder.transform(JDK15AnnotationFinder.java:172)
	at org.testng.internal.annotations.JDK15AnnotationFinder.lambda$findAnnotation$0(JDK15AnnotationFinder.java:279)
	at java.base/java.util.concurrent.ConcurrentHashMap.computeIfAbsent(ConcurrentHashMap.java:1705)
	at org.testng.internal.annotations.JDK15AnnotationFinder.findAnnotation(JDK15AnnotationFinder.java:275)
	at org.testng.internal.annotations.JDK15AnnotationFinder.findAnnotation(JDK15AnnotationFinder.java:113)
	at org.testng.internal.TestNGClassFinder.isTestNGClass(TestNGClassFinder.java:275)
	at org.testng.internal.TestNGClassFinder.isNotTestNGClass(TestNGClassFinder.java:260)
	at org.testng.internal.TestNGClassFinder.processClass(TestNGClassFinder.java:94)
	at org.testng.internal.TestNGClassFinder.<init>(TestNGClassFinder.java:67)
	at org.testng.TestRunner.initMethods(TestRunner.java:442)
	at org.testng.TestRunner.init(TestRunner.java:336)
	at org.testng.TestRunner.init(TestRunner.java:289)
	at org.testng.TestRunner.<init>(TestRunner.java:179)
	at org.testng.SuiteRunner$DefaultTestRunnerFactory.newTestRunner(SuiteRunner.java:643)
	at org.testng.SuiteRunner.init(SuiteRunner.java:225)
	at org.testng.SuiteRunner.<init>(SuiteRunner.java:115)
	at org.testng.TestNG.createSuiteRunner(TestNG.java:1349)
	at org.testng.TestNG.createSuiteRunners(TestNG.java:1325)
	at org.testng.TestNG.runSuitesLocally(TestNG.java:1167)
	at org.testng.TestNG.runSuites(TestNG.java:1099)
	at org.testng.TestNG.run(TestNG.java:1067)
	at org.apache.maven.surefire.testng.TestNGExecutor.run(TestNGExecutor.java:324)
	at org.apache.maven.surefire.testng.TestNGXmlTestSuite.execute(TestNGXmlTestSuite.java:74)
	at org.apache.maven.surefire.testng.TestNGProvider.invoke(TestNGProvider.java:123)
	at org.apache.maven.surefire.booter.ForkedBooter.runSuitesInProcess(ForkedBooter.java:456)
	at org.apache.maven.surefire.booter.ForkedBooter.execute(ForkedBooter.java:169)
	at org.apache.maven.surefire.booter.ForkedBooter.run(ForkedBooter.java:595)
	at org.apache.maven.surefire.booter.ForkedBooter.main(ForkedBooter.java:581)

2023-02-13 11:57:15,857 main ERROR Unable to invoke factory method in class org.apache.logging.log4j.core.appender.RollingFileAppender for element RollingFile: java.lang.IllegalStateException: No factory method found for class org.apache.logging.log4j.core.appender.RollingFileAppender java.lang.IllegalStateException: No factory method found for class org.apache.logging.log4j.core.appender.RollingFileAppender
	at org.apache.logging.log4j.core.config.plugins.util.PluginBuilder.findFactoryMethod(PluginBuilder.java:260)
	at org.apache.logging.log4j.core.config.plugins.util.PluginBuilder.build(PluginBuilder.java:136)
	at org.apache.logging.log4j.core.config.AbstractConfiguration.createPluginObject(AbstractConfiguration.java:1138)
	at org.apache.logging.log4j.core.config.AbstractConfiguration.createConfiguration(AbstractConfiguration.java:1063)
	at org.apache.logging.log4j.core.appender.routing.RoutingAppender.createAppender(RoutingAppender.java:310)
	at org.apache.logging.log4j.core.appender.routing.RoutingAppender.getControl(RoutingAppender.java:282)
	at org.apache.logging.log4j.core.appender.routing.RoutingAppender.append(RoutingAppender.java:240)
	at org.apache.logging.log4j.core.config.AppenderControl.tryCallAppender(AppenderControl.java:161)
	at org.apache.logging.log4j.core.config.AppenderControl.callAppender0(AppenderControl.java:134)
	at org.apache.logging.log4j.core.config.AppenderControl.callAppenderPreventRecursion(AppenderControl.java:125)
	at org.apache.logging.log4j.core.config.AppenderControl.callAppender(AppenderControl.java:89)
	at org.apache.logging.log4j.core.config.LoggerConfig.callAppenders(LoggerConfig.java:683)
	at org.apache.logging.log4j.core.config.LoggerConfig.processLogEvent(LoggerConfig.java:641)
	at org.apache.logging.log4j.core.config.LoggerConfig.log(LoggerConfig.java:624)
	at org.apache.logging.log4j.core.config.LoggerConfig.log(LoggerConfig.java:560)
	at org.apache.logging.log4j.core.config.AwaitCompletionReliabilityStrategy.log(AwaitCompletionReliabilityStrategy.java:82)
	at org.apache.logging.log4j.core.Logger.log(Logger.java:162)
	at org.apache.logging.log4j.spi.AbstractLogger.logMessage(AbstractLogger.java:2106)
	at org.apache.logging.log4j.internal.DefaultLogBuilder.logMessage(DefaultLogBuilder.java:241)
	at org.apache.logging.log4j.internal.DefaultLogBuilder.log(DefaultLogBuilder.java:162)
	at org.apache.xmlbeans.impl.schema.SchemaTypeSystemImpl.resolveHandle(SchemaTypeSystemImpl.java:935)
	at org.apache.xmlbeans.SchemaComponent$Ref.getComponent(SchemaComponent.java:111)
	at org.apache.xmlbeans.SchemaType$Ref.get(SchemaType.java:1072)
	at org.apache.xmlbeans.impl.schema.SchemaPropertyImpl.getType(SchemaPropertyImpl.java:85)
	at org.apache.xmlbeans.impl.schema.SchemaTypeImpl.createElementType(SchemaTypeImpl.java:990)
	at org.apache.xmlbeans.impl.values.XmlObjectBase.create_element_user(XmlObjectBase.java:879)
	at org.apache.xmlbeans.impl.store.Xobj.getUser(Xobj.java:1597)
	at org.apache.xmlbeans.impl.store.Xobj.find_all_element_users(Xobj.java:1990)
	at org.apache.xmlbeans.impl.values.XmlObjectBase.getBaseArray(XmlObjectBase.java:3104)
	at org.apache.xmlbeans.impl.values.XmlObjectBase.getXmlObjectArray(XmlObjectBase.java:3203)
	at org.openxmlformats.schemas.spreadsheetml.x2006.main.impl.CTSstImpl.getSiArray(CTSstImpl.java:56)
	at org.apache.poi.xssf.model.SharedStringsTable.readFrom(SharedStringsTable.java:130)
	at org.apache.poi.xssf.model.SharedStringsTable.<init>(SharedStringsTable.java:112)
	at org.apache.poi.ooxml.POIXMLFactory.createDocumentPart(POIXMLFactory.java:61)
	at org.apache.poi.ooxml.POIXMLDocumentPart.read(POIXMLDocumentPart.java:661)
	at org.apache.poi.ooxml.POIXMLDocument.load(POIXMLDocument.java:165)
	at org.apache.poi.xssf.usermodel.XSSFWorkbook.<init>(XSSFWorkbook.java:260)
	at org.apache.poi.xssf.usermodel.XSSFWorkbook.<init>(XSSFWorkbook.java:290)
	at org.apache.poi.xssf.usermodel.XSSFWorkbook.<init>(XSSFWorkbook.java:286)
	at externalResources.ExcelDataRead.<init>(ExcelDataRead.java:22)
	at listeners.AnnotationsTransformer.toBeExecuted(AnnotationsTransformer.java:36)
	at listeners.AnnotationsTransformer.transform(AnnotationsTransformer.java:24)
	at org.testng.internal.annotations.JDK15AnnotationFinder.transform(JDK15AnnotationFinder.java:172)
	at org.testng.internal.annotations.JDK15AnnotationFinder.lambda$findAnnotation$0(JDK15AnnotationFinder.java:279)
	at java.base/java.util.concurrent.ConcurrentHashMap.computeIfAbsent(ConcurrentHashMap.java:1705)
	at org.testng.internal.annotations.JDK15AnnotationFinder.findAnnotation(JDK15AnnotationFinder.java:275)
	at org.testng.internal.annotations.JDK15AnnotationFinder.findAnnotation(JDK15AnnotationFinder.java:113)
	at org.testng.internal.TestNGClassFinder.isTestNGClass(TestNGClassFinder.java:275)
	at org.testng.internal.TestNGClassFinder.isNotTestNGClass(TestNGClassFinder.java:260)
	at org.testng.internal.TestNGClassFinder.processClass(TestNGClassFinder.java:94)
	at org.testng.internal.TestNGClassFinder.<init>(TestNGClassFinder.java:67)
	at org.testng.TestRunner.initMethods(TestRunner.java:442)
	at org.testng.TestRunner.init(TestRunner.java:336)
	at org.testng.TestRunner.init(TestRunner.java:289)
	at org.testng.TestRunner.<init>(TestRunner.java:179)
	at org.testng.SuiteRunner$DefaultTestRunnerFactory.newTestRunner(SuiteRunner.java:643)
	at org.testng.SuiteRunner.init(SuiteRunner.java:225)
	at org.testng.SuiteRunner.<init>(SuiteRunner.java:115)
	at org.testng.TestNG.createSuiteRunner(TestNG.java:1349)
	at org.testng.TestNG.createSuiteRunners(TestNG.java:1325)
	at org.testng.TestNG.runSuitesLocally(TestNG.java:1167)
	at org.testng.TestNG.runSuites(TestNG.java:1099)
	at org.testng.TestNG.run(TestNG.java:1067)
	at org.apache.maven.surefire.testng.TestNGExecutor.run(TestNGExecutor.java:324)
	at org.apache.maven.surefire.testng.TestNGXmlTestSuite.execute(TestNGXmlTestSuite.java:74)
	at org.apache.maven.surefire.testng.TestNGProvider.invoke(TestNGProvider.java:123)
	at org.apache.maven.surefire.booter.ForkedBooter.runSuitesInProcess(ForkedBooter.java:456)
	at org.apache.maven.surefire.booter.ForkedBooter.execute(ForkedBooter.java:169)
	at org.apache.maven.surefire.booter.ForkedBooter.run(ForkedBooter.java:595)
	at org.apache.maven.surefire.booter.ForkedBooter.main(ForkedBooter.java:581)

2023-02-13 11:57:15,880 main ERROR Unable to create file ./results/logs/${ctx:threadName}.log java.io.IOException: The filename, directory name, or volume label syntax is incorrect
	at java.base/java.io.WinNTFileSystem.canonicalize0(Native Method)
	at java.base/java.io.WinNTFileSystem.canonicalize(WinNTFileSystem.java:483)
	at java.base/java.io.File.getCanonicalPath(File.java:626)
	at java.base/java.io.File.getCanonicalFile(File.java:651)
	at org.apache.logging.log4j.core.util.FileUtils.makeParentDirs(FileUtils.java:139)
	at org.apache.logging.log4j.core.appender.rolling.RollingFileManager$RollingFileManagerFactory.createManager(RollingFileManager.java:734)
	at org.apache.logging.log4j.core.appender.rolling.RollingFileManager$RollingFileManagerFactory.createManager(RollingFileManager.java:718)
	at org.apache.logging.log4j.core.appender.AbstractManager.getManager(AbstractManager.java:144)
	at org.apache.logging.log4j.core.appender.OutputStreamManager.getManager(OutputStreamManager.java:100)
	at org.apache.logging.log4j.core.appender.rolling.RollingFileManager.getFileManager(RollingFileManager.java:217)
	at org.apache.logging.log4j.core.appender.RollingFileAppender$Builder.build(RollingFileAppender.java:135)
	at org.apache.logging.log4j.core.appender.RollingFileAppender$Builder.build(RollingFileAppender.java:62)
	at org.apache.logging.log4j.core.config.plugins.util.PluginBuilder.build(PluginBuilder.java:124)
	at org.apache.logging.log4j.core.config.AbstractConfiguration.createPluginObject(AbstractConfiguration.java:1138)
	at org.apache.logging.log4j.core.config.AbstractConfiguration.createConfiguration(AbstractConfiguration.java:1063)
	at org.apache.logging.log4j.core.appender.routing.RoutingAppender.createAppender(RoutingAppender.java:310)
	at org.apache.logging.log4j.core.appender.routing.RoutingAppender.getControl(RoutingAppender.java:282)
	at org.apache.logging.log4j.core.appender.routing.RoutingAppender.append(RoutingAppender.java:240)
	at org.apache.logging.log4j.core.config.AppenderControl.tryCallAppender(AppenderControl.java:161)
	at org.apache.logging.log4j.core.config.AppenderControl.callAppender0(AppenderControl.java:134)
	at org.apache.logging.log4j.core.config.AppenderControl.callAppenderPreventRecursion(AppenderControl.java:125)
	at org.apache.logging.log4j.core.config.AppenderControl.callAppender(AppenderControl.java:89)
	at org.apache.logging.log4j.core.config.LoggerConfig.callAppenders(LoggerConfig.java:683)
	at org.apache.logging.log4j.core.config.LoggerConfig.processLogEvent(LoggerConfig.java:641)
	at org.apache.logging.log4j.core.config.LoggerConfig.log(LoggerConfig.java:624)
	at org.apache.logging.log4j.core.config.LoggerConfig.log(LoggerConfig.java:560)
	at org.apache.logging.log4j.core.config.AwaitCompletionReliabilityStrategy.log(AwaitCompletionReliabilityStrategy.java:82)
	at org.apache.logging.log4j.core.Logger.log(Logger.java:162)
	at org.apache.logging.log4j.spi.AbstractLogger.logMessage(AbstractLogger.java:2106)
	at org.apache.logging.log4j.internal.DefaultLogBuilder.logMessage(DefaultLogBuilder.java:241)
	at org.apache.logging.log4j.internal.DefaultLogBuilder.log(DefaultLogBuilder.java:162)
	at org.apache.poi.ooxml.POIXMLFactory.createDocumentPart(POIXMLFactory.java:65)
	at org.apache.poi.ooxml.POIXMLDocumentPart.read(POIXMLDocumentPart.java:661)
	at org.apache.poi.ooxml.POIXMLDocumentPart.read(POIXMLDocumentPart.java:678)
	at org.apache.poi.ooxml.POIXMLDocument.load(POIXMLDocument.java:165)
	at org.apache.poi.xssf.usermodel.XSSFWorkbook.<init>(XSSFWorkbook.java:260)
	at org.apache.poi.xssf.usermodel.XSSFWorkbook.<init>(XSSFWorkbook.java:290)
	at org.apache.poi.xssf.usermodel.XSSFWorkbook.<init>(XSSFWorkbook.java:286)
	at externalResources.ExcelDataRead.<init>(ExcelDataRead.java:22)
	at listeners.AnnotationsTransformer.toBeExecuted(AnnotationsTransformer.java:36)
	at listeners.AnnotationsTransformer.transform(AnnotationsTransformer.java:24)
	at org.testng.internal.annotations.JDK15AnnotationFinder.transform(JDK15AnnotationFinder.java:172)
	at org.testng.internal.annotations.JDK15AnnotationFinder.lambda$findAnnotation$0(JDK15AnnotationFinder.java:279)
	at java.base/java.util.concurrent.ConcurrentHashMap.computeIfAbsent(ConcurrentHashMap.java:1705)
	at org.testng.internal.annotations.JDK15AnnotationFinder.findAnnotation(JDK15AnnotationFinder.java:275)
	at org.testng.internal.annotations.JDK15AnnotationFinder.findAnnotation(JDK15AnnotationFinder.java:113)
	at org.testng.internal.TestNGClassFinder.isTestNGClass(TestNGClassFinder.java:275)
	at org.testng.internal.TestNGClassFinder.isNotTestNGClass(TestNGClassFinder.java:260)
	at org.testng.internal.TestNGClassFinder.processClass(TestNGClassFinder.java:94)
	at org.testng.internal.TestNGClassFinder.<init>(TestNGClassFinder.java:67)
	at org.testng.TestRunner.initMethods(TestRunner.java:442)
	at org.testng.TestRunner.init(TestRunner.java:336)
	at org.testng.TestRunner.init(TestRunner.java:289)
	at org.testng.TestRunner.<init>(TestRunner.java:179)
	at org.testng.SuiteRunner$DefaultTestRunnerFactory.newTestRunner(SuiteRunner.java:643)
	at org.testng.SuiteRunner.init(SuiteRunner.java:225)
	at org.testng.SuiteRunner.<init>(SuiteRunner.java:115)
	at org.testng.TestNG.createSuiteRunner(TestNG.java:1349)
	at org.testng.TestNG.createSuiteRunners(TestNG.java:1325)
	at org.testng.TestNG.runSuitesLocally(TestNG.java:1167)
	at org.testng.TestNG.runSuites(TestNG.java:1099)
	at org.testng.TestNG.run(TestNG.java:1067)
	at org.apache.maven.surefire.testng.TestNGExecutor.run(TestNGExecutor.java:324)
	at org.apache.maven.surefire.testng.TestNGXmlTestSuite.execute(TestNGXmlTestSuite.java:74)
	at org.apache.maven.surefire.testng.TestNGProvider.invoke(TestNGProvider.java:123)
	at org.apache.maven.surefire.booter.ForkedBooter.runSuitesInProcess(ForkedBooter.java:456)
	at org.apache.maven.surefire.booter.ForkedBooter.execute(ForkedBooter.java:169)
	at org.apache.maven.surefire.booter.ForkedBooter.run(ForkedBooter.java:595)
	at org.apache.maven.surefire.booter.ForkedBooter.main(ForkedBooter.java:581)

2023-02-13 11:57:15,881 main ERROR Could not create plugin of type class org.apache.logging.log4j.core.appender.RollingFileAppender for element RollingFile: java.lang.IllegalStateException: ManagerFactory [org.apache.logging.log4j.core.appender.rolling.RollingFileManager$RollingFileManagerFactory@4e6d7365] unable to create manager for [./results/logs/${ctx:threadName}.log] with data [org.apache.logging.log4j.core.appender.rolling.RollingFileManager$FactoryData@309028af[pattern=./results/logs/${ctx:threadName}-%d{yyyy-MM-dd}.log, append=true, bufferedIO=true, bufferSize=8192, policy=SizeBasedTriggeringPolicy(size=512000), strategy=DefaultRolloverStrategy(min=1, max=7, useMax=true), advertiseURI=null, layout=%d{HH:mm:ss.SSS} [%t] %-5level %logger{36} - %msg%n, filePermissions=null, fileOwner=null]] java.lang.IllegalStateException: ManagerFactory [org.apache.logging.log4j.core.appender.rolling.RollingFileManager$RollingFileManagerFactory@4e6d7365] unable to create manager for [./results/logs/${ctx:threadName}.log] with data [org.apache.logging.log4j.core.appender.rolling.RollingFileManager$FactoryData@309028af[pattern=./results/logs/${ctx:threadName}-%d{yyyy-MM-dd}.log, append=true, bufferedIO=true, bufferSize=8192, policy=SizeBasedTriggeringPolicy(size=512000), strategy=DefaultRolloverStrategy(min=1, max=7, useMax=true), advertiseURI=null, layout=%d{HH:mm:ss.SSS} [%t] %-5level %logger{36} - %msg%n, filePermissions=null, fileOwner=null]]
	at org.apache.logging.log4j.core.appender.AbstractManager.getManager(AbstractManager.java:146)
	at org.apache.logging.log4j.core.appender.OutputStreamManager.getManager(OutputStreamManager.java:100)
	at org.apache.logging.log4j.core.appender.rolling.RollingFileManager.getFileManager(RollingFileManager.java:217)
	at org.apache.logging.log4j.core.appender.RollingFileAppender$Builder.build(RollingFileAppender.java:135)
	at org.apache.logging.log4j.core.appender.RollingFileAppender$Builder.build(RollingFileAppender.java:62)
	at org.apache.logging.log4j.core.config.plugins.util.PluginBuilder.build(PluginBuilder.java:124)
	at org.apache.logging.log4j.core.config.AbstractConfiguration.createPluginObject(AbstractConfiguration.java:1138)
	at org.apache.logging.log4j.core.config.AbstractConfiguration.createConfiguration(AbstractConfiguration.java:1063)
	at org.apache.logging.log4j.core.appender.routing.RoutingAppender.createAppender(RoutingAppender.java:310)
	at org.apache.logging.log4j.core.appender.routing.RoutingAppender.getControl(RoutingAppender.java:282)
	at org.apache.logging.log4j.core.appender.routing.RoutingAppender.append(RoutingAppender.java:240)
	at org.apache.logging.log4j.core.config.AppenderControl.tryCallAppender(AppenderControl.java:161)
	at org.apache.logging.log4j.core.config.AppenderControl.callAppender0(AppenderControl.java:134)
	at org.apache.logging.log4j.core.config.AppenderControl.callAppenderPreventRecursion(AppenderControl.java:125)
	at org.apache.logging.log4j.core.config.AppenderControl.callAppender(AppenderControl.java:89)
	at org.apache.logging.log4j.core.config.LoggerConfig.callAppenders(LoggerConfig.java:683)
	at org.apache.logging.log4j.core.config.LoggerConfig.processLogEvent(LoggerConfig.java:641)
	at org.apache.logging.log4j.core.config.LoggerConfig.log(LoggerConfig.java:624)
	at org.apache.logging.log4j.core.config.LoggerConfig.log(LoggerConfig.java:560)
	at org.apache.logging.log4j.core.config.AwaitCompletionReliabilityStrategy.log(AwaitCompletionReliabilityStrategy.java:82)
	at org.apache.logging.log4j.core.Logger.log(Logger.java:162)
	at org.apache.logging.log4j.spi.AbstractLogger.logMessage(AbstractLogger.java:2106)
	at org.apache.logging.log4j.internal.DefaultLogBuilder.logMessage(DefaultLogBuilder.java:241)
	at org.apache.logging.log4j.internal.DefaultLogBuilder.log(DefaultLogBuilder.java:162)
	at org.apache.poi.ooxml.POIXMLFactory.createDocumentPart(POIXMLFactory.java:65)
	at org.apache.poi.ooxml.POIXMLDocumentPart.read(POIXMLDocumentPart.java:661)
	at org.apache.poi.ooxml.POIXMLDocumentPart.read(POIXMLDocumentPart.java:678)
	at org.apache.poi.ooxml.POIXMLDocument.load(POIXMLDocument.java:165)
	at org.apache.poi.xssf.usermodel.XSSFWorkbook.<init>(XSSFWorkbook.java:260)
	at org.apache.poi.xssf.usermodel.XSSFWorkbook.<init>(XSSFWorkbook.java:290)
	at org.apache.poi.xssf.usermodel.XSSFWorkbook.<init>(XSSFWorkbook.java:286)
	at externalResources.ExcelDataRead.<init>(ExcelDataRead.java:22)
	at listeners.AnnotationsTransformer.toBeExecuted(AnnotationsTransformer.java:36)
	at listeners.AnnotationsTransformer.transform(AnnotationsTransformer.java:24)
	at org.testng.internal.annotations.JDK15AnnotationFinder.transform(JDK15AnnotationFinder.java:172)
	at org.testng.internal.annotations.JDK15AnnotationFinder.lambda$findAnnotation$0(JDK15AnnotationFinder.java:279)
	at java.base/java.util.concurrent.ConcurrentHashMap.computeIfAbsent(ConcurrentHashMap.java:1705)
	at org.testng.internal.annotations.JDK15AnnotationFinder.findAnnotation(JDK15AnnotationFinder.java:275)
	at org.testng.internal.annotations.JDK15AnnotationFinder.findAnnotation(JDK15AnnotationFinder.java:113)
	at org.testng.internal.TestNGClassFinder.isTestNGClass(TestNGClassFinder.java:275)
	at org.testng.internal.TestNGClassFinder.isNotTestNGClass(TestNGClassFinder.java:260)
	at org.testng.internal.TestNGClassFinder.processClass(TestNGClassFinder.java:94)
	at org.testng.internal.TestNGClassFinder.<init>(TestNGClassFinder.java:67)
	at org.testng.TestRunner.initMethods(TestRunner.java:442)
	at org.testng.TestRunner.init(TestRunner.java:336)
	at org.testng.TestRunner.init(TestRunner.java:289)
	at org.testng.TestRunner.<init>(TestRunner.java:179)
	at org.testng.SuiteRunner$DefaultTestRunnerFactory.newTestRunner(SuiteRunner.java:643)
	at org.testng.SuiteRunner.init(SuiteRunner.java:225)
	at org.testng.SuiteRunner.<init>(SuiteRunner.java:115)
	at org.testng.TestNG.createSuiteRunner(TestNG.java:1349)
	at org.testng.TestNG.createSuiteRunners(TestNG.java:1325)
	at org.testng.TestNG.runSuitesLocally(TestNG.java:1167)
	at org.testng.TestNG.runSuites(TestNG.java:1099)
	at org.testng.TestNG.run(TestNG.java:1067)
	at org.apache.maven.surefire.testng.TestNGExecutor.run(TestNGExecutor.java:324)
	at org.apache.maven.surefire.testng.TestNGXmlTestSuite.execute(TestNGXmlTestSuite.java:74)
	at org.apache.maven.surefire.testng.TestNGProvider.invoke(TestNGProvider.java:123)
	at org.apache.maven.surefire.booter.ForkedBooter.runSuitesInProcess(ForkedBooter.java:456)
	at org.apache.maven.surefire.booter.ForkedBooter.execute(ForkedBooter.java:169)
	at org.apache.maven.surefire.booter.ForkedBooter.run(ForkedBooter.java:595)
	at org.apache.maven.surefire.booter.ForkedBooter.main(ForkedBooter.java:581)

2023-02-13 11:57:15,881 main ERROR Unable to invoke factory method in class org.apache.logging.log4j.core.appender.RollingFileAppender for element RollingFile: java.lang.IllegalStateException: No factory method found for class org.apache.logging.log4j.core.appender.RollingFileAppender java.lang.IllegalStateException: No factory method found for class org.apache.logging.log4j.core.appender.RollingFileAppender
	at org.apache.logging.log4j.core.config.plugins.util.PluginBuilder.findFactoryMethod(PluginBuilder.java:260)
	at org.apache.logging.log4j.core.config.plugins.util.PluginBuilder.build(PluginBuilder.java:136)
	at org.apache.logging.log4j.core.config.AbstractConfiguration.createPluginObject(AbstractConfiguration.java:1138)
	at org.apache.logging.log4j.core.config.AbstractConfiguration.createConfiguration(AbstractConfiguration.java:1063)
	at org.apache.logging.log4j.core.appender.routing.RoutingAppender.createAppender(RoutingAppender.java:310)
	at org.apache.logging.log4j.core.appender.routing.RoutingAppender.getControl(RoutingAppender.java:282)
	at org.apache.logging.log4j.core.appender.routing.RoutingAppender.append(RoutingAppender.java:240)
	at org.apache.logging.log4j.core.config.AppenderControl.tryCallAppender(AppenderControl.java:161)
	at org.apache.logging.log4j.core.config.AppenderControl.callAppender0(AppenderControl.java:134)
	at org.apache.logging.log4j.core.config.AppenderControl.callAppenderPreventRecursion(AppenderControl.java:125)
	at org.apache.logging.log4j.core.config.AppenderControl.callAppender(AppenderControl.java:89)
	at org.apache.logging.log4j.core.config.LoggerConfig.callAppenders(LoggerConfig.java:683)
	at org.apache.logging.log4j.core.config.LoggerConfig.processLogEvent(LoggerConfig.java:641)
	at org.apache.logging.log4j.core.config.LoggerConfig.log(LoggerConfig.java:624)
	at org.apache.logging.log4j.core.config.LoggerConfig.log(LoggerConfig.java:560)
	at org.apache.logging.log4j.core.config.AwaitCompletionReliabilityStrategy.log(AwaitCompletionReliabilityStrategy.java:82)
	at org.apache.logging.log4j.core.Logger.log(Logger.java:162)
	at org.apache.logging.log4j.spi.AbstractLogger.logMessage(AbstractLogger.java:2106)
	at org.apache.logging.log4j.internal.DefaultLogBuilder.logMessage(DefaultLogBuilder.java:241)
	at org.apache.logging.log4j.internal.DefaultLogBuilder.log(DefaultLogBuilder.java:162)
	at org.apache.poi.ooxml.POIXMLFactory.createDocumentPart(POIXMLFactory.java:65)
	at org.apache.poi.ooxml.POIXMLDocumentPart.read(POIXMLDocumentPart.java:661)
	at org.apache.poi.ooxml.POIXMLDocumentPart.read(POIXMLDocumentPart.java:678)
	at org.apache.poi.ooxml.POIXMLDocument.load(POIXMLDocument.java:165)
	at org.apache.poi.xssf.usermodel.XSSFWorkbook.<init>(XSSFWorkbook.java:260)
	at org.apache.poi.xssf.usermodel.XSSFWorkbook.<init>(XSSFWorkbook.java:290)
	at org.apache.poi.xssf.usermodel.XSSFWorkbook.<init>(XSSFWorkbook.java:286)
	at externalResources.ExcelDataRead.<init>(ExcelDataRead.java:22)
	at listeners.AnnotationsTransformer.toBeExecuted(AnnotationsTransformer.java:36)
	at listeners.AnnotationsTransformer.transform(AnnotationsTransformer.java:24)
	at org.testng.internal.annotations.JDK15AnnotationFinder.transform(JDK15AnnotationFinder.java:172)
	at org.testng.internal.annotations.JDK15AnnotationFinder.lambda$findAnnotation$0(JDK15AnnotationFinder.java:279)
	at java.base/java.util.concurrent.ConcurrentHashMap.computeIfAbsent(ConcurrentHashMap.java:1705)
	at org.testng.internal.annotations.JDK15AnnotationFinder.findAnnotation(JDK15AnnotationFinder.java:275)
	at org.testng.internal.annotations.JDK15AnnotationFinder.findAnnotation(JDK15AnnotationFinder.java:113)
	at org.testng.internal.TestNGClassFinder.isTestNGClass(TestNGClassFinder.java:275)
	at org.testng.internal.TestNGClassFinder.isNotTestNGClass(TestNGClassFinder.java:260)
	at org.testng.internal.TestNGClassFinder.processClass(TestNGClassFinder.java:94)
	at org.testng.internal.TestNGClassFinder.<init>(TestNGClassFinder.java:67)
	at org.testng.TestRunner.initMethods(TestRunner.java:442)
	at org.testng.TestRunner.init(TestRunner.java:336)
	at org.testng.TestRunner.init(TestRunner.java:289)
	at org.testng.TestRunner.<init>(TestRunner.java:179)
	at org.testng.SuiteRunner$DefaultTestRunnerFactory.newTestRunner(SuiteRunner.java:643)
	at org.testng.SuiteRunner.init(SuiteRunner.java:225)
	at org.testng.SuiteRunner.<init>(SuiteRunner.java:115)
	at org.testng.TestNG.createSuiteRunner(TestNG.java:1349)
	at org.testng.TestNG.createSuiteRunners(TestNG.java:1325)
	at org.testng.TestNG.runSuitesLocally(TestNG.java:1167)
	at org.testng.TestNG.runSuites(TestNG.java:1099)
	at org.testng.TestNG.run(TestNG.java:1067)
	at org.apache.maven.surefire.testng.TestNGExecutor.run(TestNGExecutor.java:324)
	at org.apache.maven.surefire.testng.TestNGXmlTestSuite.execute(TestNGXmlTestSuite.java:74)
	at org.apache.maven.surefire.testng.TestNGProvider.invoke(TestNGProvider.java:123)
	at org.apache.maven.surefire.booter.ForkedBooter.runSuitesInProcess(ForkedBooter.java:456)
	at org.apache.maven.surefire.booter.ForkedBooter.execute(ForkedBooter.java:169)
	at org.apache.maven.surefire.booter.ForkedBooter.run(ForkedBooter.java:595)
	at org.apache.maven.surefire.booter.ForkedBooter.main(ForkedBooter.java:581)

2023-02-13 11:57:15,883 main ERROR Unable to create file ./results/logs/${ctx:threadName}.log java.io.IOException: The filename, directory name, or volume label syntax is incorrect
	at java.base/java.io.WinNTFileSystem.canonicalize0(Native Method)
	at java.base/java.io.WinNTFileSystem.canonicalize(WinNTFileSystem.java:483)
	at java.base/java.io.File.getCanonicalPath(File.java:626)
	at java.base/java.io.File.getCanonicalFile(File.java:651)
	at org.apache.logging.log4j.core.util.FileUtils.makeParentDirs(FileUtils.java:139)
	at org.apache.logging.log4j.core.appender.rolling.RollingFileManager$RollingFileManagerFactory.createManager(RollingFileManager.java:734)
	at org.apache.logging.log4j.core.appender.rolling.RollingFileManager$RollingFileManagerFactory.createManager(RollingFileManager.java:718)
	at org.apache.logging.log4j.core.appender.AbstractManager.getManager(AbstractManager.java:144)
	at org.apache.logging.log4j.core.appender.OutputStreamManager.getManager(OutputStreamManager.java:100)
	at org.apache.logging.log4j.core.appender.rolling.RollingFileManager.getFileManager(RollingFileManager.java:217)
	at org.apache.logging.log4j.core.appender.RollingFileAppender$Builder.build(RollingFileAppender.java:135)
	at org.apache.logging.log4j.core.appender.RollingFileAppender$Builder.build(RollingFileAppender.java:62)
	at org.apache.logging.log4j.core.config.plugins.util.PluginBuilder.build(PluginBuilder.java:124)
	at org.apache.logging.log4j.core.config.AbstractConfiguration.createPluginObject(AbstractConfiguration.java:1138)
	at org.apache.logging.log4j.core.config.AbstractConfiguration.createConfiguration(AbstractConfiguration.java:1063)
	at org.apache.logging.log4j.core.appender.routing.RoutingAppender.createAppender(RoutingAppender.java:310)
	at org.apache.logging.log4j.core.appender.routing.RoutingAppender.getControl(RoutingAppender.java:282)
	at org.apache.logging.log4j.core.appender.routing.RoutingAppender.append(RoutingAppender.java:240)
	at org.apache.logging.log4j.core.config.AppenderControl.tryCallAppender(AppenderControl.java:161)
	at org.apache.logging.log4j.core.config.AppenderControl.callAppender0(AppenderControl.java:134)
	at org.apache.logging.log4j.core.config.AppenderControl.callAppenderPreventRecursion(AppenderControl.java:125)
	at org.apache.logging.log4j.core.config.AppenderControl.callAppender(AppenderControl.java:89)
	at org.apache.logging.log4j.core.config.LoggerConfig.callAppenders(LoggerConfig.java:683)
	at org.apache.logging.log4j.core.config.LoggerConfig.processLogEvent(LoggerConfig.java:641)
	at org.apache.logging.log4j.core.config.LoggerConfig.log(LoggerConfig.java:624)
	at org.apache.logging.log4j.core.config.LoggerConfig.log(LoggerConfig.java:560)
	at org.apache.logging.log4j.core.config.AwaitCompletionReliabilityStrategy.log(AwaitCompletionReliabilityStrategy.java:82)
	at org.apache.logging.log4j.core.Logger.log(Logger.java:162)
	at org.apache.logging.log4j.spi.AbstractLogger.logMessage(AbstractLogger.java:2106)
	at org.apache.logging.log4j.internal.DefaultLogBuilder.logMessage(DefaultLogBuilder.java:241)
	at org.apache.logging.log4j.internal.DefaultLogBuilder.log(DefaultLogBuilder.java:162)
	at org.apache.poi.ooxml.POIXMLFactory.createDocumentPart(POIXMLFactory.java:65)
	at org.apache.poi.ooxml.POIXMLDocumentPart.read(POIXMLDocumentPart.java:661)
	at org.apache.poi.ooxml.POIXMLDocumentPart.read(POIXMLDocumentPart.java:678)
	at org.apache.poi.ooxml.POIXMLDocument.load(POIXMLDocument.java:165)
	at org.apache.poi.xssf.usermodel.XSSFWorkbook.<init>(XSSFWorkbook.java:260)
	at org.apache.poi.xssf.usermodel.XSSFWorkbook.<init>(XSSFWorkbook.java:290)
	at org.apache.poi.xssf.usermodel.XSSFWorkbook.<init>(XSSFWorkbook.java:286)
	at externalResources.ExcelDataRead.<init>(ExcelDataRead.java:22)
	at listeners.AnnotationsTransformer.toBeExecuted(AnnotationsTransformer.java:36)
	at listeners.AnnotationsTransformer.transform(AnnotationsTransformer.java:24)
	at org.testng.internal.annotations.JDK15AnnotationFinder.transform(JDK15AnnotationFinder.java:172)
	at org.testng.internal.annotations.JDK15AnnotationFinder.lambda$findAnnotation$0(JDK15AnnotationFinder.java:279)
	at java.base/java.util.concurrent.ConcurrentHashMap.computeIfAbsent(ConcurrentHashMap.java:1705)
	at org.testng.internal.annotations.JDK15AnnotationFinder.findAnnotation(JDK15AnnotationFinder.java:275)
	at org.testng.internal.annotations.JDK15AnnotationFinder.findAnnotation(JDK15AnnotationFinder.java:113)
	at org.testng.internal.TestNGClassFinder.isTestNGClass(TestNGClassFinder.java:275)
	at org.testng.internal.TestNGClassFinder.isNotTestNGClass(TestNGClassFinder.java:260)
	at org.testng.internal.TestNGClassFinder.processClass(TestNGClassFinder.java:94)
	at org.testng.internal.TestNGClassFinder.<init>(TestNGClassFinder.java:67)
	at org.testng.TestRunner.initMethods(TestRunner.java:442)
	at org.testng.TestRunner.init(TestRunner.java:336)
	at org.testng.TestRunner.init(TestRunner.java:289)
	at org.testng.TestRunner.<init>(TestRunner.java:179)
	at org.testng.SuiteRunner$DefaultTestRunnerFactory.newTestRunner(SuiteRunner.java:643)
	at org.testng.SuiteRunner.init(SuiteRunner.java:225)
	at org.testng.SuiteRunner.<init>(SuiteRunner.java:115)
	at org.testng.TestNG.createSuiteRunner(TestNG.java:1349)
	at org.testng.TestNG.createSuiteRunners(TestNG.java:1325)
	at org.testng.TestNG.runSuitesLocally(TestNG.java:1167)
	at org.testng.TestNG.runSuites(TestNG.java:1099)
	at org.testng.TestNG.run(TestNG.java:1067)
	at org.apache.maven.surefire.testng.TestNGExecutor.run(TestNGExecutor.java:324)
	at org.apache.maven.surefire.testng.TestNGXmlTestSuite.execute(TestNGXmlTestSuite.java:74)
	at org.apache.maven.surefire.testng.TestNGProvider.invoke(TestNGProvider.java:123)
	at org.apache.maven.surefire.booter.ForkedBooter.runSuitesInProcess(ForkedBooter.java:456)
	at org.apache.maven.surefire.booter.ForkedBooter.execute(ForkedBooter.java:169)
	at org.apache.maven.surefire.booter.ForkedBooter.run(ForkedBooter.java:595)
	at org.apache.maven.surefire.booter.ForkedBooter.main(ForkedBooter.java:581)

2023-02-13 11:57:15,883 main ERROR Could not create plugin of type class org.apache.logging.log4j.core.appender.RollingFileAppender for element RollingFile: java.lang.IllegalStateException: ManagerFactory [org.apache.logging.log4j.core.appender.rolling.RollingFileManager$RollingFileManagerFactory@4e6d7365] unable to create manager for [./results/logs/${ctx:threadName}.log] with data [org.apache.logging.log4j.core.appender.rolling.RollingFileManager$FactoryData@51351f28[pattern=./results/logs/${ctx:threadName}-%d{yyyy-MM-dd}.log, append=true, bufferedIO=true, bufferSize=8192, policy=SizeBasedTriggeringPolicy(size=512000), strategy=DefaultRolloverStrategy(min=1, max=7, useMax=true), advertiseURI=null, layout=%d{HH:mm:ss.SSS} [%t] %-5level %logger{36} - %msg%n, filePermissions=null, fileOwner=null]] java.lang.IllegalStateException: ManagerFactory [org.apache.logging.log4j.core.appender.rolling.RollingFileManager$RollingFileManagerFactory@4e6d7365] unable to create manager for [./results/logs/${ctx:threadName}.log] with data [org.apache.logging.log4j.core.appender.rolling.RollingFileManager$FactoryData@51351f28[pattern=./results/logs/${ctx:threadName}-%d{yyyy-MM-dd}.log, append=true, bufferedIO=true, bufferSize=8192, policy=SizeBasedTriggeringPolicy(size=512000), strategy=DefaultRolloverStrategy(min=1, max=7, useMax=true), advertiseURI=null, layout=%d{HH:mm:ss.SSS} [%t] %-5level %logger{36} - %msg%n, filePermissions=null, fileOwner=null]]
	at org.apache.logging.log4j.core.appender.AbstractManager.getManager(AbstractManager.java:146)
	at org.apache.logging.log4j.core.appender.OutputStreamManager.getManager(OutputStreamManager.java:100)
	at org.apache.logging.log4j.core.appender.rolling.RollingFileManager.getFileManager(RollingFileManager.java:217)
	at org.apache.logging.log4j.core.appender.RollingFileAppender$Builder.build(RollingFileAppender.java:135)
	at org.apache.logging.log4j.core.appender.RollingFileAppender$Builder.build(RollingFileAppender.java:62)
	at org.apache.logging.log4j.core.config.plugins.util.PluginBuilder.build(PluginBuilder.java:124)
	at org.apache.logging.log4j.core.config.AbstractConfiguration.createPluginObject(AbstractConfiguration.java:1138)
	at org.apache.logging.log4j.core.config.AbstractConfiguration.createConfiguration(AbstractConfiguration.java:1063)
	at org.apache.logging.log4j.core.appender.routing.RoutingAppender.createAppender(RoutingAppender.java:310)
	at org.apache.logging.log4j.core.appender.routing.RoutingAppender.getControl(RoutingAppender.java:282)
	at org.apache.logging.log4j.core.appender.routing.RoutingAppender.append(RoutingAppender.java:240)
	at org.apache.logging.log4j.core.config.AppenderControl.tryCallAppender(AppenderControl.java:161)
	at org.apache.logging.log4j.core.config.AppenderControl.callAppender0(AppenderControl.java:134)
	at org.apache.logging.log4j.core.config.AppenderControl.callAppenderPreventRecursion(AppenderControl.java:125)
	at org.apache.logging.log4j.core.config.AppenderControl.callAppender(AppenderControl.java:89)
	at org.apache.logging.log4j.core.config.LoggerConfig.callAppenders(LoggerConfig.java:683)
	at org.apache.logging.log4j.core.config.LoggerConfig.processLogEvent(LoggerConfig.java:641)
	at org.apache.logging.log4j.core.config.LoggerConfig.log(LoggerConfig.java:624)
	at org.apache.logging.log4j.core.config.LoggerConfig.log(LoggerConfig.java:560)
	at org.apache.logging.log4j.core.config.AwaitCompletionReliabilityStrategy.log(AwaitCompletionReliabilityStrategy.java:82)
	at org.apache.logging.log4j.core.Logger.log(Logger.java:162)
	at org.apache.logging.log4j.spi.AbstractLogger.logMessage(AbstractLogger.java:2106)
	at org.apache.logging.log4j.internal.DefaultLogBuilder.logMessage(DefaultLogBuilder.java:241)
	at org.apache.logging.log4j.internal.DefaultLogBuilder.log(DefaultLogBuilder.java:162)
	at org.apache.poi.ooxml.POIXMLFactory.createDocumentPart(POIXMLFactory.java:65)
	at org.apache.poi.ooxml.POIXMLDocumentPart.read(POIXMLDocumentPart.java:661)
	at org.apache.poi.ooxml.POIXMLDocumentPart.read(POIXMLDocumentPart.java:678)
	at org.apache.poi.ooxml.POIXMLDocument.load(POIXMLDocument.java:165)
	at org.apache.poi.xssf.usermodel.XSSFWorkbook.<init>(XSSFWorkbook.java:260)
	at org.apache.poi.xssf.usermodel.XSSFWorkbook.<init>(XSSFWorkbook.java:290)
	at org.apache.poi.xssf.usermodel.XSSFWorkbook.<init>(XSSFWorkbook.java:286)
	at externalResources.ExcelDataRead.<init>(ExcelDataRead.java:22)
	at listeners.AnnotationsTransformer.toBeExecuted(AnnotationsTransformer.java:36)
	at listeners.AnnotationsTransformer.transform(AnnotationsTransformer.java:24)
	at org.testng.internal.annotations.JDK15AnnotationFinder.transform(JDK15AnnotationFinder.java:172)
	at org.testng.internal.annotations.JDK15AnnotationFinder.lambda$findAnnotation$0(JDK15AnnotationFinder.java:279)
	at java.base/java.util.concurrent.ConcurrentHashMap.computeIfAbsent(ConcurrentHashMap.java:1705)
	at org.testng.internal.annotations.JDK15AnnotationFinder.findAnnotation(JDK15AnnotationFinder.java:275)
	at org.testng.internal.annotations.JDK15AnnotationFinder.findAnnotation(JDK15AnnotationFinder.java:113)
	at org.testng.internal.TestNGClassFinder.isTestNGClass(TestNGClassFinder.java:275)
	at org.testng.internal.TestNGClassFinder.isNotTestNGClass(TestNGClassFinder.java:260)
	at org.testng.internal.TestNGClassFinder.processClass(TestNGClassFinder.java:94)
	at org.testng.internal.TestNGClassFinder.<init>(TestNGClassFinder.java:67)
	at org.testng.TestRunner.initMethods(TestRunner.java:442)
	at org.testng.TestRunner.init(TestRunner.java:336)
	at org.testng.TestRunner.init(TestRunner.java:289)
	at org.testng.TestRunner.<init>(TestRunner.java:179)
	at org.testng.SuiteRunner$DefaultTestRunnerFactory.newTestRunner(SuiteRunner.java:643)
	at org.testng.SuiteRunner.init(SuiteRunner.java:225)
	at org.testng.SuiteRunner.<init>(SuiteRunner.java:115)
	at org.testng.TestNG.createSuiteRunner(TestNG.java:1349)
	at org.testng.TestNG.createSuiteRunners(TestNG.java:1325)
	at org.testng.TestNG.runSuitesLocally(TestNG.java:1167)
	at org.testng.TestNG.runSuites(TestNG.java:1099)
	at org.testng.TestNG.run(TestNG.java:1067)
	at org.apache.maven.surefire.testng.TestNGExecutor.run(TestNGExecutor.java:324)
	at org.apache.maven.surefire.testng.TestNGXmlTestSuite.execute(TestNGXmlTestSuite.java:74)
	at org.apache.maven.surefire.testng.TestNGProvider.invoke(TestNGProvider.java:123)
	at org.apache.maven.surefire.booter.ForkedBooter.runSuitesInProcess(ForkedBooter.java:456)
	at org.apache.maven.surefire.booter.ForkedBooter.execute(ForkedBooter.java:169)
	at org.apache.maven.surefire.booter.ForkedBooter.run(ForkedBooter.java:595)
	at org.apache.maven.surefire.booter.ForkedBooter.main(ForkedBooter.java:581)

2023-02-13 11:57:15,884 main ERROR Unable to invoke factory method in class org.apache.logging.log4j.core.appender.RollingFileAppender for element RollingFile: java.lang.IllegalStateException: No factory method found for class org.apache.logging.log4j.core.appender.RollingFileAppender java.lang.IllegalStateException: No factory method found for class org.apache.logging.log4j.core.appender.RollingFileAppender
	at org.apache.logging.log4j.core.config.plugins.util.PluginBuilder.findFactoryMethod(PluginBuilder.java:260)
	at org.apache.logging.log4j.core.config.plugins.util.PluginBuilder.build(PluginBuilder.java:136)
	at org.apache.logging.log4j.core.config.AbstractConfiguration.createPluginObject(AbstractConfiguration.java:1138)
	at org.apache.logging.log4j.core.config.AbstractConfiguration.createConfiguration(AbstractConfiguration.java:1063)
	at org.apache.logging.log4j.core.appender.routing.RoutingAppender.createAppender(RoutingAppender.java:310)
	at org.apache.logging.log4j.core.appender.routing.RoutingAppender.getControl(RoutingAppender.java:282)
	at org.apache.logging.log4j.core.appender.routing.RoutingAppender.append(RoutingAppender.java:240)
	at org.apache.logging.log4j.core.config.AppenderControl.tryCallAppender(AppenderControl.java:161)
	at org.apache.logging.log4j.core.config.AppenderControl.callAppender0(AppenderControl.java:134)
	at org.apache.logging.log4j.core.config.AppenderControl.callAppenderPreventRecursion(AppenderControl.java:125)
	at org.apache.logging.log4j.core.config.AppenderControl.callAppender(AppenderControl.java:89)
	at org.apache.logging.log4j.core.config.LoggerConfig.callAppenders(LoggerConfig.java:683)
	at org.apache.logging.log4j.core.config.LoggerConfig.processLogEvent(LoggerConfig.java:641)
	at org.apache.logging.log4j.core.config.LoggerConfig.log(LoggerConfig.java:624)
	at org.apache.logging.log4j.core.config.LoggerConfig.log(LoggerConfig.java:560)
	at org.apache.logging.log4j.core.config.AwaitCompletionReliabilityStrategy.log(AwaitCompletionReliabilityStrategy.java:82)
	at org.apache.logging.log4j.core.Logger.log(Logger.java:162)
	at org.apache.logging.log4j.spi.AbstractLogger.logMessage(AbstractLogger.java:2106)
	at org.apache.logging.log4j.internal.DefaultLogBuilder.logMessage(DefaultLogBuilder.java:241)
	at org.apache.logging.log4j.internal.DefaultLogBuilder.log(DefaultLogBuilder.java:162)
	at org.apache.poi.ooxml.POIXMLFactory.createDocumentPart(POIXMLFactory.java:65)
	at org.apache.poi.ooxml.POIXMLDocumentPart.read(POIXMLDocumentPart.java:661)
	at org.apache.poi.ooxml.POIXMLDocumentPart.read(POIXMLDocumentPart.java:678)
	at org.apache.poi.ooxml.POIXMLDocument.load(POIXMLDocument.java:165)
	at org.apache.poi.xssf.usermodel.XSSFWorkbook.<init>(XSSFWorkbook.java:260)
	at org.apache.poi.xssf.usermodel.XSSFWorkbook.<init>(XSSFWorkbook.java:290)
	at org.apache.poi.xssf.usermodel.XSSFWorkbook.<init>(XSSFWorkbook.java:286)
	at externalResources.ExcelDataRead.<init>(ExcelDataRead.java:22)
	at listeners.AnnotationsTransformer.toBeExecuted(AnnotationsTransformer.java:36)
	at listeners.AnnotationsTransformer.transform(AnnotationsTransformer.java:24)
	at org.testng.internal.annotations.JDK15AnnotationFinder.transform(JDK15AnnotationFinder.java:172)
	at org.testng.internal.annotations.JDK15AnnotationFinder.lambda$findAnnotation$0(JDK15AnnotationFinder.java:279)
	at java.base/java.util.concurrent.ConcurrentHashMap.computeIfAbsent(ConcurrentHashMap.java:1705)
	at org.testng.internal.annotations.JDK15AnnotationFinder.findAnnotation(JDK15AnnotationFinder.java:275)
	at org.testng.internal.annotations.JDK15AnnotationFinder.findAnnotation(JDK15AnnotationFinder.java:113)
	at org.testng.internal.TestNGClassFinder.isTestNGClass(TestNGClassFinder.java:275)
	at org.testng.internal.TestNGClassFinder.isNotTestNGClass(TestNGClassFinder.java:260)
	at org.testng.internal.TestNGClassFinder.processClass(TestNGClassFinder.java:94)
	at org.testng.internal.TestNGClassFinder.<init>(TestNGClassFinder.java:67)
	at org.testng.TestRunner.initMethods(TestRunner.java:442)
	at org.testng.TestRunner.init(TestRunner.java:336)
	at org.testng.TestRunner.init(TestRunner.java:289)
	at org.testng.TestRunner.<init>(TestRunner.java:179)
	at org.testng.SuiteRunner$DefaultTestRunnerFactory.newTestRunner(SuiteRunner.java:643)
	at org.testng.SuiteRunner.init(SuiteRunner.java:225)
	at org.testng.SuiteRunner.<init>(SuiteRunner.java:115)
	at org.testng.TestNG.createSuiteRunner(TestNG.java:1349)
	at org.testng.TestNG.createSuiteRunners(TestNG.java:1325)
	at org.testng.TestNG.runSuitesLocally(TestNG.java:1167)
	at org.testng.TestNG.runSuites(TestNG.java:1099)
	at org.testng.TestNG.run(TestNG.java:1067)
	at org.apache.maven.surefire.testng.TestNGExecutor.run(TestNGExecutor.java:324)
	at org.apache.maven.surefire.testng.TestNGXmlTestSuite.execute(TestNGXmlTestSuite.java:74)
	at org.apache.maven.surefire.testng.TestNGProvider.invoke(TestNGProvider.java:123)
	at org.apache.maven.surefire.booter.ForkedBooter.runSuitesInProcess(ForkedBooter.java:456)
	at org.apache.maven.surefire.booter.ForkedBooter.execute(ForkedBooter.java:169)
	at org.apache.maven.surefire.booter.ForkedBooter.run(ForkedBooter.java:595)
	at org.apache.maven.surefire.booter.ForkedBooter.main(ForkedBooter.java:581)

2023-02-13 11:57:15,887 main ERROR Unable to create file ./results/logs/${ctx:threadName}.log java.io.IOException: The filename, directory name, or volume label syntax is incorrect
	at java.base/java.io.WinNTFileSystem.canonicalize0(Native Method)
	at java.base/java.io.WinNTFileSystem.canonicalize(WinNTFileSystem.java:483)
	at java.base/java.io.File.getCanonicalPath(File.java:626)
	at java.base/java.io.File.getCanonicalFile(File.java:651)
	at org.apache.logging.log4j.core.util.FileUtils.makeParentDirs(FileUtils.java:139)
	at org.apache.logging.log4j.core.appender.rolling.RollingFileManager$RollingFileManagerFactory.createManager(RollingFileManager.java:734)
	at org.apache.logging.log4j.core.appender.rolling.RollingFileManager$RollingFileManagerFactory.createManager(RollingFileManager.java:718)
	at org.apache.logging.log4j.core.appender.AbstractManager.getManager(AbstractManager.java:144)
	at org.apache.logging.log4j.core.appender.OutputStreamManager.getManager(OutputStreamManager.java:100)
	at org.apache.logging.log4j.core.appender.rolling.RollingFileManager.getFileManager(RollingFileManager.java:217)
	at org.apache.logging.log4j.core.appender.RollingFileAppender$Builder.build(RollingFileAppender.java:135)
	at org.apache.logging.log4j.core.appender.RollingFileAppender$Builder.build(RollingFileAppender.java:62)
	at org.apache.logging.log4j.core.config.plugins.util.PluginBuilder.build(PluginBuilder.java:124)
	at org.apache.logging.log4j.core.config.AbstractConfiguration.createPluginObject(AbstractConfiguration.java:1138)
	at org.apache.logging.log4j.core.config.AbstractConfiguration.createConfiguration(AbstractConfiguration.java:1063)
	at org.apache.logging.log4j.core.appender.routing.RoutingAppender.createAppender(RoutingAppender.java:310)
	at org.apache.logging.log4j.core.appender.routing.RoutingAppender.getControl(RoutingAppender.java:282)
	at org.apache.logging.log4j.core.appender.routing.RoutingAppender.append(RoutingAppender.java:240)
	at org.apache.logging.log4j.core.config.AppenderControl.tryCallAppender(AppenderControl.java:161)
	at org.apache.logging.log4j.core.config.AppenderControl.callAppender0(AppenderControl.java:134)
	at org.apache.logging.log4j.core.config.AppenderControl.callAppenderPreventRecursion(AppenderControl.java:125)
	at org.apache.logging.log4j.core.config.AppenderControl.callAppender(AppenderControl.java:89)
	at org.apache.logging.log4j.core.config.LoggerConfig.callAppenders(LoggerConfig.java:683)
	at org.apache.logging.log4j.core.config.LoggerConfig.processLogEvent(LoggerConfig.java:641)
	at org.apache.logging.log4j.core.config.LoggerConfig.log(LoggerConfig.java:624)
	at org.apache.logging.log4j.core.config.LoggerConfig.log(LoggerConfig.java:560)
	at org.apache.logging.log4j.core.config.AwaitCompletionReliabilityStrategy.log(AwaitCompletionReliabilityStrategy.java:82)
	at org.apache.logging.log4j.core.Logger.log(Logger.java:162)
	at org.apache.logging.log4j.spi.AbstractLogger.logMessage(AbstractLogger.java:2106)
	at org.apache.logging.log4j.internal.DefaultLogBuilder.logMessage(DefaultLogBuilder.java:241)
	at org.apache.logging.log4j.internal.DefaultLogBuilder.log(DefaultLogBuilder.java:162)
	at org.apache.xmlbeans.impl.schema.SchemaTypeSystemImpl.resolveHandle(SchemaTypeSystemImpl.java:935)
	at org.apache.xmlbeans.impl.schema.ElementFactory.<init>(ElementFactory.java:29)
	at org.apache.xmlbeans.impl.schema.AbstractDocumentFactory.<init>(AbstractDocumentFactory.java:33)
	at org.apache.xmlbeans.impl.schema.DocumentFactory.<init>(DocumentFactory.java:23)
	at org.openxmlformats.schemas.spreadsheetml.x2006.main.WorkbookDocument.<clinit>(WorkbookDocument.java:23)
	at org.apache.poi.xssf.usermodel.XSSFWorkbook.onDocumentRead(XSSFWorkbook.java:372)
	at org.apache.poi.ooxml.POIXMLDocument.load(POIXMLDocument.java:169)
	at org.apache.poi.xssf.usermodel.XSSFWorkbook.<init>(XSSFWorkbook.java:260)
	at org.apache.poi.xssf.usermodel.XSSFWorkbook.<init>(XSSFWorkbook.java:290)
	at org.apache.poi.xssf.usermodel.XSSFWorkbook.<init>(XSSFWorkbook.java:286)
	at externalResources.ExcelDataRead.<init>(ExcelDataRead.java:22)
	at listeners.AnnotationsTransformer.toBeExecuted(AnnotationsTransformer.java:36)
	at listeners.AnnotationsTransformer.transform(AnnotationsTransformer.java:24)
	at org.testng.internal.annotations.JDK15AnnotationFinder.transform(JDK15AnnotationFinder.java:172)
	at org.testng.internal.annotations.JDK15AnnotationFinder.lambda$findAnnotation$0(JDK15AnnotationFinder.java:279)
	at java.base/java.util.concurrent.ConcurrentHashMap.computeIfAbsent(ConcurrentHashMap.java:1705)
	at org.testng.internal.annotations.JDK15AnnotationFinder.findAnnotation(JDK15AnnotationFinder.java:275)
	at org.testng.internal.annotations.JDK15AnnotationFinder.findAnnotation(JDK15AnnotationFinder.java:113)
	at org.testng.internal.TestNGClassFinder.isTestNGClass(TestNGClassFinder.java:275)
	at org.testng.internal.TestNGClassFinder.isNotTestNGClass(TestNGClassFinder.java:260)
	at org.testng.internal.TestNGClassFinder.processClass(TestNGClassFinder.java:94)
	at org.testng.internal.TestNGClassFinder.<init>(TestNGClassFinder.java:67)
	at org.testng.TestRunner.initMethods(TestRunner.java:442)
	at org.testng.TestRunner.init(TestRunner.java:336)
	at org.testng.TestRunner.init(TestRunner.java:289)
	at org.testng.TestRunner.<init>(TestRunner.java:179)
	at org.testng.SuiteRunner$DefaultTestRunnerFactory.newTestRunner(SuiteRunner.java:643)
	at org.testng.SuiteRunner.init(SuiteRunner.java:225)
	at org.testng.SuiteRunner.<init>(SuiteRunner.java:115)
	at org.testng.TestNG.createSuiteRunner(TestNG.java:1349)
	at org.testng.TestNG.createSuiteRunners(TestNG.java:1325)
	at org.testng.TestNG.runSuitesLocally(TestNG.java:1167)
	at org.testng.TestNG.runSuites(TestNG.java:1099)
	at org.testng.TestNG.run(TestNG.java:1067)
	at org.apache.maven.surefire.testng.TestNGExecutor.run(TestNGExecutor.java:324)
	at org.apache.maven.surefire.testng.TestNGXmlTestSuite.execute(TestNGXmlTestSuite.java:74)
	at org.apache.maven.surefire.testng.TestNGProvider.invoke(TestNGProvider.java:123)
	at org.apache.maven.surefire.booter.ForkedBooter.runSuitesInProcess(ForkedBooter.java:456)
	at org.apache.maven.surefire.booter.ForkedBooter.execute(ForkedBooter.java:169)
	at org.apache.maven.surefire.booter.ForkedBooter.run(ForkedBooter.java:595)
	at org.apache.maven.surefire.booter.ForkedBooter.main(ForkedBooter.java:581)

2023-02-13 11:57:15,888 main ERROR Could not create plugin of type class org.apache.logging.log4j.core.appender.RollingFileAppender for element RollingFile: java.lang.IllegalStateException: ManagerFactory [org.apache.logging.log4j.core.appender.rolling.RollingFileManager$RollingFileManagerFactory@4e6d7365] unable to create manager for [./results/logs/${ctx:threadName}.log] with data [org.apache.logging.log4j.core.appender.rolling.RollingFileManager$FactoryData@f1a45f8[pattern=./results/logs/${ctx:threadName}-%d{yyyy-MM-dd}.log, append=true, bufferedIO=true, bufferSize=8192, policy=SizeBasedTriggeringPolicy(size=512000), strategy=DefaultRolloverStrategy(min=1, max=7, useMax=true), advertiseURI=null, layout=%d{HH:mm:ss.SSS} [%t] %-5level %logger{36} - %msg%n, filePermissions=null, fileOwner=null]] java.lang.IllegalStateException: ManagerFactory [org.apache.logging.log4j.core.appender.rolling.RollingFileManager$RollingFileManagerFactory@4e6d7365] unable to create manager for [./results/logs/${ctx:threadName}.log] with data [org.apache.logging.log4j.core.appender.rolling.RollingFileManager$FactoryData@f1a45f8[pattern=./results/logs/${ctx:threadName}-%d{yyyy-MM-dd}.log, append=true, bufferedIO=true, bufferSize=8192, policy=SizeBasedTriggeringPolicy(size=512000), strategy=DefaultRolloverStrategy(min=1, max=7, useMax=true), advertiseURI=null, layout=%d{HH:mm:ss.SSS} [%t] %-5level %logger{36} - %msg%n, filePermissions=null, fileOwner=null]]
	at org.apache.logging.log4j.core.appender.AbstractManager.getManager(AbstractManager.java:146)
	at org.apache.logging.log4j.core.appender.OutputStreamManager.getManager(OutputStreamManager.java:100)
	at org.apache.logging.log4j.core.appender.rolling.RollingFileManager.getFileManager(RollingFileManager.java:217)
	at org.apache.logging.log4j.core.appender.RollingFileAppender$Builder.build(RollingFileAppender.java:135)
	at org.apache.logging.log4j.core.appender.RollingFileAppender$Builder.build(RollingFileAppender.java:62)
	at org.apache.logging.log4j.core.config.plugins.util.PluginBuilder.build(PluginBuilder.java:124)
	at org.apache.logging.log4j.core.config.AbstractConfiguration.createPluginObject(AbstractConfiguration.java:1138)
	at org.apache.logging.log4j.core.config.AbstractConfiguration.createConfiguration(AbstractConfiguration.java:1063)
	at org.apache.logging.log4j.core.appender.routing.RoutingAppender.createAppender(RoutingAppender.java:310)
	at org.apache.logging.log4j.core.appender.routing.RoutingAppender.getControl(RoutingAppender.java:282)
	at org.apache.logging.log4j.core.appender.routing.RoutingAppender.append(RoutingAppender.java:240)
	at org.apache.logging.log4j.core.config.AppenderControl.tryCallAppender(AppenderControl.java:161)
	at org.apache.logging.log4j.core.config.AppenderControl.callAppender0(AppenderControl.java:134)
	at org.apache.logging.log4j.core.config.AppenderControl.callAppenderPreventRecursion(AppenderControl.java:125)
	at org.apache.logging.log4j.core.config.AppenderControl.callAppender(AppenderControl.java:89)
	at org.apache.logging.log4j.core.config.LoggerConfig.callAppenders(LoggerConfig.java:683)
	at org.apache.logging.log4j.core.config.LoggerConfig.processLogEvent(LoggerConfig.java:641)
	at org.apache.logging.log4j.core.config.LoggerConfig.log(LoggerConfig.java:624)
	at org.apache.logging.log4j.core.config.LoggerConfig.log(LoggerConfig.java:560)
	at org.apache.logging.log4j.core.config.AwaitCompletionReliabilityStrategy.log(AwaitCompletionReliabilityStrategy.java:82)
	at org.apache.logging.log4j.core.Logger.log(Logger.java:162)
	at org.apache.logging.log4j.spi.AbstractLogger.logMessage(AbstractLogger.java:2106)
	at org.apache.logging.log4j.internal.DefaultLogBuilder.logMessage(DefaultLogBuilder.java:241)
	at org.apache.logging.log4j.internal.DefaultLogBuilder.log(DefaultLogBuilder.java:162)
	at org.apache.xmlbeans.impl.schema.SchemaTypeSystemImpl.resolveHandle(SchemaTypeSystemImpl.java:935)
	at org.apache.xmlbeans.impl.schema.ElementFactory.<init>(ElementFactory.java:29)
	at org.apache.xmlbeans.impl.schema.AbstractDocumentFactory.<init>(AbstractDocumentFactory.java:33)
	at org.apache.xmlbeans.impl.schema.DocumentFactory.<init>(DocumentFactory.java:23)
	at org.openxmlformats.schemas.spreadsheetml.x2006.main.WorkbookDocument.<clinit>(WorkbookDocument.java:23)
	at org.apache.poi.xssf.usermodel.XSSFWorkbook.onDocumentRead(XSSFWorkbook.java:372)
	at org.apache.poi.ooxml.POIXMLDocument.load(POIXMLDocument.java:169)
	at org.apache.poi.xssf.usermodel.XSSFWorkbook.<init>(XSSFWorkbook.java:260)
	at org.apache.poi.xssf.usermodel.XSSFWorkbook.<init>(XSSFWorkbook.java:290)
	at org.apache.poi.xssf.usermodel.XSSFWorkbook.<init>(XSSFWorkbook.java:286)
	at externalResources.ExcelDataRead.<init>(ExcelDataRead.java:22)
	at listeners.AnnotationsTransformer.toBeExecuted(AnnotationsTransformer.java:36)
	at listeners.AnnotationsTransformer.transform(AnnotationsTransformer.java:24)
	at org.testng.internal.annotations.JDK15AnnotationFinder.transform(JDK15AnnotationFinder.java:172)
	at org.testng.internal.annotations.JDK15AnnotationFinder.lambda$findAnnotation$0(JDK15AnnotationFinder.java:279)
	at java.base/java.util.concurrent.ConcurrentHashMap.computeIfAbsent(ConcurrentHashMap.java:1705)
	at org.testng.internal.annotations.JDK15AnnotationFinder.findAnnotation(JDK15AnnotationFinder.java:275)
	at org.testng.internal.annotations.JDK15AnnotationFinder.findAnnotation(JDK15AnnotationFinder.java:113)
	at org.testng.internal.TestNGClassFinder.isTestNGClass(TestNGClassFinder.java:275)
	at org.testng.internal.TestNGClassFinder.isNotTestNGClass(TestNGClassFinder.java:260)
	at org.testng.internal.TestNGClassFinder.processClass(TestNGClassFinder.java:94)
	at org.testng.internal.TestNGClassFinder.<init>(TestNGClassFinder.java:67)
	at org.testng.TestRunner.initMethods(TestRunner.java:442)
	at org.testng.TestRunner.init(TestRunner.java:336)
	at org.testng.TestRunner.init(TestRunner.java:289)
	at org.testng.TestRunner.<init>(TestRunner.java:179)
	at org.testng.SuiteRunner$DefaultTestRunnerFactory.newTestRunner(SuiteRunner.java:643)
	at org.testng.SuiteRunner.init(SuiteRunner.java:225)
	at org.testng.SuiteRunner.<init>(SuiteRunner.java:115)
	at org.testng.TestNG.createSuiteRunner(TestNG.java:1349)
	at org.testng.TestNG.createSuiteRunners(TestNG.java:1325)
	at org.testng.TestNG.runSuitesLocally(TestNG.java:1167)
	at org.testng.TestNG.runSuites(TestNG.java:1099)
	at org.testng.TestNG.run(TestNG.java:1067)
	at org.apache.maven.surefire.testng.TestNGExecutor.run(TestNGExecutor.java:324)
	at org.apache.maven.surefire.testng.TestNGXmlTestSuite.execute(TestNGXmlTestSuite.java:74)
	at org.apache.maven.surefire.testng.TestNGProvider.invoke(TestNGProvider.java:123)
	at org.apache.maven.surefire.booter.ForkedBooter.runSuitesInProcess(ForkedBooter.java:456)
	at org.apache.maven.surefire.booter.ForkedBooter.execute(ForkedBooter.java:169)
	at org.apache.maven.surefire.booter.ForkedBooter.run(ForkedBooter.java:595)
	at org.apache.maven.surefire.booter.ForkedBooter.main(ForkedBooter.java:581)

2023-02-13 11:57:15,889 main ERROR Unable to invoke factory method in class org.apache.logging.log4j.core.appender.RollingFileAppender for element RollingFile: java.lang.IllegalStateException: No factory method found for class org.apache.logging.log4j.core.appender.RollingFileAppender java.lang.IllegalStateException: No factory method found for class org.apache.logging.log4j.core.appender.RollingFileAppender
	at org.apache.logging.log4j.core.config.plugins.util.PluginBuilder.findFactoryMethod(PluginBuilder.java:260)
	at org.apache.logging.log4j.core.config.plugins.util.PluginBuilder.build(PluginBuilder.java:136)
	at org.apache.logging.log4j.core.config.AbstractConfiguration.createPluginObject(AbstractConfiguration.java:1138)
	at org.apache.logging.log4j.core.config.AbstractConfiguration.createConfiguration(AbstractConfiguration.java:1063)
	at org.apache.logging.log4j.core.appender.routing.RoutingAppender.createAppender(RoutingAppender.java:310)
	at org.apache.logging.log4j.core.appender.routing.RoutingAppender.getControl(RoutingAppender.java:282)
	at org.apache.logging.log4j.core.appender.routing.RoutingAppender.append(RoutingAppender.java:240)
	at org.apache.logging.log4j.core.config.AppenderControl.tryCallAppender(AppenderControl.java:161)
	at org.apache.logging.log4j.core.config.AppenderControl.callAppender0(AppenderControl.java:134)
	at org.apache.logging.log4j.core.config.AppenderControl.callAppenderPreventRecursion(AppenderControl.java:125)
	at org.apache.logging.log4j.core.config.AppenderControl.callAppender(AppenderControl.java:89)
	at org.apache.logging.log4j.core.config.LoggerConfig.callAppenders(LoggerConfig.java:683)
	at org.apache.logging.log4j.core.config.LoggerConfig.processLogEvent(LoggerConfig.java:641)
	at org.apache.logging.log4j.core.config.LoggerConfig.log(LoggerConfig.java:624)
	at org.apache.logging.log4j.core.config.LoggerConfig.log(LoggerConfig.java:560)
	at org.apache.logging.log4j.core.config.AwaitCompletionReliabilityStrategy.log(AwaitCompletionReliabilityStrategy.java:82)
	at org.apache.logging.log4j.core.Logger.log(Logger.java:162)
	at org.apache.logging.log4j.spi.AbstractLogger.logMessage(AbstractLogger.java:2106)
	at org.apache.logging.log4j.internal.DefaultLogBuilder.logMessage(DefaultLogBuilder.java:241)
	at org.apache.logging.log4j.internal.DefaultLogBuilder.log(DefaultLogBuilder.java:162)
	at org.apache.xmlbeans.impl.schema.SchemaTypeSystemImpl.resolveHandle(SchemaTypeSystemImpl.java:935)
	at org.apache.xmlbeans.impl.schema.ElementFactory.<init>(ElementFactory.java:29)
	at org.apache.xmlbeans.impl.schema.AbstractDocumentFactory.<init>(AbstractDocumentFactory.java:33)
	at org.apache.xmlbeans.impl.schema.DocumentFactory.<init>(DocumentFactory.java:23)
	at org.openxmlformats.schemas.spreadsheetml.x2006.main.WorkbookDocument.<clinit>(WorkbookDocument.java:23)
	at org.apache.poi.xssf.usermodel.XSSFWorkbook.onDocumentRead(XSSFWorkbook.java:372)
	at org.apache.poi.ooxml.POIXMLDocument.load(POIXMLDocument.java:169)
	at org.apache.poi.xssf.usermodel.XSSFWorkbook.<init>(XSSFWorkbook.java:260)
	at org.apache.poi.xssf.usermodel.XSSFWorkbook.<init>(XSSFWorkbook.java:290)
	at org.apache.poi.xssf.usermodel.XSSFWorkbook.<init>(XSSFWorkbook.java:286)
	at externalResources.ExcelDataRead.<init>(ExcelDataRead.java:22)
	at listeners.AnnotationsTransformer.toBeExecuted(AnnotationsTransformer.java:36)
	at listeners.AnnotationsTransformer.transform(AnnotationsTransformer.java:24)
	at org.testng.internal.annotations.JDK15AnnotationFinder.transform(JDK15AnnotationFinder.java:172)
	at org.testng.internal.annotations.JDK15AnnotationFinder.lambda$findAnnotation$0(JDK15AnnotationFinder.java:279)
	at java.base/java.util.concurrent.ConcurrentHashMap.computeIfAbsent(ConcurrentHashMap.java:1705)
	at org.testng.internal.annotations.JDK15AnnotationFinder.findAnnotation(JDK15AnnotationFinder.java:275)
	at org.testng.internal.annotations.JDK15AnnotationFinder.findAnnotation(JDK15AnnotationFinder.java:113)
	at org.testng.internal.TestNGClassFinder.isTestNGClass(TestNGClassFinder.java:275)
	at org.testng.internal.TestNGClassFinder.isNotTestNGClass(TestNGClassFinder.java:260)
	at org.testng.internal.TestNGClassFinder.processClass(TestNGClassFinder.java:94)
	at org.testng.internal.TestNGClassFinder.<init>(TestNGClassFinder.java:67)
	at org.testng.TestRunner.initMethods(TestRunner.java:442)
	at org.testng.TestRunner.init(TestRunner.java:336)
	at org.testng.TestRunner.init(TestRunner.java:289)
	at org.testng.TestRunner.<init>(TestRunner.java:179)
	at org.testng.SuiteRunner$DefaultTestRunnerFactory.newTestRunner(SuiteRunner.java:643)
	at org.testng.SuiteRunner.init(SuiteRunner.java:225)
	at org.testng.SuiteRunner.<init>(SuiteRunner.java:115)
	at org.testng.TestNG.createSuiteRunner(TestNG.java:1349)
	at org.testng.TestNG.createSuiteRunners(TestNG.java:1325)
	at org.testng.TestNG.runSuitesLocally(TestNG.java:1167)
	at org.testng.TestNG.runSuites(TestNG.java:1099)
	at org.testng.TestNG.run(TestNG.java:1067)
	at org.apache.maven.surefire.testng.TestNGExecutor.run(TestNGExecutor.java:324)
	at org.apache.maven.surefire.testng.TestNGXmlTestSuite.execute(TestNGXmlTestSuite.java:74)
	at org.apache.maven.surefire.testng.TestNGProvider.invoke(TestNGProvider.java:123)
	at org.apache.maven.surefire.booter.ForkedBooter.runSuitesInProcess(ForkedBooter.java:456)
	at org.apache.maven.surefire.booter.ForkedBooter.execute(ForkedBooter.java:169)
	at org.apache.maven.surefire.booter.ForkedBooter.run(ForkedBooter.java:595)
	at org.apache.maven.surefire.booter.ForkedBooter.main(ForkedBooter.java:581)

2023-02-13 11:57:15,898 main ERROR Unable to create file ./results/logs/${ctx:threadName}.log java.io.IOException: The filename, directory name, or volume label syntax is incorrect
	at java.base/java.io.WinNTFileSystem.canonicalize0(Native Method)
	at java.base/java.io.WinNTFileSystem.canonicalize(WinNTFileSystem.java:483)
	at java.base/java.io.File.getCanonicalPath(File.java:626)
	at java.base/java.io.File.getCanonicalFile(File.java:651)
	at org.apache.logging.log4j.core.util.FileUtils.makeParentDirs(FileUtils.java:139)
	at org.apache.logging.log4j.core.appender.rolling.RollingFileManager$RollingFileManagerFactory.createManager(RollingFileManager.java:734)
	at org.apache.logging.log4j.core.appender.rolling.RollingFileManager$RollingFileManagerFactory.createManager(RollingFileManager.java:718)
	at org.apache.logging.log4j.core.appender.AbstractManager.getManager(AbstractManager.java:144)
	at org.apache.logging.log4j.core.appender.OutputStreamManager.getManager(OutputStreamManager.java:100)
	at org.apache.logging.log4j.core.appender.rolling.RollingFileManager.getFileManager(RollingFileManager.java:217)
	at org.apache.logging.log4j.core.appender.RollingFileAppender$Builder.build(RollingFileAppender.java:135)
	at org.apache.logging.log4j.core.appender.RollingFileAppender$Builder.build(RollingFileAppender.java:62)
	at org.apache.logging.log4j.core.config.plugins.util.PluginBuilder.build(PluginBuilder.java:124)
	at org.apache.logging.log4j.core.config.AbstractConfiguration.createPluginObject(AbstractConfiguration.java:1138)
	at org.apache.logging.log4j.core.config.AbstractConfiguration.createConfiguration(AbstractConfiguration.java:1063)
	at org.apache.logging.log4j.core.appender.routing.RoutingAppender.createAppender(RoutingAppender.java:310)
	at org.apache.logging.log4j.core.appender.routing.RoutingAppender.getControl(RoutingAppender.java:282)
	at org.apache.logging.log4j.core.appender.routing.RoutingAppender.append(RoutingAppender.java:240)
	at org.apache.logging.log4j.core.config.AppenderControl.tryCallAppender(AppenderControl.java:161)
	at org.apache.logging.log4j.core.config.AppenderControl.callAppender0(AppenderControl.java:134)
	at org.apache.logging.log4j.core.config.AppenderControl.callAppenderPreventRecursion(AppenderControl.java:125)
	at org.apache.logging.log4j.core.config.AppenderControl.callAppender(AppenderControl.java:89)
	at org.apache.logging.log4j.core.config.LoggerConfig.callAppenders(LoggerConfig.java:683)
	at org.apache.logging.log4j.core.config.LoggerConfig.processLogEvent(LoggerConfig.java:641)
	at org.apache.logging.log4j.core.config.LoggerConfig.log(LoggerConfig.java:624)
	at org.apache.logging.log4j.core.config.LoggerConfig.log(LoggerConfig.java:560)
	at org.apache.logging.log4j.core.config.AwaitCompletionReliabilityStrategy.log(AwaitCompletionReliabilityStrategy.java:82)
	at org.apache.logging.log4j.core.Logger.log(Logger.java:162)
	at org.apache.logging.log4j.spi.AbstractLogger.logMessage(AbstractLogger.java:2106)
	at org.apache.logging.log4j.internal.DefaultLogBuilder.logMessage(DefaultLogBuilder.java:241)
	at org.apache.logging.log4j.internal.DefaultLogBuilder.log(DefaultLogBuilder.java:162)
	at org.apache.xmlbeans.impl.schema.SchemaTypeSystemImpl.resolveHandle(SchemaTypeSystemImpl.java:935)
	at org.apache.xmlbeans.SchemaComponent$Ref.getComponent(SchemaComponent.java:111)
	at org.apache.xmlbeans.SchemaType$Ref.get(SchemaType.java:1072)
	at org.apache.xmlbeans.impl.schema.SchemaPropertyImpl.getType(SchemaPropertyImpl.java:85)
	at org.apache.xmlbeans.impl.schema.SchemaTypeImpl.createElementType(SchemaTypeImpl.java:990)
	at org.apache.xmlbeans.impl.values.XmlObjectBase.create_element_user(XmlObjectBase.java:879)
	at org.apache.xmlbeans.impl.store.Xobj.getUser(Xobj.java:1597)
	at org.apache.xmlbeans.impl.store.Xobj.find_element_user(Xobj.java:1968)
	at org.openxmlformats.schemas.spreadsheetml.x2006.main.impl.WorkbookDocumentImpl.getWorkbook(WorkbookDocumentImpl.java:40)
	at org.apache.poi.xssf.usermodel.XSSFWorkbook.onDocumentRead(XSSFWorkbook.java:373)
	at org.apache.poi.ooxml.POIXMLDocument.load(POIXMLDocument.java:169)
	at org.apache.poi.xssf.usermodel.XSSFWorkbook.<init>(XSSFWorkbook.java:260)
	at org.apache.poi.xssf.usermodel.XSSFWorkbook.<init>(XSSFWorkbook.java:290)
	at org.apache.poi.xssf.usermodel.XSSFWorkbook.<init>(XSSFWorkbook.java:286)
	at externalResources.ExcelDataRead.<init>(ExcelDataRead.java:22)
	at listeners.AnnotationsTransformer.toBeExecuted(AnnotationsTransformer.java:36)
	at listeners.AnnotationsTransformer.transform(AnnotationsTransformer.java:24)
	at org.testng.internal.annotations.JDK15AnnotationFinder.transform(JDK15AnnotationFinder.java:172)
	at org.testng.internal.annotations.JDK15AnnotationFinder.lambda$findAnnotation$0(JDK15AnnotationFinder.java:279)
	at java.base/java.util.concurrent.ConcurrentHashMap.computeIfAbsent(ConcurrentHashMap.java:1705)
	at org.testng.internal.annotations.JDK15AnnotationFinder.findAnnotation(JDK15AnnotationFinder.java:275)
	at org.testng.internal.annotations.JDK15AnnotationFinder.findAnnotation(JDK15AnnotationFinder.java:113)
	at org.testng.internal.TestNGClassFinder.isTestNGClass(TestNGClassFinder.java:275)
	at org.testng.internal.TestNGClassFinder.isNotTestNGClass(TestNGClassFinder.java:260)
	at org.testng.internal.TestNGClassFinder.processClass(TestNGClassFinder.java:94)
	at org.testng.internal.TestNGClassFinder.<init>(TestNGClassFinder.java:67)
	at org.testng.TestRunner.initMethods(TestRunner.java:442)
	at org.testng.TestRunner.init(TestRunner.java:336)
	at org.testng.TestRunner.init(TestRunner.java:289)
	at org.testng.TestRunner.<init>(TestRunner.java:179)
	at org.testng.SuiteRunner$DefaultTestRunnerFactory.newTestRunner(SuiteRunner.java:643)
	at org.testng.SuiteRunner.init(SuiteRunner.java:225)
	at org.testng.SuiteRunner.<init>(SuiteRunner.java:115)
	at org.testng.TestNG.createSuiteRunner(TestNG.java:1349)
	at org.testng.TestNG.createSuiteRunners(TestNG.java:1325)
	at org.testng.TestNG.runSuitesLocally(TestNG.java:1167)
	at org.testng.TestNG.runSuites(TestNG.java:1099)
	at org.testng.TestNG.run(TestNG.java:1067)
	at org.apache.maven.surefire.testng.TestNGExecutor.run(TestNGExecutor.java:324)
	at org.apache.maven.surefire.testng.TestNGXmlTestSuite.execute(TestNGXmlTestSuite.java:74)
	at org.apache.maven.surefire.testng.TestNGProvider.invoke(TestNGProvider.java:123)
	at org.apache.maven.surefire.booter.ForkedBooter.runSuitesInProcess(ForkedBooter.java:456)
	at org.apache.maven.surefire.booter.ForkedBooter.execute(ForkedBooter.java:169)
	at org.apache.maven.surefire.booter.ForkedBooter.run(ForkedBooter.java:595)
	at org.apache.maven.surefire.booter.ForkedBooter.main(ForkedBooter.java:581)

2023-02-13 11:57:15,899 main ERROR Could not create plugin of type class org.apache.logging.log4j.core.appender.RollingFileAppender for element RollingFile: java.lang.IllegalStateException: ManagerFactory [org.apache.logging.log4j.core.appender.rolling.RollingFileManager$RollingFileManagerFactory@4e6d7365] unable to create manager for [./results/logs/${ctx:threadName}.log] with data [org.apache.logging.log4j.core.appender.rolling.RollingFileManager$FactoryData@1ffcf674[pattern=./results/logs/${ctx:threadName}-%d{yyyy-MM-dd}.log, append=true, bufferedIO=true, bufferSize=8192, policy=SizeBasedTriggeringPolicy(size=512000), strategy=DefaultRolloverStrategy(min=1, max=7, useMax=true), advertiseURI=null, layout=%d{HH:mm:ss.SSS} [%t] %-5level %logger{36} - %msg%n, filePermissions=null, fileOwner=null]] java.lang.IllegalStateException: ManagerFactory [org.apache.logging.log4j.core.appender.rolling.RollingFileManager$RollingFileManagerFactory@4e6d7365] unable to create manager for [./results/logs/${ctx:threadName}.log] with data [org.apache.logging.log4j.core.appender.rolling.RollingFileManager$FactoryData@1ffcf674[pattern=./results/logs/${ctx:threadName}-%d{yyyy-MM-dd}.log, append=true, bufferedIO=true, bufferSize=8192, policy=SizeBasedTriggeringPolicy(size=512000), strategy=DefaultRolloverStrategy(min=1, max=7, useMax=true), advertiseURI=null, layout=%d{HH:mm:ss.SSS} [%t] %-5level %logger{36} - %msg%n, filePermissions=null, fileOwner=null]]
	at org.apache.logging.log4j.core.appender.AbstractManager.getManager(AbstractManager.java:146)
	at org.apache.logging.log4j.core.appender.OutputStreamManager.getManager(OutputStreamManager.java:100)
	at org.apache.logging.log4j.core.appender.rolling.RollingFileManager.getFileManager(RollingFileManager.java:217)
	at org.apache.logging.log4j.core.appender.RollingFileAppender$Builder.build(RollingFileAppender.java:135)
	at org.apache.logging.log4j.core.appender.RollingFileAppender$Builder.build(RollingFileAppender.java:62)
	at org.apache.logging.log4j.core.config.plugins.util.PluginBuilder.build(PluginBuilder.java:124)
	at org.apache.logging.log4j.core.config.AbstractConfiguration.createPluginObject(AbstractConfiguration.java:1138)
	at org.apache.logging.log4j.core.config.AbstractConfiguration.createConfiguration(AbstractConfiguration.java:1063)
	at org.apache.logging.log4j.core.appender.routing.RoutingAppender.createAppender(RoutingAppender.java:310)
	at org.apache.logging.log4j.core.appender.routing.RoutingAppender.getControl(RoutingAppender.java:282)
	at org.apache.logging.log4j.core.appender.routing.RoutingAppender.append(RoutingAppender.java:240)
	at org.apache.logging.log4j.core.config.AppenderControl.tryCallAppender(AppenderControl.java:161)
	at org.apache.logging.log4j.core.config.AppenderControl.callAppender0(AppenderControl.java:134)
	at org.apache.logging.log4j.core.config.AppenderControl.callAppenderPreventRecursion(AppenderControl.java:125)
	at org.apache.logging.log4j.core.config.AppenderControl.callAppender(AppenderControl.java:89)
	at org.apache.logging.log4j.core.config.LoggerConfig.callAppenders(LoggerConfig.java:683)
	at org.apache.logging.log4j.core.config.LoggerConfig.processLogEvent(LoggerConfig.java:641)
	at org.apache.logging.log4j.core.config.LoggerConfig.log(LoggerConfig.java:624)
	at org.apache.logging.log4j.core.config.LoggerConfig.log(LoggerConfig.java:560)
	at org.apache.logging.log4j.core.config.AwaitCompletionReliabilityStrategy.log(AwaitCompletionReliabilityStrategy.java:82)
	at org.apache.logging.log4j.core.Logger.log(Logger.java:162)
	at org.apache.logging.log4j.spi.AbstractLogger.logMessage(AbstractLogger.java:2106)
	at org.apache.logging.log4j.internal.DefaultLogBuilder.logMessage(DefaultLogBuilder.java:241)
	at org.apache.logging.log4j.internal.DefaultLogBuilder.log(DefaultLogBuilder.java:162)
	at org.apache.xmlbeans.impl.schema.SchemaTypeSystemImpl.resolveHandle(SchemaTypeSystemImpl.java:935)
	at org.apache.xmlbeans.SchemaComponent$Ref.getComponent(SchemaComponent.java:111)
	at org.apache.xmlbeans.SchemaType$Ref.get(SchemaType.java:1072)
	at org.apache.xmlbeans.impl.schema.SchemaPropertyImpl.getType(SchemaPropertyImpl.java:85)
	at org.apache.xmlbeans.impl.schema.SchemaTypeImpl.createElementType(SchemaTypeImpl.java:990)
	at org.apache.xmlbeans.impl.values.XmlObjectBase.create_element_user(XmlObjectBase.java:879)
	at org.apache.xmlbeans.impl.store.Xobj.getUser(Xobj.java:1597)
	at org.apache.xmlbeans.impl.store.Xobj.find_element_user(Xobj.java:1968)
	at org.openxmlformats.schemas.spreadsheetml.x2006.main.impl.WorkbookDocumentImpl.getWorkbook(WorkbookDocumentImpl.java:40)
	at org.apache.poi.xssf.usermodel.XSSFWorkbook.onDocumentRead(XSSFWorkbook.java:373)
	at org.apache.poi.ooxml.POIXMLDocument.load(POIXMLDocument.java:169)
	at org.apache.poi.xssf.usermodel.XSSFWorkbook.<init>(XSSFWorkbook.java:260)
	at org.apache.poi.xssf.usermodel.XSSFWorkbook.<init>(XSSFWorkbook.java:290)
	at org.apache.poi.xssf.usermodel.XSSFWorkbook.<init>(XSSFWorkbook.java:286)
	at externalResources.ExcelDataRead.<init>(ExcelDataRead.java:22)
	at listeners.AnnotationsTransformer.toBeExecuted(AnnotationsTransformer.java:36)
	at listeners.AnnotationsTransformer.transform(AnnotationsTransformer.java:24)
	at org.testng.internal.annotations.JDK15AnnotationFinder.transform(JDK15AnnotationFinder.java:172)
	at org.testng.internal.annotations.JDK15AnnotationFinder.lambda$findAnnotation$0(JDK15AnnotationFinder.java:279)
	at java.base/java.util.concurrent.ConcurrentHashMap.computeIfAbsent(ConcurrentHashMap.java:1705)
	at org.testng.internal.annotations.JDK15AnnotationFinder.findAnnotation(JDK15AnnotationFinder.java:275)
	at org.testng.internal.annotations.JDK15AnnotationFinder.findAnnotation(JDK15AnnotationFinder.java:113)
	at org.testng.internal.TestNGClassFinder.isTestNGClass(TestNGClassFinder.java:275)
	at org.testng.internal.TestNGClassFinder.isNotTestNGClass(TestNGClassFinder.java:260)
	at org.testng.internal.TestNGClassFinder.processClass(TestNGClassFinder.java:94)
	at org.testng.internal.TestNGClassFinder.<init>(TestNGClassFinder.java:67)
	at org.testng.TestRunner.initMethods(TestRunner.java:442)
	at org.testng.TestRunner.init(TestRunner.java:336)
	at org.testng.TestRunner.init(TestRunner.java:289)
	at org.testng.TestRunner.<init>(TestRunner.java:179)
	at org.testng.SuiteRunner$DefaultTestRunnerFactory.newTestRunner(SuiteRunner.java:643)
	at org.testng.SuiteRunner.init(SuiteRunner.java:225)
	at org.testng.SuiteRunner.<init>(SuiteRunner.java:115)
	at org.testng.TestNG.createSuiteRunner(TestNG.java:1349)
	at org.testng.TestNG.createSuiteRunners(TestNG.java:1325)
	at org.testng.TestNG.runSuitesLocally(TestNG.java:1167)
	at org.testng.TestNG.runSuites(TestNG.java:1099)
	at org.testng.TestNG.run(TestNG.java:1067)
	at org.apache.maven.surefire.testng.TestNGExecutor.run(TestNGExecutor.java:324)
	at org.apache.maven.surefire.testng.TestNGXmlTestSuite.execute(TestNGXmlTestSuite.java:74)
	at org.apache.maven.surefire.testng.TestNGProvider.invoke(TestNGProvider.java:123)
	at org.apache.maven.surefire.booter.ForkedBooter.runSuitesInProcess(ForkedBooter.java:456)
	at org.apache.maven.surefire.booter.ForkedBooter.execute(ForkedBooter.java:169)
	at org.apache.maven.surefire.booter.ForkedBooter.run(ForkedBooter.java:595)
	at org.apache.maven.surefire.booter.ForkedBooter.main(ForkedBooter.java:581)

2023-02-13 11:57:15,899 main ERROR Unable to invoke factory method in class org.apache.logging.log4j.core.appender.RollingFileAppender for element RollingFile: java.lang.IllegalStateException: No factory method found for class org.apache.logging.log4j.core.appender.RollingFileAppender java.lang.IllegalStateException: No factory method found for class org.apache.logging.log4j.core.appender.RollingFileAppender
	at org.apache.logging.log4j.core.config.plugins.util.PluginBuilder.findFactoryMethod(PluginBuilder.java:260)
	at org.apache.logging.log4j.core.config.plugins.util.PluginBuilder.build(PluginBuilder.java:136)
	at org.apache.logging.log4j.core.config.AbstractConfiguration.createPluginObject(AbstractConfiguration.java:1138)
	at org.apache.logging.log4j.core.config.AbstractConfiguration.createConfiguration(AbstractConfiguration.java:1063)
	at org.apache.logging.log4j.core.appender.routing.RoutingAppender.createAppender(RoutingAppender.java:310)
	at org.apache.logging.log4j.core.appender.routing.RoutingAppender.getControl(RoutingAppender.java:282)
	at org.apache.logging.log4j.core.appender.routing.RoutingAppender.append(RoutingAppender.java:240)
	at org.apache.logging.log4j.core.config.AppenderControl.tryCallAppender(AppenderControl.java:161)
	at org.apache.logging.log4j.core.config.AppenderControl.callAppender0(AppenderControl.java:134)
	at org.apache.logging.log4j.core.config.AppenderControl.callAppenderPreventRecursion(AppenderControl.java:125)
	at org.apache.logging.log4j.core.config.AppenderControl.callAppender(AppenderControl.java:89)
	at org.apache.logging.log4j.core.config.LoggerConfig.callAppenders(LoggerConfig.java:683)
	at org.apache.logging.log4j.core.config.LoggerConfig.processLogEvent(LoggerConfig.java:641)
	at org.apache.logging.log4j.core.config.LoggerConfig.log(LoggerConfig.java:624)
	at org.apache.logging.log4j.core.config.LoggerConfig.log(LoggerConfig.java:560)
	at org.apache.logging.log4j.core.config.AwaitCompletionReliabilityStrategy.log(AwaitCompletionReliabilityStrategy.java:82)
	at org.apache.logging.log4j.core.Logger.log(Logger.java:162)
	at org.apache.logging.log4j.spi.AbstractLogger.logMessage(AbstractLogger.java:2106)
	at org.apache.logging.log4j.internal.DefaultLogBuilder.logMessage(DefaultLogBuilder.java:241)
	at org.apache.logging.log4j.internal.DefaultLogBuilder.log(DefaultLogBuilder.java:162)
	at org.apache.xmlbeans.impl.schema.SchemaTypeSystemImpl.resolveHandle(SchemaTypeSystemImpl.java:935)
	at org.apache.xmlbeans.SchemaComponent$Ref.getComponent(SchemaComponent.java:111)
	at org.apache.xmlbeans.SchemaType$Ref.get(SchemaType.java:1072)
	at org.apache.xmlbeans.impl.schema.SchemaPropertyImpl.getType(SchemaPropertyImpl.java:85)
	at org.apache.xmlbeans.impl.schema.SchemaTypeImpl.createElementType(SchemaTypeImpl.java:990)
	at org.apache.xmlbeans.impl.values.XmlObjectBase.create_element_user(XmlObjectBase.java:879)
	at org.apache.xmlbeans.impl.store.Xobj.getUser(Xobj.java:1597)
	at org.apache.xmlbeans.impl.store.Xobj.find_element_user(Xobj.java:1968)
	at org.openxmlformats.schemas.spreadsheetml.x2006.main.impl.WorkbookDocumentImpl.getWorkbook(WorkbookDocumentImpl.java:40)
	at org.apache.poi.xssf.usermodel.XSSFWorkbook.onDocumentRead(XSSFWorkbook.java:373)
	at org.apache.poi.ooxml.POIXMLDocument.load(POIXMLDocument.java:169)
	at org.apache.poi.xssf.usermodel.XSSFWorkbook.<init>(XSSFWorkbook.java:260)
	at org.apache.poi.xssf.usermodel.XSSFWorkbook.<init>(XSSFWorkbook.java:290)
	at org.apache.poi.xssf.usermodel.XSSFWorkbook.<init>(XSSFWorkbook.java:286)
	at externalResources.ExcelDataRead.<init>(ExcelDataRead.java:22)
	at listeners.AnnotationsTransformer.toBeExecuted(AnnotationsTransformer.java:36)
	at listeners.AnnotationsTransformer.transform(AnnotationsTransformer.java:24)
	at org.testng.internal.annotations.JDK15AnnotationFinder.transform(JDK15AnnotationFinder.java:172)
	at org.testng.internal.annotations.JDK15AnnotationFinder.lambda$findAnnotation$0(JDK15AnnotationFinder.java:279)
	at java.base/java.util.concurrent.ConcurrentHashMap.computeIfAbsent(ConcurrentHashMap.java:1705)
	at org.testng.internal.annotations.JDK15AnnotationFinder.findAnnotation(JDK15AnnotationFinder.java:275)
	at org.testng.internal.annotations.JDK15AnnotationFinder.findAnnotation(JDK15AnnotationFinder.java:113)
	at org.testng.internal.TestNGClassFinder.isTestNGClass(TestNGClassFinder.java:275)
	at org.testng.internal.TestNGClassFinder.isNotTestNGClass(TestNGClassFinder.java:260)
	at org.testng.internal.TestNGClassFinder.processClass(TestNGClassFinder.java:94)
	at org.testng.internal.TestNGClassFinder.<init>(TestNGClassFinder.java:67)
	at org.testng.TestRunner.initMethods(TestRunner.java:442)
	at org.testng.TestRunner.init(TestRunner.java:336)
	at org.testng.TestRunner.init(TestRunner.java:289)
	at org.testng.TestRunner.<init>(TestRunner.java:179)
	at org.testng.SuiteRunner$DefaultTestRunnerFactory.newTestRunner(SuiteRunner.java:643)
	at org.testng.SuiteRunner.init(SuiteRunner.java:225)
	at org.testng.SuiteRunner.<init>(SuiteRunner.java:115)
	at org.testng.TestNG.createSuiteRunner(TestNG.java:1349)
	at org.testng.TestNG.createSuiteRunners(TestNG.java:1325)
	at org.testng.TestNG.runSuitesLocally(TestNG.java:1167)
	at org.testng.TestNG.runSuites(TestNG.java:1099)
	at org.testng.TestNG.run(TestNG.java:1067)
	at org.apache.maven.surefire.testng.TestNGExecutor.run(TestNGExecutor.java:324)
	at org.apache.maven.surefire.testng.TestNGXmlTestSuite.execute(TestNGXmlTestSuite.java:74)
	at org.apache.maven.surefire.testng.TestNGProvider.invoke(TestNGProvider.java:123)
	at org.apache.maven.surefire.booter.ForkedBooter.runSuitesInProcess(ForkedBooter.java:456)
	at org.apache.maven.surefire.booter.ForkedBooter.execute(ForkedBooter.java:169)
	at org.apache.maven.surefire.booter.ForkedBooter.run(ForkedBooter.java:595)
	at org.apache.maven.surefire.booter.ForkedBooter.main(ForkedBooter.java:581)

2023-02-13 11:57:15,907 main ERROR Unable to create file ./results/logs/${ctx:threadName}.log java.io.IOException: The filename, directory name, or volume label syntax is incorrect
	at java.base/java.io.WinNTFileSystem.canonicalize0(Native Method)
	at java.base/java.io.WinNTFileSystem.canonicalize(WinNTFileSystem.java:483)
	at java.base/java.io.File.getCanonicalPath(File.java:626)
	at java.base/java.io.File.getCanonicalFile(File.java:651)
	at org.apache.logging.log4j.core.util.FileUtils.makeParentDirs(FileUtils.java:139)
	at org.apache.logging.log4j.core.appender.rolling.RollingFileManager$RollingFileManagerFactory.createManager(RollingFileManager.java:734)
	at org.apache.logging.log4j.core.appender.rolling.RollingFileManager$RollingFileManagerFactory.createManager(RollingFileManager.java:718)
	at org.apache.logging.log4j.core.appender.AbstractManager.getManager(AbstractManager.java:144)
	at org.apache.logging.log4j.core.appender.OutputStreamManager.getManager(OutputStreamManager.java:100)
	at org.apache.logging.log4j.core.appender.rolling.RollingFileManager.getFileManager(RollingFileManager.java:217)
	at org.apache.logging.log4j.core.appender.RollingFileAppender$Builder.build(RollingFileAppender.java:135)
	at org.apache.logging.log4j.core.appender.RollingFileAppender$Builder.build(RollingFileAppender.java:62)
	at org.apache.logging.log4j.core.config.plugins.util.PluginBuilder.build(PluginBuilder.java:124)
	at org.apache.logging.log4j.core.config.AbstractConfiguration.createPluginObject(AbstractConfiguration.java:1138)
	at org.apache.logging.log4j.core.config.AbstractConfiguration.createConfiguration(AbstractConfiguration.java:1063)
	at org.apache.logging.log4j.core.appender.routing.RoutingAppender.createAppender(RoutingAppender.java:310)
	at org.apache.logging.log4j.core.appender.routing.RoutingAppender.getControl(RoutingAppender.java:282)
	at org.apache.logging.log4j.core.appender.routing.RoutingAppender.append(RoutingAppender.java:240)
	at org.apache.logging.log4j.core.config.AppenderControl.tryCallAppender(AppenderControl.java:161)
	at org.apache.logging.log4j.core.config.AppenderControl.callAppender0(AppenderControl.java:134)
	at org.apache.logging.log4j.core.config.AppenderControl.callAppenderPreventRecursion(AppenderControl.java:125)
	at org.apache.logging.log4j.core.config.AppenderControl.callAppender(AppenderControl.java:89)
	at org.apache.logging.log4j.core.config.LoggerConfig.callAppenders(LoggerConfig.java:683)
	at org.apache.logging.log4j.core.config.LoggerConfig.processLogEvent(LoggerConfig.java:641)
	at org.apache.logging.log4j.core.config.LoggerConfig.log(LoggerConfig.java:624)
	at org.apache.logging.log4j.core.config.LoggerConfig.log(LoggerConfig.java:560)
	at org.apache.logging.log4j.core.config.AwaitCompletionReliabilityStrategy.log(AwaitCompletionReliabilityStrategy.java:82)
	at org.apache.logging.log4j.core.Logger.log(Logger.java:162)
	at org.apache.logging.log4j.spi.AbstractLogger.logMessage(AbstractLogger.java:2106)
	at org.apache.logging.log4j.internal.DefaultLogBuilder.logMessage(DefaultLogBuilder.java:241)
	at org.apache.logging.log4j.internal.DefaultLogBuilder.log(DefaultLogBuilder.java:162)
	at org.apache.xmlbeans.impl.schema.SchemaTypeSystemImpl.resolveHandle(SchemaTypeSystemImpl.java:935)
	at org.apache.xmlbeans.SchemaComponent$Ref.getComponent(SchemaComponent.java:111)
	at org.apache.xmlbeans.SchemaType$Ref.get(SchemaType.java:1072)
	at org.apache.xmlbeans.impl.schema.SchemaPropertyImpl.getType(SchemaPropertyImpl.java:85)
	at org.apache.xmlbeans.impl.schema.SchemaTypeImpl.createElementType(SchemaTypeImpl.java:990)
	at org.apache.xmlbeans.impl.values.XmlObjectBase.create_element_user(XmlObjectBase.java:879)
	at org.apache.xmlbeans.impl.store.Xobj.getUser(Xobj.java:1597)
	at org.apache.xmlbeans.impl.store.Xobj.find_element_user(Xobj.java:1968)
	at org.openxmlformats.schemas.spreadsheetml.x2006.main.impl.CTWorkbookImpl.getSheets(CTWorkbookImpl.java:338)
	at org.apache.poi.xssf.usermodel.XSSFWorkbook.onDocumentRead(XSSFWorkbook.java:423)
	at org.apache.poi.ooxml.POIXMLDocument.load(POIXMLDocument.java:169)
	at org.apache.poi.xssf.usermodel.XSSFWorkbook.<init>(XSSFWorkbook.java:260)
	at org.apache.poi.xssf.usermodel.XSSFWorkbook.<init>(XSSFWorkbook.java:290)
	at org.apache.poi.xssf.usermodel.XSSFWorkbook.<init>(XSSFWorkbook.java:286)
	at externalResources.ExcelDataRead.<init>(ExcelDataRead.java:22)
	at listeners.AnnotationsTransformer.toBeExecuted(AnnotationsTransformer.java:36)
	at listeners.AnnotationsTransformer.transform(AnnotationsTransformer.java:24)
	at org.testng.internal.annotations.JDK15AnnotationFinder.transform(JDK15AnnotationFinder.java:172)
	at org.testng.internal.annotations.JDK15AnnotationFinder.lambda$findAnnotation$0(JDK15AnnotationFinder.java:279)
	at java.base/java.util.concurrent.ConcurrentHashMap.computeIfAbsent(ConcurrentHashMap.java:1705)
	at org.testng.internal.annotations.JDK15AnnotationFinder.findAnnotation(JDK15AnnotationFinder.java:275)
	at org.testng.internal.annotations.JDK15AnnotationFinder.findAnnotation(JDK15AnnotationFinder.java:113)
	at org.testng.internal.TestNGClassFinder.isTestNGClass(TestNGClassFinder.java:275)
	at org.testng.internal.TestNGClassFinder.isNotTestNGClass(TestNGClassFinder.java:260)
	at org.testng.internal.TestNGClassFinder.processClass(TestNGClassFinder.java:94)
	at org.testng.internal.TestNGClassFinder.<init>(TestNGClassFinder.java:67)
	at org.testng.TestRunner.initMethods(TestRunner.java:442)
	at org.testng.TestRunner.init(TestRunner.java:336)
	at org.testng.TestRunner.init(TestRunner.java:289)
	at org.testng.TestRunner.<init>(TestRunner.java:179)
	at org.testng.SuiteRunner$DefaultTestRunnerFactory.newTestRunner(SuiteRunner.java:643)
	at org.testng.SuiteRunner.init(SuiteRunner.java:225)
	at org.testng.SuiteRunner.<init>(SuiteRunner.java:115)
	at org.testng.TestNG.createSuiteRunner(TestNG.java:1349)
	at org.testng.TestNG.createSuiteRunners(TestNG.java:1325)
	at org.testng.TestNG.runSuitesLocally(TestNG.java:1167)
	at org.testng.TestNG.runSuites(TestNG.java:1099)
	at org.testng.TestNG.run(TestNG.java:1067)
	at org.apache.maven.surefire.testng.TestNGExecutor.run(TestNGExecutor.java:324)
	at org.apache.maven.surefire.testng.TestNGXmlTestSuite.execute(TestNGXmlTestSuite.java:74)
	at org.apache.maven.surefire.testng.TestNGProvider.invoke(TestNGProvider.java:123)
	at org.apache.maven.surefire.booter.ForkedBooter.runSuitesInProcess(ForkedBooter.java:456)
	at org.apache.maven.surefire.booter.ForkedBooter.execute(ForkedBooter.java:169)
	at org.apache.maven.surefire.booter.ForkedBooter.run(ForkedBooter.java:595)
	at org.apache.maven.surefire.booter.ForkedBooter.main(ForkedBooter.java:581)

2023-02-13 11:57:15,907 main ERROR Could not create plugin of type class org.apache.logging.log4j.core.appender.RollingFileAppender for element RollingFile: java.lang.IllegalStateException: ManagerFactory [org.apache.logging.log4j.core.appender.rolling.RollingFileManager$RollingFileManagerFactory@4e6d7365] unable to create manager for [./results/logs/${ctx:threadName}.log] with data [org.apache.logging.log4j.core.appender.rolling.RollingFileManager$FactoryData@77134e08[pattern=./results/logs/${ctx:threadName}-%d{yyyy-MM-dd}.log, append=true, bufferedIO=true, bufferSize=8192, policy=SizeBasedTriggeringPolicy(size=512000), strategy=DefaultRolloverStrategy(min=1, max=7, useMax=true), advertiseURI=null, layout=%d{HH:mm:ss.SSS} [%t] %-5level %logger{36} - %msg%n, filePermissions=null, fileOwner=null]] java.lang.IllegalStateException: ManagerFactory [org.apache.logging.log4j.core.appender.rolling.RollingFileManager$RollingFileManagerFactory@4e6d7365] unable to create manager for [./results/logs/${ctx:threadName}.log] with data [org.apache.logging.log4j.core.appender.rolling.RollingFileManager$FactoryData@77134e08[pattern=./results/logs/${ctx:threadName}-%d{yyyy-MM-dd}.log, append=true, bufferedIO=true, bufferSize=8192, policy=SizeBasedTriggeringPolicy(size=512000), strategy=DefaultRolloverStrategy(min=1, max=7, useMax=true), advertiseURI=null, layout=%d{HH:mm:ss.SSS} [%t] %-5level %logger{36} - %msg%n, filePermissions=null, fileOwner=null]]
	at org.apache.logging.log4j.core.appender.AbstractManager.getManager(AbstractManager.java:146)
	at org.apache.logging.log4j.core.appender.OutputStreamManager.getManager(OutputStreamManager.java:100)
	at org.apache.logging.log4j.core.appender.rolling.RollingFileManager.getFileManager(RollingFileManager.java:217)
	at org.apache.logging.log4j.core.appender.RollingFileAppender$Builder.build(RollingFileAppender.java:135)
	at org.apache.logging.log4j.core.appender.RollingFileAppender$Builder.build(RollingFileAppender.java:62)
	at org.apache.logging.log4j.core.config.plugins.util.PluginBuilder.build(PluginBuilder.java:124)
	at org.apache.logging.log4j.core.config.AbstractConfiguration.createPluginObject(AbstractConfiguration.java:1138)
	at org.apache.logging.log4j.core.config.AbstractConfiguration.createConfiguration(AbstractConfiguration.java:1063)
	at org.apache.logging.log4j.core.appender.routing.RoutingAppender.createAppender(RoutingAppender.java:310)
	at org.apache.logging.log4j.core.appender.routing.RoutingAppender.getControl(RoutingAppender.java:282)
	at org.apache.logging.log4j.core.appender.routing.RoutingAppender.append(RoutingAppender.java:240)
	at org.apache.logging.log4j.core.config.AppenderControl.tryCallAppender(AppenderControl.java:161)
	at org.apache.logging.log4j.core.config.AppenderControl.callAppender0(AppenderControl.java:134)
	at org.apache.logging.log4j.core.config.AppenderControl.callAppenderPreventRecursion(AppenderControl.java:125)
	at org.apache.logging.log4j.core.config.AppenderControl.callAppender(AppenderControl.java:89)
	at org.apache.logging.log4j.core.config.LoggerConfig.callAppenders(LoggerConfig.java:683)
	at org.apache.logging.log4j.core.config.LoggerConfig.processLogEvent(LoggerConfig.java:641)
	at org.apache.logging.log4j.core.config.LoggerConfig.log(LoggerConfig.java:624)
	at org.apache.logging.log4j.core.config.LoggerConfig.log(LoggerConfig.java:560)
	at org.apache.logging.log4j.core.config.AwaitCompletionReliabilityStrategy.log(AwaitCompletionReliabilityStrategy.java:82)
	at org.apache.logging.log4j.core.Logger.log(Logger.java:162)
	at org.apache.logging.log4j.spi.AbstractLogger.logMessage(AbstractLogger.java:2106)
	at org.apache.logging.log4j.internal.DefaultLogBuilder.logMessage(DefaultLogBuilder.java:241)
	at org.apache.logging.log4j.internal.DefaultLogBuilder.log(DefaultLogBuilder.java:162)
	at org.apache.xmlbeans.impl.schema.SchemaTypeSystemImpl.resolveHandle(SchemaTypeSystemImpl.java:935)
	at org.apache.xmlbeans.SchemaComponent$Ref.getComponent(SchemaComponent.java:111)
	at org.apache.xmlbeans.SchemaType$Ref.get(SchemaType.java:1072)
	at org.apache.xmlbeans.impl.schema.SchemaPropertyImpl.getType(SchemaPropertyImpl.java:85)
	at org.apache.xmlbeans.impl.schema.SchemaTypeImpl.createElementType(SchemaTypeImpl.java:990)
	at org.apache.xmlbeans.impl.values.XmlObjectBase.create_element_user(XmlObjectBase.java:879)
	at org.apache.xmlbeans.impl.store.Xobj.getUser(Xobj.java:1597)
	at org.apache.xmlbeans.impl.store.Xobj.find_element_user(Xobj.java:1968)
	at org.openxmlformats.schemas.spreadsheetml.x2006.main.impl.CTWorkbookImpl.getSheets(CTWorkbookImpl.java:338)
	at org.apache.poi.xssf.usermodel.XSSFWorkbook.onDocumentRead(XSSFWorkbook.java:423)
	at org.apache.poi.ooxml.POIXMLDocument.load(POIXMLDocument.java:169)
	at org.apache.poi.xssf.usermodel.XSSFWorkbook.<init>(XSSFWorkbook.java:260)
	at org.apache.poi.xssf.usermodel.XSSFWorkbook.<init>(XSSFWorkbook.java:290)
	at org.apache.poi.xssf.usermodel.XSSFWorkbook.<init>(XSSFWorkbook.java:286)
	at externalResources.ExcelDataRead.<init>(ExcelDataRead.java:22)
	at listeners.AnnotationsTransformer.toBeExecuted(AnnotationsTransformer.java:36)
	at listeners.AnnotationsTransformer.transform(AnnotationsTransformer.java:24)
	at org.testng.internal.annotations.JDK15AnnotationFinder.transform(JDK15AnnotationFinder.java:172)
	at org.testng.internal.annotations.JDK15AnnotationFinder.lambda$findAnnotation$0(JDK15AnnotationFinder.java:279)
	at java.base/java.util.concurrent.ConcurrentHashMap.computeIfAbsent(ConcurrentHashMap.java:1705)
	at org.testng.internal.annotations.JDK15AnnotationFinder.findAnnotation(JDK15AnnotationFinder.java:275)
	at org.testng.internal.annotations.JDK15AnnotationFinder.findAnnotation(JDK15AnnotationFinder.java:113)
	at org.testng.internal.TestNGClassFinder.isTestNGClass(TestNGClassFinder.java:275)
	at org.testng.internal.TestNGClassFinder.isNotTestNGClass(TestNGClassFinder.java:260)
	at org.testng.internal.TestNGClassFinder.processClass(TestNGClassFinder.java:94)
	at org.testng.internal.TestNGClassFinder.<init>(TestNGClassFinder.java:67)
	at org.testng.TestRunner.initMethods(TestRunner.java:442)
	at org.testng.TestRunner.init(TestRunner.java:336)
	at org.testng.TestRunner.init(TestRunner.java:289)
	at org.testng.TestRunner.<init>(TestRunner.java:179)
	at org.testng.SuiteRunner$DefaultTestRunnerFactory.newTestRunner(SuiteRunner.java:643)
	at org.testng.SuiteRunner.init(SuiteRunner.java:225)
	at org.testng.SuiteRunner.<init>(SuiteRunner.java:115)
	at org.testng.TestNG.createSuiteRunner(TestNG.java:1349)
	at org.testng.TestNG.createSuiteRunners(TestNG.java:1325)
	at org.testng.TestNG.runSuitesLocally(TestNG.java:1167)
	at org.testng.TestNG.runSuites(TestNG.java:1099)
	at org.testng.TestNG.run(TestNG.java:1067)
	at org.apache.maven.surefire.testng.TestNGExecutor.run(TestNGExecutor.java:324)
	at org.apache.maven.surefire.testng.TestNGXmlTestSuite.execute(TestNGXmlTestSuite.java:74)
	at org.apache.maven.surefire.testng.TestNGProvider.invoke(TestNGProvider.java:123)
	at org.apache.maven.surefire.booter.ForkedBooter.runSuitesInProcess(ForkedBooter.java:456)
	at org.apache.maven.surefire.booter.ForkedBooter.execute(ForkedBooter.java:169)
	at org.apache.maven.surefire.booter.ForkedBooter.run(ForkedBooter.java:595)
	at org.apache.maven.surefire.booter.ForkedBooter.main(ForkedBooter.java:581)

2023-02-13 11:57:15,908 main ERROR Unable to invoke factory method in class org.apache.logging.log4j.core.appender.RollingFileAppender for element RollingFile: java.lang.IllegalStateException: No factory method found for class org.apache.logging.log4j.core.appender.RollingFileAppender java.lang.IllegalStateException: No factory method found for class org.apache.logging.log4j.core.appender.RollingFileAppender
	at org.apache.logging.log4j.core.config.plugins.util.PluginBuilder.findFactoryMethod(PluginBuilder.java:260)
	at org.apache.logging.log4j.core.config.plugins.util.PluginBuilder.build(PluginBuilder.java:136)
	at org.apache.logging.log4j.core.config.AbstractConfiguration.createPluginObject(AbstractConfiguration.java:1138)
	at org.apache.logging.log4j.core.config.AbstractConfiguration.createConfiguration(AbstractConfiguration.java:1063)
	at org.apache.logging.log4j.core.appender.routing.RoutingAppender.createAppender(RoutingAppender.java:310)
	at org.apache.logging.log4j.core.appender.routing.RoutingAppender.getControl(RoutingAppender.java:282)
	at org.apache.logging.log4j.core.appender.routing.RoutingAppender.append(RoutingAppender.java:240)
	at org.apache.logging.log4j.core.config.AppenderControl.tryCallAppender(AppenderControl.java:161)
	at org.apache.logging.log4j.core.config.AppenderControl.callAppender0(AppenderControl.java:134)
	at org.apache.logging.log4j.core.config.AppenderControl.callAppenderPreventRecursion(AppenderControl.java:125)
	at org.apache.logging.log4j.core.config.AppenderControl.callAppender(AppenderControl.java:89)
	at org.apache.logging.log4j.core.config.LoggerConfig.callAppenders(LoggerConfig.java:683)
	at org.apache.logging.log4j.core.config.LoggerConfig.processLogEvent(LoggerConfig.java:641)
	at org.apache.logging.log4j.core.config.LoggerConfig.log(LoggerConfig.java:624)
	at org.apache.logging.log4j.core.config.LoggerConfig.log(LoggerConfig.java:560)
	at org.apache.logging.log4j.core.config.AwaitCompletionReliabilityStrategy.log(AwaitCompletionReliabilityStrategy.java:82)
	at org.apache.logging.log4j.core.Logger.log(Logger.java:162)
	at org.apache.logging.log4j.spi.AbstractLogger.logMessage(AbstractLogger.java:2106)
	at org.apache.logging.log4j.internal.DefaultLogBuilder.logMessage(DefaultLogBuilder.java:241)
	at org.apache.logging.log4j.internal.DefaultLogBuilder.log(DefaultLogBuilder.java:162)
	at org.apache.xmlbeans.impl.schema.SchemaTypeSystemImpl.resolveHandle(SchemaTypeSystemImpl.java:935)
	at org.apache.xmlbeans.SchemaComponent$Ref.getComponent(SchemaComponent.java:111)
	at org.apache.xmlbeans.SchemaType$Ref.get(SchemaType.java:1072)
	at org.apache.xmlbeans.impl.schema.SchemaPropertyImpl.getType(SchemaPropertyImpl.java:85)
	at org.apache.xmlbeans.impl.schema.SchemaTypeImpl.createElementType(SchemaTypeImpl.java:990)
	at org.apache.xmlbeans.impl.values.XmlObjectBase.create_element_user(XmlObjectBase.java:879)
	at org.apache.xmlbeans.impl.store.Xobj.getUser(Xobj.java:1597)
	at org.apache.xmlbeans.impl.store.Xobj.find_element_user(Xobj.java:1968)
	at org.openxmlformats.schemas.spreadsheetml.x2006.main.impl.CTWorkbookImpl.getSheets(CTWorkbookImpl.java:338)
	at org.apache.poi.xssf.usermodel.XSSFWorkbook.onDocumentRead(XSSFWorkbook.java:423)
	at org.apache.poi.ooxml.POIXMLDocument.load(POIXMLDocument.java:169)
	at org.apache.poi.xssf.usermodel.XSSFWorkbook.<init>(XSSFWorkbook.java:260)
	at org.apache.poi.xssf.usermodel.XSSFWorkbook.<init>(XSSFWorkbook.java:290)
	at org.apache.poi.xssf.usermodel.XSSFWorkbook.<init>(XSSFWorkbook.java:286)
	at externalResources.ExcelDataRead.<init>(ExcelDataRead.java:22)
	at listeners.AnnotationsTransformer.toBeExecuted(AnnotationsTransformer.java:36)
	at listeners.AnnotationsTransformer.transform(AnnotationsTransformer.java:24)
	at org.testng.internal.annotations.JDK15AnnotationFinder.transform(JDK15AnnotationFinder.java:172)
	at org.testng.internal.annotations.JDK15AnnotationFinder.lambda$findAnnotation$0(JDK15AnnotationFinder.java:279)
	at java.base/java.util.concurrent.ConcurrentHashMap.computeIfAbsent(ConcurrentHashMap.java:1705)
	at org.testng.internal.annotations.JDK15AnnotationFinder.findAnnotation(JDK15AnnotationFinder.java:275)
	at org.testng.internal.annotations.JDK15AnnotationFinder.findAnnotation(JDK15AnnotationFinder.java:113)
	at org.testng.internal.TestNGClassFinder.isTestNGClass(TestNGClassFinder.java:275)
	at org.testng.internal.TestNGClassFinder.isNotTestNGClass(TestNGClassFinder.java:260)
	at org.testng.internal.TestNGClassFinder.processClass(TestNGClassFinder.java:94)
	at org.testng.internal.TestNGClassFinder.<init>(TestNGClassFinder.java:67)
	at org.testng.TestRunner.initMethods(TestRunner.java:442)
	at org.testng.TestRunner.init(TestRunner.java:336)
	at org.testng.TestRunner.init(TestRunner.java:289)
	at org.testng.TestRunner.<init>(TestRunner.java:179)
	at org.testng.SuiteRunner$DefaultTestRunnerFactory.newTestRunner(SuiteRunner.java:643)
	at org.testng.SuiteRunner.init(SuiteRunner.java:225)
	at org.testng.SuiteRunner.<init>(SuiteRunner.java:115)
	at org.testng.TestNG.createSuiteRunner(TestNG.java:1349)
	at org.testng.TestNG.createSuiteRunners(TestNG.java:1325)
	at org.testng.TestNG.runSuitesLocally(TestNG.java:1167)
	at org.testng.TestNG.runSuites(TestNG.java:1099)
	at org.testng.TestNG.run(TestNG.java:1067)
	at org.apache.maven.surefire.testng.TestNGExecutor.run(TestNGExecutor.java:324)
	at org.apache.maven.surefire.testng.TestNGXmlTestSuite.execute(TestNGXmlTestSuite.java:74)
	at org.apache.maven.surefire.testng.TestNGProvider.invoke(TestNGProvider.java:123)
	at org.apache.maven.surefire.booter.ForkedBooter.runSuitesInProcess(ForkedBooter.java:456)
	at org.apache.maven.surefire.booter.ForkedBooter.execute(ForkedBooter.java:169)
	at org.apache.maven.surefire.booter.ForkedBooter.run(ForkedBooter.java:595)
	at org.apache.maven.surefire.booter.ForkedBooter.main(ForkedBooter.java:581)

2023-02-13 11:57:15,914 main ERROR Unable to create file ./results/logs/${ctx:threadName}.log java.io.IOException: The filename, directory name, or volume label syntax is incorrect
	at java.base/java.io.WinNTFileSystem.canonicalize0(Native Method)
	at java.base/java.io.WinNTFileSystem.canonicalize(WinNTFileSystem.java:483)
	at java.base/java.io.File.getCanonicalPath(File.java:626)
	at java.base/java.io.File.getCanonicalFile(File.java:651)
	at org.apache.logging.log4j.core.util.FileUtils.makeParentDirs(FileUtils.java:139)
	at org.apache.logging.log4j.core.appender.rolling.RollingFileManager$RollingFileManagerFactory.createManager(RollingFileManager.java:734)
	at org.apache.logging.log4j.core.appender.rolling.RollingFileManager$RollingFileManagerFactory.createManager(RollingFileManager.java:718)
	at org.apache.logging.log4j.core.appender.AbstractManager.getManager(AbstractManager.java:144)
	at org.apache.logging.log4j.core.appender.OutputStreamManager.getManager(OutputStreamManager.java:100)
	at org.apache.logging.log4j.core.appender.rolling.RollingFileManager.getFileManager(RollingFileManager.java:217)
	at org.apache.logging.log4j.core.appender.RollingFileAppender$Builder.build(RollingFileAppender.java:135)
	at org.apache.logging.log4j.core.appender.RollingFileAppender$Builder.build(RollingFileAppender.java:62)
	at org.apache.logging.log4j.core.config.plugins.util.PluginBuilder.build(PluginBuilder.java:124)
	at org.apache.logging.log4j.core.config.AbstractConfiguration.createPluginObject(AbstractConfiguration.java:1138)
	at org.apache.logging.log4j.core.config.AbstractConfiguration.createConfiguration(AbstractConfiguration.java:1063)
	at org.apache.logging.log4j.core.appender.routing.RoutingAppender.createAppender(RoutingAppender.java:310)
	at org.apache.logging.log4j.core.appender.routing.RoutingAppender.getControl(RoutingAppender.java:282)
	at org.apache.logging.log4j.core.appender.routing.RoutingAppender.append(RoutingAppender.java:240)
	at org.apache.logging.log4j.core.config.AppenderControl.tryCallAppender(AppenderControl.java:161)
	at org.apache.logging.log4j.core.config.AppenderControl.callAppender0(AppenderControl.java:134)
	at org.apache.logging.log4j.core.config.AppenderControl.callAppenderPreventRecursion(AppenderControl.java:125)
	at org.apache.logging.log4j.core.config.AppenderControl.callAppender(AppenderControl.java:89)
	at org.apache.logging.log4j.core.config.LoggerConfig.callAppenders(LoggerConfig.java:683)
	at org.apache.logging.log4j.core.config.LoggerConfig.processLogEvent(LoggerConfig.java:641)
	at org.apache.logging.log4j.core.config.LoggerConfig.log(LoggerConfig.java:624)
	at org.apache.logging.log4j.core.config.LoggerConfig.log(LoggerConfig.java:560)
	at org.apache.logging.log4j.core.config.AwaitCompletionReliabilityStrategy.log(AwaitCompletionReliabilityStrategy.java:82)
	at org.apache.logging.log4j.core.Logger.log(Logger.java:162)
	at org.apache.logging.log4j.spi.AbstractLogger.logMessage(AbstractLogger.java:2106)
	at org.apache.logging.log4j.internal.DefaultLogBuilder.logMessage(DefaultLogBuilder.java:241)
	at org.apache.logging.log4j.internal.DefaultLogBuilder.log(DefaultLogBuilder.java:162)
	at org.apache.xmlbeans.impl.schema.SchemaTypeSystemImpl.resolveHandle(SchemaTypeSystemImpl.java:935)
	at org.apache.xmlbeans.SchemaComponent$Ref.getComponent(SchemaComponent.java:111)
	at org.apache.xmlbeans.SchemaType$Ref.get(SchemaType.java:1072)
	at org.apache.xmlbeans.impl.schema.SchemaPropertyImpl.getType(SchemaPropertyImpl.java:85)
	at org.apache.xmlbeans.impl.schema.SchemaTypeImpl.createElementType(SchemaTypeImpl.java:990)
	at org.apache.xmlbeans.impl.values.XmlObjectBase.create_element_user(XmlObjectBase.java:879)
	at org.apache.xmlbeans.impl.store.Xobj.getUser(Xobj.java:1597)
	at org.apache.xmlbeans.impl.store.Xobj.find_all_element_users(Xobj.java:1990)
	at org.apache.xmlbeans.impl.values.XmlObjectBase.getBaseArray(XmlObjectBase.java:3104)
	at org.apache.xmlbeans.impl.values.XmlObjectBase.getXmlObjectArray(XmlObjectBase.java:3203)
	at org.openxmlformats.schemas.spreadsheetml.x2006.main.impl.CTSheetsImpl.getSheetArray(CTSheetsImpl.java:53)
	at org.apache.poi.xssf.usermodel.XSSFWorkbook.onDocumentRead(XSSFWorkbook.java:424)
	at org.apache.poi.ooxml.POIXMLDocument.load(POIXMLDocument.java:169)
	at org.apache.poi.xssf.usermodel.XSSFWorkbook.<init>(XSSFWorkbook.java:260)
	at org.apache.poi.xssf.usermodel.XSSFWorkbook.<init>(XSSFWorkbook.java:290)
	at org.apache.poi.xssf.usermodel.XSSFWorkbook.<init>(XSSFWorkbook.java:286)
	at externalResources.ExcelDataRead.<init>(ExcelDataRead.java:22)
	at listeners.AnnotationsTransformer.toBeExecuted(AnnotationsTransformer.java:36)
	at listeners.AnnotationsTransformer.transform(AnnotationsTransformer.java:24)
	at org.testng.internal.annotations.JDK15AnnotationFinder.transform(JDK15AnnotationFinder.java:172)
	at org.testng.internal.annotations.JDK15AnnotationFinder.lambda$findAnnotation$0(JDK15AnnotationFinder.java:279)
	at java.base/java.util.concurrent.ConcurrentHashMap.computeIfAbsent(ConcurrentHashMap.java:1705)
	at org.testng.internal.annotations.JDK15AnnotationFinder.findAnnotation(JDK15AnnotationFinder.java:275)
	at org.testng.internal.annotations.JDK15AnnotationFinder.findAnnotation(JDK15AnnotationFinder.java:113)
	at org.testng.internal.TestNGClassFinder.isTestNGClass(TestNGClassFinder.java:275)
	at org.testng.internal.TestNGClassFinder.isNotTestNGClass(TestNGClassFinder.java:260)
	at org.testng.internal.TestNGClassFinder.processClass(TestNGClassFinder.java:94)
	at org.testng.internal.TestNGClassFinder.<init>(TestNGClassFinder.java:67)
	at org.testng.TestRunner.initMethods(TestRunner.java:442)
	at org.testng.TestRunner.init(TestRunner.java:336)
	at org.testng.TestRunner.init(TestRunner.java:289)
	at org.testng.TestRunner.<init>(TestRunner.java:179)
	at org.testng.SuiteRunner$DefaultTestRunnerFactory.newTestRunner(SuiteRunner.java:643)
	at org.testng.SuiteRunner.init(SuiteRunner.java:225)
	at org.testng.SuiteRunner.<init>(SuiteRunner.java:115)
	at org.testng.TestNG.createSuiteRunner(TestNG.java:1349)
	at org.testng.TestNG.createSuiteRunners(TestNG.java:1325)
	at org.testng.TestNG.runSuitesLocally(TestNG.java:1167)
	at org.testng.TestNG.runSuites(TestNG.java:1099)
	at org.testng.TestNG.run(TestNG.java:1067)
	at org.apache.maven.surefire.testng.TestNGExecutor.run(TestNGExecutor.java:324)
	at org.apache.maven.surefire.testng.TestNGXmlTestSuite.execute(TestNGXmlTestSuite.java:74)
	at org.apache.maven.surefire.testng.TestNGProvider.invoke(TestNGProvider.java:123)
	at org.apache.maven.surefire.booter.ForkedBooter.runSuitesInProcess(ForkedBooter.java:456)
	at org.apache.maven.surefire.booter.ForkedBooter.execute(ForkedBooter.java:169)
	at org.apache.maven.surefire.booter.ForkedBooter.run(ForkedBooter.java:595)
	at org.apache.maven.surefire.booter.ForkedBooter.main(ForkedBooter.java:581)

2023-02-13 11:57:15,915 main ERROR Could not create plugin of type class org.apache.logging.log4j.core.appender.RollingFileAppender for element RollingFile: java.lang.IllegalStateException: ManagerFactory [org.apache.logging.log4j.core.appender.rolling.RollingFileManager$RollingFileManagerFactory@4e6d7365] unable to create manager for [./results/logs/${ctx:threadName}.log] with data [org.apache.logging.log4j.core.appender.rolling.RollingFileManager$FactoryData@468be356[pattern=./results/logs/${ctx:threadName}-%d{yyyy-MM-dd}.log, append=true, bufferedIO=true, bufferSize=8192, policy=SizeBasedTriggeringPolicy(size=512000), strategy=DefaultRolloverStrategy(min=1, max=7, useMax=true), advertiseURI=null, layout=%d{HH:mm:ss.SSS} [%t] %-5level %logger{36} - %msg%n, filePermissions=null, fileOwner=null]] java.lang.IllegalStateException: ManagerFactory [org.apache.logging.log4j.core.appender.rolling.RollingFileManager$RollingFileManagerFactory@4e6d7365] unable to create manager for [./results/logs/${ctx:threadName}.log] with data [org.apache.logging.log4j.core.appender.rolling.RollingFileManager$FactoryData@468be356[pattern=./results/logs/${ctx:threadName}-%d{yyyy-MM-dd}.log, append=true, bufferedIO=true, bufferSize=8192, policy=SizeBasedTriggeringPolicy(size=512000), strategy=DefaultRolloverStrategy(min=1, max=7, useMax=true), advertiseURI=null, layout=%d{HH:mm:ss.SSS} [%t] %-5level %logger{36} - %msg%n, filePermissions=null, fileOwner=null]]
	at org.apache.logging.log4j.core.appender.AbstractManager.getManager(AbstractManager.java:146)
	at org.apache.logging.log4j.core.appender.OutputStreamManager.getManager(OutputStreamManager.java:100)
	at org.apache.logging.log4j.core.appender.rolling.RollingFileManager.getFileManager(RollingFileManager.java:217)
	at org.apache.logging.log4j.core.appender.RollingFileAppender$Builder.build(RollingFileAppender.java:135)
	at org.apache.logging.log4j.core.appender.RollingFileAppender$Builder.build(RollingFileAppender.java:62)
	at org.apache.logging.log4j.core.config.plugins.util.PluginBuilder.build(PluginBuilder.java:124)
	at org.apache.logging.log4j.core.config.AbstractConfiguration.createPluginObject(AbstractConfiguration.java:1138)
	at org.apache.logging.log4j.core.config.AbstractConfiguration.createConfiguration(AbstractConfiguration.java:1063)
	at org.apache.logging.log4j.core.appender.routing.RoutingAppender.createAppender(RoutingAppender.java:310)
	at org.apache.logging.log4j.core.appender.routing.RoutingAppender.getControl(RoutingAppender.java:282)
	at org.apache.logging.log4j.core.appender.routing.RoutingAppender.append(RoutingAppender.java:240)
	at org.apache.logging.log4j.core.config.AppenderControl.tryCallAppender(AppenderControl.java:161)
	at org.apache.logging.log4j.core.config.AppenderControl.callAppender0(AppenderControl.java:134)
	at org.apache.logging.log4j.core.config.AppenderControl.callAppenderPreventRecursion(AppenderControl.java:125)
	at org.apache.logging.log4j.core.config.AppenderControl.callAppender(AppenderControl.java:89)
	at org.apache.logging.log4j.core.config.LoggerConfig.callAppenders(LoggerConfig.java:683)
	at org.apache.logging.log4j.core.config.LoggerConfig.processLogEvent(LoggerConfig.java:641)
	at org.apache.logging.log4j.core.config.LoggerConfig.log(LoggerConfig.java:624)
	at org.apache.logging.log4j.core.config.LoggerConfig.log(LoggerConfig.java:560)
	at org.apache.logging.log4j.core.config.AwaitCompletionReliabilityStrategy.log(AwaitCompletionReliabilityStrategy.java:82)
	at org.apache.logging.log4j.core.Logger.log(Logger.java:162)
	at org.apache.logging.log4j.spi.AbstractLogger.logMessage(AbstractLogger.java:2106)
	at org.apache.logging.log4j.internal.DefaultLogBuilder.logMessage(DefaultLogBuilder.java:241)
	at org.apache.logging.log4j.internal.DefaultLogBuilder.log(DefaultLogBuilder.java:162)
	at org.apache.xmlbeans.impl.schema.SchemaTypeSystemImpl.resolveHandle(SchemaTypeSystemImpl.java:935)
	at org.apache.xmlbeans.SchemaComponent$Ref.getComponent(SchemaComponent.java:111)
	at org.apache.xmlbeans.SchemaType$Ref.get(SchemaType.java:1072)
	at org.apache.xmlbeans.impl.schema.SchemaPropertyImpl.getType(SchemaPropertyImpl.java:85)
	at org.apache.xmlbeans.impl.schema.SchemaTypeImpl.createElementType(SchemaTypeImpl.java:990)
	at org.apache.xmlbeans.impl.values.XmlObjectBase.create_element_user(XmlObjectBase.java:879)
	at org.apache.xmlbeans.impl.store.Xobj.getUser(Xobj.java:1597)
	at org.apache.xmlbeans.impl.store.Xobj.find_all_element_users(Xobj.java:1990)
	at org.apache.xmlbeans.impl.values.XmlObjectBase.getBaseArray(XmlObjectBase.java:3104)
	at org.apache.xmlbeans.impl.values.XmlObjectBase.getXmlObjectArray(XmlObjectBase.java:3203)
	at org.openxmlformats.schemas.spreadsheetml.x2006.main.impl.CTSheetsImpl.getSheetArray(CTSheetsImpl.java:53)
	at org.apache.poi.xssf.usermodel.XSSFWorkbook.onDocumentRead(XSSFWorkbook.java:424)
	at org.apache.poi.ooxml.POIXMLDocument.load(POIXMLDocument.java:169)
	at org.apache.poi.xssf.usermodel.XSSFWorkbook.<init>(XSSFWorkbook.java:260)
	at org.apache.poi.xssf.usermodel.XSSFWorkbook.<init>(XSSFWorkbook.java:290)
	at org.apache.poi.xssf.usermodel.XSSFWorkbook.<init>(XSSFWorkbook.java:286)
	at externalResources.ExcelDataRead.<init>(ExcelDataRead.java:22)
	at listeners.AnnotationsTransformer.toBeExecuted(AnnotationsTransformer.java:36)
	at listeners.AnnotationsTransformer.transform(AnnotationsTransformer.java:24)
	at org.testng.internal.annotations.JDK15AnnotationFinder.transform(JDK15AnnotationFinder.java:172)
	at org.testng.internal.annotations.JDK15AnnotationFinder.lambda$findAnnotation$0(JDK15AnnotationFinder.java:279)
	at java.base/java.util.concurrent.ConcurrentHashMap.computeIfAbsent(ConcurrentHashMap.java:1705)
	at org.testng.internal.annotations.JDK15AnnotationFinder.findAnnotation(JDK15AnnotationFinder.java:275)
	at org.testng.internal.annotations.JDK15AnnotationFinder.findAnnotation(JDK15AnnotationFinder.java:113)
	at org.testng.internal.TestNGClassFinder.isTestNGClass(TestNGClassFinder.java:275)
	at org.testng.internal.TestNGClassFinder.isNotTestNGClass(TestNGClassFinder.java:260)
	at org.testng.internal.TestNGClassFinder.processClass(TestNGClassFinder.java:94)
	at org.testng.internal.TestNGClassFinder.<init>(TestNGClassFinder.java:67)
	at org.testng.TestRunner.initMethods(TestRunner.java:442)
	at org.testng.TestRunner.init(TestRunner.java:336)
	at org.testng.TestRunner.init(TestRunner.java:289)
	at org.testng.TestRunner.<init>(TestRunner.java:179)
	at org.testng.SuiteRunner$DefaultTestRunnerFactory.newTestRunner(SuiteRunner.java:643)
	at org.testng.SuiteRunner.init(SuiteRunner.java:225)
	at org.testng.SuiteRunner.<init>(SuiteRunner.java:115)
	at org.testng.TestNG.createSuiteRunner(TestNG.java:1349)
	at org.testng.TestNG.createSuiteRunners(TestNG.java:1325)
	at org.testng.TestNG.runSuitesLocally(TestNG.java:1167)
	at org.testng.TestNG.runSuites(TestNG.java:1099)
	at org.testng.TestNG.run(TestNG.java:1067)
	at org.apache.maven.surefire.testng.TestNGExecutor.run(TestNGExecutor.java:324)
	at org.apache.maven.surefire.testng.TestNGXmlTestSuite.execute(TestNGXmlTestSuite.java:74)
	at org.apache.maven.surefire.testng.TestNGProvider.invoke(TestNGProvider.java:123)
	at org.apache.maven.surefire.booter.ForkedBooter.runSuitesInProcess(ForkedBooter.java:456)
	at org.apache.maven.surefire.booter.ForkedBooter.execute(ForkedBooter.java:169)
	at org.apache.maven.surefire.booter.ForkedBooter.run(ForkedBooter.java:595)
	at org.apache.maven.surefire.booter.ForkedBooter.main(ForkedBooter.java:581)

2023-02-13 11:57:15,916 main ERROR Unable to invoke factory method in class org.apache.logging.log4j.core.appender.RollingFileAppender for element RollingFile: java.lang.IllegalStateException: No factory method found for class org.apache.logging.log4j.core.appender.RollingFileAppender java.lang.IllegalStateException: No factory method found for class org.apache.logging.log4j.core.appender.RollingFileAppender
	at org.apache.logging.log4j.core.config.plugins.util.PluginBuilder.findFactoryMethod(PluginBuilder.java:260)
	at org.apache.logging.log4j.core.config.plugins.util.PluginBuilder.build(PluginBuilder.java:136)
	at org.apache.logging.log4j.core.config.AbstractConfiguration.createPluginObject(AbstractConfiguration.java:1138)
	at org.apache.logging.log4j.core.config.AbstractConfiguration.createConfiguration(AbstractConfiguration.java:1063)
	at org.apache.logging.log4j.core.appender.routing.RoutingAppender.createAppender(RoutingAppender.java:310)
	at org.apache.logging.log4j.core.appender.routing.RoutingAppender.getControl(RoutingAppender.java:282)
	at org.apache.logging.log4j.core.appender.routing.RoutingAppender.append(RoutingAppender.java:240)
	at org.apache.logging.log4j.core.config.AppenderControl.tryCallAppender(AppenderControl.java:161)
	at org.apache.logging.log4j.core.config.AppenderControl.callAppender0(AppenderControl.java:134)
	at org.apache.logging.log4j.core.config.AppenderControl.callAppenderPreventRecursion(AppenderControl.java:125)
	at org.apache.logging.log4j.core.config.AppenderControl.callAppender(AppenderControl.java:89)
	at org.apache.logging.log4j.core.config.LoggerConfig.callAppenders(LoggerConfig.java:683)
	at org.apache.logging.log4j.core.config.LoggerConfig.processLogEvent(LoggerConfig.java:641)
	at org.apache.logging.log4j.core.config.LoggerConfig.log(LoggerConfig.java:624)
	at org.apache.logging.log4j.core.config.LoggerConfig.log(LoggerConfig.java:560)
	at org.apache.logging.log4j.core.config.AwaitCompletionReliabilityStrategy.log(AwaitCompletionReliabilityStrategy.java:82)
	at org.apache.logging.log4j.core.Logger.log(Logger.java:162)
	at org.apache.logging.log4j.spi.AbstractLogger.logMessage(AbstractLogger.java:2106)
	at org.apache.logging.log4j.internal.DefaultLogBuilder.logMessage(DefaultLogBuilder.java:241)
	at org.apache.logging.log4j.internal.DefaultLogBuilder.log(DefaultLogBuilder.java:162)
	at org.apache.xmlbeans.impl.schema.SchemaTypeSystemImpl.resolveHandle(SchemaTypeSystemImpl.java:935)
	at org.apache.xmlbeans.SchemaComponent$Ref.getComponent(SchemaComponent.java:111)
	at org.apache.xmlbeans.SchemaType$Ref.get(SchemaType.java:1072)
	at org.apache.xmlbeans.impl.schema.SchemaPropertyImpl.getType(SchemaPropertyImpl.java:85)
	at org.apache.xmlbeans.impl.schema.SchemaTypeImpl.createElementType(SchemaTypeImpl.java:990)
	at org.apache.xmlbeans.impl.values.XmlObjectBase.create_element_user(XmlObjectBase.java:879)
	at org.apache.xmlbeans.impl.store.Xobj.getUser(Xobj.java:1597)
	at org.apache.xmlbeans.impl.store.Xobj.find_all_element_users(Xobj.java:1990)
	at org.apache.xmlbeans.impl.values.XmlObjectBase.getBaseArray(XmlObjectBase.java:3104)
	at org.apache.xmlbeans.impl.values.XmlObjectBase.getXmlObjectArray(XmlObjectBase.java:3203)
	at org.openxmlformats.schemas.spreadsheetml.x2006.main.impl.CTSheetsImpl.getSheetArray(CTSheetsImpl.java:53)
	at org.apache.poi.xssf.usermodel.XSSFWorkbook.onDocumentRead(XSSFWorkbook.java:424)
	at org.apache.poi.ooxml.POIXMLDocument.load(POIXMLDocument.java:169)
	at org.apache.poi.xssf.usermodel.XSSFWorkbook.<init>(XSSFWorkbook.java:260)
	at org.apache.poi.xssf.usermodel.XSSFWorkbook.<init>(XSSFWorkbook.java:290)
	at org.apache.poi.xssf.usermodel.XSSFWorkbook.<init>(XSSFWorkbook.java:286)
	at externalResources.ExcelDataRead.<init>(ExcelDataRead.java:22)
	at listeners.AnnotationsTransformer.toBeExecuted(AnnotationsTransformer.java:36)
	at listeners.AnnotationsTransformer.transform(AnnotationsTransformer.java:24)
	at org.testng.internal.annotations.JDK15AnnotationFinder.transform(JDK15AnnotationFinder.java:172)
	at org.testng.internal.annotations.JDK15AnnotationFinder.lambda$findAnnotation$0(JDK15AnnotationFinder.java:279)
	at java.base/java.util.concurrent.ConcurrentHashMap.computeIfAbsent(ConcurrentHashMap.java:1705)
	at org.testng.internal.annotations.JDK15AnnotationFinder.findAnnotation(JDK15AnnotationFinder.java:275)
	at org.testng.internal.annotations.JDK15AnnotationFinder.findAnnotation(JDK15AnnotationFinder.java:113)
	at org.testng.internal.TestNGClassFinder.isTestNGClass(TestNGClassFinder.java:275)
	at org.testng.internal.TestNGClassFinder.isNotTestNGClass(TestNGClassFinder.java:260)
	at org.testng.internal.TestNGClassFinder.processClass(TestNGClassFinder.java:94)
	at org.testng.internal.TestNGClassFinder.<init>(TestNGClassFinder.java:67)
	at org.testng.TestRunner.initMethods(TestRunner.java:442)
	at org.testng.TestRunner.init(TestRunner.java:336)
	at org.testng.TestRunner.init(TestRunner.java:289)
	at org.testng.TestRunner.<init>(TestRunner.java:179)
	at org.testng.SuiteRunner$DefaultTestRunnerFactory.newTestRunner(SuiteRunner.java:643)
	at org.testng.SuiteRunner.init(SuiteRunner.java:225)
	at org.testng.SuiteRunner.<init>(SuiteRunner.java:115)
	at org.testng.TestNG.createSuiteRunner(TestNG.java:1349)
	at org.testng.TestNG.createSuiteRunners(TestNG.java:1325)
	at org.testng.TestNG.runSuitesLocally(TestNG.java:1167)
	at org.testng.TestNG.runSuites(TestNG.java:1099)
	at org.testng.TestNG.run(TestNG.java:1067)
	at org.apache.maven.surefire.testng.TestNGExecutor.run(TestNGExecutor.java:324)
	at org.apache.maven.surefire.testng.TestNGXmlTestSuite.execute(TestNGXmlTestSuite.java:74)
	at org.apache.maven.surefire.testng.TestNGProvider.invoke(TestNGProvider.java:123)
	at org.apache.maven.surefire.booter.ForkedBooter.runSuitesInProcess(ForkedBooter.java:456)
	at org.apache.maven.surefire.booter.ForkedBooter.execute(ForkedBooter.java:169)
	at org.apache.maven.surefire.booter.ForkedBooter.run(ForkedBooter.java:595)
	at org.apache.maven.surefire.booter.ForkedBooter.main(ForkedBooter.java:581)

2023-02-13 11:57:15,921 main ERROR Unable to create file ./results/logs/${ctx:threadName}.log java.io.IOException: The filename, directory name, or volume label syntax is incorrect
	at java.base/java.io.WinNTFileSystem.canonicalize0(Native Method)
	at java.base/java.io.WinNTFileSystem.canonicalize(WinNTFileSystem.java:483)
	at java.base/java.io.File.getCanonicalPath(File.java:626)
	at java.base/java.io.File.getCanonicalFile(File.java:651)
	at org.apache.logging.log4j.core.util.FileUtils.makeParentDirs(FileUtils.java:139)
	at org.apache.logging.log4j.core.appender.rolling.RollingFileManager$RollingFileManagerFactory.createManager(RollingFileManager.java:734)
	at org.apache.logging.log4j.core.appender.rolling.RollingFileManager$RollingFileManagerFactory.createManager(RollingFileManager.java:718)
	at org.apache.logging.log4j.core.appender.AbstractManager.getManager(AbstractManager.java:144)
	at org.apache.logging.log4j.core.appender.OutputStreamManager.getManager(OutputStreamManager.java:100)
	at org.apache.logging.log4j.core.appender.rolling.RollingFileManager.getFileManager(RollingFileManager.java:217)
	at org.apache.logging.log4j.core.appender.RollingFileAppender$Builder.build(RollingFileAppender.java:135)
	at org.apache.logging.log4j.core.appender.RollingFileAppender$Builder.build(RollingFileAppender.java:62)
	at org.apache.logging.log4j.core.config.plugins.util.PluginBuilder.build(PluginBuilder.java:124)
	at org.apache.logging.log4j.core.config.AbstractConfiguration.createPluginObject(AbstractConfiguration.java:1138)
	at org.apache.logging.log4j.core.config.AbstractConfiguration.createConfiguration(AbstractConfiguration.java:1063)
	at org.apache.logging.log4j.core.appender.routing.RoutingAppender.createAppender(RoutingAppender.java:310)
	at org.apache.logging.log4j.core.appender.routing.RoutingAppender.getControl(RoutingAppender.java:282)
	at org.apache.logging.log4j.core.appender.routing.RoutingAppender.append(RoutingAppender.java:240)
	at org.apache.logging.log4j.core.config.AppenderControl.tryCallAppender(AppenderControl.java:161)
	at org.apache.logging.log4j.core.config.AppenderControl.callAppender0(AppenderControl.java:134)
	at org.apache.logging.log4j.core.config.AppenderControl.callAppenderPreventRecursion(AppenderControl.java:125)
	at org.apache.logging.log4j.core.config.AppenderControl.callAppender(AppenderControl.java:89)
	at org.apache.logging.log4j.core.config.LoggerConfig.callAppenders(LoggerConfig.java:683)
	at org.apache.logging.log4j.core.config.LoggerConfig.processLogEvent(LoggerConfig.java:641)
	at org.apache.logging.log4j.core.config.LoggerConfig.log(LoggerConfig.java:624)
	at org.apache.logging.log4j.core.config.LoggerConfig.log(LoggerConfig.java:560)
	at org.apache.logging.log4j.core.config.AwaitCompletionReliabilityStrategy.log(AwaitCompletionReliabilityStrategy.java:82)
	at org.apache.logging.log4j.core.Logger.log(Logger.java:162)
	at org.apache.logging.log4j.spi.AbstractLogger.logMessage(AbstractLogger.java:2106)
	at org.apache.logging.log4j.internal.DefaultLogBuilder.logMessage(DefaultLogBuilder.java:241)
	at org.apache.logging.log4j.internal.DefaultLogBuilder.log(DefaultLogBuilder.java:162)
	at org.apache.xmlbeans.impl.schema.SchemaTypeSystemImpl.resolveHandle(SchemaTypeSystemImpl.java:935)
	at org.apache.xmlbeans.SchemaComponent$Ref.getComponent(SchemaComponent.java:111)
	at org.apache.xmlbeans.SchemaType$Ref.get(SchemaType.java:1072)
	at org.apache.xmlbeans.impl.schema.SchemaPropertyImpl.getType(SchemaPropertyImpl.java:85)
	at org.apache.xmlbeans.impl.schema.SchemaTypeImpl.createAttributeType(SchemaTypeImpl.java:1055)
	at org.apache.xmlbeans.impl.values.XmlObjectBase.create_attribute_user(XmlObjectBase.java:898)
	at org.apache.xmlbeans.impl.store.Xobj.getUser(Xobj.java:1598)
	at org.apache.xmlbeans.impl.store.Xobj.find_attribute_user(Xobj.java:2156)
	at org.openxmlformats.schemas.spreadsheetml.x2006.main.impl.CTSheetImpl.getId(CTSheetImpl.java:244)
	at org.apache.poi.xssf.usermodel.XSSFWorkbook.parseSheet(XSSFWorkbook.java:462)
	at org.apache.poi.xssf.usermodel.XSSFWorkbook.onDocumentRead(XSSFWorkbook.java:429)
	at org.apache.poi.ooxml.POIXMLDocument.load(POIXMLDocument.java:169)
	at org.apache.poi.xssf.usermodel.XSSFWorkbook.<init>(XSSFWorkbook.java:260)
	at org.apache.poi.xssf.usermodel.XSSFWorkbook.<init>(XSSFWorkbook.java:290)
	at org.apache.poi.xssf.usermodel.XSSFWorkbook.<init>(XSSFWorkbook.java:286)
	at externalResources.ExcelDataRead.<init>(ExcelDataRead.java:22)
	at listeners.AnnotationsTransformer.toBeExecuted(AnnotationsTransformer.java:36)
	at listeners.AnnotationsTransformer.transform(AnnotationsTransformer.java:24)
	at org.testng.internal.annotations.JDK15AnnotationFinder.transform(JDK15AnnotationFinder.java:172)
	at org.testng.internal.annotations.JDK15AnnotationFinder.lambda$findAnnotation$0(JDK15AnnotationFinder.java:279)
	at java.base/java.util.concurrent.ConcurrentHashMap.computeIfAbsent(ConcurrentHashMap.java:1705)
	at org.testng.internal.annotations.JDK15AnnotationFinder.findAnnotation(JDK15AnnotationFinder.java:275)
	at org.testng.internal.annotations.JDK15AnnotationFinder.findAnnotation(JDK15AnnotationFinder.java:113)
	at org.testng.internal.TestNGClassFinder.isTestNGClass(TestNGClassFinder.java:275)
	at org.testng.internal.TestNGClassFinder.isNotTestNGClass(TestNGClassFinder.java:260)
	at org.testng.internal.TestNGClassFinder.processClass(TestNGClassFinder.java:94)
	at org.testng.internal.TestNGClassFinder.<init>(TestNGClassFinder.java:67)
	at org.testng.TestRunner.initMethods(TestRunner.java:442)
	at org.testng.TestRunner.init(TestRunner.java:336)
	at org.testng.TestRunner.init(TestRunner.java:289)
	at org.testng.TestRunner.<init>(TestRunner.java:179)
	at org.testng.SuiteRunner$DefaultTestRunnerFactory.newTestRunner(SuiteRunner.java:643)
	at org.testng.SuiteRunner.init(SuiteRunner.java:225)
	at org.testng.SuiteRunner.<init>(SuiteRunner.java:115)
	at org.testng.TestNG.createSuiteRunner(TestNG.java:1349)
	at org.testng.TestNG.createSuiteRunners(TestNG.java:1325)
	at org.testng.TestNG.runSuitesLocally(TestNG.java:1167)
	at org.testng.TestNG.runSuites(TestNG.java:1099)
	at org.testng.TestNG.run(TestNG.java:1067)
	at org.apache.maven.surefire.testng.TestNGExecutor.run(TestNGExecutor.java:324)
	at org.apache.maven.surefire.testng.TestNGXmlTestSuite.execute(TestNGXmlTestSuite.java:74)
	at org.apache.maven.surefire.testng.TestNGProvider.invoke(TestNGProvider.java:123)
	at org.apache.maven.surefire.booter.ForkedBooter.runSuitesInProcess(ForkedBooter.java:456)
	at org.apache.maven.surefire.booter.ForkedBooter.execute(ForkedBooter.java:169)
	at org.apache.maven.surefire.booter.ForkedBooter.run(ForkedBooter.java:595)
	at org.apache.maven.surefire.booter.ForkedBooter.main(ForkedBooter.java:581)

2023-02-13 11:57:15,922 main ERROR Could not create plugin of type class org.apache.logging.log4j.core.appender.RollingFileAppender for element RollingFile: java.lang.IllegalStateException: ManagerFactory [org.apache.logging.log4j.core.appender.rolling.RollingFileManager$RollingFileManagerFactory@4e6d7365] unable to create manager for [./results/logs/${ctx:threadName}.log] with data [org.apache.logging.log4j.core.appender.rolling.RollingFileManager$FactoryData@281ce6bb[pattern=./results/logs/${ctx:threadName}-%d{yyyy-MM-dd}.log, append=true, bufferedIO=true, bufferSize=8192, policy=SizeBasedTriggeringPolicy(size=512000), strategy=DefaultRolloverStrategy(min=1, max=7, useMax=true), advertiseURI=null, layout=%d{HH:mm:ss.SSS} [%t] %-5level %logger{36} - %msg%n, filePermissions=null, fileOwner=null]] java.lang.IllegalStateException: ManagerFactory [org.apache.logging.log4j.core.appender.rolling.RollingFileManager$RollingFileManagerFactory@4e6d7365] unable to create manager for [./results/logs/${ctx:threadName}.log] with data [org.apache.logging.log4j.core.appender.rolling.RollingFileManager$FactoryData@281ce6bb[pattern=./results/logs/${ctx:threadName}-%d{yyyy-MM-dd}.log, append=true, bufferedIO=true, bufferSize=8192, policy=SizeBasedTriggeringPolicy(size=512000), strategy=DefaultRolloverStrategy(min=1, max=7, useMax=true), advertiseURI=null, layout=%d{HH:mm:ss.SSS} [%t] %-5level %logger{36} - %msg%n, filePermissions=null, fileOwner=null]]
	at org.apache.logging.log4j.core.appender.AbstractManager.getManager(AbstractManager.java:146)
	at org.apache.logging.log4j.core.appender.OutputStreamManager.getManager(OutputStreamManager.java:100)
	at org.apache.logging.log4j.core.appender.rolling.RollingFileManager.getFileManager(RollingFileManager.java:217)
	at org.apache.logging.log4j.core.appender.RollingFileAppender$Builder.build(RollingFileAppender.java:135)
	at org.apache.logging.log4j.core.appender.RollingFileAppender$Builder.build(RollingFileAppender.java:62)
	at org.apache.logging.log4j.core.config.plugins.util.PluginBuilder.build(PluginBuilder.java:124)
	at org.apache.logging.log4j.core.config.AbstractConfiguration.createPluginObject(AbstractConfiguration.java:1138)
	at org.apache.logging.log4j.core.config.AbstractConfiguration.createConfiguration(AbstractConfiguration.java:1063)
	at org.apache.logging.log4j.core.appender.routing.RoutingAppender.createAppender(RoutingAppender.java:310)
	at org.apache.logging.log4j.core.appender.routing.RoutingAppender.getControl(RoutingAppender.java:282)
	at org.apache.logging.log4j.core.appender.routing.RoutingAppender.append(RoutingAppender.java:240)
	at org.apache.logging.log4j.core.config.AppenderControl.tryCallAppender(AppenderControl.java:161)
	at org.apache.logging.log4j.core.config.AppenderControl.callAppender0(AppenderControl.java:134)
	at org.apache.logging.log4j.core.config.AppenderControl.callAppenderPreventRecursion(AppenderControl.java:125)
	at org.apache.logging.log4j.core.config.AppenderControl.callAppender(AppenderControl.java:89)
	at org.apache.logging.log4j.core.config.LoggerConfig.callAppenders(LoggerConfig.java:683)
	at org.apache.logging.log4j.core.config.LoggerConfig.processLogEvent(LoggerConfig.java:641)
	at org.apache.logging.log4j.core.config.LoggerConfig.log(LoggerConfig.java:624)
	at org.apache.logging.log4j.core.config.LoggerConfig.log(LoggerConfig.java:560)
	at org.apache.logging.log4j.core.config.AwaitCompletionReliabilityStrategy.log(AwaitCompletionReliabilityStrategy.java:82)
	at org.apache.logging.log4j.core.Logger.log(Logger.java:162)
	at org.apache.logging.log4j.spi.AbstractLogger.logMessage(AbstractLogger.java:2106)
	at org.apache.logging.log4j.internal.DefaultLogBuilder.logMessage(DefaultLogBuilder.java:241)
	at org.apache.logging.log4j.internal.DefaultLogBuilder.log(DefaultLogBuilder.java:162)
	at org.apache.xmlbeans.impl.schema.SchemaTypeSystemImpl.resolveHandle(SchemaTypeSystemImpl.java:935)
	at org.apache.xmlbeans.SchemaComponent$Ref.getComponent(SchemaComponent.java:111)
	at org.apache.xmlbeans.SchemaType$Ref.get(SchemaType.java:1072)
	at org.apache.xmlbeans.impl.schema.SchemaPropertyImpl.getType(SchemaPropertyImpl.java:85)
	at org.apache.xmlbeans.impl.schema.SchemaTypeImpl.createAttributeType(SchemaTypeImpl.java:1055)
	at org.apache.xmlbeans.impl.values.XmlObjectBase.create_attribute_user(XmlObjectBase.java:898)
	at org.apache.xmlbeans.impl.store.Xobj.getUser(Xobj.java:1598)
	at org.apache.xmlbeans.impl.store.Xobj.find_attribute_user(Xobj.java:2156)
	at org.openxmlformats.schemas.spreadsheetml.x2006.main.impl.CTSheetImpl.getId(CTSheetImpl.java:244)
	at org.apache.poi.xssf.usermodel.XSSFWorkbook.parseSheet(XSSFWorkbook.java:462)
	at org.apache.poi.xssf.usermodel.XSSFWorkbook.onDocumentRead(XSSFWorkbook.java:429)
	at org.apache.poi.ooxml.POIXMLDocument.load(POIXMLDocument.java:169)
	at org.apache.poi.xssf.usermodel.XSSFWorkbook.<init>(XSSFWorkbook.java:260)
	at org.apache.poi.xssf.usermodel.XSSFWorkbook.<init>(XSSFWorkbook.java:290)
	at org.apache.poi.xssf.usermodel.XSSFWorkbook.<init>(XSSFWorkbook.java:286)
	at externalResources.ExcelDataRead.<init>(ExcelDataRead.java:22)
	at listeners.AnnotationsTransformer.toBeExecuted(AnnotationsTransformer.java:36)
	at listeners.AnnotationsTransformer.transform(AnnotationsTransformer.java:24)
	at org.testng.internal.annotations.JDK15AnnotationFinder.transform(JDK15AnnotationFinder.java:172)
	at org.testng.internal.annotations.JDK15AnnotationFinder.lambda$findAnnotation$0(JDK15AnnotationFinder.java:279)
	at java.base/java.util.concurrent.ConcurrentHashMap.computeIfAbsent(ConcurrentHashMap.java:1705)
	at org.testng.internal.annotations.JDK15AnnotationFinder.findAnnotation(JDK15AnnotationFinder.java:275)
	at org.testng.internal.annotations.JDK15AnnotationFinder.findAnnotation(JDK15AnnotationFinder.java:113)
	at org.testng.internal.TestNGClassFinder.isTestNGClass(TestNGClassFinder.java:275)
	at org.testng.internal.TestNGClassFinder.isNotTestNGClass(TestNGClassFinder.java:260)
	at org.testng.internal.TestNGClassFinder.processClass(TestNGClassFinder.java:94)
	at org.testng.internal.TestNGClassFinder.<init>(TestNGClassFinder.java:67)
	at org.testng.TestRunner.initMethods(TestRunner.java:442)
	at org.testng.TestRunner.init(TestRunner.java:336)
	at org.testng.TestRunner.init(TestRunner.java:289)
	at org.testng.TestRunner.<init>(TestRunner.java:179)
	at org.testng.SuiteRunner$DefaultTestRunnerFactory.newTestRunner(SuiteRunner.java:643)
	at org.testng.SuiteRunner.init(SuiteRunner.java:225)
	at org.testng.SuiteRunner.<init>(SuiteRunner.java:115)
	at org.testng.TestNG.createSuiteRunner(TestNG.java:1349)
	at org.testng.TestNG.createSuiteRunners(TestNG.java:1325)
	at org.testng.TestNG.runSuitesLocally(TestNG.java:1167)
	at org.testng.TestNG.runSuites(TestNG.java:1099)
	at org.testng.TestNG.run(TestNG.java:1067)
	at org.apache.maven.surefire.testng.TestNGExecutor.run(TestNGExecutor.java:324)
	at org.apache.maven.surefire.testng.TestNGXmlTestSuite.execute(TestNGXmlTestSuite.java:74)
	at org.apache.maven.surefire.testng.TestNGProvider.invoke(TestNGProvider.java:123)
	at org.apache.maven.surefire.booter.ForkedBooter.runSuitesInProcess(ForkedBooter.java:456)
	at org.apache.maven.surefire.booter.ForkedBooter.execute(ForkedBooter.java:169)
	at org.apache.maven.surefire.booter.ForkedBooter.run(ForkedBooter.java:595)
	at org.apache.maven.surefire.booter.ForkedBooter.main(ForkedBooter.java:581)

2023-02-13 11:57:15,922 main ERROR Unable to invoke factory method in class org.apache.logging.log4j.core.appender.RollingFileAppender for element RollingFile: java.lang.IllegalStateException: No factory method found for class org.apache.logging.log4j.core.appender.RollingFileAppender java.lang.IllegalStateException: No factory method found for class org.apache.logging.log4j.core.appender.RollingFileAppender
	at org.apache.logging.log4j.core.config.plugins.util.PluginBuilder.findFactoryMethod(PluginBuilder.java:260)
	at org.apache.logging.log4j.core.config.plugins.util.PluginBuilder.build(PluginBuilder.java:136)
	at org.apache.logging.log4j.core.config.AbstractConfiguration.createPluginObject(AbstractConfiguration.java:1138)
	at org.apache.logging.log4j.core.config.AbstractConfiguration.createConfiguration(AbstractConfiguration.java:1063)
	at org.apache.logging.log4j.core.appender.routing.RoutingAppender.createAppender(RoutingAppender.java:310)
	at org.apache.logging.log4j.core.appender.routing.RoutingAppender.getControl(RoutingAppender.java:282)
	at org.apache.logging.log4j.core.appender.routing.RoutingAppender.append(RoutingAppender.java:240)
	at org.apache.logging.log4j.core.config.AppenderControl.tryCallAppender(AppenderControl.java:161)
	at org.apache.logging.log4j.core.config.AppenderControl.callAppender0(AppenderControl.java:134)
	at org.apache.logging.log4j.core.config.AppenderControl.callAppenderPreventRecursion(AppenderControl.java:125)
	at org.apache.logging.log4j.core.config.AppenderControl.callAppender(AppenderControl.java:89)
	at org.apache.logging.log4j.core.config.LoggerConfig.callAppenders(LoggerConfig.java:683)
	at org.apache.logging.log4j.core.config.LoggerConfig.processLogEvent(LoggerConfig.java:641)
	at org.apache.logging.log4j.core.config.LoggerConfig.log(LoggerConfig.java:624)
	at org.apache.logging.log4j.core.config.LoggerConfig.log(LoggerConfig.java:560)
	at org.apache.logging.log4j.core.config.AwaitCompletionReliabilityStrategy.log(AwaitCompletionReliabilityStrategy.java:82)
	at org.apache.logging.log4j.core.Logger.log(Logger.java:162)
	at org.apache.logging.log4j.spi.AbstractLogger.logMessage(AbstractLogger.java:2106)
	at org.apache.logging.log4j.internal.DefaultLogBuilder.logMessage(DefaultLogBuilder.java:241)
	at org.apache.logging.log4j.internal.DefaultLogBuilder.log(DefaultLogBuilder.java:162)
	at org.apache.xmlbeans.impl.schema.SchemaTypeSystemImpl.resolveHandle(SchemaTypeSystemImpl.java:935)
	at org.apache.xmlbeans.SchemaComponent$Ref.getComponent(SchemaComponent.java:111)
	at org.apache.xmlbeans.SchemaType$Ref.get(SchemaType.java:1072)
	at org.apache.xmlbeans.impl.schema.SchemaPropertyImpl.getType(SchemaPropertyImpl.java:85)
	at org.apache.xmlbeans.impl.schema.SchemaTypeImpl.createAttributeType(SchemaTypeImpl.java:1055)
	at org.apache.xmlbeans.impl.values.XmlObjectBase.create_attribute_user(XmlObjectBase.java:898)
	at org.apache.xmlbeans.impl.store.Xobj.getUser(Xobj.java:1598)
	at org.apache.xmlbeans.impl.store.Xobj.find_attribute_user(Xobj.java:2156)
	at org.openxmlformats.schemas.spreadsheetml.x2006.main.impl.CTSheetImpl.getId(CTSheetImpl.java:244)
	at org.apache.poi.xssf.usermodel.XSSFWorkbook.parseSheet(XSSFWorkbook.java:462)
	at org.apache.poi.xssf.usermodel.XSSFWorkbook.onDocumentRead(XSSFWorkbook.java:429)
	at org.apache.poi.ooxml.POIXMLDocument.load(POIXMLDocument.java:169)
	at org.apache.poi.xssf.usermodel.XSSFWorkbook.<init>(XSSFWorkbook.java:260)
	at org.apache.poi.xssf.usermodel.XSSFWorkbook.<init>(XSSFWorkbook.java:290)
	at org.apache.poi.xssf.usermodel.XSSFWorkbook.<init>(XSSFWorkbook.java:286)
	at externalResources.ExcelDataRead.<init>(ExcelDataRead.java:22)
	at listeners.AnnotationsTransformer.toBeExecuted(AnnotationsTransformer.java:36)
	at listeners.AnnotationsTransformer.transform(AnnotationsTransformer.java:24)
	at org.testng.internal.annotations.JDK15AnnotationFinder.transform(JDK15AnnotationFinder.java:172)
	at org.testng.internal.annotations.JDK15AnnotationFinder.lambda$findAnnotation$0(JDK15AnnotationFinder.java:279)
	at java.base/java.util.concurrent.ConcurrentHashMap.computeIfAbsent(ConcurrentHashMap.java:1705)
	at org.testng.internal.annotations.JDK15AnnotationFinder.findAnnotation(JDK15AnnotationFinder.java:275)
	at org.testng.internal.annotations.JDK15AnnotationFinder.findAnnotation(JDK15AnnotationFinder.java:113)
	at org.testng.internal.TestNGClassFinder.isTestNGClass(TestNGClassFinder.java:275)
	at org.testng.internal.TestNGClassFinder.isNotTestNGClass(TestNGClassFinder.java:260)
	at org.testng.internal.TestNGClassFinder.processClass(TestNGClassFinder.java:94)
	at org.testng.internal.TestNGClassFinder.<init>(TestNGClassFinder.java:67)
	at org.testng.TestRunner.initMethods(TestRunner.java:442)
	at org.testng.TestRunner.init(TestRunner.java:336)
	at org.testng.TestRunner.init(TestRunner.java:289)
	at org.testng.TestRunner.<init>(TestRunner.java:179)
	at org.testng.SuiteRunner$DefaultTestRunnerFactory.newTestRunner(SuiteRunner.java:643)
	at org.testng.SuiteRunner.init(SuiteRunner.java:225)
	at org.testng.SuiteRunner.<init>(SuiteRunner.java:115)
	at org.testng.TestNG.createSuiteRunner(TestNG.java:1349)
	at org.testng.TestNG.createSuiteRunners(TestNG.java:1325)
	at org.testng.TestNG.runSuitesLocally(TestNG.java:1167)
	at org.testng.TestNG.runSuites(TestNG.java:1099)
	at org.testng.TestNG.run(TestNG.java:1067)
	at org.apache.maven.surefire.testng.TestNGExecutor.run(TestNGExecutor.java:324)
	at org.apache.maven.surefire.testng.TestNGXmlTestSuite.execute(TestNGXmlTestSuite.java:74)
	at org.apache.maven.surefire.testng.TestNGProvider.invoke(TestNGProvider.java:123)
	at org.apache.maven.surefire.booter.ForkedBooter.runSuitesInProcess(ForkedBooter.java:456)
	at org.apache.maven.surefire.booter.ForkedBooter.execute(ForkedBooter.java:169)
	at org.apache.maven.surefire.booter.ForkedBooter.run(ForkedBooter.java:595)
	at org.apache.maven.surefire.booter.ForkedBooter.main(ForkedBooter.java:581)

2023-02-13 11:57:15,930 main ERROR Unable to create file ./results/logs/${ctx:threadName}.log java.io.IOException: The filename, directory name, or volume label syntax is incorrect
	at java.base/java.io.WinNTFileSystem.canonicalize0(Native Method)
	at java.base/java.io.WinNTFileSystem.canonicalize(WinNTFileSystem.java:483)
	at java.base/java.io.File.getCanonicalPath(File.java:626)
	at java.base/java.io.File.getCanonicalFile(File.java:651)
	at org.apache.logging.log4j.core.util.FileUtils.makeParentDirs(FileUtils.java:139)
	at org.apache.logging.log4j.core.appender.rolling.RollingFileManager$RollingFileManagerFactory.createManager(RollingFileManager.java:734)
	at org.apache.logging.log4j.core.appender.rolling.RollingFileManager$RollingFileManagerFactory.createManager(RollingFileManager.java:718)
	at org.apache.logging.log4j.core.appender.AbstractManager.getManager(AbstractManager.java:144)
	at org.apache.logging.log4j.core.appender.OutputStreamManager.getManager(OutputStreamManager.java:100)
	at org.apache.logging.log4j.core.appender.rolling.RollingFileManager.getFileManager(RollingFileManager.java:217)
	at org.apache.logging.log4j.core.appender.RollingFileAppender$Builder.build(RollingFileAppender.java:135)
	at org.apache.logging.log4j.core.appender.RollingFileAppender$Builder.build(RollingFileAppender.java:62)
	at org.apache.logging.log4j.core.config.plugins.util.PluginBuilder.build(PluginBuilder.java:124)
	at org.apache.logging.log4j.core.config.AbstractConfiguration.createPluginObject(AbstractConfiguration.java:1138)
	at org.apache.logging.log4j.core.config.AbstractConfiguration.createConfiguration(AbstractConfiguration.java:1063)
	at org.apache.logging.log4j.core.appender.routing.RoutingAppender.createAppender(RoutingAppender.java:310)
	at org.apache.logging.log4j.core.appender.routing.RoutingAppender.getControl(RoutingAppender.java:282)
	at org.apache.logging.log4j.core.appender.routing.RoutingAppender.append(RoutingAppender.java:240)
	at org.apache.logging.log4j.core.config.AppenderControl.tryCallAppender(AppenderControl.java:161)
	at org.apache.logging.log4j.core.config.AppenderControl.callAppender0(AppenderControl.java:134)
	at org.apache.logging.log4j.core.config.AppenderControl.callAppenderPreventRecursion(AppenderControl.java:125)
	at org.apache.logging.log4j.core.config.AppenderControl.callAppender(AppenderControl.java:89)
	at org.apache.logging.log4j.core.config.LoggerConfig.callAppenders(LoggerConfig.java:683)
	at org.apache.logging.log4j.core.config.LoggerConfig.processLogEvent(LoggerConfig.java:641)
	at org.apache.logging.log4j.core.config.LoggerConfig.log(LoggerConfig.java:624)
	at org.apache.logging.log4j.core.config.LoggerConfig.log(LoggerConfig.java:560)
	at org.apache.logging.log4j.core.config.AwaitCompletionReliabilityStrategy.log(AwaitCompletionReliabilityStrategy.java:82)
	at org.apache.logging.log4j.core.Logger.log(Logger.java:162)
	at org.apache.logging.log4j.spi.AbstractLogger.logMessage(AbstractLogger.java:2106)
	at org.apache.logging.log4j.internal.DefaultLogBuilder.logMessage(DefaultLogBuilder.java:241)
	at org.apache.logging.log4j.internal.DefaultLogBuilder.log(DefaultLogBuilder.java:162)
	at org.apache.xmlbeans.impl.schema.SchemaTypeSystemImpl.resolveHandle(SchemaTypeSystemImpl.java:935)
	at org.apache.xmlbeans.impl.schema.ElementFactory.<init>(ElementFactory.java:29)
	at org.apache.xmlbeans.impl.schema.AbstractDocumentFactory.<init>(AbstractDocumentFactory.java:33)
	at org.apache.xmlbeans.impl.schema.DocumentFactory.<init>(DocumentFactory.java:23)
	at org.openxmlformats.schemas.spreadsheetml.x2006.main.WorksheetDocument.<clinit>(WorksheetDocument.java:23)
	at org.apache.poi.xssf.usermodel.XSSFSheet.read(XSSFSheet.java:156)
	at org.apache.poi.xssf.usermodel.XSSFSheet.onDocumentRead(XSSFSheet.java:148)
	at org.apache.poi.xssf.usermodel.XSSFWorkbook.parseSheet(XSSFWorkbook.java:468)
	at org.apache.poi.xssf.usermodel.XSSFWorkbook.onDocumentRead(XSSFWorkbook.java:429)
	at org.apache.poi.ooxml.POIXMLDocument.load(POIXMLDocument.java:169)
	at org.apache.poi.xssf.usermodel.XSSFWorkbook.<init>(XSSFWorkbook.java:260)
	at org.apache.poi.xssf.usermodel.XSSFWorkbook.<init>(XSSFWorkbook.java:290)
	at org.apache.poi.xssf.usermodel.XSSFWorkbook.<init>(XSSFWorkbook.java:286)
	at externalResources.ExcelDataRead.<init>(ExcelDataRead.java:22)
	at listeners.AnnotationsTransformer.toBeExecuted(AnnotationsTransformer.java:36)
	at listeners.AnnotationsTransformer.transform(AnnotationsTransformer.java:24)
	at org.testng.internal.annotations.JDK15AnnotationFinder.transform(JDK15AnnotationFinder.java:172)
	at org.testng.internal.annotations.JDK15AnnotationFinder.lambda$findAnnotation$0(JDK15AnnotationFinder.java:279)
	at java.base/java.util.concurrent.ConcurrentHashMap.computeIfAbsent(ConcurrentHashMap.java:1705)
	at org.testng.internal.annotations.JDK15AnnotationFinder.findAnnotation(JDK15AnnotationFinder.java:275)
	at org.testng.internal.annotations.JDK15AnnotationFinder.findAnnotation(JDK15AnnotationFinder.java:113)
	at org.testng.internal.TestNGClassFinder.isTestNGClass(TestNGClassFinder.java:275)
	at org.testng.internal.TestNGClassFinder.isNotTestNGClass(TestNGClassFinder.java:260)
	at org.testng.internal.TestNGClassFinder.processClass(TestNGClassFinder.java:94)
	at org.testng.internal.TestNGClassFinder.<init>(TestNGClassFinder.java:67)
	at org.testng.TestRunner.initMethods(TestRunner.java:442)
	at org.testng.TestRunner.init(TestRunner.java:336)
	at org.testng.TestRunner.init(TestRunner.java:289)
	at org.testng.TestRunner.<init>(TestRunner.java:179)
	at org.testng.SuiteRunner$DefaultTestRunnerFactory.newTestRunner(SuiteRunner.java:643)
	at org.testng.SuiteRunner.init(SuiteRunner.java:225)
	at org.testng.SuiteRunner.<init>(SuiteRunner.java:115)
	at org.testng.TestNG.createSuiteRunner(TestNG.java:1349)
	at org.testng.TestNG.createSuiteRunners(TestNG.java:1325)
	at org.testng.TestNG.runSuitesLocally(TestNG.java:1167)
	at org.testng.TestNG.runSuites(TestNG.java:1099)
	at org.testng.TestNG.run(TestNG.java:1067)
	at org.apache.maven.surefire.testng.TestNGExecutor.run(TestNGExecutor.java:324)
	at org.apache.maven.surefire.testng.TestNGXmlTestSuite.execute(TestNGXmlTestSuite.java:74)
	at org.apache.maven.surefire.testng.TestNGProvider.invoke(TestNGProvider.java:123)
	at org.apache.maven.surefire.booter.ForkedBooter.runSuitesInProcess(ForkedBooter.java:456)
	at org.apache.maven.surefire.booter.ForkedBooter.execute(ForkedBooter.java:169)
	at org.apache.maven.surefire.booter.ForkedBooter.run(ForkedBooter.java:595)
	at org.apache.maven.surefire.booter.ForkedBooter.main(ForkedBooter.java:581)

2023-02-13 11:57:15,930 main ERROR Could not create plugin of type class org.apache.logging.log4j.core.appender.RollingFileAppender for element RollingFile: java.lang.IllegalStateException: ManagerFactory [org.apache.logging.log4j.core.appender.rolling.RollingFileManager$RollingFileManagerFactory@4e6d7365] unable to create manager for [./results/logs/${ctx:threadName}.log] with data [org.apache.logging.log4j.core.appender.rolling.RollingFileManager$FactoryData@14ac77b9[pattern=./results/logs/${ctx:threadName}-%d{yyyy-MM-dd}.log, append=true, bufferedIO=true, bufferSize=8192, policy=SizeBasedTriggeringPolicy(size=512000), strategy=DefaultRolloverStrategy(min=1, max=7, useMax=true), advertiseURI=null, layout=%d{HH:mm:ss.SSS} [%t] %-5level %logger{36} - %msg%n, filePermissions=null, fileOwner=null]] java.lang.IllegalStateException: ManagerFactory [org.apache.logging.log4j.core.appender.rolling.RollingFileManager$RollingFileManagerFactory@4e6d7365] unable to create manager for [./results/logs/${ctx:threadName}.log] with data [org.apache.logging.log4j.core.appender.rolling.RollingFileManager$FactoryData@14ac77b9[pattern=./results/logs/${ctx:threadName}-%d{yyyy-MM-dd}.log, append=true, bufferedIO=true, bufferSize=8192, policy=SizeBasedTriggeringPolicy(size=512000), strategy=DefaultRolloverStrategy(min=1, max=7, useMax=true), advertiseURI=null, layout=%d{HH:mm:ss.SSS} [%t] %-5level %logger{36} - %msg%n, filePermissions=null, fileOwner=null]]
	at org.apache.logging.log4j.core.appender.AbstractManager.getManager(AbstractManager.java:146)
	at org.apache.logging.log4j.core.appender.OutputStreamManager.getManager(OutputStreamManager.java:100)
	at org.apache.logging.log4j.core.appender.rolling.RollingFileManager.getFileManager(RollingFileManager.java:217)
	at org.apache.logging.log4j.core.appender.RollingFileAppender$Builder.build(RollingFileAppender.java:135)
	at org.apache.logging.log4j.core.appender.RollingFileAppender$Builder.build(RollingFileAppender.java:62)
	at org.apache.logging.log4j.core.config.plugins.util.PluginBuilder.build(PluginBuilder.java:124)
	at org.apache.logging.log4j.core.config.AbstractConfiguration.createPluginObject(AbstractConfiguration.java:1138)
	at org.apache.logging.log4j.core.config.AbstractConfiguration.createConfiguration(AbstractConfiguration.java:1063)
	at org.apache.logging.log4j.core.appender.routing.RoutingAppender.createAppender(RoutingAppender.java:310)
	at org.apache.logging.log4j.core.appender.routing.RoutingAppender.getControl(RoutingAppender.java:282)
	at org.apache.logging.log4j.core.appender.routing.RoutingAppender.append(RoutingAppender.java:240)
	at org.apache.logging.log4j.core.config.AppenderControl.tryCallAppender(AppenderControl.java:161)
	at org.apache.logging.log4j.core.config.AppenderControl.callAppender0(AppenderControl.java:134)
	at org.apache.logging.log4j.core.config.AppenderControl.callAppenderPreventRecursion(AppenderControl.java:125)
	at org.apache.logging.log4j.core.config.AppenderControl.callAppender(AppenderControl.java:89)
	at org.apache.logging.log4j.core.config.LoggerConfig.callAppenders(LoggerConfig.java:683)
	at org.apache.logging.log4j.core.config.LoggerConfig.processLogEvent(LoggerConfig.java:641)
	at org.apache.logging.log4j.core.config.LoggerConfig.log(LoggerConfig.java:624)
	at org.apache.logging.log4j.core.config.LoggerConfig.log(LoggerConfig.java:560)
	at org.apache.logging.log4j.core.config.AwaitCompletionReliabilityStrategy.log(AwaitCompletionReliabilityStrategy.java:82)
	at org.apache.logging.log4j.core.Logger.log(Logger.java:162)
	at org.apache.logging.log4j.spi.AbstractLogger.logMessage(AbstractLogger.java:2106)
	at org.apache.logging.log4j.internal.DefaultLogBuilder.logMessage(DefaultLogBuilder.java:241)
	at org.apache.logging.log4j.internal.DefaultLogBuilder.log(DefaultLogBuilder.java:162)
	at org.apache.xmlbeans.impl.schema.SchemaTypeSystemImpl.resolveHandle(SchemaTypeSystemImpl.java:935)
	at org.apache.xmlbeans.impl.schema.ElementFactory.<init>(ElementFactory.java:29)
	at org.apache.xmlbeans.impl.schema.AbstractDocumentFactory.<init>(AbstractDocumentFactory.java:33)
	at org.apache.xmlbeans.impl.schema.DocumentFactory.<init>(DocumentFactory.java:23)
	at org.openxmlformats.schemas.spreadsheetml.x2006.main.WorksheetDocument.<clinit>(WorksheetDocument.java:23)
	at org.apache.poi.xssf.usermodel.XSSFSheet.read(XSSFSheet.java:156)
	at org.apache.poi.xssf.usermodel.XSSFSheet.onDocumentRead(XSSFSheet.java:148)
	at org.apache.poi.xssf.usermodel.XSSFWorkbook.parseSheet(XSSFWorkbook.java:468)
	at org.apache.poi.xssf.usermodel.XSSFWorkbook.onDocumentRead(XSSFWorkbook.java:429)
	at org.apache.poi.ooxml.POIXMLDocument.load(POIXMLDocument.java:169)
	at org.apache.poi.xssf.usermodel.XSSFWorkbook.<init>(XSSFWorkbook.java:260)
	at org.apache.poi.xssf.usermodel.XSSFWorkbook.<init>(XSSFWorkbook.java:290)
	at org.apache.poi.xssf.usermodel.XSSFWorkbook.<init>(XSSFWorkbook.java:286)
	at externalResources.ExcelDataRead.<init>(ExcelDataRead.java:22)
	at listeners.AnnotationsTransformer.toBeExecuted(AnnotationsTransformer.java:36)
	at listeners.AnnotationsTransformer.transform(AnnotationsTransformer.java:24)
	at org.testng.internal.annotations.JDK15AnnotationFinder.transform(JDK15AnnotationFinder.java:172)
	at org.testng.internal.annotations.JDK15AnnotationFinder.lambda$findAnnotation$0(JDK15AnnotationFinder.java:279)
	at java.base/java.util.concurrent.ConcurrentHashMap.computeIfAbsent(ConcurrentHashMap.java:1705)
	at org.testng.internal.annotations.JDK15AnnotationFinder.findAnnotation(JDK15AnnotationFinder.java:275)
	at org.testng.internal.annotations.JDK15AnnotationFinder.findAnnotation(JDK15AnnotationFinder.java:113)
	at org.testng.internal.TestNGClassFinder.isTestNGClass(TestNGClassFinder.java:275)
	at org.testng.internal.TestNGClassFinder.isNotTestNGClass(TestNGClassFinder.java:260)
	at org.testng.internal.TestNGClassFinder.processClass(TestNGClassFinder.java:94)
	at org.testng.internal.TestNGClassFinder.<init>(TestNGClassFinder.java:67)
	at org.testng.TestRunner.initMethods(TestRunner.java:442)
	at org.testng.TestRunner.init(TestRunner.java:336)
	at org.testng.TestRunner.init(TestRunner.java:289)
	at org.testng.TestRunner.<init>(TestRunner.java:179)
	at org.testng.SuiteRunner$DefaultTestRunnerFactory.newTestRunner(SuiteRunner.java:643)
	at org.testng.SuiteRunner.init(SuiteRunner.java:225)
	at org.testng.SuiteRunner.<init>(SuiteRunner.java:115)
	at org.testng.TestNG.createSuiteRunner(TestNG.java:1349)
	at org.testng.TestNG.createSuiteRunners(TestNG.java:1325)
	at org.testng.TestNG.runSuitesLocally(TestNG.java:1167)
	at org.testng.TestNG.runSuites(TestNG.java:1099)
	at org.testng.TestNG.run(TestNG.java:1067)
	at org.apache.maven.surefire.testng.TestNGExecutor.run(TestNGExecutor.java:324)
	at org.apache.maven.surefire.testng.TestNGXmlTestSuite.execute(TestNGXmlTestSuite.java:74)
	at org.apache.maven.surefire.testng.TestNGProvider.invoke(TestNGProvider.java:123)
	at org.apache.maven.surefire.booter.ForkedBooter.runSuitesInProcess(ForkedBooter.java:456)
	at org.apache.maven.surefire.booter.ForkedBooter.execute(ForkedBooter.java:169)
	at org.apache.maven.surefire.booter.ForkedBooter.run(ForkedBooter.java:595)
	at org.apache.maven.surefire.booter.ForkedBooter.main(ForkedBooter.java:581)

2023-02-13 11:57:15,931 main ERROR Unable to invoke factory method in class org.apache.logging.log4j.core.appender.RollingFileAppender for element RollingFile: java.lang.IllegalStateException: No factory method found for class org.apache.logging.log4j.core.appender.RollingFileAppender java.lang.IllegalStateException: No factory method found for class org.apache.logging.log4j.core.appender.RollingFileAppender
	at org.apache.logging.log4j.core.config.plugins.util.PluginBuilder.findFactoryMethod(PluginBuilder.java:260)
	at org.apache.logging.log4j.core.config.plugins.util.PluginBuilder.build(PluginBuilder.java:136)
	at org.apache.logging.log4j.core.config.AbstractConfiguration.createPluginObject(AbstractConfiguration.java:1138)
	at org.apache.logging.log4j.core.config.AbstractConfiguration.createConfiguration(AbstractConfiguration.java:1063)
	at org.apache.logging.log4j.core.appender.routing.RoutingAppender.createAppender(RoutingAppender.java:310)
	at org.apache.logging.log4j.core.appender.routing.RoutingAppender.getControl(RoutingAppender.java:282)
	at org.apache.logging.log4j.core.appender.routing.RoutingAppender.append(RoutingAppender.java:240)
	at org.apache.logging.log4j.core.config.AppenderControl.tryCallAppender(AppenderControl.java:161)
	at org.apache.logging.log4j.core.config.AppenderControl.callAppender0(AppenderControl.java:134)
	at org.apache.logging.log4j.core.config.AppenderControl.callAppenderPreventRecursion(AppenderControl.java:125)
	at org.apache.logging.log4j.core.config.AppenderControl.callAppender(AppenderControl.java:89)
	at org.apache.logging.log4j.core.config.LoggerConfig.callAppenders(LoggerConfig.java:683)
	at org.apache.logging.log4j.core.config.LoggerConfig.processLogEvent(LoggerConfig.java:641)
	at org.apache.logging.log4j.core.config.LoggerConfig.log(LoggerConfig.java:624)
	at org.apache.logging.log4j.core.config.LoggerConfig.log(LoggerConfig.java:560)
	at org.apache.logging.log4j.core.config.AwaitCompletionReliabilityStrategy.log(AwaitCompletionReliabilityStrategy.java:82)
	at org.apache.logging.log4j.core.Logger.log(Logger.java:162)
	at org.apache.logging.log4j.spi.AbstractLogger.logMessage(AbstractLogger.java:2106)
	at org.apache.logging.log4j.internal.DefaultLogBuilder.logMessage(DefaultLogBuilder.java:241)
	at org.apache.logging.log4j.internal.DefaultLogBuilder.log(DefaultLogBuilder.java:162)
	at org.apache.xmlbeans.impl.schema.SchemaTypeSystemImpl.resolveHandle(SchemaTypeSystemImpl.java:935)
	at org.apache.xmlbeans.impl.schema.ElementFactory.<init>(ElementFactory.java:29)
	at org.apache.xmlbeans.impl.schema.AbstractDocumentFactory.<init>(AbstractDocumentFactory.java:33)
	at org.apache.xmlbeans.impl.schema.DocumentFactory.<init>(DocumentFactory.java:23)
	at org.openxmlformats.schemas.spreadsheetml.x2006.main.WorksheetDocument.<clinit>(WorksheetDocument.java:23)
	at org.apache.poi.xssf.usermodel.XSSFSheet.read(XSSFSheet.java:156)
	at org.apache.poi.xssf.usermodel.XSSFSheet.onDocumentRead(XSSFSheet.java:148)
	at org.apache.poi.xssf.usermodel.XSSFWorkbook.parseSheet(XSSFWorkbook.java:468)
	at org.apache.poi.xssf.usermodel.XSSFWorkbook.onDocumentRead(XSSFWorkbook.java:429)
	at org.apache.poi.ooxml.POIXMLDocument.load(POIXMLDocument.java:169)
	at org.apache.poi.xssf.usermodel.XSSFWorkbook.<init>(XSSFWorkbook.java:260)
	at org.apache.poi.xssf.usermodel.XSSFWorkbook.<init>(XSSFWorkbook.java:290)
	at org.apache.poi.xssf.usermodel.XSSFWorkbook.<init>(XSSFWorkbook.java:286)
	at externalResources.ExcelDataRead.<init>(ExcelDataRead.java:22)
	at listeners.AnnotationsTransformer.toBeExecuted(AnnotationsTransformer.java:36)
	at listeners.AnnotationsTransformer.transform(AnnotationsTransformer.java:24)
	at org.testng.internal.annotations.JDK15AnnotationFinder.transform(JDK15AnnotationFinder.java:172)
	at org.testng.internal.annotations.JDK15AnnotationFinder.lambda$findAnnotation$0(JDK15AnnotationFinder.java:279)
	at java.base/java.util.concurrent.ConcurrentHashMap.computeIfAbsent(ConcurrentHashMap.java:1705)
	at org.testng.internal.annotations.JDK15AnnotationFinder.findAnnotation(JDK15AnnotationFinder.java:275)
	at org.testng.internal.annotations.JDK15AnnotationFinder.findAnnotation(JDK15AnnotationFinder.java:113)
	at org.testng.internal.TestNGClassFinder.isTestNGClass(TestNGClassFinder.java:275)
	at org.testng.internal.TestNGClassFinder.isNotTestNGClass(TestNGClassFinder.java:260)
	at org.testng.internal.TestNGClassFinder.processClass(TestNGClassFinder.java:94)
	at org.testng.internal.TestNGClassFinder.<init>(TestNGClassFinder.java:67)
	at org.testng.TestRunner.initMethods(TestRunner.java:442)
	at org.testng.TestRunner.init(TestRunner.java:336)
	at org.testng.TestRunner.init(TestRunner.java:289)
	at org.testng.TestRunner.<init>(TestRunner.java:179)
	at org.testng.SuiteRunner$DefaultTestRunnerFactory.newTestRunner(SuiteRunner.java:643)
	at org.testng.SuiteRunner.init(SuiteRunner.java:225)
	at org.testng.SuiteRunner.<init>(SuiteRunner.java:115)
	at org.testng.TestNG.createSuiteRunner(TestNG.java:1349)
	at org.testng.TestNG.createSuiteRunners(TestNG.java:1325)
	at org.testng.TestNG.runSuitesLocally(TestNG.java:1167)
	at org.testng.TestNG.runSuites(TestNG.java:1099)
	at org.testng.TestNG.run(TestNG.java:1067)
	at org.apache.maven.surefire.testng.TestNGExecutor.run(TestNGExecutor.java:324)
	at org.apache.maven.surefire.testng.TestNGXmlTestSuite.execute(TestNGXmlTestSuite.java:74)
	at org.apache.maven.surefire.testng.TestNGProvider.invoke(TestNGProvider.java:123)
	at org.apache.maven.surefire.booter.ForkedBooter.runSuitesInProcess(ForkedBooter.java:456)
	at org.apache.maven.surefire.booter.ForkedBooter.execute(ForkedBooter.java:169)
	at org.apache.maven.surefire.booter.ForkedBooter.run(ForkedBooter.java:595)
	at org.apache.maven.surefire.booter.ForkedBooter.main(ForkedBooter.java:581)

2023-02-13 11:57:15,940 main ERROR Unable to create file ./results/logs/${ctx:threadName}.log java.io.IOException: The filename, directory name, or volume label syntax is incorrect
	at java.base/java.io.WinNTFileSystem.canonicalize0(Native Method)
	at java.base/java.io.WinNTFileSystem.canonicalize(WinNTFileSystem.java:483)
	at java.base/java.io.File.getCanonicalPath(File.java:626)
	at java.base/java.io.File.getCanonicalFile(File.java:651)
	at org.apache.logging.log4j.core.util.FileUtils.makeParentDirs(FileUtils.java:139)
	at org.apache.logging.log4j.core.appender.rolling.RollingFileManager$RollingFileManagerFactory.createManager(RollingFileManager.java:734)
	at org.apache.logging.log4j.core.appender.rolling.RollingFileManager$RollingFileManagerFactory.createManager(RollingFileManager.java:718)
	at org.apache.logging.log4j.core.appender.AbstractManager.getManager(AbstractManager.java:144)
	at org.apache.logging.log4j.core.appender.OutputStreamManager.getManager(OutputStreamManager.java:100)
	at org.apache.logging.log4j.core.appender.rolling.RollingFileManager.getFileManager(RollingFileManager.java:217)
	at org.apache.logging.log4j.core.appender.RollingFileAppender$Builder.build(RollingFileAppender.java:135)
	at org.apache.logging.log4j.core.appender.RollingFileAppender$Builder.build(RollingFileAppender.java:62)
	at org.apache.logging.log4j.core.config.plugins.util.PluginBuilder.build(PluginBuilder.java:124)
	at org.apache.logging.log4j.core.config.AbstractConfiguration.createPluginObject(AbstractConfiguration.java:1138)
	at org.apache.logging.log4j.core.config.AbstractConfiguration.createConfiguration(AbstractConfiguration.java:1063)
	at org.apache.logging.log4j.core.appender.routing.RoutingAppender.createAppender(RoutingAppender.java:310)
	at org.apache.logging.log4j.core.appender.routing.RoutingAppender.getControl(RoutingAppender.java:282)
	at org.apache.logging.log4j.core.appender.routing.RoutingAppender.append(RoutingAppender.java:240)
	at org.apache.logging.log4j.core.config.AppenderControl.tryCallAppender(AppenderControl.java:161)
	at org.apache.logging.log4j.core.config.AppenderControl.callAppender0(AppenderControl.java:134)
	at org.apache.logging.log4j.core.config.AppenderControl.callAppenderPreventRecursion(AppenderControl.java:125)
	at org.apache.logging.log4j.core.config.AppenderControl.callAppender(AppenderControl.java:89)
	at org.apache.logging.log4j.core.config.LoggerConfig.callAppenders(LoggerConfig.java:683)
	at org.apache.logging.log4j.core.config.LoggerConfig.processLogEvent(LoggerConfig.java:641)
	at org.apache.logging.log4j.core.config.LoggerConfig.log(LoggerConfig.java:624)
	at org.apache.logging.log4j.core.config.LoggerConfig.log(LoggerConfig.java:560)
	at org.apache.logging.log4j.core.config.AwaitCompletionReliabilityStrategy.log(AwaitCompletionReliabilityStrategy.java:82)
	at org.apache.logging.log4j.core.Logger.log(Logger.java:162)
	at org.apache.logging.log4j.spi.AbstractLogger.logMessage(AbstractLogger.java:2106)
	at org.apache.logging.log4j.internal.DefaultLogBuilder.logMessage(DefaultLogBuilder.java:241)
	at org.apache.logging.log4j.internal.DefaultLogBuilder.log(DefaultLogBuilder.java:162)
	at org.apache.xmlbeans.impl.schema.SchemaTypeSystemImpl.resolveHandle(SchemaTypeSystemImpl.java:935)
	at org.apache.xmlbeans.SchemaComponent$Ref.getComponent(SchemaComponent.java:111)
	at org.apache.xmlbeans.SchemaType$Ref.get(SchemaType.java:1072)
	at org.apache.xmlbeans.impl.schema.SchemaPropertyImpl.getType(SchemaPropertyImpl.java:85)
	at org.apache.xmlbeans.impl.schema.SchemaTypeImpl.createElementType(SchemaTypeImpl.java:990)
	at org.apache.xmlbeans.impl.values.XmlObjectBase.create_element_user(XmlObjectBase.java:879)
	at org.apache.xmlbeans.impl.store.Xobj.getUser(Xobj.java:1597)
	at org.apache.xmlbeans.impl.store.Xobj.find_element_user(Xobj.java:1968)
	at org.openxmlformats.schemas.spreadsheetml.x2006.main.impl.WorksheetDocumentImpl.getWorksheet(WorksheetDocumentImpl.java:40)
	at org.apache.poi.xssf.usermodel.XSSFSheet.read(XSSFSheet.java:156)
	at org.apache.poi.xssf.usermodel.XSSFSheet.onDocumentRead(XSSFSheet.java:148)
	at org.apache.poi.xssf.usermodel.XSSFWorkbook.parseSheet(XSSFWorkbook.java:468)
	at org.apache.poi.xssf.usermodel.XSSFWorkbook.onDocumentRead(XSSFWorkbook.java:429)
	at org.apache.poi.ooxml.POIXMLDocument.load(POIXMLDocument.java:169)
	at org.apache.poi.xssf.usermodel.XSSFWorkbook.<init>(XSSFWorkbook.java:260)
	at org.apache.poi.xssf.usermodel.XSSFWorkbook.<init>(XSSFWorkbook.java:290)
	at org.apache.poi.xssf.usermodel.XSSFWorkbook.<init>(XSSFWorkbook.java:286)
	at externalResources.ExcelDataRead.<init>(ExcelDataRead.java:22)
	at listeners.AnnotationsTransformer.toBeExecuted(AnnotationsTransformer.java:36)
	at listeners.AnnotationsTransformer.transform(AnnotationsTransformer.java:24)
	at org.testng.internal.annotations.JDK15AnnotationFinder.transform(JDK15AnnotationFinder.java:172)
	at org.testng.internal.annotations.JDK15AnnotationFinder.lambda$findAnnotation$0(JDK15AnnotationFinder.java:279)
	at java.base/java.util.concurrent.ConcurrentHashMap.computeIfAbsent(ConcurrentHashMap.java:1705)
	at org.testng.internal.annotations.JDK15AnnotationFinder.findAnnotation(JDK15AnnotationFinder.java:275)
	at org.testng.internal.annotations.JDK15AnnotationFinder.findAnnotation(JDK15AnnotationFinder.java:113)
	at org.testng.internal.TestNGClassFinder.isTestNGClass(TestNGClassFinder.java:275)
	at org.testng.internal.TestNGClassFinder.isNotTestNGClass(TestNGClassFinder.java:260)
	at org.testng.internal.TestNGClassFinder.processClass(TestNGClassFinder.java:94)
	at org.testng.internal.TestNGClassFinder.<init>(TestNGClassFinder.java:67)
	at org.testng.TestRunner.initMethods(TestRunner.java:442)
	at org.testng.TestRunner.init(TestRunner.java:336)
	at org.testng.TestRunner.init(TestRunner.java:289)
	at org.testng.TestRunner.<init>(TestRunner.java:179)
	at org.testng.SuiteRunner$DefaultTestRunnerFactory.newTestRunner(SuiteRunner.java:643)
	at org.testng.SuiteRunner.init(SuiteRunner.java:225)
	at org.testng.SuiteRunner.<init>(SuiteRunner.java:115)
	at org.testng.TestNG.createSuiteRunner(TestNG.java:1349)
	at org.testng.TestNG.createSuiteRunners(TestNG.java:1325)
	at org.testng.TestNG.runSuitesLocally(TestNG.java:1167)
	at org.testng.TestNG.runSuites(TestNG.java:1099)
	at org.testng.TestNG.run(TestNG.java:1067)
	at org.apache.maven.surefire.testng.TestNGExecutor.run(TestNGExecutor.java:324)
	at org.apache.maven.surefire.testng.TestNGXmlTestSuite.execute(TestNGXmlTestSuite.java:74)
	at org.apache.maven.surefire.testng.TestNGProvider.invoke(TestNGProvider.java:123)
	at org.apache.maven.surefire.booter.ForkedBooter.runSuitesInProcess(ForkedBooter.java:456)
	at org.apache.maven.surefire.booter.ForkedBooter.execute(ForkedBooter.java:169)
	at org.apache.maven.surefire.booter.ForkedBooter.run(ForkedBooter.java:595)
	at org.apache.maven.surefire.booter.ForkedBooter.main(ForkedBooter.java:581)

2023-02-13 11:57:15,941 main ERROR Could not create plugin of type class org.apache.logging.log4j.core.appender.RollingFileAppender for element RollingFile: java.lang.IllegalStateException: ManagerFactory [org.apache.logging.log4j.core.appender.rolling.RollingFileManager$RollingFileManagerFactory@4e6d7365] unable to create manager for [./results/logs/${ctx:threadName}.log] with data [org.apache.logging.log4j.core.appender.rolling.RollingFileManager$FactoryData@66ad7bf0[pattern=./results/logs/${ctx:threadName}-%d{yyyy-MM-dd}.log, append=true, bufferedIO=true, bufferSize=8192, policy=SizeBasedTriggeringPolicy(size=512000), strategy=DefaultRolloverStrategy(min=1, max=7, useMax=true), advertiseURI=null, layout=%d{HH:mm:ss.SSS} [%t] %-5level %logger{36} - %msg%n, filePermissions=null, fileOwner=null]] java.lang.IllegalStateException: ManagerFactory [org.apache.logging.log4j.core.appender.rolling.RollingFileManager$RollingFileManagerFactory@4e6d7365] unable to create manager for [./results/logs/${ctx:threadName}.log] with data [org.apache.logging.log4j.core.appender.rolling.RollingFileManager$FactoryData@66ad7bf0[pattern=./results/logs/${ctx:threadName}-%d{yyyy-MM-dd}.log, append=true, bufferedIO=true, bufferSize=8192, policy=SizeBasedTriggeringPolicy(size=512000), strategy=DefaultRolloverStrategy(min=1, max=7, useMax=true), advertiseURI=null, layout=%d{HH:mm:ss.SSS} [%t] %-5level %logger{36} - %msg%n, filePermissions=null, fileOwner=null]]
	at org.apache.logging.log4j.core.appender.AbstractManager.getManager(AbstractManager.java:146)
	at org.apache.logging.log4j.core.appender.OutputStreamManager.getManager(OutputStreamManager.java:100)
	at org.apache.logging.log4j.core.appender.rolling.RollingFileManager.getFileManager(RollingFileManager.java:217)
	at org.apache.logging.log4j.core.appender.RollingFileAppender$Builder.build(RollingFileAppender.java:135)
	at org.apache.logging.log4j.core.appender.RollingFileAppender$Builder.build(RollingFileAppender.java:62)
	at org.apache.logging.log4j.core.config.plugins.util.PluginBuilder.build(PluginBuilder.java:124)
	at org.apache.logging.log4j.core.config.AbstractConfiguration.createPluginObject(AbstractConfiguration.java:1138)
	at org.apache.logging.log4j.core.config.AbstractConfiguration.createConfiguration(AbstractConfiguration.java:1063)
	at org.apache.logging.log4j.core.appender.routing.RoutingAppender.createAppender(RoutingAppender.java:310)
	at org.apache.logging.log4j.core.appender.routing.RoutingAppender.getControl(RoutingAppender.java:282)
	at org.apache.logging.log4j.core.appender.routing.RoutingAppender.append(RoutingAppender.java:240)
	at org.apache.logging.log4j.core.config.AppenderControl.tryCallAppender(AppenderControl.java:161)
	at org.apache.logging.log4j.core.config.AppenderControl.callAppender0(AppenderControl.java:134)
	at org.apache.logging.log4j.core.config.AppenderControl.callAppenderPreventRecursion(AppenderControl.java:125)
	at org.apache.logging.log4j.core.config.AppenderControl.callAppender(AppenderControl.java:89)
	at org.apache.logging.log4j.core.config.LoggerConfig.callAppenders(LoggerConfig.java:683)
	at org.apache.logging.log4j.core.config.LoggerConfig.processLogEvent(LoggerConfig.java:641)
	at org.apache.logging.log4j.core.config.LoggerConfig.log(LoggerConfig.java:624)
	at org.apache.logging.log4j.core.config.LoggerConfig.log(LoggerConfig.java:560)
	at org.apache.logging.log4j.core.config.AwaitCompletionReliabilityStrategy.log(AwaitCompletionReliabilityStrategy.java:82)
	at org.apache.logging.log4j.core.Logger.log(Logger.java:162)
	at org.apache.logging.log4j.spi.AbstractLogger.logMessage(AbstractLogger.java:2106)
	at org.apache.logging.log4j.internal.DefaultLogBuilder.logMessage(DefaultLogBuilder.java:241)
	at org.apache.logging.log4j.internal.DefaultLogBuilder.log(DefaultLogBuilder.java:162)
	at org.apache.xmlbeans.impl.schema.SchemaTypeSystemImpl.resolveHandle(SchemaTypeSystemImpl.java:935)
	at org.apache.xmlbeans.SchemaComponent$Ref.getComponent(SchemaComponent.java:111)
	at org.apache.xmlbeans.SchemaType$Ref.get(SchemaType.java:1072)
	at org.apache.xmlbeans.impl.schema.SchemaPropertyImpl.getType(SchemaPropertyImpl.java:85)
	at org.apache.xmlbeans.impl.schema.SchemaTypeImpl.createElementType(SchemaTypeImpl.java:990)
	at org.apache.xmlbeans.impl.values.XmlObjectBase.create_element_user(XmlObjectBase.java:879)
	at org.apache.xmlbeans.impl.store.Xobj.getUser(Xobj.java:1597)
	at org.apache.xmlbeans.impl.store.Xobj.find_element_user(Xobj.java:1968)
	at org.openxmlformats.schemas.spreadsheetml.x2006.main.impl.WorksheetDocumentImpl.getWorksheet(WorksheetDocumentImpl.java:40)
	at org.apache.poi.xssf.usermodel.XSSFSheet.read(XSSFSheet.java:156)
	at org.apache.poi.xssf.usermodel.XSSFSheet.onDocumentRead(XSSFSheet.java:148)
	at org.apache.poi.xssf.usermodel.XSSFWorkbook.parseSheet(XSSFWorkbook.java:468)
	at org.apache.poi.xssf.usermodel.XSSFWorkbook.onDocumentRead(XSSFWorkbook.java:429)
	at org.apache.poi.ooxml.POIXMLDocument.load(POIXMLDocument.java:169)
	at org.apache.poi.xssf.usermodel.XSSFWorkbook.<init>(XSSFWorkbook.java:260)
	at org.apache.poi.xssf.usermodel.XSSFWorkbook.<init>(XSSFWorkbook.java:290)
	at org.apache.poi.xssf.usermodel.XSSFWorkbook.<init>(XSSFWorkbook.java:286)
	at externalResources.ExcelDataRead.<init>(ExcelDataRead.java:22)
	at listeners.AnnotationsTransformer.toBeExecuted(AnnotationsTransformer.java:36)
	at listeners.AnnotationsTransformer.transform(AnnotationsTransformer.java:24)
	at org.testng.internal.annotations.JDK15AnnotationFinder.transform(JDK15AnnotationFinder.java:172)
	at org.testng.internal.annotations.JDK15AnnotationFinder.lambda$findAnnotation$0(JDK15AnnotationFinder.java:279)
	at java.base/java.util.concurrent.ConcurrentHashMap.computeIfAbsent(ConcurrentHashMap.java:1705)
	at org.testng.internal.annotations.JDK15AnnotationFinder.findAnnotation(JDK15AnnotationFinder.java:275)
	at org.testng.internal.annotations.JDK15AnnotationFinder.findAnnotation(JDK15AnnotationFinder.java:113)
	at org.testng.internal.TestNGClassFinder.isTestNGClass(TestNGClassFinder.java:275)
	at org.testng.internal.TestNGClassFinder.isNotTestNGClass(TestNGClassFinder.java:260)
	at org.testng.internal.TestNGClassFinder.processClass(TestNGClassFinder.java:94)
	at org.testng.internal.TestNGClassFinder.<init>(TestNGClassFinder.java:67)
	at org.testng.TestRunner.initMethods(TestRunner.java:442)
	at org.testng.TestRunner.init(TestRunner.java:336)
	at org.testng.TestRunner.init(TestRunner.java:289)
	at org.testng.TestRunner.<init>(TestRunner.java:179)
	at org.testng.SuiteRunner$DefaultTestRunnerFactory.newTestRunner(SuiteRunner.java:643)
	at org.testng.SuiteRunner.init(SuiteRunner.java:225)
	at org.testng.SuiteRunner.<init>(SuiteRunner.java:115)
	at org.testng.TestNG.createSuiteRunner(TestNG.java:1349)
	at org.testng.TestNG.createSuiteRunners(TestNG.java:1325)
	at org.testng.TestNG.runSuitesLocally(TestNG.java:1167)
	at org.testng.TestNG.runSuites(TestNG.java:1099)
	at org.testng.TestNG.run(TestNG.java:1067)
	at org.apache.maven.surefire.testng.TestNGExecutor.run(TestNGExecutor.java:324)
	at org.apache.maven.surefire.testng.TestNGXmlTestSuite.execute(TestNGXmlTestSuite.java:74)
	at org.apache.maven.surefire.testng.TestNGProvider.invoke(TestNGProvider.java:123)
	at org.apache.maven.surefire.booter.ForkedBooter.runSuitesInProcess(ForkedBooter.java:456)
	at org.apache.maven.surefire.booter.ForkedBooter.execute(ForkedBooter.java:169)
	at org.apache.maven.surefire.booter.ForkedBooter.run(ForkedBooter.java:595)
	at org.apache.maven.surefire.booter.ForkedBooter.main(ForkedBooter.java:581)

2023-02-13 11:57:15,941 main ERROR Unable to invoke factory method in class org.apache.logging.log4j.core.appender.RollingFileAppender for element RollingFile: java.lang.IllegalStateException: No factory method found for class org.apache.logging.log4j.core.appender.RollingFileAppender java.lang.IllegalStateException: No factory method found for class org.apache.logging.log4j.core.appender.RollingFileAppender
	at org.apache.logging.log4j.core.config.plugins.util.PluginBuilder.findFactoryMethod(PluginBuilder.java:260)
	at org.apache.logging.log4j.core.config.plugins.util.PluginBuilder.build(PluginBuilder.java:136)
	at org.apache.logging.log4j.core.config.AbstractConfiguration.createPluginObject(AbstractConfiguration.java:1138)
	at org.apache.logging.log4j.core.config.AbstractConfiguration.createConfiguration(AbstractConfiguration.java:1063)
	at org.apache.logging.log4j.core.appender.routing.RoutingAppender.createAppender(RoutingAppender.java:310)
	at org.apache.logging.log4j.core.appender.routing.RoutingAppender.getControl(RoutingAppender.java:282)
	at org.apache.logging.log4j.core.appender.routing.RoutingAppender.append(RoutingAppender.java:240)
	at org.apache.logging.log4j.core.config.AppenderControl.tryCallAppender(AppenderControl.java:161)
	at org.apache.logging.log4j.core.config.AppenderControl.callAppender0(AppenderControl.java:134)
	at org.apache.logging.log4j.core.config.AppenderControl.callAppenderPreventRecursion(AppenderControl.java:125)
	at org.apache.logging.log4j.core.config.AppenderControl.callAppender(AppenderControl.java:89)
	at org.apache.logging.log4j.core.config.LoggerConfig.callAppenders(LoggerConfig.java:683)
	at org.apache.logging.log4j.core.config.LoggerConfig.processLogEvent(LoggerConfig.java:641)
	at org.apache.logging.log4j.core.config.LoggerConfig.log(LoggerConfig.java:624)
	at org.apache.logging.log4j.core.config.LoggerConfig.log(LoggerConfig.java:560)
	at org.apache.logging.log4j.core.config.AwaitCompletionReliabilityStrategy.log(AwaitCompletionReliabilityStrategy.java:82)
	at org.apache.logging.log4j.core.Logger.log(Logger.java:162)
	at org.apache.logging.log4j.spi.AbstractLogger.logMessage(AbstractLogger.java:2106)
	at org.apache.logging.log4j.internal.DefaultLogBuilder.logMessage(DefaultLogBuilder.java:241)
	at org.apache.logging.log4j.internal.DefaultLogBuilder.log(DefaultLogBuilder.java:162)
	at org.apache.xmlbeans.impl.schema.SchemaTypeSystemImpl.resolveHandle(SchemaTypeSystemImpl.java:935)
	at org.apache.xmlbeans.SchemaComponent$Ref.getComponent(SchemaComponent.java:111)
	at org.apache.xmlbeans.SchemaType$Ref.get(SchemaType.java:1072)
	at org.apache.xmlbeans.impl.schema.SchemaPropertyImpl.getType(SchemaPropertyImpl.java:85)
	at org.apache.xmlbeans.impl.schema.SchemaTypeImpl.createElementType(SchemaTypeImpl.java:990)
	at org.apache.xmlbeans.impl.values.XmlObjectBase.create_element_user(XmlObjectBase.java:879)
	at org.apache.xmlbeans.impl.store.Xobj.getUser(Xobj.java:1597)
	at org.apache.xmlbeans.impl.store.Xobj.find_element_user(Xobj.java:1968)
	at org.openxmlformats.schemas.spreadsheetml.x2006.main.impl.WorksheetDocumentImpl.getWorksheet(WorksheetDocumentImpl.java:40)
	at org.apache.poi.xssf.usermodel.XSSFSheet.read(XSSFSheet.java:156)
	at org.apache.poi.xssf.usermodel.XSSFSheet.onDocumentRead(XSSFSheet.java:148)
	at org.apache.poi.xssf.usermodel.XSSFWorkbook.parseSheet(XSSFWorkbook.java:468)
	at org.apache.poi.xssf.usermodel.XSSFWorkbook.onDocumentRead(XSSFWorkbook.java:429)
	at org.apache.poi.ooxml.POIXMLDocument.load(POIXMLDocument.java:169)
	at org.apache.poi.xssf.usermodel.XSSFWorkbook.<init>(XSSFWorkbook.java:260)
	at org.apache.poi.xssf.usermodel.XSSFWorkbook.<init>(XSSFWorkbook.java:290)
	at org.apache.poi.xssf.usermodel.XSSFWorkbook.<init>(XSSFWorkbook.java:286)
	at externalResources.ExcelDataRead.<init>(ExcelDataRead.java:22)
	at listeners.AnnotationsTransformer.toBeExecuted(AnnotationsTransformer.java:36)
	at listeners.AnnotationsTransformer.transform(AnnotationsTransformer.java:24)
	at org.testng.internal.annotations.JDK15AnnotationFinder.transform(JDK15AnnotationFinder.java:172)
	at org.testng.internal.annotations.JDK15AnnotationFinder.lambda$findAnnotation$0(JDK15AnnotationFinder.java:279)
	at java.base/java.util.concurrent.ConcurrentHashMap.computeIfAbsent(ConcurrentHashMap.java:1705)
	at org.testng.internal.annotations.JDK15AnnotationFinder.findAnnotation(JDK15AnnotationFinder.java:275)
	at org.testng.internal.annotations.JDK15AnnotationFinder.findAnnotation(JDK15AnnotationFinder.java:113)
	at org.testng.internal.TestNGClassFinder.isTestNGClass(TestNGClassFinder.java:275)
	at org.testng.internal.TestNGClassFinder.isNotTestNGClass(TestNGClassFinder.java:260)
	at org.testng.internal.TestNGClassFinder.processClass(TestNGClassFinder.java:94)
	at org.testng.internal.TestNGClassFinder.<init>(TestNGClassFinder.java:67)
	at org.testng.TestRunner.initMethods(TestRunner.java:442)
	at org.testng.TestRunner.init(TestRunner.java:336)
	at org.testng.TestRunner.init(TestRunner.java:289)
	at org.testng.TestRunner.<init>(TestRunner.java:179)
	at org.testng.SuiteRunner$DefaultTestRunnerFactory.newTestRunner(SuiteRunner.java:643)
	at org.testng.SuiteRunner.init(SuiteRunner.java:225)
	at org.testng.SuiteRunner.<init>(SuiteRunner.java:115)
	at org.testng.TestNG.createSuiteRunner(TestNG.java:1349)
	at org.testng.TestNG.createSuiteRunners(TestNG.java:1325)
	at org.testng.TestNG.runSuitesLocally(TestNG.java:1167)
	at org.testng.TestNG.runSuites(TestNG.java:1099)
	at org.testng.TestNG.run(TestNG.java:1067)
	at org.apache.maven.surefire.testng.TestNGExecutor.run(TestNGExecutor.java:324)
	at org.apache.maven.surefire.testng.TestNGXmlTestSuite.execute(TestNGXmlTestSuite.java:74)
	at org.apache.maven.surefire.testng.TestNGProvider.invoke(TestNGProvider.java:123)
	at org.apache.maven.surefire.booter.ForkedBooter.runSuitesInProcess(ForkedBooter.java:456)
	at org.apache.maven.surefire.booter.ForkedBooter.execute(ForkedBooter.java:169)
	at org.apache.maven.surefire.booter.ForkedBooter.run(ForkedBooter.java:595)
	at org.apache.maven.surefire.booter.ForkedBooter.main(ForkedBooter.java:581)

2023-02-13 11:57:15,951 main ERROR Unable to create file ./results/logs/${ctx:threadName}.log java.io.IOException: The filename, directory name, or volume label syntax is incorrect
	at java.base/java.io.WinNTFileSystem.canonicalize0(Native Method)
	at java.base/java.io.WinNTFileSystem.canonicalize(WinNTFileSystem.java:483)
	at java.base/java.io.File.getCanonicalPath(File.java:626)
	at java.base/java.io.File.getCanonicalFile(File.java:651)
	at org.apache.logging.log4j.core.util.FileUtils.makeParentDirs(FileUtils.java:139)
	at org.apache.logging.log4j.core.appender.rolling.RollingFileManager$RollingFileManagerFactory.createManager(RollingFileManager.java:734)
	at org.apache.logging.log4j.core.appender.rolling.RollingFileManager$RollingFileManagerFactory.createManager(RollingFileManager.java:718)
	at org.apache.logging.log4j.core.appender.AbstractManager.getManager(AbstractManager.java:144)
	at org.apache.logging.log4j.core.appender.OutputStreamManager.getManager(OutputStreamManager.java:100)
	at org.apache.logging.log4j.core.appender.rolling.RollingFileManager.getFileManager(RollingFileManager.java:217)
	at org.apache.logging.log4j.core.appender.RollingFileAppender$Builder.build(RollingFileAppender.java:135)
	at org.apache.logging.log4j.core.appender.RollingFileAppender$Builder.build(RollingFileAppender.java:62)
	at org.apache.logging.log4j.core.config.plugins.util.PluginBuilder.build(PluginBuilder.java:124)
	at org.apache.logging.log4j.core.config.AbstractConfiguration.createPluginObject(AbstractConfiguration.java:1138)
	at org.apache.logging.log4j.core.config.AbstractConfiguration.createConfiguration(AbstractConfiguration.java:1063)
	at org.apache.logging.log4j.core.appender.routing.RoutingAppender.createAppender(RoutingAppender.java:310)
	at org.apache.logging.log4j.core.appender.routing.RoutingAppender.getControl(RoutingAppender.java:282)
	at org.apache.logging.log4j.core.appender.routing.RoutingAppender.append(RoutingAppender.java:240)
	at org.apache.logging.log4j.core.config.AppenderControl.tryCallAppender(AppenderControl.java:161)
	at org.apache.logging.log4j.core.config.AppenderControl.callAppender0(AppenderControl.java:134)
	at org.apache.logging.log4j.core.config.AppenderControl.callAppenderPreventRecursion(AppenderControl.java:125)
	at org.apache.logging.log4j.core.config.AppenderControl.callAppender(AppenderControl.java:89)
	at org.apache.logging.log4j.core.config.LoggerConfig.callAppenders(LoggerConfig.java:683)
	at org.apache.logging.log4j.core.config.LoggerConfig.processLogEvent(LoggerConfig.java:641)
	at org.apache.logging.log4j.core.config.LoggerConfig.log(LoggerConfig.java:624)
	at org.apache.logging.log4j.core.config.LoggerConfig.log(LoggerConfig.java:560)
	at org.apache.logging.log4j.core.config.AwaitCompletionReliabilityStrategy.log(AwaitCompletionReliabilityStrategy.java:82)
	at org.apache.logging.log4j.core.Logger.log(Logger.java:162)
	at org.apache.logging.log4j.spi.AbstractLogger.logMessage(AbstractLogger.java:2106)
	at org.apache.logging.log4j.internal.DefaultLogBuilder.logMessage(DefaultLogBuilder.java:241)
	at org.apache.logging.log4j.internal.DefaultLogBuilder.log(DefaultLogBuilder.java:162)
	at org.apache.xmlbeans.impl.schema.SchemaTypeSystemImpl.resolveHandle(SchemaTypeSystemImpl.java:935)
	at org.apache.xmlbeans.SchemaComponent$Ref.getComponent(SchemaComponent.java:111)
	at org.apache.xmlbeans.SchemaType$Ref.get(SchemaType.java:1072)
	at org.apache.xmlbeans.impl.schema.SchemaPropertyImpl.getType(SchemaPropertyImpl.java:85)
	at org.apache.xmlbeans.impl.schema.SchemaTypeImpl.createElementType(SchemaTypeImpl.java:990)
	at org.apache.xmlbeans.impl.values.XmlObjectBase.create_element_user(XmlObjectBase.java:879)
	at org.apache.xmlbeans.impl.store.Xobj.getUser(Xobj.java:1597)
	at org.apache.xmlbeans.impl.store.Xobj.find_element_user(Xobj.java:1968)
	at org.openxmlformats.schemas.spreadsheetml.x2006.main.impl.CTWorksheetImpl.getSheetData(CTWorksheetImpl.java:407)
	at org.apache.poi.xssf.usermodel.XSSFSheet.initRows(XSSFSheet.java:194)
	at org.apache.poi.xssf.usermodel.XSSFSheet.read(XSSFSheet.java:161)
	at org.apache.poi.xssf.usermodel.XSSFSheet.onDocumentRead(XSSFSheet.java:148)
	at org.apache.poi.xssf.usermodel.XSSFWorkbook.parseSheet(XSSFWorkbook.java:468)
	at org.apache.poi.xssf.usermodel.XSSFWorkbook.onDocumentRead(XSSFWorkbook.java:429)
	at org.apache.poi.ooxml.POIXMLDocument.load(POIXMLDocument.java:169)
	at org.apache.poi.xssf.usermodel.XSSFWorkbook.<init>(XSSFWorkbook.java:260)
	at org.apache.poi.xssf.usermodel.XSSFWorkbook.<init>(XSSFWorkbook.java:290)
	at org.apache.poi.xssf.usermodel.XSSFWorkbook.<init>(XSSFWorkbook.java:286)
	at externalResources.ExcelDataRead.<init>(ExcelDataRead.java:22)
	at listeners.AnnotationsTransformer.toBeExecuted(AnnotationsTransformer.java:36)
	at listeners.AnnotationsTransformer.transform(AnnotationsTransformer.java:24)
	at org.testng.internal.annotations.JDK15AnnotationFinder.transform(JDK15AnnotationFinder.java:172)
	at org.testng.internal.annotations.JDK15AnnotationFinder.lambda$findAnnotation$0(JDK15AnnotationFinder.java:279)
	at java.base/java.util.concurrent.ConcurrentHashMap.computeIfAbsent(ConcurrentHashMap.java:1705)
	at org.testng.internal.annotations.JDK15AnnotationFinder.findAnnotation(JDK15AnnotationFinder.java:275)
	at org.testng.internal.annotations.JDK15AnnotationFinder.findAnnotation(JDK15AnnotationFinder.java:113)
	at org.testng.internal.TestNGClassFinder.isTestNGClass(TestNGClassFinder.java:275)
	at org.testng.internal.TestNGClassFinder.isNotTestNGClass(TestNGClassFinder.java:260)
	at org.testng.internal.TestNGClassFinder.processClass(TestNGClassFinder.java:94)
	at org.testng.internal.TestNGClassFinder.<init>(TestNGClassFinder.java:67)
	at org.testng.TestRunner.initMethods(TestRunner.java:442)
	at org.testng.TestRunner.init(TestRunner.java:336)
	at org.testng.TestRunner.init(TestRunner.java:289)
	at org.testng.TestRunner.<init>(TestRunner.java:179)
	at org.testng.SuiteRunner$DefaultTestRunnerFactory.newTestRunner(SuiteRunner.java:643)
	at org.testng.SuiteRunner.init(SuiteRunner.java:225)
	at org.testng.SuiteRunner.<init>(SuiteRunner.java:115)
	at org.testng.TestNG.createSuiteRunner(TestNG.java:1349)
	at org.testng.TestNG.createSuiteRunners(TestNG.java:1325)
	at org.testng.TestNG.runSuitesLocally(TestNG.java:1167)
	at org.testng.TestNG.runSuites(TestNG.java:1099)
	at org.testng.TestNG.run(TestNG.java:1067)
	at org.apache.maven.surefire.testng.TestNGExecutor.run(TestNGExecutor.java:324)
	at org.apache.maven.surefire.testng.TestNGXmlTestSuite.execute(TestNGXmlTestSuite.java:74)
	at org.apache.maven.surefire.testng.TestNGProvider.invoke(TestNGProvider.java:123)
	at org.apache.maven.surefire.booter.ForkedBooter.runSuitesInProcess(ForkedBooter.java:456)
	at org.apache.maven.surefire.booter.ForkedBooter.execute(ForkedBooter.java:169)
	at org.apache.maven.surefire.booter.ForkedBooter.run(ForkedBooter.java:595)
	at org.apache.maven.surefire.booter.ForkedBooter.main(ForkedBooter.java:581)

2023-02-13 11:57:15,952 main ERROR Could not create plugin of type class org.apache.logging.log4j.core.appender.RollingFileAppender for element RollingFile: java.lang.IllegalStateException: ManagerFactory [org.apache.logging.log4j.core.appender.rolling.RollingFileManager$RollingFileManagerFactory@4e6d7365] unable to create manager for [./results/logs/${ctx:threadName}.log] with data [org.apache.logging.log4j.core.appender.rolling.RollingFileManager$FactoryData@1706a5c9[pattern=./results/logs/${ctx:threadName}-%d{yyyy-MM-dd}.log, append=true, bufferedIO=true, bufferSize=8192, policy=SizeBasedTriggeringPolicy(size=512000), strategy=DefaultRolloverStrategy(min=1, max=7, useMax=true), advertiseURI=null, layout=%d{HH:mm:ss.SSS} [%t] %-5level %logger{36} - %msg%n, filePermissions=null, fileOwner=null]] java.lang.IllegalStateException: ManagerFactory [org.apache.logging.log4j.core.appender.rolling.RollingFileManager$RollingFileManagerFactory@4e6d7365] unable to create manager for [./results/logs/${ctx:threadName}.log] with data [org.apache.logging.log4j.core.appender.rolling.RollingFileManager$FactoryData@1706a5c9[pattern=./results/logs/${ctx:threadName}-%d{yyyy-MM-dd}.log, append=true, bufferedIO=true, bufferSize=8192, policy=SizeBasedTriggeringPolicy(size=512000), strategy=DefaultRolloverStrategy(min=1, max=7, useMax=true), advertiseURI=null, layout=%d{HH:mm:ss.SSS} [%t] %-5level %logger{36} - %msg%n, filePermissions=null, fileOwner=null]]
	at org.apache.logging.log4j.core.appender.AbstractManager.getManager(AbstractManager.java:146)
	at org.apache.logging.log4j.core.appender.OutputStreamManager.getManager(OutputStreamManager.java:100)
	at org.apache.logging.log4j.core.appender.rolling.RollingFileManager.getFileManager(RollingFileManager.java:217)
	at org.apache.logging.log4j.core.appender.RollingFileAppender$Builder.build(RollingFileAppender.java:135)
	at org.apache.logging.log4j.core.appender.RollingFileAppender$Builder.build(RollingFileAppender.java:62)
	at org.apache.logging.log4j.core.config.plugins.util.PluginBuilder.build(PluginBuilder.java:124)
	at org.apache.logging.log4j.core.config.AbstractConfiguration.createPluginObject(AbstractConfiguration.java:1138)
	at org.apache.logging.log4j.core.config.AbstractConfiguration.createConfiguration(AbstractConfiguration.java:1063)
	at org.apache.logging.log4j.core.appender.routing.RoutingAppender.createAppender(RoutingAppender.java:310)
	at org.apache.logging.log4j.core.appender.routing.RoutingAppender.getControl(RoutingAppender.java:282)
	at org.apache.logging.log4j.core.appender.routing.RoutingAppender.append(RoutingAppender.java:240)
	at org.apache.logging.log4j.core.config.AppenderControl.tryCallAppender(AppenderControl.java:161)
	at org.apache.logging.log4j.core.config.AppenderControl.callAppender0(AppenderControl.java:134)
	at org.apache.logging.log4j.core.config.AppenderControl.callAppenderPreventRecursion(AppenderControl.java:125)
	at org.apache.logging.log4j.core.config.AppenderControl.callAppender(AppenderControl.java:89)
	at org.apache.logging.log4j.core.config.LoggerConfig.callAppenders(LoggerConfig.java:683)
	at org.apache.logging.log4j.core.config.LoggerConfig.processLogEvent(LoggerConfig.java:641)
	at org.apache.logging.log4j.core.config.LoggerConfig.log(LoggerConfig.java:624)
	at org.apache.logging.log4j.core.config.LoggerConfig.log(LoggerConfig.java:560)
	at org.apache.logging.log4j.core.config.AwaitCompletionReliabilityStrategy.log(AwaitCompletionReliabilityStrategy.java:82)
	at org.apache.logging.log4j.core.Logger.log(Logger.java:162)
	at org.apache.logging.log4j.spi.AbstractLogger.logMessage(AbstractLogger.java:2106)
	at org.apache.logging.log4j.internal.DefaultLogBuilder.logMessage(DefaultLogBuilder.java:241)
	at org.apache.logging.log4j.internal.DefaultLogBuilder.log(DefaultLogBuilder.java:162)
	at org.apache.xmlbeans.impl.schema.SchemaTypeSystemImpl.resolveHandle(SchemaTypeSystemImpl.java:935)
	at org.apache.xmlbeans.SchemaComponent$Ref.getComponent(SchemaComponent.java:111)
	at org.apache.xmlbeans.SchemaType$Ref.get(SchemaType.java:1072)
	at org.apache.xmlbeans.impl.schema.SchemaPropertyImpl.getType(SchemaPropertyImpl.java:85)
	at org.apache.xmlbeans.impl.schema.SchemaTypeImpl.createElementType(SchemaTypeImpl.java:990)
	at org.apache.xmlbeans.impl.values.XmlObjectBase.create_element_user(XmlObjectBase.java:879)
	at org.apache.xmlbeans.impl.store.Xobj.getUser(Xobj.java:1597)
	at org.apache.xmlbeans.impl.store.Xobj.find_element_user(Xobj.java:1968)
	at org.openxmlformats.schemas.spreadsheetml.x2006.main.impl.CTWorksheetImpl.getSheetData(CTWorksheetImpl.java:407)
	at org.apache.poi.xssf.usermodel.XSSFSheet.initRows(XSSFSheet.java:194)
	at org.apache.poi.xssf.usermodel.XSSFSheet.read(XSSFSheet.java:161)
	at org.apache.poi.xssf.usermodel.XSSFSheet.onDocumentRead(XSSFSheet.java:148)
	at org.apache.poi.xssf.usermodel.XSSFWorkbook.parseSheet(XSSFWorkbook.java:468)
	at org.apache.poi.xssf.usermodel.XSSFWorkbook.onDocumentRead(XSSFWorkbook.java:429)
	at org.apache.poi.ooxml.POIXMLDocument.load(POIXMLDocument.java:169)
	at org.apache.poi.xssf.usermodel.XSSFWorkbook.<init>(XSSFWorkbook.java:260)
	at org.apache.poi.xssf.usermodel.XSSFWorkbook.<init>(XSSFWorkbook.java:290)
	at org.apache.poi.xssf.usermodel.XSSFWorkbook.<init>(XSSFWorkbook.java:286)
	at externalResources.ExcelDataRead.<init>(ExcelDataRead.java:22)
	at listeners.AnnotationsTransformer.toBeExecuted(AnnotationsTransformer.java:36)
	at listeners.AnnotationsTransformer.transform(AnnotationsTransformer.java:24)
	at org.testng.internal.annotations.JDK15AnnotationFinder.transform(JDK15AnnotationFinder.java:172)
	at org.testng.internal.annotations.JDK15AnnotationFinder.lambda$findAnnotation$0(JDK15AnnotationFinder.java:279)
	at java.base/java.util.concurrent.ConcurrentHashMap.computeIfAbsent(ConcurrentHashMap.java:1705)
	at org.testng.internal.annotations.JDK15AnnotationFinder.findAnnotation(JDK15AnnotationFinder.java:275)
	at org.testng.internal.annotations.JDK15AnnotationFinder.findAnnotation(JDK15AnnotationFinder.java:113)
	at org.testng.internal.TestNGClassFinder.isTestNGClass(TestNGClassFinder.java:275)
	at org.testng.internal.TestNGClassFinder.isNotTestNGClass(TestNGClassFinder.java:260)
	at org.testng.internal.TestNGClassFinder.processClass(TestNGClassFinder.java:94)
	at org.testng.internal.TestNGClassFinder.<init>(TestNGClassFinder.java:67)
	at org.testng.TestRunner.initMethods(TestRunner.java:442)
	at org.testng.TestRunner.init(TestRunner.java:336)
	at org.testng.TestRunner.init(TestRunner.java:289)
	at org.testng.TestRunner.<init>(TestRunner.java:179)
	at org.testng.SuiteRunner$DefaultTestRunnerFactory.newTestRunner(SuiteRunner.java:643)
	at org.testng.SuiteRunner.init(SuiteRunner.java:225)
	at org.testng.SuiteRunner.<init>(SuiteRunner.java:115)
	at org.testng.TestNG.createSuiteRunner(TestNG.java:1349)
	at org.testng.TestNG.createSuiteRunners(TestNG.java:1325)
	at org.testng.TestNG.runSuitesLocally(TestNG.java:1167)
	at org.testng.TestNG.runSuites(TestNG.java:1099)
	at org.testng.TestNG.run(TestNG.java:1067)
	at org.apache.maven.surefire.testng.TestNGExecutor.run(TestNGExecutor.java:324)
	at org.apache.maven.surefire.testng.TestNGXmlTestSuite.execute(TestNGXmlTestSuite.java:74)
	at org.apache.maven.surefire.testng.TestNGProvider.invoke(TestNGProvider.java:123)
	at org.apache.maven.surefire.booter.ForkedBooter.runSuitesInProcess(ForkedBooter.java:456)
	at org.apache.maven.surefire.booter.ForkedBooter.execute(ForkedBooter.java:169)
	at org.apache.maven.surefire.booter.ForkedBooter.run(ForkedBooter.java:595)
	at org.apache.maven.surefire.booter.ForkedBooter.main(ForkedBooter.java:581)

2023-02-13 11:57:15,952 main ERROR Unable to invoke factory method in class org.apache.logging.log4j.core.appender.RollingFileAppender for element RollingFile: java.lang.IllegalStateException: No factory method found for class org.apache.logging.log4j.core.appender.RollingFileAppender java.lang.IllegalStateException: No factory method found for class org.apache.logging.log4j.core.appender.RollingFileAppender
	at org.apache.logging.log4j.core.config.plugins.util.PluginBuilder.findFactoryMethod(PluginBuilder.java:260)
	at org.apache.logging.log4j.core.config.plugins.util.PluginBuilder.build(PluginBuilder.java:136)
	at org.apache.logging.log4j.core.config.AbstractConfiguration.createPluginObject(AbstractConfiguration.java:1138)
	at org.apache.logging.log4j.core.config.AbstractConfiguration.createConfiguration(AbstractConfiguration.java:1063)
	at org.apache.logging.log4j.core.appender.routing.RoutingAppender.createAppender(RoutingAppender.java:310)
	at org.apache.logging.log4j.core.appender.routing.RoutingAppender.getControl(RoutingAppender.java:282)
	at org.apache.logging.log4j.core.appender.routing.RoutingAppender.append(RoutingAppender.java:240)
	at org.apache.logging.log4j.core.config.AppenderControl.tryCallAppender(AppenderControl.java:161)
	at org.apache.logging.log4j.core.config.AppenderControl.callAppender0(AppenderControl.java:134)
	at org.apache.logging.log4j.core.config.AppenderControl.callAppenderPreventRecursion(AppenderControl.java:125)
	at org.apache.logging.log4j.core.config.AppenderControl.callAppender(AppenderControl.java:89)
	at org.apache.logging.log4j.core.config.LoggerConfig.callAppenders(LoggerConfig.java:683)
	at org.apache.logging.log4j.core.config.LoggerConfig.processLogEvent(LoggerConfig.java:641)
	at org.apache.logging.log4j.core.config.LoggerConfig.log(LoggerConfig.java:624)
	at org.apache.logging.log4j.core.config.LoggerConfig.log(LoggerConfig.java:560)
	at org.apache.logging.log4j.core.config.AwaitCompletionReliabilityStrategy.log(AwaitCompletionReliabilityStrategy.java:82)
	at org.apache.logging.log4j.core.Logger.log(Logger.java:162)
	at org.apache.logging.log4j.spi.AbstractLogger.logMessage(AbstractLogger.java:2106)
	at org.apache.logging.log4j.internal.DefaultLogBuilder.logMessage(DefaultLogBuilder.java:241)
	at org.apache.logging.log4j.internal.DefaultLogBuilder.log(DefaultLogBuilder.java:162)
	at org.apache.xmlbeans.impl.schema.SchemaTypeSystemImpl.resolveHandle(SchemaTypeSystemImpl.java:935)
	at org.apache.xmlbeans.SchemaComponent$Ref.getComponent(SchemaComponent.java:111)
	at org.apache.xmlbeans.SchemaType$Ref.get(SchemaType.java:1072)
	at org.apache.xmlbeans.impl.schema.SchemaPropertyImpl.getType(SchemaPropertyImpl.java:85)
	at org.apache.xmlbeans.impl.schema.SchemaTypeImpl.createElementType(SchemaTypeImpl.java:990)
	at org.apache.xmlbeans.impl.values.XmlObjectBase.create_element_user(XmlObjectBase.java:879)
	at org.apache.xmlbeans.impl.store.Xobj.getUser(Xobj.java:1597)
	at org.apache.xmlbeans.impl.store.Xobj.find_element_user(Xobj.java:1968)
	at org.openxmlformats.schemas.spreadsheetml.x2006.main.impl.CTWorksheetImpl.getSheetData(CTWorksheetImpl.java:407)
	at org.apache.poi.xssf.usermodel.XSSFSheet.initRows(XSSFSheet.java:194)
	at org.apache.poi.xssf.usermodel.XSSFSheet.read(XSSFSheet.java:161)
	at org.apache.poi.xssf.usermodel.XSSFSheet.onDocumentRead(XSSFSheet.java:148)
	at org.apache.poi.xssf.usermodel.XSSFWorkbook.parseSheet(XSSFWorkbook.java:468)
	at org.apache.poi.xssf.usermodel.XSSFWorkbook.onDocumentRead(XSSFWorkbook.java:429)
	at org.apache.poi.ooxml.POIXMLDocument.load(POIXMLDocument.java:169)
	at org.apache.poi.xssf.usermodel.XSSFWorkbook.<init>(XSSFWorkbook.java:260)
	at org.apache.poi.xssf.usermodel.XSSFWorkbook.<init>(XSSFWorkbook.java:290)
	at org.apache.poi.xssf.usermodel.XSSFWorkbook.<init>(XSSFWorkbook.java:286)
	at externalResources.ExcelDataRead.<init>(ExcelDataRead.java:22)
	at listeners.AnnotationsTransformer.toBeExecuted(AnnotationsTransformer.java:36)
	at listeners.AnnotationsTransformer.transform(AnnotationsTransformer.java:24)
	at org.testng.internal.annotations.JDK15AnnotationFinder.transform(JDK15AnnotationFinder.java:172)
	at org.testng.internal.annotations.JDK15AnnotationFinder.lambda$findAnnotation$0(JDK15AnnotationFinder.java:279)
	at java.base/java.util.concurrent.ConcurrentHashMap.computeIfAbsent(ConcurrentHashMap.java:1705)
	at org.testng.internal.annotations.JDK15AnnotationFinder.findAnnotation(JDK15AnnotationFinder.java:275)
	at org.testng.internal.annotations.JDK15AnnotationFinder.findAnnotation(JDK15AnnotationFinder.java:113)
	at org.testng.internal.TestNGClassFinder.isTestNGClass(TestNGClassFinder.java:275)
	at org.testng.internal.TestNGClassFinder.isNotTestNGClass(TestNGClassFinder.java:260)
	at org.testng.internal.TestNGClassFinder.processClass(TestNGClassFinder.java:94)
	at org.testng.internal.TestNGClassFinder.<init>(TestNGClassFinder.java:67)
	at org.testng.TestRunner.initMethods(TestRunner.java:442)
	at org.testng.TestRunner.init(TestRunner.java:336)
	at org.testng.TestRunner.init(TestRunner.java:289)
	at org.testng.TestRunner.<init>(TestRunner.java:179)
	at org.testng.SuiteRunner$DefaultTestRunnerFactory.newTestRunner(SuiteRunner.java:643)
	at org.testng.SuiteRunner.init(SuiteRunner.java:225)
	at org.testng.SuiteRunner.<init>(SuiteRunner.java:115)
	at org.testng.TestNG.createSuiteRunner(TestNG.java:1349)
	at org.testng.TestNG.createSuiteRunners(TestNG.java:1325)
	at org.testng.TestNG.runSuitesLocally(TestNG.java:1167)
	at org.testng.TestNG.runSuites(TestNG.java:1099)
	at org.testng.TestNG.run(TestNG.java:1067)
	at org.apache.maven.surefire.testng.TestNGExecutor.run(TestNGExecutor.java:324)
	at org.apache.maven.surefire.testng.TestNGXmlTestSuite.execute(TestNGXmlTestSuite.java:74)
	at org.apache.maven.surefire.testng.TestNGProvider.invoke(TestNGProvider.java:123)
	at org.apache.maven.surefire.booter.ForkedBooter.runSuitesInProcess(ForkedBooter.java:456)
	at org.apache.maven.surefire.booter.ForkedBooter.execute(ForkedBooter.java:169)
	at org.apache.maven.surefire.booter.ForkedBooter.run(ForkedBooter.java:595)
	at org.apache.maven.surefire.booter.ForkedBooter.main(ForkedBooter.java:581)

2023-02-13 11:57:15,958 main ERROR Unable to create file ./results/logs/${ctx:threadName}.log java.io.IOException: The filename, directory name, or volume label syntax is incorrect
	at java.base/java.io.WinNTFileSystem.canonicalize0(Native Method)
	at java.base/java.io.WinNTFileSystem.canonicalize(WinNTFileSystem.java:483)
	at java.base/java.io.File.getCanonicalPath(File.java:626)
	at java.base/java.io.File.getCanonicalFile(File.java:651)
	at org.apache.logging.log4j.core.util.FileUtils.makeParentDirs(FileUtils.java:139)
	at org.apache.logging.log4j.core.appender.rolling.RollingFileManager$RollingFileManagerFactory.createManager(RollingFileManager.java:734)
	at org.apache.logging.log4j.core.appender.rolling.RollingFileManager$RollingFileManagerFactory.createManager(RollingFileManager.java:718)
	at org.apache.logging.log4j.core.appender.AbstractManager.getManager(AbstractManager.java:144)
	at org.apache.logging.log4j.core.appender.OutputStreamManager.getManager(OutputStreamManager.java:100)
	at org.apache.logging.log4j.core.appender.rolling.RollingFileManager.getFileManager(RollingFileManager.java:217)
	at org.apache.logging.log4j.core.appender.RollingFileAppender$Builder.build(RollingFileAppender.java:135)
	at org.apache.logging.log4j.core.appender.RollingFileAppender$Builder.build(RollingFileAppender.java:62)
	at org.apache.logging.log4j.core.config.plugins.util.PluginBuilder.build(PluginBuilder.java:124)
	at org.apache.logging.log4j.core.config.AbstractConfiguration.createPluginObject(AbstractConfiguration.java:1138)
	at org.apache.logging.log4j.core.config.AbstractConfiguration.createConfiguration(AbstractConfiguration.java:1063)
	at org.apache.logging.log4j.core.appender.routing.RoutingAppender.createAppender(RoutingAppender.java:310)
	at org.apache.logging.log4j.core.appender.routing.RoutingAppender.getControl(RoutingAppender.java:282)
	at org.apache.logging.log4j.core.appender.routing.RoutingAppender.append(RoutingAppender.java:240)
	at org.apache.logging.log4j.core.config.AppenderControl.tryCallAppender(AppenderControl.java:161)
	at org.apache.logging.log4j.core.config.AppenderControl.callAppender0(AppenderControl.java:134)
	at org.apache.logging.log4j.core.config.AppenderControl.callAppenderPreventRecursion(AppenderControl.java:125)
	at org.apache.logging.log4j.core.config.AppenderControl.callAppender(AppenderControl.java:89)
	at org.apache.logging.log4j.core.config.LoggerConfig.callAppenders(LoggerConfig.java:683)
	at org.apache.logging.log4j.core.config.LoggerConfig.processLogEvent(LoggerConfig.java:641)
	at org.apache.logging.log4j.core.config.LoggerConfig.log(LoggerConfig.java:624)
	at org.apache.logging.log4j.core.config.LoggerConfig.log(LoggerConfig.java:560)
	at org.apache.logging.log4j.core.config.AwaitCompletionReliabilityStrategy.log(AwaitCompletionReliabilityStrategy.java:82)
	at org.apache.logging.log4j.core.Logger.log(Logger.java:162)
	at org.apache.logging.log4j.spi.AbstractLogger.logMessage(AbstractLogger.java:2106)
	at org.apache.logging.log4j.internal.DefaultLogBuilder.logMessage(DefaultLogBuilder.java:241)
	at org.apache.logging.log4j.internal.DefaultLogBuilder.log(DefaultLogBuilder.java:162)
	at org.apache.xmlbeans.impl.schema.SchemaTypeSystemImpl.resolveHandle(SchemaTypeSystemImpl.java:935)
	at org.apache.xmlbeans.SchemaComponent$Ref.getComponent(SchemaComponent.java:111)
	at org.apache.xmlbeans.SchemaType$Ref.get(SchemaType.java:1072)
	at org.apache.xmlbeans.impl.schema.SchemaPropertyImpl.getType(SchemaPropertyImpl.java:85)
	at org.apache.xmlbeans.impl.schema.SchemaTypeImpl.createElementType(SchemaTypeImpl.java:990)
	at org.apache.xmlbeans.impl.values.XmlObjectBase.create_element_user(XmlObjectBase.java:879)
	at org.apache.xmlbeans.impl.store.Xobj.getUser(Xobj.java:1597)
	at org.apache.xmlbeans.impl.store.Xobj.find_all_element_users(Xobj.java:1990)
	at org.apache.xmlbeans.impl.values.XmlObjectBase.getBaseArray(XmlObjectBase.java:3104)
	at org.apache.xmlbeans.impl.values.XmlObjectBase.getXmlObjectArray(XmlObjectBase.java:3203)
	at org.openxmlformats.schemas.spreadsheetml.x2006.main.impl.CTSheetDataImpl.getRowArray(CTSheetDataImpl.java:53)
	at org.apache.poi.xssf.usermodel.XSSFSheet.initRows(XSSFSheet.java:194)
	at org.apache.poi.xssf.usermodel.XSSFSheet.read(XSSFSheet.java:161)
	at org.apache.poi.xssf.usermodel.XSSFSheet.onDocumentRead(XSSFSheet.java:148)
	at org.apache.poi.xssf.usermodel.XSSFWorkbook.parseSheet(XSSFWorkbook.java:468)
	at org.apache.poi.xssf.usermodel.XSSFWorkbook.onDocumentRead(XSSFWorkbook.java:429)
	at org.apache.poi.ooxml.POIXMLDocument.load(POIXMLDocument.java:169)
	at org.apache.poi.xssf.usermodel.XSSFWorkbook.<init>(XSSFWorkbook.java:260)
	at org.apache.poi.xssf.usermodel.XSSFWorkbook.<init>(XSSFWorkbook.java:290)
	at org.apache.poi.xssf.usermodel.XSSFWorkbook.<init>(XSSFWorkbook.java:286)
	at externalResources.ExcelDataRead.<init>(ExcelDataRead.java:22)
	at listeners.AnnotationsTransformer.toBeExecuted(AnnotationsTransformer.java:36)
	at listeners.AnnotationsTransformer.transform(AnnotationsTransformer.java:24)
	at org.testng.internal.annotations.JDK15AnnotationFinder.transform(JDK15AnnotationFinder.java:172)
	at org.testng.internal.annotations.JDK15AnnotationFinder.lambda$findAnnotation$0(JDK15AnnotationFinder.java:279)
	at java.base/java.util.concurrent.ConcurrentHashMap.computeIfAbsent(ConcurrentHashMap.java:1705)
	at org.testng.internal.annotations.JDK15AnnotationFinder.findAnnotation(JDK15AnnotationFinder.java:275)
	at org.testng.internal.annotations.JDK15AnnotationFinder.findAnnotation(JDK15AnnotationFinder.java:113)
	at org.testng.internal.TestNGClassFinder.isTestNGClass(TestNGClassFinder.java:275)
	at org.testng.internal.TestNGClassFinder.isNotTestNGClass(TestNGClassFinder.java:260)
	at org.testng.internal.TestNGClassFinder.processClass(TestNGClassFinder.java:94)
	at org.testng.internal.TestNGClassFinder.<init>(TestNGClassFinder.java:67)
	at org.testng.TestRunner.initMethods(TestRunner.java:442)
	at org.testng.TestRunner.init(TestRunner.java:336)
	at org.testng.TestRunner.init(TestRunner.java:289)
	at org.testng.TestRunner.<init>(TestRunner.java:179)
	at org.testng.SuiteRunner$DefaultTestRunnerFactory.newTestRunner(SuiteRunner.java:643)
	at org.testng.SuiteRunner.init(SuiteRunner.java:225)
	at org.testng.SuiteRunner.<init>(SuiteRunner.java:115)
	at org.testng.TestNG.createSuiteRunner(TestNG.java:1349)
	at org.testng.TestNG.createSuiteRunners(TestNG.java:1325)
	at org.testng.TestNG.runSuitesLocally(TestNG.java:1167)
	at org.testng.TestNG.runSuites(TestNG.java:1099)
	at org.testng.TestNG.run(TestNG.java:1067)
	at org.apache.maven.surefire.testng.TestNGExecutor.run(TestNGExecutor.java:324)
	at org.apache.maven.surefire.testng.TestNGXmlTestSuite.execute(TestNGXmlTestSuite.java:74)
	at org.apache.maven.surefire.testng.TestNGProvider.invoke(TestNGProvider.java:123)
	at org.apache.maven.surefire.booter.ForkedBooter.runSuitesInProcess(ForkedBooter.java:456)
	at org.apache.maven.surefire.booter.ForkedBooter.execute(ForkedBooter.java:169)
	at org.apache.maven.surefire.booter.ForkedBooter.run(ForkedBooter.java:595)
	at org.apache.maven.surefire.booter.ForkedBooter.main(ForkedBooter.java:581)

2023-02-13 11:57:15,958 main ERROR Could not create plugin of type class org.apache.logging.log4j.core.appender.RollingFileAppender for element RollingFile: java.lang.IllegalStateException: ManagerFactory [org.apache.logging.log4j.core.appender.rolling.RollingFileManager$RollingFileManagerFactory@4e6d7365] unable to create manager for [./results/logs/${ctx:threadName}.log] with data [org.apache.logging.log4j.core.appender.rolling.RollingFileManager$FactoryData@7f92b990[pattern=./results/logs/${ctx:threadName}-%d{yyyy-MM-dd}.log, append=true, bufferedIO=true, bufferSize=8192, policy=SizeBasedTriggeringPolicy(size=512000), strategy=DefaultRolloverStrategy(min=1, max=7, useMax=true), advertiseURI=null, layout=%d{HH:mm:ss.SSS} [%t] %-5level %logger{36} - %msg%n, filePermissions=null, fileOwner=null]] java.lang.IllegalStateException: ManagerFactory [org.apache.logging.log4j.core.appender.rolling.RollingFileManager$RollingFileManagerFactory@4e6d7365] unable to create manager for [./results/logs/${ctx:threadName}.log] with data [org.apache.logging.log4j.core.appender.rolling.RollingFileManager$FactoryData@7f92b990[pattern=./results/logs/${ctx:threadName}-%d{yyyy-MM-dd}.log, append=true, bufferedIO=true, bufferSize=8192, policy=SizeBasedTriggeringPolicy(size=512000), strategy=DefaultRolloverStrategy(min=1, max=7, useMax=true), advertiseURI=null, layout=%d{HH:mm:ss.SSS} [%t] %-5level %logger{36} - %msg%n, filePermissions=null, fileOwner=null]]
	at org.apache.logging.log4j.core.appender.AbstractManager.getManager(AbstractManager.java:146)
	at org.apache.logging.log4j.core.appender.OutputStreamManager.getManager(OutputStreamManager.java:100)
	at org.apache.logging.log4j.core.appender.rolling.RollingFileManager.getFileManager(RollingFileManager.java:217)
	at org.apache.logging.log4j.core.appender.RollingFileAppender$Builder.build(RollingFileAppender.java:135)
	at org.apache.logging.log4j.core.appender.RollingFileAppender$Builder.build(RollingFileAppender.java:62)
	at org.apache.logging.log4j.core.config.plugins.util.PluginBuilder.build(PluginBuilder.java:124)
	at org.apache.logging.log4j.core.config.AbstractConfiguration.createPluginObject(AbstractConfiguration.java:1138)
	at org.apache.logging.log4j.core.config.AbstractConfiguration.createConfiguration(AbstractConfiguration.java:1063)
	at org.apache.logging.log4j.core.appender.routing.RoutingAppender.createAppender(RoutingAppender.java:310)
	at org.apache.logging.log4j.core.appender.routing.RoutingAppender.getControl(RoutingAppender.java:282)
	at org.apache.logging.log4j.core.appender.routing.RoutingAppender.append(RoutingAppender.java:240)
	at org.apache.logging.log4j.core.config.AppenderControl.tryCallAppender(AppenderControl.java:161)
	at org.apache.logging.log4j.core.config.AppenderControl.callAppender0(AppenderControl.java:134)
	at org.apache.logging.log4j.core.config.AppenderControl.callAppenderPreventRecursion(AppenderControl.java:125)
	at org.apache.logging.log4j.core.config.AppenderControl.callAppender(AppenderControl.java:89)
	at org.apache.logging.log4j.core.config.LoggerConfig.callAppenders(LoggerConfig.java:683)
	at org.apache.logging.log4j.core.config.LoggerConfig.processLogEvent(LoggerConfig.java:641)
	at org.apache.logging.log4j.core.config.LoggerConfig.log(LoggerConfig.java:624)
	at org.apache.logging.log4j.core.config.LoggerConfig.log(LoggerConfig.java:560)
	at org.apache.logging.log4j.core.config.AwaitCompletionReliabilityStrategy.log(AwaitCompletionReliabilityStrategy.java:82)
	at org.apache.logging.log4j.core.Logger.log(Logger.java:162)
	at org.apache.logging.log4j.spi.AbstractLogger.logMessage(AbstractLogger.java:2106)
	at org.apache.logging.log4j.internal.DefaultLogBuilder.logMessage(DefaultLogBuilder.java:241)
	at org.apache.logging.log4j.internal.DefaultLogBuilder.log(DefaultLogBuilder.java:162)
	at org.apache.xmlbeans.impl.schema.SchemaTypeSystemImpl.resolveHandle(SchemaTypeSystemImpl.java:935)
	at org.apache.xmlbeans.SchemaComponent$Ref.getComponent(SchemaComponent.java:111)
	at org.apache.xmlbeans.SchemaType$Ref.get(SchemaType.java:1072)
	at org.apache.xmlbeans.impl.schema.SchemaPropertyImpl.getType(SchemaPropertyImpl.java:85)
	at org.apache.xmlbeans.impl.schema.SchemaTypeImpl.createElementType(SchemaTypeImpl.java:990)
	at org.apache.xmlbeans.impl.values.XmlObjectBase.create_element_user(XmlObjectBase.java:879)
	at org.apache.xmlbeans.impl.store.Xobj.getUser(Xobj.java:1597)
	at org.apache.xmlbeans.impl.store.Xobj.find_all_element_users(Xobj.java:1990)
	at org.apache.xmlbeans.impl.values.XmlObjectBase.getBaseArray(XmlObjectBase.java:3104)
	at org.apache.xmlbeans.impl.values.XmlObjectBase.getXmlObjectArray(XmlObjectBase.java:3203)
	at org.openxmlformats.schemas.spreadsheetml.x2006.main.impl.CTSheetDataImpl.getRowArray(CTSheetDataImpl.java:53)
	at org.apache.poi.xssf.usermodel.XSSFSheet.initRows(XSSFSheet.java:194)
	at org.apache.poi.xssf.usermodel.XSSFSheet.read(XSSFSheet.java:161)
	at org.apache.poi.xssf.usermodel.XSSFSheet.onDocumentRead(XSSFSheet.java:148)
	at org.apache.poi.xssf.usermodel.XSSFWorkbook.parseSheet(XSSFWorkbook.java:468)
	at org.apache.poi.xssf.usermodel.XSSFWorkbook.onDocumentRead(XSSFWorkbook.java:429)
	at org.apache.poi.ooxml.POIXMLDocument.load(POIXMLDocument.java:169)
	at org.apache.poi.xssf.usermodel.XSSFWorkbook.<init>(XSSFWorkbook.java:260)
	at org.apache.poi.xssf.usermodel.XSSFWorkbook.<init>(XSSFWorkbook.java:290)
	at org.apache.poi.xssf.usermodel.XSSFWorkbook.<init>(XSSFWorkbook.java:286)
	at externalResources.ExcelDataRead.<init>(ExcelDataRead.java:22)
	at listeners.AnnotationsTransformer.toBeExecuted(AnnotationsTransformer.java:36)
	at listeners.AnnotationsTransformer.transform(AnnotationsTransformer.java:24)
	at org.testng.internal.annotations.JDK15AnnotationFinder.transform(JDK15AnnotationFinder.java:172)
	at org.testng.internal.annotations.JDK15AnnotationFinder.lambda$findAnnotation$0(JDK15AnnotationFinder.java:279)
	at java.base/java.util.concurrent.ConcurrentHashMap.computeIfAbsent(ConcurrentHashMap.java:1705)
	at org.testng.internal.annotations.JDK15AnnotationFinder.findAnnotation(JDK15AnnotationFinder.java:275)
	at org.testng.internal.annotations.JDK15AnnotationFinder.findAnnotation(JDK15AnnotationFinder.java:113)
	at org.testng.internal.TestNGClassFinder.isTestNGClass(TestNGClassFinder.java:275)
	at org.testng.internal.TestNGClassFinder.isNotTestNGClass(TestNGClassFinder.java:260)
	at org.testng.internal.TestNGClassFinder.processClass(TestNGClassFinder.java:94)
	at org.testng.internal.TestNGClassFinder.<init>(TestNGClassFinder.java:67)
	at org.testng.TestRunner.initMethods(TestRunner.java:442)
	at org.testng.TestRunner.init(TestRunner.java:336)
	at org.testng.TestRunner.init(TestRunner.java:289)
	at org.testng.TestRunner.<init>(TestRunner.java:179)
	at org.testng.SuiteRunner$DefaultTestRunnerFactory.newTestRunner(SuiteRunner.java:643)
	at org.testng.SuiteRunner.init(SuiteRunner.java:225)
	at org.testng.SuiteRunner.<init>(SuiteRunner.java:115)
	at org.testng.TestNG.createSuiteRunner(TestNG.java:1349)
	at org.testng.TestNG.createSuiteRunners(TestNG.java:1325)
	at org.testng.TestNG.runSuitesLocally(TestNG.java:1167)
	at org.testng.TestNG.runSuites(TestNG.java:1099)
	at org.testng.TestNG.run(TestNG.java:1067)
	at org.apache.maven.surefire.testng.TestNGExecutor.run(TestNGExecutor.java:324)
	at org.apache.maven.surefire.testng.TestNGXmlTestSuite.execute(TestNGXmlTestSuite.java:74)
	at org.apache.maven.surefire.testng.TestNGProvider.invoke(TestNGProvider.java:123)
	at org.apache.maven.surefire.booter.ForkedBooter.runSuitesInProcess(ForkedBooter.java:456)
	at org.apache.maven.surefire.booter.ForkedBooter.execute(ForkedBooter.java:169)
	at org.apache.maven.surefire.booter.ForkedBooter.run(ForkedBooter.java:595)
	at org.apache.maven.surefire.booter.ForkedBooter.main(ForkedBooter.java:581)

2023-02-13 11:57:15,959 main ERROR Unable to invoke factory method in class org.apache.logging.log4j.core.appender.RollingFileAppender for element RollingFile: java.lang.IllegalStateException: No factory method found for class org.apache.logging.log4j.core.appender.RollingFileAppender java.lang.IllegalStateException: No factory method found for class org.apache.logging.log4j.core.appender.RollingFileAppender
	at org.apache.logging.log4j.core.config.plugins.util.PluginBuilder.findFactoryMethod(PluginBuilder.java:260)
	at org.apache.logging.log4j.core.config.plugins.util.PluginBuilder.build(PluginBuilder.java:136)
	at org.apache.logging.log4j.core.config.AbstractConfiguration.createPluginObject(AbstractConfiguration.java:1138)
	at org.apache.logging.log4j.core.config.AbstractConfiguration.createConfiguration(AbstractConfiguration.java:1063)
	at org.apache.logging.log4j.core.appender.routing.RoutingAppender.createAppender(RoutingAppender.java:310)
	at org.apache.logging.log4j.core.appender.routing.RoutingAppender.getControl(RoutingAppender.java:282)
	at org.apache.logging.log4j.core.appender.routing.RoutingAppender.append(RoutingAppender.java:240)
	at org.apache.logging.log4j.core.config.AppenderControl.tryCallAppender(AppenderControl.java:161)
	at org.apache.logging.log4j.core.config.AppenderControl.callAppender0(AppenderControl.java:134)
	at org.apache.logging.log4j.core.config.AppenderControl.callAppenderPreventRecursion(AppenderControl.java:125)
	at org.apache.logging.log4j.core.config.AppenderControl.callAppender(AppenderControl.java:89)
	at org.apache.logging.log4j.core.config.LoggerConfig.callAppenders(LoggerConfig.java:683)
	at org.apache.logging.log4j.core.config.LoggerConfig.processLogEvent(LoggerConfig.java:641)
	at org.apache.logging.log4j.core.config.LoggerConfig.log(LoggerConfig.java:624)
	at org.apache.logging.log4j.core.config.LoggerConfig.log(LoggerConfig.java:560)
	at org.apache.logging.log4j.core.config.AwaitCompletionReliabilityStrategy.log(AwaitCompletionReliabilityStrategy.java:82)
	at org.apache.logging.log4j.core.Logger.log(Logger.java:162)
	at org.apache.logging.log4j.spi.AbstractLogger.logMessage(AbstractLogger.java:2106)
	at org.apache.logging.log4j.internal.DefaultLogBuilder.logMessage(DefaultLogBuilder.java:241)
	at org.apache.logging.log4j.internal.DefaultLogBuilder.log(DefaultLogBuilder.java:162)
	at org.apache.xmlbeans.impl.schema.SchemaTypeSystemImpl.resolveHandle(SchemaTypeSystemImpl.java:935)
	at org.apache.xmlbeans.SchemaComponent$Ref.getComponent(SchemaComponent.java:111)
	at org.apache.xmlbeans.SchemaType$Ref.get(SchemaType.java:1072)
	at org.apache.xmlbeans.impl.schema.SchemaPropertyImpl.getType(SchemaPropertyImpl.java:85)
	at org.apache.xmlbeans.impl.schema.SchemaTypeImpl.createElementType(SchemaTypeImpl.java:990)
	at org.apache.xmlbeans.impl.values.XmlObjectBase.create_element_user(XmlObjectBase.java:879)
	at org.apache.xmlbeans.impl.store.Xobj.getUser(Xobj.java:1597)
	at org.apache.xmlbeans.impl.store.Xobj.find_all_element_users(Xobj.java:1990)
	at org.apache.xmlbeans.impl.values.XmlObjectBase.getBaseArray(XmlObjectBase.java:3104)
	at org.apache.xmlbeans.impl.values.XmlObjectBase.getXmlObjectArray(XmlObjectBase.java:3203)
	at org.openxmlformats.schemas.spreadsheetml.x2006.main.impl.CTSheetDataImpl.getRowArray(CTSheetDataImpl.java:53)
	at org.apache.poi.xssf.usermodel.XSSFSheet.initRows(XSSFSheet.java:194)
	at org.apache.poi.xssf.usermodel.XSSFSheet.read(XSSFSheet.java:161)
	at org.apache.poi.xssf.usermodel.XSSFSheet.onDocumentRead(XSSFSheet.java:148)
	at org.apache.poi.xssf.usermodel.XSSFWorkbook.parseSheet(XSSFWorkbook.java:468)
	at org.apache.poi.xssf.usermodel.XSSFWorkbook.onDocumentRead(XSSFWorkbook.java:429)
	at org.apache.poi.ooxml.POIXMLDocument.load(POIXMLDocument.java:169)
	at org.apache.poi.xssf.usermodel.XSSFWorkbook.<init>(XSSFWorkbook.java:260)
	at org.apache.poi.xssf.usermodel.XSSFWorkbook.<init>(XSSFWorkbook.java:290)
	at org.apache.poi.xssf.usermodel.XSSFWorkbook.<init>(XSSFWorkbook.java:286)
	at externalResources.ExcelDataRead.<init>(ExcelDataRead.java:22)
	at listeners.AnnotationsTransformer.toBeExecuted(AnnotationsTransformer.java:36)
	at listeners.AnnotationsTransformer.transform(AnnotationsTransformer.java:24)
	at org.testng.internal.annotations.JDK15AnnotationFinder.transform(JDK15AnnotationFinder.java:172)
	at org.testng.internal.annotations.JDK15AnnotationFinder.lambda$findAnnotation$0(JDK15AnnotationFinder.java:279)
	at java.base/java.util.concurrent.ConcurrentHashMap.computeIfAbsent(ConcurrentHashMap.java:1705)
	at org.testng.internal.annotations.JDK15AnnotationFinder.findAnnotation(JDK15AnnotationFinder.java:275)
	at org.testng.internal.annotations.JDK15AnnotationFinder.findAnnotation(JDK15AnnotationFinder.java:113)
	at org.testng.internal.TestNGClassFinder.isTestNGClass(TestNGClassFinder.java:275)
	at org.testng.internal.TestNGClassFinder.isNotTestNGClass(TestNGClassFinder.java:260)
	at org.testng.internal.TestNGClassFinder.processClass(TestNGClassFinder.java:94)
	at org.testng.internal.TestNGClassFinder.<init>(TestNGClassFinder.java:67)
	at org.testng.TestRunner.initMethods(TestRunner.java:442)
	at org.testng.TestRunner.init(TestRunner.java:336)
	at org.testng.TestRunner.init(TestRunner.java:289)
	at org.testng.TestRunner.<init>(TestRunner.java:179)
	at org.testng.SuiteRunner$DefaultTestRunnerFactory.newTestRunner(SuiteRunner.java:643)
	at org.testng.SuiteRunner.init(SuiteRunner.java:225)
	at org.testng.SuiteRunner.<init>(SuiteRunner.java:115)
	at org.testng.TestNG.createSuiteRunner(TestNG.java:1349)
	at org.testng.TestNG.createSuiteRunners(TestNG.java:1325)
	at org.testng.TestNG.runSuitesLocally(TestNG.java:1167)
	at org.testng.TestNG.runSuites(TestNG.java:1099)
	at org.testng.TestNG.run(TestNG.java:1067)
	at org.apache.maven.surefire.testng.TestNGExecutor.run(TestNGExecutor.java:324)
	at org.apache.maven.surefire.testng.TestNGXmlTestSuite.execute(TestNGXmlTestSuite.java:74)
	at org.apache.maven.surefire.testng.TestNGProvider.invoke(TestNGProvider.java:123)
	at org.apache.maven.surefire.booter.ForkedBooter.runSuitesInProcess(ForkedBooter.java:456)
	at org.apache.maven.surefire.booter.ForkedBooter.execute(ForkedBooter.java:169)
	at org.apache.maven.surefire.booter.ForkedBooter.run(ForkedBooter.java:595)
	at org.apache.maven.surefire.booter.ForkedBooter.main(ForkedBooter.java:581)

2023-02-13 11:57:15,967 main ERROR Unable to create file ./results/logs/${ctx:threadName}.log java.io.IOException: The filename, directory name, or volume label syntax is incorrect
	at java.base/java.io.WinNTFileSystem.canonicalize0(Native Method)
	at java.base/java.io.WinNTFileSystem.canonicalize(WinNTFileSystem.java:483)
	at java.base/java.io.File.getCanonicalPath(File.java:626)
	at java.base/java.io.File.getCanonicalFile(File.java:651)
	at org.apache.logging.log4j.core.util.FileUtils.makeParentDirs(FileUtils.java:139)
	at org.apache.logging.log4j.core.appender.rolling.RollingFileManager$RollingFileManagerFactory.createManager(RollingFileManager.java:734)
	at org.apache.logging.log4j.core.appender.rolling.RollingFileManager$RollingFileManagerFactory.createManager(RollingFileManager.java:718)
	at org.apache.logging.log4j.core.appender.AbstractManager.getManager(AbstractManager.java:144)
	at org.apache.logging.log4j.core.appender.OutputStreamManager.getManager(OutputStreamManager.java:100)
	at org.apache.logging.log4j.core.appender.rolling.RollingFileManager.getFileManager(RollingFileManager.java:217)
	at org.apache.logging.log4j.core.appender.RollingFileAppender$Builder.build(RollingFileAppender.java:135)
	at org.apache.logging.log4j.core.appender.RollingFileAppender$Builder.build(RollingFileAppender.java:62)
	at org.apache.logging.log4j.core.config.plugins.util.PluginBuilder.build(PluginBuilder.java:124)
	at org.apache.logging.log4j.core.config.AbstractConfiguration.createPluginObject(AbstractConfiguration.java:1138)
	at org.apache.logging.log4j.core.config.AbstractConfiguration.createConfiguration(AbstractConfiguration.java:1063)
	at org.apache.logging.log4j.core.appender.routing.RoutingAppender.createAppender(RoutingAppender.java:310)
	at org.apache.logging.log4j.core.appender.routing.RoutingAppender.getControl(RoutingAppender.java:282)
	at org.apache.logging.log4j.core.appender.routing.RoutingAppender.append(RoutingAppender.java:240)
	at org.apache.logging.log4j.core.config.AppenderControl.tryCallAppender(AppenderControl.java:161)
	at org.apache.logging.log4j.core.config.AppenderControl.callAppender0(AppenderControl.java:134)
	at org.apache.logging.log4j.core.config.AppenderControl.callAppenderPreventRecursion(AppenderControl.java:125)
	at org.apache.logging.log4j.core.config.AppenderControl.callAppender(AppenderControl.java:89)
	at org.apache.logging.log4j.core.config.LoggerConfig.callAppenders(LoggerConfig.java:683)
	at org.apache.logging.log4j.core.config.LoggerConfig.processLogEvent(LoggerConfig.java:641)
	at org.apache.logging.log4j.core.config.LoggerConfig.log(LoggerConfig.java:624)
	at org.apache.logging.log4j.core.config.LoggerConfig.log(LoggerConfig.java:560)
	at org.apache.logging.log4j.core.config.AwaitCompletionReliabilityStrategy.log(AwaitCompletionReliabilityStrategy.java:82)
	at org.apache.logging.log4j.core.Logger.log(Logger.java:162)
	at org.apache.logging.log4j.spi.AbstractLogger.logMessage(AbstractLogger.java:2106)
	at org.apache.logging.log4j.internal.DefaultLogBuilder.logMessage(DefaultLogBuilder.java:241)
	at org.apache.logging.log4j.internal.DefaultLogBuilder.log(DefaultLogBuilder.java:162)
	at org.apache.xmlbeans.impl.schema.SchemaTypeSystemImpl.resolveHandle(SchemaTypeSystemImpl.java:935)
	at org.apache.xmlbeans.SchemaComponent$Ref.getComponent(SchemaComponent.java:111)
	at org.apache.xmlbeans.SchemaType$Ref.get(SchemaType.java:1072)
	at org.apache.xmlbeans.impl.schema.SchemaPropertyImpl.getType(SchemaPropertyImpl.java:85)
	at org.apache.xmlbeans.impl.schema.SchemaTypeImpl.createElementType(SchemaTypeImpl.java:990)
	at org.apache.xmlbeans.impl.values.XmlObjectBase.create_element_user(XmlObjectBase.java:879)
	at org.apache.xmlbeans.impl.store.Xobj.getUser(Xobj.java:1597)
	at org.apache.xmlbeans.impl.store.Xobj.find_all_element_users(Xobj.java:1990)
	at org.apache.xmlbeans.impl.values.XmlObjectBase.getBaseArray(XmlObjectBase.java:3104)
	at org.apache.xmlbeans.impl.values.XmlObjectBase.getXmlObjectArray(XmlObjectBase.java:3203)
	at org.openxmlformats.schemas.spreadsheetml.x2006.main.impl.CTRowImpl.getCArray(CTRowImpl.java:66)
	at org.apache.poi.xssf.usermodel.XSSFRow.<init>(XSSFRow.java:77)
	at org.apache.poi.xssf.usermodel.XSSFSheet.initRows(XSSFSheet.java:203)
	at org.apache.poi.xssf.usermodel.XSSFSheet.read(XSSFSheet.java:161)
	at org.apache.poi.xssf.usermodel.XSSFSheet.onDocumentRead(XSSFSheet.java:148)
	at org.apache.poi.xssf.usermodel.XSSFWorkbook.parseSheet(XSSFWorkbook.java:468)
	at org.apache.poi.xssf.usermodel.XSSFWorkbook.onDocumentRead(XSSFWorkbook.java:429)
	at org.apache.poi.ooxml.POIXMLDocument.load(POIXMLDocument.java:169)
	at org.apache.poi.xssf.usermodel.XSSFWorkbook.<init>(XSSFWorkbook.java:260)
	at org.apache.poi.xssf.usermodel.XSSFWorkbook.<init>(XSSFWorkbook.java:290)
	at org.apache.poi.xssf.usermodel.XSSFWorkbook.<init>(XSSFWorkbook.java:286)
	at externalResources.ExcelDataRead.<init>(ExcelDataRead.java:22)
	at listeners.AnnotationsTransformer.toBeExecuted(AnnotationsTransformer.java:36)
	at listeners.AnnotationsTransformer.transform(AnnotationsTransformer.java:24)
	at org.testng.internal.annotations.JDK15AnnotationFinder.transform(JDK15AnnotationFinder.java:172)
	at org.testng.internal.annotations.JDK15AnnotationFinder.lambda$findAnnotation$0(JDK15AnnotationFinder.java:279)
	at java.base/java.util.concurrent.ConcurrentHashMap.computeIfAbsent(ConcurrentHashMap.java:1705)
	at org.testng.internal.annotations.JDK15AnnotationFinder.findAnnotation(JDK15AnnotationFinder.java:275)
	at org.testng.internal.annotations.JDK15AnnotationFinder.findAnnotation(JDK15AnnotationFinder.java:113)
	at org.testng.internal.TestNGClassFinder.isTestNGClass(TestNGClassFinder.java:275)
	at org.testng.internal.TestNGClassFinder.isNotTestNGClass(TestNGClassFinder.java:260)
	at org.testng.internal.TestNGClassFinder.processClass(TestNGClassFinder.java:94)
	at org.testng.internal.TestNGClassFinder.<init>(TestNGClassFinder.java:67)
	at org.testng.TestRunner.initMethods(TestRunner.java:442)
	at org.testng.TestRunner.init(TestRunner.java:336)
	at org.testng.TestRunner.init(TestRunner.java:289)
	at org.testng.TestRunner.<init>(TestRunner.java:179)
	at org.testng.SuiteRunner$DefaultTestRunnerFactory.newTestRunner(SuiteRunner.java:643)
	at org.testng.SuiteRunner.init(SuiteRunner.java:225)
	at org.testng.SuiteRunner.<init>(SuiteRunner.java:115)
	at org.testng.TestNG.createSuiteRunner(TestNG.java:1349)
	at org.testng.TestNG.createSuiteRunners(TestNG.java:1325)
	at org.testng.TestNG.runSuitesLocally(TestNG.java:1167)
	at org.testng.TestNG.runSuites(TestNG.java:1099)
	at org.testng.TestNG.run(TestNG.java:1067)
	at org.apache.maven.surefire.testng.TestNGExecutor.run(TestNGExecutor.java:324)
	at org.apache.maven.surefire.testng.TestNGXmlTestSuite.execute(TestNGXmlTestSuite.java:74)
	at org.apache.maven.surefire.testng.TestNGProvider.invoke(TestNGProvider.java:123)
	at org.apache.maven.surefire.booter.ForkedBooter.runSuitesInProcess(ForkedBooter.java:456)
	at org.apache.maven.surefire.booter.ForkedBooter.execute(ForkedBooter.java:169)
	at org.apache.maven.surefire.booter.ForkedBooter.run(ForkedBooter.java:595)
	at org.apache.maven.surefire.booter.ForkedBooter.main(ForkedBooter.java:581)

2023-02-13 11:57:15,968 main ERROR Could not create plugin of type class org.apache.logging.log4j.core.appender.RollingFileAppender for element RollingFile: java.lang.IllegalStateException: ManagerFactory [org.apache.logging.log4j.core.appender.rolling.RollingFileManager$RollingFileManagerFactory@4e6d7365] unable to create manager for [./results/logs/${ctx:threadName}.log] with data [org.apache.logging.log4j.core.appender.rolling.RollingFileManager$FactoryData@12010fd1[pattern=./results/logs/${ctx:threadName}-%d{yyyy-MM-dd}.log, append=true, bufferedIO=true, bufferSize=8192, policy=SizeBasedTriggeringPolicy(size=512000), strategy=DefaultRolloverStrategy(min=1, max=7, useMax=true), advertiseURI=null, layout=%d{HH:mm:ss.SSS} [%t] %-5level %logger{36} - %msg%n, filePermissions=null, fileOwner=null]] java.lang.IllegalStateException: ManagerFactory [org.apache.logging.log4j.core.appender.rolling.RollingFileManager$RollingFileManagerFactory@4e6d7365] unable to create manager for [./results/logs/${ctx:threadName}.log] with data [org.apache.logging.log4j.core.appender.rolling.RollingFileManager$FactoryData@12010fd1[pattern=./results/logs/${ctx:threadName}-%d{yyyy-MM-dd}.log, append=true, bufferedIO=true, bufferSize=8192, policy=SizeBasedTriggeringPolicy(size=512000), strategy=DefaultRolloverStrategy(min=1, max=7, useMax=true), advertiseURI=null, layout=%d{HH:mm:ss.SSS} [%t] %-5level %logger{36} - %msg%n, filePermissions=null, fileOwner=null]]
	at org.apache.logging.log4j.core.appender.AbstractManager.getManager(AbstractManager.java:146)
	at org.apache.logging.log4j.core.appender.OutputStreamManager.getManager(OutputStreamManager.java:100)
	at org.apache.logging.log4j.core.appender.rolling.RollingFileManager.getFileManager(RollingFileManager.java:217)
	at org.apache.logging.log4j.core.appender.RollingFileAppender$Builder.build(RollingFileAppender.java:135)
	at org.apache.logging.log4j.core.appender.RollingFileAppender$Builder.build(RollingFileAppender.java:62)
	at org.apache.logging.log4j.core.config.plugins.util.PluginBuilder.build(PluginBuilder.java:124)
	at org.apache.logging.log4j.core.config.AbstractConfiguration.createPluginObject(AbstractConfiguration.java:1138)
	at org.apache.logging.log4j.core.config.AbstractConfiguration.createConfiguration(AbstractConfiguration.java:1063)
	at org.apache.logging.log4j.core.appender.routing.RoutingAppender.createAppender(RoutingAppender.java:310)
	at org.apache.logging.log4j.core.appender.routing.RoutingAppender.getControl(RoutingAppender.java:282)
	at org.apache.logging.log4j.core.appender.routing.RoutingAppender.append(RoutingAppender.java:240)
	at org.apache.logging.log4j.core.config.AppenderControl.tryCallAppender(AppenderControl.java:161)
	at org.apache.logging.log4j.core.config.AppenderControl.callAppender0(AppenderControl.java:134)
	at org.apache.logging.log4j.core.config.AppenderControl.callAppenderPreventRecursion(AppenderControl.java:125)
	at org.apache.logging.log4j.core.config.AppenderControl.callAppender(AppenderControl.java:89)
	at org.apache.logging.log4j.core.config.LoggerConfig.callAppenders(LoggerConfig.java:683)
	at org.apache.logging.log4j.core.config.LoggerConfig.processLogEvent(LoggerConfig.java:641)
	at org.apache.logging.log4j.core.config.LoggerConfig.log(LoggerConfig.java:624)
	at org.apache.logging.log4j.core.config.LoggerConfig.log(LoggerConfig.java:560)
	at org.apache.logging.log4j.core.config.AwaitCompletionReliabilityStrategy.log(AwaitCompletionReliabilityStrategy.java:82)
	at org.apache.logging.log4j.core.Logger.log(Logger.java:162)
	at org.apache.logging.log4j.spi.AbstractLogger.logMessage(AbstractLogger.java:2106)
	at org.apache.logging.log4j.internal.DefaultLogBuilder.logMessage(DefaultLogBuilder.java:241)
	at org.apache.logging.log4j.internal.DefaultLogBuilder.log(DefaultLogBuilder.java:162)
	at org.apache.xmlbeans.impl.schema.SchemaTypeSystemImpl.resolveHandle(SchemaTypeSystemImpl.java:935)
	at org.apache.xmlbeans.SchemaComponent$Ref.getComponent(SchemaComponent.java:111)
	at org.apache.xmlbeans.SchemaType$Ref.get(SchemaType.java:1072)
	at org.apache.xmlbeans.impl.schema.SchemaPropertyImpl.getType(SchemaPropertyImpl.java:85)
	at org.apache.xmlbeans.impl.schema.SchemaTypeImpl.createElementType(SchemaTypeImpl.java:990)
	at org.apache.xmlbeans.impl.values.XmlObjectBase.create_element_user(XmlObjectBase.java:879)
	at org.apache.xmlbeans.impl.store.Xobj.getUser(Xobj.java:1597)
	at org.apache.xmlbeans.impl.store.Xobj.find_all_element_users(Xobj.java:1990)
	at org.apache.xmlbeans.impl.values.XmlObjectBase.getBaseArray(XmlObjectBase.java:3104)
	at org.apache.xmlbeans.impl.values.XmlObjectBase.getXmlObjectArray(XmlObjectBase.java:3203)
	at org.openxmlformats.schemas.spreadsheetml.x2006.main.impl.CTRowImpl.getCArray(CTRowImpl.java:66)
	at org.apache.poi.xssf.usermodel.XSSFRow.<init>(XSSFRow.java:77)
	at org.apache.poi.xssf.usermodel.XSSFSheet.initRows(XSSFSheet.java:203)
	at org.apache.poi.xssf.usermodel.XSSFSheet.read(XSSFSheet.java:161)
	at org.apache.poi.xssf.usermodel.XSSFSheet.onDocumentRead(XSSFSheet.java:148)
	at org.apache.poi.xssf.usermodel.XSSFWorkbook.parseSheet(XSSFWorkbook.java:468)
	at org.apache.poi.xssf.usermodel.XSSFWorkbook.onDocumentRead(XSSFWorkbook.java:429)
	at org.apache.poi.ooxml.POIXMLDocument.load(POIXMLDocument.java:169)
	at org.apache.poi.xssf.usermodel.XSSFWorkbook.<init>(XSSFWorkbook.java:260)
	at org.apache.poi.xssf.usermodel.XSSFWorkbook.<init>(XSSFWorkbook.java:290)
	at org.apache.poi.xssf.usermodel.XSSFWorkbook.<init>(XSSFWorkbook.java:286)
	at externalResources.ExcelDataRead.<init>(ExcelDataRead.java:22)
	at listeners.AnnotationsTransformer.toBeExecuted(AnnotationsTransformer.java:36)
	at listeners.AnnotationsTransformer.transform(AnnotationsTransformer.java:24)
	at org.testng.internal.annotations.JDK15AnnotationFinder.transform(JDK15AnnotationFinder.java:172)
	at org.testng.internal.annotations.JDK15AnnotationFinder.lambda$findAnnotation$0(JDK15AnnotationFinder.java:279)
	at java.base/java.util.concurrent.ConcurrentHashMap.computeIfAbsent(ConcurrentHashMap.java:1705)
	at org.testng.internal.annotations.JDK15AnnotationFinder.findAnnotation(JDK15AnnotationFinder.java:275)
	at org.testng.internal.annotations.JDK15AnnotationFinder.findAnnotation(JDK15AnnotationFinder.java:113)
	at org.testng.internal.TestNGClassFinder.isTestNGClass(TestNGClassFinder.java:275)
	at org.testng.internal.TestNGClassFinder.isNotTestNGClass(TestNGClassFinder.java:260)
	at org.testng.internal.TestNGClassFinder.processClass(TestNGClassFinder.java:94)
	at org.testng.internal.TestNGClassFinder.<init>(TestNGClassFinder.java:67)
	at org.testng.TestRunner.initMethods(TestRunner.java:442)
	at org.testng.TestRunner.init(TestRunner.java:336)
	at org.testng.TestRunner.init(TestRunner.java:289)
	at org.testng.TestRunner.<init>(TestRunner.java:179)
	at org.testng.SuiteRunner$DefaultTestRunnerFactory.newTestRunner(SuiteRunner.java:643)
	at org.testng.SuiteRunner.init(SuiteRunner.java:225)
	at org.testng.SuiteRunner.<init>(SuiteRunner.java:115)
	at org.testng.TestNG.createSuiteRunner(TestNG.java:1349)
	at org.testng.TestNG.createSuiteRunners(TestNG.java:1325)
	at org.testng.TestNG.runSuitesLocally(TestNG.java:1167)
	at org.testng.TestNG.runSuites(TestNG.java:1099)
	at org.testng.TestNG.run(TestNG.java:1067)
	at org.apache.maven.surefire.testng.TestNGExecutor.run(TestNGExecutor.java:324)
	at org.apache.maven.surefire.testng.TestNGXmlTestSuite.execute(TestNGXmlTestSuite.java:74)
	at org.apache.maven.surefire.testng.TestNGProvider.invoke(TestNGProvider.java:123)
	at org.apache.maven.surefire.booter.ForkedBooter.runSuitesInProcess(ForkedBooter.java:456)
	at org.apache.maven.surefire.booter.ForkedBooter.execute(ForkedBooter.java:169)
	at org.apache.maven.surefire.booter.ForkedBooter.run(ForkedBooter.java:595)
	at org.apache.maven.surefire.booter.ForkedBooter.main(ForkedBooter.java:581)

2023-02-13 11:57:15,968 main ERROR Unable to invoke factory method in class org.apache.logging.log4j.core.appender.RollingFileAppender for element RollingFile: java.lang.IllegalStateException: No factory method found for class org.apache.logging.log4j.core.appender.RollingFileAppender java.lang.IllegalStateException: No factory method found for class org.apache.logging.log4j.core.appender.RollingFileAppender
	at org.apache.logging.log4j.core.config.plugins.util.PluginBuilder.findFactoryMethod(PluginBuilder.java:260)
	at org.apache.logging.log4j.core.config.plugins.util.PluginBuilder.build(PluginBuilder.java:136)
	at org.apache.logging.log4j.core.config.AbstractConfiguration.createPluginObject(AbstractConfiguration.java:1138)
	at org.apache.logging.log4j.core.config.AbstractConfiguration.createConfiguration(AbstractConfiguration.java:1063)
	at org.apache.logging.log4j.core.appender.routing.RoutingAppender.createAppender(RoutingAppender.java:310)
	at org.apache.logging.log4j.core.appender.routing.RoutingAppender.getControl(RoutingAppender.java:282)
	at org.apache.logging.log4j.core.appender.routing.RoutingAppender.append(RoutingAppender.java:240)
	at org.apache.logging.log4j.core.config.AppenderControl.tryCallAppender(AppenderControl.java:161)
	at org.apache.logging.log4j.core.config.AppenderControl.callAppender0(AppenderControl.java:134)
	at org.apache.logging.log4j.core.config.AppenderControl.callAppenderPreventRecursion(AppenderControl.java:125)
	at org.apache.logging.log4j.core.config.AppenderControl.callAppender(AppenderControl.java:89)
	at org.apache.logging.log4j.core.config.LoggerConfig.callAppenders(LoggerConfig.java:683)
	at org.apache.logging.log4j.core.config.LoggerConfig.processLogEvent(LoggerConfig.java:641)
	at org.apache.logging.log4j.core.config.LoggerConfig.log(LoggerConfig.java:624)
	at org.apache.logging.log4j.core.config.LoggerConfig.log(LoggerConfig.java:560)
	at org.apache.logging.log4j.core.config.AwaitCompletionReliabilityStrategy.log(AwaitCompletionReliabilityStrategy.java:82)
	at org.apache.logging.log4j.core.Logger.log(Logger.java:162)
	at org.apache.logging.log4j.spi.AbstractLogger.logMessage(AbstractLogger.java:2106)
	at org.apache.logging.log4j.internal.DefaultLogBuilder.logMessage(DefaultLogBuilder.java:241)
	at org.apache.logging.log4j.internal.DefaultLogBuilder.log(DefaultLogBuilder.java:162)
	at org.apache.xmlbeans.impl.schema.SchemaTypeSystemImpl.resolveHandle(SchemaTypeSystemImpl.java:935)
	at org.apache.xmlbeans.SchemaComponent$Ref.getComponent(SchemaComponent.java:111)
	at org.apache.xmlbeans.SchemaType$Ref.get(SchemaType.java:1072)
	at org.apache.xmlbeans.impl.schema.SchemaPropertyImpl.getType(SchemaPropertyImpl.java:85)
	at org.apache.xmlbeans.impl.schema.SchemaTypeImpl.createElementType(SchemaTypeImpl.java:990)
	at org.apache.xmlbeans.impl.values.XmlObjectBase.create_element_user(XmlObjectBase.java:879)
	at org.apache.xmlbeans.impl.store.Xobj.getUser(Xobj.java:1597)
	at org.apache.xmlbeans.impl.store.Xobj.find_all_element_users(Xobj.java:1990)
	at org.apache.xmlbeans.impl.values.XmlObjectBase.getBaseArray(XmlObjectBase.java:3104)
	at org.apache.xmlbeans.impl.values.XmlObjectBase.getXmlObjectArray(XmlObjectBase.java:3203)
	at org.openxmlformats.schemas.spreadsheetml.x2006.main.impl.CTRowImpl.getCArray(CTRowImpl.java:66)
	at org.apache.poi.xssf.usermodel.XSSFRow.<init>(XSSFRow.java:77)
	at org.apache.poi.xssf.usermodel.XSSFSheet.initRows(XSSFSheet.java:203)
	at org.apache.poi.xssf.usermodel.XSSFSheet.read(XSSFSheet.java:161)
	at org.apache.poi.xssf.usermodel.XSSFSheet.onDocumentRead(XSSFSheet.java:148)
	at org.apache.poi.xssf.usermodel.XSSFWorkbook.parseSheet(XSSFWorkbook.java:468)
	at org.apache.poi.xssf.usermodel.XSSFWorkbook.onDocumentRead(XSSFWorkbook.java:429)
	at org.apache.poi.ooxml.POIXMLDocument.load(POIXMLDocument.java:169)
	at org.apache.poi.xssf.usermodel.XSSFWorkbook.<init>(XSSFWorkbook.java:260)
	at org.apache.poi.xssf.usermodel.XSSFWorkbook.<init>(XSSFWorkbook.java:290)
	at org.apache.poi.xssf.usermodel.XSSFWorkbook.<init>(XSSFWorkbook.java:286)
	at externalResources.ExcelDataRead.<init>(ExcelDataRead.java:22)
	at listeners.AnnotationsTransformer.toBeExecuted(AnnotationsTransformer.java:36)
	at listeners.AnnotationsTransformer.transform(AnnotationsTransformer.java:24)
	at org.testng.internal.annotations.JDK15AnnotationFinder.transform(JDK15AnnotationFinder.java:172)
	at org.testng.internal.annotations.JDK15AnnotationFinder.lambda$findAnnotation$0(JDK15AnnotationFinder.java:279)
	at java.base/java.util.concurrent.ConcurrentHashMap.computeIfAbsent(ConcurrentHashMap.java:1705)
	at org.testng.internal.annotations.JDK15AnnotationFinder.findAnnotation(JDK15AnnotationFinder.java:275)
	at org.testng.internal.annotations.JDK15AnnotationFinder.findAnnotation(JDK15AnnotationFinder.java:113)
	at org.testng.internal.TestNGClassFinder.isTestNGClass(TestNGClassFinder.java:275)
	at org.testng.internal.TestNGClassFinder.isNotTestNGClass(TestNGClassFinder.java:260)
	at org.testng.internal.TestNGClassFinder.processClass(TestNGClassFinder.java:94)
	at org.testng.internal.TestNGClassFinder.<init>(TestNGClassFinder.java:67)
	at org.testng.TestRunner.initMethods(TestRunner.java:442)
	at org.testng.TestRunner.init(TestRunner.java:336)
	at org.testng.TestRunner.init(TestRunner.java:289)
	at org.testng.TestRunner.<init>(TestRunner.java:179)
	at org.testng.SuiteRunner$DefaultTestRunnerFactory.newTestRunner(SuiteRunner.java:643)
	at org.testng.SuiteRunner.init(SuiteRunner.java:225)
	at org.testng.SuiteRunner.<init>(SuiteRunner.java:115)
	at org.testng.TestNG.createSuiteRunner(TestNG.java:1349)
	at org.testng.TestNG.createSuiteRunners(TestNG.java:1325)
	at org.testng.TestNG.runSuitesLocally(TestNG.java:1167)
	at org.testng.TestNG.runSuites(TestNG.java:1099)
	at org.testng.TestNG.run(TestNG.java:1067)
	at org.apache.maven.surefire.testng.TestNGExecutor.run(TestNGExecutor.java:324)
	at org.apache.maven.surefire.testng.TestNGXmlTestSuite.execute(TestNGXmlTestSuite.java:74)
	at org.apache.maven.surefire.testng.TestNGProvider.invoke(TestNGProvider.java:123)
	at org.apache.maven.surefire.booter.ForkedBooter.runSuitesInProcess(ForkedBooter.java:456)
	at org.apache.maven.surefire.booter.ForkedBooter.execute(ForkedBooter.java:169)
	at org.apache.maven.surefire.booter.ForkedBooter.run(ForkedBooter.java:595)
	at org.apache.maven.surefire.booter.ForkedBooter.main(ForkedBooter.java:581)

2023-02-13 11:57:15,978 main ERROR Unable to create file ./results/logs/${ctx:threadName}.log java.io.IOException: The filename, directory name, or volume label syntax is incorrect
	at java.base/java.io.WinNTFileSystem.canonicalize0(Native Method)
	at java.base/java.io.WinNTFileSystem.canonicalize(WinNTFileSystem.java:483)
	at java.base/java.io.File.getCanonicalPath(File.java:626)
	at java.base/java.io.File.getCanonicalFile(File.java:651)
	at org.apache.logging.log4j.core.util.FileUtils.makeParentDirs(FileUtils.java:139)
	at org.apache.logging.log4j.core.appender.rolling.RollingFileManager$RollingFileManagerFactory.createManager(RollingFileManager.java:734)
	at org.apache.logging.log4j.core.appender.rolling.RollingFileManager$RollingFileManagerFactory.createManager(RollingFileManager.java:718)
	at org.apache.logging.log4j.core.appender.AbstractManager.getManager(AbstractManager.java:144)
	at org.apache.logging.log4j.core.appender.OutputStreamManager.getManager(OutputStreamManager.java:100)
	at org.apache.logging.log4j.core.appender.rolling.RollingFileManager.getFileManager(RollingFileManager.java:217)
	at org.apache.logging.log4j.core.appender.RollingFileAppender$Builder.build(RollingFileAppender.java:135)
	at org.apache.logging.log4j.core.appender.RollingFileAppender$Builder.build(RollingFileAppender.java:62)
	at org.apache.logging.log4j.core.config.plugins.util.PluginBuilder.build(PluginBuilder.java:124)
	at org.apache.logging.log4j.core.config.AbstractConfiguration.createPluginObject(AbstractConfiguration.java:1138)
	at org.apache.logging.log4j.core.config.AbstractConfiguration.createConfiguration(AbstractConfiguration.java:1063)
	at org.apache.logging.log4j.core.appender.routing.RoutingAppender.createAppender(RoutingAppender.java:310)
	at org.apache.logging.log4j.core.appender.routing.RoutingAppender.getControl(RoutingAppender.java:282)
	at org.apache.logging.log4j.core.appender.routing.RoutingAppender.append(RoutingAppender.java:240)
	at org.apache.logging.log4j.core.config.AppenderControl.tryCallAppender(AppenderControl.java:161)
	at org.apache.logging.log4j.core.config.AppenderControl.callAppender0(AppenderControl.java:134)
	at org.apache.logging.log4j.core.config.AppenderControl.callAppenderPreventRecursion(AppenderControl.java:125)
	at org.apache.logging.log4j.core.config.AppenderControl.callAppender(AppenderControl.java:89)
	at org.apache.logging.log4j.core.config.LoggerConfig.callAppenders(LoggerConfig.java:683)
	at org.apache.logging.log4j.core.config.LoggerConfig.processLogEvent(LoggerConfig.java:641)
	at org.apache.logging.log4j.core.config.LoggerConfig.log(LoggerConfig.java:624)
	at org.apache.logging.log4j.core.config.LoggerConfig.log(LoggerConfig.java:560)
	at org.apache.logging.log4j.core.config.AwaitCompletionReliabilityStrategy.log(AwaitCompletionReliabilityStrategy.java:82)
	at org.apache.logging.log4j.core.Logger.log(Logger.java:162)
	at org.apache.logging.log4j.spi.AbstractLogger.logMessage(AbstractLogger.java:2106)
	at org.apache.logging.log4j.internal.DefaultLogBuilder.logMessage(DefaultLogBuilder.java:241)
	at org.apache.logging.log4j.internal.DefaultLogBuilder.log(DefaultLogBuilder.java:162)
	at org.apache.xmlbeans.impl.schema.SchemaTypeSystemImpl.resolveHandle(SchemaTypeSystemImpl.java:935)
	at org.apache.xmlbeans.SchemaComponent$Ref.getComponent(SchemaComponent.java:111)
	at org.apache.xmlbeans.SchemaType$Ref.get(SchemaType.java:1072)
	at org.apache.xmlbeans.impl.schema.SchemaPropertyImpl.getType(SchemaPropertyImpl.java:85)
	at org.apache.xmlbeans.impl.schema.SchemaTypeImpl.createAttributeType(SchemaTypeImpl.java:1055)
	at org.apache.xmlbeans.impl.values.XmlObjectBase.create_attribute_user(XmlObjectBase.java:898)
	at org.apache.xmlbeans.impl.store.Xobj.getUser(Xobj.java:1598)
	at org.apache.xmlbeans.impl.store.Xobj.find_attribute_user(Xobj.java:2156)
	at org.openxmlformats.schemas.spreadsheetml.x2006.main.impl.CTCellImpl.getR(CTCellImpl.java:296)
	at org.apache.poi.xssf.usermodel.XSSFCell.<init>(XSSFCell.java:120)
	at org.apache.poi.xssf.usermodel.XSSFRow.<init>(XSSFRow.java:78)
	at org.apache.poi.xssf.usermodel.XSSFSheet.initRows(XSSFSheet.java:203)
	at org.apache.poi.xssf.usermodel.XSSFSheet.read(XSSFSheet.java:161)
	at org.apache.poi.xssf.usermodel.XSSFSheet.onDocumentRead(XSSFSheet.java:148)
	at org.apache.poi.xssf.usermodel.XSSFWorkbook.parseSheet(XSSFWorkbook.java:468)
	at org.apache.poi.xssf.usermodel.XSSFWorkbook.onDocumentRead(XSSFWorkbook.java:429)
	at org.apache.poi.ooxml.POIXMLDocument.load(POIXMLDocument.java:169)
	at org.apache.poi.xssf.usermodel.XSSFWorkbook.<init>(XSSFWorkbook.java:260)
	at org.apache.poi.xssf.usermodel.XSSFWorkbook.<init>(XSSFWorkbook.java:290)
	at org.apache.poi.xssf.usermodel.XSSFWorkbook.<init>(XSSFWorkbook.java:286)
	at externalResources.ExcelDataRead.<init>(ExcelDataRead.java:22)
	at listeners.AnnotationsTransformer.toBeExecuted(AnnotationsTransformer.java:36)
	at listeners.AnnotationsTransformer.transform(AnnotationsTransformer.java:24)
	at org.testng.internal.annotations.JDK15AnnotationFinder.transform(JDK15AnnotationFinder.java:172)
	at org.testng.internal.annotations.JDK15AnnotationFinder.lambda$findAnnotation$0(JDK15AnnotationFinder.java:279)
	at java.base/java.util.concurrent.ConcurrentHashMap.computeIfAbsent(ConcurrentHashMap.java:1705)
	at org.testng.internal.annotations.JDK15AnnotationFinder.findAnnotation(JDK15AnnotationFinder.java:275)
	at org.testng.internal.annotations.JDK15AnnotationFinder.findAnnotation(JDK15AnnotationFinder.java:113)
	at org.testng.internal.TestNGClassFinder.isTestNGClass(TestNGClassFinder.java:275)
	at org.testng.internal.TestNGClassFinder.isNotTestNGClass(TestNGClassFinder.java:260)
	at org.testng.internal.TestNGClassFinder.processClass(TestNGClassFinder.java:94)
	at org.testng.internal.TestNGClassFinder.<init>(TestNGClassFinder.java:67)
	at org.testng.TestRunner.initMethods(TestRunner.java:442)
	at org.testng.TestRunner.init(TestRunner.java:336)
	at org.testng.TestRunner.init(TestRunner.java:289)
	at org.testng.TestRunner.<init>(TestRunner.java:179)
	at org.testng.SuiteRunner$DefaultTestRunnerFactory.newTestRunner(SuiteRunner.java:643)
	at org.testng.SuiteRunner.init(SuiteRunner.java:225)
	at org.testng.SuiteRunner.<init>(SuiteRunner.java:115)
	at org.testng.TestNG.createSuiteRunner(TestNG.java:1349)
	at org.testng.TestNG.createSuiteRunners(TestNG.java:1325)
	at org.testng.TestNG.runSuitesLocally(TestNG.java:1167)
	at org.testng.TestNG.runSuites(TestNG.java:1099)
	at org.testng.TestNG.run(TestNG.java:1067)
	at org.apache.maven.surefire.testng.TestNGExecutor.run(TestNGExecutor.java:324)
	at org.apache.maven.surefire.testng.TestNGXmlTestSuite.execute(TestNGXmlTestSuite.java:74)
	at org.apache.maven.surefire.testng.TestNGProvider.invoke(TestNGProvider.java:123)
	at org.apache.maven.surefire.booter.ForkedBooter.runSuitesInProcess(ForkedBooter.java:456)
	at org.apache.maven.surefire.booter.ForkedBooter.execute(ForkedBooter.java:169)
	at org.apache.maven.surefire.booter.ForkedBooter.run(ForkedBooter.java:595)
	at org.apache.maven.surefire.booter.ForkedBooter.main(ForkedBooter.java:581)

2023-02-13 11:57:15,979 main ERROR Could not create plugin of type class org.apache.logging.log4j.core.appender.RollingFileAppender for element RollingFile: java.lang.IllegalStateException: ManagerFactory [org.apache.logging.log4j.core.appender.rolling.RollingFileManager$RollingFileManagerFactory@4e6d7365] unable to create manager for [./results/logs/${ctx:threadName}.log] with data [org.apache.logging.log4j.core.appender.rolling.RollingFileManager$FactoryData@23f72d88[pattern=./results/logs/${ctx:threadName}-%d{yyyy-MM-dd}.log, append=true, bufferedIO=true, bufferSize=8192, policy=SizeBasedTriggeringPolicy(size=512000), strategy=DefaultRolloverStrategy(min=1, max=7, useMax=true), advertiseURI=null, layout=%d{HH:mm:ss.SSS} [%t] %-5level %logger{36} - %msg%n, filePermissions=null, fileOwner=null]] java.lang.IllegalStateException: ManagerFactory [org.apache.logging.log4j.core.appender.rolling.RollingFileManager$RollingFileManagerFactory@4e6d7365] unable to create manager for [./results/logs/${ctx:threadName}.log] with data [org.apache.logging.log4j.core.appender.rolling.RollingFileManager$FactoryData@23f72d88[pattern=./results/logs/${ctx:threadName}-%d{yyyy-MM-dd}.log, append=true, bufferedIO=true, bufferSize=8192, policy=SizeBasedTriggeringPolicy(size=512000), strategy=DefaultRolloverStrategy(min=1, max=7, useMax=true), advertiseURI=null, layout=%d{HH:mm:ss.SSS} [%t] %-5level %logger{36} - %msg%n, filePermissions=null, fileOwner=null]]
	at org.apache.logging.log4j.core.appender.AbstractManager.getManager(AbstractManager.java:146)
	at org.apache.logging.log4j.core.appender.OutputStreamManager.getManager(OutputStreamManager.java:100)
	at org.apache.logging.log4j.core.appender.rolling.RollingFileManager.getFileManager(RollingFileManager.java:217)
	at org.apache.logging.log4j.core.appender.RollingFileAppender$Builder.build(RollingFileAppender.java:135)
	at org.apache.logging.log4j.core.appender.RollingFileAppender$Builder.build(RollingFileAppender.java:62)
	at org.apache.logging.log4j.core.config.plugins.util.PluginBuilder.build(PluginBuilder.java:124)
	at org.apache.logging.log4j.core.config.AbstractConfiguration.createPluginObject(AbstractConfiguration.java:1138)
	at org.apache.logging.log4j.core.config.AbstractConfiguration.createConfiguration(AbstractConfiguration.java:1063)
	at org.apache.logging.log4j.core.appender.routing.RoutingAppender.createAppender(RoutingAppender.java:310)
	at org.apache.logging.log4j.core.appender.routing.RoutingAppender.getControl(RoutingAppender.java:282)
	at org.apache.logging.log4j.core.appender.routing.RoutingAppender.append(RoutingAppender.java:240)
	at org.apache.logging.log4j.core.config.AppenderControl.tryCallAppender(AppenderControl.java:161)
	at org.apache.logging.log4j.core.config.AppenderControl.callAppender0(AppenderControl.java:134)
	at org.apache.logging.log4j.core.config.AppenderControl.callAppenderPreventRecursion(AppenderControl.java:125)
	at org.apache.logging.log4j.core.config.AppenderControl.callAppender(AppenderControl.java:89)
	at org.apache.logging.log4j.core.config.LoggerConfig.callAppenders(LoggerConfig.java:683)
	at org.apache.logging.log4j.core.config.LoggerConfig.processLogEvent(LoggerConfig.java:641)
	at org.apache.logging.log4j.core.config.LoggerConfig.log(LoggerConfig.java:624)
	at org.apache.logging.log4j.core.config.LoggerConfig.log(LoggerConfig.java:560)
	at org.apache.logging.log4j.core.config.AwaitCompletionReliabilityStrategy.log(AwaitCompletionReliabilityStrategy.java:82)
	at org.apache.logging.log4j.core.Logger.log(Logger.java:162)
	at org.apache.logging.log4j.spi.AbstractLogger.logMessage(AbstractLogger.java:2106)
	at org.apache.logging.log4j.internal.DefaultLogBuilder.logMessage(DefaultLogBuilder.java:241)
	at org.apache.logging.log4j.internal.DefaultLogBuilder.log(DefaultLogBuilder.java:162)
	at org.apache.xmlbeans.impl.schema.SchemaTypeSystemImpl.resolveHandle(SchemaTypeSystemImpl.java:935)
	at org.apache.xmlbeans.SchemaComponent$Ref.getComponent(SchemaComponent.java:111)
	at org.apache.xmlbeans.SchemaType$Ref.get(SchemaType.java:1072)
	at org.apache.xmlbeans.impl.schema.SchemaPropertyImpl.getType(SchemaPropertyImpl.java:85)
	at org.apache.xmlbeans.impl.schema.SchemaTypeImpl.createAttributeType(SchemaTypeImpl.java:1055)
	at org.apache.xmlbeans.impl.values.XmlObjectBase.create_attribute_user(XmlObjectBase.java:898)
	at org.apache.xmlbeans.impl.store.Xobj.getUser(Xobj.java:1598)
	at org.apache.xmlbeans.impl.store.Xobj.find_attribute_user(Xobj.java:2156)
	at org.openxmlformats.schemas.spreadsheetml.x2006.main.impl.CTCellImpl.getR(CTCellImpl.java:296)
	at org.apache.poi.xssf.usermodel.XSSFCell.<init>(XSSFCell.java:120)
	at org.apache.poi.xssf.usermodel.XSSFRow.<init>(XSSFRow.java:78)
	at org.apache.poi.xssf.usermodel.XSSFSheet.initRows(XSSFSheet.java:203)
	at org.apache.poi.xssf.usermodel.XSSFSheet.read(XSSFSheet.java:161)
	at org.apache.poi.xssf.usermodel.XSSFSheet.onDocumentRead(XSSFSheet.java:148)
	at org.apache.poi.xssf.usermodel.XSSFWorkbook.parseSheet(XSSFWorkbook.java:468)
	at org.apache.poi.xssf.usermodel.XSSFWorkbook.onDocumentRead(XSSFWorkbook.java:429)
	at org.apache.poi.ooxml.POIXMLDocument.load(POIXMLDocument.java:169)
	at org.apache.poi.xssf.usermodel.XSSFWorkbook.<init>(XSSFWorkbook.java:260)
	at org.apache.poi.xssf.usermodel.XSSFWorkbook.<init>(XSSFWorkbook.java:290)
	at org.apache.poi.xssf.usermodel.XSSFWorkbook.<init>(XSSFWorkbook.java:286)
	at externalResources.ExcelDataRead.<init>(ExcelDataRead.java:22)
	at listeners.AnnotationsTransformer.toBeExecuted(AnnotationsTransformer.java:36)
	at listeners.AnnotationsTransformer.transform(AnnotationsTransformer.java:24)
	at org.testng.internal.annotations.JDK15AnnotationFinder.transform(JDK15AnnotationFinder.java:172)
	at org.testng.internal.annotations.JDK15AnnotationFinder.lambda$findAnnotation$0(JDK15AnnotationFinder.java:279)
	at java.base/java.util.concurrent.ConcurrentHashMap.computeIfAbsent(ConcurrentHashMap.java:1705)
	at org.testng.internal.annotations.JDK15AnnotationFinder.findAnnotation(JDK15AnnotationFinder.java:275)
	at org.testng.internal.annotations.JDK15AnnotationFinder.findAnnotation(JDK15AnnotationFinder.java:113)
	at org.testng.internal.TestNGClassFinder.isTestNGClass(TestNGClassFinder.java:275)
	at org.testng.internal.TestNGClassFinder.isNotTestNGClass(TestNGClassFinder.java:260)
	at org.testng.internal.TestNGClassFinder.processClass(TestNGClassFinder.java:94)
	at org.testng.internal.TestNGClassFinder.<init>(TestNGClassFinder.java:67)
	at org.testng.TestRunner.initMethods(TestRunner.java:442)
	at org.testng.TestRunner.init(TestRunner.java:336)
	at org.testng.TestRunner.init(TestRunner.java:289)
	at org.testng.TestRunner.<init>(TestRunner.java:179)
	at org.testng.SuiteRunner$DefaultTestRunnerFactory.newTestRunner(SuiteRunner.java:643)
	at org.testng.SuiteRunner.init(SuiteRunner.java:225)
	at org.testng.SuiteRunner.<init>(SuiteRunner.java:115)
	at org.testng.TestNG.createSuiteRunner(TestNG.java:1349)
	at org.testng.TestNG.createSuiteRunners(TestNG.java:1325)
	at org.testng.TestNG.runSuitesLocally(TestNG.java:1167)
	at org.testng.TestNG.runSuites(TestNG.java:1099)
	at org.testng.TestNG.run(TestNG.java:1067)
	at org.apache.maven.surefire.testng.TestNGExecutor.run(TestNGExecutor.java:324)
	at org.apache.maven.surefire.testng.TestNGXmlTestSuite.execute(TestNGXmlTestSuite.java:74)
	at org.apache.maven.surefire.testng.TestNGProvider.invoke(TestNGProvider.java:123)
	at org.apache.maven.surefire.booter.ForkedBooter.runSuitesInProcess(ForkedBooter.java:456)
	at org.apache.maven.surefire.booter.ForkedBooter.execute(ForkedBooter.java:169)
	at org.apache.maven.surefire.booter.ForkedBooter.run(ForkedBooter.java:595)
	at org.apache.maven.surefire.booter.ForkedBooter.main(ForkedBooter.java:581)

2023-02-13 11:57:15,979 main ERROR Unable to invoke factory method in class org.apache.logging.log4j.core.appender.RollingFileAppender for element RollingFile: java.lang.IllegalStateException: No factory method found for class org.apache.logging.log4j.core.appender.RollingFileAppender java.lang.IllegalStateException: No factory method found for class org.apache.logging.log4j.core.appender.RollingFileAppender
	at org.apache.logging.log4j.core.config.plugins.util.PluginBuilder.findFactoryMethod(PluginBuilder.java:260)
	at org.apache.logging.log4j.core.config.plugins.util.PluginBuilder.build(PluginBuilder.java:136)
	at org.apache.logging.log4j.core.config.AbstractConfiguration.createPluginObject(AbstractConfiguration.java:1138)
	at org.apache.logging.log4j.core.config.AbstractConfiguration.createConfiguration(AbstractConfiguration.java:1063)
	at org.apache.logging.log4j.core.appender.routing.RoutingAppender.createAppender(RoutingAppender.java:310)
	at org.apache.logging.log4j.core.appender.routing.RoutingAppender.getControl(RoutingAppender.java:282)
	at org.apache.logging.log4j.core.appender.routing.RoutingAppender.append(RoutingAppender.java:240)
	at org.apache.logging.log4j.core.config.AppenderControl.tryCallAppender(AppenderControl.java:161)
	at org.apache.logging.log4j.core.config.AppenderControl.callAppender0(AppenderControl.java:134)
	at org.apache.logging.log4j.core.config.AppenderControl.callAppenderPreventRecursion(AppenderControl.java:125)
	at org.apache.logging.log4j.core.config.AppenderControl.callAppender(AppenderControl.java:89)
	at org.apache.logging.log4j.core.config.LoggerConfig.callAppenders(LoggerConfig.java:683)
	at org.apache.logging.log4j.core.config.LoggerConfig.processLogEvent(LoggerConfig.java:641)
	at org.apache.logging.log4j.core.config.LoggerConfig.log(LoggerConfig.java:624)
	at org.apache.logging.log4j.core.config.LoggerConfig.log(LoggerConfig.java:560)
	at org.apache.logging.log4j.core.config.AwaitCompletionReliabilityStrategy.log(AwaitCompletionReliabilityStrategy.java:82)
	at org.apache.logging.log4j.core.Logger.log(Logger.java:162)
	at org.apache.logging.log4j.spi.AbstractLogger.logMessage(AbstractLogger.java:2106)
	at org.apache.logging.log4j.internal.DefaultLogBuilder.logMessage(DefaultLogBuilder.java:241)
	at org.apache.logging.log4j.internal.DefaultLogBuilder.log(DefaultLogBuilder.java:162)
	at org.apache.xmlbeans.impl.schema.SchemaTypeSystemImpl.resolveHandle(SchemaTypeSystemImpl.java:935)
	at org.apache.xmlbeans.SchemaComponent$Ref.getComponent(SchemaComponent.java:111)
	at org.apache.xmlbeans.SchemaType$Ref.get(SchemaType.java:1072)
	at org.apache.xmlbeans.impl.schema.SchemaPropertyImpl.getType(SchemaPropertyImpl.java:85)
	at org.apache.xmlbeans.impl.schema.SchemaTypeImpl.createAttributeType(SchemaTypeImpl.java:1055)
	at org.apache.xmlbeans.impl.values.XmlObjectBase.create_attribute_user(XmlObjectBase.java:898)
	at org.apache.xmlbeans.impl.store.Xobj.getUser(Xobj.java:1598)
	at org.apache.xmlbeans.impl.store.Xobj.find_attribute_user(Xobj.java:2156)
	at org.openxmlformats.schemas.spreadsheetml.x2006.main.impl.CTCellImpl.getR(CTCellImpl.java:296)
	at org.apache.poi.xssf.usermodel.XSSFCell.<init>(XSSFCell.java:120)
	at org.apache.poi.xssf.usermodel.XSSFRow.<init>(XSSFRow.java:78)
	at org.apache.poi.xssf.usermodel.XSSFSheet.initRows(XSSFSheet.java:203)
	at org.apache.poi.xssf.usermodel.XSSFSheet.read(XSSFSheet.java:161)
	at org.apache.poi.xssf.usermodel.XSSFSheet.onDocumentRead(XSSFSheet.java:148)
	at org.apache.poi.xssf.usermodel.XSSFWorkbook.parseSheet(XSSFWorkbook.java:468)
	at org.apache.poi.xssf.usermodel.XSSFWorkbook.onDocumentRead(XSSFWorkbook.java:429)
	at org.apache.poi.ooxml.POIXMLDocument.load(POIXMLDocument.java:169)
	at org.apache.poi.xssf.usermodel.XSSFWorkbook.<init>(XSSFWorkbook.java:260)
	at org.apache.poi.xssf.usermodel.XSSFWorkbook.<init>(XSSFWorkbook.java:290)
	at org.apache.poi.xssf.usermodel.XSSFWorkbook.<init>(XSSFWorkbook.java:286)
	at externalResources.ExcelDataRead.<init>(ExcelDataRead.java:22)
	at listeners.AnnotationsTransformer.toBeExecuted(AnnotationsTransformer.java:36)
	at listeners.AnnotationsTransformer.transform(AnnotationsTransformer.java:24)
	at org.testng.internal.annotations.JDK15AnnotationFinder.transform(JDK15AnnotationFinder.java:172)
	at org.testng.internal.annotations.JDK15AnnotationFinder.lambda$findAnnotation$0(JDK15AnnotationFinder.java:279)
	at java.base/java.util.concurrent.ConcurrentHashMap.computeIfAbsent(ConcurrentHashMap.java:1705)
	at org.testng.internal.annotations.JDK15AnnotationFinder.findAnnotation(JDK15AnnotationFinder.java:275)
	at org.testng.internal.annotations.JDK15AnnotationFinder.findAnnotation(JDK15AnnotationFinder.java:113)
	at org.testng.internal.TestNGClassFinder.isTestNGClass(TestNGClassFinder.java:275)
	at org.testng.internal.TestNGClassFinder.isNotTestNGClass(TestNGClassFinder.java:260)
	at org.testng.internal.TestNGClassFinder.processClass(TestNGClassFinder.java:94)
	at org.testng.internal.TestNGClassFinder.<init>(TestNGClassFinder.java:67)
	at org.testng.TestRunner.initMethods(TestRunner.java:442)
	at org.testng.TestRunner.init(TestRunner.java:336)
	at org.testng.TestRunner.init(TestRunner.java:289)
	at org.testng.TestRunner.<init>(TestRunner.java:179)
	at org.testng.SuiteRunner$DefaultTestRunnerFactory.newTestRunner(SuiteRunner.java:643)
	at org.testng.SuiteRunner.init(SuiteRunner.java:225)
	at org.testng.SuiteRunner.<init>(SuiteRunner.java:115)
	at org.testng.TestNG.createSuiteRunner(TestNG.java:1349)
	at org.testng.TestNG.createSuiteRunners(TestNG.java:1325)
	at org.testng.TestNG.runSuitesLocally(TestNG.java:1167)
	at org.testng.TestNG.runSuites(TestNG.java:1099)
	at org.testng.TestNG.run(TestNG.java:1067)
	at org.apache.maven.surefire.testng.TestNGExecutor.run(TestNGExecutor.java:324)
	at org.apache.maven.surefire.testng.TestNGXmlTestSuite.execute(TestNGXmlTestSuite.java:74)
	at org.apache.maven.surefire.testng.TestNGProvider.invoke(TestNGProvider.java:123)
	at org.apache.maven.surefire.booter.ForkedBooter.runSuitesInProcess(ForkedBooter.java:456)
	at org.apache.maven.surefire.booter.ForkedBooter.execute(ForkedBooter.java:169)
	at org.apache.maven.surefire.booter.ForkedBooter.run(ForkedBooter.java:595)
	at org.apache.maven.surefire.booter.ForkedBooter.main(ForkedBooter.java:581)

2023-02-13 11:57:15,989 main ERROR Unable to create file ./results/logs/${ctx:threadName}.log java.io.IOException: The filename, directory name, or volume label syntax is incorrect
	at java.base/java.io.WinNTFileSystem.canonicalize0(Native Method)
	at java.base/java.io.WinNTFileSystem.canonicalize(WinNTFileSystem.java:483)
	at java.base/java.io.File.getCanonicalPath(File.java:626)
	at java.base/java.io.File.getCanonicalFile(File.java:651)
	at org.apache.logging.log4j.core.util.FileUtils.makeParentDirs(FileUtils.java:139)
	at org.apache.logging.log4j.core.appender.rolling.RollingFileManager$RollingFileManagerFactory.createManager(RollingFileManager.java:734)
	at org.apache.logging.log4j.core.appender.rolling.RollingFileManager$RollingFileManagerFactory.createManager(RollingFileManager.java:718)
	at org.apache.logging.log4j.core.appender.AbstractManager.getManager(AbstractManager.java:144)
	at org.apache.logging.log4j.core.appender.OutputStreamManager.getManager(OutputStreamManager.java:100)
	at org.apache.logging.log4j.core.appender.rolling.RollingFileManager.getFileManager(RollingFileManager.java:217)
	at org.apache.logging.log4j.core.appender.RollingFileAppender$Builder.build(RollingFileAppender.java:135)
	at org.apache.logging.log4j.core.appender.RollingFileAppender$Builder.build(RollingFileAppender.java:62)
	at org.apache.logging.log4j.core.config.plugins.util.PluginBuilder.build(PluginBuilder.java:124)
	at org.apache.logging.log4j.core.config.AbstractConfiguration.createPluginObject(AbstractConfiguration.java:1138)
	at org.apache.logging.log4j.core.config.AbstractConfiguration.createConfiguration(AbstractConfiguration.java:1063)
	at org.apache.logging.log4j.core.appender.routing.RoutingAppender.createAppender(RoutingAppender.java:310)
	at org.apache.logging.log4j.core.appender.routing.RoutingAppender.getControl(RoutingAppender.java:282)
	at org.apache.logging.log4j.core.appender.routing.RoutingAppender.append(RoutingAppender.java:240)
	at org.apache.logging.log4j.core.config.AppenderControl.tryCallAppender(AppenderControl.java:161)
	at org.apache.logging.log4j.core.config.AppenderControl.callAppender0(AppenderControl.java:134)
	at org.apache.logging.log4j.core.config.AppenderControl.callAppenderPreventRecursion(AppenderControl.java:125)
	at org.apache.logging.log4j.core.config.AppenderControl.callAppender(AppenderControl.java:89)
	at org.apache.logging.log4j.core.config.LoggerConfig.callAppenders(LoggerConfig.java:683)
	at org.apache.logging.log4j.core.config.LoggerConfig.processLogEvent(LoggerConfig.java:641)
	at org.apache.logging.log4j.core.config.LoggerConfig.log(LoggerConfig.java:624)
	at org.apache.logging.log4j.core.config.LoggerConfig.log(LoggerConfig.java:560)
	at org.apache.logging.log4j.core.config.AwaitCompletionReliabilityStrategy.log(AwaitCompletionReliabilityStrategy.java:82)
	at org.apache.logging.log4j.core.Logger.log(Logger.java:162)
	at org.apache.logging.log4j.spi.AbstractLogger.logMessage(AbstractLogger.java:2106)
	at org.apache.logging.log4j.internal.DefaultLogBuilder.logMessage(DefaultLogBuilder.java:241)
	at org.apache.logging.log4j.internal.DefaultLogBuilder.log(DefaultLogBuilder.java:162)
	at org.apache.xmlbeans.impl.schema.SchemaTypeSystemImpl.resolveHandle(SchemaTypeSystemImpl.java:935)
	at org.apache.xmlbeans.impl.schema.ElementFactory.<init>(ElementFactory.java:29)
	at org.apache.xmlbeans.impl.schema.AbstractDocumentFactory.<init>(AbstractDocumentFactory.java:33)
	at org.apache.xmlbeans.impl.schema.DocumentFactory.<init>(DocumentFactory.java:23)
	at org.openxmlformats.schemas.spreadsheetml.x2006.main.CTCols.<clinit>(CTCols.java:22)
	at org.apache.poi.xssf.usermodel.helpers.ColumnHelper.cleanColumns(ColumnHelper.java:51)
	at org.apache.poi.xssf.usermodel.helpers.ColumnHelper.<init>(ColumnHelper.java:46)
	at org.apache.poi.xssf.usermodel.XSSFSheet.read(XSSFSheet.java:162)
	at org.apache.poi.xssf.usermodel.XSSFSheet.onDocumentRead(XSSFSheet.java:148)
	at org.apache.poi.xssf.usermodel.XSSFWorkbook.parseSheet(XSSFWorkbook.java:468)
	at org.apache.poi.xssf.usermodel.XSSFWorkbook.onDocumentRead(XSSFWorkbook.java:429)
	at org.apache.poi.ooxml.POIXMLDocument.load(POIXMLDocument.java:169)
	at org.apache.poi.xssf.usermodel.XSSFWorkbook.<init>(XSSFWorkbook.java:260)
	at org.apache.poi.xssf.usermodel.XSSFWorkbook.<init>(XSSFWorkbook.java:290)
	at org.apache.poi.xssf.usermodel.XSSFWorkbook.<init>(XSSFWorkbook.java:286)
	at externalResources.ExcelDataRead.<init>(ExcelDataRead.java:22)
	at listeners.AnnotationsTransformer.toBeExecuted(AnnotationsTransformer.java:36)
	at listeners.AnnotationsTransformer.transform(AnnotationsTransformer.java:24)
	at org.testng.internal.annotations.JDK15AnnotationFinder.transform(JDK15AnnotationFinder.java:172)
	at org.testng.internal.annotations.JDK15AnnotationFinder.lambda$findAnnotation$0(JDK15AnnotationFinder.java:279)
	at java.base/java.util.concurrent.ConcurrentHashMap.computeIfAbsent(ConcurrentHashMap.java:1705)
	at org.testng.internal.annotations.JDK15AnnotationFinder.findAnnotation(JDK15AnnotationFinder.java:275)
	at org.testng.internal.annotations.JDK15AnnotationFinder.findAnnotation(JDK15AnnotationFinder.java:113)
	at org.testng.internal.TestNGClassFinder.isTestNGClass(TestNGClassFinder.java:275)
	at org.testng.internal.TestNGClassFinder.isNotTestNGClass(TestNGClassFinder.java:260)
	at org.testng.internal.TestNGClassFinder.processClass(TestNGClassFinder.java:94)
	at org.testng.internal.TestNGClassFinder.<init>(TestNGClassFinder.java:67)
	at org.testng.TestRunner.initMethods(TestRunner.java:442)
	at org.testng.TestRunner.init(TestRunner.java:336)
	at org.testng.TestRunner.init(TestRunner.java:289)
	at org.testng.TestRunner.<init>(TestRunner.java:179)
	at org.testng.SuiteRunner$DefaultTestRunnerFactory.newTestRunner(SuiteRunner.java:643)
	at org.testng.SuiteRunner.init(SuiteRunner.java:225)
	at org.testng.SuiteRunner.<init>(SuiteRunner.java:115)
	at org.testng.TestNG.createSuiteRunner(TestNG.java:1349)
	at org.testng.TestNG.createSuiteRunners(TestNG.java:1325)
	at org.testng.TestNG.runSuitesLocally(TestNG.java:1167)
	at org.testng.TestNG.runSuites(TestNG.java:1099)
	at org.testng.TestNG.run(TestNG.java:1067)
	at org.apache.maven.surefire.testng.TestNGExecutor.run(TestNGExecutor.java:324)
	at org.apache.maven.surefire.testng.TestNGXmlTestSuite.execute(TestNGXmlTestSuite.java:74)
	at org.apache.maven.surefire.testng.TestNGProvider.invoke(TestNGProvider.java:123)
	at org.apache.maven.surefire.booter.ForkedBooter.runSuitesInProcess(ForkedBooter.java:456)
	at org.apache.maven.surefire.booter.ForkedBooter.execute(ForkedBooter.java:169)
	at org.apache.maven.surefire.booter.ForkedBooter.run(ForkedBooter.java:595)
	at org.apache.maven.surefire.booter.ForkedBooter.main(ForkedBooter.java:581)

2023-02-13 11:57:15,990 main ERROR Could not create plugin of type class org.apache.logging.log4j.core.appender.RollingFileAppender for element RollingFile: java.lang.IllegalStateException: ManagerFactory [org.apache.logging.log4j.core.appender.rolling.RollingFileManager$RollingFileManagerFactory@4e6d7365] unable to create manager for [./results/logs/${ctx:threadName}.log] with data [org.apache.logging.log4j.core.appender.rolling.RollingFileManager$FactoryData@5432c277[pattern=./results/logs/${ctx:threadName}-%d{yyyy-MM-dd}.log, append=true, bufferedIO=true, bufferSize=8192, policy=SizeBasedTriggeringPolicy(size=512000), strategy=DefaultRolloverStrategy(min=1, max=7, useMax=true), advertiseURI=null, layout=%d{HH:mm:ss.SSS} [%t] %-5level %logger{36} - %msg%n, filePermissions=null, fileOwner=null]] java.lang.IllegalStateException: ManagerFactory [org.apache.logging.log4j.core.appender.rolling.RollingFileManager$RollingFileManagerFactory@4e6d7365] unable to create manager for [./results/logs/${ctx:threadName}.log] with data [org.apache.logging.log4j.core.appender.rolling.RollingFileManager$FactoryData@5432c277[pattern=./results/logs/${ctx:threadName}-%d{yyyy-MM-dd}.log, append=true, bufferedIO=true, bufferSize=8192, policy=SizeBasedTriggeringPolicy(size=512000), strategy=DefaultRolloverStrategy(min=1, max=7, useMax=true), advertiseURI=null, layout=%d{HH:mm:ss.SSS} [%t] %-5level %logger{36} - %msg%n, filePermissions=null, fileOwner=null]]
	at org.apache.logging.log4j.core.appender.AbstractManager.getManager(AbstractManager.java:146)
	at org.apache.logging.log4j.core.appender.OutputStreamManager.getManager(OutputStreamManager.java:100)
	at org.apache.logging.log4j.core.appender.rolling.RollingFileManager.getFileManager(RollingFileManager.java:217)
	at org.apache.logging.log4j.core.appender.RollingFileAppender$Builder.build(RollingFileAppender.java:135)
	at org.apache.logging.log4j.core.appender.RollingFileAppender$Builder.build(RollingFileAppender.java:62)
	at org.apache.logging.log4j.core.config.plugins.util.PluginBuilder.build(PluginBuilder.java:124)
	at org.apache.logging.log4j.core.config.AbstractConfiguration.createPluginObject(AbstractConfiguration.java:1138)
	at org.apache.logging.log4j.core.config.AbstractConfiguration.createConfiguration(AbstractConfiguration.java:1063)
	at org.apache.logging.log4j.core.appender.routing.RoutingAppender.createAppender(RoutingAppender.java:310)
	at org.apache.logging.log4j.core.appender.routing.RoutingAppender.getControl(RoutingAppender.java:282)
	at org.apache.logging.log4j.core.appender.routing.RoutingAppender.append(RoutingAppender.java:240)
	at org.apache.logging.log4j.core.config.AppenderControl.tryCallAppender(AppenderControl.java:161)
	at org.apache.logging.log4j.core.config.AppenderControl.callAppender0(AppenderControl.java:134)
	at org.apache.logging.log4j.core.config.AppenderControl.callAppenderPreventRecursion(AppenderControl.java:125)
	at org.apache.logging.log4j.core.config.AppenderControl.callAppender(AppenderControl.java:89)
	at org.apache.logging.log4j.core.config.LoggerConfig.callAppenders(LoggerConfig.java:683)
	at org.apache.logging.log4j.core.config.LoggerConfig.processLogEvent(LoggerConfig.java:641)
	at org.apache.logging.log4j.core.config.LoggerConfig.log(LoggerConfig.java:624)
	at org.apache.logging.log4j.core.config.LoggerConfig.log(LoggerConfig.java:560)
	at org.apache.logging.log4j.core.config.AwaitCompletionReliabilityStrategy.log(AwaitCompletionReliabilityStrategy.java:82)
	at org.apache.logging.log4j.core.Logger.log(Logger.java:162)
	at org.apache.logging.log4j.spi.AbstractLogger.logMessage(AbstractLogger.java:2106)
	at org.apache.logging.log4j.internal.DefaultLogBuilder.logMessage(DefaultLogBuilder.java:241)
	at org.apache.logging.log4j.internal.DefaultLogBuilder.log(DefaultLogBuilder.java:162)
	at org.apache.xmlbeans.impl.schema.SchemaTypeSystemImpl.resolveHandle(SchemaTypeSystemImpl.java:935)
	at org.apache.xmlbeans.impl.schema.ElementFactory.<init>(ElementFactory.java:29)
	at org.apache.xmlbeans.impl.schema.AbstractDocumentFactory.<init>(AbstractDocumentFactory.java:33)
	at org.apache.xmlbeans.impl.schema.DocumentFactory.<init>(DocumentFactory.java:23)
	at org.openxmlformats.schemas.spreadsheetml.x2006.main.CTCols.<clinit>(CTCols.java:22)
	at org.apache.poi.xssf.usermodel.helpers.ColumnHelper.cleanColumns(ColumnHelper.java:51)
	at org.apache.poi.xssf.usermodel.helpers.ColumnHelper.<init>(ColumnHelper.java:46)
	at org.apache.poi.xssf.usermodel.XSSFSheet.read(XSSFSheet.java:162)
	at org.apache.poi.xssf.usermodel.XSSFSheet.onDocumentRead(XSSFSheet.java:148)
	at org.apache.poi.xssf.usermodel.XSSFWorkbook.parseSheet(XSSFWorkbook.java:468)
	at org.apache.poi.xssf.usermodel.XSSFWorkbook.onDocumentRead(XSSFWorkbook.java:429)
	at org.apache.poi.ooxml.POIXMLDocument.load(POIXMLDocument.java:169)
	at org.apache.poi.xssf.usermodel.XSSFWorkbook.<init>(XSSFWorkbook.java:260)
	at org.apache.poi.xssf.usermodel.XSSFWorkbook.<init>(XSSFWorkbook.java:290)
	at org.apache.poi.xssf.usermodel.XSSFWorkbook.<init>(XSSFWorkbook.java:286)
	at externalResources.ExcelDataRead.<init>(ExcelDataRead.java:22)
	at listeners.AnnotationsTransformer.toBeExecuted(AnnotationsTransformer.java:36)
	at listeners.AnnotationsTransformer.transform(AnnotationsTransformer.java:24)
	at org.testng.internal.annotations.JDK15AnnotationFinder.transform(JDK15AnnotationFinder.java:172)
	at org.testng.internal.annotations.JDK15AnnotationFinder.lambda$findAnnotation$0(JDK15AnnotationFinder.java:279)
	at java.base/java.util.concurrent.ConcurrentHashMap.computeIfAbsent(ConcurrentHashMap.java:1705)
	at org.testng.internal.annotations.JDK15AnnotationFinder.findAnnotation(JDK15AnnotationFinder.java:275)
	at org.testng.internal.annotations.JDK15AnnotationFinder.findAnnotation(JDK15AnnotationFinder.java:113)
	at org.testng.internal.TestNGClassFinder.isTestNGClass(TestNGClassFinder.java:275)
	at org.testng.internal.TestNGClassFinder.isNotTestNGClass(TestNGClassFinder.java:260)
	at org.testng.internal.TestNGClassFinder.processClass(TestNGClassFinder.java:94)
	at org.testng.internal.TestNGClassFinder.<init>(TestNGClassFinder.java:67)
	at org.testng.TestRunner.initMethods(TestRunner.java:442)
	at org.testng.TestRunner.init(TestRunner.java:336)
	at org.testng.TestRunner.init(TestRunner.java:289)
	at org.testng.TestRunner.<init>(TestRunner.java:179)
	at org.testng.SuiteRunner$DefaultTestRunnerFactory.newTestRunner(SuiteRunner.java:643)
	at org.testng.SuiteRunner.init(SuiteRunner.java:225)
	at org.testng.SuiteRunner.<init>(SuiteRunner.java:115)
	at org.testng.TestNG.createSuiteRunner(TestNG.java:1349)
	at org.testng.TestNG.createSuiteRunners(TestNG.java:1325)
	at org.testng.TestNG.runSuitesLocally(TestNG.java:1167)
	at org.testng.TestNG.runSuites(TestNG.java:1099)
	at org.testng.TestNG.run(TestNG.java:1067)
	at org.apache.maven.surefire.testng.TestNGExecutor.run(TestNGExecutor.java:324)
	at org.apache.maven.surefire.testng.TestNGXmlTestSuite.execute(TestNGXmlTestSuite.java:74)
	at org.apache.maven.surefire.testng.TestNGProvider.invoke(TestNGProvider.java:123)
	at org.apache.maven.surefire.booter.ForkedBooter.runSuitesInProcess(ForkedBooter.java:456)
	at org.apache.maven.surefire.booter.ForkedBooter.execute(ForkedBooter.java:169)
	at org.apache.maven.surefire.booter.ForkedBooter.run(ForkedBooter.java:595)
	at org.apache.maven.surefire.booter.ForkedBooter.main(ForkedBooter.java:581)

2023-02-13 11:57:15,991 main ERROR Unable to invoke factory method in class org.apache.logging.log4j.core.appender.RollingFileAppender for element RollingFile: java.lang.IllegalStateException: No factory method found for class org.apache.logging.log4j.core.appender.RollingFileAppender java.lang.IllegalStateException: No factory method found for class org.apache.logging.log4j.core.appender.RollingFileAppender
	at org.apache.logging.log4j.core.config.plugins.util.PluginBuilder.findFactoryMethod(PluginBuilder.java:260)
	at org.apache.logging.log4j.core.config.plugins.util.PluginBuilder.build(PluginBuilder.java:136)
	at org.apache.logging.log4j.core.config.AbstractConfiguration.createPluginObject(AbstractConfiguration.java:1138)
	at org.apache.logging.log4j.core.config.AbstractConfiguration.createConfiguration(AbstractConfiguration.java:1063)
	at org.apache.logging.log4j.core.appender.routing.RoutingAppender.createAppender(RoutingAppender.java:310)
	at org.apache.logging.log4j.core.appender.routing.RoutingAppender.getControl(RoutingAppender.java:282)
	at org.apache.logging.log4j.core.appender.routing.RoutingAppender.append(RoutingAppender.java:240)
	at org.apache.logging.log4j.core.config.AppenderControl.tryCallAppender(AppenderControl.java:161)
	at org.apache.logging.log4j.core.config.AppenderControl.callAppender0(AppenderControl.java:134)
	at org.apache.logging.log4j.core.config.AppenderControl.callAppenderPreventRecursion(AppenderControl.java:125)
	at org.apache.logging.log4j.core.config.AppenderControl.callAppender(AppenderControl.java:89)
	at org.apache.logging.log4j.core.config.LoggerConfig.callAppenders(LoggerConfig.java:683)
	at org.apache.logging.log4j.core.config.LoggerConfig.processLogEvent(LoggerConfig.java:641)
	at org.apache.logging.log4j.core.config.LoggerConfig.log(LoggerConfig.java:624)
	at org.apache.logging.log4j.core.config.LoggerConfig.log(LoggerConfig.java:560)
	at org.apache.logging.log4j.core.config.AwaitCompletionReliabilityStrategy.log(AwaitCompletionReliabilityStrategy.java:82)
	at org.apache.logging.log4j.core.Logger.log(Logger.java:162)
	at org.apache.logging.log4j.spi.AbstractLogger.logMessage(AbstractLogger.java:2106)
	at org.apache.logging.log4j.internal.DefaultLogBuilder.logMessage(DefaultLogBuilder.java:241)
	at org.apache.logging.log4j.internal.DefaultLogBuilder.log(DefaultLogBuilder.java:162)
	at org.apache.xmlbeans.impl.schema.SchemaTypeSystemImpl.resolveHandle(SchemaTypeSystemImpl.java:935)
	at org.apache.xmlbeans.impl.schema.ElementFactory.<init>(ElementFactory.java:29)
	at org.apache.xmlbeans.impl.schema.AbstractDocumentFactory.<init>(AbstractDocumentFactory.java:33)
	at org.apache.xmlbeans.impl.schema.DocumentFactory.<init>(DocumentFactory.java:23)
	at org.openxmlformats.schemas.spreadsheetml.x2006.main.CTCols.<clinit>(CTCols.java:22)
	at org.apache.poi.xssf.usermodel.helpers.ColumnHelper.cleanColumns(ColumnHelper.java:51)
	at org.apache.poi.xssf.usermodel.helpers.ColumnHelper.<init>(ColumnHelper.java:46)
	at org.apache.poi.xssf.usermodel.XSSFSheet.read(XSSFSheet.java:162)
	at org.apache.poi.xssf.usermodel.XSSFSheet.onDocumentRead(XSSFSheet.java:148)
	at org.apache.poi.xssf.usermodel.XSSFWorkbook.parseSheet(XSSFWorkbook.java:468)
	at org.apache.poi.xssf.usermodel.XSSFWorkbook.onDocumentRead(XSSFWorkbook.java:429)
	at org.apache.poi.ooxml.POIXMLDocument.load(POIXMLDocument.java:169)
	at org.apache.poi.xssf.usermodel.XSSFWorkbook.<init>(XSSFWorkbook.java:260)
	at org.apache.poi.xssf.usermodel.XSSFWorkbook.<init>(XSSFWorkbook.java:290)
	at org.apache.poi.xssf.usermodel.XSSFWorkbook.<init>(XSSFWorkbook.java:286)
	at externalResources.ExcelDataRead.<init>(ExcelDataRead.java:22)
	at listeners.AnnotationsTransformer.toBeExecuted(AnnotationsTransformer.java:36)
	at listeners.AnnotationsTransformer.transform(AnnotationsTransformer.java:24)
	at org.testng.internal.annotations.JDK15AnnotationFinder.transform(JDK15AnnotationFinder.java:172)
	at org.testng.internal.annotations.JDK15AnnotationFinder.lambda$findAnnotation$0(JDK15AnnotationFinder.java:279)
	at java.base/java.util.concurrent.ConcurrentHashMap.computeIfAbsent(ConcurrentHashMap.java:1705)
	at org.testng.internal.annotations.JDK15AnnotationFinder.findAnnotation(JDK15AnnotationFinder.java:275)
	at org.testng.internal.annotations.JDK15AnnotationFinder.findAnnotation(JDK15AnnotationFinder.java:113)
	at org.testng.internal.TestNGClassFinder.isTestNGClass(TestNGClassFinder.java:275)
	at org.testng.internal.TestNGClassFinder.isNotTestNGClass(TestNGClassFinder.java:260)
	at org.testng.internal.TestNGClassFinder.processClass(TestNGClassFinder.java:94)
	at org.testng.internal.TestNGClassFinder.<init>(TestNGClassFinder.java:67)
	at org.testng.TestRunner.initMethods(TestRunner.java:442)
	at org.testng.TestRunner.init(TestRunner.java:336)
	at org.testng.TestRunner.init(TestRunner.java:289)
	at org.testng.TestRunner.<init>(TestRunner.java:179)
	at org.testng.SuiteRunner$DefaultTestRunnerFactory.newTestRunner(SuiteRunner.java:643)
	at org.testng.SuiteRunner.init(SuiteRunner.java:225)
	at org.testng.SuiteRunner.<init>(SuiteRunner.java:115)
	at org.testng.TestNG.createSuiteRunner(TestNG.java:1349)
	at org.testng.TestNG.createSuiteRunners(TestNG.java:1325)
	at org.testng.TestNG.runSuitesLocally(TestNG.java:1167)
	at org.testng.TestNG.runSuites(TestNG.java:1099)
	at org.testng.TestNG.run(TestNG.java:1067)
	at org.apache.maven.surefire.testng.TestNGExecutor.run(TestNGExecutor.java:324)
	at org.apache.maven.surefire.testng.TestNGXmlTestSuite.execute(TestNGXmlTestSuite.java:74)
	at org.apache.maven.surefire.testng.TestNGProvider.invoke(TestNGProvider.java:123)
	at org.apache.maven.surefire.booter.ForkedBooter.runSuitesInProcess(ForkedBooter.java:456)
	at org.apache.maven.surefire.booter.ForkedBooter.execute(ForkedBooter.java:169)
	at org.apache.maven.surefire.booter.ForkedBooter.run(ForkedBooter.java:595)
	at org.apache.maven.surefire.booter.ForkedBooter.main(ForkedBooter.java:581)

2023-02-13 11:57:15,999 main ERROR Unable to create file ./results/logs/${ctx:threadName}.log java.io.IOException: The filename, directory name, or volume label syntax is incorrect
	at java.base/java.io.WinNTFileSystem.canonicalize0(Native Method)
	at java.base/java.io.WinNTFileSystem.canonicalize(WinNTFileSystem.java:483)
	at java.base/java.io.File.getCanonicalPath(File.java:626)
	at java.base/java.io.File.getCanonicalFile(File.java:651)
	at org.apache.logging.log4j.core.util.FileUtils.makeParentDirs(FileUtils.java:139)
	at org.apache.logging.log4j.core.appender.rolling.RollingFileManager$RollingFileManagerFactory.createManager(RollingFileManager.java:734)
	at org.apache.logging.log4j.core.appender.rolling.RollingFileManager$RollingFileManagerFactory.createManager(RollingFileManager.java:718)
	at org.apache.logging.log4j.core.appender.AbstractManager.getManager(AbstractManager.java:144)
	at org.apache.logging.log4j.core.appender.OutputStreamManager.getManager(OutputStreamManager.java:100)
	at org.apache.logging.log4j.core.appender.rolling.RollingFileManager.getFileManager(RollingFileManager.java:217)
	at org.apache.logging.log4j.core.appender.RollingFileAppender$Builder.build(RollingFileAppender.java:135)
	at org.apache.logging.log4j.core.appender.RollingFileAppender$Builder.build(RollingFileAppender.java:62)
	at org.apache.logging.log4j.core.config.plugins.util.PluginBuilder.build(PluginBuilder.java:124)
	at org.apache.logging.log4j.core.config.AbstractConfiguration.createPluginObject(AbstractConfiguration.java:1138)
	at org.apache.logging.log4j.core.config.AbstractConfiguration.createConfiguration(AbstractConfiguration.java:1063)
	at org.apache.logging.log4j.core.appender.routing.RoutingAppender.createAppender(RoutingAppender.java:310)
	at org.apache.logging.log4j.core.appender.routing.RoutingAppender.getControl(RoutingAppender.java:282)
	at org.apache.logging.log4j.core.appender.routing.RoutingAppender.append(RoutingAppender.java:240)
	at org.apache.logging.log4j.core.config.AppenderControl.tryCallAppender(AppenderControl.java:161)
	at org.apache.logging.log4j.core.config.AppenderControl.callAppender0(AppenderControl.java:134)
	at org.apache.logging.log4j.core.config.AppenderControl.callAppenderPreventRecursion(AppenderControl.java:125)
	at org.apache.logging.log4j.core.config.AppenderControl.callAppender(AppenderControl.java:89)
	at org.apache.logging.log4j.core.config.LoggerConfig.callAppenders(LoggerConfig.java:683)
	at org.apache.logging.log4j.core.config.LoggerConfig.processLogEvent(LoggerConfig.java:641)
	at org.apache.logging.log4j.core.config.LoggerConfig.log(LoggerConfig.java:624)
	at org.apache.logging.log4j.core.config.LoggerConfig.log(LoggerConfig.java:560)
	at org.apache.logging.log4j.core.config.AwaitCompletionReliabilityStrategy.log(AwaitCompletionReliabilityStrategy.java:82)
	at org.apache.logging.log4j.core.Logger.log(Logger.java:162)
	at org.apache.logging.log4j.spi.AbstractLogger.logMessage(AbstractLogger.java:2106)
	at org.apache.logging.log4j.internal.DefaultLogBuilder.logMessage(DefaultLogBuilder.java:241)
	at org.apache.logging.log4j.internal.DefaultLogBuilder.log(DefaultLogBuilder.java:162)
	at org.apache.xmlbeans.impl.schema.SchemaTypeSystemImpl.resolveHandle(SchemaTypeSystemImpl.java:935)
	at org.apache.xmlbeans.SchemaComponent$Ref.getComponent(SchemaComponent.java:111)
	at org.apache.xmlbeans.SchemaType$Ref.get(SchemaType.java:1072)
	at org.apache.xmlbeans.impl.schema.SchemaPropertyImpl.getType(SchemaPropertyImpl.java:85)
	at org.apache.xmlbeans.impl.schema.SchemaTypeImpl.createElementType(SchemaTypeImpl.java:990)
	at org.apache.xmlbeans.impl.values.XmlObjectBase.create_element_user(XmlObjectBase.java:879)
	at org.apache.xmlbeans.impl.store.Xobj.getUser(Xobj.java:1597)
	at org.apache.xmlbeans.impl.store.Xobj.find_element_user(Xobj.java:1968)
	at org.openxmlformats.schemas.spreadsheetml.x2006.main.impl.CTColsImpl.getColArray(CTColsImpl.java:64)
	at org.apache.xmlbeans.impl.values.JavaListXmlObject.get(JavaListXmlObject.java:53)
	at org.apache.xmlbeans.impl.values.JavaListXmlObject.get(JavaListXmlObject.java:26)
	at java.base/java.util.AbstractList$Itr.next(AbstractList.java:371)
	at org.apache.poi.xssf.usermodel.helpers.ColumnHelper.cleanColumns(ColumnHelper.java:56)
	at org.apache.poi.xssf.usermodel.helpers.ColumnHelper.<init>(ColumnHelper.java:46)
	at org.apache.poi.xssf.usermodel.XSSFSheet.read(XSSFSheet.java:162)
	at org.apache.poi.xssf.usermodel.XSSFSheet.onDocumentRead(XSSFSheet.java:148)
	at org.apache.poi.xssf.usermodel.XSSFWorkbook.parseSheet(XSSFWorkbook.java:468)
	at org.apache.poi.xssf.usermodel.XSSFWorkbook.onDocumentRead(XSSFWorkbook.java:429)
	at org.apache.poi.ooxml.POIXMLDocument.load(POIXMLDocument.java:169)
	at org.apache.poi.xssf.usermodel.XSSFWorkbook.<init>(XSSFWorkbook.java:260)
	at org.apache.poi.xssf.usermodel.XSSFWorkbook.<init>(XSSFWorkbook.java:290)
	at org.apache.poi.xssf.usermodel.XSSFWorkbook.<init>(XSSFWorkbook.java:286)
	at externalResources.ExcelDataRead.<init>(ExcelDataRead.java:22)
	at listeners.AnnotationsTransformer.toBeExecuted(AnnotationsTransformer.java:36)
	at listeners.AnnotationsTransformer.transform(AnnotationsTransformer.java:24)
	at org.testng.internal.annotations.JDK15AnnotationFinder.transform(JDK15AnnotationFinder.java:172)
	at org.testng.internal.annotations.JDK15AnnotationFinder.lambda$findAnnotation$0(JDK15AnnotationFinder.java:279)
	at java.base/java.util.concurrent.ConcurrentHashMap.computeIfAbsent(ConcurrentHashMap.java:1705)
	at org.testng.internal.annotations.JDK15AnnotationFinder.findAnnotation(JDK15AnnotationFinder.java:275)
	at org.testng.internal.annotations.JDK15AnnotationFinder.findAnnotation(JDK15AnnotationFinder.java:113)
	at org.testng.internal.TestNGClassFinder.isTestNGClass(TestNGClassFinder.java:275)
	at org.testng.internal.TestNGClassFinder.isNotTestNGClass(TestNGClassFinder.java:260)
	at org.testng.internal.TestNGClassFinder.processClass(TestNGClassFinder.java:94)
	at org.testng.internal.TestNGClassFinder.<init>(TestNGClassFinder.java:67)
	at org.testng.TestRunner.initMethods(TestRunner.java:442)
	at org.testng.TestRunner.init(TestRunner.java:336)
	at org.testng.TestRunner.init(TestRunner.java:289)
	at org.testng.TestRunner.<init>(TestRunner.java:179)
	at org.testng.SuiteRunner$DefaultTestRunnerFactory.newTestRunner(SuiteRunner.java:643)
	at org.testng.SuiteRunner.init(SuiteRunner.java:225)
	at org.testng.SuiteRunner.<init>(SuiteRunner.java:115)
	at org.testng.TestNG.createSuiteRunner(TestNG.java:1349)
	at org.testng.TestNG.createSuiteRunners(TestNG.java:1325)
	at org.testng.TestNG.runSuitesLocally(TestNG.java:1167)
	at org.testng.TestNG.runSuites(TestNG.java:1099)
	at org.testng.TestNG.run(TestNG.java:1067)
	at org.apache.maven.surefire.testng.TestNGExecutor.run(TestNGExecutor.java:324)
	at org.apache.maven.surefire.testng.TestNGXmlTestSuite.execute(TestNGXmlTestSuite.java:74)
	at org.apache.maven.surefire.testng.TestNGProvider.invoke(TestNGProvider.java:123)
	at org.apache.maven.surefire.booter.ForkedBooter.runSuitesInProcess(ForkedBooter.java:456)
	at org.apache.maven.surefire.booter.ForkedBooter.execute(ForkedBooter.java:169)
	at org.apache.maven.surefire.booter.ForkedBooter.run(ForkedBooter.java:595)
	at org.apache.maven.surefire.booter.ForkedBooter.main(ForkedBooter.java:581)

2023-02-13 11:57:16,000 main ERROR Could not create plugin of type class org.apache.logging.log4j.core.appender.RollingFileAppender for element RollingFile: java.lang.IllegalStateException: ManagerFactory [org.apache.logging.log4j.core.appender.rolling.RollingFileManager$RollingFileManagerFactory@4e6d7365] unable to create manager for [./results/logs/${ctx:threadName}.log] with data [org.apache.logging.log4j.core.appender.rolling.RollingFileManager$FactoryData@479f2dc2[pattern=./results/logs/${ctx:threadName}-%d{yyyy-MM-dd}.log, append=true, bufferedIO=true, bufferSize=8192, policy=SizeBasedTriggeringPolicy(size=512000), strategy=DefaultRolloverStrategy(min=1, max=7, useMax=true), advertiseURI=null, layout=%d{HH:mm:ss.SSS} [%t] %-5level %logger{36} - %msg%n, filePermissions=null, fileOwner=null]] java.lang.IllegalStateException: ManagerFactory [org.apache.logging.log4j.core.appender.rolling.RollingFileManager$RollingFileManagerFactory@4e6d7365] unable to create manager for [./results/logs/${ctx:threadName}.log] with data [org.apache.logging.log4j.core.appender.rolling.RollingFileManager$FactoryData@479f2dc2[pattern=./results/logs/${ctx:threadName}-%d{yyyy-MM-dd}.log, append=true, bufferedIO=true, bufferSize=8192, policy=SizeBasedTriggeringPolicy(size=512000), strategy=DefaultRolloverStrategy(min=1, max=7, useMax=true), advertiseURI=null, layout=%d{HH:mm:ss.SSS} [%t] %-5level %logger{36} - %msg%n, filePermissions=null, fileOwner=null]]
	at org.apache.logging.log4j.core.appender.AbstractManager.getManager(AbstractManager.java:146)
	at org.apache.logging.log4j.core.appender.OutputStreamManager.getManager(OutputStreamManager.java:100)
	at org.apache.logging.log4j.core.appender.rolling.RollingFileManager.getFileManager(RollingFileManager.java:217)
	at org.apache.logging.log4j.core.appender.RollingFileAppender$Builder.build(RollingFileAppender.java:135)
	at org.apache.logging.log4j.core.appender.RollingFileAppender$Builder.build(RollingFileAppender.java:62)
	at org.apache.logging.log4j.core.config.plugins.util.PluginBuilder.build(PluginBuilder.java:124)
	at org.apache.logging.log4j.core.config.AbstractConfiguration.createPluginObject(AbstractConfiguration.java:1138)
	at org.apache.logging.log4j.core.config.AbstractConfiguration.createConfiguration(AbstractConfiguration.java:1063)
	at org.apache.logging.log4j.core.appender.routing.RoutingAppender.createAppender(RoutingAppender.java:310)
	at org.apache.logging.log4j.core.appender.routing.RoutingAppender.getControl(RoutingAppender.java:282)
	at org.apache.logging.log4j.core.appender.routing.RoutingAppender.append(RoutingAppender.java:240)
	at org.apache.logging.log4j.core.config.AppenderControl.tryCallAppender(AppenderControl.java:161)
	at org.apache.logging.log4j.core.config.AppenderControl.callAppender0(AppenderControl.java:134)
	at org.apache.logging.log4j.core.config.AppenderControl.callAppenderPreventRecursion(AppenderControl.java:125)
	at org.apache.logging.log4j.core.config.AppenderControl.callAppender(AppenderControl.java:89)
	at org.apache.logging.log4j.core.config.LoggerConfig.callAppenders(LoggerConfig.java:683)
	at org.apache.logging.log4j.core.config.LoggerConfig.processLogEvent(LoggerConfig.java:641)
	at org.apache.logging.log4j.core.config.LoggerConfig.log(LoggerConfig.java:624)
	at org.apache.logging.log4j.core.config.LoggerConfig.log(LoggerConfig.java:560)
	at org.apache.logging.log4j.core.config.AwaitCompletionReliabilityStrategy.log(AwaitCompletionReliabilityStrategy.java:82)
	at org.apache.logging.log4j.core.Logger.log(Logger.java:162)
	at org.apache.logging.log4j.spi.AbstractLogger.logMessage(AbstractLogger.java:2106)
	at org.apache.logging.log4j.internal.DefaultLogBuilder.logMessage(DefaultLogBuilder.java:241)
	at org.apache.logging.log4j.internal.DefaultLogBuilder.log(DefaultLogBuilder.java:162)
	at org.apache.xmlbeans.impl.schema.SchemaTypeSystemImpl.resolveHandle(SchemaTypeSystemImpl.java:935)
	at org.apache.xmlbeans.SchemaComponent$Ref.getComponent(SchemaComponent.java:111)
	at org.apache.xmlbeans.SchemaType$Ref.get(SchemaType.java:1072)
	at org.apache.xmlbeans.impl.schema.SchemaPropertyImpl.getType(SchemaPropertyImpl.java:85)
	at org.apache.xmlbeans.impl.schema.SchemaTypeImpl.createElementType(SchemaTypeImpl.java:990)
	at org.apache.xmlbeans.impl.values.XmlObjectBase.create_element_user(XmlObjectBase.java:879)
	at org.apache.xmlbeans.impl.store.Xobj.getUser(Xobj.java:1597)
	at org.apache.xmlbeans.impl.store.Xobj.find_element_user(Xobj.java:1968)
	at org.openxmlformats.schemas.spreadsheetml.x2006.main.impl.CTColsImpl.getColArray(CTColsImpl.java:64)
	at org.apache.xmlbeans.impl.values.JavaListXmlObject.get(JavaListXmlObject.java:53)
	at org.apache.xmlbeans.impl.values.JavaListXmlObject.get(JavaListXmlObject.java:26)
	at java.base/java.util.AbstractList$Itr.next(AbstractList.java:371)
	at org.apache.poi.xssf.usermodel.helpers.ColumnHelper.cleanColumns(ColumnHelper.java:56)
	at org.apache.poi.xssf.usermodel.helpers.ColumnHelper.<init>(ColumnHelper.java:46)
	at org.apache.poi.xssf.usermodel.XSSFSheet.read(XSSFSheet.java:162)
	at org.apache.poi.xssf.usermodel.XSSFSheet.onDocumentRead(XSSFSheet.java:148)
	at org.apache.poi.xssf.usermodel.XSSFWorkbook.parseSheet(XSSFWorkbook.java:468)
	at org.apache.poi.xssf.usermodel.XSSFWorkbook.onDocumentRead(XSSFWorkbook.java:429)
	at org.apache.poi.ooxml.POIXMLDocument.load(POIXMLDocument.java:169)
	at org.apache.poi.xssf.usermodel.XSSFWorkbook.<init>(XSSFWorkbook.java:260)
	at org.apache.poi.xssf.usermodel.XSSFWorkbook.<init>(XSSFWorkbook.java:290)
	at org.apache.poi.xssf.usermodel.XSSFWorkbook.<init>(XSSFWorkbook.java:286)
	at externalResources.ExcelDataRead.<init>(ExcelDataRead.java:22)
	at listeners.AnnotationsTransformer.toBeExecuted(AnnotationsTransformer.java:36)
	at listeners.AnnotationsTransformer.transform(AnnotationsTransformer.java:24)
	at org.testng.internal.annotations.JDK15AnnotationFinder.transform(JDK15AnnotationFinder.java:172)
	at org.testng.internal.annotations.JDK15AnnotationFinder.lambda$findAnnotation$0(JDK15AnnotationFinder.java:279)
	at java.base/java.util.concurrent.ConcurrentHashMap.computeIfAbsent(ConcurrentHashMap.java:1705)
	at org.testng.internal.annotations.JDK15AnnotationFinder.findAnnotation(JDK15AnnotationFinder.java:275)
	at org.testng.internal.annotations.JDK15AnnotationFinder.findAnnotation(JDK15AnnotationFinder.java:113)
	at org.testng.internal.TestNGClassFinder.isTestNGClass(TestNGClassFinder.java:275)
	at org.testng.internal.TestNGClassFinder.isNotTestNGClass(TestNGClassFinder.java:260)
	at org.testng.internal.TestNGClassFinder.processClass(TestNGClassFinder.java:94)
	at org.testng.internal.TestNGClassFinder.<init>(TestNGClassFinder.java:67)
	at org.testng.TestRunner.initMethods(TestRunner.java:442)
	at org.testng.TestRunner.init(TestRunner.java:336)
	at org.testng.TestRunner.init(TestRunner.java:289)
	at org.testng.TestRunner.<init>(TestRunner.java:179)
	at org.testng.SuiteRunner$DefaultTestRunnerFactory.newTestRunner(SuiteRunner.java:643)
	at org.testng.SuiteRunner.init(SuiteRunner.java:225)
	at org.testng.SuiteRunner.<init>(SuiteRunner.java:115)
	at org.testng.TestNG.createSuiteRunner(TestNG.java:1349)
	at org.testng.TestNG.createSuiteRunners(TestNG.java:1325)
	at org.testng.TestNG.runSuitesLocally(TestNG.java:1167)
	at org.testng.TestNG.runSuites(TestNG.java:1099)
	at org.testng.TestNG.run(TestNG.java:1067)
	at org.apache.maven.surefire.testng.TestNGExecutor.run(TestNGExecutor.java:324)
	at org.apache.maven.surefire.testng.TestNGXmlTestSuite.execute(TestNGXmlTestSuite.java:74)
	at org.apache.maven.surefire.testng.TestNGProvider.invoke(TestNGProvider.java:123)
	at org.apache.maven.surefire.booter.ForkedBooter.runSuitesInProcess(ForkedBooter.java:456)
	at org.apache.maven.surefire.booter.ForkedBooter.execute(ForkedBooter.java:169)
	at org.apache.maven.surefire.booter.ForkedBooter.run(ForkedBooter.java:595)
	at org.apache.maven.surefire.booter.ForkedBooter.main(ForkedBooter.java:581)

2023-02-13 11:57:16,000 main ERROR Unable to invoke factory method in class org.apache.logging.log4j.core.appender.RollingFileAppender for element RollingFile: java.lang.IllegalStateException: No factory method found for class org.apache.logging.log4j.core.appender.RollingFileAppender java.lang.IllegalStateException: No factory method found for class org.apache.logging.log4j.core.appender.RollingFileAppender
	at org.apache.logging.log4j.core.config.plugins.util.PluginBuilder.findFactoryMethod(PluginBuilder.java:260)
	at org.apache.logging.log4j.core.config.plugins.util.PluginBuilder.build(PluginBuilder.java:136)
	at org.apache.logging.log4j.core.config.AbstractConfiguration.createPluginObject(AbstractConfiguration.java:1138)
	at org.apache.logging.log4j.core.config.AbstractConfiguration.createConfiguration(AbstractConfiguration.java:1063)
	at org.apache.logging.log4j.core.appender.routing.RoutingAppender.createAppender(RoutingAppender.java:310)
	at org.apache.logging.log4j.core.appender.routing.RoutingAppender.getControl(RoutingAppender.java:282)
	at org.apache.logging.log4j.core.appender.routing.RoutingAppender.append(RoutingAppender.java:240)
	at org.apache.logging.log4j.core.config.AppenderControl.tryCallAppender(AppenderControl.java:161)
	at org.apache.logging.log4j.core.config.AppenderControl.callAppender0(AppenderControl.java:134)
	at org.apache.logging.log4j.core.config.AppenderControl.callAppenderPreventRecursion(AppenderControl.java:125)
	at org.apache.logging.log4j.core.config.AppenderControl.callAppender(AppenderControl.java:89)
	at org.apache.logging.log4j.core.config.LoggerConfig.callAppenders(LoggerConfig.java:683)
	at org.apache.logging.log4j.core.config.LoggerConfig.processLogEvent(LoggerConfig.java:641)
	at org.apache.logging.log4j.core.config.LoggerConfig.log(LoggerConfig.java:624)
	at org.apache.logging.log4j.core.config.LoggerConfig.log(LoggerConfig.java:560)
	at org.apache.logging.log4j.core.config.AwaitCompletionReliabilityStrategy.log(AwaitCompletionReliabilityStrategy.java:82)
	at org.apache.logging.log4j.core.Logger.log(Logger.java:162)
	at org.apache.logging.log4j.spi.AbstractLogger.logMessage(AbstractLogger.java:2106)
	at org.apache.logging.log4j.internal.DefaultLogBuilder.logMessage(DefaultLogBuilder.java:241)
	at org.apache.logging.log4j.internal.DefaultLogBuilder.log(DefaultLogBuilder.java:162)
	at org.apache.xmlbeans.impl.schema.SchemaTypeSystemImpl.resolveHandle(SchemaTypeSystemImpl.java:935)
	at org.apache.xmlbeans.SchemaComponent$Ref.getComponent(SchemaComponent.java:111)
	at org.apache.xmlbeans.SchemaType$Ref.get(SchemaType.java:1072)
	at org.apache.xmlbeans.impl.schema.SchemaPropertyImpl.getType(SchemaPropertyImpl.java:85)
	at org.apache.xmlbeans.impl.schema.SchemaTypeImpl.createElementType(SchemaTypeImpl.java:990)
	at org.apache.xmlbeans.impl.values.XmlObjectBase.create_element_user(XmlObjectBase.java:879)
	at org.apache.xmlbeans.impl.store.Xobj.getUser(Xobj.java:1597)
	at org.apache.xmlbeans.impl.store.Xobj.find_element_user(Xobj.java:1968)
	at org.openxmlformats.schemas.spreadsheetml.x2006.main.impl.CTColsImpl.getColArray(CTColsImpl.java:64)
	at org.apache.xmlbeans.impl.values.JavaListXmlObject.get(JavaListXmlObject.java:53)
	at org.apache.xmlbeans.impl.values.JavaListXmlObject.get(JavaListXmlObject.java:26)
	at java.base/java.util.AbstractList$Itr.next(AbstractList.java:371)
	at org.apache.poi.xssf.usermodel.helpers.ColumnHelper.cleanColumns(ColumnHelper.java:56)
	at org.apache.poi.xssf.usermodel.helpers.ColumnHelper.<init>(ColumnHelper.java:46)
	at org.apache.poi.xssf.usermodel.XSSFSheet.read(XSSFSheet.java:162)
	at org.apache.poi.xssf.usermodel.XSSFSheet.onDocumentRead(XSSFSheet.java:148)
	at org.apache.poi.xssf.usermodel.XSSFWorkbook.parseSheet(XSSFWorkbook.java:468)
	at org.apache.poi.xssf.usermodel.XSSFWorkbook.onDocumentRead(XSSFWorkbook.java:429)
	at org.apache.poi.ooxml.POIXMLDocument.load(POIXMLDocument.java:169)
	at org.apache.poi.xssf.usermodel.XSSFWorkbook.<init>(XSSFWorkbook.java:260)
	at org.apache.poi.xssf.usermodel.XSSFWorkbook.<init>(XSSFWorkbook.java:290)
	at org.apache.poi.xssf.usermodel.XSSFWorkbook.<init>(XSSFWorkbook.java:286)
	at externalResources.ExcelDataRead.<init>(ExcelDataRead.java:22)
	at listeners.AnnotationsTransformer.toBeExecuted(AnnotationsTransformer.java:36)
	at listeners.AnnotationsTransformer.transform(AnnotationsTransformer.java:24)
	at org.testng.internal.annotations.JDK15AnnotationFinder.transform(JDK15AnnotationFinder.java:172)
	at org.testng.internal.annotations.JDK15AnnotationFinder.lambda$findAnnotation$0(JDK15AnnotationFinder.java:279)
	at java.base/java.util.concurrent.ConcurrentHashMap.computeIfAbsent(ConcurrentHashMap.java:1705)
	at org.testng.internal.annotations.JDK15AnnotationFinder.findAnnotation(JDK15AnnotationFinder.java:275)
	at org.testng.internal.annotations.JDK15AnnotationFinder.findAnnotation(JDK15AnnotationFinder.java:113)
	at org.testng.internal.TestNGClassFinder.isTestNGClass(TestNGClassFinder.java:275)
	at org.testng.internal.TestNGClassFinder.isNotTestNGClass(TestNGClassFinder.java:260)
	at org.testng.internal.TestNGClassFinder.processClass(TestNGClassFinder.java:94)
	at org.testng.internal.TestNGClassFinder.<init>(TestNGClassFinder.java:67)
	at org.testng.TestRunner.initMethods(TestRunner.java:442)
	at org.testng.TestRunner.init(TestRunner.java:336)
	at org.testng.TestRunner.init(TestRunner.java:289)
	at org.testng.TestRunner.<init>(TestRunner.java:179)
	at org.testng.SuiteRunner$DefaultTestRunnerFactory.newTestRunner(SuiteRunner.java:643)
	at org.testng.SuiteRunner.init(SuiteRunner.java:225)
	at org.testng.SuiteRunner.<init>(SuiteRunner.java:115)
	at org.testng.TestNG.createSuiteRunner(TestNG.java:1349)
	at org.testng.TestNG.createSuiteRunners(TestNG.java:1325)
	at org.testng.TestNG.runSuitesLocally(TestNG.java:1167)
	at org.testng.TestNG.runSuites(TestNG.java:1099)
	at org.testng.TestNG.run(TestNG.java:1067)
	at org.apache.maven.surefire.testng.TestNGExecutor.run(TestNGExecutor.java:324)
	at org.apache.maven.surefire.testng.TestNGXmlTestSuite.execute(TestNGXmlTestSuite.java:74)
	at org.apache.maven.surefire.testng.TestNGProvider.invoke(TestNGProvider.java:123)
	at org.apache.maven.surefire.booter.ForkedBooter.runSuitesInProcess(ForkedBooter.java:456)
	at org.apache.maven.surefire.booter.ForkedBooter.execute(ForkedBooter.java:169)
	at org.apache.maven.surefire.booter.ForkedBooter.run(ForkedBooter.java:595)
	at org.apache.maven.surefire.booter.ForkedBooter.main(ForkedBooter.java:581)

2023-02-13 11:57:16,024 main ERROR Unable to create file ./results/logs/${ctx:threadName}.log java.io.IOException: The filename, directory name, or volume label syntax is incorrect
	at java.base/java.io.WinNTFileSystem.canonicalize0(Native Method)
	at java.base/java.io.WinNTFileSystem.canonicalize(WinNTFileSystem.java:483)
	at java.base/java.io.File.getCanonicalPath(File.java:626)
	at java.base/java.io.File.getCanonicalFile(File.java:651)
	at org.apache.logging.log4j.core.util.FileUtils.makeParentDirs(FileUtils.java:139)
	at org.apache.logging.log4j.core.appender.rolling.RollingFileManager$RollingFileManagerFactory.createManager(RollingFileManager.java:734)
	at org.apache.logging.log4j.core.appender.rolling.RollingFileManager$RollingFileManagerFactory.createManager(RollingFileManager.java:718)
	at org.apache.logging.log4j.core.appender.AbstractManager.getManager(AbstractManager.java:144)
	at org.apache.logging.log4j.core.appender.OutputStreamManager.getManager(OutputStreamManager.java:100)
	at org.apache.logging.log4j.core.appender.rolling.RollingFileManager.getFileManager(RollingFileManager.java:217)
	at org.apache.logging.log4j.core.appender.RollingFileAppender$Builder.build(RollingFileAppender.java:135)
	at org.apache.logging.log4j.core.appender.RollingFileAppender$Builder.build(RollingFileAppender.java:62)
	at org.apache.logging.log4j.core.config.plugins.util.PluginBuilder.build(PluginBuilder.java:124)
	at org.apache.logging.log4j.core.config.AbstractConfiguration.createPluginObject(AbstractConfiguration.java:1138)
	at org.apache.logging.log4j.core.config.AbstractConfiguration.createConfiguration(AbstractConfiguration.java:1063)
	at org.apache.logging.log4j.core.appender.routing.RoutingAppender.createAppender(RoutingAppender.java:310)
	at org.apache.logging.log4j.core.appender.routing.RoutingAppender.getControl(RoutingAppender.java:282)
	at org.apache.logging.log4j.core.appender.routing.RoutingAppender.append(RoutingAppender.java:240)
	at org.apache.logging.log4j.core.config.AppenderControl.tryCallAppender(AppenderControl.java:161)
	at org.apache.logging.log4j.core.config.AppenderControl.callAppender0(AppenderControl.java:134)
	at org.apache.logging.log4j.core.config.AppenderControl.callAppenderPreventRecursion(AppenderControl.java:125)
	at org.apache.logging.log4j.core.config.AppenderControl.callAppender(AppenderControl.java:89)
	at org.apache.logging.log4j.core.config.LoggerConfig.callAppenders(LoggerConfig.java:683)
	at org.apache.logging.log4j.core.config.LoggerConfig.processLogEvent(LoggerConfig.java:641)
	at org.apache.logging.log4j.core.config.LoggerConfig.log(LoggerConfig.java:624)
	at org.apache.logging.log4j.core.config.LoggerConfig.log(LoggerConfig.java:560)
	at org.apache.logging.log4j.core.config.AwaitCompletionReliabilityStrategy.log(AwaitCompletionReliabilityStrategy.java:82)
	at org.apache.logging.log4j.core.Logger.log(Logger.java:162)
	at org.apache.logging.log4j.spi.AbstractLogger.logMessage(AbstractLogger.java:2106)
	at org.apache.logging.log4j.internal.DefaultLogBuilder.logMessage(DefaultLogBuilder.java:241)
	at org.apache.logging.log4j.internal.DefaultLogBuilder.log(DefaultLogBuilder.java:162)
	at org.apache.xmlbeans.impl.schema.SchemaTypeSystemImpl.resolveHandle(SchemaTypeSystemImpl.java:935)
	at org.apache.xmlbeans.SchemaComponent$Ref.getComponent(SchemaComponent.java:111)
	at org.apache.xmlbeans.SchemaType$Ref.get(SchemaType.java:1072)
	at org.apache.xmlbeans.impl.schema.SchemaPropertyImpl.getType(SchemaPropertyImpl.java:85)
	at org.apache.xmlbeans.impl.schema.SchemaTypeImpl.createAttributeType(SchemaTypeImpl.java:1055)
	at org.apache.xmlbeans.impl.values.XmlObjectBase.create_attribute_user(XmlObjectBase.java:898)
	at org.apache.xmlbeans.impl.store.Xobj.getUser(Xobj.java:1598)
	at org.apache.xmlbeans.impl.store.Xobj.find_attribute_user(Xobj.java:2156)
	at org.openxmlformats.schemas.spreadsheetml.x2006.main.impl.CTSheetImpl.getName(CTSheetImpl.java:42)
	at org.apache.poi.xssf.usermodel.XSSFSheet.getSheetName(XSSFSheet.java:289)
	at org.apache.poi.xssf.usermodel.XSSFWorkbook.getSheet(XSSFWorkbook.java:1169)
	at externalResources.ExcelDataRead.getRowNumber(ExcelDataRead.java:46)
	at externalResources.ExcelDataRead.getData(ExcelDataRead.java:81)
	at listeners.AnnotationsTransformer.toBeExecuted(AnnotationsTransformer.java:37)
	at listeners.AnnotationsTransformer.transform(AnnotationsTransformer.java:24)
	at org.testng.internal.annotations.JDK15AnnotationFinder.transform(JDK15AnnotationFinder.java:172)
	at org.testng.internal.annotations.JDK15AnnotationFinder.lambda$findAnnotation$0(JDK15AnnotationFinder.java:279)
	at java.base/java.util.concurrent.ConcurrentHashMap.computeIfAbsent(ConcurrentHashMap.java:1705)
	at org.testng.internal.annotations.JDK15AnnotationFinder.findAnnotation(JDK15AnnotationFinder.java:275)
	at org.testng.internal.annotations.JDK15AnnotationFinder.findAnnotation(JDK15AnnotationFinder.java:113)
	at org.testng.internal.TestNGClassFinder.isTestNGClass(TestNGClassFinder.java:275)
	at org.testng.internal.TestNGClassFinder.isNotTestNGClass(TestNGClassFinder.java:260)
	at org.testng.internal.TestNGClassFinder.processClass(TestNGClassFinder.java:94)
	at org.testng.internal.TestNGClassFinder.<init>(TestNGClassFinder.java:67)
	at org.testng.TestRunner.initMethods(TestRunner.java:442)
	at org.testng.TestRunner.init(TestRunner.java:336)
	at org.testng.TestRunner.init(TestRunner.java:289)
	at org.testng.TestRunner.<init>(TestRunner.java:179)
	at org.testng.SuiteRunner$DefaultTestRunnerFactory.newTestRunner(SuiteRunner.java:643)
	at org.testng.SuiteRunner.init(SuiteRunner.java:225)
	at org.testng.SuiteRunner.<init>(SuiteRunner.java:115)
	at org.testng.TestNG.createSuiteRunner(TestNG.java:1349)
	at org.testng.TestNG.createSuiteRunners(TestNG.java:1325)
	at org.testng.TestNG.runSuitesLocally(TestNG.java:1167)
	at org.testng.TestNG.runSuites(TestNG.java:1099)
	at org.testng.TestNG.run(TestNG.java:1067)
	at org.apache.maven.surefire.testng.TestNGExecutor.run(TestNGExecutor.java:324)
	at org.apache.maven.surefire.testng.TestNGXmlTestSuite.execute(TestNGXmlTestSuite.java:74)
	at org.apache.maven.surefire.testng.TestNGProvider.invoke(TestNGProvider.java:123)
	at org.apache.maven.surefire.booter.ForkedBooter.runSuitesInProcess(ForkedBooter.java:456)
	at org.apache.maven.surefire.booter.ForkedBooter.execute(ForkedBooter.java:169)
	at org.apache.maven.surefire.booter.ForkedBooter.run(ForkedBooter.java:595)
	at org.apache.maven.surefire.booter.ForkedBooter.main(ForkedBooter.java:581)

2023-02-13 11:57:16,024 main ERROR Could not create plugin of type class org.apache.logging.log4j.core.appender.RollingFileAppender for element RollingFile: java.lang.IllegalStateException: ManagerFactory [org.apache.logging.log4j.core.appender.rolling.RollingFileManager$RollingFileManagerFactory@4e6d7365] unable to create manager for [./results/logs/${ctx:threadName}.log] with data [org.apache.logging.log4j.core.appender.rolling.RollingFileManager$FactoryData@2a32fb6[pattern=./results/logs/${ctx:threadName}-%d{yyyy-MM-dd}.log, append=true, bufferedIO=true, bufferSize=8192, policy=SizeBasedTriggeringPolicy(size=512000), strategy=DefaultRolloverStrategy(min=1, max=7, useMax=true), advertiseURI=null, layout=%d{HH:mm:ss.SSS} [%t] %-5level %logger{36} - %msg%n, filePermissions=null, fileOwner=null]] java.lang.IllegalStateException: ManagerFactory [org.apache.logging.log4j.core.appender.rolling.RollingFileManager$RollingFileManagerFactory@4e6d7365] unable to create manager for [./results/logs/${ctx:threadName}.log] with data [org.apache.logging.log4j.core.appender.rolling.RollingFileManager$FactoryData@2a32fb6[pattern=./results/logs/${ctx:threadName}-%d{yyyy-MM-dd}.log, append=true, bufferedIO=true, bufferSize=8192, policy=SizeBasedTriggeringPolicy(size=512000), strategy=DefaultRolloverStrategy(min=1, max=7, useMax=true), advertiseURI=null, layout=%d{HH:mm:ss.SSS} [%t] %-5level %logger{36} - %msg%n, filePermissions=null, fileOwner=null]]
	at org.apache.logging.log4j.core.appender.AbstractManager.getManager(AbstractManager.java:146)
	at org.apache.logging.log4j.core.appender.OutputStreamManager.getManager(OutputStreamManager.java:100)
	at org.apache.logging.log4j.core.appender.rolling.RollingFileManager.getFileManager(RollingFileManager.java:217)
	at org.apache.logging.log4j.core.appender.RollingFileAppender$Builder.build(RollingFileAppender.java:135)
	at org.apache.logging.log4j.core.appender.RollingFileAppender$Builder.build(RollingFileAppender.java:62)
	at org.apache.logging.log4j.core.config.plugins.util.PluginBuilder.build(PluginBuilder.java:124)
	at org.apache.logging.log4j.core.config.AbstractConfiguration.createPluginObject(AbstractConfiguration.java:1138)
	at org.apache.logging.log4j.core.config.AbstractConfiguration.createConfiguration(AbstractConfiguration.java:1063)
	at org.apache.logging.log4j.core.appender.routing.RoutingAppender.createAppender(RoutingAppender.java:310)
	at org.apache.logging.log4j.core.appender.routing.RoutingAppender.getControl(RoutingAppender.java:282)
	at org.apache.logging.log4j.core.appender.routing.RoutingAppender.append(RoutingAppender.java:240)
	at org.apache.logging.log4j.core.config.AppenderControl.tryCallAppender(AppenderControl.java:161)
	at org.apache.logging.log4j.core.config.AppenderControl.callAppender0(AppenderControl.java:134)
	at org.apache.logging.log4j.core.config.AppenderControl.callAppenderPreventRecursion(AppenderControl.java:125)
	at org.apache.logging.log4j.core.config.AppenderControl.callAppender(AppenderControl.java:89)
	at org.apache.logging.log4j.core.config.LoggerConfig.callAppenders(LoggerConfig.java:683)
	at org.apache.logging.log4j.core.config.LoggerConfig.processLogEvent(LoggerConfig.java:641)
	at org.apache.logging.log4j.core.config.LoggerConfig.log(LoggerConfig.java:624)
	at org.apache.logging.log4j.core.config.LoggerConfig.log(LoggerConfig.java:560)
	at org.apache.logging.log4j.core.config.AwaitCompletionReliabilityStrategy.log(AwaitCompletionReliabilityStrategy.java:82)
	at org.apache.logging.log4j.core.Logger.log(Logger.java:162)
	at org.apache.logging.log4j.spi.AbstractLogger.logMessage(AbstractLogger.java:2106)
	at org.apache.logging.log4j.internal.DefaultLogBuilder.logMessage(DefaultLogBuilder.java:241)
	at org.apache.logging.log4j.internal.DefaultLogBuilder.log(DefaultLogBuilder.java:162)
	at org.apache.xmlbeans.impl.schema.SchemaTypeSystemImpl.resolveHandle(SchemaTypeSystemImpl.java:935)
	at org.apache.xmlbeans.SchemaComponent$Ref.getComponent(SchemaComponent.java:111)
	at org.apache.xmlbeans.SchemaType$Ref.get(SchemaType.java:1072)
	at org.apache.xmlbeans.impl.schema.SchemaPropertyImpl.getType(SchemaPropertyImpl.java:85)
	at org.apache.xmlbeans.impl.schema.SchemaTypeImpl.createAttributeType(SchemaTypeImpl.java:1055)
	at org.apache.xmlbeans.impl.values.XmlObjectBase.create_attribute_user(XmlObjectBase.java:898)
	at org.apache.xmlbeans.impl.store.Xobj.getUser(Xobj.java:1598)
	at org.apache.xmlbeans.impl.store.Xobj.find_attribute_user(Xobj.java:2156)
	at org.openxmlformats.schemas.spreadsheetml.x2006.main.impl.CTSheetImpl.getName(CTSheetImpl.java:42)
	at org.apache.poi.xssf.usermodel.XSSFSheet.getSheetName(XSSFSheet.java:289)
	at org.apache.poi.xssf.usermodel.XSSFWorkbook.getSheet(XSSFWorkbook.java:1169)
	at externalResources.ExcelDataRead.getRowNumber(ExcelDataRead.java:46)
	at externalResources.ExcelDataRead.getData(ExcelDataRead.java:81)
	at listeners.AnnotationsTransformer.toBeExecuted(AnnotationsTransformer.java:37)
	at listeners.AnnotationsTransformer.transform(AnnotationsTransformer.java:24)
	at org.testng.internal.annotations.JDK15AnnotationFinder.transform(JDK15AnnotationFinder.java:172)
	at org.testng.internal.annotations.JDK15AnnotationFinder.lambda$findAnnotation$0(JDK15AnnotationFinder.java:279)
	at java.base/java.util.concurrent.ConcurrentHashMap.computeIfAbsent(ConcurrentHashMap.java:1705)
	at org.testng.internal.annotations.JDK15AnnotationFinder.findAnnotation(JDK15AnnotationFinder.java:275)
	at org.testng.internal.annotations.JDK15AnnotationFinder.findAnnotation(JDK15AnnotationFinder.java:113)
	at org.testng.internal.TestNGClassFinder.isTestNGClass(TestNGClassFinder.java:275)
	at org.testng.internal.TestNGClassFinder.isNotTestNGClass(TestNGClassFinder.java:260)
	at org.testng.internal.TestNGClassFinder.processClass(TestNGClassFinder.java:94)
	at org.testng.internal.TestNGClassFinder.<init>(TestNGClassFinder.java:67)
	at org.testng.TestRunner.initMethods(TestRunner.java:442)
	at org.testng.TestRunner.init(TestRunner.java:336)
	at org.testng.TestRunner.init(TestRunner.java:289)
	at org.testng.TestRunner.<init>(TestRunner.java:179)
	at org.testng.SuiteRunner$DefaultTestRunnerFactory.newTestRunner(SuiteRunner.java:643)
	at org.testng.SuiteRunner.init(SuiteRunner.java:225)
	at org.testng.SuiteRunner.<init>(SuiteRunner.java:115)
	at org.testng.TestNG.createSuiteRunner(TestNG.java:1349)
	at org.testng.TestNG.createSuiteRunners(TestNG.java:1325)
	at org.testng.TestNG.runSuitesLocally(TestNG.java:1167)
	at org.testng.TestNG.runSuites(TestNG.java:1099)
	at org.testng.TestNG.run(TestNG.java:1067)
	at org.apache.maven.surefire.testng.TestNGExecutor.run(TestNGExecutor.java:324)
	at org.apache.maven.surefire.testng.TestNGXmlTestSuite.execute(TestNGXmlTestSuite.java:74)
	at org.apache.maven.surefire.testng.TestNGProvider.invoke(TestNGProvider.java:123)
	at org.apache.maven.surefire.booter.ForkedBooter.runSuitesInProcess(ForkedBooter.java:456)
	at org.apache.maven.surefire.booter.ForkedBooter.execute(ForkedBooter.java:169)
	at org.apache.maven.surefire.booter.ForkedBooter.run(ForkedBooter.java:595)
	at org.apache.maven.surefire.booter.ForkedBooter.main(ForkedBooter.java:581)

2023-02-13 11:57:16,024 main ERROR Unable to invoke factory method in class org.apache.logging.log4j.core.appender.RollingFileAppender for element RollingFile: java.lang.IllegalStateException: No factory method found for class org.apache.logging.log4j.core.appender.RollingFileAppender java.lang.IllegalStateException: No factory method found for class org.apache.logging.log4j.core.appender.RollingFileAppender
	at org.apache.logging.log4j.core.config.plugins.util.PluginBuilder.findFactoryMethod(PluginBuilder.java:260)
	at org.apache.logging.log4j.core.config.plugins.util.PluginBuilder.build(PluginBuilder.java:136)
	at org.apache.logging.log4j.core.config.AbstractConfiguration.createPluginObject(AbstractConfiguration.java:1138)
	at org.apache.logging.log4j.core.config.AbstractConfiguration.createConfiguration(AbstractConfiguration.java:1063)
	at org.apache.logging.log4j.core.appender.routing.RoutingAppender.createAppender(RoutingAppender.java:310)
	at org.apache.logging.log4j.core.appender.routing.RoutingAppender.getControl(RoutingAppender.java:282)
	at org.apache.logging.log4j.core.appender.routing.RoutingAppender.append(RoutingAppender.java:240)
	at org.apache.logging.log4j.core.config.AppenderControl.tryCallAppender(AppenderControl.java:161)
	at org.apache.logging.log4j.core.config.AppenderControl.callAppender0(AppenderControl.java:134)
	at org.apache.logging.log4j.core.config.AppenderControl.callAppenderPreventRecursion(AppenderControl.java:125)
	at org.apache.logging.log4j.core.config.AppenderControl.callAppender(AppenderControl.java:89)
	at org.apache.logging.log4j.core.config.LoggerConfig.callAppenders(LoggerConfig.java:683)
	at org.apache.logging.log4j.core.config.LoggerConfig.processLogEvent(LoggerConfig.java:641)
	at org.apache.logging.log4j.core.config.LoggerConfig.log(LoggerConfig.java:624)
	at org.apache.logging.log4j.core.config.LoggerConfig.log(LoggerConfig.java:560)
	at org.apache.logging.log4j.core.config.AwaitCompletionReliabilityStrategy.log(AwaitCompletionReliabilityStrategy.java:82)
	at org.apache.logging.log4j.core.Logger.log(Logger.java:162)
	at org.apache.logging.log4j.spi.AbstractLogger.logMessage(AbstractLogger.java:2106)
	at org.apache.logging.log4j.internal.DefaultLogBuilder.logMessage(DefaultLogBuilder.java:241)
	at org.apache.logging.log4j.internal.DefaultLogBuilder.log(DefaultLogBuilder.java:162)
	at org.apache.xmlbeans.impl.schema.SchemaTypeSystemImpl.resolveHandle(SchemaTypeSystemImpl.java:935)
	at org.apache.xmlbeans.SchemaComponent$Ref.getComponent(SchemaComponent.java:111)
	at org.apache.xmlbeans.SchemaType$Ref.get(SchemaType.java:1072)
	at org.apache.xmlbeans.impl.schema.SchemaPropertyImpl.getType(SchemaPropertyImpl.java:85)
	at org.apache.xmlbeans.impl.schema.SchemaTypeImpl.createAttributeType(SchemaTypeImpl.java:1055)
	at org.apache.xmlbeans.impl.values.XmlObjectBase.create_attribute_user(XmlObjectBase.java:898)
	at org.apache.xmlbeans.impl.store.Xobj.getUser(Xobj.java:1598)
	at org.apache.xmlbeans.impl.store.Xobj.find_attribute_user(Xobj.java:2156)
	at org.openxmlformats.schemas.spreadsheetml.x2006.main.impl.CTSheetImpl.getName(CTSheetImpl.java:42)
	at org.apache.poi.xssf.usermodel.XSSFSheet.getSheetName(XSSFSheet.java:289)
	at org.apache.poi.xssf.usermodel.XSSFWorkbook.getSheet(XSSFWorkbook.java:1169)
	at externalResources.ExcelDataRead.getRowNumber(ExcelDataRead.java:46)
	at externalResources.ExcelDataRead.getData(ExcelDataRead.java:81)
	at listeners.AnnotationsTransformer.toBeExecuted(AnnotationsTransformer.java:37)
	at listeners.AnnotationsTransformer.transform(AnnotationsTransformer.java:24)
	at org.testng.internal.annotations.JDK15AnnotationFinder.transform(JDK15AnnotationFinder.java:172)
	at org.testng.internal.annotations.JDK15AnnotationFinder.lambda$findAnnotation$0(JDK15AnnotationFinder.java:279)
	at java.base/java.util.concurrent.ConcurrentHashMap.computeIfAbsent(ConcurrentHashMap.java:1705)
	at org.testng.internal.annotations.JDK15AnnotationFinder.findAnnotation(JDK15AnnotationFinder.java:275)
	at org.testng.internal.annotations.JDK15AnnotationFinder.findAnnotation(JDK15AnnotationFinder.java:113)
	at org.testng.internal.TestNGClassFinder.isTestNGClass(TestNGClassFinder.java:275)
	at org.testng.internal.TestNGClassFinder.isNotTestNGClass(TestNGClassFinder.java:260)
	at org.testng.internal.TestNGClassFinder.processClass(TestNGClassFinder.java:94)
	at org.testng.internal.TestNGClassFinder.<init>(TestNGClassFinder.java:67)
	at org.testng.TestRunner.initMethods(TestRunner.java:442)
	at org.testng.TestRunner.init(TestRunner.java:336)
	at org.testng.TestRunner.init(TestRunner.java:289)
	at org.testng.TestRunner.<init>(TestRunner.java:179)
	at org.testng.SuiteRunner$DefaultTestRunnerFactory.newTestRunner(SuiteRunner.java:643)
	at org.testng.SuiteRunner.init(SuiteRunner.java:225)
	at org.testng.SuiteRunner.<init>(SuiteRunner.java:115)
	at org.testng.TestNG.createSuiteRunner(TestNG.java:1349)
	at org.testng.TestNG.createSuiteRunners(TestNG.java:1325)
	at org.testng.TestNG.runSuitesLocally(TestNG.java:1167)
	at org.testng.TestNG.runSuites(TestNG.java:1099)
	at org.testng.TestNG.run(TestNG.java:1067)
	at org.apache.maven.surefire.testng.TestNGExecutor.run(TestNGExecutor.java:324)
	at org.apache.maven.surefire.testng.TestNGXmlTestSuite.execute(TestNGXmlTestSuite.java:74)
	at org.apache.maven.surefire.testng.TestNGProvider.invoke(TestNGProvider.java:123)
	at org.apache.maven.surefire.booter.ForkedBooter.runSuitesInProcess(ForkedBooter.java:456)
	at org.apache.maven.surefire.booter.ForkedBooter.execute(ForkedBooter.java:169)
	at org.apache.maven.surefire.booter.ForkedBooter.run(ForkedBooter.java:595)
	at org.apache.maven.surefire.booter.ForkedBooter.main(ForkedBooter.java:581)

2023-02-13 11:57:16,029 main ERROR Unable to create file ./results/logs/${ctx:threadName}.log java.io.IOException: The filename, directory name, or volume label syntax is incorrect
	at java.base/java.io.WinNTFileSystem.canonicalize0(Native Method)
	at java.base/java.io.WinNTFileSystem.canonicalize(WinNTFileSystem.java:483)
	at java.base/java.io.File.getCanonicalPath(File.java:626)
	at java.base/java.io.File.getCanonicalFile(File.java:651)
	at org.apache.logging.log4j.core.util.FileUtils.makeParentDirs(FileUtils.java:139)
	at org.apache.logging.log4j.core.appender.rolling.RollingFileManager$RollingFileManagerFactory.createManager(RollingFileManager.java:734)
	at org.apache.logging.log4j.core.appender.rolling.RollingFileManager$RollingFileManagerFactory.createManager(RollingFileManager.java:718)
	at org.apache.logging.log4j.core.appender.AbstractManager.getManager(AbstractManager.java:144)
	at org.apache.logging.log4j.core.appender.OutputStreamManager.getManager(OutputStreamManager.java:100)
	at org.apache.logging.log4j.core.appender.rolling.RollingFileManager.getFileManager(RollingFileManager.java:217)
	at org.apache.logging.log4j.core.appender.RollingFileAppender$Builder.build(RollingFileAppender.java:135)
	at org.apache.logging.log4j.core.appender.RollingFileAppender$Builder.build(RollingFileAppender.java:62)
	at org.apache.logging.log4j.core.config.plugins.util.PluginBuilder.build(PluginBuilder.java:124)
	at org.apache.logging.log4j.core.config.AbstractConfiguration.createPluginObject(AbstractConfiguration.java:1138)
	at org.apache.logging.log4j.core.config.AbstractConfiguration.createConfiguration(AbstractConfiguration.java:1063)
	at org.apache.logging.log4j.core.appender.routing.RoutingAppender.createAppender(RoutingAppender.java:310)
	at org.apache.logging.log4j.core.appender.routing.RoutingAppender.getControl(RoutingAppender.java:282)
	at org.apache.logging.log4j.core.appender.routing.RoutingAppender.append(RoutingAppender.java:240)
	at org.apache.logging.log4j.core.config.AppenderControl.tryCallAppender(AppenderControl.java:161)
	at org.apache.logging.log4j.core.config.AppenderControl.callAppender0(AppenderControl.java:134)
	at org.apache.logging.log4j.core.config.AppenderControl.callAppenderPreventRecursion(AppenderControl.java:125)
	at org.apache.logging.log4j.core.config.AppenderControl.callAppender(AppenderControl.java:89)
	at org.apache.logging.log4j.core.config.LoggerConfig.callAppenders(LoggerConfig.java:683)
	at org.apache.logging.log4j.core.config.LoggerConfig.processLogEvent(LoggerConfig.java:641)
	at org.apache.logging.log4j.core.config.LoggerConfig.log(LoggerConfig.java:624)
	at org.apache.logging.log4j.core.config.LoggerConfig.log(LoggerConfig.java:560)
	at org.apache.logging.log4j.core.config.AwaitCompletionReliabilityStrategy.log(AwaitCompletionReliabilityStrategy.java:82)
	at org.apache.logging.log4j.core.Logger.log(Logger.java:162)
	at org.apache.logging.log4j.spi.AbstractLogger.logMessage(AbstractLogger.java:2106)
	at org.apache.logging.log4j.internal.DefaultLogBuilder.logMessage(DefaultLogBuilder.java:241)
	at org.apache.logging.log4j.internal.DefaultLogBuilder.log(DefaultLogBuilder.java:162)
	at org.apache.xmlbeans.impl.schema.SchemaTypeSystemImpl.resolveHandle(SchemaTypeSystemImpl.java:935)
	at org.apache.xmlbeans.SchemaComponent$Ref.getComponent(SchemaComponent.java:111)
	at org.apache.xmlbeans.SchemaType$Ref.get(SchemaType.java:1072)
	at org.apache.xmlbeans.impl.schema.SchemaPropertyImpl.getType(SchemaPropertyImpl.java:85)
	at org.apache.xmlbeans.impl.schema.SchemaTypeImpl.createAttributeType(SchemaTypeImpl.java:1055)
	at org.apache.xmlbeans.impl.values.XmlObjectBase.create_attribute_user(XmlObjectBase.java:898)
	at org.apache.xmlbeans.impl.store.Xobj.getUser(Xobj.java:1598)
	at org.apache.xmlbeans.impl.store.Xobj.find_attribute_user(Xobj.java:2156)
	at org.openxmlformats.schemas.spreadsheetml.x2006.main.impl.CTCellImpl.getT(CTCellImpl.java:462)
	at org.apache.poi.xssf.usermodel.XSSFCell.getBaseCellType(XSSFCell.java:686)
	at org.apache.poi.xssf.usermodel.XSSFCell.getCellType(XSSFCell.java:664)
	at externalResources.ExcelDataRead.getRowNumber(ExcelDataRead.java:49)
	at externalResources.ExcelDataRead.getData(ExcelDataRead.java:81)
	at listeners.AnnotationsTransformer.toBeExecuted(AnnotationsTransformer.java:37)
	at listeners.AnnotationsTransformer.transform(AnnotationsTransformer.java:24)
	at org.testng.internal.annotations.JDK15AnnotationFinder.transform(JDK15AnnotationFinder.java:172)
	at org.testng.internal.annotations.JDK15AnnotationFinder.lambda$findAnnotation$0(JDK15AnnotationFinder.java:279)
	at java.base/java.util.concurrent.ConcurrentHashMap.computeIfAbsent(ConcurrentHashMap.java:1705)
	at org.testng.internal.annotations.JDK15AnnotationFinder.findAnnotation(JDK15AnnotationFinder.java:275)
	at org.testng.internal.annotations.JDK15AnnotationFinder.findAnnotation(JDK15AnnotationFinder.java:113)
	at org.testng.internal.TestNGClassFinder.isTestNGClass(TestNGClassFinder.java:275)
	at org.testng.internal.TestNGClassFinder.isNotTestNGClass(TestNGClassFinder.java:260)
	at org.testng.internal.TestNGClassFinder.processClass(TestNGClassFinder.java:94)
	at org.testng.internal.TestNGClassFinder.<init>(TestNGClassFinder.java:67)
	at org.testng.TestRunner.initMethods(TestRunner.java:442)
	at org.testng.TestRunner.init(TestRunner.java:336)
	at org.testng.TestRunner.init(TestRunner.java:289)
	at org.testng.TestRunner.<init>(TestRunner.java:179)
	at org.testng.SuiteRunner$DefaultTestRunnerFactory.newTestRunner(SuiteRunner.java:643)
	at org.testng.SuiteRunner.init(SuiteRunner.java:225)
	at org.testng.SuiteRunner.<init>(SuiteRunner.java:115)
	at org.testng.TestNG.createSuiteRunner(TestNG.java:1349)
	at org.testng.TestNG.createSuiteRunners(TestNG.java:1325)
	at org.testng.TestNG.runSuitesLocally(TestNG.java:1167)
	at org.testng.TestNG.runSuites(TestNG.java:1099)
	at org.testng.TestNG.run(TestNG.java:1067)
	at org.apache.maven.surefire.testng.TestNGExecutor.run(TestNGExecutor.java:324)
	at org.apache.maven.surefire.testng.TestNGXmlTestSuite.execute(TestNGXmlTestSuite.java:74)
	at org.apache.maven.surefire.testng.TestNGProvider.invoke(TestNGProvider.java:123)
	at org.apache.maven.surefire.booter.ForkedBooter.runSuitesInProcess(ForkedBooter.java:456)
	at org.apache.maven.surefire.booter.ForkedBooter.execute(ForkedBooter.java:169)
	at org.apache.maven.surefire.booter.ForkedBooter.run(ForkedBooter.java:595)
	at org.apache.maven.surefire.booter.ForkedBooter.main(ForkedBooter.java:581)

2023-02-13 11:57:16,030 main ERROR Could not create plugin of type class org.apache.logging.log4j.core.appender.RollingFileAppender for element RollingFile: java.lang.IllegalStateException: ManagerFactory [org.apache.logging.log4j.core.appender.rolling.RollingFileManager$RollingFileManagerFactory@4e6d7365] unable to create manager for [./results/logs/${ctx:threadName}.log] with data [org.apache.logging.log4j.core.appender.rolling.RollingFileManager$FactoryData@63bde6c2[pattern=./results/logs/${ctx:threadName}-%d{yyyy-MM-dd}.log, append=true, bufferedIO=true, bufferSize=8192, policy=SizeBasedTriggeringPolicy(size=512000), strategy=DefaultRolloverStrategy(min=1, max=7, useMax=true), advertiseURI=null, layout=%d{HH:mm:ss.SSS} [%t] %-5level %logger{36} - %msg%n, filePermissions=null, fileOwner=null]] java.lang.IllegalStateException: ManagerFactory [org.apache.logging.log4j.core.appender.rolling.RollingFileManager$RollingFileManagerFactory@4e6d7365] unable to create manager for [./results/logs/${ctx:threadName}.log] with data [org.apache.logging.log4j.core.appender.rolling.RollingFileManager$FactoryData@63bde6c2[pattern=./results/logs/${ctx:threadName}-%d{yyyy-MM-dd}.log, append=true, bufferedIO=true, bufferSize=8192, policy=SizeBasedTriggeringPolicy(size=512000), strategy=DefaultRolloverStrategy(min=1, max=7, useMax=true), advertiseURI=null, layout=%d{HH:mm:ss.SSS} [%t] %-5level %logger{36} - %msg%n, filePermissions=null, fileOwner=null]]
	at org.apache.logging.log4j.core.appender.AbstractManager.getManager(AbstractManager.java:146)
	at org.apache.logging.log4j.core.appender.OutputStreamManager.getManager(OutputStreamManager.java:100)
	at org.apache.logging.log4j.core.appender.rolling.RollingFileManager.getFileManager(RollingFileManager.java:217)
	at org.apache.logging.log4j.core.appender.RollingFileAppender$Builder.build(RollingFileAppender.java:135)
	at org.apache.logging.log4j.core.appender.RollingFileAppender$Builder.build(RollingFileAppender.java:62)
	at org.apache.logging.log4j.core.config.plugins.util.PluginBuilder.build(PluginBuilder.java:124)
	at org.apache.logging.log4j.core.config.AbstractConfiguration.createPluginObject(AbstractConfiguration.java:1138)
	at org.apache.logging.log4j.core.config.AbstractConfiguration.createConfiguration(AbstractConfiguration.java:1063)
	at org.apache.logging.log4j.core.appender.routing.RoutingAppender.createAppender(RoutingAppender.java:310)
	at org.apache.logging.log4j.core.appender.routing.RoutingAppender.getControl(RoutingAppender.java:282)
	at org.apache.logging.log4j.core.appender.routing.RoutingAppender.append(RoutingAppender.java:240)
	at org.apache.logging.log4j.core.config.AppenderControl.tryCallAppender(AppenderControl.java:161)
	at org.apache.logging.log4j.core.config.AppenderControl.callAppender0(AppenderControl.java:134)
	at org.apache.logging.log4j.core.config.AppenderControl.callAppenderPreventRecursion(AppenderControl.java:125)
	at org.apache.logging.log4j.core.config.AppenderControl.callAppender(AppenderControl.java:89)
	at org.apache.logging.log4j.core.config.LoggerConfig.callAppenders(LoggerConfig.java:683)
	at org.apache.logging.log4j.core.config.LoggerConfig.processLogEvent(LoggerConfig.java:641)
	at org.apache.logging.log4j.core.config.LoggerConfig.log(LoggerConfig.java:624)
	at org.apache.logging.log4j.core.config.LoggerConfig.log(LoggerConfig.java:560)
	at org.apache.logging.log4j.core.config.AwaitCompletionReliabilityStrategy.log(AwaitCompletionReliabilityStrategy.java:82)
	at org.apache.logging.log4j.core.Logger.log(Logger.java:162)
	at org.apache.logging.log4j.spi.AbstractLogger.logMessage(AbstractLogger.java:2106)
	at org.apache.logging.log4j.internal.DefaultLogBuilder.logMessage(DefaultLogBuilder.java:241)
	at org.apache.logging.log4j.internal.DefaultLogBuilder.log(DefaultLogBuilder.java:162)
	at org.apache.xmlbeans.impl.schema.SchemaTypeSystemImpl.resolveHandle(SchemaTypeSystemImpl.java:935)
	at org.apache.xmlbeans.SchemaComponent$Ref.getComponent(SchemaComponent.java:111)
	at org.apache.xmlbeans.SchemaType$Ref.get(SchemaType.java:1072)
	at org.apache.xmlbeans.impl.schema.SchemaPropertyImpl.getType(SchemaPropertyImpl.java:85)
	at org.apache.xmlbeans.impl.schema.SchemaTypeImpl.createAttributeType(SchemaTypeImpl.java:1055)
	at org.apache.xmlbeans.impl.values.XmlObjectBase.create_attribute_user(XmlObjectBase.java:898)
	at org.apache.xmlbeans.impl.store.Xobj.getUser(Xobj.java:1598)
	at org.apache.xmlbeans.impl.store.Xobj.find_attribute_user(Xobj.java:2156)
	at org.openxmlformats.schemas.spreadsheetml.x2006.main.impl.CTCellImpl.getT(CTCellImpl.java:462)
	at org.apache.poi.xssf.usermodel.XSSFCell.getBaseCellType(XSSFCell.java:686)
	at org.apache.poi.xssf.usermodel.XSSFCell.getCellType(XSSFCell.java:664)
	at externalResources.ExcelDataRead.getRowNumber(ExcelDataRead.java:49)
	at externalResources.ExcelDataRead.getData(ExcelDataRead.java:81)
	at listeners.AnnotationsTransformer.toBeExecuted(AnnotationsTransformer.java:37)
	at listeners.AnnotationsTransformer.transform(AnnotationsTransformer.java:24)
	at org.testng.internal.annotations.JDK15AnnotationFinder.transform(JDK15AnnotationFinder.java:172)
	at org.testng.internal.annotations.JDK15AnnotationFinder.lambda$findAnnotation$0(JDK15AnnotationFinder.java:279)
	at java.base/java.util.concurrent.ConcurrentHashMap.computeIfAbsent(ConcurrentHashMap.java:1705)
	at org.testng.internal.annotations.JDK15AnnotationFinder.findAnnotation(JDK15AnnotationFinder.java:275)
	at org.testng.internal.annotations.JDK15AnnotationFinder.findAnnotation(JDK15AnnotationFinder.java:113)
	at org.testng.internal.TestNGClassFinder.isTestNGClass(TestNGClassFinder.java:275)
	at org.testng.internal.TestNGClassFinder.isNotTestNGClass(TestNGClassFinder.java:260)
	at org.testng.internal.TestNGClassFinder.processClass(TestNGClassFinder.java:94)
	at org.testng.internal.TestNGClassFinder.<init>(TestNGClassFinder.java:67)
	at org.testng.TestRunner.initMethods(TestRunner.java:442)
	at org.testng.TestRunner.init(TestRunner.java:336)
	at org.testng.TestRunner.init(TestRunner.java:289)
	at org.testng.TestRunner.<init>(TestRunner.java:179)
	at org.testng.SuiteRunner$DefaultTestRunnerFactory.newTestRunner(SuiteRunner.java:643)
	at org.testng.SuiteRunner.init(SuiteRunner.java:225)
	at org.testng.SuiteRunner.<init>(SuiteRunner.java:115)
	at org.testng.TestNG.createSuiteRunner(TestNG.java:1349)
	at org.testng.TestNG.createSuiteRunners(TestNG.java:1325)
	at org.testng.TestNG.runSuitesLocally(TestNG.java:1167)
	at org.testng.TestNG.runSuites(TestNG.java:1099)
	at org.testng.TestNG.run(TestNG.java:1067)
	at org.apache.maven.surefire.testng.TestNGExecutor.run(TestNGExecutor.java:324)
	at org.apache.maven.surefire.testng.TestNGXmlTestSuite.execute(TestNGXmlTestSuite.java:74)
	at org.apache.maven.surefire.testng.TestNGProvider.invoke(TestNGProvider.java:123)
	at org.apache.maven.surefire.booter.ForkedBooter.runSuitesInProcess(ForkedBooter.java:456)
	at org.apache.maven.surefire.booter.ForkedBooter.execute(ForkedBooter.java:169)
	at org.apache.maven.surefire.booter.ForkedBooter.run(ForkedBooter.java:595)
	at org.apache.maven.surefire.booter.ForkedBooter.main(ForkedBooter.java:581)

2023-02-13 11:57:16,030 main ERROR Unable to invoke factory method in class org.apache.logging.log4j.core.appender.RollingFileAppender for element RollingFile: java.lang.IllegalStateException: No factory method found for class org.apache.logging.log4j.core.appender.RollingFileAppender java.lang.IllegalStateException: No factory method found for class org.apache.logging.log4j.core.appender.RollingFileAppender
	at org.apache.logging.log4j.core.config.plugins.util.PluginBuilder.findFactoryMethod(PluginBuilder.java:260)
	at org.apache.logging.log4j.core.config.plugins.util.PluginBuilder.build(PluginBuilder.java:136)
	at org.apache.logging.log4j.core.config.AbstractConfiguration.createPluginObject(AbstractConfiguration.java:1138)
	at org.apache.logging.log4j.core.config.AbstractConfiguration.createConfiguration(AbstractConfiguration.java:1063)
	at org.apache.logging.log4j.core.appender.routing.RoutingAppender.createAppender(RoutingAppender.java:310)
	at org.apache.logging.log4j.core.appender.routing.RoutingAppender.getControl(RoutingAppender.java:282)
	at org.apache.logging.log4j.core.appender.routing.RoutingAppender.append(RoutingAppender.java:240)
	at org.apache.logging.log4j.core.config.AppenderControl.tryCallAppender(AppenderControl.java:161)
	at org.apache.logging.log4j.core.config.AppenderControl.callAppender0(AppenderControl.java:134)
	at org.apache.logging.log4j.core.config.AppenderControl.callAppenderPreventRecursion(AppenderControl.java:125)
	at org.apache.logging.log4j.core.config.AppenderControl.callAppender(AppenderControl.java:89)
	at org.apache.logging.log4j.core.config.LoggerConfig.callAppenders(LoggerConfig.java:683)
	at org.apache.logging.log4j.core.config.LoggerConfig.processLogEvent(LoggerConfig.java:641)
	at org.apache.logging.log4j.core.config.LoggerConfig.log(LoggerConfig.java:624)
	at org.apache.logging.log4j.core.config.LoggerConfig.log(LoggerConfig.java:560)
	at org.apache.logging.log4j.core.config.AwaitCompletionReliabilityStrategy.log(AwaitCompletionReliabilityStrategy.java:82)
	at org.apache.logging.log4j.core.Logger.log(Logger.java:162)
	at org.apache.logging.log4j.spi.AbstractLogger.logMessage(AbstractLogger.java:2106)
	at org.apache.logging.log4j.internal.DefaultLogBuilder.logMessage(DefaultLogBuilder.java:241)
	at org.apache.logging.log4j.internal.DefaultLogBuilder.log(DefaultLogBuilder.java:162)
	at org.apache.xmlbeans.impl.schema.SchemaTypeSystemImpl.resolveHandle(SchemaTypeSystemImpl.java:935)
	at org.apache.xmlbeans.SchemaComponent$Ref.getComponent(SchemaComponent.java:111)
	at org.apache.xmlbeans.SchemaType$Ref.get(SchemaType.java:1072)
	at org.apache.xmlbeans.impl.schema.SchemaPropertyImpl.getType(SchemaPropertyImpl.java:85)
	at org.apache.xmlbeans.impl.schema.SchemaTypeImpl.createAttributeType(SchemaTypeImpl.java:1055)
	at org.apache.xmlbeans.impl.values.XmlObjectBase.create_attribute_user(XmlObjectBase.java:898)
	at org.apache.xmlbeans.impl.store.Xobj.getUser(Xobj.java:1598)
	at org.apache.xmlbeans.impl.store.Xobj.find_attribute_user(Xobj.java:2156)
	at org.openxmlformats.schemas.spreadsheetml.x2006.main.impl.CTCellImpl.getT(CTCellImpl.java:462)
	at org.apache.poi.xssf.usermodel.XSSFCell.getBaseCellType(XSSFCell.java:686)
	at org.apache.poi.xssf.usermodel.XSSFCell.getCellType(XSSFCell.java:664)
	at externalResources.ExcelDataRead.getRowNumber(ExcelDataRead.java:49)
	at externalResources.ExcelDataRead.getData(ExcelDataRead.java:81)
	at listeners.AnnotationsTransformer.toBeExecuted(AnnotationsTransformer.java:37)
	at listeners.AnnotationsTransformer.transform(AnnotationsTransformer.java:24)
	at org.testng.internal.annotations.JDK15AnnotationFinder.transform(JDK15AnnotationFinder.java:172)
	at org.testng.internal.annotations.JDK15AnnotationFinder.lambda$findAnnotation$0(JDK15AnnotationFinder.java:279)
	at java.base/java.util.concurrent.ConcurrentHashMap.computeIfAbsent(ConcurrentHashMap.java:1705)
	at org.testng.internal.annotations.JDK15AnnotationFinder.findAnnotation(JDK15AnnotationFinder.java:275)
	at org.testng.internal.annotations.JDK15AnnotationFinder.findAnnotation(JDK15AnnotationFinder.java:113)
	at org.testng.internal.TestNGClassFinder.isTestNGClass(TestNGClassFinder.java:275)
	at org.testng.internal.TestNGClassFinder.isNotTestNGClass(TestNGClassFinder.java:260)
	at org.testng.internal.TestNGClassFinder.processClass(TestNGClassFinder.java:94)
	at org.testng.internal.TestNGClassFinder.<init>(TestNGClassFinder.java:67)
	at org.testng.TestRunner.initMethods(TestRunner.java:442)
	at org.testng.TestRunner.init(TestRunner.java:336)
	at org.testng.TestRunner.init(TestRunner.java:289)
	at org.testng.TestRunner.<init>(TestRunner.java:179)
	at org.testng.SuiteRunner$DefaultTestRunnerFactory.newTestRunner(SuiteRunner.java:643)
	at org.testng.SuiteRunner.init(SuiteRunner.java:225)
	at org.testng.SuiteRunner.<init>(SuiteRunner.java:115)
	at org.testng.TestNG.createSuiteRunner(TestNG.java:1349)
	at org.testng.TestNG.createSuiteRunners(TestNG.java:1325)
	at org.testng.TestNG.runSuitesLocally(TestNG.java:1167)
	at org.testng.TestNG.runSuites(TestNG.java:1099)
	at org.testng.TestNG.run(TestNG.java:1067)
	at org.apache.maven.surefire.testng.TestNGExecutor.run(TestNGExecutor.java:324)
	at org.apache.maven.surefire.testng.TestNGXmlTestSuite.execute(TestNGXmlTestSuite.java:74)
	at org.apache.maven.surefire.testng.TestNGProvider.invoke(TestNGProvider.java:123)
	at org.apache.maven.surefire.booter.ForkedBooter.runSuitesInProcess(ForkedBooter.java:456)
	at org.apache.maven.surefire.booter.ForkedBooter.execute(ForkedBooter.java:169)
	at org.apache.maven.surefire.booter.ForkedBooter.run(ForkedBooter.java:595)
	at org.apache.maven.surefire.booter.ForkedBooter.main(ForkedBooter.java:581)

2023-02-13 11:57:16,046 main ERROR Unable to create file ./results/logs/${ctx:threadName}.log java.io.IOException: The filename, directory name, or volume label syntax is incorrect
	at java.base/java.io.WinNTFileSystem.canonicalize0(Native Method)
	at java.base/java.io.WinNTFileSystem.canonicalize(WinNTFileSystem.java:483)
	at java.base/java.io.File.getCanonicalPath(File.java:626)
	at java.base/java.io.File.getCanonicalFile(File.java:651)
	at org.apache.logging.log4j.core.util.FileUtils.makeParentDirs(FileUtils.java:139)
	at org.apache.logging.log4j.core.appender.rolling.RollingFileManager$RollingFileManagerFactory.createManager(RollingFileManager.java:734)
	at org.apache.logging.log4j.core.appender.rolling.RollingFileManager$RollingFileManagerFactory.createManager(RollingFileManager.java:718)
	at org.apache.logging.log4j.core.appender.AbstractManager.getManager(AbstractManager.java:144)
	at org.apache.logging.log4j.core.appender.OutputStreamManager.getManager(OutputStreamManager.java:100)
	at org.apache.logging.log4j.core.appender.rolling.RollingFileManager.getFileManager(RollingFileManager.java:217)
	at org.apache.logging.log4j.core.appender.RollingFileAppender$Builder.build(RollingFileAppender.java:135)
	at org.apache.logging.log4j.core.appender.RollingFileAppender$Builder.build(RollingFileAppender.java:62)
	at org.apache.logging.log4j.core.config.plugins.util.PluginBuilder.build(PluginBuilder.java:124)
	at org.apache.logging.log4j.core.config.AbstractConfiguration.createPluginObject(AbstractConfiguration.java:1138)
	at org.apache.logging.log4j.core.config.AbstractConfiguration.createConfiguration(AbstractConfiguration.java:1063)
	at org.apache.logging.log4j.core.appender.routing.RoutingAppender.createAppender(RoutingAppender.java:310)
	at org.apache.logging.log4j.core.appender.routing.RoutingAppender.getControl(RoutingAppender.java:282)
	at org.apache.logging.log4j.core.appender.routing.RoutingAppender.append(RoutingAppender.java:240)
	at org.apache.logging.log4j.core.config.AppenderControl.tryCallAppender(AppenderControl.java:161)
	at org.apache.logging.log4j.core.config.AppenderControl.callAppender0(AppenderControl.java:134)
	at org.apache.logging.log4j.core.config.AppenderControl.callAppenderPreventRecursion(AppenderControl.java:125)
	at org.apache.logging.log4j.core.config.AppenderControl.callAppender(AppenderControl.java:89)
	at org.apache.logging.log4j.core.config.LoggerConfig.callAppenders(LoggerConfig.java:683)
	at org.apache.logging.log4j.core.config.LoggerConfig.processLogEvent(LoggerConfig.java:641)
	at org.apache.logging.log4j.core.config.LoggerConfig.log(LoggerConfig.java:624)
	at org.apache.logging.log4j.core.config.LoggerConfig.log(LoggerConfig.java:560)
	at org.apache.logging.log4j.core.config.AwaitCompletionReliabilityStrategy.log(AwaitCompletionReliabilityStrategy.java:82)
	at org.apache.logging.log4j.core.Logger.log(Logger.java:162)
	at org.apache.logging.log4j.spi.AbstractLogger.logMessage(AbstractLogger.java:2106)
	at org.apache.logging.log4j.internal.DefaultLogBuilder.logMessage(DefaultLogBuilder.java:241)
	at org.apache.logging.log4j.internal.DefaultLogBuilder.log(DefaultLogBuilder.java:162)
	at org.apache.poi.openxml4j.opc.PackageRelationshipCollection.parseRelationshipsPart(PackageRelationshipCollection.java:309)
	at org.apache.poi.openxml4j.opc.PackageRelationshipCollection.<init>(PackageRelationshipCollection.java:160)
	at org.apache.poi.openxml4j.opc.PackageRelationshipCollection.<init>(PackageRelationshipCollection.java:130)
	at org.apache.poi.openxml4j.opc.PackagePart.loadRelationships(PackagePart.java:565)
	at org.apache.poi.openxml4j.opc.OPCPackage.getParts(OPCPackage.java:751)
	at org.apache.poi.openxml4j.opc.OPCPackage.open(OPCPackage.java:322)
	at org.apache.poi.ooxml.util.PackageHelper.open(PackageHelper.java:59)
	at org.apache.poi.xssf.usermodel.XSSFWorkbook.<init>(XSSFWorkbook.java:290)
	at org.apache.poi.xssf.usermodel.XSSFWorkbook.<init>(XSSFWorkbook.java:286)
	at externalResources.ExcelDataRead.<init>(ExcelDataRead.java:22)
	at listeners.AnnotationsTransformer.toBeExecuted(AnnotationsTransformer.java:36)
	at listeners.AnnotationsTransformer.transform(AnnotationsTransformer.java:24)
	at org.testng.internal.annotations.JDK15AnnotationFinder.transform(JDK15AnnotationFinder.java:172)
	at org.testng.internal.annotations.JDK15AnnotationFinder.lambda$findAnnotation$0(JDK15AnnotationFinder.java:279)
	at java.base/java.util.concurrent.ConcurrentHashMap.computeIfAbsent(ConcurrentHashMap.java:1705)
	at org.testng.internal.annotations.JDK15AnnotationFinder.findAnnotation(JDK15AnnotationFinder.java:275)
	at org.testng.internal.annotations.JDK15AnnotationFinder.findAnnotation(JDK15AnnotationFinder.java:113)
	at org.testng.internal.TestNGClassFinder.isTestNGClass(TestNGClassFinder.java:275)
	at org.testng.internal.TestNGClassFinder.isNotTestNGClass(TestNGClassFinder.java:260)
	at org.testng.internal.TestNGClassFinder.processClass(TestNGClassFinder.java:94)
	at org.testng.internal.TestNGClassFinder.<init>(TestNGClassFinder.java:67)
	at org.testng.TestRunner.initMethods(TestRunner.java:442)
	at org.testng.TestRunner.init(TestRunner.java:336)
	at org.testng.TestRunner.init(TestRunner.java:289)
	at org.testng.TestRunner.<init>(TestRunner.java:179)
	at org.testng.SuiteRunner$DefaultTestRunnerFactory.newTestRunner(SuiteRunner.java:643)
	at org.testng.SuiteRunner.init(SuiteRunner.java:225)
	at org.testng.SuiteRunner.<init>(SuiteRunner.java:115)
	at org.testng.TestNG.createSuiteRunner(TestNG.java:1349)
	at org.testng.TestNG.createSuiteRunners(TestNG.java:1325)
	at org.testng.TestNG.runSuitesLocally(TestNG.java:1167)
	at org.testng.TestNG.runSuites(TestNG.java:1099)
	at org.testng.TestNG.run(TestNG.java:1067)
	at org.apache.maven.surefire.testng.TestNGExecutor.run(TestNGExecutor.java:324)
	at org.apache.maven.surefire.testng.TestNGXmlTestSuite.execute(TestNGXmlTestSuite.java:74)
	at org.apache.maven.surefire.testng.TestNGProvider.invoke(TestNGProvider.java:123)
	at org.apache.maven.surefire.booter.ForkedBooter.runSuitesInProcess(ForkedBooter.java:456)
	at org.apache.maven.surefire.booter.ForkedBooter.execute(ForkedBooter.java:169)
	at org.apache.maven.surefire.booter.ForkedBooter.run(ForkedBooter.java:595)
	at org.apache.maven.surefire.booter.ForkedBooter.main(ForkedBooter.java:581)

2023-02-13 11:57:16,047 main ERROR Could not create plugin of type class org.apache.logging.log4j.core.appender.RollingFileAppender for element RollingFile: java.lang.IllegalStateException: ManagerFactory [org.apache.logging.log4j.core.appender.rolling.RollingFileManager$RollingFileManagerFactory@4e6d7365] unable to create manager for [./results/logs/${ctx:threadName}.log] with data [org.apache.logging.log4j.core.appender.rolling.RollingFileManager$FactoryData@7c29adc8[pattern=./results/logs/${ctx:threadName}-%d{yyyy-MM-dd}.log, append=true, bufferedIO=true, bufferSize=8192, policy=SizeBasedTriggeringPolicy(size=512000), strategy=DefaultRolloverStrategy(min=1, max=7, useMax=true), advertiseURI=null, layout=%d{HH:mm:ss.SSS} [%t] %-5level %logger{36} - %msg%n, filePermissions=null, fileOwner=null]] java.lang.IllegalStateException: ManagerFactory [org.apache.logging.log4j.core.appender.rolling.RollingFileManager$RollingFileManagerFactory@4e6d7365] unable to create manager for [./results/logs/${ctx:threadName}.log] with data [org.apache.logging.log4j.core.appender.rolling.RollingFileManager$FactoryData@7c29adc8[pattern=./results/logs/${ctx:threadName}-%d{yyyy-MM-dd}.log, append=true, bufferedIO=true, bufferSize=8192, policy=SizeBasedTriggeringPolicy(size=512000), strategy=DefaultRolloverStrategy(min=1, max=7, useMax=true), advertiseURI=null, layout=%d{HH:mm:ss.SSS} [%t] %-5level %logger{36} - %msg%n, filePermissions=null, fileOwner=null]]
	at org.apache.logging.log4j.core.appender.AbstractManager.getManager(AbstractManager.java:146)
	at org.apache.logging.log4j.core.appender.OutputStreamManager.getManager(OutputStreamManager.java:100)
	at org.apache.logging.log4j.core.appender.rolling.RollingFileManager.getFileManager(RollingFileManager.java:217)
	at org.apache.logging.log4j.core.appender.RollingFileAppender$Builder.build(RollingFileAppender.java:135)
	at org.apache.logging.log4j.core.appender.RollingFileAppender$Builder.build(RollingFileAppender.java:62)
	at org.apache.logging.log4j.core.config.plugins.util.PluginBuilder.build(PluginBuilder.java:124)
	at org.apache.logging.log4j.core.config.AbstractConfiguration.createPluginObject(AbstractConfiguration.java:1138)
	at org.apache.logging.log4j.core.config.AbstractConfiguration.createConfiguration(AbstractConfiguration.java:1063)
	at org.apache.logging.log4j.core.appender.routing.RoutingAppender.createAppender(RoutingAppender.java:310)
	at org.apache.logging.log4j.core.appender.routing.RoutingAppender.getControl(RoutingAppender.java:282)
	at org.apache.logging.log4j.core.appender.routing.RoutingAppender.append(RoutingAppender.java:240)
	at org.apache.logging.log4j.core.config.AppenderControl.tryCallAppender(AppenderControl.java:161)
	at org.apache.logging.log4j.core.config.AppenderControl.callAppender0(AppenderControl.java:134)
	at org.apache.logging.log4j.core.config.AppenderControl.callAppenderPreventRecursion(AppenderControl.java:125)
	at org.apache.logging.log4j.core.config.AppenderControl.callAppender(AppenderControl.java:89)
	at org.apache.logging.log4j.core.config.LoggerConfig.callAppenders(LoggerConfig.java:683)
	at org.apache.logging.log4j.core.config.LoggerConfig.processLogEvent(LoggerConfig.java:641)
	at org.apache.logging.log4j.core.config.LoggerConfig.log(LoggerConfig.java:624)
	at org.apache.logging.log4j.core.config.LoggerConfig.log(LoggerConfig.java:560)
	at org.apache.logging.log4j.core.config.AwaitCompletionReliabilityStrategy.log(AwaitCompletionReliabilityStrategy.java:82)
	at org.apache.logging.log4j.core.Logger.log(Logger.java:162)
	at org.apache.logging.log4j.spi.AbstractLogger.logMessage(AbstractLogger.java:2106)
	at org.apache.logging.log4j.internal.DefaultLogBuilder.logMessage(DefaultLogBuilder.java:241)
	at org.apache.logging.log4j.internal.DefaultLogBuilder.log(DefaultLogBuilder.java:162)
	at org.apache.poi.openxml4j.opc.PackageRelationshipCollection.parseRelationshipsPart(PackageRelationshipCollection.java:309)
	at org.apache.poi.openxml4j.opc.PackageRelationshipCollection.<init>(PackageRelationshipCollection.java:160)
	at org.apache.poi.openxml4j.opc.PackageRelationshipCollection.<init>(PackageRelationshipCollection.java:130)
	at org.apache.poi.openxml4j.opc.PackagePart.loadRelationships(PackagePart.java:565)
	at org.apache.poi.openxml4j.opc.OPCPackage.getParts(OPCPackage.java:751)
	at org.apache.poi.openxml4j.opc.OPCPackage.open(OPCPackage.java:322)
	at org.apache.poi.ooxml.util.PackageHelper.open(PackageHelper.java:59)
	at org.apache.poi.xssf.usermodel.XSSFWorkbook.<init>(XSSFWorkbook.java:290)
	at org.apache.poi.xssf.usermodel.XSSFWorkbook.<init>(XSSFWorkbook.java:286)
	at externalResources.ExcelDataRead.<init>(ExcelDataRead.java:22)
	at listeners.AnnotationsTransformer.toBeExecuted(AnnotationsTransformer.java:36)
	at listeners.AnnotationsTransformer.transform(AnnotationsTransformer.java:24)
	at org.testng.internal.annotations.JDK15AnnotationFinder.transform(JDK15AnnotationFinder.java:172)
	at org.testng.internal.annotations.JDK15AnnotationFinder.lambda$findAnnotation$0(JDK15AnnotationFinder.java:279)
	at java.base/java.util.concurrent.ConcurrentHashMap.computeIfAbsent(ConcurrentHashMap.java:1705)
	at org.testng.internal.annotations.JDK15AnnotationFinder.findAnnotation(JDK15AnnotationFinder.java:275)
	at org.testng.internal.annotations.JDK15AnnotationFinder.findAnnotation(JDK15AnnotationFinder.java:113)
	at org.testng.internal.TestNGClassFinder.isTestNGClass(TestNGClassFinder.java:275)
	at org.testng.internal.TestNGClassFinder.isNotTestNGClass(TestNGClassFinder.java:260)
	at org.testng.internal.TestNGClassFinder.processClass(TestNGClassFinder.java:94)
	at org.testng.internal.TestNGClassFinder.<init>(TestNGClassFinder.java:67)
	at org.testng.TestRunner.initMethods(TestRunner.java:442)
	at org.testng.TestRunner.init(TestRunner.java:336)
	at org.testng.TestRunner.init(TestRunner.java:289)
	at org.testng.TestRunner.<init>(TestRunner.java:179)
	at org.testng.SuiteRunner$DefaultTestRunnerFactory.newTestRunner(SuiteRunner.java:643)
	at org.testng.SuiteRunner.init(SuiteRunner.java:225)
	at org.testng.SuiteRunner.<init>(SuiteRunner.java:115)
	at org.testng.TestNG.createSuiteRunner(TestNG.java:1349)
	at org.testng.TestNG.createSuiteRunners(TestNG.java:1325)
	at org.testng.TestNG.runSuitesLocally(TestNG.java:1167)
	at org.testng.TestNG.runSuites(TestNG.java:1099)
	at org.testng.TestNG.run(TestNG.java:1067)
	at org.apache.maven.surefire.testng.TestNGExecutor.run(TestNGExecutor.java:324)
	at org.apache.maven.surefire.testng.TestNGXmlTestSuite.execute(TestNGXmlTestSuite.java:74)
	at org.apache.maven.surefire.testng.TestNGProvider.invoke(TestNGProvider.java:123)
	at org.apache.maven.surefire.booter.ForkedBooter.runSuitesInProcess(ForkedBooter.java:456)
	at org.apache.maven.surefire.booter.ForkedBooter.execute(ForkedBooter.java:169)
	at org.apache.maven.surefire.booter.ForkedBooter.run(ForkedBooter.java:595)
	at org.apache.maven.surefire.booter.ForkedBooter.main(ForkedBooter.java:581)

2023-02-13 11:57:16,047 main ERROR Unable to invoke factory method in class org.apache.logging.log4j.core.appender.RollingFileAppender for element RollingFile: java.lang.IllegalStateException: No factory method found for class org.apache.logging.log4j.core.appender.RollingFileAppender java.lang.IllegalStateException: No factory method found for class org.apache.logging.log4j.core.appender.RollingFileAppender
	at org.apache.logging.log4j.core.config.plugins.util.PluginBuilder.findFactoryMethod(PluginBuilder.java:260)
	at org.apache.logging.log4j.core.config.plugins.util.PluginBuilder.build(PluginBuilder.java:136)
	at org.apache.logging.log4j.core.config.AbstractConfiguration.createPluginObject(AbstractConfiguration.java:1138)
	at org.apache.logging.log4j.core.config.AbstractConfiguration.createConfiguration(AbstractConfiguration.java:1063)
	at org.apache.logging.log4j.core.appender.routing.RoutingAppender.createAppender(RoutingAppender.java:310)
	at org.apache.logging.log4j.core.appender.routing.RoutingAppender.getControl(RoutingAppender.java:282)
	at org.apache.logging.log4j.core.appender.routing.RoutingAppender.append(RoutingAppender.java:240)
	at org.apache.logging.log4j.core.config.AppenderControl.tryCallAppender(AppenderControl.java:161)
	at org.apache.logging.log4j.core.config.AppenderControl.callAppender0(AppenderControl.java:134)
	at org.apache.logging.log4j.core.config.AppenderControl.callAppenderPreventRecursion(AppenderControl.java:125)
	at org.apache.logging.log4j.core.config.AppenderControl.callAppender(AppenderControl.java:89)
	at org.apache.logging.log4j.core.config.LoggerConfig.callAppenders(LoggerConfig.java:683)
	at org.apache.logging.log4j.core.config.LoggerConfig.processLogEvent(LoggerConfig.java:641)
	at org.apache.logging.log4j.core.config.LoggerConfig.log(LoggerConfig.java:624)
	at org.apache.logging.log4j.core.config.LoggerConfig.log(LoggerConfig.java:560)
	at org.apache.logging.log4j.core.config.AwaitCompletionReliabilityStrategy.log(AwaitCompletionReliabilityStrategy.java:82)
	at org.apache.logging.log4j.core.Logger.log(Logger.java:162)
	at org.apache.logging.log4j.spi.AbstractLogger.logMessage(AbstractLogger.java:2106)
	at org.apache.logging.log4j.internal.DefaultLogBuilder.logMessage(DefaultLogBuilder.java:241)
	at org.apache.logging.log4j.internal.DefaultLogBuilder.log(DefaultLogBuilder.java:162)
	at org.apache.poi.openxml4j.opc.PackageRelationshipCollection.parseRelationshipsPart(PackageRelationshipCollection.java:309)
	at org.apache.poi.openxml4j.opc.PackageRelationshipCollection.<init>(PackageRelationshipCollection.java:160)
	at org.apache.poi.openxml4j.opc.PackageRelationshipCollection.<init>(PackageRelationshipCollection.java:130)
	at org.apache.poi.openxml4j.opc.PackagePart.loadRelationships(PackagePart.java:565)
	at org.apache.poi.openxml4j.opc.OPCPackage.getParts(OPCPackage.java:751)
	at org.apache.poi.openxml4j.opc.OPCPackage.open(OPCPackage.java:322)
	at org.apache.poi.ooxml.util.PackageHelper.open(PackageHelper.java:59)
	at org.apache.poi.xssf.usermodel.XSSFWorkbook.<init>(XSSFWorkbook.java:290)
	at org.apache.poi.xssf.usermodel.XSSFWorkbook.<init>(XSSFWorkbook.java:286)
	at externalResources.ExcelDataRead.<init>(ExcelDataRead.java:22)
	at listeners.AnnotationsTransformer.toBeExecuted(AnnotationsTransformer.java:36)
	at listeners.AnnotationsTransformer.transform(AnnotationsTransformer.java:24)
	at org.testng.internal.annotations.JDK15AnnotationFinder.transform(JDK15AnnotationFinder.java:172)
	at org.testng.internal.annotations.JDK15AnnotationFinder.lambda$findAnnotation$0(JDK15AnnotationFinder.java:279)
	at java.base/java.util.concurrent.ConcurrentHashMap.computeIfAbsent(ConcurrentHashMap.java:1705)
	at org.testng.internal.annotations.JDK15AnnotationFinder.findAnnotation(JDK15AnnotationFinder.java:275)
	at org.testng.internal.annotations.JDK15AnnotationFinder.findAnnotation(JDK15AnnotationFinder.java:113)
	at org.testng.internal.TestNGClassFinder.isTestNGClass(TestNGClassFinder.java:275)
	at org.testng.internal.TestNGClassFinder.isNotTestNGClass(TestNGClassFinder.java:260)
	at org.testng.internal.TestNGClassFinder.processClass(TestNGClassFinder.java:94)
	at org.testng.internal.TestNGClassFinder.<init>(TestNGClassFinder.java:67)
	at org.testng.TestRunner.initMethods(TestRunner.java:442)
	at org.testng.TestRunner.init(TestRunner.java:336)
	at org.testng.TestRunner.init(TestRunner.java:289)
	at org.testng.TestRunner.<init>(TestRunner.java:179)
	at org.testng.SuiteRunner$DefaultTestRunnerFactory.newTestRunner(SuiteRunner.java:643)
	at org.testng.SuiteRunner.init(SuiteRunner.java:225)
	at org.testng.SuiteRunner.<init>(SuiteRunner.java:115)
	at org.testng.TestNG.createSuiteRunner(TestNG.java:1349)
	at org.testng.TestNG.createSuiteRunners(TestNG.java:1325)
	at org.testng.TestNG.runSuitesLocally(TestNG.java:1167)
	at org.testng.TestNG.runSuites(TestNG.java:1099)
	at org.testng.TestNG.run(TestNG.java:1067)
	at org.apache.maven.surefire.testng.TestNGExecutor.run(TestNGExecutor.java:324)
	at org.apache.maven.surefire.testng.TestNGXmlTestSuite.execute(TestNGXmlTestSuite.java:74)
	at org.apache.maven.surefire.testng.TestNGProvider.invoke(TestNGProvider.java:123)
	at org.apache.maven.surefire.booter.ForkedBooter.runSuitesInProcess(ForkedBooter.java:456)
	at org.apache.maven.surefire.booter.ForkedBooter.execute(ForkedBooter.java:169)
	at org.apache.maven.surefire.booter.ForkedBooter.run(ForkedBooter.java:595)
	at org.apache.maven.surefire.booter.ForkedBooter.main(ForkedBooter.java:581)

2023-02-13 11:57:16,050 main ERROR Unable to create file ./results/logs/${ctx:threadName}.log java.io.IOException: The filename, directory name, or volume label syntax is incorrect
	at java.base/java.io.WinNTFileSystem.canonicalize0(Native Method)
	at java.base/java.io.WinNTFileSystem.canonicalize(WinNTFileSystem.java:483)
	at java.base/java.io.File.getCanonicalPath(File.java:626)
	at java.base/java.io.File.getCanonicalFile(File.java:651)
	at org.apache.logging.log4j.core.util.FileUtils.makeParentDirs(FileUtils.java:139)
	at org.apache.logging.log4j.core.appender.rolling.RollingFileManager$RollingFileManagerFactory.createManager(RollingFileManager.java:734)
	at org.apache.logging.log4j.core.appender.rolling.RollingFileManager$RollingFileManagerFactory.createManager(RollingFileManager.java:718)
	at org.apache.logging.log4j.core.appender.AbstractManager.getManager(AbstractManager.java:144)
	at org.apache.logging.log4j.core.appender.OutputStreamManager.getManager(OutputStreamManager.java:100)
	at org.apache.logging.log4j.core.appender.rolling.RollingFileManager.getFileManager(RollingFileManager.java:217)
	at org.apache.logging.log4j.core.appender.RollingFileAppender$Builder.build(RollingFileAppender.java:135)
	at org.apache.logging.log4j.core.appender.RollingFileAppender$Builder.build(RollingFileAppender.java:62)
	at org.apache.logging.log4j.core.config.plugins.util.PluginBuilder.build(PluginBuilder.java:124)
	at org.apache.logging.log4j.core.config.AbstractConfiguration.createPluginObject(AbstractConfiguration.java:1138)
	at org.apache.logging.log4j.core.config.AbstractConfiguration.createConfiguration(AbstractConfiguration.java:1063)
	at org.apache.logging.log4j.core.appender.routing.RoutingAppender.createAppender(RoutingAppender.java:310)
	at org.apache.logging.log4j.core.appender.routing.RoutingAppender.getControl(RoutingAppender.java:282)
	at org.apache.logging.log4j.core.appender.routing.RoutingAppender.append(RoutingAppender.java:240)
	at org.apache.logging.log4j.core.config.AppenderControl.tryCallAppender(AppenderControl.java:161)
	at org.apache.logging.log4j.core.config.AppenderControl.callAppender0(AppenderControl.java:134)
	at org.apache.logging.log4j.core.config.AppenderControl.callAppenderPreventRecursion(AppenderControl.java:125)
	at org.apache.logging.log4j.core.config.AppenderControl.callAppender(AppenderControl.java:89)
	at org.apache.logging.log4j.core.config.LoggerConfig.callAppenders(LoggerConfig.java:683)
	at org.apache.logging.log4j.core.config.LoggerConfig.processLogEvent(LoggerConfig.java:641)
	at org.apache.logging.log4j.core.config.LoggerConfig.log(LoggerConfig.java:624)
	at org.apache.logging.log4j.core.config.LoggerConfig.log(LoggerConfig.java:560)
	at org.apache.logging.log4j.core.config.AwaitCompletionReliabilityStrategy.log(AwaitCompletionReliabilityStrategy.java:82)
	at org.apache.logging.log4j.core.Logger.log(Logger.java:162)
	at org.apache.logging.log4j.spi.AbstractLogger.logMessage(AbstractLogger.java:2106)
	at org.apache.logging.log4j.internal.DefaultLogBuilder.logMessage(DefaultLogBuilder.java:241)
	at org.apache.logging.log4j.internal.DefaultLogBuilder.log(DefaultLogBuilder.java:162)
	at org.apache.poi.openxml4j.opc.PackageRelationshipCollection.parseRelationshipsPart(PackageRelationshipCollection.java:309)
	at org.apache.poi.openxml4j.opc.PackageRelationshipCollection.<init>(PackageRelationshipCollection.java:160)
	at org.apache.poi.openxml4j.opc.PackageRelationshipCollection.<init>(PackageRelationshipCollection.java:130)
	at org.apache.poi.openxml4j.opc.PackagePart.loadRelationships(PackagePart.java:565)
	at org.apache.poi.openxml4j.opc.OPCPackage.getParts(OPCPackage.java:751)
	at org.apache.poi.openxml4j.opc.OPCPackage.open(OPCPackage.java:322)
	at org.apache.poi.ooxml.util.PackageHelper.open(PackageHelper.java:59)
	at org.apache.poi.xssf.usermodel.XSSFWorkbook.<init>(XSSFWorkbook.java:290)
	at org.apache.poi.xssf.usermodel.XSSFWorkbook.<init>(XSSFWorkbook.java:286)
	at externalResources.ExcelDataRead.<init>(ExcelDataRead.java:22)
	at listeners.AnnotationsTransformer.toBeExecuted(AnnotationsTransformer.java:36)
	at listeners.AnnotationsTransformer.transform(AnnotationsTransformer.java:24)
	at org.testng.internal.annotations.JDK15AnnotationFinder.transform(JDK15AnnotationFinder.java:172)
	at org.testng.internal.annotations.JDK15AnnotationFinder.lambda$findAnnotation$0(JDK15AnnotationFinder.java:279)
	at java.base/java.util.concurrent.ConcurrentHashMap.computeIfAbsent(ConcurrentHashMap.java:1705)
	at org.testng.internal.annotations.JDK15AnnotationFinder.findAnnotation(JDK15AnnotationFinder.java:275)
	at org.testng.internal.annotations.JDK15AnnotationFinder.findAnnotation(JDK15AnnotationFinder.java:113)
	at org.testng.internal.TestNGClassFinder.isTestNGClass(TestNGClassFinder.java:275)
	at org.testng.internal.TestNGClassFinder.isNotTestNGClass(TestNGClassFinder.java:260)
	at org.testng.internal.TestNGClassFinder.processClass(TestNGClassFinder.java:94)
	at org.testng.internal.TestNGClassFinder.<init>(TestNGClassFinder.java:67)
	at org.testng.TestRunner.initMethods(TestRunner.java:442)
	at org.testng.TestRunner.init(TestRunner.java:336)
	at org.testng.TestRunner.init(TestRunner.java:289)
	at org.testng.TestRunner.<init>(TestRunner.java:179)
	at org.testng.SuiteRunner$DefaultTestRunnerFactory.newTestRunner(SuiteRunner.java:643)
	at org.testng.SuiteRunner.init(SuiteRunner.java:225)
	at org.testng.SuiteRunner.<init>(SuiteRunner.java:115)
	at org.testng.TestNG.createSuiteRunner(TestNG.java:1349)
	at org.testng.TestNG.createSuiteRunners(TestNG.java:1325)
	at org.testng.TestNG.runSuitesLocally(TestNG.java:1167)
	at org.testng.TestNG.runSuites(TestNG.java:1099)
	at org.testng.TestNG.run(TestNG.java:1067)
	at org.apache.maven.surefire.testng.TestNGExecutor.run(TestNGExecutor.java:324)
	at org.apache.maven.surefire.testng.TestNGXmlTestSuite.execute(TestNGXmlTestSuite.java:74)
	at org.apache.maven.surefire.testng.TestNGProvider.invoke(TestNGProvider.java:123)
	at org.apache.maven.surefire.booter.ForkedBooter.runSuitesInProcess(ForkedBooter.java:456)
	at org.apache.maven.surefire.booter.ForkedBooter.execute(ForkedBooter.java:169)
	at org.apache.maven.surefire.booter.ForkedBooter.run(ForkedBooter.java:595)
	at org.apache.maven.surefire.booter.ForkedBooter.main(ForkedBooter.java:581)

2023-02-13 11:57:16,050 main ERROR Could not create plugin of type class org.apache.logging.log4j.core.appender.RollingFileAppender for element RollingFile: java.lang.IllegalStateException: ManagerFactory [org.apache.logging.log4j.core.appender.rolling.RollingFileManager$RollingFileManagerFactory@4e6d7365] unable to create manager for [./results/logs/${ctx:threadName}.log] with data [org.apache.logging.log4j.core.appender.rolling.RollingFileManager$FactoryData@3effd4f3[pattern=./results/logs/${ctx:threadName}-%d{yyyy-MM-dd}.log, append=true, bufferedIO=true, bufferSize=8192, policy=SizeBasedTriggeringPolicy(size=512000), strategy=DefaultRolloverStrategy(min=1, max=7, useMax=true), advertiseURI=null, layout=%d{HH:mm:ss.SSS} [%t] %-5level %logger{36} - %msg%n, filePermissions=null, fileOwner=null]] java.lang.IllegalStateException: ManagerFactory [org.apache.logging.log4j.core.appender.rolling.RollingFileManager$RollingFileManagerFactory@4e6d7365] unable to create manager for [./results/logs/${ctx:threadName}.log] with data [org.apache.logging.log4j.core.appender.rolling.RollingFileManager$FactoryData@3effd4f3[pattern=./results/logs/${ctx:threadName}-%d{yyyy-MM-dd}.log, append=true, bufferedIO=true, bufferSize=8192, policy=SizeBasedTriggeringPolicy(size=512000), strategy=DefaultRolloverStrategy(min=1, max=7, useMax=true), advertiseURI=null, layout=%d{HH:mm:ss.SSS} [%t] %-5level %logger{36} - %msg%n, filePermissions=null, fileOwner=null]]
	at org.apache.logging.log4j.core.appender.AbstractManager.getManager(AbstractManager.java:146)
	at org.apache.logging.log4j.core.appender.OutputStreamManager.getManager(OutputStreamManager.java:100)
	at org.apache.logging.log4j.core.appender.rolling.RollingFileManager.getFileManager(RollingFileManager.java:217)
	at org.apache.logging.log4j.core.appender.RollingFileAppender$Builder.build(RollingFileAppender.java:135)
	at org.apache.logging.log4j.core.appender.RollingFileAppender$Builder.build(RollingFileAppender.java:62)
	at org.apache.logging.log4j.core.config.plugins.util.PluginBuilder.build(PluginBuilder.java:124)
	at org.apache.logging.log4j.core.config.AbstractConfiguration.createPluginObject(AbstractConfiguration.java:1138)
	at org.apache.logging.log4j.core.config.AbstractConfiguration.createConfiguration(AbstractConfiguration.java:1063)
	at org.apache.logging.log4j.core.appender.routing.RoutingAppender.createAppender(RoutingAppender.java:310)
	at org.apache.logging.log4j.core.appender.routing.RoutingAppender.getControl(RoutingAppender.java:282)
	at org.apache.logging.log4j.core.appender.routing.RoutingAppender.append(RoutingAppender.java:240)
	at org.apache.logging.log4j.core.config.AppenderControl.tryCallAppender(AppenderControl.java:161)
	at org.apache.logging.log4j.core.config.AppenderControl.callAppender0(AppenderControl.java:134)
	at org.apache.logging.log4j.core.config.AppenderControl.callAppenderPreventRecursion(AppenderControl.java:125)
	at org.apache.logging.log4j.core.config.AppenderControl.callAppender(AppenderControl.java:89)
	at org.apache.logging.log4j.core.config.LoggerConfig.callAppenders(LoggerConfig.java:683)
	at org.apache.logging.log4j.core.config.LoggerConfig.processLogEvent(LoggerConfig.java:641)
	at org.apache.logging.log4j.core.config.LoggerConfig.log(LoggerConfig.java:624)
	at org.apache.logging.log4j.core.config.LoggerConfig.log(LoggerConfig.java:560)
	at org.apache.logging.log4j.core.config.AwaitCompletionReliabilityStrategy.log(AwaitCompletionReliabilityStrategy.java:82)
	at org.apache.logging.log4j.core.Logger.log(Logger.java:162)
	at org.apache.logging.log4j.spi.AbstractLogger.logMessage(AbstractLogger.java:2106)
	at org.apache.logging.log4j.internal.DefaultLogBuilder.logMessage(DefaultLogBuilder.java:241)
	at org.apache.logging.log4j.internal.DefaultLogBuilder.log(DefaultLogBuilder.java:162)
	at org.apache.poi.openxml4j.opc.PackageRelationshipCollection.parseRelationshipsPart(PackageRelationshipCollection.java:309)
	at org.apache.poi.openxml4j.opc.PackageRelationshipCollection.<init>(PackageRelationshipCollection.java:160)
	at org.apache.poi.openxml4j.opc.PackageRelationshipCollection.<init>(PackageRelationshipCollection.java:130)
	at org.apache.poi.openxml4j.opc.PackagePart.loadRelationships(PackagePart.java:565)
	at org.apache.poi.openxml4j.opc.OPCPackage.getParts(OPCPackage.java:751)
	at org.apache.poi.openxml4j.opc.OPCPackage.open(OPCPackage.java:322)
	at org.apache.poi.ooxml.util.PackageHelper.open(PackageHelper.java:59)
	at org.apache.poi.xssf.usermodel.XSSFWorkbook.<init>(XSSFWorkbook.java:290)
	at org.apache.poi.xssf.usermodel.XSSFWorkbook.<init>(XSSFWorkbook.java:286)
	at externalResources.ExcelDataRead.<init>(ExcelDataRead.java:22)
	at listeners.AnnotationsTransformer.toBeExecuted(AnnotationsTransformer.java:36)
	at listeners.AnnotationsTransformer.transform(AnnotationsTransformer.java:24)
	at org.testng.internal.annotations.JDK15AnnotationFinder.transform(JDK15AnnotationFinder.java:172)
	at org.testng.internal.annotations.JDK15AnnotationFinder.lambda$findAnnotation$0(JDK15AnnotationFinder.java:279)
	at java.base/java.util.concurrent.ConcurrentHashMap.computeIfAbsent(ConcurrentHashMap.java:1705)
	at org.testng.internal.annotations.JDK15AnnotationFinder.findAnnotation(JDK15AnnotationFinder.java:275)
	at org.testng.internal.annotations.JDK15AnnotationFinder.findAnnotation(JDK15AnnotationFinder.java:113)
	at org.testng.internal.TestNGClassFinder.isTestNGClass(TestNGClassFinder.java:275)
	at org.testng.internal.TestNGClassFinder.isNotTestNGClass(TestNGClassFinder.java:260)
	at org.testng.internal.TestNGClassFinder.processClass(TestNGClassFinder.java:94)
	at org.testng.internal.TestNGClassFinder.<init>(TestNGClassFinder.java:67)
	at org.testng.TestRunner.initMethods(TestRunner.java:442)
	at org.testng.TestRunner.init(TestRunner.java:336)
	at org.testng.TestRunner.init(TestRunner.java:289)
	at org.testng.TestRunner.<init>(TestRunner.java:179)
	at org.testng.SuiteRunner$DefaultTestRunnerFactory.newTestRunner(SuiteRunner.java:643)
	at org.testng.SuiteRunner.init(SuiteRunner.java:225)
	at org.testng.SuiteRunner.<init>(SuiteRunner.java:115)
	at org.testng.TestNG.createSuiteRunner(TestNG.java:1349)
	at org.testng.TestNG.createSuiteRunners(TestNG.java:1325)
	at org.testng.TestNG.runSuitesLocally(TestNG.java:1167)
	at org.testng.TestNG.runSuites(TestNG.java:1099)
	at org.testng.TestNG.run(TestNG.java:1067)
	at org.apache.maven.surefire.testng.TestNGExecutor.run(TestNGExecutor.java:324)
	at org.apache.maven.surefire.testng.TestNGXmlTestSuite.execute(TestNGXmlTestSuite.java:74)
	at org.apache.maven.surefire.testng.TestNGProvider.invoke(TestNGProvider.java:123)
	at org.apache.maven.surefire.booter.ForkedBooter.runSuitesInProcess(ForkedBooter.java:456)
	at org.apache.maven.surefire.booter.ForkedBooter.execute(ForkedBooter.java:169)
	at org.apache.maven.surefire.booter.ForkedBooter.run(ForkedBooter.java:595)
	at org.apache.maven.surefire.booter.ForkedBooter.main(ForkedBooter.java:581)

2023-02-13 11:57:16,050 main ERROR Unable to invoke factory method in class org.apache.logging.log4j.core.appender.RollingFileAppender for element RollingFile: java.lang.IllegalStateException: No factory method found for class org.apache.logging.log4j.core.appender.RollingFileAppender java.lang.IllegalStateException: No factory method found for class org.apache.logging.log4j.core.appender.RollingFileAppender
	at org.apache.logging.log4j.core.config.plugins.util.PluginBuilder.findFactoryMethod(PluginBuilder.java:260)
	at org.apache.logging.log4j.core.config.plugins.util.PluginBuilder.build(PluginBuilder.java:136)
	at org.apache.logging.log4j.core.config.AbstractConfiguration.createPluginObject(AbstractConfiguration.java:1138)
	at org.apache.logging.log4j.core.config.AbstractConfiguration.createConfiguration(AbstractConfiguration.java:1063)
	at org.apache.logging.log4j.core.appender.routing.RoutingAppender.createAppender(RoutingAppender.java:310)
	at org.apache.logging.log4j.core.appender.routing.RoutingAppender.getControl(RoutingAppender.java:282)
	at org.apache.logging.log4j.core.appender.routing.RoutingAppender.append(RoutingAppender.java:240)
	at org.apache.logging.log4j.core.config.AppenderControl.tryCallAppender(AppenderControl.java:161)
	at org.apache.logging.log4j.core.config.AppenderControl.callAppender0(AppenderControl.java:134)
	at org.apache.logging.log4j.core.config.AppenderControl.callAppenderPreventRecursion(AppenderControl.java:125)
	at org.apache.logging.log4j.core.config.AppenderControl.callAppender(AppenderControl.java:89)
	at org.apache.logging.log4j.core.config.LoggerConfig.callAppenders(LoggerConfig.java:683)
	at org.apache.logging.log4j.core.config.LoggerConfig.processLogEvent(LoggerConfig.java:641)
	at org.apache.logging.log4j.core.config.LoggerConfig.log(LoggerConfig.java:624)
	at org.apache.logging.log4j.core.config.LoggerConfig.log(LoggerConfig.java:560)
	at org.apache.logging.log4j.core.config.AwaitCompletionReliabilityStrategy.log(AwaitCompletionReliabilityStrategy.java:82)
	at org.apache.logging.log4j.core.Logger.log(Logger.java:162)
	at org.apache.logging.log4j.spi.AbstractLogger.logMessage(AbstractLogger.java:2106)
	at org.apache.logging.log4j.internal.DefaultLogBuilder.logMessage(DefaultLogBuilder.java:241)
	at org.apache.logging.log4j.internal.DefaultLogBuilder.log(DefaultLogBuilder.java:162)
	at org.apache.poi.openxml4j.opc.PackageRelationshipCollection.parseRelationshipsPart(PackageRelationshipCollection.java:309)
	at org.apache.poi.openxml4j.opc.PackageRelationshipCollection.<init>(PackageRelationshipCollection.java:160)
	at org.apache.poi.openxml4j.opc.PackageRelationshipCollection.<init>(PackageRelationshipCollection.java:130)
	at org.apache.poi.openxml4j.opc.PackagePart.loadRelationships(PackagePart.java:565)
	at org.apache.poi.openxml4j.opc.OPCPackage.getParts(OPCPackage.java:751)
	at org.apache.poi.openxml4j.opc.OPCPackage.open(OPCPackage.java:322)
	at org.apache.poi.ooxml.util.PackageHelper.open(PackageHelper.java:59)
	at org.apache.poi.xssf.usermodel.XSSFWorkbook.<init>(XSSFWorkbook.java:290)
	at org.apache.poi.xssf.usermodel.XSSFWorkbook.<init>(XSSFWorkbook.java:286)
	at externalResources.ExcelDataRead.<init>(ExcelDataRead.java:22)
	at listeners.AnnotationsTransformer.toBeExecuted(AnnotationsTransformer.java:36)
	at listeners.AnnotationsTransformer.transform(AnnotationsTransformer.java:24)
	at org.testng.internal.annotations.JDK15AnnotationFinder.transform(JDK15AnnotationFinder.java:172)
	at org.testng.internal.annotations.JDK15AnnotationFinder.lambda$findAnnotation$0(JDK15AnnotationFinder.java:279)
	at java.base/java.util.concurrent.ConcurrentHashMap.computeIfAbsent(ConcurrentHashMap.java:1705)
	at org.testng.internal.annotations.JDK15AnnotationFinder.findAnnotation(JDK15AnnotationFinder.java:275)
	at org.testng.internal.annotations.JDK15AnnotationFinder.findAnnotation(JDK15AnnotationFinder.java:113)
	at org.testng.internal.TestNGClassFinder.isTestNGClass(TestNGClassFinder.java:275)
	at org.testng.internal.TestNGClassFinder.isNotTestNGClass(TestNGClassFinder.java:260)
	at org.testng.internal.TestNGClassFinder.processClass(TestNGClassFinder.java:94)
	at org.testng.internal.TestNGClassFinder.<init>(TestNGClassFinder.java:67)
	at org.testng.TestRunner.initMethods(TestRunner.java:442)
	at org.testng.TestRunner.init(TestRunner.java:336)
	at org.testng.TestRunner.init(TestRunner.java:289)
	at org.testng.TestRunner.<init>(TestRunner.java:179)
	at org.testng.SuiteRunner$DefaultTestRunnerFactory.newTestRunner(SuiteRunner.java:643)
	at org.testng.SuiteRunner.init(SuiteRunner.java:225)
	at org.testng.SuiteRunner.<init>(SuiteRunner.java:115)
	at org.testng.TestNG.createSuiteRunner(TestNG.java:1349)
	at org.testng.TestNG.createSuiteRunners(TestNG.java:1325)
	at org.testng.TestNG.runSuitesLocally(TestNG.java:1167)
	at org.testng.TestNG.runSuites(TestNG.java:1099)
	at org.testng.TestNG.run(TestNG.java:1067)
	at org.apache.maven.surefire.testng.TestNGExecutor.run(TestNGExecutor.java:324)
	at org.apache.maven.surefire.testng.TestNGXmlTestSuite.execute(TestNGXmlTestSuite.java:74)
	at org.apache.maven.surefire.testng.TestNGProvider.invoke(TestNGProvider.java:123)
	at org.apache.maven.surefire.booter.ForkedBooter.runSuitesInProcess(ForkedBooter.java:456)
	at org.apache.maven.surefire.booter.ForkedBooter.execute(ForkedBooter.java:169)
	at org.apache.maven.surefire.booter.ForkedBooter.run(ForkedBooter.java:595)
	at org.apache.maven.surefire.booter.ForkedBooter.main(ForkedBooter.java:581)

2023-02-13 11:57:16,052 main ERROR Unable to create file ./results/logs/${ctx:threadName}.log java.io.IOException: The filename, directory name, or volume label syntax is incorrect
	at java.base/java.io.WinNTFileSystem.canonicalize0(Native Method)
	at java.base/java.io.WinNTFileSystem.canonicalize(WinNTFileSystem.java:483)
	at java.base/java.io.File.getCanonicalPath(File.java:626)
	at java.base/java.io.File.getCanonicalFile(File.java:651)
	at org.apache.logging.log4j.core.util.FileUtils.makeParentDirs(FileUtils.java:139)
	at org.apache.logging.log4j.core.appender.rolling.RollingFileManager$RollingFileManagerFactory.createManager(RollingFileManager.java:734)
	at org.apache.logging.log4j.core.appender.rolling.RollingFileManager$RollingFileManagerFactory.createManager(RollingFileManager.java:718)
	at org.apache.logging.log4j.core.appender.AbstractManager.getManager(AbstractManager.java:144)
	at org.apache.logging.log4j.core.appender.OutputStreamManager.getManager(OutputStreamManager.java:100)
	at org.apache.logging.log4j.core.appender.rolling.RollingFileManager.getFileManager(RollingFileManager.java:217)
	at org.apache.logging.log4j.core.appender.RollingFileAppender$Builder.build(RollingFileAppender.java:135)
	at org.apache.logging.log4j.core.appender.RollingFileAppender$Builder.build(RollingFileAppender.java:62)
	at org.apache.logging.log4j.core.config.plugins.util.PluginBuilder.build(PluginBuilder.java:124)
	at org.apache.logging.log4j.core.config.AbstractConfiguration.createPluginObject(AbstractConfiguration.java:1138)
	at org.apache.logging.log4j.core.config.AbstractConfiguration.createConfiguration(AbstractConfiguration.java:1063)
	at org.apache.logging.log4j.core.appender.routing.RoutingAppender.createAppender(RoutingAppender.java:310)
	at org.apache.logging.log4j.core.appender.routing.RoutingAppender.getControl(RoutingAppender.java:282)
	at org.apache.logging.log4j.core.appender.routing.RoutingAppender.append(RoutingAppender.java:240)
	at org.apache.logging.log4j.core.config.AppenderControl.tryCallAppender(AppenderControl.java:161)
	at org.apache.logging.log4j.core.config.AppenderControl.callAppender0(AppenderControl.java:134)
	at org.apache.logging.log4j.core.config.AppenderControl.callAppenderPreventRecursion(AppenderControl.java:125)
	at org.apache.logging.log4j.core.config.AppenderControl.callAppender(AppenderControl.java:89)
	at org.apache.logging.log4j.core.config.LoggerConfig.callAppenders(LoggerConfig.java:683)
	at org.apache.logging.log4j.core.config.LoggerConfig.processLogEvent(LoggerConfig.java:641)
	at org.apache.logging.log4j.core.config.LoggerConfig.log(LoggerConfig.java:624)
	at org.apache.logging.log4j.core.config.LoggerConfig.log(LoggerConfig.java:560)
	at org.apache.logging.log4j.core.config.AwaitCompletionReliabilityStrategy.log(AwaitCompletionReliabilityStrategy.java:82)
	at org.apache.logging.log4j.core.Logger.log(Logger.java:162)
	at org.apache.logging.log4j.spi.AbstractLogger.logMessage(AbstractLogger.java:2106)
	at org.apache.logging.log4j.internal.DefaultLogBuilder.logMessage(DefaultLogBuilder.java:241)
	at org.apache.logging.log4j.internal.DefaultLogBuilder.log(DefaultLogBuilder.java:162)
	at org.apache.poi.openxml4j.opc.PackageRelationshipCollection.parseRelationshipsPart(PackageRelationshipCollection.java:309)
	at org.apache.poi.openxml4j.opc.PackageRelationshipCollection.<init>(PackageRelationshipCollection.java:160)
	at org.apache.poi.openxml4j.opc.PackageRelationshipCollection.<init>(PackageRelationshipCollection.java:130)
	at org.apache.poi.openxml4j.opc.PackagePart.loadRelationships(PackagePart.java:565)
	at org.apache.poi.openxml4j.opc.OPCPackage.getParts(OPCPackage.java:751)
	at org.apache.poi.openxml4j.opc.OPCPackage.open(OPCPackage.java:322)
	at org.apache.poi.ooxml.util.PackageHelper.open(PackageHelper.java:59)
	at org.apache.poi.xssf.usermodel.XSSFWorkbook.<init>(XSSFWorkbook.java:290)
	at org.apache.poi.xssf.usermodel.XSSFWorkbook.<init>(XSSFWorkbook.java:286)
	at externalResources.ExcelDataRead.<init>(ExcelDataRead.java:22)
	at listeners.AnnotationsTransformer.toBeExecuted(AnnotationsTransformer.java:36)
	at listeners.AnnotationsTransformer.transform(AnnotationsTransformer.java:24)
	at org.testng.internal.annotations.JDK15AnnotationFinder.transform(JDK15AnnotationFinder.java:172)
	at org.testng.internal.annotations.JDK15AnnotationFinder.lambda$findAnnotation$0(JDK15AnnotationFinder.java:279)
	at java.base/java.util.concurrent.ConcurrentHashMap.computeIfAbsent(ConcurrentHashMap.java:1705)
	at org.testng.internal.annotations.JDK15AnnotationFinder.findAnnotation(JDK15AnnotationFinder.java:275)
	at org.testng.internal.annotations.JDK15AnnotationFinder.findAnnotation(JDK15AnnotationFinder.java:113)
	at org.testng.internal.TestNGClassFinder.isTestNGClass(TestNGClassFinder.java:275)
	at org.testng.internal.TestNGClassFinder.isNotTestNGClass(TestNGClassFinder.java:260)
	at org.testng.internal.TestNGClassFinder.processClass(TestNGClassFinder.java:94)
	at org.testng.internal.TestNGClassFinder.<init>(TestNGClassFinder.java:67)
	at org.testng.TestRunner.initMethods(TestRunner.java:442)
	at org.testng.TestRunner.init(TestRunner.java:336)
	at org.testng.TestRunner.init(TestRunner.java:289)
	at org.testng.TestRunner.<init>(TestRunner.java:179)
	at org.testng.SuiteRunner$DefaultTestRunnerFactory.newTestRunner(SuiteRunner.java:643)
	at org.testng.SuiteRunner.init(SuiteRunner.java:225)
	at org.testng.SuiteRunner.<init>(SuiteRunner.java:115)
	at org.testng.TestNG.createSuiteRunner(TestNG.java:1349)
	at org.testng.TestNG.createSuiteRunners(TestNG.java:1325)
	at org.testng.TestNG.runSuitesLocally(TestNG.java:1167)
	at org.testng.TestNG.runSuites(TestNG.java:1099)
	at org.testng.TestNG.run(TestNG.java:1067)
	at org.apache.maven.surefire.testng.TestNGExecutor.run(TestNGExecutor.java:324)
	at org.apache.maven.surefire.testng.TestNGXmlTestSuite.execute(TestNGXmlTestSuite.java:74)
	at org.apache.maven.surefire.testng.TestNGProvider.invoke(TestNGProvider.java:123)
	at org.apache.maven.surefire.booter.ForkedBooter.runSuitesInProcess(ForkedBooter.java:456)
	at org.apache.maven.surefire.booter.ForkedBooter.execute(ForkedBooter.java:169)
	at org.apache.maven.surefire.booter.ForkedBooter.run(ForkedBooter.java:595)
	at org.apache.maven.surefire.booter.ForkedBooter.main(ForkedBooter.java:581)

2023-02-13 11:57:16,053 main ERROR Could not create plugin of type class org.apache.logging.log4j.core.appender.RollingFileAppender for element RollingFile: java.lang.IllegalStateException: ManagerFactory [org.apache.logging.log4j.core.appender.rolling.RollingFileManager$RollingFileManagerFactory@4e6d7365] unable to create manager for [./results/logs/${ctx:threadName}.log] with data [org.apache.logging.log4j.core.appender.rolling.RollingFileManager$FactoryData@11d4dbd6[pattern=./results/logs/${ctx:threadName}-%d{yyyy-MM-dd}.log, append=true, bufferedIO=true, bufferSize=8192, policy=SizeBasedTriggeringPolicy(size=512000), strategy=DefaultRolloverStrategy(min=1, max=7, useMax=true), advertiseURI=null, layout=%d{HH:mm:ss.SSS} [%t] %-5level %logger{36} - %msg%n, filePermissions=null, fileOwner=null]] java.lang.IllegalStateException: ManagerFactory [org.apache.logging.log4j.core.appender.rolling.RollingFileManager$RollingFileManagerFactory@4e6d7365] unable to create manager for [./results/logs/${ctx:threadName}.log] with data [org.apache.logging.log4j.core.appender.rolling.RollingFileManager$FactoryData@11d4dbd6[pattern=./results/logs/${ctx:threadName}-%d{yyyy-MM-dd}.log, append=true, bufferedIO=true, bufferSize=8192, policy=SizeBasedTriggeringPolicy(size=512000), strategy=DefaultRolloverStrategy(min=1, max=7, useMax=true), advertiseURI=null, layout=%d{HH:mm:ss.SSS} [%t] %-5level %logger{36} - %msg%n, filePermissions=null, fileOwner=null]]
	at org.apache.logging.log4j.core.appender.AbstractManager.getManager(AbstractManager.java:146)
	at org.apache.logging.log4j.core.appender.OutputStreamManager.getManager(OutputStreamManager.java:100)
	at org.apache.logging.log4j.core.appender.rolling.RollingFileManager.getFileManager(RollingFileManager.java:217)
	at org.apache.logging.log4j.core.appender.RollingFileAppender$Builder.build(RollingFileAppender.java:135)
	at org.apache.logging.log4j.core.appender.RollingFileAppender$Builder.build(RollingFileAppender.java:62)
	at org.apache.logging.log4j.core.config.plugins.util.PluginBuilder.build(PluginBuilder.java:124)
	at org.apache.logging.log4j.core.config.AbstractConfiguration.createPluginObject(AbstractConfiguration.java:1138)
	at org.apache.logging.log4j.core.config.AbstractConfiguration.createConfiguration(AbstractConfiguration.java:1063)
	at org.apache.logging.log4j.core.appender.routing.RoutingAppender.createAppender(RoutingAppender.java:310)
	at org.apache.logging.log4j.core.appender.routing.RoutingAppender.getControl(RoutingAppender.java:282)
	at org.apache.logging.log4j.core.appender.routing.RoutingAppender.append(RoutingAppender.java:240)
	at org.apache.logging.log4j.core.config.AppenderControl.tryCallAppender(AppenderControl.java:161)
	at org.apache.logging.log4j.core.config.AppenderControl.callAppender0(AppenderControl.java:134)
	at org.apache.logging.log4j.core.config.AppenderControl.callAppenderPreventRecursion(AppenderControl.java:125)
	at org.apache.logging.log4j.core.config.AppenderControl.callAppender(AppenderControl.java:89)
	at org.apache.logging.log4j.core.config.LoggerConfig.callAppenders(LoggerConfig.java:683)
	at org.apache.logging.log4j.core.config.LoggerConfig.processLogEvent(LoggerConfig.java:641)
	at org.apache.logging.log4j.core.config.LoggerConfig.log(LoggerConfig.java:624)
	at org.apache.logging.log4j.core.config.LoggerConfig.log(LoggerConfig.java:560)
	at org.apache.logging.log4j.core.config.AwaitCompletionReliabilityStrategy.log(AwaitCompletionReliabilityStrategy.java:82)
	at org.apache.logging.log4j.core.Logger.log(Logger.java:162)
	at org.apache.logging.log4j.spi.AbstractLogger.logMessage(AbstractLogger.java:2106)
	at org.apache.logging.log4j.internal.DefaultLogBuilder.logMessage(DefaultLogBuilder.java:241)
	at org.apache.logging.log4j.internal.DefaultLogBuilder.log(DefaultLogBuilder.java:162)
	at org.apache.poi.openxml4j.opc.PackageRelationshipCollection.parseRelationshipsPart(PackageRelationshipCollection.java:309)
	at org.apache.poi.openxml4j.opc.PackageRelationshipCollection.<init>(PackageRelationshipCollection.java:160)
	at org.apache.poi.openxml4j.opc.PackageRelationshipCollection.<init>(PackageRelationshipCollection.java:130)
	at org.apache.poi.openxml4j.opc.PackagePart.loadRelationships(PackagePart.java:565)
	at org.apache.poi.openxml4j.opc.OPCPackage.getParts(OPCPackage.java:751)
	at org.apache.poi.openxml4j.opc.OPCPackage.open(OPCPackage.java:322)
	at org.apache.poi.ooxml.util.PackageHelper.open(PackageHelper.java:59)
	at org.apache.poi.xssf.usermodel.XSSFWorkbook.<init>(XSSFWorkbook.java:290)
	at org.apache.poi.xssf.usermodel.XSSFWorkbook.<init>(XSSFWorkbook.java:286)
	at externalResources.ExcelDataRead.<init>(ExcelDataRead.java:22)
	at listeners.AnnotationsTransformer.toBeExecuted(AnnotationsTransformer.java:36)
	at listeners.AnnotationsTransformer.transform(AnnotationsTransformer.java:24)
	at org.testng.internal.annotations.JDK15AnnotationFinder.transform(JDK15AnnotationFinder.java:172)
	at org.testng.internal.annotations.JDK15AnnotationFinder.lambda$findAnnotation$0(JDK15AnnotationFinder.java:279)
	at java.base/java.util.concurrent.ConcurrentHashMap.computeIfAbsent(ConcurrentHashMap.java:1705)
	at org.testng.internal.annotations.JDK15AnnotationFinder.findAnnotation(JDK15AnnotationFinder.java:275)
	at org.testng.internal.annotations.JDK15AnnotationFinder.findAnnotation(JDK15AnnotationFinder.java:113)
	at org.testng.internal.TestNGClassFinder.isTestNGClass(TestNGClassFinder.java:275)
	at org.testng.internal.TestNGClassFinder.isNotTestNGClass(TestNGClassFinder.java:260)
	at org.testng.internal.TestNGClassFinder.processClass(TestNGClassFinder.java:94)
	at org.testng.internal.TestNGClassFinder.<init>(TestNGClassFinder.java:67)
	at org.testng.TestRunner.initMethods(TestRunner.java:442)
	at org.testng.TestRunner.init(TestRunner.java:336)
	at org.testng.TestRunner.init(TestRunner.java:289)
	at org.testng.TestRunner.<init>(TestRunner.java:179)
	at org.testng.SuiteRunner$DefaultTestRunnerFactory.newTestRunner(SuiteRunner.java:643)
	at org.testng.SuiteRunner.init(SuiteRunner.java:225)
	at org.testng.SuiteRunner.<init>(SuiteRunner.java:115)
	at org.testng.TestNG.createSuiteRunner(TestNG.java:1349)
	at org.testng.TestNG.createSuiteRunners(TestNG.java:1325)
	at org.testng.TestNG.runSuitesLocally(TestNG.java:1167)
	at org.testng.TestNG.runSuites(TestNG.java:1099)
	at org.testng.TestNG.run(TestNG.java:1067)
	at org.apache.maven.surefire.testng.TestNGExecutor.run(TestNGExecutor.java:324)
	at org.apache.maven.surefire.testng.TestNGXmlTestSuite.execute(TestNGXmlTestSuite.java:74)
	at org.apache.maven.surefire.testng.TestNGProvider.invoke(TestNGProvider.java:123)
	at org.apache.maven.surefire.booter.ForkedBooter.runSuitesInProcess(ForkedBooter.java:456)
	at org.apache.maven.surefire.booter.ForkedBooter.execute(ForkedBooter.java:169)
	at org.apache.maven.surefire.booter.ForkedBooter.run(ForkedBooter.java:595)
	at org.apache.maven.surefire.booter.ForkedBooter.main(ForkedBooter.java:581)

2023-02-13 11:57:16,053 main ERROR Unable to invoke factory method in class org.apache.logging.log4j.core.appender.RollingFileAppender for element RollingFile: java.lang.IllegalStateException: No factory method found for class org.apache.logging.log4j.core.appender.RollingFileAppender java.lang.IllegalStateException: No factory method found for class org.apache.logging.log4j.core.appender.RollingFileAppender
	at org.apache.logging.log4j.core.config.plugins.util.PluginBuilder.findFactoryMethod(PluginBuilder.java:260)
	at org.apache.logging.log4j.core.config.plugins.util.PluginBuilder.build(PluginBuilder.java:136)
	at org.apache.logging.log4j.core.config.AbstractConfiguration.createPluginObject(AbstractConfiguration.java:1138)
	at org.apache.logging.log4j.core.config.AbstractConfiguration.createConfiguration(AbstractConfiguration.java:1063)
	at org.apache.logging.log4j.core.appender.routing.RoutingAppender.createAppender(RoutingAppender.java:310)
	at org.apache.logging.log4j.core.appender.routing.RoutingAppender.getControl(RoutingAppender.java:282)
	at org.apache.logging.log4j.core.appender.routing.RoutingAppender.append(RoutingAppender.java:240)
	at org.apache.logging.log4j.core.config.AppenderControl.tryCallAppender(AppenderControl.java:161)
	at org.apache.logging.log4j.core.config.AppenderControl.callAppender0(AppenderControl.java:134)
	at org.apache.logging.log4j.core.config.AppenderControl.callAppenderPreventRecursion(AppenderControl.java:125)
	at org.apache.logging.log4j.core.config.AppenderControl.callAppender(AppenderControl.java:89)
	at org.apache.logging.log4j.core.config.LoggerConfig.callAppenders(LoggerConfig.java:683)
	at org.apache.logging.log4j.core.config.LoggerConfig.processLogEvent(LoggerConfig.java:641)
	at org.apache.logging.log4j.core.config.LoggerConfig.log(LoggerConfig.java:624)
	at org.apache.logging.log4j.core.config.LoggerConfig.log(LoggerConfig.java:560)
	at org.apache.logging.log4j.core.config.AwaitCompletionReliabilityStrategy.log(AwaitCompletionReliabilityStrategy.java:82)
	at org.apache.logging.log4j.core.Logger.log(Logger.java:162)
	at org.apache.logging.log4j.spi.AbstractLogger.logMessage(AbstractLogger.java:2106)
	at org.apache.logging.log4j.internal.DefaultLogBuilder.logMessage(DefaultLogBuilder.java:241)
	at org.apache.logging.log4j.internal.DefaultLogBuilder.log(DefaultLogBuilder.java:162)
	at org.apache.poi.openxml4j.opc.PackageRelationshipCollection.parseRelationshipsPart(PackageRelationshipCollection.java:309)
	at org.apache.poi.openxml4j.opc.PackageRelationshipCollection.<init>(PackageRelationshipCollection.java:160)
	at org.apache.poi.openxml4j.opc.PackageRelationshipCollection.<init>(PackageRelationshipCollection.java:130)
	at org.apache.poi.openxml4j.opc.PackagePart.loadRelationships(PackagePart.java:565)
	at org.apache.poi.openxml4j.opc.OPCPackage.getParts(OPCPackage.java:751)
	at org.apache.poi.openxml4j.opc.OPCPackage.open(OPCPackage.java:322)
	at org.apache.poi.ooxml.util.PackageHelper.open(PackageHelper.java:59)
	at org.apache.poi.xssf.usermodel.XSSFWorkbook.<init>(XSSFWorkbook.java:290)
	at org.apache.poi.xssf.usermodel.XSSFWorkbook.<init>(XSSFWorkbook.java:286)
	at externalResources.ExcelDataRead.<init>(ExcelDataRead.java:22)
	at listeners.AnnotationsTransformer.toBeExecuted(AnnotationsTransformer.java:36)
	at listeners.AnnotationsTransformer.transform(AnnotationsTransformer.java:24)
	at org.testng.internal.annotations.JDK15AnnotationFinder.transform(JDK15AnnotationFinder.java:172)
	at org.testng.internal.annotations.JDK15AnnotationFinder.lambda$findAnnotation$0(JDK15AnnotationFinder.java:279)
	at java.base/java.util.concurrent.ConcurrentHashMap.computeIfAbsent(ConcurrentHashMap.java:1705)
	at org.testng.internal.annotations.JDK15AnnotationFinder.findAnnotation(JDK15AnnotationFinder.java:275)
	at org.testng.internal.annotations.JDK15AnnotationFinder.findAnnotation(JDK15AnnotationFinder.java:113)
	at org.testng.internal.TestNGClassFinder.isTestNGClass(TestNGClassFinder.java:275)
	at org.testng.internal.TestNGClassFinder.isNotTestNGClass(TestNGClassFinder.java:260)
	at org.testng.internal.TestNGClassFinder.processClass(TestNGClassFinder.java:94)
	at org.testng.internal.TestNGClassFinder.<init>(TestNGClassFinder.java:67)
	at org.testng.TestRunner.initMethods(TestRunner.java:442)
	at org.testng.TestRunner.init(TestRunner.java:336)
	at org.testng.TestRunner.init(TestRunner.java:289)
	at org.testng.TestRunner.<init>(TestRunner.java:179)
	at org.testng.SuiteRunner$DefaultTestRunnerFactory.newTestRunner(SuiteRunner.java:643)
	at org.testng.SuiteRunner.init(SuiteRunner.java:225)
	at org.testng.SuiteRunner.<init>(SuiteRunner.java:115)
	at org.testng.TestNG.createSuiteRunner(TestNG.java:1349)
	at org.testng.TestNG.createSuiteRunners(TestNG.java:1325)
	at org.testng.TestNG.runSuitesLocally(TestNG.java:1167)
	at org.testng.TestNG.runSuites(TestNG.java:1099)
	at org.testng.TestNG.run(TestNG.java:1067)
	at org.apache.maven.surefire.testng.TestNGExecutor.run(TestNGExecutor.java:324)
	at org.apache.maven.surefire.testng.TestNGXmlTestSuite.execute(TestNGXmlTestSuite.java:74)
	at org.apache.maven.surefire.testng.TestNGProvider.invoke(TestNGProvider.java:123)
	at org.apache.maven.surefire.booter.ForkedBooter.runSuitesInProcess(ForkedBooter.java:456)
	at org.apache.maven.surefire.booter.ForkedBooter.execute(ForkedBooter.java:169)
	at org.apache.maven.surefire.booter.ForkedBooter.run(ForkedBooter.java:595)
	at org.apache.maven.surefire.booter.ForkedBooter.main(ForkedBooter.java:581)

2023-02-13 11:57:16,056 main ERROR Unable to create file ./results/logs/${ctx:threadName}.log java.io.IOException: The filename, directory name, or volume label syntax is incorrect
	at java.base/java.io.WinNTFileSystem.canonicalize0(Native Method)
	at java.base/java.io.WinNTFileSystem.canonicalize(WinNTFileSystem.java:483)
	at java.base/java.io.File.getCanonicalPath(File.java:626)
	at java.base/java.io.File.getCanonicalFile(File.java:651)
	at org.apache.logging.log4j.core.util.FileUtils.makeParentDirs(FileUtils.java:139)
	at org.apache.logging.log4j.core.appender.rolling.RollingFileManager$RollingFileManagerFactory.createManager(RollingFileManager.java:734)
	at org.apache.logging.log4j.core.appender.rolling.RollingFileManager$RollingFileManagerFactory.createManager(RollingFileManager.java:718)
	at org.apache.logging.log4j.core.appender.AbstractManager.getManager(AbstractManager.java:144)
	at org.apache.logging.log4j.core.appender.OutputStreamManager.getManager(OutputStreamManager.java:100)
	at org.apache.logging.log4j.core.appender.rolling.RollingFileManager.getFileManager(RollingFileManager.java:217)
	at org.apache.logging.log4j.core.appender.RollingFileAppender$Builder.build(RollingFileAppender.java:135)
	at org.apache.logging.log4j.core.appender.RollingFileAppender$Builder.build(RollingFileAppender.java:62)
	at org.apache.logging.log4j.core.config.plugins.util.PluginBuilder.build(PluginBuilder.java:124)
	at org.apache.logging.log4j.core.config.AbstractConfiguration.createPluginObject(AbstractConfiguration.java:1138)
	at org.apache.logging.log4j.core.config.AbstractConfiguration.createConfiguration(AbstractConfiguration.java:1063)
	at org.apache.logging.log4j.core.appender.routing.RoutingAppender.createAppender(RoutingAppender.java:310)
	at org.apache.logging.log4j.core.appender.routing.RoutingAppender.getControl(RoutingAppender.java:282)
	at org.apache.logging.log4j.core.appender.routing.RoutingAppender.append(RoutingAppender.java:240)
	at org.apache.logging.log4j.core.config.AppenderControl.tryCallAppender(AppenderControl.java:161)
	at org.apache.logging.log4j.core.config.AppenderControl.callAppender0(AppenderControl.java:134)
	at org.apache.logging.log4j.core.config.AppenderControl.callAppenderPreventRecursion(AppenderControl.java:125)
	at org.apache.logging.log4j.core.config.AppenderControl.callAppender(AppenderControl.java:89)
	at org.apache.logging.log4j.core.config.LoggerConfig.callAppenders(LoggerConfig.java:683)
	at org.apache.logging.log4j.core.config.LoggerConfig.processLogEvent(LoggerConfig.java:641)
	at org.apache.logging.log4j.core.config.LoggerConfig.log(LoggerConfig.java:624)
	at org.apache.logging.log4j.core.config.LoggerConfig.log(LoggerConfig.java:560)
	at org.apache.logging.log4j.core.config.AwaitCompletionReliabilityStrategy.log(AwaitCompletionReliabilityStrategy.java:82)
	at org.apache.logging.log4j.core.Logger.log(Logger.java:162)
	at org.apache.logging.log4j.spi.AbstractLogger.logMessage(AbstractLogger.java:2106)
	at org.apache.logging.log4j.internal.DefaultLogBuilder.logMessage(DefaultLogBuilder.java:241)
	at org.apache.logging.log4j.internal.DefaultLogBuilder.log(DefaultLogBuilder.java:162)
	at org.apache.poi.openxml4j.opc.PackageRelationshipCollection.parseRelationshipsPart(PackageRelationshipCollection.java:309)
	at org.apache.poi.openxml4j.opc.PackageRelationshipCollection.<init>(PackageRelationshipCollection.java:160)
	at org.apache.poi.openxml4j.opc.PackageRelationshipCollection.<init>(PackageRelationshipCollection.java:116)
	at org.apache.poi.openxml4j.opc.OPCPackage.ensureRelationships(OPCPackage.java:1346)
	at org.apache.poi.openxml4j.opc.OPCPackage.getRelationshipsHelper(OPCPackage.java:1325)
	at org.apache.poi.openxml4j.opc.OPCPackage.getRelationshipsByType(OPCPackage.java:1313)
	at org.apache.poi.ooxml.POIXMLDocumentPart.getPartFromOPCPackage(POIXMLDocumentPart.java:743)
	at org.apache.poi.ooxml.POIXMLDocumentPart.<init>(POIXMLDocumentPart.java:151)
	at org.apache.poi.ooxml.POIXMLDocumentPart.<init>(POIXMLDocumentPart.java:141)
	at org.apache.poi.ooxml.POIXMLDocument.<init>(POIXMLDocument.java:60)
	at org.apache.poi.xssf.usermodel.XSSFWorkbook.<init>(XSSFWorkbook.java:254)
	at org.apache.poi.xssf.usermodel.XSSFWorkbook.<init>(XSSFWorkbook.java:290)
	at org.apache.poi.xssf.usermodel.XSSFWorkbook.<init>(XSSFWorkbook.java:286)
	at externalResources.ExcelDataRead.<init>(ExcelDataRead.java:22)
	at listeners.AnnotationsTransformer.toBeExecuted(AnnotationsTransformer.java:36)
	at listeners.AnnotationsTransformer.transform(AnnotationsTransformer.java:24)
	at org.testng.internal.annotations.JDK15AnnotationFinder.transform(JDK15AnnotationFinder.java:172)
	at org.testng.internal.annotations.JDK15AnnotationFinder.lambda$findAnnotation$0(JDK15AnnotationFinder.java:279)
	at java.base/java.util.concurrent.ConcurrentHashMap.computeIfAbsent(ConcurrentHashMap.java:1705)
	at org.testng.internal.annotations.JDK15AnnotationFinder.findAnnotation(JDK15AnnotationFinder.java:275)
	at org.testng.internal.annotations.JDK15AnnotationFinder.findAnnotation(JDK15AnnotationFinder.java:113)
	at org.testng.internal.TestNGClassFinder.isTestNGClass(TestNGClassFinder.java:275)
	at org.testng.internal.TestNGClassFinder.isNotTestNGClass(TestNGClassFinder.java:260)
	at org.testng.internal.TestNGClassFinder.processClass(TestNGClassFinder.java:94)
	at org.testng.internal.TestNGClassFinder.<init>(TestNGClassFinder.java:67)
	at org.testng.TestRunner.initMethods(TestRunner.java:442)
	at org.testng.TestRunner.init(TestRunner.java:336)
	at org.testng.TestRunner.init(TestRunner.java:289)
	at org.testng.TestRunner.<init>(TestRunner.java:179)
	at org.testng.SuiteRunner$DefaultTestRunnerFactory.newTestRunner(SuiteRunner.java:643)
	at org.testng.SuiteRunner.init(SuiteRunner.java:225)
	at org.testng.SuiteRunner.<init>(SuiteRunner.java:115)
	at org.testng.TestNG.createSuiteRunner(TestNG.java:1349)
	at org.testng.TestNG.createSuiteRunners(TestNG.java:1325)
	at org.testng.TestNG.runSuitesLocally(TestNG.java:1167)
	at org.testng.TestNG.runSuites(TestNG.java:1099)
	at org.testng.TestNG.run(TestNG.java:1067)
	at org.apache.maven.surefire.testng.TestNGExecutor.run(TestNGExecutor.java:324)
	at org.apache.maven.surefire.testng.TestNGXmlTestSuite.execute(TestNGXmlTestSuite.java:74)
	at org.apache.maven.surefire.testng.TestNGProvider.invoke(TestNGProvider.java:123)
	at org.apache.maven.surefire.booter.ForkedBooter.runSuitesInProcess(ForkedBooter.java:456)
	at org.apache.maven.surefire.booter.ForkedBooter.execute(ForkedBooter.java:169)
	at org.apache.maven.surefire.booter.ForkedBooter.run(ForkedBooter.java:595)
	at org.apache.maven.surefire.booter.ForkedBooter.main(ForkedBooter.java:581)

2023-02-13 11:57:16,057 main ERROR Could not create plugin of type class org.apache.logging.log4j.core.appender.RollingFileAppender for element RollingFile: java.lang.IllegalStateException: ManagerFactory [org.apache.logging.log4j.core.appender.rolling.RollingFileManager$RollingFileManagerFactory@4e6d7365] unable to create manager for [./results/logs/${ctx:threadName}.log] with data [org.apache.logging.log4j.core.appender.rolling.RollingFileManager$FactoryData@390877d2[pattern=./results/logs/${ctx:threadName}-%d{yyyy-MM-dd}.log, append=true, bufferedIO=true, bufferSize=8192, policy=SizeBasedTriggeringPolicy(size=512000), strategy=DefaultRolloverStrategy(min=1, max=7, useMax=true), advertiseURI=null, layout=%d{HH:mm:ss.SSS} [%t] %-5level %logger{36} - %msg%n, filePermissions=null, fileOwner=null]] java.lang.IllegalStateException: ManagerFactory [org.apache.logging.log4j.core.appender.rolling.RollingFileManager$RollingFileManagerFactory@4e6d7365] unable to create manager for [./results/logs/${ctx:threadName}.log] with data [org.apache.logging.log4j.core.appender.rolling.RollingFileManager$FactoryData@390877d2[pattern=./results/logs/${ctx:threadName}-%d{yyyy-MM-dd}.log, append=true, bufferedIO=true, bufferSize=8192, policy=SizeBasedTriggeringPolicy(size=512000), strategy=DefaultRolloverStrategy(min=1, max=7, useMax=true), advertiseURI=null, layout=%d{HH:mm:ss.SSS} [%t] %-5level %logger{36} - %msg%n, filePermissions=null, fileOwner=null]]
	at org.apache.logging.log4j.core.appender.AbstractManager.getManager(AbstractManager.java:146)
	at org.apache.logging.log4j.core.appender.OutputStreamManager.getManager(OutputStreamManager.java:100)
	at org.apache.logging.log4j.core.appender.rolling.RollingFileManager.getFileManager(RollingFileManager.java:217)
	at org.apache.logging.log4j.core.appender.RollingFileAppender$Builder.build(RollingFileAppender.java:135)
	at org.apache.logging.log4j.core.appender.RollingFileAppender$Builder.build(RollingFileAppender.java:62)
	at org.apache.logging.log4j.core.config.plugins.util.PluginBuilder.build(PluginBuilder.java:124)
	at org.apache.logging.log4j.core.config.AbstractConfiguration.createPluginObject(AbstractConfiguration.java:1138)
	at org.apache.logging.log4j.core.config.AbstractConfiguration.createConfiguration(AbstractConfiguration.java:1063)
	at org.apache.logging.log4j.core.appender.routing.RoutingAppender.createAppender(RoutingAppender.java:310)
	at org.apache.logging.log4j.core.appender.routing.RoutingAppender.getControl(RoutingAppender.java:282)
	at org.apache.logging.log4j.core.appender.routing.RoutingAppender.append(RoutingAppender.java:240)
	at org.apache.logging.log4j.core.config.AppenderControl.tryCallAppender(AppenderControl.java:161)
	at org.apache.logging.log4j.core.config.AppenderControl.callAppender0(AppenderControl.java:134)
	at org.apache.logging.log4j.core.config.AppenderControl.callAppenderPreventRecursion(AppenderControl.java:125)
	at org.apache.logging.log4j.core.config.AppenderControl.callAppender(AppenderControl.java:89)
	at org.apache.logging.log4j.core.config.LoggerConfig.callAppenders(LoggerConfig.java:683)
	at org.apache.logging.log4j.core.config.LoggerConfig.processLogEvent(LoggerConfig.java:641)
	at org.apache.logging.log4j.core.config.LoggerConfig.log(LoggerConfig.java:624)
	at org.apache.logging.log4j.core.config.LoggerConfig.log(LoggerConfig.java:560)
	at org.apache.logging.log4j.core.config.AwaitCompletionReliabilityStrategy.log(AwaitCompletionReliabilityStrategy.java:82)
	at org.apache.logging.log4j.core.Logger.log(Logger.java:162)
	at org.apache.logging.log4j.spi.AbstractLogger.logMessage(AbstractLogger.java:2106)
	at org.apache.logging.log4j.internal.DefaultLogBuilder.logMessage(DefaultLogBuilder.java:241)
	at org.apache.logging.log4j.internal.DefaultLogBuilder.log(DefaultLogBuilder.java:162)
	at org.apache.poi.openxml4j.opc.PackageRelationshipCollection.parseRelationshipsPart(PackageRelationshipCollection.java:309)
	at org.apache.poi.openxml4j.opc.PackageRelationshipCollection.<init>(PackageRelationshipCollection.java:160)
	at org.apache.poi.openxml4j.opc.PackageRelationshipCollection.<init>(PackageRelationshipCollection.java:116)
	at org.apache.poi.openxml4j.opc.OPCPackage.ensureRelationships(OPCPackage.java:1346)
	at org.apache.poi.openxml4j.opc.OPCPackage.getRelationshipsHelper(OPCPackage.java:1325)
	at org.apache.poi.openxml4j.opc.OPCPackage.getRelationshipsByType(OPCPackage.java:1313)
	at org.apache.poi.ooxml.POIXMLDocumentPart.getPartFromOPCPackage(POIXMLDocumentPart.java:743)
	at org.apache.poi.ooxml.POIXMLDocumentPart.<init>(POIXMLDocumentPart.java:151)
	at org.apache.poi.ooxml.POIXMLDocumentPart.<init>(POIXMLDocumentPart.java:141)
	at org.apache.poi.ooxml.POIXMLDocument.<init>(POIXMLDocument.java:60)
	at org.apache.poi.xssf.usermodel.XSSFWorkbook.<init>(XSSFWorkbook.java:254)
	at org.apache.poi.xssf.usermodel.XSSFWorkbook.<init>(XSSFWorkbook.java:290)
	at org.apache.poi.xssf.usermodel.XSSFWorkbook.<init>(XSSFWorkbook.java:286)
	at externalResources.ExcelDataRead.<init>(ExcelDataRead.java:22)
	at listeners.AnnotationsTransformer.toBeExecuted(AnnotationsTransformer.java:36)
	at listeners.AnnotationsTransformer.transform(AnnotationsTransformer.java:24)
	at org.testng.internal.annotations.JDK15AnnotationFinder.transform(JDK15AnnotationFinder.java:172)
	at org.testng.internal.annotations.JDK15AnnotationFinder.lambda$findAnnotation$0(JDK15AnnotationFinder.java:279)
	at java.base/java.util.concurrent.ConcurrentHashMap.computeIfAbsent(ConcurrentHashMap.java:1705)
	at org.testng.internal.annotations.JDK15AnnotationFinder.findAnnotation(JDK15AnnotationFinder.java:275)
	at org.testng.internal.annotations.JDK15AnnotationFinder.findAnnotation(JDK15AnnotationFinder.java:113)
	at org.testng.internal.TestNGClassFinder.isTestNGClass(TestNGClassFinder.java:275)
	at org.testng.internal.TestNGClassFinder.isNotTestNGClass(TestNGClassFinder.java:260)
	at org.testng.internal.TestNGClassFinder.processClass(TestNGClassFinder.java:94)
	at org.testng.internal.TestNGClassFinder.<init>(TestNGClassFinder.java:67)
	at org.testng.TestRunner.initMethods(TestRunner.java:442)
	at org.testng.TestRunner.init(TestRunner.java:336)
	at org.testng.TestRunner.init(TestRunner.java:289)
	at org.testng.TestRunner.<init>(TestRunner.java:179)
	at org.testng.SuiteRunner$DefaultTestRunnerFactory.newTestRunner(SuiteRunner.java:643)
	at org.testng.SuiteRunner.init(SuiteRunner.java:225)
	at org.testng.SuiteRunner.<init>(SuiteRunner.java:115)
	at org.testng.TestNG.createSuiteRunner(TestNG.java:1349)
	at org.testng.TestNG.createSuiteRunners(TestNG.java:1325)
	at org.testng.TestNG.runSuitesLocally(TestNG.java:1167)
	at org.testng.TestNG.runSuites(TestNG.java:1099)
	at org.testng.TestNG.run(TestNG.java:1067)
	at org.apache.maven.surefire.testng.TestNGExecutor.run(TestNGExecutor.java:324)
	at org.apache.maven.surefire.testng.TestNGXmlTestSuite.execute(TestNGXmlTestSuite.java:74)
	at org.apache.maven.surefire.testng.TestNGProvider.invoke(TestNGProvider.java:123)
	at org.apache.maven.surefire.booter.ForkedBooter.runSuitesInProcess(ForkedBooter.java:456)
	at org.apache.maven.surefire.booter.ForkedBooter.execute(ForkedBooter.java:169)
	at org.apache.maven.surefire.booter.ForkedBooter.run(ForkedBooter.java:595)
	at org.apache.maven.surefire.booter.ForkedBooter.main(ForkedBooter.java:581)

2023-02-13 11:57:16,057 main ERROR Unable to invoke factory method in class org.apache.logging.log4j.core.appender.RollingFileAppender for element RollingFile: java.lang.IllegalStateException: No factory method found for class org.apache.logging.log4j.core.appender.RollingFileAppender java.lang.IllegalStateException: No factory method found for class org.apache.logging.log4j.core.appender.RollingFileAppender
	at org.apache.logging.log4j.core.config.plugins.util.PluginBuilder.findFactoryMethod(PluginBuilder.java:260)
	at org.apache.logging.log4j.core.config.plugins.util.PluginBuilder.build(PluginBuilder.java:136)
	at org.apache.logging.log4j.core.config.AbstractConfiguration.createPluginObject(AbstractConfiguration.java:1138)
	at org.apache.logging.log4j.core.config.AbstractConfiguration.createConfiguration(AbstractConfiguration.java:1063)
	at org.apache.logging.log4j.core.appender.routing.RoutingAppender.createAppender(RoutingAppender.java:310)
	at org.apache.logging.log4j.core.appender.routing.RoutingAppender.getControl(RoutingAppender.java:282)
	at org.apache.logging.log4j.core.appender.routing.RoutingAppender.append(RoutingAppender.java:240)
	at org.apache.logging.log4j.core.config.AppenderControl.tryCallAppender(AppenderControl.java:161)
	at org.apache.logging.log4j.core.config.AppenderControl.callAppender0(AppenderControl.java:134)
	at org.apache.logging.log4j.core.config.AppenderControl.callAppenderPreventRecursion(AppenderControl.java:125)
	at org.apache.logging.log4j.core.config.AppenderControl.callAppender(AppenderControl.java:89)
	at org.apache.logging.log4j.core.config.LoggerConfig.callAppenders(LoggerConfig.java:683)
	at org.apache.logging.log4j.core.config.LoggerConfig.processLogEvent(LoggerConfig.java:641)
	at org.apache.logging.log4j.core.config.LoggerConfig.log(LoggerConfig.java:624)
	at org.apache.logging.log4j.core.config.LoggerConfig.log(LoggerConfig.java:560)
	at org.apache.logging.log4j.core.config.AwaitCompletionReliabilityStrategy.log(AwaitCompletionReliabilityStrategy.java:82)
	at org.apache.logging.log4j.core.Logger.log(Logger.java:162)
	at org.apache.logging.log4j.spi.AbstractLogger.logMessage(AbstractLogger.java:2106)
	at org.apache.logging.log4j.internal.DefaultLogBuilder.logMessage(DefaultLogBuilder.java:241)
	at org.apache.logging.log4j.internal.DefaultLogBuilder.log(DefaultLogBuilder.java:162)
	at org.apache.poi.openxml4j.opc.PackageRelationshipCollection.parseRelationshipsPart(PackageRelationshipCollection.java:309)
	at org.apache.poi.openxml4j.opc.PackageRelationshipCollection.<init>(PackageRelationshipCollection.java:160)
	at org.apache.poi.openxml4j.opc.PackageRelationshipCollection.<init>(PackageRelationshipCollection.java:116)
	at org.apache.poi.openxml4j.opc.OPCPackage.ensureRelationships(OPCPackage.java:1346)
	at org.apache.poi.openxml4j.opc.OPCPackage.getRelationshipsHelper(OPCPackage.java:1325)
	at org.apache.poi.openxml4j.opc.OPCPackage.getRelationshipsByType(OPCPackage.java:1313)
	at org.apache.poi.ooxml.POIXMLDocumentPart.getPartFromOPCPackage(POIXMLDocumentPart.java:743)
	at org.apache.poi.ooxml.POIXMLDocumentPart.<init>(POIXMLDocumentPart.java:151)
	at org.apache.poi.ooxml.POIXMLDocumentPart.<init>(POIXMLDocumentPart.java:141)
	at org.apache.poi.ooxml.POIXMLDocument.<init>(POIXMLDocument.java:60)
	at org.apache.poi.xssf.usermodel.XSSFWorkbook.<init>(XSSFWorkbook.java:254)
	at org.apache.poi.xssf.usermodel.XSSFWorkbook.<init>(XSSFWorkbook.java:290)
	at org.apache.poi.xssf.usermodel.XSSFWorkbook.<init>(XSSFWorkbook.java:286)
	at externalResources.ExcelDataRead.<init>(ExcelDataRead.java:22)
	at listeners.AnnotationsTransformer.toBeExecuted(AnnotationsTransformer.java:36)
	at listeners.AnnotationsTransformer.transform(AnnotationsTransformer.java:24)
	at org.testng.internal.annotations.JDK15AnnotationFinder.transform(JDK15AnnotationFinder.java:172)
	at org.testng.internal.annotations.JDK15AnnotationFinder.lambda$findAnnotation$0(JDK15AnnotationFinder.java:279)
	at java.base/java.util.concurrent.ConcurrentHashMap.computeIfAbsent(ConcurrentHashMap.java:1705)
	at org.testng.internal.annotations.JDK15AnnotationFinder.findAnnotation(JDK15AnnotationFinder.java:275)
	at org.testng.internal.annotations.JDK15AnnotationFinder.findAnnotation(JDK15AnnotationFinder.java:113)
	at org.testng.internal.TestNGClassFinder.isTestNGClass(TestNGClassFinder.java:275)
	at org.testng.internal.TestNGClassFinder.isNotTestNGClass(TestNGClassFinder.java:260)
	at org.testng.internal.TestNGClassFinder.processClass(TestNGClassFinder.java:94)
	at org.testng.internal.TestNGClassFinder.<init>(TestNGClassFinder.java:67)
	at org.testng.TestRunner.initMethods(TestRunner.java:442)
	at org.testng.TestRunner.init(TestRunner.java:336)
	at org.testng.TestRunner.init(TestRunner.java:289)
	at org.testng.TestRunner.<init>(TestRunner.java:179)
	at org.testng.SuiteRunner$DefaultTestRunnerFactory.newTestRunner(SuiteRunner.java:643)
	at org.testng.SuiteRunner.init(SuiteRunner.java:225)
	at org.testng.SuiteRunner.<init>(SuiteRunner.java:115)
	at org.testng.TestNG.createSuiteRunner(TestNG.java:1349)
	at org.testng.TestNG.createSuiteRunners(TestNG.java:1325)
	at org.testng.TestNG.runSuitesLocally(TestNG.java:1167)
	at org.testng.TestNG.runSuites(TestNG.java:1099)
	at org.testng.TestNG.run(TestNG.java:1067)
	at org.apache.maven.surefire.testng.TestNGExecutor.run(TestNGExecutor.java:324)
	at org.apache.maven.surefire.testng.TestNGXmlTestSuite.execute(TestNGXmlTestSuite.java:74)
	at org.apache.maven.surefire.testng.TestNGProvider.invoke(TestNGProvider.java:123)
	at org.apache.maven.surefire.booter.ForkedBooter.runSuitesInProcess(ForkedBooter.java:456)
	at org.apache.maven.surefire.booter.ForkedBooter.execute(ForkedBooter.java:169)
	at org.apache.maven.surefire.booter.ForkedBooter.run(ForkedBooter.java:595)
	at org.apache.maven.surefire.booter.ForkedBooter.main(ForkedBooter.java:581)

2023-02-13 11:57:16,072 main ERROR Unable to create file ./results/logs/${ctx:threadName}.log java.io.IOException: The filename, directory name, or volume label syntax is incorrect
	at java.base/java.io.WinNTFileSystem.canonicalize0(Native Method)
	at java.base/java.io.WinNTFileSystem.canonicalize(WinNTFileSystem.java:483)
	at java.base/java.io.File.getCanonicalPath(File.java:626)
	at java.base/java.io.File.getCanonicalFile(File.java:651)
	at org.apache.logging.log4j.core.util.FileUtils.makeParentDirs(FileUtils.java:139)
	at org.apache.logging.log4j.core.appender.rolling.RollingFileManager$RollingFileManagerFactory.createManager(RollingFileManager.java:734)
	at org.apache.logging.log4j.core.appender.rolling.RollingFileManager$RollingFileManagerFactory.createManager(RollingFileManager.java:718)
	at org.apache.logging.log4j.core.appender.AbstractManager.getManager(AbstractManager.java:144)
	at org.apache.logging.log4j.core.appender.OutputStreamManager.getManager(OutputStreamManager.java:100)
	at org.apache.logging.log4j.core.appender.rolling.RollingFileManager.getFileManager(RollingFileManager.java:217)
	at org.apache.logging.log4j.core.appender.RollingFileAppender$Builder.build(RollingFileAppender.java:135)
	at org.apache.logging.log4j.core.appender.RollingFileAppender$Builder.build(RollingFileAppender.java:62)
	at org.apache.logging.log4j.core.config.plugins.util.PluginBuilder.build(PluginBuilder.java:124)
	at org.apache.logging.log4j.core.config.AbstractConfiguration.createPluginObject(AbstractConfiguration.java:1138)
	at org.apache.logging.log4j.core.config.AbstractConfiguration.createConfiguration(AbstractConfiguration.java:1063)
	at org.apache.logging.log4j.core.appender.routing.RoutingAppender.createAppender(RoutingAppender.java:310)
	at org.apache.logging.log4j.core.appender.routing.RoutingAppender.getControl(RoutingAppender.java:282)
	at org.apache.logging.log4j.core.appender.routing.RoutingAppender.append(RoutingAppender.java:240)
	at org.apache.logging.log4j.core.config.AppenderControl.tryCallAppender(AppenderControl.java:161)
	at org.apache.logging.log4j.core.config.AppenderControl.callAppender0(AppenderControl.java:134)
	at org.apache.logging.log4j.core.config.AppenderControl.callAppenderPreventRecursion(AppenderControl.java:125)
	at org.apache.logging.log4j.core.config.AppenderControl.callAppender(AppenderControl.java:89)
	at org.apache.logging.log4j.core.config.LoggerConfig.callAppenders(LoggerConfig.java:683)
	at org.apache.logging.log4j.core.config.LoggerConfig.processLogEvent(LoggerConfig.java:641)
	at org.apache.logging.log4j.core.config.LoggerConfig.log(LoggerConfig.java:624)
	at org.apache.logging.log4j.core.config.LoggerConfig.log(LoggerConfig.java:560)
	at org.apache.logging.log4j.core.config.AwaitCompletionReliabilityStrategy.log(AwaitCompletionReliabilityStrategy.java:82)
	at org.apache.logging.log4j.core.Logger.log(Logger.java:162)
	at org.apache.logging.log4j.spi.AbstractLogger.logMessage(AbstractLogger.java:2106)
	at org.apache.logging.log4j.internal.DefaultLogBuilder.logMessage(DefaultLogBuilder.java:241)
	at org.apache.logging.log4j.internal.DefaultLogBuilder.log(DefaultLogBuilder.java:162)
	at org.apache.poi.ooxml.POIXMLFactory.createDocumentPart(POIXMLFactory.java:65)
	at org.apache.poi.ooxml.POIXMLDocumentPart.read(POIXMLDocumentPart.java:661)
	at org.apache.poi.ooxml.POIXMLDocumentPart.read(POIXMLDocumentPart.java:678)
	at org.apache.poi.ooxml.POIXMLDocument.load(POIXMLDocument.java:165)
	at org.apache.poi.xssf.usermodel.XSSFWorkbook.<init>(XSSFWorkbook.java:260)
	at org.apache.poi.xssf.usermodel.XSSFWorkbook.<init>(XSSFWorkbook.java:290)
	at org.apache.poi.xssf.usermodel.XSSFWorkbook.<init>(XSSFWorkbook.java:286)
	at externalResources.ExcelDataRead.<init>(ExcelDataRead.java:22)
	at listeners.AnnotationsTransformer.toBeExecuted(AnnotationsTransformer.java:36)
	at listeners.AnnotationsTransformer.transform(AnnotationsTransformer.java:24)
	at org.testng.internal.annotations.JDK15AnnotationFinder.transform(JDK15AnnotationFinder.java:172)
	at org.testng.internal.annotations.JDK15AnnotationFinder.lambda$findAnnotation$0(JDK15AnnotationFinder.java:279)
	at java.base/java.util.concurrent.ConcurrentHashMap.computeIfAbsent(ConcurrentHashMap.java:1705)
	at org.testng.internal.annotations.JDK15AnnotationFinder.findAnnotation(JDK15AnnotationFinder.java:275)
	at org.testng.internal.annotations.JDK15AnnotationFinder.findAnnotation(JDK15AnnotationFinder.java:113)
	at org.testng.internal.TestNGClassFinder.isTestNGClass(TestNGClassFinder.java:275)
	at org.testng.internal.TestNGClassFinder.isNotTestNGClass(TestNGClassFinder.java:260)
	at org.testng.internal.TestNGClassFinder.processClass(TestNGClassFinder.java:94)
	at org.testng.internal.TestNGClassFinder.<init>(TestNGClassFinder.java:67)
	at org.testng.TestRunner.initMethods(TestRunner.java:442)
	at org.testng.TestRunner.init(TestRunner.java:336)
	at org.testng.TestRunner.init(TestRunner.java:289)
	at org.testng.TestRunner.<init>(TestRunner.java:179)
	at org.testng.SuiteRunner$DefaultTestRunnerFactory.newTestRunner(SuiteRunner.java:643)
	at org.testng.SuiteRunner.init(SuiteRunner.java:225)
	at org.testng.SuiteRunner.<init>(SuiteRunner.java:115)
	at org.testng.TestNG.createSuiteRunner(TestNG.java:1349)
	at org.testng.TestNG.createSuiteRunners(TestNG.java:1325)
	at org.testng.TestNG.runSuitesLocally(TestNG.java:1167)
	at org.testng.TestNG.runSuites(TestNG.java:1099)
	at org.testng.TestNG.run(TestNG.java:1067)
	at org.apache.maven.surefire.testng.TestNGExecutor.run(TestNGExecutor.java:324)
	at org.apache.maven.surefire.testng.TestNGXmlTestSuite.execute(TestNGXmlTestSuite.java:74)
	at org.apache.maven.surefire.testng.TestNGProvider.invoke(TestNGProvider.java:123)
	at org.apache.maven.surefire.booter.ForkedBooter.runSuitesInProcess(ForkedBooter.java:456)
	at org.apache.maven.surefire.booter.ForkedBooter.execute(ForkedBooter.java:169)
	at org.apache.maven.surefire.booter.ForkedBooter.run(ForkedBooter.java:595)
	at org.apache.maven.surefire.booter.ForkedBooter.main(ForkedBooter.java:581)

2023-02-13 11:57:16,073 main ERROR Could not create plugin of type class org.apache.logging.log4j.core.appender.RollingFileAppender for element RollingFile: java.lang.IllegalStateException: ManagerFactory [org.apache.logging.log4j.core.appender.rolling.RollingFileManager$RollingFileManagerFactory@4e6d7365] unable to create manager for [./results/logs/${ctx:threadName}.log] with data [org.apache.logging.log4j.core.appender.rolling.RollingFileManager$FactoryData@4f453e63[pattern=./results/logs/${ctx:threadName}-%d{yyyy-MM-dd}.log, append=true, bufferedIO=true, bufferSize=8192, policy=SizeBasedTriggeringPolicy(size=512000), strategy=DefaultRolloverStrategy(min=1, max=7, useMax=true), advertiseURI=null, layout=%d{HH:mm:ss.SSS} [%t] %-5level %logger{36} - %msg%n, filePermissions=null, fileOwner=null]] java.lang.IllegalStateException: ManagerFactory [org.apache.logging.log4j.core.appender.rolling.RollingFileManager$RollingFileManagerFactory@4e6d7365] unable to create manager for [./results/logs/${ctx:threadName}.log] with data [org.apache.logging.log4j.core.appender.rolling.RollingFileManager$FactoryData@4f453e63[pattern=./results/logs/${ctx:threadName}-%d{yyyy-MM-dd}.log, append=true, bufferedIO=true, bufferSize=8192, policy=SizeBasedTriggeringPolicy(size=512000), strategy=DefaultRolloverStrategy(min=1, max=7, useMax=true), advertiseURI=null, layout=%d{HH:mm:ss.SSS} [%t] %-5level %logger{36} - %msg%n, filePermissions=null, fileOwner=null]]
	at org.apache.logging.log4j.core.appender.AbstractManager.getManager(AbstractManager.java:146)
	at org.apache.logging.log4j.core.appender.OutputStreamManager.getManager(OutputStreamManager.java:100)
	at org.apache.logging.log4j.core.appender.rolling.RollingFileManager.getFileManager(RollingFileManager.java:217)
	at org.apache.logging.log4j.core.appender.RollingFileAppender$Builder.build(RollingFileAppender.java:135)
	at org.apache.logging.log4j.core.appender.RollingFileAppender$Builder.build(RollingFileAppender.java:62)
	at org.apache.logging.log4j.core.config.plugins.util.PluginBuilder.build(PluginBuilder.java:124)
	at org.apache.logging.log4j.core.config.AbstractConfiguration.createPluginObject(AbstractConfiguration.java:1138)
	at org.apache.logging.log4j.core.config.AbstractConfiguration.createConfiguration(AbstractConfiguration.java:1063)
	at org.apache.logging.log4j.core.appender.routing.RoutingAppender.createAppender(RoutingAppender.java:310)
	at org.apache.logging.log4j.core.appender.routing.RoutingAppender.getControl(RoutingAppender.java:282)
	at org.apache.logging.log4j.core.appender.routing.RoutingAppender.append(RoutingAppender.java:240)
	at org.apache.logging.log4j.core.config.AppenderControl.tryCallAppender(AppenderControl.java:161)
	at org.apache.logging.log4j.core.config.AppenderControl.callAppender0(AppenderControl.java:134)
	at org.apache.logging.log4j.core.config.AppenderControl.callAppenderPreventRecursion(AppenderControl.java:125)
	at org.apache.logging.log4j.core.config.AppenderControl.callAppender(AppenderControl.java:89)
	at org.apache.logging.log4j.core.config.LoggerConfig.callAppenders(LoggerConfig.java:683)
	at org.apache.logging.log4j.core.config.LoggerConfig.processLogEvent(LoggerConfig.java:641)
	at org.apache.logging.log4j.core.config.LoggerConfig.log(LoggerConfig.java:624)
	at org.apache.logging.log4j.core.config.LoggerConfig.log(LoggerConfig.java:560)
	at org.apache.logging.log4j.core.config.AwaitCompletionReliabilityStrategy.log(AwaitCompletionReliabilityStrategy.java:82)
	at org.apache.logging.log4j.core.Logger.log(Logger.java:162)
	at org.apache.logging.log4j.spi.AbstractLogger.logMessage(AbstractLogger.java:2106)
	at org.apache.logging.log4j.internal.DefaultLogBuilder.logMessage(DefaultLogBuilder.java:241)
	at org.apache.logging.log4j.internal.DefaultLogBuilder.log(DefaultLogBuilder.java:162)
	at org.apache.poi.ooxml.POIXMLFactory.createDocumentPart(POIXMLFactory.java:65)
	at org.apache.poi.ooxml.POIXMLDocumentPart.read(POIXMLDocumentPart.java:661)
	at org.apache.poi.ooxml.POIXMLDocumentPart.read(POIXMLDocumentPart.java:678)
	at org.apache.poi.ooxml.POIXMLDocument.load(POIXMLDocument.java:165)
	at org.apache.poi.xssf.usermodel.XSSFWorkbook.<init>(XSSFWorkbook.java:260)
	at org.apache.poi.xssf.usermodel.XSSFWorkbook.<init>(XSSFWorkbook.java:290)
	at org.apache.poi.xssf.usermodel.XSSFWorkbook.<init>(XSSFWorkbook.java:286)
	at externalResources.ExcelDataRead.<init>(ExcelDataRead.java:22)
	at listeners.AnnotationsTransformer.toBeExecuted(AnnotationsTransformer.java:36)
	at listeners.AnnotationsTransformer.transform(AnnotationsTransformer.java:24)
	at org.testng.internal.annotations.JDK15AnnotationFinder.transform(JDK15AnnotationFinder.java:172)
	at org.testng.internal.annotations.JDK15AnnotationFinder.lambda$findAnnotation$0(JDK15AnnotationFinder.java:279)
	at java.base/java.util.concurrent.ConcurrentHashMap.computeIfAbsent(ConcurrentHashMap.java:1705)
	at org.testng.internal.annotations.JDK15AnnotationFinder.findAnnotation(JDK15AnnotationFinder.java:275)
	at org.testng.internal.annotations.JDK15AnnotationFinder.findAnnotation(JDK15AnnotationFinder.java:113)
	at org.testng.internal.TestNGClassFinder.isTestNGClass(TestNGClassFinder.java:275)
	at org.testng.internal.TestNGClassFinder.isNotTestNGClass(TestNGClassFinder.java:260)
	at org.testng.internal.TestNGClassFinder.processClass(TestNGClassFinder.java:94)
	at org.testng.internal.TestNGClassFinder.<init>(TestNGClassFinder.java:67)
	at org.testng.TestRunner.initMethods(TestRunner.java:442)
	at org.testng.TestRunner.init(TestRunner.java:336)
	at org.testng.TestRunner.init(TestRunner.java:289)
	at org.testng.TestRunner.<init>(TestRunner.java:179)
	at org.testng.SuiteRunner$DefaultTestRunnerFactory.newTestRunner(SuiteRunner.java:643)
	at org.testng.SuiteRunner.init(SuiteRunner.java:225)
	at org.testng.SuiteRunner.<init>(SuiteRunner.java:115)
	at org.testng.TestNG.createSuiteRunner(TestNG.java:1349)
	at org.testng.TestNG.createSuiteRunners(TestNG.java:1325)
	at org.testng.TestNG.runSuitesLocally(TestNG.java:1167)
	at org.testng.TestNG.runSuites(TestNG.java:1099)
	at org.testng.TestNG.run(TestNG.java:1067)
	at org.apache.maven.surefire.testng.TestNGExecutor.run(TestNGExecutor.java:324)
	at org.apache.maven.surefire.testng.TestNGXmlTestSuite.execute(TestNGXmlTestSuite.java:74)
	at org.apache.maven.surefire.testng.TestNGProvider.invoke(TestNGProvider.java:123)
	at org.apache.maven.surefire.booter.ForkedBooter.runSuitesInProcess(ForkedBooter.java:456)
	at org.apache.maven.surefire.booter.ForkedBooter.execute(ForkedBooter.java:169)
	at org.apache.maven.surefire.booter.ForkedBooter.run(ForkedBooter.java:595)
	at org.apache.maven.surefire.booter.ForkedBooter.main(ForkedBooter.java:581)

2023-02-13 11:57:16,073 main ERROR Unable to invoke factory method in class org.apache.logging.log4j.core.appender.RollingFileAppender for element RollingFile: java.lang.IllegalStateException: No factory method found for class org.apache.logging.log4j.core.appender.RollingFileAppender java.lang.IllegalStateException: No factory method found for class org.apache.logging.log4j.core.appender.RollingFileAppender
	at org.apache.logging.log4j.core.config.plugins.util.PluginBuilder.findFactoryMethod(PluginBuilder.java:260)
	at org.apache.logging.log4j.core.config.plugins.util.PluginBuilder.build(PluginBuilder.java:136)
	at org.apache.logging.log4j.core.config.AbstractConfiguration.createPluginObject(AbstractConfiguration.java:1138)
	at org.apache.logging.log4j.core.config.AbstractConfiguration.createConfiguration(AbstractConfiguration.java:1063)
	at org.apache.logging.log4j.core.appender.routing.RoutingAppender.createAppender(RoutingAppender.java:310)
	at org.apache.logging.log4j.core.appender.routing.RoutingAppender.getControl(RoutingAppender.java:282)
	at org.apache.logging.log4j.core.appender.routing.RoutingAppender.append(RoutingAppender.java:240)
	at org.apache.logging.log4j.core.config.AppenderControl.tryCallAppender(AppenderControl.java:161)
	at org.apache.logging.log4j.core.config.AppenderControl.callAppender0(AppenderControl.java:134)
	at org.apache.logging.log4j.core.config.AppenderControl.callAppenderPreventRecursion(AppenderControl.java:125)
	at org.apache.logging.log4j.core.config.AppenderControl.callAppender(AppenderControl.java:89)
	at org.apache.logging.log4j.core.config.LoggerConfig.callAppenders(LoggerConfig.java:683)
	at org.apache.logging.log4j.core.config.LoggerConfig.processLogEvent(LoggerConfig.java:641)
	at org.apache.logging.log4j.core.config.LoggerConfig.log(LoggerConfig.java:624)
	at org.apache.logging.log4j.core.config.LoggerConfig.log(LoggerConfig.java:560)
	at org.apache.logging.log4j.core.config.AwaitCompletionReliabilityStrategy.log(AwaitCompletionReliabilityStrategy.java:82)
	at org.apache.logging.log4j.core.Logger.log(Logger.java:162)
	at org.apache.logging.log4j.spi.AbstractLogger.logMessage(AbstractLogger.java:2106)
	at org.apache.logging.log4j.internal.DefaultLogBuilder.logMessage(DefaultLogBuilder.java:241)
	at org.apache.logging.log4j.internal.DefaultLogBuilder.log(DefaultLogBuilder.java:162)
	at org.apache.poi.ooxml.POIXMLFactory.createDocumentPart(POIXMLFactory.java:65)
	at org.apache.poi.ooxml.POIXMLDocumentPart.read(POIXMLDocumentPart.java:661)
	at org.apache.poi.ooxml.POIXMLDocumentPart.read(POIXMLDocumentPart.java:678)
	at org.apache.poi.ooxml.POIXMLDocument.load(POIXMLDocument.java:165)
	at org.apache.poi.xssf.usermodel.XSSFWorkbook.<init>(XSSFWorkbook.java:260)
	at org.apache.poi.xssf.usermodel.XSSFWorkbook.<init>(XSSFWorkbook.java:290)
	at org.apache.poi.xssf.usermodel.XSSFWorkbook.<init>(XSSFWorkbook.java:286)
	at externalResources.ExcelDataRead.<init>(ExcelDataRead.java:22)
	at listeners.AnnotationsTransformer.toBeExecuted(AnnotationsTransformer.java:36)
	at listeners.AnnotationsTransformer.transform(AnnotationsTransformer.java:24)
	at org.testng.internal.annotations.JDK15AnnotationFinder.transform(JDK15AnnotationFinder.java:172)
	at org.testng.internal.annotations.JDK15AnnotationFinder.lambda$findAnnotation$0(JDK15AnnotationFinder.java:279)
	at java.base/java.util.concurrent.ConcurrentHashMap.computeIfAbsent(ConcurrentHashMap.java:1705)
	at org.testng.internal.annotations.JDK15AnnotationFinder.findAnnotation(JDK15AnnotationFinder.java:275)
	at org.testng.internal.annotations.JDK15AnnotationFinder.findAnnotation(JDK15AnnotationFinder.java:113)
	at org.testng.internal.TestNGClassFinder.isTestNGClass(TestNGClassFinder.java:275)
	at org.testng.internal.TestNGClassFinder.isNotTestNGClass(TestNGClassFinder.java:260)
	at org.testng.internal.TestNGClassFinder.processClass(TestNGClassFinder.java:94)
	at org.testng.internal.TestNGClassFinder.<init>(TestNGClassFinder.java:67)
	at org.testng.TestRunner.initMethods(TestRunner.java:442)
	at org.testng.TestRunner.init(TestRunner.java:336)
	at org.testng.TestRunner.init(TestRunner.java:289)
	at org.testng.TestRunner.<init>(TestRunner.java:179)
	at org.testng.SuiteRunner$DefaultTestRunnerFactory.newTestRunner(SuiteRunner.java:643)
	at org.testng.SuiteRunner.init(SuiteRunner.java:225)
	at org.testng.SuiteRunner.<init>(SuiteRunner.java:115)
	at org.testng.TestNG.createSuiteRunner(TestNG.java:1349)
	at org.testng.TestNG.createSuiteRunners(TestNG.java:1325)
	at org.testng.TestNG.runSuitesLocally(TestNG.java:1167)
	at org.testng.TestNG.runSuites(TestNG.java:1099)
	at org.testng.TestNG.run(TestNG.java:1067)
	at org.apache.maven.surefire.testng.TestNGExecutor.run(TestNGExecutor.java:324)
	at org.apache.maven.surefire.testng.TestNGXmlTestSuite.execute(TestNGXmlTestSuite.java:74)
	at org.apache.maven.surefire.testng.TestNGProvider.invoke(TestNGProvider.java:123)
	at org.apache.maven.surefire.booter.ForkedBooter.runSuitesInProcess(ForkedBooter.java:456)
	at org.apache.maven.surefire.booter.ForkedBooter.execute(ForkedBooter.java:169)
	at org.apache.maven.surefire.booter.ForkedBooter.run(ForkedBooter.java:595)
	at org.apache.maven.surefire.booter.ForkedBooter.main(ForkedBooter.java:581)

2023-02-13 11:57:16,075 main ERROR Unable to create file ./results/logs/${ctx:threadName}.log java.io.IOException: The filename, directory name, or volume label syntax is incorrect
	at java.base/java.io.WinNTFileSystem.canonicalize0(Native Method)
	at java.base/java.io.WinNTFileSystem.canonicalize(WinNTFileSystem.java:483)
	at java.base/java.io.File.getCanonicalPath(File.java:626)
	at java.base/java.io.File.getCanonicalFile(File.java:651)
	at org.apache.logging.log4j.core.util.FileUtils.makeParentDirs(FileUtils.java:139)
	at org.apache.logging.log4j.core.appender.rolling.RollingFileManager$RollingFileManagerFactory.createManager(RollingFileManager.java:734)
	at org.apache.logging.log4j.core.appender.rolling.RollingFileManager$RollingFileManagerFactory.createManager(RollingFileManager.java:718)
	at org.apache.logging.log4j.core.appender.AbstractManager.getManager(AbstractManager.java:144)
	at org.apache.logging.log4j.core.appender.OutputStreamManager.getManager(OutputStreamManager.java:100)
	at org.apache.logging.log4j.core.appender.rolling.RollingFileManager.getFileManager(RollingFileManager.java:217)
	at org.apache.logging.log4j.core.appender.RollingFileAppender$Builder.build(RollingFileAppender.java:135)
	at org.apache.logging.log4j.core.appender.RollingFileAppender$Builder.build(RollingFileAppender.java:62)
	at org.apache.logging.log4j.core.config.plugins.util.PluginBuilder.build(PluginBuilder.java:124)
	at org.apache.logging.log4j.core.config.AbstractConfiguration.createPluginObject(AbstractConfiguration.java:1138)
	at org.apache.logging.log4j.core.config.AbstractConfiguration.createConfiguration(AbstractConfiguration.java:1063)
	at org.apache.logging.log4j.core.appender.routing.RoutingAppender.createAppender(RoutingAppender.java:310)
	at org.apache.logging.log4j.core.appender.routing.RoutingAppender.getControl(RoutingAppender.java:282)
	at org.apache.logging.log4j.core.appender.routing.RoutingAppender.append(RoutingAppender.java:240)
	at org.apache.logging.log4j.core.config.AppenderControl.tryCallAppender(AppenderControl.java:161)
	at org.apache.logging.log4j.core.config.AppenderControl.callAppender0(AppenderControl.java:134)
	at org.apache.logging.log4j.core.config.AppenderControl.callAppenderPreventRecursion(AppenderControl.java:125)
	at org.apache.logging.log4j.core.config.AppenderControl.callAppender(AppenderControl.java:89)
	at org.apache.logging.log4j.core.config.LoggerConfig.callAppenders(LoggerConfig.java:683)
	at org.apache.logging.log4j.core.config.LoggerConfig.processLogEvent(LoggerConfig.java:641)
	at org.apache.logging.log4j.core.config.LoggerConfig.log(LoggerConfig.java:624)
	at org.apache.logging.log4j.core.config.LoggerConfig.log(LoggerConfig.java:560)
	at org.apache.logging.log4j.core.config.AwaitCompletionReliabilityStrategy.log(AwaitCompletionReliabilityStrategy.java:82)
	at org.apache.logging.log4j.core.Logger.log(Logger.java:162)
	at org.apache.logging.log4j.spi.AbstractLogger.logMessage(AbstractLogger.java:2106)
	at org.apache.logging.log4j.internal.DefaultLogBuilder.logMessage(DefaultLogBuilder.java:241)
	at org.apache.logging.log4j.internal.DefaultLogBuilder.log(DefaultLogBuilder.java:162)
	at org.apache.poi.ooxml.POIXMLFactory.createDocumentPart(POIXMLFactory.java:65)
	at org.apache.poi.ooxml.POIXMLDocumentPart.read(POIXMLDocumentPart.java:661)
	at org.apache.poi.ooxml.POIXMLDocumentPart.read(POIXMLDocumentPart.java:678)
	at org.apache.poi.ooxml.POIXMLDocument.load(POIXMLDocument.java:165)
	at org.apache.poi.xssf.usermodel.XSSFWorkbook.<init>(XSSFWorkbook.java:260)
	at org.apache.poi.xssf.usermodel.XSSFWorkbook.<init>(XSSFWorkbook.java:290)
	at org.apache.poi.xssf.usermodel.XSSFWorkbook.<init>(XSSFWorkbook.java:286)
	at externalResources.ExcelDataRead.<init>(ExcelDataRead.java:22)
	at listeners.AnnotationsTransformer.toBeExecuted(AnnotationsTransformer.java:36)
	at listeners.AnnotationsTransformer.transform(AnnotationsTransformer.java:24)
	at org.testng.internal.annotations.JDK15AnnotationFinder.transform(JDK15AnnotationFinder.java:172)
	at org.testng.internal.annotations.JDK15AnnotationFinder.lambda$findAnnotation$0(JDK15AnnotationFinder.java:279)
	at java.base/java.util.concurrent.ConcurrentHashMap.computeIfAbsent(ConcurrentHashMap.java:1705)
	at org.testng.internal.annotations.JDK15AnnotationFinder.findAnnotation(JDK15AnnotationFinder.java:275)
	at org.testng.internal.annotations.JDK15AnnotationFinder.findAnnotation(JDK15AnnotationFinder.java:113)
	at org.testng.internal.TestNGClassFinder.isTestNGClass(TestNGClassFinder.java:275)
	at org.testng.internal.TestNGClassFinder.isNotTestNGClass(TestNGClassFinder.java:260)
	at org.testng.internal.TestNGClassFinder.processClass(TestNGClassFinder.java:94)
	at org.testng.internal.TestNGClassFinder.<init>(TestNGClassFinder.java:67)
	at org.testng.TestRunner.initMethods(TestRunner.java:442)
	at org.testng.TestRunner.init(TestRunner.java:336)
	at org.testng.TestRunner.init(TestRunner.java:289)
	at org.testng.TestRunner.<init>(TestRunner.java:179)
	at org.testng.SuiteRunner$DefaultTestRunnerFactory.newTestRunner(SuiteRunner.java:643)
	at org.testng.SuiteRunner.init(SuiteRunner.java:225)
	at org.testng.SuiteRunner.<init>(SuiteRunner.java:115)
	at org.testng.TestNG.createSuiteRunner(TestNG.java:1349)
	at org.testng.TestNG.createSuiteRunners(TestNG.java:1325)
	at org.testng.TestNG.runSuitesLocally(TestNG.java:1167)
	at org.testng.TestNG.runSuites(TestNG.java:1099)
	at org.testng.TestNG.run(TestNG.java:1067)
	at org.apache.maven.surefire.testng.TestNGExecutor.run(TestNGExecutor.java:324)
	at org.apache.maven.surefire.testng.TestNGXmlTestSuite.execute(TestNGXmlTestSuite.java:74)
	at org.apache.maven.surefire.testng.TestNGProvider.invoke(TestNGProvider.java:123)
	at org.apache.maven.surefire.booter.ForkedBooter.runSuitesInProcess(ForkedBooter.java:456)
	at org.apache.maven.surefire.booter.ForkedBooter.execute(ForkedBooter.java:169)
	at org.apache.maven.surefire.booter.ForkedBooter.run(ForkedBooter.java:595)
	at org.apache.maven.surefire.booter.ForkedBooter.main(ForkedBooter.java:581)

2023-02-13 11:57:16,075 main ERROR Could not create plugin of type class org.apache.logging.log4j.core.appender.RollingFileAppender for element RollingFile: java.lang.IllegalStateException: ManagerFactory [org.apache.logging.log4j.core.appender.rolling.RollingFileManager$RollingFileManagerFactory@4e6d7365] unable to create manager for [./results/logs/${ctx:threadName}.log] with data [org.apache.logging.log4j.core.appender.rolling.RollingFileManager$FactoryData@6b0615ae[pattern=./results/logs/${ctx:threadName}-%d{yyyy-MM-dd}.log, append=true, bufferedIO=true, bufferSize=8192, policy=SizeBasedTriggeringPolicy(size=512000), strategy=DefaultRolloverStrategy(min=1, max=7, useMax=true), advertiseURI=null, layout=%d{HH:mm:ss.SSS} [%t] %-5level %logger{36} - %msg%n, filePermissions=null, fileOwner=null]] java.lang.IllegalStateException: ManagerFactory [org.apache.logging.log4j.core.appender.rolling.RollingFileManager$RollingFileManagerFactory@4e6d7365] unable to create manager for [./results/logs/${ctx:threadName}.log] with data [org.apache.logging.log4j.core.appender.rolling.RollingFileManager$FactoryData@6b0615ae[pattern=./results/logs/${ctx:threadName}-%d{yyyy-MM-dd}.log, append=true, bufferedIO=true, bufferSize=8192, policy=SizeBasedTriggeringPolicy(size=512000), strategy=DefaultRolloverStrategy(min=1, max=7, useMax=true), advertiseURI=null, layout=%d{HH:mm:ss.SSS} [%t] %-5level %logger{36} - %msg%n, filePermissions=null, fileOwner=null]]
	at org.apache.logging.log4j.core.appender.AbstractManager.getManager(AbstractManager.java:146)
	at org.apache.logging.log4j.core.appender.OutputStreamManager.getManager(OutputStreamManager.java:100)
	at org.apache.logging.log4j.core.appender.rolling.RollingFileManager.getFileManager(RollingFileManager.java:217)
	at org.apache.logging.log4j.core.appender.RollingFileAppender$Builder.build(RollingFileAppender.java:135)
	at org.apache.logging.log4j.core.appender.RollingFileAppender$Builder.build(RollingFileAppender.java:62)
	at org.apache.logging.log4j.core.config.plugins.util.PluginBuilder.build(PluginBuilder.java:124)
	at org.apache.logging.log4j.core.config.AbstractConfiguration.createPluginObject(AbstractConfiguration.java:1138)
	at org.apache.logging.log4j.core.config.AbstractConfiguration.createConfiguration(AbstractConfiguration.java:1063)
	at org.apache.logging.log4j.core.appender.routing.RoutingAppender.createAppender(RoutingAppender.java:310)
	at org.apache.logging.log4j.core.appender.routing.RoutingAppender.getControl(RoutingAppender.java:282)
	at org.apache.logging.log4j.core.appender.routing.RoutingAppender.append(RoutingAppender.java:240)
	at org.apache.logging.log4j.core.config.AppenderControl.tryCallAppender(AppenderControl.java:161)
	at org.apache.logging.log4j.core.config.AppenderControl.callAppender0(AppenderControl.java:134)
	at org.apache.logging.log4j.core.config.AppenderControl.callAppenderPreventRecursion(AppenderControl.java:125)
	at org.apache.logging.log4j.core.config.AppenderControl.callAppender(AppenderControl.java:89)
	at org.apache.logging.log4j.core.config.LoggerConfig.callAppenders(LoggerConfig.java:683)
	at org.apache.logging.log4j.core.config.LoggerConfig.processLogEvent(LoggerConfig.java:641)
	at org.apache.logging.log4j.core.config.LoggerConfig.log(LoggerConfig.java:624)
	at org.apache.logging.log4j.core.config.LoggerConfig.log(LoggerConfig.java:560)
	at org.apache.logging.log4j.core.config.AwaitCompletionReliabilityStrategy.log(AwaitCompletionReliabilityStrategy.java:82)
	at org.apache.logging.log4j.core.Logger.log(Logger.java:162)
	at org.apache.logging.log4j.spi.AbstractLogger.logMessage(AbstractLogger.java:2106)
	at org.apache.logging.log4j.internal.DefaultLogBuilder.logMessage(DefaultLogBuilder.java:241)
	at org.apache.logging.log4j.internal.DefaultLogBuilder.log(DefaultLogBuilder.java:162)
	at org.apache.poi.ooxml.POIXMLFactory.createDocumentPart(POIXMLFactory.java:65)
	at org.apache.poi.ooxml.POIXMLDocumentPart.read(POIXMLDocumentPart.java:661)
	at org.apache.poi.ooxml.POIXMLDocumentPart.read(POIXMLDocumentPart.java:678)
	at org.apache.poi.ooxml.POIXMLDocument.load(POIXMLDocument.java:165)
	at org.apache.poi.xssf.usermodel.XSSFWorkbook.<init>(XSSFWorkbook.java:260)
	at org.apache.poi.xssf.usermodel.XSSFWorkbook.<init>(XSSFWorkbook.java:290)
	at org.apache.poi.xssf.usermodel.XSSFWorkbook.<init>(XSSFWorkbook.java:286)
	at externalResources.ExcelDataRead.<init>(ExcelDataRead.java:22)
	at listeners.AnnotationsTransformer.toBeExecuted(AnnotationsTransformer.java:36)
	at listeners.AnnotationsTransformer.transform(AnnotationsTransformer.java:24)
	at org.testng.internal.annotations.JDK15AnnotationFinder.transform(JDK15AnnotationFinder.java:172)
	at org.testng.internal.annotations.JDK15AnnotationFinder.lambda$findAnnotation$0(JDK15AnnotationFinder.java:279)
	at java.base/java.util.concurrent.ConcurrentHashMap.computeIfAbsent(ConcurrentHashMap.java:1705)
	at org.testng.internal.annotations.JDK15AnnotationFinder.findAnnotation(JDK15AnnotationFinder.java:275)
	at org.testng.internal.annotations.JDK15AnnotationFinder.findAnnotation(JDK15AnnotationFinder.java:113)
	at org.testng.internal.TestNGClassFinder.isTestNGClass(TestNGClassFinder.java:275)
	at org.testng.internal.TestNGClassFinder.isNotTestNGClass(TestNGClassFinder.java:260)
	at org.testng.internal.TestNGClassFinder.processClass(TestNGClassFinder.java:94)
	at org.testng.internal.TestNGClassFinder.<init>(TestNGClassFinder.java:67)
	at org.testng.TestRunner.initMethods(TestRunner.java:442)
	at org.testng.TestRunner.init(TestRunner.java:336)
	at org.testng.TestRunner.init(TestRunner.java:289)
	at org.testng.TestRunner.<init>(TestRunner.java:179)
	at org.testng.SuiteRunner$DefaultTestRunnerFactory.newTestRunner(SuiteRunner.java:643)
	at org.testng.SuiteRunner.init(SuiteRunner.java:225)
	at org.testng.SuiteRunner.<init>(SuiteRunner.java:115)
	at org.testng.TestNG.createSuiteRunner(TestNG.java:1349)
	at org.testng.TestNG.createSuiteRunners(TestNG.java:1325)
	at org.testng.TestNG.runSuitesLocally(TestNG.java:1167)
	at org.testng.TestNG.runSuites(TestNG.java:1099)
	at org.testng.TestNG.run(TestNG.java:1067)
	at org.apache.maven.surefire.testng.TestNGExecutor.run(TestNGExecutor.java:324)
	at org.apache.maven.surefire.testng.TestNGXmlTestSuite.execute(TestNGXmlTestSuite.java:74)
	at org.apache.maven.surefire.testng.TestNGProvider.invoke(TestNGProvider.java:123)
	at org.apache.maven.surefire.booter.ForkedBooter.runSuitesInProcess(ForkedBooter.java:456)
	at org.apache.maven.surefire.booter.ForkedBooter.execute(ForkedBooter.java:169)
	at org.apache.maven.surefire.booter.ForkedBooter.run(ForkedBooter.java:595)
	at org.apache.maven.surefire.booter.ForkedBooter.main(ForkedBooter.java:581)

2023-02-13 11:57:16,075 main ERROR Unable to invoke factory method in class org.apache.logging.log4j.core.appender.RollingFileAppender for element RollingFile: java.lang.IllegalStateException: No factory method found for class org.apache.logging.log4j.core.appender.RollingFileAppender java.lang.IllegalStateException: No factory method found for class org.apache.logging.log4j.core.appender.RollingFileAppender
	at org.apache.logging.log4j.core.config.plugins.util.PluginBuilder.findFactoryMethod(PluginBuilder.java:260)
	at org.apache.logging.log4j.core.config.plugins.util.PluginBuilder.build(PluginBuilder.java:136)
	at org.apache.logging.log4j.core.config.AbstractConfiguration.createPluginObject(AbstractConfiguration.java:1138)
	at org.apache.logging.log4j.core.config.AbstractConfiguration.createConfiguration(AbstractConfiguration.java:1063)
	at org.apache.logging.log4j.core.appender.routing.RoutingAppender.createAppender(RoutingAppender.java:310)
	at org.apache.logging.log4j.core.appender.routing.RoutingAppender.getControl(RoutingAppender.java:282)
	at org.apache.logging.log4j.core.appender.routing.RoutingAppender.append(RoutingAppender.java:240)
	at org.apache.logging.log4j.core.config.AppenderControl.tryCallAppender(AppenderControl.java:161)
	at org.apache.logging.log4j.core.config.AppenderControl.callAppender0(AppenderControl.java:134)
	at org.apache.logging.log4j.core.config.AppenderControl.callAppenderPreventRecursion(AppenderControl.java:125)
	at org.apache.logging.log4j.core.config.AppenderControl.callAppender(AppenderControl.java:89)
	at org.apache.logging.log4j.core.config.LoggerConfig.callAppenders(LoggerConfig.java:683)
	at org.apache.logging.log4j.core.config.LoggerConfig.processLogEvent(LoggerConfig.java:641)
	at org.apache.logging.log4j.core.config.LoggerConfig.log(LoggerConfig.java:624)
	at org.apache.logging.log4j.core.config.LoggerConfig.log(LoggerConfig.java:560)
	at org.apache.logging.log4j.core.config.AwaitCompletionReliabilityStrategy.log(AwaitCompletionReliabilityStrategy.java:82)
	at org.apache.logging.log4j.core.Logger.log(Logger.java:162)
	at org.apache.logging.log4j.spi.AbstractLogger.logMessage(AbstractLogger.java:2106)
	at org.apache.logging.log4j.internal.DefaultLogBuilder.logMessage(DefaultLogBuilder.java:241)
	at org.apache.logging.log4j.internal.DefaultLogBuilder.log(DefaultLogBuilder.java:162)
	at org.apache.poi.ooxml.POIXMLFactory.createDocumentPart(POIXMLFactory.java:65)
	at org.apache.poi.ooxml.POIXMLDocumentPart.read(POIXMLDocumentPart.java:661)
	at org.apache.poi.ooxml.POIXMLDocumentPart.read(POIXMLDocumentPart.java:678)
	at org.apache.poi.ooxml.POIXMLDocument.load(POIXMLDocument.java:165)
	at org.apache.poi.xssf.usermodel.XSSFWorkbook.<init>(XSSFWorkbook.java:260)
	at org.apache.poi.xssf.usermodel.XSSFWorkbook.<init>(XSSFWorkbook.java:290)
	at org.apache.poi.xssf.usermodel.XSSFWorkbook.<init>(XSSFWorkbook.java:286)
	at externalResources.ExcelDataRead.<init>(ExcelDataRead.java:22)
	at listeners.AnnotationsTransformer.toBeExecuted(AnnotationsTransformer.java:36)
	at listeners.AnnotationsTransformer.transform(AnnotationsTransformer.java:24)
	at org.testng.internal.annotations.JDK15AnnotationFinder.transform(JDK15AnnotationFinder.java:172)
	at org.testng.internal.annotations.JDK15AnnotationFinder.lambda$findAnnotation$0(JDK15AnnotationFinder.java:279)
	at java.base/java.util.concurrent.ConcurrentHashMap.computeIfAbsent(ConcurrentHashMap.java:1705)
	at org.testng.internal.annotations.JDK15AnnotationFinder.findAnnotation(JDK15AnnotationFinder.java:275)
	at org.testng.internal.annotations.JDK15AnnotationFinder.findAnnotation(JDK15AnnotationFinder.java:113)
	at org.testng.internal.TestNGClassFinder.isTestNGClass(TestNGClassFinder.java:275)
	at org.testng.internal.TestNGClassFinder.isNotTestNGClass(TestNGClassFinder.java:260)
	at org.testng.internal.TestNGClassFinder.processClass(TestNGClassFinder.java:94)
	at org.testng.internal.TestNGClassFinder.<init>(TestNGClassFinder.java:67)
	at org.testng.TestRunner.initMethods(TestRunner.java:442)
	at org.testng.TestRunner.init(TestRunner.java:336)
	at org.testng.TestRunner.init(TestRunner.java:289)
	at org.testng.TestRunner.<init>(TestRunner.java:179)
	at org.testng.SuiteRunner$DefaultTestRunnerFactory.newTestRunner(SuiteRunner.java:643)
	at org.testng.SuiteRunner.init(SuiteRunner.java:225)
	at org.testng.SuiteRunner.<init>(SuiteRunner.java:115)
	at org.testng.TestNG.createSuiteRunner(TestNG.java:1349)
	at org.testng.TestNG.createSuiteRunners(TestNG.java:1325)
	at org.testng.TestNG.runSuitesLocally(TestNG.java:1167)
	at org.testng.TestNG.runSuites(TestNG.java:1099)
	at org.testng.TestNG.run(TestNG.java:1067)
	at org.apache.maven.surefire.testng.TestNGExecutor.run(TestNGExecutor.java:324)
	at org.apache.maven.surefire.testng.TestNGXmlTestSuite.execute(TestNGXmlTestSuite.java:74)
	at org.apache.maven.surefire.testng.TestNGProvider.invoke(TestNGProvider.java:123)
	at org.apache.maven.surefire.booter.ForkedBooter.runSuitesInProcess(ForkedBooter.java:456)
	at org.apache.maven.surefire.booter.ForkedBooter.execute(ForkedBooter.java:169)
	at org.apache.maven.surefire.booter.ForkedBooter.run(ForkedBooter.java:595)
	at org.apache.maven.surefire.booter.ForkedBooter.main(ForkedBooter.java:581)

2023-02-13 11:57:16,098 main ERROR Unable to create file ./results/logs/${ctx:threadName}.log java.io.IOException: The filename, directory name, or volume label syntax is incorrect
	at java.base/java.io.WinNTFileSystem.canonicalize0(Native Method)
	at java.base/java.io.WinNTFileSystem.canonicalize(WinNTFileSystem.java:483)
	at java.base/java.io.File.getCanonicalPath(File.java:626)
	at java.base/java.io.File.getCanonicalFile(File.java:651)
	at org.apache.logging.log4j.core.util.FileUtils.makeParentDirs(FileUtils.java:139)
	at org.apache.logging.log4j.core.appender.rolling.RollingFileManager$RollingFileManagerFactory.createManager(RollingFileManager.java:734)
	at org.apache.logging.log4j.core.appender.rolling.RollingFileManager$RollingFileManagerFactory.createManager(RollingFileManager.java:718)
	at org.apache.logging.log4j.core.appender.AbstractManager.getManager(AbstractManager.java:144)
	at org.apache.logging.log4j.core.appender.OutputStreamManager.getManager(OutputStreamManager.java:100)
	at org.apache.logging.log4j.core.appender.rolling.RollingFileManager.getFileManager(RollingFileManager.java:217)
	at org.apache.logging.log4j.core.appender.RollingFileAppender$Builder.build(RollingFileAppender.java:135)
	at org.apache.logging.log4j.core.appender.RollingFileAppender$Builder.build(RollingFileAppender.java:62)
	at org.apache.logging.log4j.core.config.plugins.util.PluginBuilder.build(PluginBuilder.java:124)
	at org.apache.logging.log4j.core.config.AbstractConfiguration.createPluginObject(AbstractConfiguration.java:1138)
	at org.apache.logging.log4j.core.config.AbstractConfiguration.createConfiguration(AbstractConfiguration.java:1063)
	at org.apache.logging.log4j.core.appender.routing.RoutingAppender.createAppender(RoutingAppender.java:310)
	at org.apache.logging.log4j.core.appender.routing.RoutingAppender.getControl(RoutingAppender.java:282)
	at org.apache.logging.log4j.core.appender.routing.RoutingAppender.append(RoutingAppender.java:240)
	at org.apache.logging.log4j.core.config.AppenderControl.tryCallAppender(AppenderControl.java:161)
	at org.apache.logging.log4j.core.config.AppenderControl.callAppender0(AppenderControl.java:134)
	at org.apache.logging.log4j.core.config.AppenderControl.callAppenderPreventRecursion(AppenderControl.java:125)
	at org.apache.logging.log4j.core.config.AppenderControl.callAppender(AppenderControl.java:89)
	at org.apache.logging.log4j.core.config.LoggerConfig.callAppenders(LoggerConfig.java:683)
	at org.apache.logging.log4j.core.config.LoggerConfig.processLogEvent(LoggerConfig.java:641)
	at org.apache.logging.log4j.core.config.LoggerConfig.log(LoggerConfig.java:624)
	at org.apache.logging.log4j.core.config.LoggerConfig.log(LoggerConfig.java:560)
	at org.apache.logging.log4j.core.config.AwaitCompletionReliabilityStrategy.log(AwaitCompletionReliabilityStrategy.java:82)
	at org.apache.logging.log4j.core.Logger.log(Logger.java:162)
	at org.apache.logging.log4j.spi.AbstractLogger.logMessage(AbstractLogger.java:2106)
	at org.apache.logging.log4j.internal.DefaultLogBuilder.logMessage(DefaultLogBuilder.java:241)
	at org.apache.logging.log4j.internal.DefaultLogBuilder.log(DefaultLogBuilder.java:162)
	at org.apache.poi.openxml4j.opc.PackageRelationshipCollection.parseRelationshipsPart(PackageRelationshipCollection.java:309)
	at org.apache.poi.openxml4j.opc.PackageRelationshipCollection.<init>(PackageRelationshipCollection.java:160)
	at org.apache.poi.openxml4j.opc.PackageRelationshipCollection.<init>(PackageRelationshipCollection.java:130)
	at org.apache.poi.openxml4j.opc.PackagePart.loadRelationships(PackagePart.java:565)
	at org.apache.poi.openxml4j.opc.OPCPackage.getParts(OPCPackage.java:751)
	at org.apache.poi.openxml4j.opc.OPCPackage.open(OPCPackage.java:322)
	at org.apache.poi.ooxml.util.PackageHelper.open(PackageHelper.java:59)
	at org.apache.poi.xssf.usermodel.XSSFWorkbook.<init>(XSSFWorkbook.java:290)
	at org.apache.poi.xssf.usermodel.XSSFWorkbook.<init>(XSSFWorkbook.java:286)
	at externalResources.ExcelDataRead.<init>(ExcelDataRead.java:22)
	at listeners.AnnotationsTransformer.toBeExecuted(AnnotationsTransformer.java:36)
	at listeners.AnnotationsTransformer.transform(AnnotationsTransformer.java:24)
	at org.testng.internal.annotations.JDK15AnnotationFinder.transform(JDK15AnnotationFinder.java:172)
	at org.testng.internal.annotations.JDK15AnnotationFinder.lambda$findAnnotation$0(JDK15AnnotationFinder.java:279)
	at java.base/java.util.concurrent.ConcurrentHashMap.computeIfAbsent(ConcurrentHashMap.java:1705)
	at org.testng.internal.annotations.JDK15AnnotationFinder.findAnnotation(JDK15AnnotationFinder.java:275)
	at org.testng.internal.annotations.JDK15AnnotationFinder.findAnnotation(JDK15AnnotationFinder.java:113)
	at org.testng.internal.TestNGClassFinder.isTestNGClass(TestNGClassFinder.java:275)
	at org.testng.internal.TestNGClassFinder.isNotTestNGClass(TestNGClassFinder.java:260)
	at org.testng.internal.TestNGClassFinder.processClass(TestNGClassFinder.java:94)
	at org.testng.internal.TestNGClassFinder.<init>(TestNGClassFinder.java:67)
	at org.testng.TestRunner.initMethods(TestRunner.java:442)
	at org.testng.TestRunner.init(TestRunner.java:336)
	at org.testng.TestRunner.init(TestRunner.java:289)
	at org.testng.TestRunner.<init>(TestRunner.java:179)
	at org.testng.SuiteRunner$DefaultTestRunnerFactory.newTestRunner(SuiteRunner.java:643)
	at org.testng.SuiteRunner.init(SuiteRunner.java:225)
	at org.testng.SuiteRunner.<init>(SuiteRunner.java:115)
	at org.testng.TestNG.createSuiteRunner(TestNG.java:1349)
	at org.testng.TestNG.createSuiteRunners(TestNG.java:1325)
	at org.testng.TestNG.runSuitesLocally(TestNG.java:1167)
	at org.testng.TestNG.runSuites(TestNG.java:1099)
	at org.testng.TestNG.run(TestNG.java:1067)
	at org.apache.maven.surefire.testng.TestNGExecutor.run(TestNGExecutor.java:324)
	at org.apache.maven.surefire.testng.TestNGXmlTestSuite.execute(TestNGXmlTestSuite.java:74)
	at org.apache.maven.surefire.testng.TestNGProvider.invoke(TestNGProvider.java:123)
	at org.apache.maven.surefire.booter.ForkedBooter.runSuitesInProcess(ForkedBooter.java:456)
	at org.apache.maven.surefire.booter.ForkedBooter.execute(ForkedBooter.java:169)
	at org.apache.maven.surefire.booter.ForkedBooter.run(ForkedBooter.java:595)
	at org.apache.maven.surefire.booter.ForkedBooter.main(ForkedBooter.java:581)

2023-02-13 11:57:16,098 main ERROR Could not create plugin of type class org.apache.logging.log4j.core.appender.RollingFileAppender for element RollingFile: java.lang.IllegalStateException: ManagerFactory [org.apache.logging.log4j.core.appender.rolling.RollingFileManager$RollingFileManagerFactory@4e6d7365] unable to create manager for [./results/logs/${ctx:threadName}.log] with data [org.apache.logging.log4j.core.appender.rolling.RollingFileManager$FactoryData@3bdb2c78[pattern=./results/logs/${ctx:threadName}-%d{yyyy-MM-dd}.log, append=true, bufferedIO=true, bufferSize=8192, policy=SizeBasedTriggeringPolicy(size=512000), strategy=DefaultRolloverStrategy(min=1, max=7, useMax=true), advertiseURI=null, layout=%d{HH:mm:ss.SSS} [%t] %-5level %logger{36} - %msg%n, filePermissions=null, fileOwner=null]] java.lang.IllegalStateException: ManagerFactory [org.apache.logging.log4j.core.appender.rolling.RollingFileManager$RollingFileManagerFactory@4e6d7365] unable to create manager for [./results/logs/${ctx:threadName}.log] with data [org.apache.logging.log4j.core.appender.rolling.RollingFileManager$FactoryData@3bdb2c78[pattern=./results/logs/${ctx:threadName}-%d{yyyy-MM-dd}.log, append=true, bufferedIO=true, bufferSize=8192, policy=SizeBasedTriggeringPolicy(size=512000), strategy=DefaultRolloverStrategy(min=1, max=7, useMax=true), advertiseURI=null, layout=%d{HH:mm:ss.SSS} [%t] %-5level %logger{36} - %msg%n, filePermissions=null, fileOwner=null]]
	at org.apache.logging.log4j.core.appender.AbstractManager.getManager(AbstractManager.java:146)
	at org.apache.logging.log4j.core.appender.OutputStreamManager.getManager(OutputStreamManager.java:100)
	at org.apache.logging.log4j.core.appender.rolling.RollingFileManager.getFileManager(RollingFileManager.java:217)
	at org.apache.logging.log4j.core.appender.RollingFileAppender$Builder.build(RollingFileAppender.java:135)
	at org.apache.logging.log4j.core.appender.RollingFileAppender$Builder.build(RollingFileAppender.java:62)
	at org.apache.logging.log4j.core.config.plugins.util.PluginBuilder.build(PluginBuilder.java:124)
	at org.apache.logging.log4j.core.config.AbstractConfiguration.createPluginObject(AbstractConfiguration.java:1138)
	at org.apache.logging.log4j.core.config.AbstractConfiguration.createConfiguration(AbstractConfiguration.java:1063)
	at org.apache.logging.log4j.core.appender.routing.RoutingAppender.createAppender(RoutingAppender.java:310)
	at org.apache.logging.log4j.core.appender.routing.RoutingAppender.getControl(RoutingAppender.java:282)
	at org.apache.logging.log4j.core.appender.routing.RoutingAppender.append(RoutingAppender.java:240)
	at org.apache.logging.log4j.core.config.AppenderControl.tryCallAppender(AppenderControl.java:161)
	at org.apache.logging.log4j.core.config.AppenderControl.callAppender0(AppenderControl.java:134)
	at org.apache.logging.log4j.core.config.AppenderControl.callAppenderPreventRecursion(AppenderControl.java:125)
	at org.apache.logging.log4j.core.config.AppenderControl.callAppender(AppenderControl.java:89)
	at org.apache.logging.log4j.core.config.LoggerConfig.callAppenders(LoggerConfig.java:683)
	at org.apache.logging.log4j.core.config.LoggerConfig.processLogEvent(LoggerConfig.java:641)
	at org.apache.logging.log4j.core.config.LoggerConfig.log(LoggerConfig.java:624)
	at org.apache.logging.log4j.core.config.LoggerConfig.log(LoggerConfig.java:560)
	at org.apache.logging.log4j.core.config.AwaitCompletionReliabilityStrategy.log(AwaitCompletionReliabilityStrategy.java:82)
	at org.apache.logging.log4j.core.Logger.log(Logger.java:162)
	at org.apache.logging.log4j.spi.AbstractLogger.logMessage(AbstractLogger.java:2106)
	at org.apache.logging.log4j.internal.DefaultLogBuilder.logMessage(DefaultLogBuilder.java:241)
	at org.apache.logging.log4j.internal.DefaultLogBuilder.log(DefaultLogBuilder.java:162)
	at org.apache.poi.openxml4j.opc.PackageRelationshipCollection.parseRelationshipsPart(PackageRelationshipCollection.java:309)
	at org.apache.poi.openxml4j.opc.PackageRelationshipCollection.<init>(PackageRelationshipCollection.java:160)
	at org.apache.poi.openxml4j.opc.PackageRelationshipCollection.<init>(PackageRelationshipCollection.java:130)
	at org.apache.poi.openxml4j.opc.PackagePart.loadRelationships(PackagePart.java:565)
	at org.apache.poi.openxml4j.opc.OPCPackage.getParts(OPCPackage.java:751)
	at org.apache.poi.openxml4j.opc.OPCPackage.open(OPCPackage.java:322)
	at org.apache.poi.ooxml.util.PackageHelper.open(PackageHelper.java:59)
	at org.apache.poi.xssf.usermodel.XSSFWorkbook.<init>(XSSFWorkbook.java:290)
	at org.apache.poi.xssf.usermodel.XSSFWorkbook.<init>(XSSFWorkbook.java:286)
	at externalResources.ExcelDataRead.<init>(ExcelDataRead.java:22)
	at listeners.AnnotationsTransformer.toBeExecuted(AnnotationsTransformer.java:36)
	at listeners.AnnotationsTransformer.transform(AnnotationsTransformer.java:24)
	at org.testng.internal.annotations.JDK15AnnotationFinder.transform(JDK15AnnotationFinder.java:172)
	at org.testng.internal.annotations.JDK15AnnotationFinder.lambda$findAnnotation$0(JDK15AnnotationFinder.java:279)
	at java.base/java.util.concurrent.ConcurrentHashMap.computeIfAbsent(ConcurrentHashMap.java:1705)
	at org.testng.internal.annotations.JDK15AnnotationFinder.findAnnotation(JDK15AnnotationFinder.java:275)
	at org.testng.internal.annotations.JDK15AnnotationFinder.findAnnotation(JDK15AnnotationFinder.java:113)
	at org.testng.internal.TestNGClassFinder.isTestNGClass(TestNGClassFinder.java:275)
	at org.testng.internal.TestNGClassFinder.isNotTestNGClass(TestNGClassFinder.java:260)
	at org.testng.internal.TestNGClassFinder.processClass(TestNGClassFinder.java:94)
	at org.testng.internal.TestNGClassFinder.<init>(TestNGClassFinder.java:67)
	at org.testng.TestRunner.initMethods(TestRunner.java:442)
	at org.testng.TestRunner.init(TestRunner.java:336)
	at org.testng.TestRunner.init(TestRunner.java:289)
	at org.testng.TestRunner.<init>(TestRunner.java:179)
	at org.testng.SuiteRunner$DefaultTestRunnerFactory.newTestRunner(SuiteRunner.java:643)
	at org.testng.SuiteRunner.init(SuiteRunner.java:225)
	at org.testng.SuiteRunner.<init>(SuiteRunner.java:115)
	at org.testng.TestNG.createSuiteRunner(TestNG.java:1349)
	at org.testng.TestNG.createSuiteRunners(TestNG.java:1325)
	at org.testng.TestNG.runSuitesLocally(TestNG.java:1167)
	at org.testng.TestNG.runSuites(TestNG.java:1099)
	at org.testng.TestNG.run(TestNG.java:1067)
	at org.apache.maven.surefire.testng.TestNGExecutor.run(TestNGExecutor.java:324)
	at org.apache.maven.surefire.testng.TestNGXmlTestSuite.execute(TestNGXmlTestSuite.java:74)
	at org.apache.maven.surefire.testng.TestNGProvider.invoke(TestNGProvider.java:123)
	at org.apache.maven.surefire.booter.ForkedBooter.runSuitesInProcess(ForkedBooter.java:456)
	at org.apache.maven.surefire.booter.ForkedBooter.execute(ForkedBooter.java:169)
	at org.apache.maven.surefire.booter.ForkedBooter.run(ForkedBooter.java:595)
	at org.apache.maven.surefire.booter.ForkedBooter.main(ForkedBooter.java:581)

2023-02-13 11:57:16,099 main ERROR Unable to invoke factory method in class org.apache.logging.log4j.core.appender.RollingFileAppender for element RollingFile: java.lang.IllegalStateException: No factory method found for class org.apache.logging.log4j.core.appender.RollingFileAppender java.lang.IllegalStateException: No factory method found for class org.apache.logging.log4j.core.appender.RollingFileAppender
	at org.apache.logging.log4j.core.config.plugins.util.PluginBuilder.findFactoryMethod(PluginBuilder.java:260)
	at org.apache.logging.log4j.core.config.plugins.util.PluginBuilder.build(PluginBuilder.java:136)
	at org.apache.logging.log4j.core.config.AbstractConfiguration.createPluginObject(AbstractConfiguration.java:1138)
	at org.apache.logging.log4j.core.config.AbstractConfiguration.createConfiguration(AbstractConfiguration.java:1063)
	at org.apache.logging.log4j.core.appender.routing.RoutingAppender.createAppender(RoutingAppender.java:310)
	at org.apache.logging.log4j.core.appender.routing.RoutingAppender.getControl(RoutingAppender.java:282)
	at org.apache.logging.log4j.core.appender.routing.RoutingAppender.append(RoutingAppender.java:240)
	at org.apache.logging.log4j.core.config.AppenderControl.tryCallAppender(AppenderControl.java:161)
	at org.apache.logging.log4j.core.config.AppenderControl.callAppender0(AppenderControl.java:134)
	at org.apache.logging.log4j.core.config.AppenderControl.callAppenderPreventRecursion(AppenderControl.java:125)
	at org.apache.logging.log4j.core.config.AppenderControl.callAppender(AppenderControl.java:89)
	at org.apache.logging.log4j.core.config.LoggerConfig.callAppenders(LoggerConfig.java:683)
	at org.apache.logging.log4j.core.config.LoggerConfig.processLogEvent(LoggerConfig.java:641)
	at org.apache.logging.log4j.core.config.LoggerConfig.log(LoggerConfig.java:624)
	at org.apache.logging.log4j.core.config.LoggerConfig.log(LoggerConfig.java:560)
	at org.apache.logging.log4j.core.config.AwaitCompletionReliabilityStrategy.log(AwaitCompletionReliabilityStrategy.java:82)
	at org.apache.logging.log4j.core.Logger.log(Logger.java:162)
	at org.apache.logging.log4j.spi.AbstractLogger.logMessage(AbstractLogger.java:2106)
	at org.apache.logging.log4j.internal.DefaultLogBuilder.logMessage(DefaultLogBuilder.java:241)
	at org.apache.logging.log4j.internal.DefaultLogBuilder.log(DefaultLogBuilder.java:162)
	at org.apache.poi.openxml4j.opc.PackageRelationshipCollection.parseRelationshipsPart(PackageRelationshipCollection.java:309)
	at org.apache.poi.openxml4j.opc.PackageRelationshipCollection.<init>(PackageRelationshipCollection.java:160)
	at org.apache.poi.openxml4j.opc.PackageRelationshipCollection.<init>(PackageRelationshipCollection.java:130)
	at org.apache.poi.openxml4j.opc.PackagePart.loadRelationships(PackagePart.java:565)
	at org.apache.poi.openxml4j.opc.OPCPackage.getParts(OPCPackage.java:751)
	at org.apache.poi.openxml4j.opc.OPCPackage.open(OPCPackage.java:322)
	at org.apache.poi.ooxml.util.PackageHelper.open(PackageHelper.java:59)
	at org.apache.poi.xssf.usermodel.XSSFWorkbook.<init>(XSSFWorkbook.java:290)
	at org.apache.poi.xssf.usermodel.XSSFWorkbook.<init>(XSSFWorkbook.java:286)
	at externalResources.ExcelDataRead.<init>(ExcelDataRead.java:22)
	at listeners.AnnotationsTransformer.toBeExecuted(AnnotationsTransformer.java:36)
	at listeners.AnnotationsTransformer.transform(AnnotationsTransformer.java:24)
	at org.testng.internal.annotations.JDK15AnnotationFinder.transform(JDK15AnnotationFinder.java:172)
	at org.testng.internal.annotations.JDK15AnnotationFinder.lambda$findAnnotation$0(JDK15AnnotationFinder.java:279)
	at java.base/java.util.concurrent.ConcurrentHashMap.computeIfAbsent(ConcurrentHashMap.java:1705)
	at org.testng.internal.annotations.JDK15AnnotationFinder.findAnnotation(JDK15AnnotationFinder.java:275)
	at org.testng.internal.annotations.JDK15AnnotationFinder.findAnnotation(JDK15AnnotationFinder.java:113)
	at org.testng.internal.TestNGClassFinder.isTestNGClass(TestNGClassFinder.java:275)
	at org.testng.internal.TestNGClassFinder.isNotTestNGClass(TestNGClassFinder.java:260)
	at org.testng.internal.TestNGClassFinder.processClass(TestNGClassFinder.java:94)
	at org.testng.internal.TestNGClassFinder.<init>(TestNGClassFinder.java:67)
	at org.testng.TestRunner.initMethods(TestRunner.java:442)
	at org.testng.TestRunner.init(TestRunner.java:336)
	at org.testng.TestRunner.init(TestRunner.java:289)
	at org.testng.TestRunner.<init>(TestRunner.java:179)
	at org.testng.SuiteRunner$DefaultTestRunnerFactory.newTestRunner(SuiteRunner.java:643)
	at org.testng.SuiteRunner.init(SuiteRunner.java:225)
	at org.testng.SuiteRunner.<init>(SuiteRunner.java:115)
	at org.testng.TestNG.createSuiteRunner(TestNG.java:1349)
	at org.testng.TestNG.createSuiteRunners(TestNG.java:1325)
	at org.testng.TestNG.runSuitesLocally(TestNG.java:1167)
	at org.testng.TestNG.runSuites(TestNG.java:1099)
	at org.testng.TestNG.run(TestNG.java:1067)
	at org.apache.maven.surefire.testng.TestNGExecutor.run(TestNGExecutor.java:324)
	at org.apache.maven.surefire.testng.TestNGXmlTestSuite.execute(TestNGXmlTestSuite.java:74)
	at org.apache.maven.surefire.testng.TestNGProvider.invoke(TestNGProvider.java:123)
	at org.apache.maven.surefire.booter.ForkedBooter.runSuitesInProcess(ForkedBooter.java:456)
	at org.apache.maven.surefire.booter.ForkedBooter.execute(ForkedBooter.java:169)
	at org.apache.maven.surefire.booter.ForkedBooter.run(ForkedBooter.java:595)
	at org.apache.maven.surefire.booter.ForkedBooter.main(ForkedBooter.java:581)

2023-02-13 11:57:16,103 main ERROR Unable to create file ./results/logs/${ctx:threadName}.log java.io.IOException: The filename, directory name, or volume label syntax is incorrect
	at java.base/java.io.WinNTFileSystem.canonicalize0(Native Method)
	at java.base/java.io.WinNTFileSystem.canonicalize(WinNTFileSystem.java:483)
	at java.base/java.io.File.getCanonicalPath(File.java:626)
	at java.base/java.io.File.getCanonicalFile(File.java:651)
	at org.apache.logging.log4j.core.util.FileUtils.makeParentDirs(FileUtils.java:139)
	at org.apache.logging.log4j.core.appender.rolling.RollingFileManager$RollingFileManagerFactory.createManager(RollingFileManager.java:734)
	at org.apache.logging.log4j.core.appender.rolling.RollingFileManager$RollingFileManagerFactory.createManager(RollingFileManager.java:718)
	at org.apache.logging.log4j.core.appender.AbstractManager.getManager(AbstractManager.java:144)
	at org.apache.logging.log4j.core.appender.OutputStreamManager.getManager(OutputStreamManager.java:100)
	at org.apache.logging.log4j.core.appender.rolling.RollingFileManager.getFileManager(RollingFileManager.java:217)
	at org.apache.logging.log4j.core.appender.RollingFileAppender$Builder.build(RollingFileAppender.java:135)
	at org.apache.logging.log4j.core.appender.RollingFileAppender$Builder.build(RollingFileAppender.java:62)
	at org.apache.logging.log4j.core.config.plugins.util.PluginBuilder.build(PluginBuilder.java:124)
	at org.apache.logging.log4j.core.config.AbstractConfiguration.createPluginObject(AbstractConfiguration.java:1138)
	at org.apache.logging.log4j.core.config.AbstractConfiguration.createConfiguration(AbstractConfiguration.java:1063)
	at org.apache.logging.log4j.core.appender.routing.RoutingAppender.createAppender(RoutingAppender.java:310)
	at org.apache.logging.log4j.core.appender.routing.RoutingAppender.getControl(RoutingAppender.java:282)
	at org.apache.logging.log4j.core.appender.routing.RoutingAppender.append(RoutingAppender.java:240)
	at org.apache.logging.log4j.core.config.AppenderControl.tryCallAppender(AppenderControl.java:161)
	at org.apache.logging.log4j.core.config.AppenderControl.callAppender0(AppenderControl.java:134)
	at org.apache.logging.log4j.core.config.AppenderControl.callAppenderPreventRecursion(AppenderControl.java:125)
	at org.apache.logging.log4j.core.config.AppenderControl.callAppender(AppenderControl.java:89)
	at org.apache.logging.log4j.core.config.LoggerConfig.callAppenders(LoggerConfig.java:683)
	at org.apache.logging.log4j.core.config.LoggerConfig.processLogEvent(LoggerConfig.java:641)
	at org.apache.logging.log4j.core.config.LoggerConfig.log(LoggerConfig.java:624)
	at org.apache.logging.log4j.core.config.LoggerConfig.log(LoggerConfig.java:560)
	at org.apache.logging.log4j.core.config.AwaitCompletionReliabilityStrategy.log(AwaitCompletionReliabilityStrategy.java:82)
	at org.apache.logging.log4j.core.Logger.log(Logger.java:162)
	at org.apache.logging.log4j.spi.AbstractLogger.logMessage(AbstractLogger.java:2106)
	at org.apache.logging.log4j.internal.DefaultLogBuilder.logMessage(DefaultLogBuilder.java:241)
	at org.apache.logging.log4j.internal.DefaultLogBuilder.log(DefaultLogBuilder.java:162)
	at org.apache.poi.openxml4j.opc.PackageRelationshipCollection.parseRelationshipsPart(PackageRelationshipCollection.java:309)
	at org.apache.poi.openxml4j.opc.PackageRelationshipCollection.<init>(PackageRelationshipCollection.java:160)
	at org.apache.poi.openxml4j.opc.PackageRelationshipCollection.<init>(PackageRelationshipCollection.java:130)
	at org.apache.poi.openxml4j.opc.PackagePart.loadRelationships(PackagePart.java:565)
	at org.apache.poi.openxml4j.opc.OPCPackage.getParts(OPCPackage.java:751)
	at org.apache.poi.openxml4j.opc.OPCPackage.open(OPCPackage.java:322)
	at org.apache.poi.ooxml.util.PackageHelper.open(PackageHelper.java:59)
	at org.apache.poi.xssf.usermodel.XSSFWorkbook.<init>(XSSFWorkbook.java:290)
	at org.apache.poi.xssf.usermodel.XSSFWorkbook.<init>(XSSFWorkbook.java:286)
	at externalResources.ExcelDataRead.<init>(ExcelDataRead.java:22)
	at listeners.AnnotationsTransformer.toBeExecuted(AnnotationsTransformer.java:36)
	at listeners.AnnotationsTransformer.transform(AnnotationsTransformer.java:24)
	at org.testng.internal.annotations.JDK15AnnotationFinder.transform(JDK15AnnotationFinder.java:172)
	at org.testng.internal.annotations.JDK15AnnotationFinder.lambda$findAnnotation$0(JDK15AnnotationFinder.java:279)
	at java.base/java.util.concurrent.ConcurrentHashMap.computeIfAbsent(ConcurrentHashMap.java:1705)
	at org.testng.internal.annotations.JDK15AnnotationFinder.findAnnotation(JDK15AnnotationFinder.java:275)
	at org.testng.internal.annotations.JDK15AnnotationFinder.findAnnotation(JDK15AnnotationFinder.java:113)
	at org.testng.internal.TestNGClassFinder.isTestNGClass(TestNGClassFinder.java:275)
	at org.testng.internal.TestNGClassFinder.isNotTestNGClass(TestNGClassFinder.java:260)
	at org.testng.internal.TestNGClassFinder.processClass(TestNGClassFinder.java:94)
	at org.testng.internal.TestNGClassFinder.<init>(TestNGClassFinder.java:67)
	at org.testng.TestRunner.initMethods(TestRunner.java:442)
	at org.testng.TestRunner.init(TestRunner.java:336)
	at org.testng.TestRunner.init(TestRunner.java:289)
	at org.testng.TestRunner.<init>(TestRunner.java:179)
	at org.testng.SuiteRunner$DefaultTestRunnerFactory.newTestRunner(SuiteRunner.java:643)
	at org.testng.SuiteRunner.init(SuiteRunner.java:225)
	at org.testng.SuiteRunner.<init>(SuiteRunner.java:115)
	at org.testng.TestNG.createSuiteRunner(TestNG.java:1349)
	at org.testng.TestNG.createSuiteRunners(TestNG.java:1325)
	at org.testng.TestNG.runSuitesLocally(TestNG.java:1167)
	at org.testng.TestNG.runSuites(TestNG.java:1099)
	at org.testng.TestNG.run(TestNG.java:1067)
	at org.apache.maven.surefire.testng.TestNGExecutor.run(TestNGExecutor.java:324)
	at org.apache.maven.surefire.testng.TestNGXmlTestSuite.execute(TestNGXmlTestSuite.java:74)
	at org.apache.maven.surefire.testng.TestNGProvider.invoke(TestNGProvider.java:123)
	at org.apache.maven.surefire.booter.ForkedBooter.runSuitesInProcess(ForkedBooter.java:456)
	at org.apache.maven.surefire.booter.ForkedBooter.execute(ForkedBooter.java:169)
	at org.apache.maven.surefire.booter.ForkedBooter.run(ForkedBooter.java:595)
	at org.apache.maven.surefire.booter.ForkedBooter.main(ForkedBooter.java:581)

2023-02-13 11:57:16,104 main ERROR Could not create plugin of type class org.apache.logging.log4j.core.appender.RollingFileAppender for element RollingFile: java.lang.IllegalStateException: ManagerFactory [org.apache.logging.log4j.core.appender.rolling.RollingFileManager$RollingFileManagerFactory@4e6d7365] unable to create manager for [./results/logs/${ctx:threadName}.log] with data [org.apache.logging.log4j.core.appender.rolling.RollingFileManager$FactoryData@73a19967[pattern=./results/logs/${ctx:threadName}-%d{yyyy-MM-dd}.log, append=true, bufferedIO=true, bufferSize=8192, policy=SizeBasedTriggeringPolicy(size=512000), strategy=DefaultRolloverStrategy(min=1, max=7, useMax=true), advertiseURI=null, layout=%d{HH:mm:ss.SSS} [%t] %-5level %logger{36} - %msg%n, filePermissions=null, fileOwner=null]] java.lang.IllegalStateException: ManagerFactory [org.apache.logging.log4j.core.appender.rolling.RollingFileManager$RollingFileManagerFactory@4e6d7365] unable to create manager for [./results/logs/${ctx:threadName}.log] with data [org.apache.logging.log4j.core.appender.rolling.RollingFileManager$FactoryData@73a19967[pattern=./results/logs/${ctx:threadName}-%d{yyyy-MM-dd}.log, append=true, bufferedIO=true, bufferSize=8192, policy=SizeBasedTriggeringPolicy(size=512000), strategy=DefaultRolloverStrategy(min=1, max=7, useMax=true), advertiseURI=null, layout=%d{HH:mm:ss.SSS} [%t] %-5level %logger{36} - %msg%n, filePermissions=null, fileOwner=null]]
	at org.apache.logging.log4j.core.appender.AbstractManager.getManager(AbstractManager.java:146)
	at org.apache.logging.log4j.core.appender.OutputStreamManager.getManager(OutputStreamManager.java:100)
	at org.apache.logging.log4j.core.appender.rolling.RollingFileManager.getFileManager(RollingFileManager.java:217)
	at org.apache.logging.log4j.core.appender.RollingFileAppender$Builder.build(RollingFileAppender.java:135)
	at org.apache.logging.log4j.core.appender.RollingFileAppender$Builder.build(RollingFileAppender.java:62)
	at org.apache.logging.log4j.core.config.plugins.util.PluginBuilder.build(PluginBuilder.java:124)
	at org.apache.logging.log4j.core.config.AbstractConfiguration.createPluginObject(AbstractConfiguration.java:1138)
	at org.apache.logging.log4j.core.config.AbstractConfiguration.createConfiguration(AbstractConfiguration.java:1063)
	at org.apache.logging.log4j.core.appender.routing.RoutingAppender.createAppender(RoutingAppender.java:310)
	at org.apache.logging.log4j.core.appender.routing.RoutingAppender.getControl(RoutingAppender.java:282)
	at org.apache.logging.log4j.core.appender.routing.RoutingAppender.append(RoutingAppender.java:240)
	at org.apache.logging.log4j.core.config.AppenderControl.tryCallAppender(AppenderControl.java:161)
	at org.apache.logging.log4j.core.config.AppenderControl.callAppender0(AppenderControl.java:134)
	at org.apache.logging.log4j.core.config.AppenderControl.callAppenderPreventRecursion(AppenderControl.java:125)
	at org.apache.logging.log4j.core.config.AppenderControl.callAppender(AppenderControl.java:89)
	at org.apache.logging.log4j.core.config.LoggerConfig.callAppenders(LoggerConfig.java:683)
	at org.apache.logging.log4j.core.config.LoggerConfig.processLogEvent(LoggerConfig.java:641)
	at org.apache.logging.log4j.core.config.LoggerConfig.log(LoggerConfig.java:624)
	at org.apache.logging.log4j.core.config.LoggerConfig.log(LoggerConfig.java:560)
	at org.apache.logging.log4j.core.config.AwaitCompletionReliabilityStrategy.log(AwaitCompletionReliabilityStrategy.java:82)
	at org.apache.logging.log4j.core.Logger.log(Logger.java:162)
	at org.apache.logging.log4j.spi.AbstractLogger.logMessage(AbstractLogger.java:2106)
	at org.apache.logging.log4j.internal.DefaultLogBuilder.logMessage(DefaultLogBuilder.java:241)
	at org.apache.logging.log4j.internal.DefaultLogBuilder.log(DefaultLogBuilder.java:162)
	at org.apache.poi.openxml4j.opc.PackageRelationshipCollection.parseRelationshipsPart(PackageRelationshipCollection.java:309)
	at org.apache.poi.openxml4j.opc.PackageRelationshipCollection.<init>(PackageRelationshipCollection.java:160)
	at org.apache.poi.openxml4j.opc.PackageRelationshipCollection.<init>(PackageRelationshipCollection.java:130)
	at org.apache.poi.openxml4j.opc.PackagePart.loadRelationships(PackagePart.java:565)
	at org.apache.poi.openxml4j.opc.OPCPackage.getParts(OPCPackage.java:751)
	at org.apache.poi.openxml4j.opc.OPCPackage.open(OPCPackage.java:322)
	at org.apache.poi.ooxml.util.PackageHelper.open(PackageHelper.java:59)
	at org.apache.poi.xssf.usermodel.XSSFWorkbook.<init>(XSSFWorkbook.java:290)
	at org.apache.poi.xssf.usermodel.XSSFWorkbook.<init>(XSSFWorkbook.java:286)
	at externalResources.ExcelDataRead.<init>(ExcelDataRead.java:22)
	at listeners.AnnotationsTransformer.toBeExecuted(AnnotationsTransformer.java:36)
	at listeners.AnnotationsTransformer.transform(AnnotationsTransformer.java:24)
	at org.testng.internal.annotations.JDK15AnnotationFinder.transform(JDK15AnnotationFinder.java:172)
	at org.testng.internal.annotations.JDK15AnnotationFinder.lambda$findAnnotation$0(JDK15AnnotationFinder.java:279)
	at java.base/java.util.concurrent.ConcurrentHashMap.computeIfAbsent(ConcurrentHashMap.java:1705)
	at org.testng.internal.annotations.JDK15AnnotationFinder.findAnnotation(JDK15AnnotationFinder.java:275)
	at org.testng.internal.annotations.JDK15AnnotationFinder.findAnnotation(JDK15AnnotationFinder.java:113)
	at org.testng.internal.TestNGClassFinder.isTestNGClass(TestNGClassFinder.java:275)
	at org.testng.internal.TestNGClassFinder.isNotTestNGClass(TestNGClassFinder.java:260)
	at org.testng.internal.TestNGClassFinder.processClass(TestNGClassFinder.java:94)
	at org.testng.internal.TestNGClassFinder.<init>(TestNGClassFinder.java:67)
	at org.testng.TestRunner.initMethods(TestRunner.java:442)
	at org.testng.TestRunner.init(TestRunner.java:336)
	at org.testng.TestRunner.init(TestRunner.java:289)
	at org.testng.TestRunner.<init>(TestRunner.java:179)
	at org.testng.SuiteRunner$DefaultTestRunnerFactory.newTestRunner(SuiteRunner.java:643)
	at org.testng.SuiteRunner.init(SuiteRunner.java:225)
	at org.testng.SuiteRunner.<init>(SuiteRunner.java:115)
	at org.testng.TestNG.createSuiteRunner(TestNG.java:1349)
	at org.testng.TestNG.createSuiteRunners(TestNG.java:1325)
	at org.testng.TestNG.runSuitesLocally(TestNG.java:1167)
	at org.testng.TestNG.runSuites(TestNG.java:1099)
	at org.testng.TestNG.run(TestNG.java:1067)
	at org.apache.maven.surefire.testng.TestNGExecutor.run(TestNGExecutor.java:324)
	at org.apache.maven.surefire.testng.TestNGXmlTestSuite.execute(TestNGXmlTestSuite.java:74)
	at org.apache.maven.surefire.testng.TestNGProvider.invoke(TestNGProvider.java:123)
	at org.apache.maven.surefire.booter.ForkedBooter.runSuitesInProcess(ForkedBooter.java:456)
	at org.apache.maven.surefire.booter.ForkedBooter.execute(ForkedBooter.java:169)
	at org.apache.maven.surefire.booter.ForkedBooter.run(ForkedBooter.java:595)
	at org.apache.maven.surefire.booter.ForkedBooter.main(ForkedBooter.java:581)

2023-02-13 11:57:16,104 main ERROR Unable to invoke factory method in class org.apache.logging.log4j.core.appender.RollingFileAppender for element RollingFile: java.lang.IllegalStateException: No factory method found for class org.apache.logging.log4j.core.appender.RollingFileAppender java.lang.IllegalStateException: No factory method found for class org.apache.logging.log4j.core.appender.RollingFileAppender
	at org.apache.logging.log4j.core.config.plugins.util.PluginBuilder.findFactoryMethod(PluginBuilder.java:260)
	at org.apache.logging.log4j.core.config.plugins.util.PluginBuilder.build(PluginBuilder.java:136)
	at org.apache.logging.log4j.core.config.AbstractConfiguration.createPluginObject(AbstractConfiguration.java:1138)
	at org.apache.logging.log4j.core.config.AbstractConfiguration.createConfiguration(AbstractConfiguration.java:1063)
	at org.apache.logging.log4j.core.appender.routing.RoutingAppender.createAppender(RoutingAppender.java:310)
	at org.apache.logging.log4j.core.appender.routing.RoutingAppender.getControl(RoutingAppender.java:282)
	at org.apache.logging.log4j.core.appender.routing.RoutingAppender.append(RoutingAppender.java:240)
	at org.apache.logging.log4j.core.config.AppenderControl.tryCallAppender(AppenderControl.java:161)
	at org.apache.logging.log4j.core.config.AppenderControl.callAppender0(AppenderControl.java:134)
	at org.apache.logging.log4j.core.config.AppenderControl.callAppenderPreventRecursion(AppenderControl.java:125)
	at org.apache.logging.log4j.core.config.AppenderControl.callAppender(AppenderControl.java:89)
	at org.apache.logging.log4j.core.config.LoggerConfig.callAppenders(LoggerConfig.java:683)
	at org.apache.logging.log4j.core.config.LoggerConfig.processLogEvent(LoggerConfig.java:641)
	at org.apache.logging.log4j.core.config.LoggerConfig.log(LoggerConfig.java:624)
	at org.apache.logging.log4j.core.config.LoggerConfig.log(LoggerConfig.java:560)
	at org.apache.logging.log4j.core.config.AwaitCompletionReliabilityStrategy.log(AwaitCompletionReliabilityStrategy.java:82)
	at org.apache.logging.log4j.core.Logger.log(Logger.java:162)
	at org.apache.logging.log4j.spi.AbstractLogger.logMessage(AbstractLogger.java:2106)
	at org.apache.logging.log4j.internal.DefaultLogBuilder.logMessage(DefaultLogBuilder.java:241)
	at org.apache.logging.log4j.internal.DefaultLogBuilder.log(DefaultLogBuilder.java:162)
	at org.apache.poi.openxml4j.opc.PackageRelationshipCollection.parseRelationshipsPart(PackageRelationshipCollection.java:309)
	at org.apache.poi.openxml4j.opc.PackageRelationshipCollection.<init>(PackageRelationshipCollection.java:160)
	at org.apache.poi.openxml4j.opc.PackageRelationshipCollection.<init>(PackageRelationshipCollection.java:130)
	at org.apache.poi.openxml4j.opc.PackagePart.loadRelationships(PackagePart.java:565)
	at org.apache.poi.openxml4j.opc.OPCPackage.getParts(OPCPackage.java:751)
	at org.apache.poi.openxml4j.opc.OPCPackage.open(OPCPackage.java:322)
	at org.apache.poi.ooxml.util.PackageHelper.open(PackageHelper.java:59)
	at org.apache.poi.xssf.usermodel.XSSFWorkbook.<init>(XSSFWorkbook.java:290)
	at org.apache.poi.xssf.usermodel.XSSFWorkbook.<init>(XSSFWorkbook.java:286)
	at externalResources.ExcelDataRead.<init>(ExcelDataRead.java:22)
	at listeners.AnnotationsTransformer.toBeExecuted(AnnotationsTransformer.java:36)
	at listeners.AnnotationsTransformer.transform(AnnotationsTransformer.java:24)
	at org.testng.internal.annotations.JDK15AnnotationFinder.transform(JDK15AnnotationFinder.java:172)
	at org.testng.internal.annotations.JDK15AnnotationFinder.lambda$findAnnotation$0(JDK15AnnotationFinder.java:279)
	at java.base/java.util.concurrent.ConcurrentHashMap.computeIfAbsent(ConcurrentHashMap.java:1705)
	at org.testng.internal.annotations.JDK15AnnotationFinder.findAnnotation(JDK15AnnotationFinder.java:275)
	at org.testng.internal.annotations.JDK15AnnotationFinder.findAnnotation(JDK15AnnotationFinder.java:113)
	at org.testng.internal.TestNGClassFinder.isTestNGClass(TestNGClassFinder.java:275)
	at org.testng.internal.TestNGClassFinder.isNotTestNGClass(TestNGClassFinder.java:260)
	at org.testng.internal.TestNGClassFinder.processClass(TestNGClassFinder.java:94)
	at org.testng.internal.TestNGClassFinder.<init>(TestNGClassFinder.java:67)
	at org.testng.TestRunner.initMethods(TestRunner.java:442)
	at org.testng.TestRunner.init(TestRunner.java:336)
	at org.testng.TestRunner.init(TestRunner.java:289)
	at org.testng.TestRunner.<init>(TestRunner.java:179)
	at org.testng.SuiteRunner$DefaultTestRunnerFactory.newTestRunner(SuiteRunner.java:643)
	at org.testng.SuiteRunner.init(SuiteRunner.java:225)
	at org.testng.SuiteRunner.<init>(SuiteRunner.java:115)
	at org.testng.TestNG.createSuiteRunner(TestNG.java:1349)
	at org.testng.TestNG.createSuiteRunners(TestNG.java:1325)
	at org.testng.TestNG.runSuitesLocally(TestNG.java:1167)
	at org.testng.TestNG.runSuites(TestNG.java:1099)
	at org.testng.TestNG.run(TestNG.java:1067)
	at org.apache.maven.surefire.testng.TestNGExecutor.run(TestNGExecutor.java:324)
	at org.apache.maven.surefire.testng.TestNGXmlTestSuite.execute(TestNGXmlTestSuite.java:74)
	at org.apache.maven.surefire.testng.TestNGProvider.invoke(TestNGProvider.java:123)
	at org.apache.maven.surefire.booter.ForkedBooter.runSuitesInProcess(ForkedBooter.java:456)
	at org.apache.maven.surefire.booter.ForkedBooter.execute(ForkedBooter.java:169)
	at org.apache.maven.surefire.booter.ForkedBooter.run(ForkedBooter.java:595)
	at org.apache.maven.surefire.booter.ForkedBooter.main(ForkedBooter.java:581)

2023-02-13 11:57:16,108 main ERROR Unable to create file ./results/logs/${ctx:threadName}.log java.io.IOException: The filename, directory name, or volume label syntax is incorrect
	at java.base/java.io.WinNTFileSystem.canonicalize0(Native Method)
	at java.base/java.io.WinNTFileSystem.canonicalize(WinNTFileSystem.java:483)
	at java.base/java.io.File.getCanonicalPath(File.java:626)
	at java.base/java.io.File.getCanonicalFile(File.java:651)
	at org.apache.logging.log4j.core.util.FileUtils.makeParentDirs(FileUtils.java:139)
	at org.apache.logging.log4j.core.appender.rolling.RollingFileManager$RollingFileManagerFactory.createManager(RollingFileManager.java:734)
	at org.apache.logging.log4j.core.appender.rolling.RollingFileManager$RollingFileManagerFactory.createManager(RollingFileManager.java:718)
	at org.apache.logging.log4j.core.appender.AbstractManager.getManager(AbstractManager.java:144)
	at org.apache.logging.log4j.core.appender.OutputStreamManager.getManager(OutputStreamManager.java:100)
	at org.apache.logging.log4j.core.appender.rolling.RollingFileManager.getFileManager(RollingFileManager.java:217)
	at org.apache.logging.log4j.core.appender.RollingFileAppender$Builder.build(RollingFileAppender.java:135)
	at org.apache.logging.log4j.core.appender.RollingFileAppender$Builder.build(RollingFileAppender.java:62)
	at org.apache.logging.log4j.core.config.plugins.util.PluginBuilder.build(PluginBuilder.java:124)
	at org.apache.logging.log4j.core.config.AbstractConfiguration.createPluginObject(AbstractConfiguration.java:1138)
	at org.apache.logging.log4j.core.config.AbstractConfiguration.createConfiguration(AbstractConfiguration.java:1063)
	at org.apache.logging.log4j.core.appender.routing.RoutingAppender.createAppender(RoutingAppender.java:310)
	at org.apache.logging.log4j.core.appender.routing.RoutingAppender.getControl(RoutingAppender.java:282)
	at org.apache.logging.log4j.core.appender.routing.RoutingAppender.append(RoutingAppender.java:240)
	at org.apache.logging.log4j.core.config.AppenderControl.tryCallAppender(AppenderControl.java:161)
	at org.apache.logging.log4j.core.config.AppenderControl.callAppender0(AppenderControl.java:134)
	at org.apache.logging.log4j.core.config.AppenderControl.callAppenderPreventRecursion(AppenderControl.java:125)
	at org.apache.logging.log4j.core.config.AppenderControl.callAppender(AppenderControl.java:89)
	at org.apache.logging.log4j.core.config.LoggerConfig.callAppenders(LoggerConfig.java:683)
	at org.apache.logging.log4j.core.config.LoggerConfig.processLogEvent(LoggerConfig.java:641)
	at org.apache.logging.log4j.core.config.LoggerConfig.log(LoggerConfig.java:624)
	at org.apache.logging.log4j.core.config.LoggerConfig.log(LoggerConfig.java:560)
	at org.apache.logging.log4j.core.config.AwaitCompletionReliabilityStrategy.log(AwaitCompletionReliabilityStrategy.java:82)
	at org.apache.logging.log4j.core.Logger.log(Logger.java:162)
	at org.apache.logging.log4j.spi.AbstractLogger.logMessage(AbstractLogger.java:2106)
	at org.apache.logging.log4j.internal.DefaultLogBuilder.logMessage(DefaultLogBuilder.java:241)
	at org.apache.logging.log4j.internal.DefaultLogBuilder.log(DefaultLogBuilder.java:162)
	at org.apache.poi.openxml4j.opc.PackageRelationshipCollection.parseRelationshipsPart(PackageRelationshipCollection.java:309)
	at org.apache.poi.openxml4j.opc.PackageRelationshipCollection.<init>(PackageRelationshipCollection.java:160)
	at org.apache.poi.openxml4j.opc.PackageRelationshipCollection.<init>(PackageRelationshipCollection.java:130)
	at org.apache.poi.openxml4j.opc.PackagePart.loadRelationships(PackagePart.java:565)
	at org.apache.poi.openxml4j.opc.OPCPackage.getParts(OPCPackage.java:751)
	at org.apache.poi.openxml4j.opc.OPCPackage.open(OPCPackage.java:322)
	at org.apache.poi.ooxml.util.PackageHelper.open(PackageHelper.java:59)
	at org.apache.poi.xssf.usermodel.XSSFWorkbook.<init>(XSSFWorkbook.java:290)
	at org.apache.poi.xssf.usermodel.XSSFWorkbook.<init>(XSSFWorkbook.java:286)
	at externalResources.ExcelDataRead.<init>(ExcelDataRead.java:22)
	at listeners.AnnotationsTransformer.toBeExecuted(AnnotationsTransformer.java:36)
	at listeners.AnnotationsTransformer.transform(AnnotationsTransformer.java:24)
	at org.testng.internal.annotations.JDK15AnnotationFinder.transform(JDK15AnnotationFinder.java:172)
	at org.testng.internal.annotations.JDK15AnnotationFinder.lambda$findAnnotation$0(JDK15AnnotationFinder.java:279)
	at java.base/java.util.concurrent.ConcurrentHashMap.computeIfAbsent(ConcurrentHashMap.java:1705)
	at org.testng.internal.annotations.JDK15AnnotationFinder.findAnnotation(JDK15AnnotationFinder.java:275)
	at org.testng.internal.annotations.JDK15AnnotationFinder.findAnnotation(JDK15AnnotationFinder.java:113)
	at org.testng.internal.TestNGClassFinder.isTestNGClass(TestNGClassFinder.java:275)
	at org.testng.internal.TestNGClassFinder.isNotTestNGClass(TestNGClassFinder.java:260)
	at org.testng.internal.TestNGClassFinder.processClass(TestNGClassFinder.java:94)
	at org.testng.internal.TestNGClassFinder.<init>(TestNGClassFinder.java:67)
	at org.testng.TestRunner.initMethods(TestRunner.java:442)
	at org.testng.TestRunner.init(TestRunner.java:336)
	at org.testng.TestRunner.init(TestRunner.java:289)
	at org.testng.TestRunner.<init>(TestRunner.java:179)
	at org.testng.SuiteRunner$DefaultTestRunnerFactory.newTestRunner(SuiteRunner.java:643)
	at org.testng.SuiteRunner.init(SuiteRunner.java:225)
	at org.testng.SuiteRunner.<init>(SuiteRunner.java:115)
	at org.testng.TestNG.createSuiteRunner(TestNG.java:1349)
	at org.testng.TestNG.createSuiteRunners(TestNG.java:1325)
	at org.testng.TestNG.runSuitesLocally(TestNG.java:1167)
	at org.testng.TestNG.runSuites(TestNG.java:1099)
	at org.testng.TestNG.run(TestNG.java:1067)
	at org.apache.maven.surefire.testng.TestNGExecutor.run(TestNGExecutor.java:324)
	at org.apache.maven.surefire.testng.TestNGXmlTestSuite.execute(TestNGXmlTestSuite.java:74)
	at org.apache.maven.surefire.testng.TestNGProvider.invoke(TestNGProvider.java:123)
	at org.apache.maven.surefire.booter.ForkedBooter.runSuitesInProcess(ForkedBooter.java:456)
	at org.apache.maven.surefire.booter.ForkedBooter.execute(ForkedBooter.java:169)
	at org.apache.maven.surefire.booter.ForkedBooter.run(ForkedBooter.java:595)
	at org.apache.maven.surefire.booter.ForkedBooter.main(ForkedBooter.java:581)

2023-02-13 11:57:16,108 main ERROR Could not create plugin of type class org.apache.logging.log4j.core.appender.RollingFileAppender for element RollingFile: java.lang.IllegalStateException: ManagerFactory [org.apache.logging.log4j.core.appender.rolling.RollingFileManager$RollingFileManagerFactory@4e6d7365] unable to create manager for [./results/logs/${ctx:threadName}.log] with data [org.apache.logging.log4j.core.appender.rolling.RollingFileManager$FactoryData@5ec46cdd[pattern=./results/logs/${ctx:threadName}-%d{yyyy-MM-dd}.log, append=true, bufferedIO=true, bufferSize=8192, policy=SizeBasedTriggeringPolicy(size=512000), strategy=DefaultRolloverStrategy(min=1, max=7, useMax=true), advertiseURI=null, layout=%d{HH:mm:ss.SSS} [%t] %-5level %logger{36} - %msg%n, filePermissions=null, fileOwner=null]] java.lang.IllegalStateException: ManagerFactory [org.apache.logging.log4j.core.appender.rolling.RollingFileManager$RollingFileManagerFactory@4e6d7365] unable to create manager for [./results/logs/${ctx:threadName}.log] with data [org.apache.logging.log4j.core.appender.rolling.RollingFileManager$FactoryData@5ec46cdd[pattern=./results/logs/${ctx:threadName}-%d{yyyy-MM-dd}.log, append=true, bufferedIO=true, bufferSize=8192, policy=SizeBasedTriggeringPolicy(size=512000), strategy=DefaultRolloverStrategy(min=1, max=7, useMax=true), advertiseURI=null, layout=%d{HH:mm:ss.SSS} [%t] %-5level %logger{36} - %msg%n, filePermissions=null, fileOwner=null]]
	at org.apache.logging.log4j.core.appender.AbstractManager.getManager(AbstractManager.java:146)
	at org.apache.logging.log4j.core.appender.OutputStreamManager.getManager(OutputStreamManager.java:100)
	at org.apache.logging.log4j.core.appender.rolling.RollingFileManager.getFileManager(RollingFileManager.java:217)
	at org.apache.logging.log4j.core.appender.RollingFileAppender$Builder.build(RollingFileAppender.java:135)
	at org.apache.logging.log4j.core.appender.RollingFileAppender$Builder.build(RollingFileAppender.java:62)
	at org.apache.logging.log4j.core.config.plugins.util.PluginBuilder.build(PluginBuilder.java:124)
	at org.apache.logging.log4j.core.config.AbstractConfiguration.createPluginObject(AbstractConfiguration.java:1138)
	at org.apache.logging.log4j.core.config.AbstractConfiguration.createConfiguration(AbstractConfiguration.java:1063)
	at org.apache.logging.log4j.core.appender.routing.RoutingAppender.createAppender(RoutingAppender.java:310)
	at org.apache.logging.log4j.core.appender.routing.RoutingAppender.getControl(RoutingAppender.java:282)
	at org.apache.logging.log4j.core.appender.routing.RoutingAppender.append(RoutingAppender.java:240)
	at org.apache.logging.log4j.core.config.AppenderControl.tryCallAppender(AppenderControl.java:161)
	at org.apache.logging.log4j.core.config.AppenderControl.callAppender0(AppenderControl.java:134)
	at org.apache.logging.log4j.core.config.AppenderControl.callAppenderPreventRecursion(AppenderControl.java:125)
	at org.apache.logging.log4j.core.config.AppenderControl.callAppender(AppenderControl.java:89)
	at org.apache.logging.log4j.core.config.LoggerConfig.callAppenders(LoggerConfig.java:683)
	at org.apache.logging.log4j.core.config.LoggerConfig.processLogEvent(LoggerConfig.java:641)
	at org.apache.logging.log4j.core.config.LoggerConfig.log(LoggerConfig.java:624)
	at org.apache.logging.log4j.core.config.LoggerConfig.log(LoggerConfig.java:560)
	at org.apache.logging.log4j.core.config.AwaitCompletionReliabilityStrategy.log(AwaitCompletionReliabilityStrategy.java:82)
	at org.apache.logging.log4j.core.Logger.log(Logger.java:162)
	at org.apache.logging.log4j.spi.AbstractLogger.logMessage(AbstractLogger.java:2106)
	at org.apache.logging.log4j.internal.DefaultLogBuilder.logMessage(DefaultLogBuilder.java:241)
	at org.apache.logging.log4j.internal.DefaultLogBuilder.log(DefaultLogBuilder.java:162)
	at org.apache.poi.openxml4j.opc.PackageRelationshipCollection.parseRelationshipsPart(PackageRelationshipCollection.java:309)
	at org.apache.poi.openxml4j.opc.PackageRelationshipCollection.<init>(PackageRelationshipCollection.java:160)
	at org.apache.poi.openxml4j.opc.PackageRelationshipCollection.<init>(PackageRelationshipCollection.java:130)
	at org.apache.poi.openxml4j.opc.PackagePart.loadRelationships(PackagePart.java:565)
	at org.apache.poi.openxml4j.opc.OPCPackage.getParts(OPCPackage.java:751)
	at org.apache.poi.openxml4j.opc.OPCPackage.open(OPCPackage.java:322)
	at org.apache.poi.ooxml.util.PackageHelper.open(PackageHelper.java:59)
	at org.apache.poi.xssf.usermodel.XSSFWorkbook.<init>(XSSFWorkbook.java:290)
	at org.apache.poi.xssf.usermodel.XSSFWorkbook.<init>(XSSFWorkbook.java:286)
	at externalResources.ExcelDataRead.<init>(ExcelDataRead.java:22)
	at listeners.AnnotationsTransformer.toBeExecuted(AnnotationsTransformer.java:36)
	at listeners.AnnotationsTransformer.transform(AnnotationsTransformer.java:24)
	at org.testng.internal.annotations.JDK15AnnotationFinder.transform(JDK15AnnotationFinder.java:172)
	at org.testng.internal.annotations.JDK15AnnotationFinder.lambda$findAnnotation$0(JDK15AnnotationFinder.java:279)
	at java.base/java.util.concurrent.ConcurrentHashMap.computeIfAbsent(ConcurrentHashMap.java:1705)
	at org.testng.internal.annotations.JDK15AnnotationFinder.findAnnotation(JDK15AnnotationFinder.java:275)
	at org.testng.internal.annotations.JDK15AnnotationFinder.findAnnotation(JDK15AnnotationFinder.java:113)
	at org.testng.internal.TestNGClassFinder.isTestNGClass(TestNGClassFinder.java:275)
	at org.testng.internal.TestNGClassFinder.isNotTestNGClass(TestNGClassFinder.java:260)
	at org.testng.internal.TestNGClassFinder.processClass(TestNGClassFinder.java:94)
	at org.testng.internal.TestNGClassFinder.<init>(TestNGClassFinder.java:67)
	at org.testng.TestRunner.initMethods(TestRunner.java:442)
	at org.testng.TestRunner.init(TestRunner.java:336)
	at org.testng.TestRunner.init(TestRunner.java:289)
	at org.testng.TestRunner.<init>(TestRunner.java:179)
	at org.testng.SuiteRunner$DefaultTestRunnerFactory.newTestRunner(SuiteRunner.java:643)
	at org.testng.SuiteRunner.init(SuiteRunner.java:225)
	at org.testng.SuiteRunner.<init>(SuiteRunner.java:115)
	at org.testng.TestNG.createSuiteRunner(TestNG.java:1349)
	at org.testng.TestNG.createSuiteRunners(TestNG.java:1325)
	at org.testng.TestNG.runSuitesLocally(TestNG.java:1167)
	at org.testng.TestNG.runSuites(TestNG.java:1099)
	at org.testng.TestNG.run(TestNG.java:1067)
	at org.apache.maven.surefire.testng.TestNGExecutor.run(TestNGExecutor.java:324)
	at org.apache.maven.surefire.testng.TestNGXmlTestSuite.execute(TestNGXmlTestSuite.java:74)
	at org.apache.maven.surefire.testng.TestNGProvider.invoke(TestNGProvider.java:123)
	at org.apache.maven.surefire.booter.ForkedBooter.runSuitesInProcess(ForkedBooter.java:456)
	at org.apache.maven.surefire.booter.ForkedBooter.execute(ForkedBooter.java:169)
	at org.apache.maven.surefire.booter.ForkedBooter.run(ForkedBooter.java:595)
	at org.apache.maven.surefire.booter.ForkedBooter.main(ForkedBooter.java:581)

2023-02-13 11:57:16,109 main ERROR Unable to invoke factory method in class org.apache.logging.log4j.core.appender.RollingFileAppender for element RollingFile: java.lang.IllegalStateException: No factory method found for class org.apache.logging.log4j.core.appender.RollingFileAppender java.lang.IllegalStateException: No factory method found for class org.apache.logging.log4j.core.appender.RollingFileAppender
	at org.apache.logging.log4j.core.config.plugins.util.PluginBuilder.findFactoryMethod(PluginBuilder.java:260)
	at org.apache.logging.log4j.core.config.plugins.util.PluginBuilder.build(PluginBuilder.java:136)
	at org.apache.logging.log4j.core.config.AbstractConfiguration.createPluginObject(AbstractConfiguration.java:1138)
	at org.apache.logging.log4j.core.config.AbstractConfiguration.createConfiguration(AbstractConfiguration.java:1063)
	at org.apache.logging.log4j.core.appender.routing.RoutingAppender.createAppender(RoutingAppender.java:310)
	at org.apache.logging.log4j.core.appender.routing.RoutingAppender.getControl(RoutingAppender.java:282)
	at org.apache.logging.log4j.core.appender.routing.RoutingAppender.append(RoutingAppender.java:240)
	at org.apache.logging.log4j.core.config.AppenderControl.tryCallAppender(AppenderControl.java:161)
	at org.apache.logging.log4j.core.config.AppenderControl.callAppender0(AppenderControl.java:134)
	at org.apache.logging.log4j.core.config.AppenderControl.callAppenderPreventRecursion(AppenderControl.java:125)
	at org.apache.logging.log4j.core.config.AppenderControl.callAppender(AppenderControl.java:89)
	at org.apache.logging.log4j.core.config.LoggerConfig.callAppenders(LoggerConfig.java:683)
	at org.apache.logging.log4j.core.config.LoggerConfig.processLogEvent(LoggerConfig.java:641)
	at org.apache.logging.log4j.core.config.LoggerConfig.log(LoggerConfig.java:624)
	at org.apache.logging.log4j.core.config.LoggerConfig.log(LoggerConfig.java:560)
	at org.apache.logging.log4j.core.config.AwaitCompletionReliabilityStrategy.log(AwaitCompletionReliabilityStrategy.java:82)
	at org.apache.logging.log4j.core.Logger.log(Logger.java:162)
	at org.apache.logging.log4j.spi.AbstractLogger.logMessage(AbstractLogger.java:2106)
	at org.apache.logging.log4j.internal.DefaultLogBuilder.logMessage(DefaultLogBuilder.java:241)
	at org.apache.logging.log4j.internal.DefaultLogBuilder.log(DefaultLogBuilder.java:162)
	at org.apache.poi.openxml4j.opc.PackageRelationshipCollection.parseRelationshipsPart(PackageRelationshipCollection.java:309)
	at org.apache.poi.openxml4j.opc.PackageRelationshipCollection.<init>(PackageRelationshipCollection.java:160)
	at org.apache.poi.openxml4j.opc.PackageRelationshipCollection.<init>(PackageRelationshipCollection.java:130)
	at org.apache.poi.openxml4j.opc.PackagePart.loadRelationships(PackagePart.java:565)
	at org.apache.poi.openxml4j.opc.OPCPackage.getParts(OPCPackage.java:751)
	at org.apache.poi.openxml4j.opc.OPCPackage.open(OPCPackage.java:322)
	at org.apache.poi.ooxml.util.PackageHelper.open(PackageHelper.java:59)
	at org.apache.poi.xssf.usermodel.XSSFWorkbook.<init>(XSSFWorkbook.java:290)
	at org.apache.poi.xssf.usermodel.XSSFWorkbook.<init>(XSSFWorkbook.java:286)
	at externalResources.ExcelDataRead.<init>(ExcelDataRead.java:22)
	at listeners.AnnotationsTransformer.toBeExecuted(AnnotationsTransformer.java:36)
	at listeners.AnnotationsTransformer.transform(AnnotationsTransformer.java:24)
	at org.testng.internal.annotations.JDK15AnnotationFinder.transform(JDK15AnnotationFinder.java:172)
	at org.testng.internal.annotations.JDK15AnnotationFinder.lambda$findAnnotation$0(JDK15AnnotationFinder.java:279)
	at java.base/java.util.concurrent.ConcurrentHashMap.computeIfAbsent(ConcurrentHashMap.java:1705)
	at org.testng.internal.annotations.JDK15AnnotationFinder.findAnnotation(JDK15AnnotationFinder.java:275)
	at org.testng.internal.annotations.JDK15AnnotationFinder.findAnnotation(JDK15AnnotationFinder.java:113)
	at org.testng.internal.TestNGClassFinder.isTestNGClass(TestNGClassFinder.java:275)
	at org.testng.internal.TestNGClassFinder.isNotTestNGClass(TestNGClassFinder.java:260)
	at org.testng.internal.TestNGClassFinder.processClass(TestNGClassFinder.java:94)
	at org.testng.internal.TestNGClassFinder.<init>(TestNGClassFinder.java:67)
	at org.testng.TestRunner.initMethods(TestRunner.java:442)
	at org.testng.TestRunner.init(TestRunner.java:336)
	at org.testng.TestRunner.init(TestRunner.java:289)
	at org.testng.TestRunner.<init>(TestRunner.java:179)
	at org.testng.SuiteRunner$DefaultTestRunnerFactory.newTestRunner(SuiteRunner.java:643)
	at org.testng.SuiteRunner.init(SuiteRunner.java:225)
	at org.testng.SuiteRunner.<init>(SuiteRunner.java:115)
	at org.testng.TestNG.createSuiteRunner(TestNG.java:1349)
	at org.testng.TestNG.createSuiteRunners(TestNG.java:1325)
	at org.testng.TestNG.runSuitesLocally(TestNG.java:1167)
	at org.testng.TestNG.runSuites(TestNG.java:1099)
	at org.testng.TestNG.run(TestNG.java:1067)
	at org.apache.maven.surefire.testng.TestNGExecutor.run(TestNGExecutor.java:324)
	at org.apache.maven.surefire.testng.TestNGXmlTestSuite.execute(TestNGXmlTestSuite.java:74)
	at org.apache.maven.surefire.testng.TestNGProvider.invoke(TestNGProvider.java:123)
	at org.apache.maven.surefire.booter.ForkedBooter.runSuitesInProcess(ForkedBooter.java:456)
	at org.apache.maven.surefire.booter.ForkedBooter.execute(ForkedBooter.java:169)
	at org.apache.maven.surefire.booter.ForkedBooter.run(ForkedBooter.java:595)
	at org.apache.maven.surefire.booter.ForkedBooter.main(ForkedBooter.java:581)

2023-02-13 11:57:16,112 main ERROR Unable to create file ./results/logs/${ctx:threadName}.log java.io.IOException: The filename, directory name, or volume label syntax is incorrect
	at java.base/java.io.WinNTFileSystem.canonicalize0(Native Method)
	at java.base/java.io.WinNTFileSystem.canonicalize(WinNTFileSystem.java:483)
	at java.base/java.io.File.getCanonicalPath(File.java:626)
	at java.base/java.io.File.getCanonicalFile(File.java:651)
	at org.apache.logging.log4j.core.util.FileUtils.makeParentDirs(FileUtils.java:139)
	at org.apache.logging.log4j.core.appender.rolling.RollingFileManager$RollingFileManagerFactory.createManager(RollingFileManager.java:734)
	at org.apache.logging.log4j.core.appender.rolling.RollingFileManager$RollingFileManagerFactory.createManager(RollingFileManager.java:718)
	at org.apache.logging.log4j.core.appender.AbstractManager.getManager(AbstractManager.java:144)
	at org.apache.logging.log4j.core.appender.OutputStreamManager.getManager(OutputStreamManager.java:100)
	at org.apache.logging.log4j.core.appender.rolling.RollingFileManager.getFileManager(RollingFileManager.java:217)
	at org.apache.logging.log4j.core.appender.RollingFileAppender$Builder.build(RollingFileAppender.java:135)
	at org.apache.logging.log4j.core.appender.RollingFileAppender$Builder.build(RollingFileAppender.java:62)
	at org.apache.logging.log4j.core.config.plugins.util.PluginBuilder.build(PluginBuilder.java:124)
	at org.apache.logging.log4j.core.config.AbstractConfiguration.createPluginObject(AbstractConfiguration.java:1138)
	at org.apache.logging.log4j.core.config.AbstractConfiguration.createConfiguration(AbstractConfiguration.java:1063)
	at org.apache.logging.log4j.core.appender.routing.RoutingAppender.createAppender(RoutingAppender.java:310)
	at org.apache.logging.log4j.core.appender.routing.RoutingAppender.getControl(RoutingAppender.java:282)
	at org.apache.logging.log4j.core.appender.routing.RoutingAppender.append(RoutingAppender.java:240)
	at org.apache.logging.log4j.core.config.AppenderControl.tryCallAppender(AppenderControl.java:161)
	at org.apache.logging.log4j.core.config.AppenderControl.callAppender0(AppenderControl.java:134)
	at org.apache.logging.log4j.core.config.AppenderControl.callAppenderPreventRecursion(AppenderControl.java:125)
	at org.apache.logging.log4j.core.config.AppenderControl.callAppender(AppenderControl.java:89)
	at org.apache.logging.log4j.core.config.LoggerConfig.callAppenders(LoggerConfig.java:683)
	at org.apache.logging.log4j.core.config.LoggerConfig.processLogEvent(LoggerConfig.java:641)
	at org.apache.logging.log4j.core.config.LoggerConfig.log(LoggerConfig.java:624)
	at org.apache.logging.log4j.core.config.LoggerConfig.log(LoggerConfig.java:560)
	at org.apache.logging.log4j.core.config.AwaitCompletionReliabilityStrategy.log(AwaitCompletionReliabilityStrategy.java:82)
	at org.apache.logging.log4j.core.Logger.log(Logger.java:162)
	at org.apache.logging.log4j.spi.AbstractLogger.logMessage(AbstractLogger.java:2106)
	at org.apache.logging.log4j.internal.DefaultLogBuilder.logMessage(DefaultLogBuilder.java:241)
	at org.apache.logging.log4j.internal.DefaultLogBuilder.log(DefaultLogBuilder.java:162)
	at org.apache.poi.openxml4j.opc.PackageRelationshipCollection.parseRelationshipsPart(PackageRelationshipCollection.java:309)
	at org.apache.poi.openxml4j.opc.PackageRelationshipCollection.<init>(PackageRelationshipCollection.java:160)
	at org.apache.poi.openxml4j.opc.PackageRelationshipCollection.<init>(PackageRelationshipCollection.java:116)
	at org.apache.poi.openxml4j.opc.OPCPackage.ensureRelationships(OPCPackage.java:1346)
	at org.apache.poi.openxml4j.opc.OPCPackage.getRelationshipsHelper(OPCPackage.java:1325)
	at org.apache.poi.openxml4j.opc.OPCPackage.getRelationshipsByType(OPCPackage.java:1313)
	at org.apache.poi.ooxml.POIXMLDocumentPart.getPartFromOPCPackage(POIXMLDocumentPart.java:743)
	at org.apache.poi.ooxml.POIXMLDocumentPart.<init>(POIXMLDocumentPart.java:151)
	at org.apache.poi.ooxml.POIXMLDocumentPart.<init>(POIXMLDocumentPart.java:141)
	at org.apache.poi.ooxml.POIXMLDocument.<init>(POIXMLDocument.java:60)
	at org.apache.poi.xssf.usermodel.XSSFWorkbook.<init>(XSSFWorkbook.java:254)
	at org.apache.poi.xssf.usermodel.XSSFWorkbook.<init>(XSSFWorkbook.java:290)
	at org.apache.poi.xssf.usermodel.XSSFWorkbook.<init>(XSSFWorkbook.java:286)
	at externalResources.ExcelDataRead.<init>(ExcelDataRead.java:22)
	at listeners.AnnotationsTransformer.toBeExecuted(AnnotationsTransformer.java:36)
	at listeners.AnnotationsTransformer.transform(AnnotationsTransformer.java:24)
	at org.testng.internal.annotations.JDK15AnnotationFinder.transform(JDK15AnnotationFinder.java:172)
	at org.testng.internal.annotations.JDK15AnnotationFinder.lambda$findAnnotation$0(JDK15AnnotationFinder.java:279)
	at java.base/java.util.concurrent.ConcurrentHashMap.computeIfAbsent(ConcurrentHashMap.java:1705)
	at org.testng.internal.annotations.JDK15AnnotationFinder.findAnnotation(JDK15AnnotationFinder.java:275)
	at org.testng.internal.annotations.JDK15AnnotationFinder.findAnnotation(JDK15AnnotationFinder.java:113)
	at org.testng.internal.TestNGClassFinder.isTestNGClass(TestNGClassFinder.java:275)
	at org.testng.internal.TestNGClassFinder.isNotTestNGClass(TestNGClassFinder.java:260)
	at org.testng.internal.TestNGClassFinder.processClass(TestNGClassFinder.java:94)
	at org.testng.internal.TestNGClassFinder.<init>(TestNGClassFinder.java:67)
	at org.testng.TestRunner.initMethods(TestRunner.java:442)
	at org.testng.TestRunner.init(TestRunner.java:336)
	at org.testng.TestRunner.init(TestRunner.java:289)
	at org.testng.TestRunner.<init>(TestRunner.java:179)
	at org.testng.SuiteRunner$DefaultTestRunnerFactory.newTestRunner(SuiteRunner.java:643)
	at org.testng.SuiteRunner.init(SuiteRunner.java:225)
	at org.testng.SuiteRunner.<init>(SuiteRunner.java:115)
	at org.testng.TestNG.createSuiteRunner(TestNG.java:1349)
	at org.testng.TestNG.createSuiteRunners(TestNG.java:1325)
	at org.testng.TestNG.runSuitesLocally(TestNG.java:1167)
	at org.testng.TestNG.runSuites(TestNG.java:1099)
	at org.testng.TestNG.run(TestNG.java:1067)
	at org.apache.maven.surefire.testng.TestNGExecutor.run(TestNGExecutor.java:324)
	at org.apache.maven.surefire.testng.TestNGXmlTestSuite.execute(TestNGXmlTestSuite.java:74)
	at org.apache.maven.surefire.testng.TestNGProvider.invoke(TestNGProvider.java:123)
	at org.apache.maven.surefire.booter.ForkedBooter.runSuitesInProcess(ForkedBooter.java:456)
	at org.apache.maven.surefire.booter.ForkedBooter.execute(ForkedBooter.java:169)
	at org.apache.maven.surefire.booter.ForkedBooter.run(ForkedBooter.java:595)
	at org.apache.maven.surefire.booter.ForkedBooter.main(ForkedBooter.java:581)

2023-02-13 11:57:16,112 main ERROR Could not create plugin of type class org.apache.logging.log4j.core.appender.RollingFileAppender for element RollingFile: java.lang.IllegalStateException: ManagerFactory [org.apache.logging.log4j.core.appender.rolling.RollingFileManager$RollingFileManagerFactory@4e6d7365] unable to create manager for [./results/logs/${ctx:threadName}.log] with data [org.apache.logging.log4j.core.appender.rolling.RollingFileManager$FactoryData@4016ccc1[pattern=./results/logs/${ctx:threadName}-%d{yyyy-MM-dd}.log, append=true, bufferedIO=true, bufferSize=8192, policy=SizeBasedTriggeringPolicy(size=512000), strategy=DefaultRolloverStrategy(min=1, max=7, useMax=true), advertiseURI=null, layout=%d{HH:mm:ss.SSS} [%t] %-5level %logger{36} - %msg%n, filePermissions=null, fileOwner=null]] java.lang.IllegalStateException: ManagerFactory [org.apache.logging.log4j.core.appender.rolling.RollingFileManager$RollingFileManagerFactory@4e6d7365] unable to create manager for [./results/logs/${ctx:threadName}.log] with data [org.apache.logging.log4j.core.appender.rolling.RollingFileManager$FactoryData@4016ccc1[pattern=./results/logs/${ctx:threadName}-%d{yyyy-MM-dd}.log, append=true, bufferedIO=true, bufferSize=8192, policy=SizeBasedTriggeringPolicy(size=512000), strategy=DefaultRolloverStrategy(min=1, max=7, useMax=true), advertiseURI=null, layout=%d{HH:mm:ss.SSS} [%t] %-5level %logger{36} - %msg%n, filePermissions=null, fileOwner=null]]
	at org.apache.logging.log4j.core.appender.AbstractManager.getManager(AbstractManager.java:146)
	at org.apache.logging.log4j.core.appender.OutputStreamManager.getManager(OutputStreamManager.java:100)
	at org.apache.logging.log4j.core.appender.rolling.RollingFileManager.getFileManager(RollingFileManager.java:217)
	at org.apache.logging.log4j.core.appender.RollingFileAppender$Builder.build(RollingFileAppender.java:135)
	at org.apache.logging.log4j.core.appender.RollingFileAppender$Builder.build(RollingFileAppender.java:62)
	at org.apache.logging.log4j.core.config.plugins.util.PluginBuilder.build(PluginBuilder.java:124)
	at org.apache.logging.log4j.core.config.AbstractConfiguration.createPluginObject(AbstractConfiguration.java:1138)
	at org.apache.logging.log4j.core.config.AbstractConfiguration.createConfiguration(AbstractConfiguration.java:1063)
	at org.apache.logging.log4j.core.appender.routing.RoutingAppender.createAppender(RoutingAppender.java:310)
	at org.apache.logging.log4j.core.appender.routing.RoutingAppender.getControl(RoutingAppender.java:282)
	at org.apache.logging.log4j.core.appender.routing.RoutingAppender.append(RoutingAppender.java:240)
	at org.apache.logging.log4j.core.config.AppenderControl.tryCallAppender(AppenderControl.java:161)
	at org.apache.logging.log4j.core.config.AppenderControl.callAppender0(AppenderControl.java:134)
	at org.apache.logging.log4j.core.config.AppenderControl.callAppenderPreventRecursion(AppenderControl.java:125)
	at org.apache.logging.log4j.core.config.AppenderControl.callAppender(AppenderControl.java:89)
	at org.apache.logging.log4j.core.config.LoggerConfig.callAppenders(LoggerConfig.java:683)
	at org.apache.logging.log4j.core.config.LoggerConfig.processLogEvent(LoggerConfig.java:641)
	at org.apache.logging.log4j.core.config.LoggerConfig.log(LoggerConfig.java:624)
	at org.apache.logging.log4j.core.config.LoggerConfig.log(LoggerConfig.java:560)
	at org.apache.logging.log4j.core.config.AwaitCompletionReliabilityStrategy.log(AwaitCompletionReliabilityStrategy.java:82)
	at org.apache.logging.log4j.core.Logger.log(Logger.java:162)
	at org.apache.logging.log4j.spi.AbstractLogger.logMessage(AbstractLogger.java:2106)
	at org.apache.logging.log4j.internal.DefaultLogBuilder.logMessage(DefaultLogBuilder.java:241)
	at org.apache.logging.log4j.internal.DefaultLogBuilder.log(DefaultLogBuilder.java:162)
	at org.apache.poi.openxml4j.opc.PackageRelationshipCollection.parseRelationshipsPart(PackageRelationshipCollection.java:309)
	at org.apache.poi.openxml4j.opc.PackageRelationshipCollection.<init>(PackageRelationshipCollection.java:160)
	at org.apache.poi.openxml4j.opc.PackageRelationshipCollection.<init>(PackageRelationshipCollection.java:116)
	at org.apache.poi.openxml4j.opc.OPCPackage.ensureRelationships(OPCPackage.java:1346)
	at org.apache.poi.openxml4j.opc.OPCPackage.getRelationshipsHelper(OPCPackage.java:1325)
	at org.apache.poi.openxml4j.opc.OPCPackage.getRelationshipsByType(OPCPackage.java:1313)
	at org.apache.poi.ooxml.POIXMLDocumentPart.getPartFromOPCPackage(POIXMLDocumentPart.java:743)
	at org.apache.poi.ooxml.POIXMLDocumentPart.<init>(POIXMLDocumentPart.java:151)
	at org.apache.poi.ooxml.POIXMLDocumentPart.<init>(POIXMLDocumentPart.java:141)
	at org.apache.poi.ooxml.POIXMLDocument.<init>(POIXMLDocument.java:60)
	at org.apache.poi.xssf.usermodel.XSSFWorkbook.<init>(XSSFWorkbook.java:254)
	at org.apache.poi.xssf.usermodel.XSSFWorkbook.<init>(XSSFWorkbook.java:290)
	at org.apache.poi.xssf.usermodel.XSSFWorkbook.<init>(XSSFWorkbook.java:286)
	at externalResources.ExcelDataRead.<init>(ExcelDataRead.java:22)
	at listeners.AnnotationsTransformer.toBeExecuted(AnnotationsTransformer.java:36)
	at listeners.AnnotationsTransformer.transform(AnnotationsTransformer.java:24)
	at org.testng.internal.annotations.JDK15AnnotationFinder.transform(JDK15AnnotationFinder.java:172)
	at org.testng.internal.annotations.JDK15AnnotationFinder.lambda$findAnnotation$0(JDK15AnnotationFinder.java:279)
	at java.base/java.util.concurrent.ConcurrentHashMap.computeIfAbsent(ConcurrentHashMap.java:1705)
	at org.testng.internal.annotations.JDK15AnnotationFinder.findAnnotation(JDK15AnnotationFinder.java:275)
	at org.testng.internal.annotations.JDK15AnnotationFinder.findAnnotation(JDK15AnnotationFinder.java:113)
	at org.testng.internal.TestNGClassFinder.isTestNGClass(TestNGClassFinder.java:275)
	at org.testng.internal.TestNGClassFinder.isNotTestNGClass(TestNGClassFinder.java:260)
	at org.testng.internal.TestNGClassFinder.processClass(TestNGClassFinder.java:94)
	at org.testng.internal.TestNGClassFinder.<init>(TestNGClassFinder.java:67)
	at org.testng.TestRunner.initMethods(TestRunner.java:442)
	at org.testng.TestRunner.init(TestRunner.java:336)
	at org.testng.TestRunner.init(TestRunner.java:289)
	at org.testng.TestRunner.<init>(TestRunner.java:179)
	at org.testng.SuiteRunner$DefaultTestRunnerFactory.newTestRunner(SuiteRunner.java:643)
	at org.testng.SuiteRunner.init(SuiteRunner.java:225)
	at org.testng.SuiteRunner.<init>(SuiteRunner.java:115)
	at org.testng.TestNG.createSuiteRunner(TestNG.java:1349)
	at org.testng.TestNG.createSuiteRunners(TestNG.java:1325)
	at org.testng.TestNG.runSuitesLocally(TestNG.java:1167)
	at org.testng.TestNG.runSuites(TestNG.java:1099)
	at org.testng.TestNG.run(TestNG.java:1067)
	at org.apache.maven.surefire.testng.TestNGExecutor.run(TestNGExecutor.java:324)
	at org.apache.maven.surefire.testng.TestNGXmlTestSuite.execute(TestNGXmlTestSuite.java:74)
	at org.apache.maven.surefire.testng.TestNGProvider.invoke(TestNGProvider.java:123)
	at org.apache.maven.surefire.booter.ForkedBooter.runSuitesInProcess(ForkedBooter.java:456)
	at org.apache.maven.surefire.booter.ForkedBooter.execute(ForkedBooter.java:169)
	at org.apache.maven.surefire.booter.ForkedBooter.run(ForkedBooter.java:595)
	at org.apache.maven.surefire.booter.ForkedBooter.main(ForkedBooter.java:581)

2023-02-13 11:57:16,113 main ERROR Unable to invoke factory method in class org.apache.logging.log4j.core.appender.RollingFileAppender for element RollingFile: java.lang.IllegalStateException: No factory method found for class org.apache.logging.log4j.core.appender.RollingFileAppender java.lang.IllegalStateException: No factory method found for class org.apache.logging.log4j.core.appender.RollingFileAppender
	at org.apache.logging.log4j.core.config.plugins.util.PluginBuilder.findFactoryMethod(PluginBuilder.java:260)
	at org.apache.logging.log4j.core.config.plugins.util.PluginBuilder.build(PluginBuilder.java:136)
	at org.apache.logging.log4j.core.config.AbstractConfiguration.createPluginObject(AbstractConfiguration.java:1138)
	at org.apache.logging.log4j.core.config.AbstractConfiguration.createConfiguration(AbstractConfiguration.java:1063)
	at org.apache.logging.log4j.core.appender.routing.RoutingAppender.createAppender(RoutingAppender.java:310)
	at org.apache.logging.log4j.core.appender.routing.RoutingAppender.getControl(RoutingAppender.java:282)
	at org.apache.logging.log4j.core.appender.routing.RoutingAppender.append(RoutingAppender.java:240)
	at org.apache.logging.log4j.core.config.AppenderControl.tryCallAppender(AppenderControl.java:161)
	at org.apache.logging.log4j.core.config.AppenderControl.callAppender0(AppenderControl.java:134)
	at org.apache.logging.log4j.core.config.AppenderControl.callAppenderPreventRecursion(AppenderControl.java:125)
	at org.apache.logging.log4j.core.config.AppenderControl.callAppender(AppenderControl.java:89)
	at org.apache.logging.log4j.core.config.LoggerConfig.callAppenders(LoggerConfig.java:683)
	at org.apache.logging.log4j.core.config.LoggerConfig.processLogEvent(LoggerConfig.java:641)
	at org.apache.logging.log4j.core.config.LoggerConfig.log(LoggerConfig.java:624)
	at org.apache.logging.log4j.core.config.LoggerConfig.log(LoggerConfig.java:560)
	at org.apache.logging.log4j.core.config.AwaitCompletionReliabilityStrategy.log(AwaitCompletionReliabilityStrategy.java:82)
	at org.apache.logging.log4j.core.Logger.log(Logger.java:162)
	at org.apache.logging.log4j.spi.AbstractLogger.logMessage(AbstractLogger.java:2106)
	at org.apache.logging.log4j.internal.DefaultLogBuilder.logMessage(DefaultLogBuilder.java:241)
	at org.apache.logging.log4j.internal.DefaultLogBuilder.log(DefaultLogBuilder.java:162)
	at org.apache.poi.openxml4j.opc.PackageRelationshipCollection.parseRelationshipsPart(PackageRelationshipCollection.java:309)
	at org.apache.poi.openxml4j.opc.PackageRelationshipCollection.<init>(PackageRelationshipCollection.java:160)
	at org.apache.poi.openxml4j.opc.PackageRelationshipCollection.<init>(PackageRelationshipCollection.java:116)
	at org.apache.poi.openxml4j.opc.OPCPackage.ensureRelationships(OPCPackage.java:1346)
	at org.apache.poi.openxml4j.opc.OPCPackage.getRelationshipsHelper(OPCPackage.java:1325)
	at org.apache.poi.openxml4j.opc.OPCPackage.getRelationshipsByType(OPCPackage.java:1313)
	at org.apache.poi.ooxml.POIXMLDocumentPart.getPartFromOPCPackage(POIXMLDocumentPart.java:743)
	at org.apache.poi.ooxml.POIXMLDocumentPart.<init>(POIXMLDocumentPart.java:151)
	at org.apache.poi.ooxml.POIXMLDocumentPart.<init>(POIXMLDocumentPart.java:141)
	at org.apache.poi.ooxml.POIXMLDocument.<init>(POIXMLDocument.java:60)
	at org.apache.poi.xssf.usermodel.XSSFWorkbook.<init>(XSSFWorkbook.java:254)
	at org.apache.poi.xssf.usermodel.XSSFWorkbook.<init>(XSSFWorkbook.java:290)
	at org.apache.poi.xssf.usermodel.XSSFWorkbook.<init>(XSSFWorkbook.java:286)
	at externalResources.ExcelDataRead.<init>(ExcelDataRead.java:22)
	at listeners.AnnotationsTransformer.toBeExecuted(AnnotationsTransformer.java:36)
	at listeners.AnnotationsTransformer.transform(AnnotationsTransformer.java:24)
	at org.testng.internal.annotations.JDK15AnnotationFinder.transform(JDK15AnnotationFinder.java:172)
	at org.testng.internal.annotations.JDK15AnnotationFinder.lambda$findAnnotation$0(JDK15AnnotationFinder.java:279)
	at java.base/java.util.concurrent.ConcurrentHashMap.computeIfAbsent(ConcurrentHashMap.java:1705)
	at org.testng.internal.annotations.JDK15AnnotationFinder.findAnnotation(JDK15AnnotationFinder.java:275)
	at org.testng.internal.annotations.JDK15AnnotationFinder.findAnnotation(JDK15AnnotationFinder.java:113)
	at org.testng.internal.TestNGClassFinder.isTestNGClass(TestNGClassFinder.java:275)
	at org.testng.internal.TestNGClassFinder.isNotTestNGClass(TestNGClassFinder.java:260)
	at org.testng.internal.TestNGClassFinder.processClass(TestNGClassFinder.java:94)
	at org.testng.internal.TestNGClassFinder.<init>(TestNGClassFinder.java:67)
	at org.testng.TestRunner.initMethods(TestRunner.java:442)
	at org.testng.TestRunner.init(TestRunner.java:336)
	at org.testng.TestRunner.init(TestRunner.java:289)
	at org.testng.TestRunner.<init>(TestRunner.java:179)
	at org.testng.SuiteRunner$DefaultTestRunnerFactory.newTestRunner(SuiteRunner.java:643)
	at org.testng.SuiteRunner.init(SuiteRunner.java:225)
	at org.testng.SuiteRunner.<init>(SuiteRunner.java:115)
	at org.testng.TestNG.createSuiteRunner(TestNG.java:1349)
	at org.testng.TestNG.createSuiteRunners(TestNG.java:1325)
	at org.testng.TestNG.runSuitesLocally(TestNG.java:1167)
	at org.testng.TestNG.runSuites(TestNG.java:1099)
	at org.testng.TestNG.run(TestNG.java:1067)
	at org.apache.maven.surefire.testng.TestNGExecutor.run(TestNGExecutor.java:324)
	at org.apache.maven.surefire.testng.TestNGXmlTestSuite.execute(TestNGXmlTestSuite.java:74)
	at org.apache.maven.surefire.testng.TestNGProvider.invoke(TestNGProvider.java:123)
	at org.apache.maven.surefire.booter.ForkedBooter.runSuitesInProcess(ForkedBooter.java:456)
	at org.apache.maven.surefire.booter.ForkedBooter.execute(ForkedBooter.java:169)
	at org.apache.maven.surefire.booter.ForkedBooter.run(ForkedBooter.java:595)
	at org.apache.maven.surefire.booter.ForkedBooter.main(ForkedBooter.java:581)

2023-02-13 11:57:16,131 main ERROR Unable to create file ./results/logs/${ctx:threadName}.log java.io.IOException: The filename, directory name, or volume label syntax is incorrect
	at java.base/java.io.WinNTFileSystem.canonicalize0(Native Method)
	at java.base/java.io.WinNTFileSystem.canonicalize(WinNTFileSystem.java:483)
	at java.base/java.io.File.getCanonicalPath(File.java:626)
	at java.base/java.io.File.getCanonicalFile(File.java:651)
	at org.apache.logging.log4j.core.util.FileUtils.makeParentDirs(FileUtils.java:139)
	at org.apache.logging.log4j.core.appender.rolling.RollingFileManager$RollingFileManagerFactory.createManager(RollingFileManager.java:734)
	at org.apache.logging.log4j.core.appender.rolling.RollingFileManager$RollingFileManagerFactory.createManager(RollingFileManager.java:718)
	at org.apache.logging.log4j.core.appender.AbstractManager.getManager(AbstractManager.java:144)
	at org.apache.logging.log4j.core.appender.OutputStreamManager.getManager(OutputStreamManager.java:100)
	at org.apache.logging.log4j.core.appender.rolling.RollingFileManager.getFileManager(RollingFileManager.java:217)
	at org.apache.logging.log4j.core.appender.RollingFileAppender$Builder.build(RollingFileAppender.java:135)
	at org.apache.logging.log4j.core.appender.RollingFileAppender$Builder.build(RollingFileAppender.java:62)
	at org.apache.logging.log4j.core.config.plugins.util.PluginBuilder.build(PluginBuilder.java:124)
	at org.apache.logging.log4j.core.config.AbstractConfiguration.createPluginObject(AbstractConfiguration.java:1138)
	at org.apache.logging.log4j.core.config.AbstractConfiguration.createConfiguration(AbstractConfiguration.java:1063)
	at org.apache.logging.log4j.core.appender.routing.RoutingAppender.createAppender(RoutingAppender.java:310)
	at org.apache.logging.log4j.core.appender.routing.RoutingAppender.getControl(RoutingAppender.java:282)
	at org.apache.logging.log4j.core.appender.routing.RoutingAppender.append(RoutingAppender.java:240)
	at org.apache.logging.log4j.core.config.AppenderControl.tryCallAppender(AppenderControl.java:161)
	at org.apache.logging.log4j.core.config.AppenderControl.callAppender0(AppenderControl.java:134)
	at org.apache.logging.log4j.core.config.AppenderControl.callAppenderPreventRecursion(AppenderControl.java:125)
	at org.apache.logging.log4j.core.config.AppenderControl.callAppender(AppenderControl.java:89)
	at org.apache.logging.log4j.core.config.LoggerConfig.callAppenders(LoggerConfig.java:683)
	at org.apache.logging.log4j.core.config.LoggerConfig.processLogEvent(LoggerConfig.java:641)
	at org.apache.logging.log4j.core.config.LoggerConfig.log(LoggerConfig.java:624)
	at org.apache.logging.log4j.core.config.LoggerConfig.log(LoggerConfig.java:560)
	at org.apache.logging.log4j.core.config.AwaitCompletionReliabilityStrategy.log(AwaitCompletionReliabilityStrategy.java:82)
	at org.apache.logging.log4j.core.Logger.log(Logger.java:162)
	at org.apache.logging.log4j.spi.AbstractLogger.logMessage(AbstractLogger.java:2106)
	at org.apache.logging.log4j.internal.DefaultLogBuilder.logMessage(DefaultLogBuilder.java:241)
	at org.apache.logging.log4j.internal.DefaultLogBuilder.log(DefaultLogBuilder.java:162)
	at org.apache.poi.ooxml.POIXMLFactory.createDocumentPart(POIXMLFactory.java:65)
	at org.apache.poi.ooxml.POIXMLDocumentPart.read(POIXMLDocumentPart.java:661)
	at org.apache.poi.ooxml.POIXMLDocumentPart.read(POIXMLDocumentPart.java:678)
	at org.apache.poi.ooxml.POIXMLDocument.load(POIXMLDocument.java:165)
	at org.apache.poi.xssf.usermodel.XSSFWorkbook.<init>(XSSFWorkbook.java:260)
	at org.apache.poi.xssf.usermodel.XSSFWorkbook.<init>(XSSFWorkbook.java:290)
	at org.apache.poi.xssf.usermodel.XSSFWorkbook.<init>(XSSFWorkbook.java:286)
	at externalResources.ExcelDataRead.<init>(ExcelDataRead.java:22)
	at listeners.AnnotationsTransformer.toBeExecuted(AnnotationsTransformer.java:36)
	at listeners.AnnotationsTransformer.transform(AnnotationsTransformer.java:24)
	at org.testng.internal.annotations.JDK15AnnotationFinder.transform(JDK15AnnotationFinder.java:172)
	at org.testng.internal.annotations.JDK15AnnotationFinder.lambda$findAnnotation$0(JDK15AnnotationFinder.java:279)
	at java.base/java.util.concurrent.ConcurrentHashMap.computeIfAbsent(ConcurrentHashMap.java:1705)
	at org.testng.internal.annotations.JDK15AnnotationFinder.findAnnotation(JDK15AnnotationFinder.java:275)
	at org.testng.internal.annotations.JDK15AnnotationFinder.findAnnotation(JDK15AnnotationFinder.java:113)
	at org.testng.internal.TestNGClassFinder.isTestNGClass(TestNGClassFinder.java:275)
	at org.testng.internal.TestNGClassFinder.isNotTestNGClass(TestNGClassFinder.java:260)
	at org.testng.internal.TestNGClassFinder.processClass(TestNGClassFinder.java:94)
	at org.testng.internal.TestNGClassFinder.<init>(TestNGClassFinder.java:67)
	at org.testng.TestRunner.initMethods(TestRunner.java:442)
	at org.testng.TestRunner.init(TestRunner.java:336)
	at org.testng.TestRunner.init(TestRunner.java:289)
	at org.testng.TestRunner.<init>(TestRunner.java:179)
	at org.testng.SuiteRunner$DefaultTestRunnerFactory.newTestRunner(SuiteRunner.java:643)
	at org.testng.SuiteRunner.init(SuiteRunner.java:225)
	at org.testng.SuiteRunner.<init>(SuiteRunner.java:115)
	at org.testng.TestNG.createSuiteRunner(TestNG.java:1349)
	at org.testng.TestNG.createSuiteRunners(TestNG.java:1325)
	at org.testng.TestNG.runSuitesLocally(TestNG.java:1167)
	at org.testng.TestNG.runSuites(TestNG.java:1099)
	at org.testng.TestNG.run(TestNG.java:1067)
	at org.apache.maven.surefire.testng.TestNGExecutor.run(TestNGExecutor.java:324)
	at org.apache.maven.surefire.testng.TestNGXmlTestSuite.execute(TestNGXmlTestSuite.java:74)
	at org.apache.maven.surefire.testng.TestNGProvider.invoke(TestNGProvider.java:123)
	at org.apache.maven.surefire.booter.ForkedBooter.runSuitesInProcess(ForkedBooter.java:456)
	at org.apache.maven.surefire.booter.ForkedBooter.execute(ForkedBooter.java:169)
	at org.apache.maven.surefire.booter.ForkedBooter.run(ForkedBooter.java:595)
	at org.apache.maven.surefire.booter.ForkedBooter.main(ForkedBooter.java:581)

2023-02-13 11:57:16,131 main ERROR Could not create plugin of type class org.apache.logging.log4j.core.appender.RollingFileAppender for element RollingFile: java.lang.IllegalStateException: ManagerFactory [org.apache.logging.log4j.core.appender.rolling.RollingFileManager$RollingFileManagerFactory@4e6d7365] unable to create manager for [./results/logs/${ctx:threadName}.log] with data [org.apache.logging.log4j.core.appender.rolling.RollingFileManager$FactoryData@47447ccf[pattern=./results/logs/${ctx:threadName}-%d{yyyy-MM-dd}.log, append=true, bufferedIO=true, bufferSize=8192, policy=SizeBasedTriggeringPolicy(size=512000), strategy=DefaultRolloverStrategy(min=1, max=7, useMax=true), advertiseURI=null, layout=%d{HH:mm:ss.SSS} [%t] %-5level %logger{36} - %msg%n, filePermissions=null, fileOwner=null]] java.lang.IllegalStateException: ManagerFactory [org.apache.logging.log4j.core.appender.rolling.RollingFileManager$RollingFileManagerFactory@4e6d7365] unable to create manager for [./results/logs/${ctx:threadName}.log] with data [org.apache.logging.log4j.core.appender.rolling.RollingFileManager$FactoryData@47447ccf[pattern=./results/logs/${ctx:threadName}-%d{yyyy-MM-dd}.log, append=true, bufferedIO=true, bufferSize=8192, policy=SizeBasedTriggeringPolicy(size=512000), strategy=DefaultRolloverStrategy(min=1, max=7, useMax=true), advertiseURI=null, layout=%d{HH:mm:ss.SSS} [%t] %-5level %logger{36} - %msg%n, filePermissions=null, fileOwner=null]]
	at org.apache.logging.log4j.core.appender.AbstractManager.getManager(AbstractManager.java:146)
	at org.apache.logging.log4j.core.appender.OutputStreamManager.getManager(OutputStreamManager.java:100)
	at org.apache.logging.log4j.core.appender.rolling.RollingFileManager.getFileManager(RollingFileManager.java:217)
	at org.apache.logging.log4j.core.appender.RollingFileAppender$Builder.build(RollingFileAppender.java:135)
	at org.apache.logging.log4j.core.appender.RollingFileAppender$Builder.build(RollingFileAppender.java:62)
	at org.apache.logging.log4j.core.config.plugins.util.PluginBuilder.build(PluginBuilder.java:124)
	at org.apache.logging.log4j.core.config.AbstractConfiguration.createPluginObject(AbstractConfiguration.java:1138)
	at org.apache.logging.log4j.core.config.AbstractConfiguration.createConfiguration(AbstractConfiguration.java:1063)
	at org.apache.logging.log4j.core.appender.routing.RoutingAppender.createAppender(RoutingAppender.java:310)
	at org.apache.logging.log4j.core.appender.routing.RoutingAppender.getControl(RoutingAppender.java:282)
	at org.apache.logging.log4j.core.appender.routing.RoutingAppender.append(RoutingAppender.java:240)
	at org.apache.logging.log4j.core.config.AppenderControl.tryCallAppender(AppenderControl.java:161)
	at org.apache.logging.log4j.core.config.AppenderControl.callAppender0(AppenderControl.java:134)
	at org.apache.logging.log4j.core.config.AppenderControl.callAppenderPreventRecursion(AppenderControl.java:125)
	at org.apache.logging.log4j.core.config.AppenderControl.callAppender(AppenderControl.java:89)
	at org.apache.logging.log4j.core.config.LoggerConfig.callAppenders(LoggerConfig.java:683)
	at org.apache.logging.log4j.core.config.LoggerConfig.processLogEvent(LoggerConfig.java:641)
	at org.apache.logging.log4j.core.config.LoggerConfig.log(LoggerConfig.java:624)
	at org.apache.logging.log4j.core.config.LoggerConfig.log(LoggerConfig.java:560)
	at org.apache.logging.log4j.core.config.AwaitCompletionReliabilityStrategy.log(AwaitCompletionReliabilityStrategy.java:82)
	at org.apache.logging.log4j.core.Logger.log(Logger.java:162)
	at org.apache.logging.log4j.spi.AbstractLogger.logMessage(AbstractLogger.java:2106)
	at org.apache.logging.log4j.internal.DefaultLogBuilder.logMessage(DefaultLogBuilder.java:241)
	at org.apache.logging.log4j.internal.DefaultLogBuilder.log(DefaultLogBuilder.java:162)
	at org.apache.poi.ooxml.POIXMLFactory.createDocumentPart(POIXMLFactory.java:65)
	at org.apache.poi.ooxml.POIXMLDocumentPart.read(POIXMLDocumentPart.java:661)
	at org.apache.poi.ooxml.POIXMLDocumentPart.read(POIXMLDocumentPart.java:678)
	at org.apache.poi.ooxml.POIXMLDocument.load(POIXMLDocument.java:165)
	at org.apache.poi.xssf.usermodel.XSSFWorkbook.<init>(XSSFWorkbook.java:260)
	at org.apache.poi.xssf.usermodel.XSSFWorkbook.<init>(XSSFWorkbook.java:290)
	at org.apache.poi.xssf.usermodel.XSSFWorkbook.<init>(XSSFWorkbook.java:286)
	at externalResources.ExcelDataRead.<init>(ExcelDataRead.java:22)
	at listeners.AnnotationsTransformer.toBeExecuted(AnnotationsTransformer.java:36)
	at listeners.AnnotationsTransformer.transform(AnnotationsTransformer.java:24)
	at org.testng.internal.annotations.JDK15AnnotationFinder.transform(JDK15AnnotationFinder.java:172)
	at org.testng.internal.annotations.JDK15AnnotationFinder.lambda$findAnnotation$0(JDK15AnnotationFinder.java:279)
	at java.base/java.util.concurrent.ConcurrentHashMap.computeIfAbsent(ConcurrentHashMap.java:1705)
	at org.testng.internal.annotations.JDK15AnnotationFinder.findAnnotation(JDK15AnnotationFinder.java:275)
	at org.testng.internal.annotations.JDK15AnnotationFinder.findAnnotation(JDK15AnnotationFinder.java:113)
	at org.testng.internal.TestNGClassFinder.isTestNGClass(TestNGClassFinder.java:275)
	at org.testng.internal.TestNGClassFinder.isNotTestNGClass(TestNGClassFinder.java:260)
	at org.testng.internal.TestNGClassFinder.processClass(TestNGClassFinder.java:94)
	at org.testng.internal.TestNGClassFinder.<init>(TestNGClassFinder.java:67)
	at org.testng.TestRunner.initMethods(TestRunner.java:442)
	at org.testng.TestRunner.init(TestRunner.java:336)
	at org.testng.TestRunner.init(TestRunner.java:289)
	at org.testng.TestRunner.<init>(TestRunner.java:179)
	at org.testng.SuiteRunner$DefaultTestRunnerFactory.newTestRunner(SuiteRunner.java:643)
	at org.testng.SuiteRunner.init(SuiteRunner.java:225)
	at org.testng.SuiteRunner.<init>(SuiteRunner.java:115)
	at org.testng.TestNG.createSuiteRunner(TestNG.java:1349)
	at org.testng.TestNG.createSuiteRunners(TestNG.java:1325)
	at org.testng.TestNG.runSuitesLocally(TestNG.java:1167)
	at org.testng.TestNG.runSuites(TestNG.java:1099)
	at org.testng.TestNG.run(TestNG.java:1067)
	at org.apache.maven.surefire.testng.TestNGExecutor.run(TestNGExecutor.java:324)
	at org.apache.maven.surefire.testng.TestNGXmlTestSuite.execute(TestNGXmlTestSuite.java:74)
	at org.apache.maven.surefire.testng.TestNGProvider.invoke(TestNGProvider.java:123)
	at org.apache.maven.surefire.booter.ForkedBooter.runSuitesInProcess(ForkedBooter.java:456)
	at org.apache.maven.surefire.booter.ForkedBooter.execute(ForkedBooter.java:169)
	at org.apache.maven.surefire.booter.ForkedBooter.run(ForkedBooter.java:595)
	at org.apache.maven.surefire.booter.ForkedBooter.main(ForkedBooter.java:581)

2023-02-13 11:57:16,133 main ERROR Unable to invoke factory method in class org.apache.logging.log4j.core.appender.RollingFileAppender for element RollingFile: java.lang.IllegalStateException: No factory method found for class org.apache.logging.log4j.core.appender.RollingFileAppender java.lang.IllegalStateException: No factory method found for class org.apache.logging.log4j.core.appender.RollingFileAppender
	at org.apache.logging.log4j.core.config.plugins.util.PluginBuilder.findFactoryMethod(PluginBuilder.java:260)
	at org.apache.logging.log4j.core.config.plugins.util.PluginBuilder.build(PluginBuilder.java:136)
	at org.apache.logging.log4j.core.config.AbstractConfiguration.createPluginObject(AbstractConfiguration.java:1138)
	at org.apache.logging.log4j.core.config.AbstractConfiguration.createConfiguration(AbstractConfiguration.java:1063)
	at org.apache.logging.log4j.core.appender.routing.RoutingAppender.createAppender(RoutingAppender.java:310)
	at org.apache.logging.log4j.core.appender.routing.RoutingAppender.getControl(RoutingAppender.java:282)
	at org.apache.logging.log4j.core.appender.routing.RoutingAppender.append(RoutingAppender.java:240)
	at org.apache.logging.log4j.core.config.AppenderControl.tryCallAppender(AppenderControl.java:161)
	at org.apache.logging.log4j.core.config.AppenderControl.callAppender0(AppenderControl.java:134)
	at org.apache.logging.log4j.core.config.AppenderControl.callAppenderPreventRecursion(AppenderControl.java:125)
	at org.apache.logging.log4j.core.config.AppenderControl.callAppender(AppenderControl.java:89)
	at org.apache.logging.log4j.core.config.LoggerConfig.callAppenders(LoggerConfig.java:683)
	at org.apache.logging.log4j.core.config.LoggerConfig.processLogEvent(LoggerConfig.java:641)
	at org.apache.logging.log4j.core.config.LoggerConfig.log(LoggerConfig.java:624)
	at org.apache.logging.log4j.core.config.LoggerConfig.log(LoggerConfig.java:560)
	at org.apache.logging.log4j.core.config.AwaitCompletionReliabilityStrategy.log(AwaitCompletionReliabilityStrategy.java:82)
	at org.apache.logging.log4j.core.Logger.log(Logger.java:162)
	at org.apache.logging.log4j.spi.AbstractLogger.logMessage(AbstractLogger.java:2106)
	at org.apache.logging.log4j.internal.DefaultLogBuilder.logMessage(DefaultLogBuilder.java:241)
	at org.apache.logging.log4j.internal.DefaultLogBuilder.log(DefaultLogBuilder.java:162)
	at org.apache.poi.ooxml.POIXMLFactory.createDocumentPart(POIXMLFactory.java:65)
	at org.apache.poi.ooxml.POIXMLDocumentPart.read(POIXMLDocumentPart.java:661)
	at org.apache.poi.ooxml.POIXMLDocumentPart.read(POIXMLDocumentPart.java:678)
	at org.apache.poi.ooxml.POIXMLDocument.load(POIXMLDocument.java:165)
	at org.apache.poi.xssf.usermodel.XSSFWorkbook.<init>(XSSFWorkbook.java:260)
	at org.apache.poi.xssf.usermodel.XSSFWorkbook.<init>(XSSFWorkbook.java:290)
	at org.apache.poi.xssf.usermodel.XSSFWorkbook.<init>(XSSFWorkbook.java:286)
	at externalResources.ExcelDataRead.<init>(ExcelDataRead.java:22)
	at listeners.AnnotationsTransformer.toBeExecuted(AnnotationsTransformer.java:36)
	at listeners.AnnotationsTransformer.transform(AnnotationsTransformer.java:24)
	at org.testng.internal.annotations.JDK15AnnotationFinder.transform(JDK15AnnotationFinder.java:172)
	at org.testng.internal.annotations.JDK15AnnotationFinder.lambda$findAnnotation$0(JDK15AnnotationFinder.java:279)
	at java.base/java.util.concurrent.ConcurrentHashMap.computeIfAbsent(ConcurrentHashMap.java:1705)
	at org.testng.internal.annotations.JDK15AnnotationFinder.findAnnotation(JDK15AnnotationFinder.java:275)
	at org.testng.internal.annotations.JDK15AnnotationFinder.findAnnotation(JDK15AnnotationFinder.java:113)
	at org.testng.internal.TestNGClassFinder.isTestNGClass(TestNGClassFinder.java:275)
	at org.testng.internal.TestNGClassFinder.isNotTestNGClass(TestNGClassFinder.java:260)
	at org.testng.internal.TestNGClassFinder.processClass(TestNGClassFinder.java:94)
	at org.testng.internal.TestNGClassFinder.<init>(TestNGClassFinder.java:67)
	at org.testng.TestRunner.initMethods(TestRunner.java:442)
	at org.testng.TestRunner.init(TestRunner.java:336)
	at org.testng.TestRunner.init(TestRunner.java:289)
	at org.testng.TestRunner.<init>(TestRunner.java:179)
	at org.testng.SuiteRunner$DefaultTestRunnerFactory.newTestRunner(SuiteRunner.java:643)
	at org.testng.SuiteRunner.init(SuiteRunner.java:225)
	at org.testng.SuiteRunner.<init>(SuiteRunner.java:115)
	at org.testng.TestNG.createSuiteRunner(TestNG.java:1349)
	at org.testng.TestNG.createSuiteRunners(TestNG.java:1325)
	at org.testng.TestNG.runSuitesLocally(TestNG.java:1167)
	at org.testng.TestNG.runSuites(TestNG.java:1099)
	at org.testng.TestNG.run(TestNG.java:1067)
	at org.apache.maven.surefire.testng.TestNGExecutor.run(TestNGExecutor.java:324)
	at org.apache.maven.surefire.testng.TestNGXmlTestSuite.execute(TestNGXmlTestSuite.java:74)
	at org.apache.maven.surefire.testng.TestNGProvider.invoke(TestNGProvider.java:123)
	at org.apache.maven.surefire.booter.ForkedBooter.runSuitesInProcess(ForkedBooter.java:456)
	at org.apache.maven.surefire.booter.ForkedBooter.execute(ForkedBooter.java:169)
	at org.apache.maven.surefire.booter.ForkedBooter.run(ForkedBooter.java:595)
	at org.apache.maven.surefire.booter.ForkedBooter.main(ForkedBooter.java:581)

2023-02-13 11:57:16,135 main ERROR Unable to create file ./results/logs/${ctx:threadName}.log java.io.IOException: The filename, directory name, or volume label syntax is incorrect
	at java.base/java.io.WinNTFileSystem.canonicalize0(Native Method)
	at java.base/java.io.WinNTFileSystem.canonicalize(WinNTFileSystem.java:483)
	at java.base/java.io.File.getCanonicalPath(File.java:626)
	at java.base/java.io.File.getCanonicalFile(File.java:651)
	at org.apache.logging.log4j.core.util.FileUtils.makeParentDirs(FileUtils.java:139)
	at org.apache.logging.log4j.core.appender.rolling.RollingFileManager$RollingFileManagerFactory.createManager(RollingFileManager.java:734)
	at org.apache.logging.log4j.core.appender.rolling.RollingFileManager$RollingFileManagerFactory.createManager(RollingFileManager.java:718)
	at org.apache.logging.log4j.core.appender.AbstractManager.getManager(AbstractManager.java:144)
	at org.apache.logging.log4j.core.appender.OutputStreamManager.getManager(OutputStreamManager.java:100)
	at org.apache.logging.log4j.core.appender.rolling.RollingFileManager.getFileManager(RollingFileManager.java:217)
	at org.apache.logging.log4j.core.appender.RollingFileAppender$Builder.build(RollingFileAppender.java:135)
	at org.apache.logging.log4j.core.appender.RollingFileAppender$Builder.build(RollingFileAppender.java:62)
	at org.apache.logging.log4j.core.config.plugins.util.PluginBuilder.build(PluginBuilder.java:124)
	at org.apache.logging.log4j.core.config.AbstractConfiguration.createPluginObject(AbstractConfiguration.java:1138)
	at org.apache.logging.log4j.core.config.AbstractConfiguration.createConfiguration(AbstractConfiguration.java:1063)
	at org.apache.logging.log4j.core.appender.routing.RoutingAppender.createAppender(RoutingAppender.java:310)
	at org.apache.logging.log4j.core.appender.routing.RoutingAppender.getControl(RoutingAppender.java:282)
	at org.apache.logging.log4j.core.appender.routing.RoutingAppender.append(RoutingAppender.java:240)
	at org.apache.logging.log4j.core.config.AppenderControl.tryCallAppender(AppenderControl.java:161)
	at org.apache.logging.log4j.core.config.AppenderControl.callAppender0(AppenderControl.java:134)
	at org.apache.logging.log4j.core.config.AppenderControl.callAppenderPreventRecursion(AppenderControl.java:125)
	at org.apache.logging.log4j.core.config.AppenderControl.callAppender(AppenderControl.java:89)
	at org.apache.logging.log4j.core.config.LoggerConfig.callAppenders(LoggerConfig.java:683)
	at org.apache.logging.log4j.core.config.LoggerConfig.processLogEvent(LoggerConfig.java:641)
	at org.apache.logging.log4j.core.config.LoggerConfig.log(LoggerConfig.java:624)
	at org.apache.logging.log4j.core.config.LoggerConfig.log(LoggerConfig.java:560)
	at org.apache.logging.log4j.core.config.AwaitCompletionReliabilityStrategy.log(AwaitCompletionReliabilityStrategy.java:82)
	at org.apache.logging.log4j.core.Logger.log(Logger.java:162)
	at org.apache.logging.log4j.spi.AbstractLogger.logMessage(AbstractLogger.java:2106)
	at org.apache.logging.log4j.internal.DefaultLogBuilder.logMessage(DefaultLogBuilder.java:241)
	at org.apache.logging.log4j.internal.DefaultLogBuilder.log(DefaultLogBuilder.java:162)
	at org.apache.poi.ooxml.POIXMLFactory.createDocumentPart(POIXMLFactory.java:65)
	at org.apache.poi.ooxml.POIXMLDocumentPart.read(POIXMLDocumentPart.java:661)
	at org.apache.poi.ooxml.POIXMLDocumentPart.read(POIXMLDocumentPart.java:678)
	at org.apache.poi.ooxml.POIXMLDocument.load(POIXMLDocument.java:165)
	at org.apache.poi.xssf.usermodel.XSSFWorkbook.<init>(XSSFWorkbook.java:260)
	at org.apache.poi.xssf.usermodel.XSSFWorkbook.<init>(XSSFWorkbook.java:290)
	at org.apache.poi.xssf.usermodel.XSSFWorkbook.<init>(XSSFWorkbook.java:286)
	at externalResources.ExcelDataRead.<init>(ExcelDataRead.java:22)
	at listeners.AnnotationsTransformer.toBeExecuted(AnnotationsTransformer.java:36)
	at listeners.AnnotationsTransformer.transform(AnnotationsTransformer.java:24)
	at org.testng.internal.annotations.JDK15AnnotationFinder.transform(JDK15AnnotationFinder.java:172)
	at org.testng.internal.annotations.JDK15AnnotationFinder.lambda$findAnnotation$0(JDK15AnnotationFinder.java:279)
	at java.base/java.util.concurrent.ConcurrentHashMap.computeIfAbsent(ConcurrentHashMap.java:1705)
	at org.testng.internal.annotations.JDK15AnnotationFinder.findAnnotation(JDK15AnnotationFinder.java:275)
	at org.testng.internal.annotations.JDK15AnnotationFinder.findAnnotation(JDK15AnnotationFinder.java:113)
	at org.testng.internal.TestNGClassFinder.isTestNGClass(TestNGClassFinder.java:275)
	at org.testng.internal.TestNGClassFinder.isNotTestNGClass(TestNGClassFinder.java:260)
	at org.testng.internal.TestNGClassFinder.processClass(TestNGClassFinder.java:94)
	at org.testng.internal.TestNGClassFinder.<init>(TestNGClassFinder.java:67)
	at org.testng.TestRunner.initMethods(TestRunner.java:442)
	at org.testng.TestRunner.init(TestRunner.java:336)
	at org.testng.TestRunner.init(TestRunner.java:289)
	at org.testng.TestRunner.<init>(TestRunner.java:179)
	at org.testng.SuiteRunner$DefaultTestRunnerFactory.newTestRunner(SuiteRunner.java:643)
	at org.testng.SuiteRunner.init(SuiteRunner.java:225)
	at org.testng.SuiteRunner.<init>(SuiteRunner.java:115)
	at org.testng.TestNG.createSuiteRunner(TestNG.java:1349)
	at org.testng.TestNG.createSuiteRunners(TestNG.java:1325)
	at org.testng.TestNG.runSuitesLocally(TestNG.java:1167)
	at org.testng.TestNG.runSuites(TestNG.java:1099)
	at org.testng.TestNG.run(TestNG.java:1067)
	at org.apache.maven.surefire.testng.TestNGExecutor.run(TestNGExecutor.java:324)
	at org.apache.maven.surefire.testng.TestNGXmlTestSuite.execute(TestNGXmlTestSuite.java:74)
	at org.apache.maven.surefire.testng.TestNGProvider.invoke(TestNGProvider.java:123)
	at org.apache.maven.surefire.booter.ForkedBooter.runSuitesInProcess(ForkedBooter.java:456)
	at org.apache.maven.surefire.booter.ForkedBooter.execute(ForkedBooter.java:169)
	at org.apache.maven.surefire.booter.ForkedBooter.run(ForkedBooter.java:595)
	at org.apache.maven.surefire.booter.ForkedBooter.main(ForkedBooter.java:581)

2023-02-13 11:57:16,136 main ERROR Could not create plugin of type class org.apache.logging.log4j.core.appender.RollingFileAppender for element RollingFile: java.lang.IllegalStateException: ManagerFactory [org.apache.logging.log4j.core.appender.rolling.RollingFileManager$RollingFileManagerFactory@4e6d7365] unable to create manager for [./results/logs/${ctx:threadName}.log] with data [org.apache.logging.log4j.core.appender.rolling.RollingFileManager$FactoryData@45bb2aa1[pattern=./results/logs/${ctx:threadName}-%d{yyyy-MM-dd}.log, append=true, bufferedIO=true, bufferSize=8192, policy=SizeBasedTriggeringPolicy(size=512000), strategy=DefaultRolloverStrategy(min=1, max=7, useMax=true), advertiseURI=null, layout=%d{HH:mm:ss.SSS} [%t] %-5level %logger{36} - %msg%n, filePermissions=null, fileOwner=null]] java.lang.IllegalStateException: ManagerFactory [org.apache.logging.log4j.core.appender.rolling.RollingFileManager$RollingFileManagerFactory@4e6d7365] unable to create manager for [./results/logs/${ctx:threadName}.log] with data [org.apache.logging.log4j.core.appender.rolling.RollingFileManager$FactoryData@45bb2aa1[pattern=./results/logs/${ctx:threadName}-%d{yyyy-MM-dd}.log, append=true, bufferedIO=true, bufferSize=8192, policy=SizeBasedTriggeringPolicy(size=512000), strategy=DefaultRolloverStrategy(min=1, max=7, useMax=true), advertiseURI=null, layout=%d{HH:mm:ss.SSS} [%t] %-5level %logger{36} - %msg%n, filePermissions=null, fileOwner=null]]
	at org.apache.logging.log4j.core.appender.AbstractManager.getManager(AbstractManager.java:146)
	at org.apache.logging.log4j.core.appender.OutputStreamManager.getManager(OutputStreamManager.java:100)
	at org.apache.logging.log4j.core.appender.rolling.RollingFileManager.getFileManager(RollingFileManager.java:217)
	at org.apache.logging.log4j.core.appender.RollingFileAppender$Builder.build(RollingFileAppender.java:135)
	at org.apache.logging.log4j.core.appender.RollingFileAppender$Builder.build(RollingFileAppender.java:62)
	at org.apache.logging.log4j.core.config.plugins.util.PluginBuilder.build(PluginBuilder.java:124)
	at org.apache.logging.log4j.core.config.AbstractConfiguration.createPluginObject(AbstractConfiguration.java:1138)
	at org.apache.logging.log4j.core.config.AbstractConfiguration.createConfiguration(AbstractConfiguration.java:1063)
	at org.apache.logging.log4j.core.appender.routing.RoutingAppender.createAppender(RoutingAppender.java:310)
	at org.apache.logging.log4j.core.appender.routing.RoutingAppender.getControl(RoutingAppender.java:282)
	at org.apache.logging.log4j.core.appender.routing.RoutingAppender.append(RoutingAppender.java:240)
	at org.apache.logging.log4j.core.config.AppenderControl.tryCallAppender(AppenderControl.java:161)
	at org.apache.logging.log4j.core.config.AppenderControl.callAppender0(AppenderControl.java:134)
	at org.apache.logging.log4j.core.config.AppenderControl.callAppenderPreventRecursion(AppenderControl.java:125)
	at org.apache.logging.log4j.core.config.AppenderControl.callAppender(AppenderControl.java:89)
	at org.apache.logging.log4j.core.config.LoggerConfig.callAppenders(LoggerConfig.java:683)
	at org.apache.logging.log4j.core.config.LoggerConfig.processLogEvent(LoggerConfig.java:641)
	at org.apache.logging.log4j.core.config.LoggerConfig.log(LoggerConfig.java:624)
	at org.apache.logging.log4j.core.config.LoggerConfig.log(LoggerConfig.java:560)
	at org.apache.logging.log4j.core.config.AwaitCompletionReliabilityStrategy.log(AwaitCompletionReliabilityStrategy.java:82)
	at org.apache.logging.log4j.core.Logger.log(Logger.java:162)
	at org.apache.logging.log4j.spi.AbstractLogger.logMessage(AbstractLogger.java:2106)
	at org.apache.logging.log4j.internal.DefaultLogBuilder.logMessage(DefaultLogBuilder.java:241)
	at org.apache.logging.log4j.internal.DefaultLogBuilder.log(DefaultLogBuilder.java:162)
	at org.apache.poi.ooxml.POIXMLFactory.createDocumentPart(POIXMLFactory.java:65)
	at org.apache.poi.ooxml.POIXMLDocumentPart.read(POIXMLDocumentPart.java:661)
	at org.apache.poi.ooxml.POIXMLDocumentPart.read(POIXMLDocumentPart.java:678)
	at org.apache.poi.ooxml.POIXMLDocument.load(POIXMLDocument.java:165)
	at org.apache.poi.xssf.usermodel.XSSFWorkbook.<init>(XSSFWorkbook.java:260)
	at org.apache.poi.xssf.usermodel.XSSFWorkbook.<init>(XSSFWorkbook.java:290)
	at org.apache.poi.xssf.usermodel.XSSFWorkbook.<init>(XSSFWorkbook.java:286)
	at externalResources.ExcelDataRead.<init>(ExcelDataRead.java:22)
	at listeners.AnnotationsTransformer.toBeExecuted(AnnotationsTransformer.java:36)
	at listeners.AnnotationsTransformer.transform(AnnotationsTransformer.java:24)
	at org.testng.internal.annotations.JDK15AnnotationFinder.transform(JDK15AnnotationFinder.java:172)
	at org.testng.internal.annotations.JDK15AnnotationFinder.lambda$findAnnotation$0(JDK15AnnotationFinder.java:279)
	at java.base/java.util.concurrent.ConcurrentHashMap.computeIfAbsent(ConcurrentHashMap.java:1705)
	at org.testng.internal.annotations.JDK15AnnotationFinder.findAnnotation(JDK15AnnotationFinder.java:275)
	at org.testng.internal.annotations.JDK15AnnotationFinder.findAnnotation(JDK15AnnotationFinder.java:113)
	at org.testng.internal.TestNGClassFinder.isTestNGClass(TestNGClassFinder.java:275)
	at org.testng.internal.TestNGClassFinder.isNotTestNGClass(TestNGClassFinder.java:260)
	at org.testng.internal.TestNGClassFinder.processClass(TestNGClassFinder.java:94)
	at org.testng.internal.TestNGClassFinder.<init>(TestNGClassFinder.java:67)
	at org.testng.TestRunner.initMethods(TestRunner.java:442)
	at org.testng.TestRunner.init(TestRunner.java:336)
	at org.testng.TestRunner.init(TestRunner.java:289)
	at org.testng.TestRunner.<init>(TestRunner.java:179)
	at org.testng.SuiteRunner$DefaultTestRunnerFactory.newTestRunner(SuiteRunner.java:643)
	at org.testng.SuiteRunner.init(SuiteRunner.java:225)
	at org.testng.SuiteRunner.<init>(SuiteRunner.java:115)
	at org.testng.TestNG.createSuiteRunner(TestNG.java:1349)
	at org.testng.TestNG.createSuiteRunners(TestNG.java:1325)
	at org.testng.TestNG.runSuitesLocally(TestNG.java:1167)
	at org.testng.TestNG.runSuites(TestNG.java:1099)
	at org.testng.TestNG.run(TestNG.java:1067)
	at org.apache.maven.surefire.testng.TestNGExecutor.run(TestNGExecutor.java:324)
	at org.apache.maven.surefire.testng.TestNGXmlTestSuite.execute(TestNGXmlTestSuite.java:74)
	at org.apache.maven.surefire.testng.TestNGProvider.invoke(TestNGProvider.java:123)
	at org.apache.maven.surefire.booter.ForkedBooter.runSuitesInProcess(ForkedBooter.java:456)
	at org.apache.maven.surefire.booter.ForkedBooter.execute(ForkedBooter.java:169)
	at org.apache.maven.surefire.booter.ForkedBooter.run(ForkedBooter.java:595)
	at org.apache.maven.surefire.booter.ForkedBooter.main(ForkedBooter.java:581)

2023-02-13 11:57:16,136 main ERROR Unable to invoke factory method in class org.apache.logging.log4j.core.appender.RollingFileAppender for element RollingFile: java.lang.IllegalStateException: No factory method found for class org.apache.logging.log4j.core.appender.RollingFileAppender java.lang.IllegalStateException: No factory method found for class org.apache.logging.log4j.core.appender.RollingFileAppender
	at org.apache.logging.log4j.core.config.plugins.util.PluginBuilder.findFactoryMethod(PluginBuilder.java:260)
	at org.apache.logging.log4j.core.config.plugins.util.PluginBuilder.build(PluginBuilder.java:136)
	at org.apache.logging.log4j.core.config.AbstractConfiguration.createPluginObject(AbstractConfiguration.java:1138)
	at org.apache.logging.log4j.core.config.AbstractConfiguration.createConfiguration(AbstractConfiguration.java:1063)
	at org.apache.logging.log4j.core.appender.routing.RoutingAppender.createAppender(RoutingAppender.java:310)
	at org.apache.logging.log4j.core.appender.routing.RoutingAppender.getControl(RoutingAppender.java:282)
	at org.apache.logging.log4j.core.appender.routing.RoutingAppender.append(RoutingAppender.java:240)
	at org.apache.logging.log4j.core.config.AppenderControl.tryCallAppender(AppenderControl.java:161)
	at org.apache.logging.log4j.core.config.AppenderControl.callAppender0(AppenderControl.java:134)
	at org.apache.logging.log4j.core.config.AppenderControl.callAppenderPreventRecursion(AppenderControl.java:125)
	at org.apache.logging.log4j.core.config.AppenderControl.callAppender(AppenderControl.java:89)
	at org.apache.logging.log4j.core.config.LoggerConfig.callAppenders(LoggerConfig.java:683)
	at org.apache.logging.log4j.core.config.LoggerConfig.processLogEvent(LoggerConfig.java:641)
	at org.apache.logging.log4j.core.config.LoggerConfig.log(LoggerConfig.java:624)
	at org.apache.logging.log4j.core.config.LoggerConfig.log(LoggerConfig.java:560)
	at org.apache.logging.log4j.core.config.AwaitCompletionReliabilityStrategy.log(AwaitCompletionReliabilityStrategy.java:82)
	at org.apache.logging.log4j.core.Logger.log(Logger.java:162)
	at org.apache.logging.log4j.spi.AbstractLogger.logMessage(AbstractLogger.java:2106)
	at org.apache.logging.log4j.internal.DefaultLogBuilder.logMessage(DefaultLogBuilder.java:241)
	at org.apache.logging.log4j.internal.DefaultLogBuilder.log(DefaultLogBuilder.java:162)
	at org.apache.poi.ooxml.POIXMLFactory.createDocumentPart(POIXMLFactory.java:65)
	at org.apache.poi.ooxml.POIXMLDocumentPart.read(POIXMLDocumentPart.java:661)
	at org.apache.poi.ooxml.POIXMLDocumentPart.read(POIXMLDocumentPart.java:678)
	at org.apache.poi.ooxml.POIXMLDocument.load(POIXMLDocument.java:165)
	at org.apache.poi.xssf.usermodel.XSSFWorkbook.<init>(XSSFWorkbook.java:260)
	at org.apache.poi.xssf.usermodel.XSSFWorkbook.<init>(XSSFWorkbook.java:290)
	at org.apache.poi.xssf.usermodel.XSSFWorkbook.<init>(XSSFWorkbook.java:286)
	at externalResources.ExcelDataRead.<init>(ExcelDataRead.java:22)
	at listeners.AnnotationsTransformer.toBeExecuted(AnnotationsTransformer.java:36)
	at listeners.AnnotationsTransformer.transform(AnnotationsTransformer.java:24)
	at org.testng.internal.annotations.JDK15AnnotationFinder.transform(JDK15AnnotationFinder.java:172)
	at org.testng.internal.annotations.JDK15AnnotationFinder.lambda$findAnnotation$0(JDK15AnnotationFinder.java:279)
	at java.base/java.util.concurrent.ConcurrentHashMap.computeIfAbsent(ConcurrentHashMap.java:1705)
	at org.testng.internal.annotations.JDK15AnnotationFinder.findAnnotation(JDK15AnnotationFinder.java:275)
	at org.testng.internal.annotations.JDK15AnnotationFinder.findAnnotation(JDK15AnnotationFinder.java:113)
	at org.testng.internal.TestNGClassFinder.isTestNGClass(TestNGClassFinder.java:275)
	at org.testng.internal.TestNGClassFinder.isNotTestNGClass(TestNGClassFinder.java:260)
	at org.testng.internal.TestNGClassFinder.processClass(TestNGClassFinder.java:94)
	at org.testng.internal.TestNGClassFinder.<init>(TestNGClassFinder.java:67)
	at org.testng.TestRunner.initMethods(TestRunner.java:442)
	at org.testng.TestRunner.init(TestRunner.java:336)
	at org.testng.TestRunner.init(TestRunner.java:289)
	at org.testng.TestRunner.<init>(TestRunner.java:179)
	at org.testng.SuiteRunner$DefaultTestRunnerFactory.newTestRunner(SuiteRunner.java:643)
	at org.testng.SuiteRunner.init(SuiteRunner.java:225)
	at org.testng.SuiteRunner.<init>(SuiteRunner.java:115)
	at org.testng.TestNG.createSuiteRunner(TestNG.java:1349)
	at org.testng.TestNG.createSuiteRunners(TestNG.java:1325)
	at org.testng.TestNG.runSuitesLocally(TestNG.java:1167)
	at org.testng.TestNG.runSuites(TestNG.java:1099)
	at org.testng.TestNG.run(TestNG.java:1067)
	at org.apache.maven.surefire.testng.TestNGExecutor.run(TestNGExecutor.java:324)
	at org.apache.maven.surefire.testng.TestNGXmlTestSuite.execute(TestNGXmlTestSuite.java:74)
	at org.apache.maven.surefire.testng.TestNGProvider.invoke(TestNGProvider.java:123)
	at org.apache.maven.surefire.booter.ForkedBooter.runSuitesInProcess(ForkedBooter.java:456)
	at org.apache.maven.surefire.booter.ForkedBooter.execute(ForkedBooter.java:169)
	at org.apache.maven.surefire.booter.ForkedBooter.run(ForkedBooter.java:595)
	at org.apache.maven.surefire.booter.ForkedBooter.main(ForkedBooter.java:581)

2023-02-13 11:57:16,159 main ERROR Unable to create file ./results/logs/${ctx:threadName}.log java.io.IOException: The filename, directory name, or volume label syntax is incorrect
	at java.base/java.io.WinNTFileSystem.canonicalize0(Native Method)
	at java.base/java.io.WinNTFileSystem.canonicalize(WinNTFileSystem.java:483)
	at java.base/java.io.File.getCanonicalPath(File.java:626)
	at java.base/java.io.File.getCanonicalFile(File.java:651)
	at org.apache.logging.log4j.core.util.FileUtils.makeParentDirs(FileUtils.java:139)
	at org.apache.logging.log4j.core.appender.rolling.RollingFileManager$RollingFileManagerFactory.createManager(RollingFileManager.java:734)
	at org.apache.logging.log4j.core.appender.rolling.RollingFileManager$RollingFileManagerFactory.createManager(RollingFileManager.java:718)
	at org.apache.logging.log4j.core.appender.AbstractManager.getManager(AbstractManager.java:144)
	at org.apache.logging.log4j.core.appender.OutputStreamManager.getManager(OutputStreamManager.java:100)
	at org.apache.logging.log4j.core.appender.rolling.RollingFileManager.getFileManager(RollingFileManager.java:217)
	at org.apache.logging.log4j.core.appender.RollingFileAppender$Builder.build(RollingFileAppender.java:135)
	at org.apache.logging.log4j.core.appender.RollingFileAppender$Builder.build(RollingFileAppender.java:62)
	at org.apache.logging.log4j.core.config.plugins.util.PluginBuilder.build(PluginBuilder.java:124)
	at org.apache.logging.log4j.core.config.AbstractConfiguration.createPluginObject(AbstractConfiguration.java:1138)
	at org.apache.logging.log4j.core.config.AbstractConfiguration.createConfiguration(AbstractConfiguration.java:1063)
	at org.apache.logging.log4j.core.appender.routing.RoutingAppender.createAppender(RoutingAppender.java:310)
	at org.apache.logging.log4j.core.appender.routing.RoutingAppender.getControl(RoutingAppender.java:282)
	at org.apache.logging.log4j.core.appender.routing.RoutingAppender.append(RoutingAppender.java:240)
	at org.apache.logging.log4j.core.config.AppenderControl.tryCallAppender(AppenderControl.java:161)
	at org.apache.logging.log4j.core.config.AppenderControl.callAppender0(AppenderControl.java:134)
	at org.apache.logging.log4j.core.config.AppenderControl.callAppenderPreventRecursion(AppenderControl.java:125)
	at org.apache.logging.log4j.core.config.AppenderControl.callAppender(AppenderControl.java:89)
	at org.apache.logging.log4j.core.config.LoggerConfig.callAppenders(LoggerConfig.java:683)
	at org.apache.logging.log4j.core.config.LoggerConfig.processLogEvent(LoggerConfig.java:641)
	at org.apache.logging.log4j.core.config.LoggerConfig.log(LoggerConfig.java:624)
	at org.apache.logging.log4j.core.config.LoggerConfig.log(LoggerConfig.java:560)
	at org.apache.logging.log4j.core.config.AwaitCompletionReliabilityStrategy.log(AwaitCompletionReliabilityStrategy.java:82)
	at org.apache.logging.log4j.core.Logger.log(Logger.java:162)
	at org.apache.logging.log4j.spi.AbstractLogger.logMessage(AbstractLogger.java:2106)
	at org.apache.logging.log4j.internal.DefaultLogBuilder.logMessage(DefaultLogBuilder.java:241)
	at org.apache.logging.log4j.internal.DefaultLogBuilder.log(DefaultLogBuilder.java:162)
	at org.apache.poi.openxml4j.opc.PackageRelationshipCollection.parseRelationshipsPart(PackageRelationshipCollection.java:309)
	at org.apache.poi.openxml4j.opc.PackageRelationshipCollection.<init>(PackageRelationshipCollection.java:160)
	at org.apache.poi.openxml4j.opc.PackageRelationshipCollection.<init>(PackageRelationshipCollection.java:130)
	at org.apache.poi.openxml4j.opc.PackagePart.loadRelationships(PackagePart.java:565)
	at org.apache.poi.openxml4j.opc.OPCPackage.getParts(OPCPackage.java:751)
	at org.apache.poi.openxml4j.opc.OPCPackage.open(OPCPackage.java:322)
	at org.apache.poi.ooxml.util.PackageHelper.open(PackageHelper.java:59)
	at org.apache.poi.xssf.usermodel.XSSFWorkbook.<init>(XSSFWorkbook.java:290)
	at org.apache.poi.xssf.usermodel.XSSFWorkbook.<init>(XSSFWorkbook.java:286)
	at externalResources.ExcelDataRead.<init>(ExcelDataRead.java:22)
	at listeners.AnnotationsTransformer.toBeExecuted(AnnotationsTransformer.java:36)
	at listeners.AnnotationsTransformer.transform(AnnotationsTransformer.java:24)
	at org.testng.internal.annotations.JDK15AnnotationFinder.transform(JDK15AnnotationFinder.java:172)
	at org.testng.internal.annotations.JDK15AnnotationFinder.lambda$findAnnotation$0(JDK15AnnotationFinder.java:279)
	at java.base/java.util.concurrent.ConcurrentHashMap.computeIfAbsent(ConcurrentHashMap.java:1705)
	at org.testng.internal.annotations.JDK15AnnotationFinder.findAnnotation(JDK15AnnotationFinder.java:275)
	at org.testng.internal.annotations.JDK15AnnotationFinder.findAnnotation(JDK15AnnotationFinder.java:113)
	at org.testng.internal.TestNGClassFinder.isTestNGClass(TestNGClassFinder.java:275)
	at org.testng.internal.TestNGClassFinder.isNotTestNGClass(TestNGClassFinder.java:260)
	at org.testng.internal.TestNGClassFinder.processClass(TestNGClassFinder.java:94)
	at org.testng.internal.TestNGClassFinder.<init>(TestNGClassFinder.java:67)
	at org.testng.TestRunner.initMethods(TestRunner.java:442)
	at org.testng.TestRunner.init(TestRunner.java:336)
	at org.testng.TestRunner.init(TestRunner.java:289)
	at org.testng.TestRunner.<init>(TestRunner.java:179)
	at org.testng.SuiteRunner$DefaultTestRunnerFactory.newTestRunner(SuiteRunner.java:643)
	at org.testng.SuiteRunner.init(SuiteRunner.java:225)
	at org.testng.SuiteRunner.<init>(SuiteRunner.java:115)
	at org.testng.TestNG.createSuiteRunner(TestNG.java:1349)
	at org.testng.TestNG.createSuiteRunners(TestNG.java:1325)
	at org.testng.TestNG.runSuitesLocally(TestNG.java:1167)
	at org.testng.TestNG.runSuites(TestNG.java:1099)
	at org.testng.TestNG.run(TestNG.java:1067)
	at org.apache.maven.surefire.testng.TestNGExecutor.run(TestNGExecutor.java:324)
	at org.apache.maven.surefire.testng.TestNGXmlTestSuite.execute(TestNGXmlTestSuite.java:74)
	at org.apache.maven.surefire.testng.TestNGProvider.invoke(TestNGProvider.java:123)
	at org.apache.maven.surefire.booter.ForkedBooter.runSuitesInProcess(ForkedBooter.java:456)
	at org.apache.maven.surefire.booter.ForkedBooter.execute(ForkedBooter.java:169)
	at org.apache.maven.surefire.booter.ForkedBooter.run(ForkedBooter.java:595)
	at org.apache.maven.surefire.booter.ForkedBooter.main(ForkedBooter.java:581)

2023-02-13 11:57:16,160 main ERROR Could not create plugin of type class org.apache.logging.log4j.core.appender.RollingFileAppender for element RollingFile: java.lang.IllegalStateException: ManagerFactory [org.apache.logging.log4j.core.appender.rolling.RollingFileManager$RollingFileManagerFactory@4e6d7365] unable to create manager for [./results/logs/${ctx:threadName}.log] with data [org.apache.logging.log4j.core.appender.rolling.RollingFileManager$FactoryData@74db12c2[pattern=./results/logs/${ctx:threadName}-%d{yyyy-MM-dd}.log, append=true, bufferedIO=true, bufferSize=8192, policy=SizeBasedTriggeringPolicy(size=512000), strategy=DefaultRolloverStrategy(min=1, max=7, useMax=true), advertiseURI=null, layout=%d{HH:mm:ss.SSS} [%t] %-5level %logger{36} - %msg%n, filePermissions=null, fileOwner=null]] java.lang.IllegalStateException: ManagerFactory [org.apache.logging.log4j.core.appender.rolling.RollingFileManager$RollingFileManagerFactory@4e6d7365] unable to create manager for [./results/logs/${ctx:threadName}.log] with data [org.apache.logging.log4j.core.appender.rolling.RollingFileManager$FactoryData@74db12c2[pattern=./results/logs/${ctx:threadName}-%d{yyyy-MM-dd}.log, append=true, bufferedIO=true, bufferSize=8192, policy=SizeBasedTriggeringPolicy(size=512000), strategy=DefaultRolloverStrategy(min=1, max=7, useMax=true), advertiseURI=null, layout=%d{HH:mm:ss.SSS} [%t] %-5level %logger{36} - %msg%n, filePermissions=null, fileOwner=null]]
	at org.apache.logging.log4j.core.appender.AbstractManager.getManager(AbstractManager.java:146)
	at org.apache.logging.log4j.core.appender.OutputStreamManager.getManager(OutputStreamManager.java:100)
	at org.apache.logging.log4j.core.appender.rolling.RollingFileManager.getFileManager(RollingFileManager.java:217)
	at org.apache.logging.log4j.core.appender.RollingFileAppender$Builder.build(RollingFileAppender.java:135)
	at org.apache.logging.log4j.core.appender.RollingFileAppender$Builder.build(RollingFileAppender.java:62)
	at org.apache.logging.log4j.core.config.plugins.util.PluginBuilder.build(PluginBuilder.java:124)
	at org.apache.logging.log4j.core.config.AbstractConfiguration.createPluginObject(AbstractConfiguration.java:1138)
	at org.apache.logging.log4j.core.config.AbstractConfiguration.createConfiguration(AbstractConfiguration.java:1063)
	at org.apache.logging.log4j.core.appender.routing.RoutingAppender.createAppender(RoutingAppender.java:310)
	at org.apache.logging.log4j.core.appender.routing.RoutingAppender.getControl(RoutingAppender.java:282)
	at org.apache.logging.log4j.core.appender.routing.RoutingAppender.append(RoutingAppender.java:240)
	at org.apache.logging.log4j.core.config.AppenderControl.tryCallAppender(AppenderControl.java:161)
	at org.apache.logging.log4j.core.config.AppenderControl.callAppender0(AppenderControl.java:134)
	at org.apache.logging.log4j.core.config.AppenderControl.callAppenderPreventRecursion(AppenderControl.java:125)
	at org.apache.logging.log4j.core.config.AppenderControl.callAppender(AppenderControl.java:89)
	at org.apache.logging.log4j.core.config.LoggerConfig.callAppenders(LoggerConfig.java:683)
	at org.apache.logging.log4j.core.config.LoggerConfig.processLogEvent(LoggerConfig.java:641)
	at org.apache.logging.log4j.core.config.LoggerConfig.log(LoggerConfig.java:624)
	at org.apache.logging.log4j.core.config.LoggerConfig.log(LoggerConfig.java:560)
	at org.apache.logging.log4j.core.config.AwaitCompletionReliabilityStrategy.log(AwaitCompletionReliabilityStrategy.java:82)
	at org.apache.logging.log4j.core.Logger.log(Logger.java:162)
	at org.apache.logging.log4j.spi.AbstractLogger.logMessage(AbstractLogger.java:2106)
	at org.apache.logging.log4j.internal.DefaultLogBuilder.logMessage(DefaultLogBuilder.java:241)
	at org.apache.logging.log4j.internal.DefaultLogBuilder.log(DefaultLogBuilder.java:162)
	at org.apache.poi.openxml4j.opc.PackageRelationshipCollection.parseRelationshipsPart(PackageRelationshipCollection.java:309)
	at org.apache.poi.openxml4j.opc.PackageRelationshipCollection.<init>(PackageRelationshipCollection.java:160)
	at org.apache.poi.openxml4j.opc.PackageRelationshipCollection.<init>(PackageRelationshipCollection.java:130)
	at org.apache.poi.openxml4j.opc.PackagePart.loadRelationships(PackagePart.java:565)
	at org.apache.poi.openxml4j.opc.OPCPackage.getParts(OPCPackage.java:751)
	at org.apache.poi.openxml4j.opc.OPCPackage.open(OPCPackage.java:322)
	at org.apache.poi.ooxml.util.PackageHelper.open(PackageHelper.java:59)
	at org.apache.poi.xssf.usermodel.XSSFWorkbook.<init>(XSSFWorkbook.java:290)
	at org.apache.poi.xssf.usermodel.XSSFWorkbook.<init>(XSSFWorkbook.java:286)
	at externalResources.ExcelDataRead.<init>(ExcelDataRead.java:22)
	at listeners.AnnotationsTransformer.toBeExecuted(AnnotationsTransformer.java:36)
	at listeners.AnnotationsTransformer.transform(AnnotationsTransformer.java:24)
	at org.testng.internal.annotations.JDK15AnnotationFinder.transform(JDK15AnnotationFinder.java:172)
	at org.testng.internal.annotations.JDK15AnnotationFinder.lambda$findAnnotation$0(JDK15AnnotationFinder.java:279)
	at java.base/java.util.concurrent.ConcurrentHashMap.computeIfAbsent(ConcurrentHashMap.java:1705)
	at org.testng.internal.annotations.JDK15AnnotationFinder.findAnnotation(JDK15AnnotationFinder.java:275)
	at org.testng.internal.annotations.JDK15AnnotationFinder.findAnnotation(JDK15AnnotationFinder.java:113)
	at org.testng.internal.TestNGClassFinder.isTestNGClass(TestNGClassFinder.java:275)
	at org.testng.internal.TestNGClassFinder.isNotTestNGClass(TestNGClassFinder.java:260)
	at org.testng.internal.TestNGClassFinder.processClass(TestNGClassFinder.java:94)
	at org.testng.internal.TestNGClassFinder.<init>(TestNGClassFinder.java:67)
	at org.testng.TestRunner.initMethods(TestRunner.java:442)
	at org.testng.TestRunner.init(TestRunner.java:336)
	at org.testng.TestRunner.init(TestRunner.java:289)
	at org.testng.TestRunner.<init>(TestRunner.java:179)
	at org.testng.SuiteRunner$DefaultTestRunnerFactory.newTestRunner(SuiteRunner.java:643)
	at org.testng.SuiteRunner.init(SuiteRunner.java:225)
	at org.testng.SuiteRunner.<init>(SuiteRunner.java:115)
	at org.testng.TestNG.createSuiteRunner(TestNG.java:1349)
	at org.testng.TestNG.createSuiteRunners(TestNG.java:1325)
	at org.testng.TestNG.runSuitesLocally(TestNG.java:1167)
	at org.testng.TestNG.runSuites(TestNG.java:1099)
	at org.testng.TestNG.run(TestNG.java:1067)
	at org.apache.maven.surefire.testng.TestNGExecutor.run(TestNGExecutor.java:324)
	at org.apache.maven.surefire.testng.TestNGXmlTestSuite.execute(TestNGXmlTestSuite.java:74)
	at org.apache.maven.surefire.testng.TestNGProvider.invoke(TestNGProvider.java:123)
	at org.apache.maven.surefire.booter.ForkedBooter.runSuitesInProcess(ForkedBooter.java:456)
	at org.apache.maven.surefire.booter.ForkedBooter.execute(ForkedBooter.java:169)
	at org.apache.maven.surefire.booter.ForkedBooter.run(ForkedBooter.java:595)
	at org.apache.maven.surefire.booter.ForkedBooter.main(ForkedBooter.java:581)

2023-02-13 11:57:16,160 main ERROR Unable to invoke factory method in class org.apache.logging.log4j.core.appender.RollingFileAppender for element RollingFile: java.lang.IllegalStateException: No factory method found for class org.apache.logging.log4j.core.appender.RollingFileAppender java.lang.IllegalStateException: No factory method found for class org.apache.logging.log4j.core.appender.RollingFileAppender
	at org.apache.logging.log4j.core.config.plugins.util.PluginBuilder.findFactoryMethod(PluginBuilder.java:260)
	at org.apache.logging.log4j.core.config.plugins.util.PluginBuilder.build(PluginBuilder.java:136)
	at org.apache.logging.log4j.core.config.AbstractConfiguration.createPluginObject(AbstractConfiguration.java:1138)
	at org.apache.logging.log4j.core.config.AbstractConfiguration.createConfiguration(AbstractConfiguration.java:1063)
	at org.apache.logging.log4j.core.appender.routing.RoutingAppender.createAppender(RoutingAppender.java:310)
	at org.apache.logging.log4j.core.appender.routing.RoutingAppender.getControl(RoutingAppender.java:282)
	at org.apache.logging.log4j.core.appender.routing.RoutingAppender.append(RoutingAppender.java:240)
	at org.apache.logging.log4j.core.config.AppenderControl.tryCallAppender(AppenderControl.java:161)
	at org.apache.logging.log4j.core.config.AppenderControl.callAppender0(AppenderControl.java:134)
	at org.apache.logging.log4j.core.config.AppenderControl.callAppenderPreventRecursion(AppenderControl.java:125)
	at org.apache.logging.log4j.core.config.AppenderControl.callAppender(AppenderControl.java:89)
	at org.apache.logging.log4j.core.config.LoggerConfig.callAppenders(LoggerConfig.java:683)
	at org.apache.logging.log4j.core.config.LoggerConfig.processLogEvent(LoggerConfig.java:641)
	at org.apache.logging.log4j.core.config.LoggerConfig.log(LoggerConfig.java:624)
	at org.apache.logging.log4j.core.config.LoggerConfig.log(LoggerConfig.java:560)
	at org.apache.logging.log4j.core.config.AwaitCompletionReliabilityStrategy.log(AwaitCompletionReliabilityStrategy.java:82)
	at org.apache.logging.log4j.core.Logger.log(Logger.java:162)
	at org.apache.logging.log4j.spi.AbstractLogger.logMessage(AbstractLogger.java:2106)
	at org.apache.logging.log4j.internal.DefaultLogBuilder.logMessage(DefaultLogBuilder.java:241)
	at org.apache.logging.log4j.internal.DefaultLogBuilder.log(DefaultLogBuilder.java:162)
	at org.apache.poi.openxml4j.opc.PackageRelationshipCollection.parseRelationshipsPart(PackageRelationshipCollection.java:309)
	at org.apache.poi.openxml4j.opc.PackageRelationshipCollection.<init>(PackageRelationshipCollection.java:160)
	at org.apache.poi.openxml4j.opc.PackageRelationshipCollection.<init>(PackageRelationshipCollection.java:130)
	at org.apache.poi.openxml4j.opc.PackagePart.loadRelationships(PackagePart.java:565)
	at org.apache.poi.openxml4j.opc.OPCPackage.getParts(OPCPackage.java:751)
	at org.apache.poi.openxml4j.opc.OPCPackage.open(OPCPackage.java:322)
	at org.apache.poi.ooxml.util.PackageHelper.open(PackageHelper.java:59)
	at org.apache.poi.xssf.usermodel.XSSFWorkbook.<init>(XSSFWorkbook.java:290)
	at org.apache.poi.xssf.usermodel.XSSFWorkbook.<init>(XSSFWorkbook.java:286)
	at externalResources.ExcelDataRead.<init>(ExcelDataRead.java:22)
	at listeners.AnnotationsTransformer.toBeExecuted(AnnotationsTransformer.java:36)
	at listeners.AnnotationsTransformer.transform(AnnotationsTransformer.java:24)
	at org.testng.internal.annotations.JDK15AnnotationFinder.transform(JDK15AnnotationFinder.java:172)
	at org.testng.internal.annotations.JDK15AnnotationFinder.lambda$findAnnotation$0(JDK15AnnotationFinder.java:279)
	at java.base/java.util.concurrent.ConcurrentHashMap.computeIfAbsent(ConcurrentHashMap.java:1705)
	at org.testng.internal.annotations.JDK15AnnotationFinder.findAnnotation(JDK15AnnotationFinder.java:275)
	at org.testng.internal.annotations.JDK15AnnotationFinder.findAnnotation(JDK15AnnotationFinder.java:113)
	at org.testng.internal.TestNGClassFinder.isTestNGClass(TestNGClassFinder.java:275)
	at org.testng.internal.TestNGClassFinder.isNotTestNGClass(TestNGClassFinder.java:260)
	at org.testng.internal.TestNGClassFinder.processClass(TestNGClassFinder.java:94)
	at org.testng.internal.TestNGClassFinder.<init>(TestNGClassFinder.java:67)
	at org.testng.TestRunner.initMethods(TestRunner.java:442)
	at org.testng.TestRunner.init(TestRunner.java:336)
	at org.testng.TestRunner.init(TestRunner.java:289)
	at org.testng.TestRunner.<init>(TestRunner.java:179)
	at org.testng.SuiteRunner$DefaultTestRunnerFactory.newTestRunner(SuiteRunner.java:643)
	at org.testng.SuiteRunner.init(SuiteRunner.java:225)
	at org.testng.SuiteRunner.<init>(SuiteRunner.java:115)
	at org.testng.TestNG.createSuiteRunner(TestNG.java:1349)
	at org.testng.TestNG.createSuiteRunners(TestNG.java:1325)
	at org.testng.TestNG.runSuitesLocally(TestNG.java:1167)
	at org.testng.TestNG.runSuites(TestNG.java:1099)
	at org.testng.TestNG.run(TestNG.java:1067)
	at org.apache.maven.surefire.testng.TestNGExecutor.run(TestNGExecutor.java:324)
	at org.apache.maven.surefire.testng.TestNGXmlTestSuite.execute(TestNGXmlTestSuite.java:74)
	at org.apache.maven.surefire.testng.TestNGProvider.invoke(TestNGProvider.java:123)
	at org.apache.maven.surefire.booter.ForkedBooter.runSuitesInProcess(ForkedBooter.java:456)
	at org.apache.maven.surefire.booter.ForkedBooter.execute(ForkedBooter.java:169)
	at org.apache.maven.surefire.booter.ForkedBooter.run(ForkedBooter.java:595)
	at org.apache.maven.surefire.booter.ForkedBooter.main(ForkedBooter.java:581)

2023-02-13 11:57:16,167 main ERROR Unable to create file ./results/logs/${ctx:threadName}.log java.io.IOException: The filename, directory name, or volume label syntax is incorrect
	at java.base/java.io.WinNTFileSystem.canonicalize0(Native Method)
	at java.base/java.io.WinNTFileSystem.canonicalize(WinNTFileSystem.java:483)
	at java.base/java.io.File.getCanonicalPath(File.java:626)
	at java.base/java.io.File.getCanonicalFile(File.java:651)
	at org.apache.logging.log4j.core.util.FileUtils.makeParentDirs(FileUtils.java:139)
	at org.apache.logging.log4j.core.appender.rolling.RollingFileManager$RollingFileManagerFactory.createManager(RollingFileManager.java:734)
	at org.apache.logging.log4j.core.appender.rolling.RollingFileManager$RollingFileManagerFactory.createManager(RollingFileManager.java:718)
	at org.apache.logging.log4j.core.appender.AbstractManager.getManager(AbstractManager.java:144)
	at org.apache.logging.log4j.core.appender.OutputStreamManager.getManager(OutputStreamManager.java:100)
	at org.apache.logging.log4j.core.appender.rolling.RollingFileManager.getFileManager(RollingFileManager.java:217)
	at org.apache.logging.log4j.core.appender.RollingFileAppender$Builder.build(RollingFileAppender.java:135)
	at org.apache.logging.log4j.core.appender.RollingFileAppender$Builder.build(RollingFileAppender.java:62)
	at org.apache.logging.log4j.core.config.plugins.util.PluginBuilder.build(PluginBuilder.java:124)
	at org.apache.logging.log4j.core.config.AbstractConfiguration.createPluginObject(AbstractConfiguration.java:1138)
	at org.apache.logging.log4j.core.config.AbstractConfiguration.createConfiguration(AbstractConfiguration.java:1063)
	at org.apache.logging.log4j.core.appender.routing.RoutingAppender.createAppender(RoutingAppender.java:310)
	at org.apache.logging.log4j.core.appender.routing.RoutingAppender.getControl(RoutingAppender.java:282)
	at org.apache.logging.log4j.core.appender.routing.RoutingAppender.append(RoutingAppender.java:240)
	at org.apache.logging.log4j.core.config.AppenderControl.tryCallAppender(AppenderControl.java:161)
	at org.apache.logging.log4j.core.config.AppenderControl.callAppender0(AppenderControl.java:134)
	at org.apache.logging.log4j.core.config.AppenderControl.callAppenderPreventRecursion(AppenderControl.java:125)
	at org.apache.logging.log4j.core.config.AppenderControl.callAppender(AppenderControl.java:89)
	at org.apache.logging.log4j.core.config.LoggerConfig.callAppenders(LoggerConfig.java:683)
	at org.apache.logging.log4j.core.config.LoggerConfig.processLogEvent(LoggerConfig.java:641)
	at org.apache.logging.log4j.core.config.LoggerConfig.log(LoggerConfig.java:624)
	at org.apache.logging.log4j.core.config.LoggerConfig.log(LoggerConfig.java:560)
	at org.apache.logging.log4j.core.config.AwaitCompletionReliabilityStrategy.log(AwaitCompletionReliabilityStrategy.java:82)
	at org.apache.logging.log4j.core.Logger.log(Logger.java:162)
	at org.apache.logging.log4j.spi.AbstractLogger.logMessage(AbstractLogger.java:2106)
	at org.apache.logging.log4j.internal.DefaultLogBuilder.logMessage(DefaultLogBuilder.java:241)
	at org.apache.logging.log4j.internal.DefaultLogBuilder.log(DefaultLogBuilder.java:162)
	at org.apache.poi.openxml4j.opc.PackageRelationshipCollection.parseRelationshipsPart(PackageRelationshipCollection.java:309)
	at org.apache.poi.openxml4j.opc.PackageRelationshipCollection.<init>(PackageRelationshipCollection.java:160)
	at org.apache.poi.openxml4j.opc.PackageRelationshipCollection.<init>(PackageRelationshipCollection.java:130)
	at org.apache.poi.openxml4j.opc.PackagePart.loadRelationships(PackagePart.java:565)
	at org.apache.poi.openxml4j.opc.OPCPackage.getParts(OPCPackage.java:751)
	at org.apache.poi.openxml4j.opc.OPCPackage.open(OPCPackage.java:322)
	at org.apache.poi.ooxml.util.PackageHelper.open(PackageHelper.java:59)
	at org.apache.poi.xssf.usermodel.XSSFWorkbook.<init>(XSSFWorkbook.java:290)
	at org.apache.poi.xssf.usermodel.XSSFWorkbook.<init>(XSSFWorkbook.java:286)
	at externalResources.ExcelDataRead.<init>(ExcelDataRead.java:22)
	at listeners.AnnotationsTransformer.toBeExecuted(AnnotationsTransformer.java:36)
	at listeners.AnnotationsTransformer.transform(AnnotationsTransformer.java:24)
	at org.testng.internal.annotations.JDK15AnnotationFinder.transform(JDK15AnnotationFinder.java:172)
	at org.testng.internal.annotations.JDK15AnnotationFinder.lambda$findAnnotation$0(JDK15AnnotationFinder.java:279)
	at java.base/java.util.concurrent.ConcurrentHashMap.computeIfAbsent(ConcurrentHashMap.java:1705)
	at org.testng.internal.annotations.JDK15AnnotationFinder.findAnnotation(JDK15AnnotationFinder.java:275)
	at org.testng.internal.annotations.JDK15AnnotationFinder.findAnnotation(JDK15AnnotationFinder.java:113)
	at org.testng.internal.TestNGClassFinder.isTestNGClass(TestNGClassFinder.java:275)
	at org.testng.internal.TestNGClassFinder.isNotTestNGClass(TestNGClassFinder.java:260)
	at org.testng.internal.TestNGClassFinder.processClass(TestNGClassFinder.java:94)
	at org.testng.internal.TestNGClassFinder.<init>(TestNGClassFinder.java:67)
	at org.testng.TestRunner.initMethods(TestRunner.java:442)
	at org.testng.TestRunner.init(TestRunner.java:336)
	at org.testng.TestRunner.init(TestRunner.java:289)
	at org.testng.TestRunner.<init>(TestRunner.java:179)
	at org.testng.SuiteRunner$DefaultTestRunnerFactory.newTestRunner(SuiteRunner.java:643)
	at org.testng.SuiteRunner.init(SuiteRunner.java:225)
	at org.testng.SuiteRunner.<init>(SuiteRunner.java:115)
	at org.testng.TestNG.createSuiteRunner(TestNG.java:1349)
	at org.testng.TestNG.createSuiteRunners(TestNG.java:1325)
	at org.testng.TestNG.runSuitesLocally(TestNG.java:1167)
	at org.testng.TestNG.runSuites(TestNG.java:1099)
	at org.testng.TestNG.run(TestNG.java:1067)
	at org.apache.maven.surefire.testng.TestNGExecutor.run(TestNGExecutor.java:324)
	at org.apache.maven.surefire.testng.TestNGXmlTestSuite.execute(TestNGXmlTestSuite.java:74)
	at org.apache.maven.surefire.testng.TestNGProvider.invoke(TestNGProvider.java:123)
	at org.apache.maven.surefire.booter.ForkedBooter.runSuitesInProcess(ForkedBooter.java:456)
	at org.apache.maven.surefire.booter.ForkedBooter.execute(ForkedBooter.java:169)
	at org.apache.maven.surefire.booter.ForkedBooter.run(ForkedBooter.java:595)
	at org.apache.maven.surefire.booter.ForkedBooter.main(ForkedBooter.java:581)

2023-02-13 11:57:16,167 main ERROR Could not create plugin of type class org.apache.logging.log4j.core.appender.RollingFileAppender for element RollingFile: java.lang.IllegalStateException: ManagerFactory [org.apache.logging.log4j.core.appender.rolling.RollingFileManager$RollingFileManagerFactory@4e6d7365] unable to create manager for [./results/logs/${ctx:threadName}.log] with data [org.apache.logging.log4j.core.appender.rolling.RollingFileManager$FactoryData@b174a73[pattern=./results/logs/${ctx:threadName}-%d{yyyy-MM-dd}.log, append=true, bufferedIO=true, bufferSize=8192, policy=SizeBasedTriggeringPolicy(size=512000), strategy=DefaultRolloverStrategy(min=1, max=7, useMax=true), advertiseURI=null, layout=%d{HH:mm:ss.SSS} [%t] %-5level %logger{36} - %msg%n, filePermissions=null, fileOwner=null]] java.lang.IllegalStateException: ManagerFactory [org.apache.logging.log4j.core.appender.rolling.RollingFileManager$RollingFileManagerFactory@4e6d7365] unable to create manager for [./results/logs/${ctx:threadName}.log] with data [org.apache.logging.log4j.core.appender.rolling.RollingFileManager$FactoryData@b174a73[pattern=./results/logs/${ctx:threadName}-%d{yyyy-MM-dd}.log, append=true, bufferedIO=true, bufferSize=8192, policy=SizeBasedTriggeringPolicy(size=512000), strategy=DefaultRolloverStrategy(min=1, max=7, useMax=true), advertiseURI=null, layout=%d{HH:mm:ss.SSS} [%t] %-5level %logger{36} - %msg%n, filePermissions=null, fileOwner=null]]
	at org.apache.logging.log4j.core.appender.AbstractManager.getManager(AbstractManager.java:146)
	at org.apache.logging.log4j.core.appender.OutputStreamManager.getManager(OutputStreamManager.java:100)
	at org.apache.logging.log4j.core.appender.rolling.RollingFileManager.getFileManager(RollingFileManager.java:217)
	at org.apache.logging.log4j.core.appender.RollingFileAppender$Builder.build(RollingFileAppender.java:135)
	at org.apache.logging.log4j.core.appender.RollingFileAppender$Builder.build(RollingFileAppender.java:62)
	at org.apache.logging.log4j.core.config.plugins.util.PluginBuilder.build(PluginBuilder.java:124)
	at org.apache.logging.log4j.core.config.AbstractConfiguration.createPluginObject(AbstractConfiguration.java:1138)
	at org.apache.logging.log4j.core.config.AbstractConfiguration.createConfiguration(AbstractConfiguration.java:1063)
	at org.apache.logging.log4j.core.appender.routing.RoutingAppender.createAppender(RoutingAppender.java:310)
	at org.apache.logging.log4j.core.appender.routing.RoutingAppender.getControl(RoutingAppender.java:282)
	at org.apache.logging.log4j.core.appender.routing.RoutingAppender.append(RoutingAppender.java:240)
	at org.apache.logging.log4j.core.config.AppenderControl.tryCallAppender(AppenderControl.java:161)
	at org.apache.logging.log4j.core.config.AppenderControl.callAppender0(AppenderControl.java:134)
	at org.apache.logging.log4j.core.config.AppenderControl.callAppenderPreventRecursion(AppenderControl.java:125)
	at org.apache.logging.log4j.core.config.AppenderControl.callAppender(AppenderControl.java:89)
	at org.apache.logging.log4j.core.config.LoggerConfig.callAppenders(LoggerConfig.java:683)
	at org.apache.logging.log4j.core.config.LoggerConfig.processLogEvent(LoggerConfig.java:641)
	at org.apache.logging.log4j.core.config.LoggerConfig.log(LoggerConfig.java:624)
	at org.apache.logging.log4j.core.config.LoggerConfig.log(LoggerConfig.java:560)
	at org.apache.logging.log4j.core.config.AwaitCompletionReliabilityStrategy.log(AwaitCompletionReliabilityStrategy.java:82)
	at org.apache.logging.log4j.core.Logger.log(Logger.java:162)
	at org.apache.logging.log4j.spi.AbstractLogger.logMessage(AbstractLogger.java:2106)
	at org.apache.logging.log4j.internal.DefaultLogBuilder.logMessage(DefaultLogBuilder.java:241)
	at org.apache.logging.log4j.internal.DefaultLogBuilder.log(DefaultLogBuilder.java:162)
	at org.apache.poi.openxml4j.opc.PackageRelationshipCollection.parseRelationshipsPart(PackageRelationshipCollection.java:309)
	at org.apache.poi.openxml4j.opc.PackageRelationshipCollection.<init>(PackageRelationshipCollection.java:160)
	at org.apache.poi.openxml4j.opc.PackageRelationshipCollection.<init>(PackageRelationshipCollection.java:130)
	at org.apache.poi.openxml4j.opc.PackagePart.loadRelationships(PackagePart.java:565)
	at org.apache.poi.openxml4j.opc.OPCPackage.getParts(OPCPackage.java:751)
	at org.apache.poi.openxml4j.opc.OPCPackage.open(OPCPackage.java:322)
	at org.apache.poi.ooxml.util.PackageHelper.open(PackageHelper.java:59)
	at org.apache.poi.xssf.usermodel.XSSFWorkbook.<init>(XSSFWorkbook.java:290)
	at org.apache.poi.xssf.usermodel.XSSFWorkbook.<init>(XSSFWorkbook.java:286)
	at externalResources.ExcelDataRead.<init>(ExcelDataRead.java:22)
	at listeners.AnnotationsTransformer.toBeExecuted(AnnotationsTransformer.java:36)
	at listeners.AnnotationsTransformer.transform(AnnotationsTransformer.java:24)
	at org.testng.internal.annotations.JDK15AnnotationFinder.transform(JDK15AnnotationFinder.java:172)
	at org.testng.internal.annotations.JDK15AnnotationFinder.lambda$findAnnotation$0(JDK15AnnotationFinder.java:279)
	at java.base/java.util.concurrent.ConcurrentHashMap.computeIfAbsent(ConcurrentHashMap.java:1705)
	at org.testng.internal.annotations.JDK15AnnotationFinder.findAnnotation(JDK15AnnotationFinder.java:275)
	at org.testng.internal.annotations.JDK15AnnotationFinder.findAnnotation(JDK15AnnotationFinder.java:113)
	at org.testng.internal.TestNGClassFinder.isTestNGClass(TestNGClassFinder.java:275)
	at org.testng.internal.TestNGClassFinder.isNotTestNGClass(TestNGClassFinder.java:260)
	at org.testng.internal.TestNGClassFinder.processClass(TestNGClassFinder.java:94)
	at org.testng.internal.TestNGClassFinder.<init>(TestNGClassFinder.java:67)
	at org.testng.TestRunner.initMethods(TestRunner.java:442)
	at org.testng.TestRunner.init(TestRunner.java:336)
	at org.testng.TestRunner.init(TestRunner.java:289)
	at org.testng.TestRunner.<init>(TestRunner.java:179)
	at org.testng.SuiteRunner$DefaultTestRunnerFactory.newTestRunner(SuiteRunner.java:643)
	at org.testng.SuiteRunner.init(SuiteRunner.java:225)
	at org.testng.SuiteRunner.<init>(SuiteRunner.java:115)
	at org.testng.TestNG.createSuiteRunner(TestNG.java:1349)
	at org.testng.TestNG.createSuiteRunners(TestNG.java:1325)
	at org.testng.TestNG.runSuitesLocally(TestNG.java:1167)
	at org.testng.TestNG.runSuites(TestNG.java:1099)
	at org.testng.TestNG.run(TestNG.java:1067)
	at org.apache.maven.surefire.testng.TestNGExecutor.run(TestNGExecutor.java:324)
	at org.apache.maven.surefire.testng.TestNGXmlTestSuite.execute(TestNGXmlTestSuite.java:74)
	at org.apache.maven.surefire.testng.TestNGProvider.invoke(TestNGProvider.java:123)
	at org.apache.maven.surefire.booter.ForkedBooter.runSuitesInProcess(ForkedBooter.java:456)
	at org.apache.maven.surefire.booter.ForkedBooter.execute(ForkedBooter.java:169)
	at org.apache.maven.surefire.booter.ForkedBooter.run(ForkedBooter.java:595)
	at org.apache.maven.surefire.booter.ForkedBooter.main(ForkedBooter.java:581)

2023-02-13 11:57:16,168 main ERROR Unable to invoke factory method in class org.apache.logging.log4j.core.appender.RollingFileAppender for element RollingFile: java.lang.IllegalStateException: No factory method found for class org.apache.logging.log4j.core.appender.RollingFileAppender java.lang.IllegalStateException: No factory method found for class org.apache.logging.log4j.core.appender.RollingFileAppender
	at org.apache.logging.log4j.core.config.plugins.util.PluginBuilder.findFactoryMethod(PluginBuilder.java:260)
	at org.apache.logging.log4j.core.config.plugins.util.PluginBuilder.build(PluginBuilder.java:136)
	at org.apache.logging.log4j.core.config.AbstractConfiguration.createPluginObject(AbstractConfiguration.java:1138)
	at org.apache.logging.log4j.core.config.AbstractConfiguration.createConfiguration(AbstractConfiguration.java:1063)
	at org.apache.logging.log4j.core.appender.routing.RoutingAppender.createAppender(RoutingAppender.java:310)
	at org.apache.logging.log4j.core.appender.routing.RoutingAppender.getControl(RoutingAppender.java:282)
	at org.apache.logging.log4j.core.appender.routing.RoutingAppender.append(RoutingAppender.java:240)
	at org.apache.logging.log4j.core.config.AppenderControl.tryCallAppender(AppenderControl.java:161)
	at org.apache.logging.log4j.core.config.AppenderControl.callAppender0(AppenderControl.java:134)
	at org.apache.logging.log4j.core.config.AppenderControl.callAppenderPreventRecursion(AppenderControl.java:125)
	at org.apache.logging.log4j.core.config.AppenderControl.callAppender(AppenderControl.java:89)
	at org.apache.logging.log4j.core.config.LoggerConfig.callAppenders(LoggerConfig.java:683)
	at org.apache.logging.log4j.core.config.LoggerConfig.processLogEvent(LoggerConfig.java:641)
	at org.apache.logging.log4j.core.config.LoggerConfig.log(LoggerConfig.java:624)
	at org.apache.logging.log4j.core.config.LoggerConfig.log(LoggerConfig.java:560)
	at org.apache.logging.log4j.core.config.AwaitCompletionReliabilityStrategy.log(AwaitCompletionReliabilityStrategy.java:82)
	at org.apache.logging.log4j.core.Logger.log(Logger.java:162)
	at org.apache.logging.log4j.spi.AbstractLogger.logMessage(AbstractLogger.java:2106)
	at org.apache.logging.log4j.internal.DefaultLogBuilder.logMessage(DefaultLogBuilder.java:241)
	at org.apache.logging.log4j.internal.DefaultLogBuilder.log(DefaultLogBuilder.java:162)
	at org.apache.poi.openxml4j.opc.PackageRelationshipCollection.parseRelationshipsPart(PackageRelationshipCollection.java:309)
	at org.apache.poi.openxml4j.opc.PackageRelationshipCollection.<init>(PackageRelationshipCollection.java:160)
	at org.apache.poi.openxml4j.opc.PackageRelationshipCollection.<init>(PackageRelationshipCollection.java:130)
	at org.apache.poi.openxml4j.opc.PackagePart.loadRelationships(PackagePart.java:565)
	at org.apache.poi.openxml4j.opc.OPCPackage.getParts(OPCPackage.java:751)
	at org.apache.poi.openxml4j.opc.OPCPackage.open(OPCPackage.java:322)
	at org.apache.poi.ooxml.util.PackageHelper.open(PackageHelper.java:59)
	at org.apache.poi.xssf.usermodel.XSSFWorkbook.<init>(XSSFWorkbook.java:290)
	at org.apache.poi.xssf.usermodel.XSSFWorkbook.<init>(XSSFWorkbook.java:286)
	at externalResources.ExcelDataRead.<init>(ExcelDataRead.java:22)
	at listeners.AnnotationsTransformer.toBeExecuted(AnnotationsTransformer.java:36)
	at listeners.AnnotationsTransformer.transform(AnnotationsTransformer.java:24)
	at org.testng.internal.annotations.JDK15AnnotationFinder.transform(JDK15AnnotationFinder.java:172)
	at org.testng.internal.annotations.JDK15AnnotationFinder.lambda$findAnnotation$0(JDK15AnnotationFinder.java:279)
	at java.base/java.util.concurrent.ConcurrentHashMap.computeIfAbsent(ConcurrentHashMap.java:1705)
	at org.testng.internal.annotations.JDK15AnnotationFinder.findAnnotation(JDK15AnnotationFinder.java:275)
	at org.testng.internal.annotations.JDK15AnnotationFinder.findAnnotation(JDK15AnnotationFinder.java:113)
	at org.testng.internal.TestNGClassFinder.isTestNGClass(TestNGClassFinder.java:275)
	at org.testng.internal.TestNGClassFinder.isNotTestNGClass(TestNGClassFinder.java:260)
	at org.testng.internal.TestNGClassFinder.processClass(TestNGClassFinder.java:94)
	at org.testng.internal.TestNGClassFinder.<init>(TestNGClassFinder.java:67)
	at org.testng.TestRunner.initMethods(TestRunner.java:442)
	at org.testng.TestRunner.init(TestRunner.java:336)
	at org.testng.TestRunner.init(TestRunner.java:289)
	at org.testng.TestRunner.<init>(TestRunner.java:179)
	at org.testng.SuiteRunner$DefaultTestRunnerFactory.newTestRunner(SuiteRunner.java:643)
	at org.testng.SuiteRunner.init(SuiteRunner.java:225)
	at org.testng.SuiteRunner.<init>(SuiteRunner.java:115)
	at org.testng.TestNG.createSuiteRunner(TestNG.java:1349)
	at org.testng.TestNG.createSuiteRunners(TestNG.java:1325)
	at org.testng.TestNG.runSuitesLocally(TestNG.java:1167)
	at org.testng.TestNG.runSuites(TestNG.java:1099)
	at org.testng.TestNG.run(TestNG.java:1067)
	at org.apache.maven.surefire.testng.TestNGExecutor.run(TestNGExecutor.java:324)
	at org.apache.maven.surefire.testng.TestNGXmlTestSuite.execute(TestNGXmlTestSuite.java:74)
	at org.apache.maven.surefire.testng.TestNGProvider.invoke(TestNGProvider.java:123)
	at org.apache.maven.surefire.booter.ForkedBooter.runSuitesInProcess(ForkedBooter.java:456)
	at org.apache.maven.surefire.booter.ForkedBooter.execute(ForkedBooter.java:169)
	at org.apache.maven.surefire.booter.ForkedBooter.run(ForkedBooter.java:595)
	at org.apache.maven.surefire.booter.ForkedBooter.main(ForkedBooter.java:581)

2023-02-13 11:57:16,172 main ERROR Unable to create file ./results/logs/${ctx:threadName}.log java.io.IOException: The filename, directory name, or volume label syntax is incorrect
	at java.base/java.io.WinNTFileSystem.canonicalize0(Native Method)
	at java.base/java.io.WinNTFileSystem.canonicalize(WinNTFileSystem.java:483)
	at java.base/java.io.File.getCanonicalPath(File.java:626)
	at java.base/java.io.File.getCanonicalFile(File.java:651)
	at org.apache.logging.log4j.core.util.FileUtils.makeParentDirs(FileUtils.java:139)
	at org.apache.logging.log4j.core.appender.rolling.RollingFileManager$RollingFileManagerFactory.createManager(RollingFileManager.java:734)
	at org.apache.logging.log4j.core.appender.rolling.RollingFileManager$RollingFileManagerFactory.createManager(RollingFileManager.java:718)
	at org.apache.logging.log4j.core.appender.AbstractManager.getManager(AbstractManager.java:144)
	at org.apache.logging.log4j.core.appender.OutputStreamManager.getManager(OutputStreamManager.java:100)
	at org.apache.logging.log4j.core.appender.rolling.RollingFileManager.getFileManager(RollingFileManager.java:217)
	at org.apache.logging.log4j.core.appender.RollingFileAppender$Builder.build(RollingFileAppender.java:135)
	at org.apache.logging.log4j.core.appender.RollingFileAppender$Builder.build(RollingFileAppender.java:62)
	at org.apache.logging.log4j.core.config.plugins.util.PluginBuilder.build(PluginBuilder.java:124)
	at org.apache.logging.log4j.core.config.AbstractConfiguration.createPluginObject(AbstractConfiguration.java:1138)
	at org.apache.logging.log4j.core.config.AbstractConfiguration.createConfiguration(AbstractConfiguration.java:1063)
	at org.apache.logging.log4j.core.appender.routing.RoutingAppender.createAppender(RoutingAppender.java:310)
	at org.apache.logging.log4j.core.appender.routing.RoutingAppender.getControl(RoutingAppender.java:282)
	at org.apache.logging.log4j.core.appender.routing.RoutingAppender.append(RoutingAppender.java:240)
	at org.apache.logging.log4j.core.config.AppenderControl.tryCallAppender(AppenderControl.java:161)
	at org.apache.logging.log4j.core.config.AppenderControl.callAppender0(AppenderControl.java:134)
	at org.apache.logging.log4j.core.config.AppenderControl.callAppenderPreventRecursion(AppenderControl.java:125)
	at org.apache.logging.log4j.core.config.AppenderControl.callAppender(AppenderControl.java:89)
	at org.apache.logging.log4j.core.config.LoggerConfig.callAppenders(LoggerConfig.java:683)
	at org.apache.logging.log4j.core.config.LoggerConfig.processLogEvent(LoggerConfig.java:641)
	at org.apache.logging.log4j.core.config.LoggerConfig.log(LoggerConfig.java:624)
	at org.apache.logging.log4j.core.config.LoggerConfig.log(LoggerConfig.java:560)
	at org.apache.logging.log4j.core.config.AwaitCompletionReliabilityStrategy.log(AwaitCompletionReliabilityStrategy.java:82)
	at org.apache.logging.log4j.core.Logger.log(Logger.java:162)
	at org.apache.logging.log4j.spi.AbstractLogger.logMessage(AbstractLogger.java:2106)
	at org.apache.logging.log4j.internal.DefaultLogBuilder.logMessage(DefaultLogBuilder.java:241)
	at org.apache.logging.log4j.internal.DefaultLogBuilder.log(DefaultLogBuilder.java:162)
	at org.apache.poi.openxml4j.opc.PackageRelationshipCollection.parseRelationshipsPart(PackageRelationshipCollection.java:309)
	at org.apache.poi.openxml4j.opc.PackageRelationshipCollection.<init>(PackageRelationshipCollection.java:160)
	at org.apache.poi.openxml4j.opc.PackageRelationshipCollection.<init>(PackageRelationshipCollection.java:130)
	at org.apache.poi.openxml4j.opc.PackagePart.loadRelationships(PackagePart.java:565)
	at org.apache.poi.openxml4j.opc.OPCPackage.getParts(OPCPackage.java:751)
	at org.apache.poi.openxml4j.opc.OPCPackage.open(OPCPackage.java:322)
	at org.apache.poi.ooxml.util.PackageHelper.open(PackageHelper.java:59)
	at org.apache.poi.xssf.usermodel.XSSFWorkbook.<init>(XSSFWorkbook.java:290)
	at org.apache.poi.xssf.usermodel.XSSFWorkbook.<init>(XSSFWorkbook.java:286)
	at externalResources.ExcelDataRead.<init>(ExcelDataRead.java:22)
	at listeners.AnnotationsTransformer.toBeExecuted(AnnotationsTransformer.java:36)
	at listeners.AnnotationsTransformer.transform(AnnotationsTransformer.java:24)
	at org.testng.internal.annotations.JDK15AnnotationFinder.transform(JDK15AnnotationFinder.java:172)
	at org.testng.internal.annotations.JDK15AnnotationFinder.lambda$findAnnotation$0(JDK15AnnotationFinder.java:279)
	at java.base/java.util.concurrent.ConcurrentHashMap.computeIfAbsent(ConcurrentHashMap.java:1705)
	at org.testng.internal.annotations.JDK15AnnotationFinder.findAnnotation(JDK15AnnotationFinder.java:275)
	at org.testng.internal.annotations.JDK15AnnotationFinder.findAnnotation(JDK15AnnotationFinder.java:113)
	at org.testng.internal.TestNGClassFinder.isTestNGClass(TestNGClassFinder.java:275)
	at org.testng.internal.TestNGClassFinder.isNotTestNGClass(TestNGClassFinder.java:260)
	at org.testng.internal.TestNGClassFinder.processClass(TestNGClassFinder.java:94)
	at org.testng.internal.TestNGClassFinder.<init>(TestNGClassFinder.java:67)
	at org.testng.TestRunner.initMethods(TestRunner.java:442)
	at org.testng.TestRunner.init(TestRunner.java:336)
	at org.testng.TestRunner.init(TestRunner.java:289)
	at org.testng.TestRunner.<init>(TestRunner.java:179)
	at org.testng.SuiteRunner$DefaultTestRunnerFactory.newTestRunner(SuiteRunner.java:643)
	at org.testng.SuiteRunner.init(SuiteRunner.java:225)
	at org.testng.SuiteRunner.<init>(SuiteRunner.java:115)
	at org.testng.TestNG.createSuiteRunner(TestNG.java:1349)
	at org.testng.TestNG.createSuiteRunners(TestNG.java:1325)
	at org.testng.TestNG.runSuitesLocally(TestNG.java:1167)
	at org.testng.TestNG.runSuites(TestNG.java:1099)
	at org.testng.TestNG.run(TestNG.java:1067)
	at org.apache.maven.surefire.testng.TestNGExecutor.run(TestNGExecutor.java:324)
	at org.apache.maven.surefire.testng.TestNGXmlTestSuite.execute(TestNGXmlTestSuite.java:74)
	at org.apache.maven.surefire.testng.TestNGProvider.invoke(TestNGProvider.java:123)
	at org.apache.maven.surefire.booter.ForkedBooter.runSuitesInProcess(ForkedBooter.java:456)
	at org.apache.maven.surefire.booter.ForkedBooter.execute(ForkedBooter.java:169)
	at org.apache.maven.surefire.booter.ForkedBooter.run(ForkedBooter.java:595)
	at org.apache.maven.surefire.booter.ForkedBooter.main(ForkedBooter.java:581)

2023-02-13 11:57:16,173 main ERROR Could not create plugin of type class org.apache.logging.log4j.core.appender.RollingFileAppender for element RollingFile: java.lang.IllegalStateException: ManagerFactory [org.apache.logging.log4j.core.appender.rolling.RollingFileManager$RollingFileManagerFactory@4e6d7365] unable to create manager for [./results/logs/${ctx:threadName}.log] with data [org.apache.logging.log4j.core.appender.rolling.RollingFileManager$FactoryData@327ed9f5[pattern=./results/logs/${ctx:threadName}-%d{yyyy-MM-dd}.log, append=true, bufferedIO=true, bufferSize=8192, policy=SizeBasedTriggeringPolicy(size=512000), strategy=DefaultRolloverStrategy(min=1, max=7, useMax=true), advertiseURI=null, layout=%d{HH:mm:ss.SSS} [%t] %-5level %logger{36} - %msg%n, filePermissions=null, fileOwner=null]] java.lang.IllegalStateException: ManagerFactory [org.apache.logging.log4j.core.appender.rolling.RollingFileManager$RollingFileManagerFactory@4e6d7365] unable to create manager for [./results/logs/${ctx:threadName}.log] with data [org.apache.logging.log4j.core.appender.rolling.RollingFileManager$FactoryData@327ed9f5[pattern=./results/logs/${ctx:threadName}-%d{yyyy-MM-dd}.log, append=true, bufferedIO=true, bufferSize=8192, policy=SizeBasedTriggeringPolicy(size=512000), strategy=DefaultRolloverStrategy(min=1, max=7, useMax=true), advertiseURI=null, layout=%d{HH:mm:ss.SSS} [%t] %-5level %logger{36} - %msg%n, filePermissions=null, fileOwner=null]]
	at org.apache.logging.log4j.core.appender.AbstractManager.getManager(AbstractManager.java:146)
	at org.apache.logging.log4j.core.appender.OutputStreamManager.getManager(OutputStreamManager.java:100)
	at org.apache.logging.log4j.core.appender.rolling.RollingFileManager.getFileManager(RollingFileManager.java:217)
	at org.apache.logging.log4j.core.appender.RollingFileAppender$Builder.build(RollingFileAppender.java:135)
	at org.apache.logging.log4j.core.appender.RollingFileAppender$Builder.build(RollingFileAppender.java:62)
	at org.apache.logging.log4j.core.config.plugins.util.PluginBuilder.build(PluginBuilder.java:124)
	at org.apache.logging.log4j.core.config.AbstractConfiguration.createPluginObject(AbstractConfiguration.java:1138)
	at org.apache.logging.log4j.core.config.AbstractConfiguration.createConfiguration(AbstractConfiguration.java:1063)
	at org.apache.logging.log4j.core.appender.routing.RoutingAppender.createAppender(RoutingAppender.java:310)
	at org.apache.logging.log4j.core.appender.routing.RoutingAppender.getControl(RoutingAppender.java:282)
	at org.apache.logging.log4j.core.appender.routing.RoutingAppender.append(RoutingAppender.java:240)
	at org.apache.logging.log4j.core.config.AppenderControl.tryCallAppender(AppenderControl.java:161)
	at org.apache.logging.log4j.core.config.AppenderControl.callAppender0(AppenderControl.java:134)
	at org.apache.logging.log4j.core.config.AppenderControl.callAppenderPreventRecursion(AppenderControl.java:125)
	at org.apache.logging.log4j.core.config.AppenderControl.callAppender(AppenderControl.java:89)
	at org.apache.logging.log4j.core.config.LoggerConfig.callAppenders(LoggerConfig.java:683)
	at org.apache.logging.log4j.core.config.LoggerConfig.processLogEvent(LoggerConfig.java:641)
	at org.apache.logging.log4j.core.config.LoggerConfig.log(LoggerConfig.java:624)
	at org.apache.logging.log4j.core.config.LoggerConfig.log(LoggerConfig.java:560)
	at org.apache.logging.log4j.core.config.AwaitCompletionReliabilityStrategy.log(AwaitCompletionReliabilityStrategy.java:82)
	at org.apache.logging.log4j.core.Logger.log(Logger.java:162)
	at org.apache.logging.log4j.spi.AbstractLogger.logMessage(AbstractLogger.java:2106)
	at org.apache.logging.log4j.internal.DefaultLogBuilder.logMessage(DefaultLogBuilder.java:241)
	at org.apache.logging.log4j.internal.DefaultLogBuilder.log(DefaultLogBuilder.java:162)
	at org.apache.poi.openxml4j.opc.PackageRelationshipCollection.parseRelationshipsPart(PackageRelationshipCollection.java:309)
	at org.apache.poi.openxml4j.opc.PackageRelationshipCollection.<init>(PackageRelationshipCollection.java:160)
	at org.apache.poi.openxml4j.opc.PackageRelationshipCollection.<init>(PackageRelationshipCollection.java:130)
	at org.apache.poi.openxml4j.opc.PackagePart.loadRelationships(PackagePart.java:565)
	at org.apache.poi.openxml4j.opc.OPCPackage.getParts(OPCPackage.java:751)
	at org.apache.poi.openxml4j.opc.OPCPackage.open(OPCPackage.java:322)
	at org.apache.poi.ooxml.util.PackageHelper.open(PackageHelper.java:59)
	at org.apache.poi.xssf.usermodel.XSSFWorkbook.<init>(XSSFWorkbook.java:290)
	at org.apache.poi.xssf.usermodel.XSSFWorkbook.<init>(XSSFWorkbook.java:286)
	at externalResources.ExcelDataRead.<init>(ExcelDataRead.java:22)
	at listeners.AnnotationsTransformer.toBeExecuted(AnnotationsTransformer.java:36)
	at listeners.AnnotationsTransformer.transform(AnnotationsTransformer.java:24)
	at org.testng.internal.annotations.JDK15AnnotationFinder.transform(JDK15AnnotationFinder.java:172)
	at org.testng.internal.annotations.JDK15AnnotationFinder.lambda$findAnnotation$0(JDK15AnnotationFinder.java:279)
	at java.base/java.util.concurrent.ConcurrentHashMap.computeIfAbsent(ConcurrentHashMap.java:1705)
	at org.testng.internal.annotations.JDK15AnnotationFinder.findAnnotation(JDK15AnnotationFinder.java:275)
	at org.testng.internal.annotations.JDK15AnnotationFinder.findAnnotation(JDK15AnnotationFinder.java:113)
	at org.testng.internal.TestNGClassFinder.isTestNGClass(TestNGClassFinder.java:275)
	at org.testng.internal.TestNGClassFinder.isNotTestNGClass(TestNGClassFinder.java:260)
	at org.testng.internal.TestNGClassFinder.processClass(TestNGClassFinder.java:94)
	at org.testng.internal.TestNGClassFinder.<init>(TestNGClassFinder.java:67)
	at org.testng.TestRunner.initMethods(TestRunner.java:442)
	at org.testng.TestRunner.init(TestRunner.java:336)
	at org.testng.TestRunner.init(TestRunner.java:289)
	at org.testng.TestRunner.<init>(TestRunner.java:179)
	at org.testng.SuiteRunner$DefaultTestRunnerFactory.newTestRunner(SuiteRunner.java:643)
	at org.testng.SuiteRunner.init(SuiteRunner.java:225)
	at org.testng.SuiteRunner.<init>(SuiteRunner.java:115)
	at org.testng.TestNG.createSuiteRunner(TestNG.java:1349)
	at org.testng.TestNG.createSuiteRunners(TestNG.java:1325)
	at org.testng.TestNG.runSuitesLocally(TestNG.java:1167)
	at org.testng.TestNG.runSuites(TestNG.java:1099)
	at org.testng.TestNG.run(TestNG.java:1067)
	at org.apache.maven.surefire.testng.TestNGExecutor.run(TestNGExecutor.java:324)
	at org.apache.maven.surefire.testng.TestNGXmlTestSuite.execute(TestNGXmlTestSuite.java:74)
	at org.apache.maven.surefire.testng.TestNGProvider.invoke(TestNGProvider.java:123)
	at org.apache.maven.surefire.booter.ForkedBooter.runSuitesInProcess(ForkedBooter.java:456)
	at org.apache.maven.surefire.booter.ForkedBooter.execute(ForkedBooter.java:169)
	at org.apache.maven.surefire.booter.ForkedBooter.run(ForkedBooter.java:595)
	at org.apache.maven.surefire.booter.ForkedBooter.main(ForkedBooter.java:581)

2023-02-13 11:57:16,173 main ERROR Unable to invoke factory method in class org.apache.logging.log4j.core.appender.RollingFileAppender for element RollingFile: java.lang.IllegalStateException: No factory method found for class org.apache.logging.log4j.core.appender.RollingFileAppender java.lang.IllegalStateException: No factory method found for class org.apache.logging.log4j.core.appender.RollingFileAppender
	at org.apache.logging.log4j.core.config.plugins.util.PluginBuilder.findFactoryMethod(PluginBuilder.java:260)
	at org.apache.logging.log4j.core.config.plugins.util.PluginBuilder.build(PluginBuilder.java:136)
	at org.apache.logging.log4j.core.config.AbstractConfiguration.createPluginObject(AbstractConfiguration.java:1138)
	at org.apache.logging.log4j.core.config.AbstractConfiguration.createConfiguration(AbstractConfiguration.java:1063)
	at org.apache.logging.log4j.core.appender.routing.RoutingAppender.createAppender(RoutingAppender.java:310)
	at org.apache.logging.log4j.core.appender.routing.RoutingAppender.getControl(RoutingAppender.java:282)
	at org.apache.logging.log4j.core.appender.routing.RoutingAppender.append(RoutingAppender.java:240)
	at org.apache.logging.log4j.core.config.AppenderControl.tryCallAppender(AppenderControl.java:161)
	at org.apache.logging.log4j.core.config.AppenderControl.callAppender0(AppenderControl.java:134)
	at org.apache.logging.log4j.core.config.AppenderControl.callAppenderPreventRecursion(AppenderControl.java:125)
	at org.apache.logging.log4j.core.config.AppenderControl.callAppender(AppenderControl.java:89)
	at org.apache.logging.log4j.core.config.LoggerConfig.callAppenders(LoggerConfig.java:683)
	at org.apache.logging.log4j.core.config.LoggerConfig.processLogEvent(LoggerConfig.java:641)
	at org.apache.logging.log4j.core.config.LoggerConfig.log(LoggerConfig.java:624)
	at org.apache.logging.log4j.core.config.LoggerConfig.log(LoggerConfig.java:560)
	at org.apache.logging.log4j.core.config.AwaitCompletionReliabilityStrategy.log(AwaitCompletionReliabilityStrategy.java:82)
	at org.apache.logging.log4j.core.Logger.log(Logger.java:162)
	at org.apache.logging.log4j.spi.AbstractLogger.logMessage(AbstractLogger.java:2106)
	at org.apache.logging.log4j.internal.DefaultLogBuilder.logMessage(DefaultLogBuilder.java:241)
	at org.apache.logging.log4j.internal.DefaultLogBuilder.log(DefaultLogBuilder.java:162)
	at org.apache.poi.openxml4j.opc.PackageRelationshipCollection.parseRelationshipsPart(PackageRelationshipCollection.java:309)
	at org.apache.poi.openxml4j.opc.PackageRelationshipCollection.<init>(PackageRelationshipCollection.java:160)
	at org.apache.poi.openxml4j.opc.PackageRelationshipCollection.<init>(PackageRelationshipCollection.java:130)
	at org.apache.poi.openxml4j.opc.PackagePart.loadRelationships(PackagePart.java:565)
	at org.apache.poi.openxml4j.opc.OPCPackage.getParts(OPCPackage.java:751)
	at org.apache.poi.openxml4j.opc.OPCPackage.open(OPCPackage.java:322)
	at org.apache.poi.ooxml.util.PackageHelper.open(PackageHelper.java:59)
	at org.apache.poi.xssf.usermodel.XSSFWorkbook.<init>(XSSFWorkbook.java:290)
	at org.apache.poi.xssf.usermodel.XSSFWorkbook.<init>(XSSFWorkbook.java:286)
	at externalResources.ExcelDataRead.<init>(ExcelDataRead.java:22)
	at listeners.AnnotationsTransformer.toBeExecuted(AnnotationsTransformer.java:36)
	at listeners.AnnotationsTransformer.transform(AnnotationsTransformer.java:24)
	at org.testng.internal.annotations.JDK15AnnotationFinder.transform(JDK15AnnotationFinder.java:172)
	at org.testng.internal.annotations.JDK15AnnotationFinder.lambda$findAnnotation$0(JDK15AnnotationFinder.java:279)
	at java.base/java.util.concurrent.ConcurrentHashMap.computeIfAbsent(ConcurrentHashMap.java:1705)
	at org.testng.internal.annotations.JDK15AnnotationFinder.findAnnotation(JDK15AnnotationFinder.java:275)
	at org.testng.internal.annotations.JDK15AnnotationFinder.findAnnotation(JDK15AnnotationFinder.java:113)
	at org.testng.internal.TestNGClassFinder.isTestNGClass(TestNGClassFinder.java:275)
	at org.testng.internal.TestNGClassFinder.isNotTestNGClass(TestNGClassFinder.java:260)
	at org.testng.internal.TestNGClassFinder.processClass(TestNGClassFinder.java:94)
	at org.testng.internal.TestNGClassFinder.<init>(TestNGClassFinder.java:67)
	at org.testng.TestRunner.initMethods(TestRunner.java:442)
	at org.testng.TestRunner.init(TestRunner.java:336)
	at org.testng.TestRunner.init(TestRunner.java:289)
	at org.testng.TestRunner.<init>(TestRunner.java:179)
	at org.testng.SuiteRunner$DefaultTestRunnerFactory.newTestRunner(SuiteRunner.java:643)
	at org.testng.SuiteRunner.init(SuiteRunner.java:225)
	at org.testng.SuiteRunner.<init>(SuiteRunner.java:115)
	at org.testng.TestNG.createSuiteRunner(TestNG.java:1349)
	at org.testng.TestNG.createSuiteRunners(TestNG.java:1325)
	at org.testng.TestNG.runSuitesLocally(TestNG.java:1167)
	at org.testng.TestNG.runSuites(TestNG.java:1099)
	at org.testng.TestNG.run(TestNG.java:1067)
	at org.apache.maven.surefire.testng.TestNGExecutor.run(TestNGExecutor.java:324)
	at org.apache.maven.surefire.testng.TestNGXmlTestSuite.execute(TestNGXmlTestSuite.java:74)
	at org.apache.maven.surefire.testng.TestNGProvider.invoke(TestNGProvider.java:123)
	at org.apache.maven.surefire.booter.ForkedBooter.runSuitesInProcess(ForkedBooter.java:456)
	at org.apache.maven.surefire.booter.ForkedBooter.execute(ForkedBooter.java:169)
	at org.apache.maven.surefire.booter.ForkedBooter.run(ForkedBooter.java:595)
	at org.apache.maven.surefire.booter.ForkedBooter.main(ForkedBooter.java:581)

2023-02-13 11:57:16,176 main ERROR Unable to create file ./results/logs/${ctx:threadName}.log java.io.IOException: The filename, directory name, or volume label syntax is incorrect
	at java.base/java.io.WinNTFileSystem.canonicalize0(Native Method)
	at java.base/java.io.WinNTFileSystem.canonicalize(WinNTFileSystem.java:483)
	at java.base/java.io.File.getCanonicalPath(File.java:626)
	at java.base/java.io.File.getCanonicalFile(File.java:651)
	at org.apache.logging.log4j.core.util.FileUtils.makeParentDirs(FileUtils.java:139)
	at org.apache.logging.log4j.core.appender.rolling.RollingFileManager$RollingFileManagerFactory.createManager(RollingFileManager.java:734)
	at org.apache.logging.log4j.core.appender.rolling.RollingFileManager$RollingFileManagerFactory.createManager(RollingFileManager.java:718)
	at org.apache.logging.log4j.core.appender.AbstractManager.getManager(AbstractManager.java:144)
	at org.apache.logging.log4j.core.appender.OutputStreamManager.getManager(OutputStreamManager.java:100)
	at org.apache.logging.log4j.core.appender.rolling.RollingFileManager.getFileManager(RollingFileManager.java:217)
	at org.apache.logging.log4j.core.appender.RollingFileAppender$Builder.build(RollingFileAppender.java:135)
	at org.apache.logging.log4j.core.appender.RollingFileAppender$Builder.build(RollingFileAppender.java:62)
	at org.apache.logging.log4j.core.config.plugins.util.PluginBuilder.build(PluginBuilder.java:124)
	at org.apache.logging.log4j.core.config.AbstractConfiguration.createPluginObject(AbstractConfiguration.java:1138)
	at org.apache.logging.log4j.core.config.AbstractConfiguration.createConfiguration(AbstractConfiguration.java:1063)
	at org.apache.logging.log4j.core.appender.routing.RoutingAppender.createAppender(RoutingAppender.java:310)
	at org.apache.logging.log4j.core.appender.routing.RoutingAppender.getControl(RoutingAppender.java:282)
	at org.apache.logging.log4j.core.appender.routing.RoutingAppender.append(RoutingAppender.java:240)
	at org.apache.logging.log4j.core.config.AppenderControl.tryCallAppender(AppenderControl.java:161)
	at org.apache.logging.log4j.core.config.AppenderControl.callAppender0(AppenderControl.java:134)
	at org.apache.logging.log4j.core.config.AppenderControl.callAppenderPreventRecursion(AppenderControl.java:125)
	at org.apache.logging.log4j.core.config.AppenderControl.callAppender(AppenderControl.java:89)
	at org.apache.logging.log4j.core.config.LoggerConfig.callAppenders(LoggerConfig.java:683)
	at org.apache.logging.log4j.core.config.LoggerConfig.processLogEvent(LoggerConfig.java:641)
	at org.apache.logging.log4j.core.config.LoggerConfig.log(LoggerConfig.java:624)
	at org.apache.logging.log4j.core.config.LoggerConfig.log(LoggerConfig.java:560)
	at org.apache.logging.log4j.core.config.AwaitCompletionReliabilityStrategy.log(AwaitCompletionReliabilityStrategy.java:82)
	at org.apache.logging.log4j.core.Logger.log(Logger.java:162)
	at org.apache.logging.log4j.spi.AbstractLogger.logMessage(AbstractLogger.java:2106)
	at org.apache.logging.log4j.internal.DefaultLogBuilder.logMessage(DefaultLogBuilder.java:241)
	at org.apache.logging.log4j.internal.DefaultLogBuilder.log(DefaultLogBuilder.java:162)
	at org.apache.poi.openxml4j.opc.PackageRelationshipCollection.parseRelationshipsPart(PackageRelationshipCollection.java:309)
	at org.apache.poi.openxml4j.opc.PackageRelationshipCollection.<init>(PackageRelationshipCollection.java:160)
	at org.apache.poi.openxml4j.opc.PackageRelationshipCollection.<init>(PackageRelationshipCollection.java:116)
	at org.apache.poi.openxml4j.opc.OPCPackage.ensureRelationships(OPCPackage.java:1346)
	at org.apache.poi.openxml4j.opc.OPCPackage.getRelationshipsHelper(OPCPackage.java:1325)
	at org.apache.poi.openxml4j.opc.OPCPackage.getRelationshipsByType(OPCPackage.java:1313)
	at org.apache.poi.ooxml.POIXMLDocumentPart.getPartFromOPCPackage(POIXMLDocumentPart.java:743)
	at org.apache.poi.ooxml.POIXMLDocumentPart.<init>(POIXMLDocumentPart.java:151)
	at org.apache.poi.ooxml.POIXMLDocumentPart.<init>(POIXMLDocumentPart.java:141)
	at org.apache.poi.ooxml.POIXMLDocument.<init>(POIXMLDocument.java:60)
	at org.apache.poi.xssf.usermodel.XSSFWorkbook.<init>(XSSFWorkbook.java:254)
	at org.apache.poi.xssf.usermodel.XSSFWorkbook.<init>(XSSFWorkbook.java:290)
	at org.apache.poi.xssf.usermodel.XSSFWorkbook.<init>(XSSFWorkbook.java:286)
	at externalResources.ExcelDataRead.<init>(ExcelDataRead.java:22)
	at listeners.AnnotationsTransformer.toBeExecuted(AnnotationsTransformer.java:36)
	at listeners.AnnotationsTransformer.transform(AnnotationsTransformer.java:24)
	at org.testng.internal.annotations.JDK15AnnotationFinder.transform(JDK15AnnotationFinder.java:172)
	at org.testng.internal.annotations.JDK15AnnotationFinder.lambda$findAnnotation$0(JDK15AnnotationFinder.java:279)
	at java.base/java.util.concurrent.ConcurrentHashMap.computeIfAbsent(ConcurrentHashMap.java:1705)
	at org.testng.internal.annotations.JDK15AnnotationFinder.findAnnotation(JDK15AnnotationFinder.java:275)
	at org.testng.internal.annotations.JDK15AnnotationFinder.findAnnotation(JDK15AnnotationFinder.java:113)
	at org.testng.internal.TestNGClassFinder.isTestNGClass(TestNGClassFinder.java:275)
	at org.testng.internal.TestNGClassFinder.isNotTestNGClass(TestNGClassFinder.java:260)
	at org.testng.internal.TestNGClassFinder.processClass(TestNGClassFinder.java:94)
	at org.testng.internal.TestNGClassFinder.<init>(TestNGClassFinder.java:67)
	at org.testng.TestRunner.initMethods(TestRunner.java:442)
	at org.testng.TestRunner.init(TestRunner.java:336)
	at org.testng.TestRunner.init(TestRunner.java:289)
	at org.testng.TestRunner.<init>(TestRunner.java:179)
	at org.testng.SuiteRunner$DefaultTestRunnerFactory.newTestRunner(SuiteRunner.java:643)
	at org.testng.SuiteRunner.init(SuiteRunner.java:225)
	at org.testng.SuiteRunner.<init>(SuiteRunner.java:115)
	at org.testng.TestNG.createSuiteRunner(TestNG.java:1349)
	at org.testng.TestNG.createSuiteRunners(TestNG.java:1325)
	at org.testng.TestNG.runSuitesLocally(TestNG.java:1167)
	at org.testng.TestNG.runSuites(TestNG.java:1099)
	at org.testng.TestNG.run(TestNG.java:1067)
	at org.apache.maven.surefire.testng.TestNGExecutor.run(TestNGExecutor.java:324)
	at org.apache.maven.surefire.testng.TestNGXmlTestSuite.execute(TestNGXmlTestSuite.java:74)
	at org.apache.maven.surefire.testng.TestNGProvider.invoke(TestNGProvider.java:123)
	at org.apache.maven.surefire.booter.ForkedBooter.runSuitesInProcess(ForkedBooter.java:456)
	at org.apache.maven.surefire.booter.ForkedBooter.execute(ForkedBooter.java:169)
	at org.apache.maven.surefire.booter.ForkedBooter.run(ForkedBooter.java:595)
	at org.apache.maven.surefire.booter.ForkedBooter.main(ForkedBooter.java:581)

2023-02-13 11:57:16,177 main ERROR Could not create plugin of type class org.apache.logging.log4j.core.appender.RollingFileAppender for element RollingFile: java.lang.IllegalStateException: ManagerFactory [org.apache.logging.log4j.core.appender.rolling.RollingFileManager$RollingFileManagerFactory@4e6d7365] unable to create manager for [./results/logs/${ctx:threadName}.log] with data [org.apache.logging.log4j.core.appender.rolling.RollingFileManager$FactoryData@68b58644[pattern=./results/logs/${ctx:threadName}-%d{yyyy-MM-dd}.log, append=true, bufferedIO=true, bufferSize=8192, policy=SizeBasedTriggeringPolicy(size=512000), strategy=DefaultRolloverStrategy(min=1, max=7, useMax=true), advertiseURI=null, layout=%d{HH:mm:ss.SSS} [%t] %-5level %logger{36} - %msg%n, filePermissions=null, fileOwner=null]] java.lang.IllegalStateException: ManagerFactory [org.apache.logging.log4j.core.appender.rolling.RollingFileManager$RollingFileManagerFactory@4e6d7365] unable to create manager for [./results/logs/${ctx:threadName}.log] with data [org.apache.logging.log4j.core.appender.rolling.RollingFileManager$FactoryData@68b58644[pattern=./results/logs/${ctx:threadName}-%d{yyyy-MM-dd}.log, append=true, bufferedIO=true, bufferSize=8192, policy=SizeBasedTriggeringPolicy(size=512000), strategy=DefaultRolloverStrategy(min=1, max=7, useMax=true), advertiseURI=null, layout=%d{HH:mm:ss.SSS} [%t] %-5level %logger{36} - %msg%n, filePermissions=null, fileOwner=null]]
	at org.apache.logging.log4j.core.appender.AbstractManager.getManager(AbstractManager.java:146)
	at org.apache.logging.log4j.core.appender.OutputStreamManager.getManager(OutputStreamManager.java:100)
	at org.apache.logging.log4j.core.appender.rolling.RollingFileManager.getFileManager(RollingFileManager.java:217)
	at org.apache.logging.log4j.core.appender.RollingFileAppender$Builder.build(RollingFileAppender.java:135)
	at org.apache.logging.log4j.core.appender.RollingFileAppender$Builder.build(RollingFileAppender.java:62)
	at org.apache.logging.log4j.core.config.plugins.util.PluginBuilder.build(PluginBuilder.java:124)
	at org.apache.logging.log4j.core.config.AbstractConfiguration.createPluginObject(AbstractConfiguration.java:1138)
	at org.apache.logging.log4j.core.config.AbstractConfiguration.createConfiguration(AbstractConfiguration.java:1063)
	at org.apache.logging.log4j.core.appender.routing.RoutingAppender.createAppender(RoutingAppender.java:310)
	at org.apache.logging.log4j.core.appender.routing.RoutingAppender.getControl(RoutingAppender.java:282)
	at org.apache.logging.log4j.core.appender.routing.RoutingAppender.append(RoutingAppender.java:240)
	at org.apache.logging.log4j.core.config.AppenderControl.tryCallAppender(AppenderControl.java:161)
	at org.apache.logging.log4j.core.config.AppenderControl.callAppender0(AppenderControl.java:134)
	at org.apache.logging.log4j.core.config.AppenderControl.callAppenderPreventRecursion(AppenderControl.java:125)
	at org.apache.logging.log4j.core.config.AppenderControl.callAppender(AppenderControl.java:89)
	at org.apache.logging.log4j.core.config.LoggerConfig.callAppenders(LoggerConfig.java:683)
	at org.apache.logging.log4j.core.config.LoggerConfig.processLogEvent(LoggerConfig.java:641)
	at org.apache.logging.log4j.core.config.LoggerConfig.log(LoggerConfig.java:624)
	at org.apache.logging.log4j.core.config.LoggerConfig.log(LoggerConfig.java:560)
	at org.apache.logging.log4j.core.config.AwaitCompletionReliabilityStrategy.log(AwaitCompletionReliabilityStrategy.java:82)
	at org.apache.logging.log4j.core.Logger.log(Logger.java:162)
	at org.apache.logging.log4j.spi.AbstractLogger.logMessage(AbstractLogger.java:2106)
	at org.apache.logging.log4j.internal.DefaultLogBuilder.logMessage(DefaultLogBuilder.java:241)
	at org.apache.logging.log4j.internal.DefaultLogBuilder.log(DefaultLogBuilder.java:162)
	at org.apache.poi.openxml4j.opc.PackageRelationshipCollection.parseRelationshipsPart(PackageRelationshipCollection.java:309)
	at org.apache.poi.openxml4j.opc.PackageRelationshipCollection.<init>(PackageRelationshipCollection.java:160)
	at org.apache.poi.openxml4j.opc.PackageRelationshipCollection.<init>(PackageRelationshipCollection.java:116)
	at org.apache.poi.openxml4j.opc.OPCPackage.ensureRelationships(OPCPackage.java:1346)
	at org.apache.poi.openxml4j.opc.OPCPackage.getRelationshipsHelper(OPCPackage.java:1325)
	at org.apache.poi.openxml4j.opc.OPCPackage.getRelationshipsByType(OPCPackage.java:1313)
	at org.apache.poi.ooxml.POIXMLDocumentPart.getPartFromOPCPackage(POIXMLDocumentPart.java:743)
	at org.apache.poi.ooxml.POIXMLDocumentPart.<init>(POIXMLDocumentPart.java:151)
	at org.apache.poi.ooxml.POIXMLDocumentPart.<init>(POIXMLDocumentPart.java:141)
	at org.apache.poi.ooxml.POIXMLDocument.<init>(POIXMLDocument.java:60)
	at org.apache.poi.xssf.usermodel.XSSFWorkbook.<init>(XSSFWorkbook.java:254)
	at org.apache.poi.xssf.usermodel.XSSFWorkbook.<init>(XSSFWorkbook.java:290)
	at org.apache.poi.xssf.usermodel.XSSFWorkbook.<init>(XSSFWorkbook.java:286)
	at externalResources.ExcelDataRead.<init>(ExcelDataRead.java:22)
	at listeners.AnnotationsTransformer.toBeExecuted(AnnotationsTransformer.java:36)
	at listeners.AnnotationsTransformer.transform(AnnotationsTransformer.java:24)
	at org.testng.internal.annotations.JDK15AnnotationFinder.transform(JDK15AnnotationFinder.java:172)
	at org.testng.internal.annotations.JDK15AnnotationFinder.lambda$findAnnotation$0(JDK15AnnotationFinder.java:279)
	at java.base/java.util.concurrent.ConcurrentHashMap.computeIfAbsent(ConcurrentHashMap.java:1705)
	at org.testng.internal.annotations.JDK15AnnotationFinder.findAnnotation(JDK15AnnotationFinder.java:275)
	at org.testng.internal.annotations.JDK15AnnotationFinder.findAnnotation(JDK15AnnotationFinder.java:113)
	at org.testng.internal.TestNGClassFinder.isTestNGClass(TestNGClassFinder.java:275)
	at org.testng.internal.TestNGClassFinder.isNotTestNGClass(TestNGClassFinder.java:260)
	at org.testng.internal.TestNGClassFinder.processClass(TestNGClassFinder.java:94)
	at org.testng.internal.TestNGClassFinder.<init>(TestNGClassFinder.java:67)
	at org.testng.TestRunner.initMethods(TestRunner.java:442)
	at org.testng.TestRunner.init(TestRunner.java:336)
	at org.testng.TestRunner.init(TestRunner.java:289)
	at org.testng.TestRunner.<init>(TestRunner.java:179)
	at org.testng.SuiteRunner$DefaultTestRunnerFactory.newTestRunner(SuiteRunner.java:643)
	at org.testng.SuiteRunner.init(SuiteRunner.java:225)
	at org.testng.SuiteRunner.<init>(SuiteRunner.java:115)
	at org.testng.TestNG.createSuiteRunner(TestNG.java:1349)
	at org.testng.TestNG.createSuiteRunners(TestNG.java:1325)
	at org.testng.TestNG.runSuitesLocally(TestNG.java:1167)
	at org.testng.TestNG.runSuites(TestNG.java:1099)
	at org.testng.TestNG.run(TestNG.java:1067)
	at org.apache.maven.surefire.testng.TestNGExecutor.run(TestNGExecutor.java:324)
	at org.apache.maven.surefire.testng.TestNGXmlTestSuite.execute(TestNGXmlTestSuite.java:74)
	at org.apache.maven.surefire.testng.TestNGProvider.invoke(TestNGProvider.java:123)
	at org.apache.maven.surefire.booter.ForkedBooter.runSuitesInProcess(ForkedBooter.java:456)
	at org.apache.maven.surefire.booter.ForkedBooter.execute(ForkedBooter.java:169)
	at org.apache.maven.surefire.booter.ForkedBooter.run(ForkedBooter.java:595)
	at org.apache.maven.surefire.booter.ForkedBooter.main(ForkedBooter.java:581)

2023-02-13 11:57:16,177 main ERROR Unable to invoke factory method in class org.apache.logging.log4j.core.appender.RollingFileAppender for element RollingFile: java.lang.IllegalStateException: No factory method found for class org.apache.logging.log4j.core.appender.RollingFileAppender java.lang.IllegalStateException: No factory method found for class org.apache.logging.log4j.core.appender.RollingFileAppender
	at org.apache.logging.log4j.core.config.plugins.util.PluginBuilder.findFactoryMethod(PluginBuilder.java:260)
	at org.apache.logging.log4j.core.config.plugins.util.PluginBuilder.build(PluginBuilder.java:136)
	at org.apache.logging.log4j.core.config.AbstractConfiguration.createPluginObject(AbstractConfiguration.java:1138)
	at org.apache.logging.log4j.core.config.AbstractConfiguration.createConfiguration(AbstractConfiguration.java:1063)
	at org.apache.logging.log4j.core.appender.routing.RoutingAppender.createAppender(RoutingAppender.java:310)
	at org.apache.logging.log4j.core.appender.routing.RoutingAppender.getControl(RoutingAppender.java:282)
	at org.apache.logging.log4j.core.appender.routing.RoutingAppender.append(RoutingAppender.java:240)
	at org.apache.logging.log4j.core.config.AppenderControl.tryCallAppender(AppenderControl.java:161)
	at org.apache.logging.log4j.core.config.AppenderControl.callAppender0(AppenderControl.java:134)
	at org.apache.logging.log4j.core.config.AppenderControl.callAppenderPreventRecursion(AppenderControl.java:125)
	at org.apache.logging.log4j.core.config.AppenderControl.callAppender(AppenderControl.java:89)
	at org.apache.logging.log4j.core.config.LoggerConfig.callAppenders(LoggerConfig.java:683)
	at org.apache.logging.log4j.core.config.LoggerConfig.processLogEvent(LoggerConfig.java:641)
	at org.apache.logging.log4j.core.config.LoggerConfig.log(LoggerConfig.java:624)
	at org.apache.logging.log4j.core.config.LoggerConfig.log(LoggerConfig.java:560)
	at org.apache.logging.log4j.core.config.AwaitCompletionReliabilityStrategy.log(AwaitCompletionReliabilityStrategy.java:82)
	at org.apache.logging.log4j.core.Logger.log(Logger.java:162)
	at org.apache.logging.log4j.spi.AbstractLogger.logMessage(AbstractLogger.java:2106)
	at org.apache.logging.log4j.internal.DefaultLogBuilder.logMessage(DefaultLogBuilder.java:241)
	at org.apache.logging.log4j.internal.DefaultLogBuilder.log(DefaultLogBuilder.java:162)
	at org.apache.poi.openxml4j.opc.PackageRelationshipCollection.parseRelationshipsPart(PackageRelationshipCollection.java:309)
	at org.apache.poi.openxml4j.opc.PackageRelationshipCollection.<init>(PackageRelationshipCollection.java:160)
	at org.apache.poi.openxml4j.opc.PackageRelationshipCollection.<init>(PackageRelationshipCollection.java:116)
	at org.apache.poi.openxml4j.opc.OPCPackage.ensureRelationships(OPCPackage.java:1346)
	at org.apache.poi.openxml4j.opc.OPCPackage.getRelationshipsHelper(OPCPackage.java:1325)
	at org.apache.poi.openxml4j.opc.OPCPackage.getRelationshipsByType(OPCPackage.java:1313)
	at org.apache.poi.ooxml.POIXMLDocumentPart.getPartFromOPCPackage(POIXMLDocumentPart.java:743)
	at org.apache.poi.ooxml.POIXMLDocumentPart.<init>(POIXMLDocumentPart.java:151)
	at org.apache.poi.ooxml.POIXMLDocumentPart.<init>(POIXMLDocumentPart.java:141)
	at org.apache.poi.ooxml.POIXMLDocument.<init>(POIXMLDocument.java:60)
	at org.apache.poi.xssf.usermodel.XSSFWorkbook.<init>(XSSFWorkbook.java:254)
	at org.apache.poi.xssf.usermodel.XSSFWorkbook.<init>(XSSFWorkbook.java:290)
	at org.apache.poi.xssf.usermodel.XSSFWorkbook.<init>(XSSFWorkbook.java:286)
	at externalResources.ExcelDataRead.<init>(ExcelDataRead.java:22)
	at listeners.AnnotationsTransformer.toBeExecuted(AnnotationsTransformer.java:36)
	at listeners.AnnotationsTransformer.transform(AnnotationsTransformer.java:24)
	at org.testng.internal.annotations.JDK15AnnotationFinder.transform(JDK15AnnotationFinder.java:172)
	at org.testng.internal.annotations.JDK15AnnotationFinder.lambda$findAnnotation$0(JDK15AnnotationFinder.java:279)
	at java.base/java.util.concurrent.ConcurrentHashMap.computeIfAbsent(ConcurrentHashMap.java:1705)
	at org.testng.internal.annotations.JDK15AnnotationFinder.findAnnotation(JDK15AnnotationFinder.java:275)
	at org.testng.internal.annotations.JDK15AnnotationFinder.findAnnotation(JDK15AnnotationFinder.java:113)
	at org.testng.internal.TestNGClassFinder.isTestNGClass(TestNGClassFinder.java:275)
	at org.testng.internal.TestNGClassFinder.isNotTestNGClass(TestNGClassFinder.java:260)
	at org.testng.internal.TestNGClassFinder.processClass(TestNGClassFinder.java:94)
	at org.testng.internal.TestNGClassFinder.<init>(TestNGClassFinder.java:67)
	at org.testng.TestRunner.initMethods(TestRunner.java:442)
	at org.testng.TestRunner.init(TestRunner.java:336)
	at org.testng.TestRunner.init(TestRunner.java:289)
	at org.testng.TestRunner.<init>(TestRunner.java:179)
	at org.testng.SuiteRunner$DefaultTestRunnerFactory.newTestRunner(SuiteRunner.java:643)
	at org.testng.SuiteRunner.init(SuiteRunner.java:225)
	at org.testng.SuiteRunner.<init>(SuiteRunner.java:115)
	at org.testng.TestNG.createSuiteRunner(TestNG.java:1349)
	at org.testng.TestNG.createSuiteRunners(TestNG.java:1325)
	at org.testng.TestNG.runSuitesLocally(TestNG.java:1167)
	at org.testng.TestNG.runSuites(TestNG.java:1099)
	at org.testng.TestNG.run(TestNG.java:1067)
	at org.apache.maven.surefire.testng.TestNGExecutor.run(TestNGExecutor.java:324)
	at org.apache.maven.surefire.testng.TestNGXmlTestSuite.execute(TestNGXmlTestSuite.java:74)
	at org.apache.maven.surefire.testng.TestNGProvider.invoke(TestNGProvider.java:123)
	at org.apache.maven.surefire.booter.ForkedBooter.runSuitesInProcess(ForkedBooter.java:456)
	at org.apache.maven.surefire.booter.ForkedBooter.execute(ForkedBooter.java:169)
	at org.apache.maven.surefire.booter.ForkedBooter.run(ForkedBooter.java:595)
	at org.apache.maven.surefire.booter.ForkedBooter.main(ForkedBooter.java:581)

2023-02-13 11:57:16,192 main ERROR Unable to create file ./results/logs/${ctx:threadName}.log java.io.IOException: The filename, directory name, or volume label syntax is incorrect
	at java.base/java.io.WinNTFileSystem.canonicalize0(Native Method)
	at java.base/java.io.WinNTFileSystem.canonicalize(WinNTFileSystem.java:483)
	at java.base/java.io.File.getCanonicalPath(File.java:626)
	at java.base/java.io.File.getCanonicalFile(File.java:651)
	at org.apache.logging.log4j.core.util.FileUtils.makeParentDirs(FileUtils.java:139)
	at org.apache.logging.log4j.core.appender.rolling.RollingFileManager$RollingFileManagerFactory.createManager(RollingFileManager.java:734)
	at org.apache.logging.log4j.core.appender.rolling.RollingFileManager$RollingFileManagerFactory.createManager(RollingFileManager.java:718)
	at org.apache.logging.log4j.core.appender.AbstractManager.getManager(AbstractManager.java:144)
	at org.apache.logging.log4j.core.appender.OutputStreamManager.getManager(OutputStreamManager.java:100)
	at org.apache.logging.log4j.core.appender.rolling.RollingFileManager.getFileManager(RollingFileManager.java:217)
	at org.apache.logging.log4j.core.appender.RollingFileAppender$Builder.build(RollingFileAppender.java:135)
	at org.apache.logging.log4j.core.appender.RollingFileAppender$Builder.build(RollingFileAppender.java:62)
	at org.apache.logging.log4j.core.config.plugins.util.PluginBuilder.build(PluginBuilder.java:124)
	at org.apache.logging.log4j.core.config.AbstractConfiguration.createPluginObject(AbstractConfiguration.java:1138)
	at org.apache.logging.log4j.core.config.AbstractConfiguration.createConfiguration(AbstractConfiguration.java:1063)
	at org.apache.logging.log4j.core.appender.routing.RoutingAppender.createAppender(RoutingAppender.java:310)
	at org.apache.logging.log4j.core.appender.routing.RoutingAppender.getControl(RoutingAppender.java:282)
	at org.apache.logging.log4j.core.appender.routing.RoutingAppender.append(RoutingAppender.java:240)
	at org.apache.logging.log4j.core.config.AppenderControl.tryCallAppender(AppenderControl.java:161)
	at org.apache.logging.log4j.core.config.AppenderControl.callAppender0(AppenderControl.java:134)
	at org.apache.logging.log4j.core.config.AppenderControl.callAppenderPreventRecursion(AppenderControl.java:125)
	at org.apache.logging.log4j.core.config.AppenderControl.callAppender(AppenderControl.java:89)
	at org.apache.logging.log4j.core.config.LoggerConfig.callAppenders(LoggerConfig.java:683)
	at org.apache.logging.log4j.core.config.LoggerConfig.processLogEvent(LoggerConfig.java:641)
	at org.apache.logging.log4j.core.config.LoggerConfig.log(LoggerConfig.java:624)
	at org.apache.logging.log4j.core.config.LoggerConfig.log(LoggerConfig.java:560)
	at org.apache.logging.log4j.core.config.AwaitCompletionReliabilityStrategy.log(AwaitCompletionReliabilityStrategy.java:82)
	at org.apache.logging.log4j.core.Logger.log(Logger.java:162)
	at org.apache.logging.log4j.spi.AbstractLogger.logMessage(AbstractLogger.java:2106)
	at org.apache.logging.log4j.internal.DefaultLogBuilder.logMessage(DefaultLogBuilder.java:241)
	at org.apache.logging.log4j.internal.DefaultLogBuilder.log(DefaultLogBuilder.java:162)
	at org.apache.poi.ooxml.POIXMLFactory.createDocumentPart(POIXMLFactory.java:65)
	at org.apache.poi.ooxml.POIXMLDocumentPart.read(POIXMLDocumentPart.java:661)
	at org.apache.poi.ooxml.POIXMLDocumentPart.read(POIXMLDocumentPart.java:678)
	at org.apache.poi.ooxml.POIXMLDocument.load(POIXMLDocument.java:165)
	at org.apache.poi.xssf.usermodel.XSSFWorkbook.<init>(XSSFWorkbook.java:260)
	at org.apache.poi.xssf.usermodel.XSSFWorkbook.<init>(XSSFWorkbook.java:290)
	at org.apache.poi.xssf.usermodel.XSSFWorkbook.<init>(XSSFWorkbook.java:286)
	at externalResources.ExcelDataRead.<init>(ExcelDataRead.java:22)
	at listeners.AnnotationsTransformer.toBeExecuted(AnnotationsTransformer.java:36)
	at listeners.AnnotationsTransformer.transform(AnnotationsTransformer.java:24)
	at org.testng.internal.annotations.JDK15AnnotationFinder.transform(JDK15AnnotationFinder.java:172)
	at org.testng.internal.annotations.JDK15AnnotationFinder.lambda$findAnnotation$0(JDK15AnnotationFinder.java:279)
	at java.base/java.util.concurrent.ConcurrentHashMap.computeIfAbsent(ConcurrentHashMap.java:1705)
	at org.testng.internal.annotations.JDK15AnnotationFinder.findAnnotation(JDK15AnnotationFinder.java:275)
	at org.testng.internal.annotations.JDK15AnnotationFinder.findAnnotation(JDK15AnnotationFinder.java:113)
	at org.testng.internal.TestNGClassFinder.isTestNGClass(TestNGClassFinder.java:275)
	at org.testng.internal.TestNGClassFinder.isNotTestNGClass(TestNGClassFinder.java:260)
	at org.testng.internal.TestNGClassFinder.processClass(TestNGClassFinder.java:94)
	at org.testng.internal.TestNGClassFinder.<init>(TestNGClassFinder.java:67)
	at org.testng.TestRunner.initMethods(TestRunner.java:442)
	at org.testng.TestRunner.init(TestRunner.java:336)
	at org.testng.TestRunner.init(TestRunner.java:289)
	at org.testng.TestRunner.<init>(TestRunner.java:179)
	at org.testng.SuiteRunner$DefaultTestRunnerFactory.newTestRunner(SuiteRunner.java:643)
	at org.testng.SuiteRunner.init(SuiteRunner.java:225)
	at org.testng.SuiteRunner.<init>(SuiteRunner.java:115)
	at org.testng.TestNG.createSuiteRunner(TestNG.java:1349)
	at org.testng.TestNG.createSuiteRunners(TestNG.java:1325)
	at org.testng.TestNG.runSuitesLocally(TestNG.java:1167)
	at org.testng.TestNG.runSuites(TestNG.java:1099)
	at org.testng.TestNG.run(TestNG.java:1067)
	at org.apache.maven.surefire.testng.TestNGExecutor.run(TestNGExecutor.java:324)
	at org.apache.maven.surefire.testng.TestNGXmlTestSuite.execute(TestNGXmlTestSuite.java:74)
	at org.apache.maven.surefire.testng.TestNGProvider.invoke(TestNGProvider.java:123)
	at org.apache.maven.surefire.booter.ForkedBooter.runSuitesInProcess(ForkedBooter.java:456)
	at org.apache.maven.surefire.booter.ForkedBooter.execute(ForkedBooter.java:169)
	at org.apache.maven.surefire.booter.ForkedBooter.run(ForkedBooter.java:595)
	at org.apache.maven.surefire.booter.ForkedBooter.main(ForkedBooter.java:581)

2023-02-13 11:57:16,194 main ERROR Could not create plugin of type class org.apache.logging.log4j.core.appender.RollingFileAppender for element RollingFile: java.lang.IllegalStateException: ManagerFactory [org.apache.logging.log4j.core.appender.rolling.RollingFileManager$RollingFileManagerFactory@4e6d7365] unable to create manager for [./results/logs/${ctx:threadName}.log] with data [org.apache.logging.log4j.core.appender.rolling.RollingFileManager$FactoryData@96a75da[pattern=./results/logs/${ctx:threadName}-%d{yyyy-MM-dd}.log, append=true, bufferedIO=true, bufferSize=8192, policy=SizeBasedTriggeringPolicy(size=512000), strategy=DefaultRolloverStrategy(min=1, max=7, useMax=true), advertiseURI=null, layout=%d{HH:mm:ss.SSS} [%t] %-5level %logger{36} - %msg%n, filePermissions=null, fileOwner=null]] java.lang.IllegalStateException: ManagerFactory [org.apache.logging.log4j.core.appender.rolling.RollingFileManager$RollingFileManagerFactory@4e6d7365] unable to create manager for [./results/logs/${ctx:threadName}.log] with data [org.apache.logging.log4j.core.appender.rolling.RollingFileManager$FactoryData@96a75da[pattern=./results/logs/${ctx:threadName}-%d{yyyy-MM-dd}.log, append=true, bufferedIO=true, bufferSize=8192, policy=SizeBasedTriggeringPolicy(size=512000), strategy=DefaultRolloverStrategy(min=1, max=7, useMax=true), advertiseURI=null, layout=%d{HH:mm:ss.SSS} [%t] %-5level %logger{36} - %msg%n, filePermissions=null, fileOwner=null]]
	at org.apache.logging.log4j.core.appender.AbstractManager.getManager(AbstractManager.java:146)
	at org.apache.logging.log4j.core.appender.OutputStreamManager.getManager(OutputStreamManager.java:100)
	at org.apache.logging.log4j.core.appender.rolling.RollingFileManager.getFileManager(RollingFileManager.java:217)
	at org.apache.logging.log4j.core.appender.RollingFileAppender$Builder.build(RollingFileAppender.java:135)
	at org.apache.logging.log4j.core.appender.RollingFileAppender$Builder.build(RollingFileAppender.java:62)
	at org.apache.logging.log4j.core.config.plugins.util.PluginBuilder.build(PluginBuilder.java:124)
	at org.apache.logging.log4j.core.config.AbstractConfiguration.createPluginObject(AbstractConfiguration.java:1138)
	at org.apache.logging.log4j.core.config.AbstractConfiguration.createConfiguration(AbstractConfiguration.java:1063)
	at org.apache.logging.log4j.core.appender.routing.RoutingAppender.createAppender(RoutingAppender.java:310)
	at org.apache.logging.log4j.core.appender.routing.RoutingAppender.getControl(RoutingAppender.java:282)
	at org.apache.logging.log4j.core.appender.routing.RoutingAppender.append(RoutingAppender.java:240)
	at org.apache.logging.log4j.core.config.AppenderControl.tryCallAppender(AppenderControl.java:161)
	at org.apache.logging.log4j.core.config.AppenderControl.callAppender0(AppenderControl.java:134)
	at org.apache.logging.log4j.core.config.AppenderControl.callAppenderPreventRecursion(AppenderControl.java:125)
	at org.apache.logging.log4j.core.config.AppenderControl.callAppender(AppenderControl.java:89)
	at org.apache.logging.log4j.core.config.LoggerConfig.callAppenders(LoggerConfig.java:683)
	at org.apache.logging.log4j.core.config.LoggerConfig.processLogEvent(LoggerConfig.java:641)
	at org.apache.logging.log4j.core.config.LoggerConfig.log(LoggerConfig.java:624)
	at org.apache.logging.log4j.core.config.LoggerConfig.log(LoggerConfig.java:560)
	at org.apache.logging.log4j.core.config.AwaitCompletionReliabilityStrategy.log(AwaitCompletionReliabilityStrategy.java:82)
	at org.apache.logging.log4j.core.Logger.log(Logger.java:162)
	at org.apache.logging.log4j.spi.AbstractLogger.logMessage(AbstractLogger.java:2106)
	at org.apache.logging.log4j.internal.DefaultLogBuilder.logMessage(DefaultLogBuilder.java:241)
	at org.apache.logging.log4j.internal.DefaultLogBuilder.log(DefaultLogBuilder.java:162)
	at org.apache.poi.ooxml.POIXMLFactory.createDocumentPart(POIXMLFactory.java:65)
	at org.apache.poi.ooxml.POIXMLDocumentPart.read(POIXMLDocumentPart.java:661)
	at org.apache.poi.ooxml.POIXMLDocumentPart.read(POIXMLDocumentPart.java:678)
	at org.apache.poi.ooxml.POIXMLDocument.load(POIXMLDocument.java:165)
	at org.apache.poi.xssf.usermodel.XSSFWorkbook.<init>(XSSFWorkbook.java:260)
	at org.apache.poi.xssf.usermodel.XSSFWorkbook.<init>(XSSFWorkbook.java:290)
	at org.apache.poi.xssf.usermodel.XSSFWorkbook.<init>(XSSFWorkbook.java:286)
	at externalResources.ExcelDataRead.<init>(ExcelDataRead.java:22)
	at listeners.AnnotationsTransformer.toBeExecuted(AnnotationsTransformer.java:36)
	at listeners.AnnotationsTransformer.transform(AnnotationsTransformer.java:24)
	at org.testng.internal.annotations.JDK15AnnotationFinder.transform(JDK15AnnotationFinder.java:172)
	at org.testng.internal.annotations.JDK15AnnotationFinder.lambda$findAnnotation$0(JDK15AnnotationFinder.java:279)
	at java.base/java.util.concurrent.ConcurrentHashMap.computeIfAbsent(ConcurrentHashMap.java:1705)
	at org.testng.internal.annotations.JDK15AnnotationFinder.findAnnotation(JDK15AnnotationFinder.java:275)
	at org.testng.internal.annotations.JDK15AnnotationFinder.findAnnotation(JDK15AnnotationFinder.java:113)
	at org.testng.internal.TestNGClassFinder.isTestNGClass(TestNGClassFinder.java:275)
	at org.testng.internal.TestNGClassFinder.isNotTestNGClass(TestNGClassFinder.java:260)
	at org.testng.internal.TestNGClassFinder.processClass(TestNGClassFinder.java:94)
	at org.testng.internal.TestNGClassFinder.<init>(TestNGClassFinder.java:67)
	at org.testng.TestRunner.initMethods(TestRunner.java:442)
	at org.testng.TestRunner.init(TestRunner.java:336)
	at org.testng.TestRunner.init(TestRunner.java:289)
	at org.testng.TestRunner.<init>(TestRunner.java:179)
	at org.testng.SuiteRunner$DefaultTestRunnerFactory.newTestRunner(SuiteRunner.java:643)
	at org.testng.SuiteRunner.init(SuiteRunner.java:225)
	at org.testng.SuiteRunner.<init>(SuiteRunner.java:115)
	at org.testng.TestNG.createSuiteRunner(TestNG.java:1349)
	at org.testng.TestNG.createSuiteRunners(TestNG.java:1325)
	at org.testng.TestNG.runSuitesLocally(TestNG.java:1167)
	at org.testng.TestNG.runSuites(TestNG.java:1099)
	at org.testng.TestNG.run(TestNG.java:1067)
	at org.apache.maven.surefire.testng.TestNGExecutor.run(TestNGExecutor.java:324)
	at org.apache.maven.surefire.testng.TestNGXmlTestSuite.execute(TestNGXmlTestSuite.java:74)
	at org.apache.maven.surefire.testng.TestNGProvider.invoke(TestNGProvider.java:123)
	at org.apache.maven.surefire.booter.ForkedBooter.runSuitesInProcess(ForkedBooter.java:456)
	at org.apache.maven.surefire.booter.ForkedBooter.execute(ForkedBooter.java:169)
	at org.apache.maven.surefire.booter.ForkedBooter.run(ForkedBooter.java:595)
	at org.apache.maven.surefire.booter.ForkedBooter.main(ForkedBooter.java:581)

2023-02-13 11:57:16,195 main ERROR Unable to invoke factory method in class org.apache.logging.log4j.core.appender.RollingFileAppender for element RollingFile: java.lang.IllegalStateException: No factory method found for class org.apache.logging.log4j.core.appender.RollingFileAppender java.lang.IllegalStateException: No factory method found for class org.apache.logging.log4j.core.appender.RollingFileAppender
	at org.apache.logging.log4j.core.config.plugins.util.PluginBuilder.findFactoryMethod(PluginBuilder.java:260)
	at org.apache.logging.log4j.core.config.plugins.util.PluginBuilder.build(PluginBuilder.java:136)
	at org.apache.logging.log4j.core.config.AbstractConfiguration.createPluginObject(AbstractConfiguration.java:1138)
	at org.apache.logging.log4j.core.config.AbstractConfiguration.createConfiguration(AbstractConfiguration.java:1063)
	at org.apache.logging.log4j.core.appender.routing.RoutingAppender.createAppender(RoutingAppender.java:310)
	at org.apache.logging.log4j.core.appender.routing.RoutingAppender.getControl(RoutingAppender.java:282)
	at org.apache.logging.log4j.core.appender.routing.RoutingAppender.append(RoutingAppender.java:240)
	at org.apache.logging.log4j.core.config.AppenderControl.tryCallAppender(AppenderControl.java:161)
	at org.apache.logging.log4j.core.config.AppenderControl.callAppender0(AppenderControl.java:134)
	at org.apache.logging.log4j.core.config.AppenderControl.callAppenderPreventRecursion(AppenderControl.java:125)
	at org.apache.logging.log4j.core.config.AppenderControl.callAppender(AppenderControl.java:89)
	at org.apache.logging.log4j.core.config.LoggerConfig.callAppenders(LoggerConfig.java:683)
	at org.apache.logging.log4j.core.config.LoggerConfig.processLogEvent(LoggerConfig.java:641)
	at org.apache.logging.log4j.core.config.LoggerConfig.log(LoggerConfig.java:624)
	at org.apache.logging.log4j.core.config.LoggerConfig.log(LoggerConfig.java:560)
	at org.apache.logging.log4j.core.config.AwaitCompletionReliabilityStrategy.log(AwaitCompletionReliabilityStrategy.java:82)
	at org.apache.logging.log4j.core.Logger.log(Logger.java:162)
	at org.apache.logging.log4j.spi.AbstractLogger.logMessage(AbstractLogger.java:2106)
	at org.apache.logging.log4j.internal.DefaultLogBuilder.logMessage(DefaultLogBuilder.java:241)
	at org.apache.logging.log4j.internal.DefaultLogBuilder.log(DefaultLogBuilder.java:162)
	at org.apache.poi.ooxml.POIXMLFactory.createDocumentPart(POIXMLFactory.java:65)
	at org.apache.poi.ooxml.POIXMLDocumentPart.read(POIXMLDocumentPart.java:661)
	at org.apache.poi.ooxml.POIXMLDocumentPart.read(POIXMLDocumentPart.java:678)
	at org.apache.poi.ooxml.POIXMLDocument.load(POIXMLDocument.java:165)
	at org.apache.poi.xssf.usermodel.XSSFWorkbook.<init>(XSSFWorkbook.java:260)
	at org.apache.poi.xssf.usermodel.XSSFWorkbook.<init>(XSSFWorkbook.java:290)
	at org.apache.poi.xssf.usermodel.XSSFWorkbook.<init>(XSSFWorkbook.java:286)
	at externalResources.ExcelDataRead.<init>(ExcelDataRead.java:22)
	at listeners.AnnotationsTransformer.toBeExecuted(AnnotationsTransformer.java:36)
	at listeners.AnnotationsTransformer.transform(AnnotationsTransformer.java:24)
	at org.testng.internal.annotations.JDK15AnnotationFinder.transform(JDK15AnnotationFinder.java:172)
	at org.testng.internal.annotations.JDK15AnnotationFinder.lambda$findAnnotation$0(JDK15AnnotationFinder.java:279)
	at java.base/java.util.concurrent.ConcurrentHashMap.computeIfAbsent(ConcurrentHashMap.java:1705)
	at org.testng.internal.annotations.JDK15AnnotationFinder.findAnnotation(JDK15AnnotationFinder.java:275)
	at org.testng.internal.annotations.JDK15AnnotationFinder.findAnnotation(JDK15AnnotationFinder.java:113)
	at org.testng.internal.TestNGClassFinder.isTestNGClass(TestNGClassFinder.java:275)
	at org.testng.internal.TestNGClassFinder.isNotTestNGClass(TestNGClassFinder.java:260)
	at org.testng.internal.TestNGClassFinder.processClass(TestNGClassFinder.java:94)
	at org.testng.internal.TestNGClassFinder.<init>(TestNGClassFinder.java:67)
	at org.testng.TestRunner.initMethods(TestRunner.java:442)
	at org.testng.TestRunner.init(TestRunner.java:336)
	at org.testng.TestRunner.init(TestRunner.java:289)
	at org.testng.TestRunner.<init>(TestRunner.java:179)
	at org.testng.SuiteRunner$DefaultTestRunnerFactory.newTestRunner(SuiteRunner.java:643)
	at org.testng.SuiteRunner.init(SuiteRunner.java:225)
	at org.testng.SuiteRunner.<init>(SuiteRunner.java:115)
	at org.testng.TestNG.createSuiteRunner(TestNG.java:1349)
	at org.testng.TestNG.createSuiteRunners(TestNG.java:1325)
	at org.testng.TestNG.runSuitesLocally(TestNG.java:1167)
	at org.testng.TestNG.runSuites(TestNG.java:1099)
	at org.testng.TestNG.run(TestNG.java:1067)
	at org.apache.maven.surefire.testng.TestNGExecutor.run(TestNGExecutor.java:324)
	at org.apache.maven.surefire.testng.TestNGXmlTestSuite.execute(TestNGXmlTestSuite.java:74)
	at org.apache.maven.surefire.testng.TestNGProvider.invoke(TestNGProvider.java:123)
	at org.apache.maven.surefire.booter.ForkedBooter.runSuitesInProcess(ForkedBooter.java:456)
	at org.apache.maven.surefire.booter.ForkedBooter.execute(ForkedBooter.java:169)
	at org.apache.maven.surefire.booter.ForkedBooter.run(ForkedBooter.java:595)
	at org.apache.maven.surefire.booter.ForkedBooter.main(ForkedBooter.java:581)

2023-02-13 11:57:16,198 main ERROR Unable to create file ./results/logs/${ctx:threadName}.log java.io.IOException: The filename, directory name, or volume label syntax is incorrect
	at java.base/java.io.WinNTFileSystem.canonicalize0(Native Method)
	at java.base/java.io.WinNTFileSystem.canonicalize(WinNTFileSystem.java:483)
	at java.base/java.io.File.getCanonicalPath(File.java:626)
	at java.base/java.io.File.getCanonicalFile(File.java:651)
	at org.apache.logging.log4j.core.util.FileUtils.makeParentDirs(FileUtils.java:139)
	at org.apache.logging.log4j.core.appender.rolling.RollingFileManager$RollingFileManagerFactory.createManager(RollingFileManager.java:734)
	at org.apache.logging.log4j.core.appender.rolling.RollingFileManager$RollingFileManagerFactory.createManager(RollingFileManager.java:718)
	at org.apache.logging.log4j.core.appender.AbstractManager.getManager(AbstractManager.java:144)
	at org.apache.logging.log4j.core.appender.OutputStreamManager.getManager(OutputStreamManager.java:100)
	at org.apache.logging.log4j.core.appender.rolling.RollingFileManager.getFileManager(RollingFileManager.java:217)
	at org.apache.logging.log4j.core.appender.RollingFileAppender$Builder.build(RollingFileAppender.java:135)
	at org.apache.logging.log4j.core.appender.RollingFileAppender$Builder.build(RollingFileAppender.java:62)
	at org.apache.logging.log4j.core.config.plugins.util.PluginBuilder.build(PluginBuilder.java:124)
	at org.apache.logging.log4j.core.config.AbstractConfiguration.createPluginObject(AbstractConfiguration.java:1138)
	at org.apache.logging.log4j.core.config.AbstractConfiguration.createConfiguration(AbstractConfiguration.java:1063)
	at org.apache.logging.log4j.core.appender.routing.RoutingAppender.createAppender(RoutingAppender.java:310)
	at org.apache.logging.log4j.core.appender.routing.RoutingAppender.getControl(RoutingAppender.java:282)
	at org.apache.logging.log4j.core.appender.routing.RoutingAppender.append(RoutingAppender.java:240)
	at org.apache.logging.log4j.core.config.AppenderControl.tryCallAppender(AppenderControl.java:161)
	at org.apache.logging.log4j.core.config.AppenderControl.callAppender0(AppenderControl.java:134)
	at org.apache.logging.log4j.core.config.AppenderControl.callAppenderPreventRecursion(AppenderControl.java:125)
	at org.apache.logging.log4j.core.config.AppenderControl.callAppender(AppenderControl.java:89)
	at org.apache.logging.log4j.core.config.LoggerConfig.callAppenders(LoggerConfig.java:683)
	at org.apache.logging.log4j.core.config.LoggerConfig.processLogEvent(LoggerConfig.java:641)
	at org.apache.logging.log4j.core.config.LoggerConfig.log(LoggerConfig.java:624)
	at org.apache.logging.log4j.core.config.LoggerConfig.log(LoggerConfig.java:560)
	at org.apache.logging.log4j.core.config.AwaitCompletionReliabilityStrategy.log(AwaitCompletionReliabilityStrategy.java:82)
	at org.apache.logging.log4j.core.Logger.log(Logger.java:162)
	at org.apache.logging.log4j.spi.AbstractLogger.logMessage(AbstractLogger.java:2106)
	at org.apache.logging.log4j.internal.DefaultLogBuilder.logMessage(DefaultLogBuilder.java:241)
	at org.apache.logging.log4j.internal.DefaultLogBuilder.log(DefaultLogBuilder.java:162)
	at org.apache.poi.ooxml.POIXMLFactory.createDocumentPart(POIXMLFactory.java:65)
	at org.apache.poi.ooxml.POIXMLDocumentPart.read(POIXMLDocumentPart.java:661)
	at org.apache.poi.ooxml.POIXMLDocumentPart.read(POIXMLDocumentPart.java:678)
	at org.apache.poi.ooxml.POIXMLDocument.load(POIXMLDocument.java:165)
	at org.apache.poi.xssf.usermodel.XSSFWorkbook.<init>(XSSFWorkbook.java:260)
	at org.apache.poi.xssf.usermodel.XSSFWorkbook.<init>(XSSFWorkbook.java:290)
	at org.apache.poi.xssf.usermodel.XSSFWorkbook.<init>(XSSFWorkbook.java:286)
	at externalResources.ExcelDataRead.<init>(ExcelDataRead.java:22)
	at listeners.AnnotationsTransformer.toBeExecuted(AnnotationsTransformer.java:36)
	at listeners.AnnotationsTransformer.transform(AnnotationsTransformer.java:24)
	at org.testng.internal.annotations.JDK15AnnotationFinder.transform(JDK15AnnotationFinder.java:172)
	at org.testng.internal.annotations.JDK15AnnotationFinder.lambda$findAnnotation$0(JDK15AnnotationFinder.java:279)
	at java.base/java.util.concurrent.ConcurrentHashMap.computeIfAbsent(ConcurrentHashMap.java:1705)
	at org.testng.internal.annotations.JDK15AnnotationFinder.findAnnotation(JDK15AnnotationFinder.java:275)
	at org.testng.internal.annotations.JDK15AnnotationFinder.findAnnotation(JDK15AnnotationFinder.java:113)
	at org.testng.internal.TestNGClassFinder.isTestNGClass(TestNGClassFinder.java:275)
	at org.testng.internal.TestNGClassFinder.isNotTestNGClass(TestNGClassFinder.java:260)
	at org.testng.internal.TestNGClassFinder.processClass(TestNGClassFinder.java:94)
	at org.testng.internal.TestNGClassFinder.<init>(TestNGClassFinder.java:67)
	at org.testng.TestRunner.initMethods(TestRunner.java:442)
	at org.testng.TestRunner.init(TestRunner.java:336)
	at org.testng.TestRunner.init(TestRunner.java:289)
	at org.testng.TestRunner.<init>(TestRunner.java:179)
	at org.testng.SuiteRunner$DefaultTestRunnerFactory.newTestRunner(SuiteRunner.java:643)
	at org.testng.SuiteRunner.init(SuiteRunner.java:225)
	at org.testng.SuiteRunner.<init>(SuiteRunner.java:115)
	at org.testng.TestNG.createSuiteRunner(TestNG.java:1349)
	at org.testng.TestNG.createSuiteRunners(TestNG.java:1325)
	at org.testng.TestNG.runSuitesLocally(TestNG.java:1167)
	at org.testng.TestNG.runSuites(TestNG.java:1099)
	at org.testng.TestNG.run(TestNG.java:1067)
	at org.apache.maven.surefire.testng.TestNGExecutor.run(TestNGExecutor.java:324)
	at org.apache.maven.surefire.testng.TestNGXmlTestSuite.execute(TestNGXmlTestSuite.java:74)
	at org.apache.maven.surefire.testng.TestNGProvider.invoke(TestNGProvider.java:123)
	at org.apache.maven.surefire.booter.ForkedBooter.runSuitesInProcess(ForkedBooter.java:456)
	at org.apache.maven.surefire.booter.ForkedBooter.execute(ForkedBooter.java:169)
	at org.apache.maven.surefire.booter.ForkedBooter.run(ForkedBooter.java:595)
	at org.apache.maven.surefire.booter.ForkedBooter.main(ForkedBooter.java:581)

2023-02-13 11:57:16,199 main ERROR Could not create plugin of type class org.apache.logging.log4j.core.appender.RollingFileAppender for element RollingFile: java.lang.IllegalStateException: ManagerFactory [org.apache.logging.log4j.core.appender.rolling.RollingFileManager$RollingFileManagerFactory@4e6d7365] unable to create manager for [./results/logs/${ctx:threadName}.log] with data [org.apache.logging.log4j.core.appender.rolling.RollingFileManager$FactoryData@23382f76[pattern=./results/logs/${ctx:threadName}-%d{yyyy-MM-dd}.log, append=true, bufferedIO=true, bufferSize=8192, policy=SizeBasedTriggeringPolicy(size=512000), strategy=DefaultRolloverStrategy(min=1, max=7, useMax=true), advertiseURI=null, layout=%d{HH:mm:ss.SSS} [%t] %-5level %logger{36} - %msg%n, filePermissions=null, fileOwner=null]] java.lang.IllegalStateException: ManagerFactory [org.apache.logging.log4j.core.appender.rolling.RollingFileManager$RollingFileManagerFactory@4e6d7365] unable to create manager for [./results/logs/${ctx:threadName}.log] with data [org.apache.logging.log4j.core.appender.rolling.RollingFileManager$FactoryData@23382f76[pattern=./results/logs/${ctx:threadName}-%d{yyyy-MM-dd}.log, append=true, bufferedIO=true, bufferSize=8192, policy=SizeBasedTriggeringPolicy(size=512000), strategy=DefaultRolloverStrategy(min=1, max=7, useMax=true), advertiseURI=null, layout=%d{HH:mm:ss.SSS} [%t] %-5level %logger{36} - %msg%n, filePermissions=null, fileOwner=null]]
	at org.apache.logging.log4j.core.appender.AbstractManager.getManager(AbstractManager.java:146)
	at org.apache.logging.log4j.core.appender.OutputStreamManager.getManager(OutputStreamManager.java:100)
	at org.apache.logging.log4j.core.appender.rolling.RollingFileManager.getFileManager(RollingFileManager.java:217)
	at org.apache.logging.log4j.core.appender.RollingFileAppender$Builder.build(RollingFileAppender.java:135)
	at org.apache.logging.log4j.core.appender.RollingFileAppender$Builder.build(RollingFileAppender.java:62)
	at org.apache.logging.log4j.core.config.plugins.util.PluginBuilder.build(PluginBuilder.java:124)
	at org.apache.logging.log4j.core.config.AbstractConfiguration.createPluginObject(AbstractConfiguration.java:1138)
	at org.apache.logging.log4j.core.config.AbstractConfiguration.createConfiguration(AbstractConfiguration.java:1063)
	at org.apache.logging.log4j.core.appender.routing.RoutingAppender.createAppender(RoutingAppender.java:310)
	at org.apache.logging.log4j.core.appender.routing.RoutingAppender.getControl(RoutingAppender.java:282)
	at org.apache.logging.log4j.core.appender.routing.RoutingAppender.append(RoutingAppender.java:240)
	at org.apache.logging.log4j.core.config.AppenderControl.tryCallAppender(AppenderControl.java:161)
	at org.apache.logging.log4j.core.config.AppenderControl.callAppender0(AppenderControl.java:134)
	at org.apache.logging.log4j.core.config.AppenderControl.callAppenderPreventRecursion(AppenderControl.java:125)
	at org.apache.logging.log4j.core.config.AppenderControl.callAppender(AppenderControl.java:89)
	at org.apache.logging.log4j.core.config.LoggerConfig.callAppenders(LoggerConfig.java:683)
	at org.apache.logging.log4j.core.config.LoggerConfig.processLogEvent(LoggerConfig.java:641)
	at org.apache.logging.log4j.core.config.LoggerConfig.log(LoggerConfig.java:624)
	at org.apache.logging.log4j.core.config.LoggerConfig.log(LoggerConfig.java:560)
	at org.apache.logging.log4j.core.config.AwaitCompletionReliabilityStrategy.log(AwaitCompletionReliabilityStrategy.java:82)
	at org.apache.logging.log4j.core.Logger.log(Logger.java:162)
	at org.apache.logging.log4j.spi.AbstractLogger.logMessage(AbstractLogger.java:2106)
	at org.apache.logging.log4j.internal.DefaultLogBuilder.logMessage(DefaultLogBuilder.java:241)
	at org.apache.logging.log4j.internal.DefaultLogBuilder.log(DefaultLogBuilder.java:162)
	at org.apache.poi.ooxml.POIXMLFactory.createDocumentPart(POIXMLFactory.java:65)
	at org.apache.poi.ooxml.POIXMLDocumentPart.read(POIXMLDocumentPart.java:661)
	at org.apache.poi.ooxml.POIXMLDocumentPart.read(POIXMLDocumentPart.java:678)
	at org.apache.poi.ooxml.POIXMLDocument.load(POIXMLDocument.java:165)
	at org.apache.poi.xssf.usermodel.XSSFWorkbook.<init>(XSSFWorkbook.java:260)
	at org.apache.poi.xssf.usermodel.XSSFWorkbook.<init>(XSSFWorkbook.java:290)
	at org.apache.poi.xssf.usermodel.XSSFWorkbook.<init>(XSSFWorkbook.java:286)
	at externalResources.ExcelDataRead.<init>(ExcelDataRead.java:22)
	at listeners.AnnotationsTransformer.toBeExecuted(AnnotationsTransformer.java:36)
	at listeners.AnnotationsTransformer.transform(AnnotationsTransformer.java:24)
	at org.testng.internal.annotations.JDK15AnnotationFinder.transform(JDK15AnnotationFinder.java:172)
	at org.testng.internal.annotations.JDK15AnnotationFinder.lambda$findAnnotation$0(JDK15AnnotationFinder.java:279)
	at java.base/java.util.concurrent.ConcurrentHashMap.computeIfAbsent(ConcurrentHashMap.java:1705)
	at org.testng.internal.annotations.JDK15AnnotationFinder.findAnnotation(JDK15AnnotationFinder.java:275)
	at org.testng.internal.annotations.JDK15AnnotationFinder.findAnnotation(JDK15AnnotationFinder.java:113)
	at org.testng.internal.TestNGClassFinder.isTestNGClass(TestNGClassFinder.java:275)
	at org.testng.internal.TestNGClassFinder.isNotTestNGClass(TestNGClassFinder.java:260)
	at org.testng.internal.TestNGClassFinder.processClass(TestNGClassFinder.java:94)
	at org.testng.internal.TestNGClassFinder.<init>(TestNGClassFinder.java:67)
	at org.testng.TestRunner.initMethods(TestRunner.java:442)
	at org.testng.TestRunner.init(TestRunner.java:336)
	at org.testng.TestRunner.init(TestRunner.java:289)
	at org.testng.TestRunner.<init>(TestRunner.java:179)
	at org.testng.SuiteRunner$DefaultTestRunnerFactory.newTestRunner(SuiteRunner.java:643)
	at org.testng.SuiteRunner.init(SuiteRunner.java:225)
	at org.testng.SuiteRunner.<init>(SuiteRunner.java:115)
	at org.testng.TestNG.createSuiteRunner(TestNG.java:1349)
	at org.testng.TestNG.createSuiteRunners(TestNG.java:1325)
	at org.testng.TestNG.runSuitesLocally(TestNG.java:1167)
	at org.testng.TestNG.runSuites(TestNG.java:1099)
	at org.testng.TestNG.run(TestNG.java:1067)
	at org.apache.maven.surefire.testng.TestNGExecutor.run(TestNGExecutor.java:324)
	at org.apache.maven.surefire.testng.TestNGXmlTestSuite.execute(TestNGXmlTestSuite.java:74)
	at org.apache.maven.surefire.testng.TestNGProvider.invoke(TestNGProvider.java:123)
	at org.apache.maven.surefire.booter.ForkedBooter.runSuitesInProcess(ForkedBooter.java:456)
	at org.apache.maven.surefire.booter.ForkedBooter.execute(ForkedBooter.java:169)
	at org.apache.maven.surefire.booter.ForkedBooter.run(ForkedBooter.java:595)
	at org.apache.maven.surefire.booter.ForkedBooter.main(ForkedBooter.java:581)

2023-02-13 11:57:16,199 main ERROR Unable to invoke factory method in class org.apache.logging.log4j.core.appender.RollingFileAppender for element RollingFile: java.lang.IllegalStateException: No factory method found for class org.apache.logging.log4j.core.appender.RollingFileAppender java.lang.IllegalStateException: No factory method found for class org.apache.logging.log4j.core.appender.RollingFileAppender
	at org.apache.logging.log4j.core.config.plugins.util.PluginBuilder.findFactoryMethod(PluginBuilder.java:260)
	at org.apache.logging.log4j.core.config.plugins.util.PluginBuilder.build(PluginBuilder.java:136)
	at org.apache.logging.log4j.core.config.AbstractConfiguration.createPluginObject(AbstractConfiguration.java:1138)
	at org.apache.logging.log4j.core.config.AbstractConfiguration.createConfiguration(AbstractConfiguration.java:1063)
	at org.apache.logging.log4j.core.appender.routing.RoutingAppender.createAppender(RoutingAppender.java:310)
	at org.apache.logging.log4j.core.appender.routing.RoutingAppender.getControl(RoutingAppender.java:282)
	at org.apache.logging.log4j.core.appender.routing.RoutingAppender.append(RoutingAppender.java:240)
	at org.apache.logging.log4j.core.config.AppenderControl.tryCallAppender(AppenderControl.java:161)
	at org.apache.logging.log4j.core.config.AppenderControl.callAppender0(AppenderControl.java:134)
	at org.apache.logging.log4j.core.config.AppenderControl.callAppenderPreventRecursion(AppenderControl.java:125)
	at org.apache.logging.log4j.core.config.AppenderControl.callAppender(AppenderControl.java:89)
	at org.apache.logging.log4j.core.config.LoggerConfig.callAppenders(LoggerConfig.java:683)
	at org.apache.logging.log4j.core.config.LoggerConfig.processLogEvent(LoggerConfig.java:641)
	at org.apache.logging.log4j.core.config.LoggerConfig.log(LoggerConfig.java:624)
	at org.apache.logging.log4j.core.config.LoggerConfig.log(LoggerConfig.java:560)
	at org.apache.logging.log4j.core.config.AwaitCompletionReliabilityStrategy.log(AwaitCompletionReliabilityStrategy.java:82)
	at org.apache.logging.log4j.core.Logger.log(Logger.java:162)
	at org.apache.logging.log4j.spi.AbstractLogger.logMessage(AbstractLogger.java:2106)
	at org.apache.logging.log4j.internal.DefaultLogBuilder.logMessage(DefaultLogBuilder.java:241)
	at org.apache.logging.log4j.internal.DefaultLogBuilder.log(DefaultLogBuilder.java:162)
	at org.apache.poi.ooxml.POIXMLFactory.createDocumentPart(POIXMLFactory.java:65)
	at org.apache.poi.ooxml.POIXMLDocumentPart.read(POIXMLDocumentPart.java:661)
	at org.apache.poi.ooxml.POIXMLDocumentPart.read(POIXMLDocumentPart.java:678)
	at org.apache.poi.ooxml.POIXMLDocument.load(POIXMLDocument.java:165)
	at org.apache.poi.xssf.usermodel.XSSFWorkbook.<init>(XSSFWorkbook.java:260)
	at org.apache.poi.xssf.usermodel.XSSFWorkbook.<init>(XSSFWorkbook.java:290)
	at org.apache.poi.xssf.usermodel.XSSFWorkbook.<init>(XSSFWorkbook.java:286)
	at externalResources.ExcelDataRead.<init>(ExcelDataRead.java:22)
	at listeners.AnnotationsTransformer.toBeExecuted(AnnotationsTransformer.java:36)
	at listeners.AnnotationsTransformer.transform(AnnotationsTransformer.java:24)
	at org.testng.internal.annotations.JDK15AnnotationFinder.transform(JDK15AnnotationFinder.java:172)
	at org.testng.internal.annotations.JDK15AnnotationFinder.lambda$findAnnotation$0(JDK15AnnotationFinder.java:279)
	at java.base/java.util.concurrent.ConcurrentHashMap.computeIfAbsent(ConcurrentHashMap.java:1705)
	at org.testng.internal.annotations.JDK15AnnotationFinder.findAnnotation(JDK15AnnotationFinder.java:275)
	at org.testng.internal.annotations.JDK15AnnotationFinder.findAnnotation(JDK15AnnotationFinder.java:113)
	at org.testng.internal.TestNGClassFinder.isTestNGClass(TestNGClassFinder.java:275)
	at org.testng.internal.TestNGClassFinder.isNotTestNGClass(TestNGClassFinder.java:260)
	at org.testng.internal.TestNGClassFinder.processClass(TestNGClassFinder.java:94)
	at org.testng.internal.TestNGClassFinder.<init>(TestNGClassFinder.java:67)
	at org.testng.TestRunner.initMethods(TestRunner.java:442)
	at org.testng.TestRunner.init(TestRunner.java:336)
	at org.testng.TestRunner.init(TestRunner.java:289)
	at org.testng.TestRunner.<init>(TestRunner.java:179)
	at org.testng.SuiteRunner$DefaultTestRunnerFactory.newTestRunner(SuiteRunner.java:643)
	at org.testng.SuiteRunner.init(SuiteRunner.java:225)
	at org.testng.SuiteRunner.<init>(SuiteRunner.java:115)
	at org.testng.TestNG.createSuiteRunner(TestNG.java:1349)
	at org.testng.TestNG.createSuiteRunners(TestNG.java:1325)
	at org.testng.TestNG.runSuitesLocally(TestNG.java:1167)
	at org.testng.TestNG.runSuites(TestNG.java:1099)
	at org.testng.TestNG.run(TestNG.java:1067)
	at org.apache.maven.surefire.testng.TestNGExecutor.run(TestNGExecutor.java:324)
	at org.apache.maven.surefire.testng.TestNGXmlTestSuite.execute(TestNGXmlTestSuite.java:74)
	at org.apache.maven.surefire.testng.TestNGProvider.invoke(TestNGProvider.java:123)
	at org.apache.maven.surefire.booter.ForkedBooter.runSuitesInProcess(ForkedBooter.java:456)
	at org.apache.maven.surefire.booter.ForkedBooter.execute(ForkedBooter.java:169)
	at org.apache.maven.surefire.booter.ForkedBooter.run(ForkedBooter.java:595)
	at org.apache.maven.surefire.booter.ForkedBooter.main(ForkedBooter.java:581)

2023-02-13 11:57:16,221 main ERROR Unable to create file ./results/logs/${ctx:threadName}.log java.io.IOException: The filename, directory name, or volume label syntax is incorrect
	at java.base/java.io.WinNTFileSystem.canonicalize0(Native Method)
	at java.base/java.io.WinNTFileSystem.canonicalize(WinNTFileSystem.java:483)
	at java.base/java.io.File.getCanonicalPath(File.java:626)
	at java.base/java.io.File.getCanonicalFile(File.java:651)
	at org.apache.logging.log4j.core.util.FileUtils.makeParentDirs(FileUtils.java:139)
	at org.apache.logging.log4j.core.appender.rolling.RollingFileManager$RollingFileManagerFactory.createManager(RollingFileManager.java:734)
	at org.apache.logging.log4j.core.appender.rolling.RollingFileManager$RollingFileManagerFactory.createManager(RollingFileManager.java:718)
	at org.apache.logging.log4j.core.appender.AbstractManager.getManager(AbstractManager.java:144)
	at org.apache.logging.log4j.core.appender.OutputStreamManager.getManager(OutputStreamManager.java:100)
	at org.apache.logging.log4j.core.appender.rolling.RollingFileManager.getFileManager(RollingFileManager.java:217)
	at org.apache.logging.log4j.core.appender.RollingFileAppender$Builder.build(RollingFileAppender.java:135)
	at org.apache.logging.log4j.core.appender.RollingFileAppender$Builder.build(RollingFileAppender.java:62)
	at org.apache.logging.log4j.core.config.plugins.util.PluginBuilder.build(PluginBuilder.java:124)
	at org.apache.logging.log4j.core.config.AbstractConfiguration.createPluginObject(AbstractConfiguration.java:1138)
	at org.apache.logging.log4j.core.config.AbstractConfiguration.createConfiguration(AbstractConfiguration.java:1063)
	at org.apache.logging.log4j.core.appender.routing.RoutingAppender.createAppender(RoutingAppender.java:310)
	at org.apache.logging.log4j.core.appender.routing.RoutingAppender.getControl(RoutingAppender.java:282)
	at org.apache.logging.log4j.core.appender.routing.RoutingAppender.append(RoutingAppender.java:240)
	at org.apache.logging.log4j.core.config.AppenderControl.tryCallAppender(AppenderControl.java:161)
	at org.apache.logging.log4j.core.config.AppenderControl.callAppender0(AppenderControl.java:134)
	at org.apache.logging.log4j.core.config.AppenderControl.callAppenderPreventRecursion(AppenderControl.java:125)
	at org.apache.logging.log4j.core.config.AppenderControl.callAppender(AppenderControl.java:89)
	at org.apache.logging.log4j.core.config.LoggerConfig.callAppenders(LoggerConfig.java:683)
	at org.apache.logging.log4j.core.config.LoggerConfig.processLogEvent(LoggerConfig.java:641)
	at org.apache.logging.log4j.core.config.LoggerConfig.log(LoggerConfig.java:624)
	at org.apache.logging.log4j.core.config.LoggerConfig.log(LoggerConfig.java:560)
	at org.apache.logging.log4j.core.config.AwaitCompletionReliabilityStrategy.log(AwaitCompletionReliabilityStrategy.java:82)
	at org.apache.logging.log4j.core.Logger.log(Logger.java:162)
	at org.apache.logging.log4j.spi.AbstractLogger.logMessage(AbstractLogger.java:2106)
	at org.apache.logging.log4j.internal.DefaultLogBuilder.logMessage(DefaultLogBuilder.java:241)
	at org.apache.logging.log4j.internal.DefaultLogBuilder.log(DefaultLogBuilder.java:162)
	at org.apache.poi.openxml4j.opc.PackageRelationshipCollection.parseRelationshipsPart(PackageRelationshipCollection.java:309)
	at org.apache.poi.openxml4j.opc.PackageRelationshipCollection.<init>(PackageRelationshipCollection.java:160)
	at org.apache.poi.openxml4j.opc.PackageRelationshipCollection.<init>(PackageRelationshipCollection.java:130)
	at org.apache.poi.openxml4j.opc.PackagePart.loadRelationships(PackagePart.java:565)
	at org.apache.poi.openxml4j.opc.OPCPackage.getParts(OPCPackage.java:751)
	at org.apache.poi.openxml4j.opc.OPCPackage.open(OPCPackage.java:322)
	at org.apache.poi.ooxml.util.PackageHelper.open(PackageHelper.java:59)
	at org.apache.poi.xssf.usermodel.XSSFWorkbook.<init>(XSSFWorkbook.java:290)
	at org.apache.poi.xssf.usermodel.XSSFWorkbook.<init>(XSSFWorkbook.java:286)
	at externalResources.ExcelDataRead.<init>(ExcelDataRead.java:22)
	at listeners.AnnotationsTransformer.toBeExecuted(AnnotationsTransformer.java:36)
	at listeners.AnnotationsTransformer.transform(AnnotationsTransformer.java:24)
	at org.testng.internal.annotations.JDK15AnnotationFinder.transform(JDK15AnnotationFinder.java:172)
	at org.testng.internal.annotations.JDK15AnnotationFinder.lambda$findAnnotation$0(JDK15AnnotationFinder.java:279)
	at java.base/java.util.concurrent.ConcurrentHashMap.computeIfAbsent(ConcurrentHashMap.java:1737)
	at org.testng.internal.annotations.JDK15AnnotationFinder.findAnnotation(JDK15AnnotationFinder.java:275)
	at org.testng.internal.annotations.JDK15AnnotationFinder.findAnnotation(JDK15AnnotationFinder.java:113)
	at org.testng.internal.TestNGClassFinder.isTestNGClass(TestNGClassFinder.java:275)
	at org.testng.internal.TestNGClassFinder.isNotTestNGClass(TestNGClassFinder.java:260)
	at org.testng.internal.TestNGClassFinder.processClass(TestNGClassFinder.java:94)
	at org.testng.internal.TestNGClassFinder.<init>(TestNGClassFinder.java:67)
	at org.testng.TestRunner.initMethods(TestRunner.java:442)
	at org.testng.TestRunner.init(TestRunner.java:336)
	at org.testng.TestRunner.init(TestRunner.java:289)
	at org.testng.TestRunner.<init>(TestRunner.java:179)
	at org.testng.SuiteRunner$DefaultTestRunnerFactory.newTestRunner(SuiteRunner.java:643)
	at org.testng.SuiteRunner.init(SuiteRunner.java:225)
	at org.testng.SuiteRunner.<init>(SuiteRunner.java:115)
	at org.testng.TestNG.createSuiteRunner(TestNG.java:1349)
	at org.testng.TestNG.createSuiteRunners(TestNG.java:1325)
	at org.testng.TestNG.runSuitesLocally(TestNG.java:1167)
	at org.testng.TestNG.runSuites(TestNG.java:1099)
	at org.testng.TestNG.run(TestNG.java:1067)
	at org.apache.maven.surefire.testng.TestNGExecutor.run(TestNGExecutor.java:324)
	at org.apache.maven.surefire.testng.TestNGXmlTestSuite.execute(TestNGXmlTestSuite.java:74)
	at org.apache.maven.surefire.testng.TestNGProvider.invoke(TestNGProvider.java:123)
	at org.apache.maven.surefire.booter.ForkedBooter.runSuitesInProcess(ForkedBooter.java:456)
	at org.apache.maven.surefire.booter.ForkedBooter.execute(ForkedBooter.java:169)
	at org.apache.maven.surefire.booter.ForkedBooter.run(ForkedBooter.java:595)
	at org.apache.maven.surefire.booter.ForkedBooter.main(ForkedBooter.java:581)

2023-02-13 11:57:16,222 main ERROR Could not create plugin of type class org.apache.logging.log4j.core.appender.RollingFileAppender for element RollingFile: java.lang.IllegalStateException: ManagerFactory [org.apache.logging.log4j.core.appender.rolling.RollingFileManager$RollingFileManagerFactory@4e6d7365] unable to create manager for [./results/logs/${ctx:threadName}.log] with data [org.apache.logging.log4j.core.appender.rolling.RollingFileManager$FactoryData@37ed010a[pattern=./results/logs/${ctx:threadName}-%d{yyyy-MM-dd}.log, append=true, bufferedIO=true, bufferSize=8192, policy=SizeBasedTriggeringPolicy(size=512000), strategy=DefaultRolloverStrategy(min=1, max=7, useMax=true), advertiseURI=null, layout=%d{HH:mm:ss.SSS} [%t] %-5level %logger{36} - %msg%n, filePermissions=null, fileOwner=null]] java.lang.IllegalStateException: ManagerFactory [org.apache.logging.log4j.core.appender.rolling.RollingFileManager$RollingFileManagerFactory@4e6d7365] unable to create manager for [./results/logs/${ctx:threadName}.log] with data [org.apache.logging.log4j.core.appender.rolling.RollingFileManager$FactoryData@37ed010a[pattern=./results/logs/${ctx:threadName}-%d{yyyy-MM-dd}.log, append=true, bufferedIO=true, bufferSize=8192, policy=SizeBasedTriggeringPolicy(size=512000), strategy=DefaultRolloverStrategy(min=1, max=7, useMax=true), advertiseURI=null, layout=%d{HH:mm:ss.SSS} [%t] %-5level %logger{36} - %msg%n, filePermissions=null, fileOwner=null]]
	at org.apache.logging.log4j.core.appender.AbstractManager.getManager(AbstractManager.java:146)
	at org.apache.logging.log4j.core.appender.OutputStreamManager.getManager(OutputStreamManager.java:100)
	at org.apache.logging.log4j.core.appender.rolling.RollingFileManager.getFileManager(RollingFileManager.java:217)
	at org.apache.logging.log4j.core.appender.RollingFileAppender$Builder.build(RollingFileAppender.java:135)
	at org.apache.logging.log4j.core.appender.RollingFileAppender$Builder.build(RollingFileAppender.java:62)
	at org.apache.logging.log4j.core.config.plugins.util.PluginBuilder.build(PluginBuilder.java:124)
	at org.apache.logging.log4j.core.config.AbstractConfiguration.createPluginObject(AbstractConfiguration.java:1138)
	at org.apache.logging.log4j.core.config.AbstractConfiguration.createConfiguration(AbstractConfiguration.java:1063)
	at org.apache.logging.log4j.core.appender.routing.RoutingAppender.createAppender(RoutingAppender.java:310)
	at org.apache.logging.log4j.core.appender.routing.RoutingAppender.getControl(RoutingAppender.java:282)
	at org.apache.logging.log4j.core.appender.routing.RoutingAppender.append(RoutingAppender.java:240)
	at org.apache.logging.log4j.core.config.AppenderControl.tryCallAppender(AppenderControl.java:161)
	at org.apache.logging.log4j.core.config.AppenderControl.callAppender0(AppenderControl.java:134)
	at org.apache.logging.log4j.core.config.AppenderControl.callAppenderPreventRecursion(AppenderControl.java:125)
	at org.apache.logging.log4j.core.config.AppenderControl.callAppender(AppenderControl.java:89)
	at org.apache.logging.log4j.core.config.LoggerConfig.callAppenders(LoggerConfig.java:683)
	at org.apache.logging.log4j.core.config.LoggerConfig.processLogEvent(LoggerConfig.java:641)
	at org.apache.logging.log4j.core.config.LoggerConfig.log(LoggerConfig.java:624)
	at org.apache.logging.log4j.core.config.LoggerConfig.log(LoggerConfig.java:560)
	at org.apache.logging.log4j.core.config.AwaitCompletionReliabilityStrategy.log(AwaitCompletionReliabilityStrategy.java:82)
	at org.apache.logging.log4j.core.Logger.log(Logger.java:162)
	at org.apache.logging.log4j.spi.AbstractLogger.logMessage(AbstractLogger.java:2106)
	at org.apache.logging.log4j.internal.DefaultLogBuilder.logMessage(DefaultLogBuilder.java:241)
	at org.apache.logging.log4j.internal.DefaultLogBuilder.log(DefaultLogBuilder.java:162)
	at org.apache.poi.openxml4j.opc.PackageRelationshipCollection.parseRelationshipsPart(PackageRelationshipCollection.java:309)
	at org.apache.poi.openxml4j.opc.PackageRelationshipCollection.<init>(PackageRelationshipCollection.java:160)
	at org.apache.poi.openxml4j.opc.PackageRelationshipCollection.<init>(PackageRelationshipCollection.java:130)
	at org.apache.poi.openxml4j.opc.PackagePart.loadRelationships(PackagePart.java:565)
	at org.apache.poi.openxml4j.opc.OPCPackage.getParts(OPCPackage.java:751)
	at org.apache.poi.openxml4j.opc.OPCPackage.open(OPCPackage.java:322)
	at org.apache.poi.ooxml.util.PackageHelper.open(PackageHelper.java:59)
	at org.apache.poi.xssf.usermodel.XSSFWorkbook.<init>(XSSFWorkbook.java:290)
	at org.apache.poi.xssf.usermodel.XSSFWorkbook.<init>(XSSFWorkbook.java:286)
	at externalResources.ExcelDataRead.<init>(ExcelDataRead.java:22)
	at listeners.AnnotationsTransformer.toBeExecuted(AnnotationsTransformer.java:36)
	at listeners.AnnotationsTransformer.transform(AnnotationsTransformer.java:24)
	at org.testng.internal.annotations.JDK15AnnotationFinder.transform(JDK15AnnotationFinder.java:172)
	at org.testng.internal.annotations.JDK15AnnotationFinder.lambda$findAnnotation$0(JDK15AnnotationFinder.java:279)
	at java.base/java.util.concurrent.ConcurrentHashMap.computeIfAbsent(ConcurrentHashMap.java:1737)
	at org.testng.internal.annotations.JDK15AnnotationFinder.findAnnotation(JDK15AnnotationFinder.java:275)
	at org.testng.internal.annotations.JDK15AnnotationFinder.findAnnotation(JDK15AnnotationFinder.java:113)
	at org.testng.internal.TestNGClassFinder.isTestNGClass(TestNGClassFinder.java:275)
	at org.testng.internal.TestNGClassFinder.isNotTestNGClass(TestNGClassFinder.java:260)
	at org.testng.internal.TestNGClassFinder.processClass(TestNGClassFinder.java:94)
	at org.testng.internal.TestNGClassFinder.<init>(TestNGClassFinder.java:67)
	at org.testng.TestRunner.initMethods(TestRunner.java:442)
	at org.testng.TestRunner.init(TestRunner.java:336)
	at org.testng.TestRunner.init(TestRunner.java:289)
	at org.testng.TestRunner.<init>(TestRunner.java:179)
	at org.testng.SuiteRunner$DefaultTestRunnerFactory.newTestRunner(SuiteRunner.java:643)
	at org.testng.SuiteRunner.init(SuiteRunner.java:225)
	at org.testng.SuiteRunner.<init>(SuiteRunner.java:115)
	at org.testng.TestNG.createSuiteRunner(TestNG.java:1349)
	at org.testng.TestNG.createSuiteRunners(TestNG.java:1325)
	at org.testng.TestNG.runSuitesLocally(TestNG.java:1167)
	at org.testng.TestNG.runSuites(TestNG.java:1099)
	at org.testng.TestNG.run(TestNG.java:1067)
	at org.apache.maven.surefire.testng.TestNGExecutor.run(TestNGExecutor.java:324)
	at org.apache.maven.surefire.testng.TestNGXmlTestSuite.execute(TestNGXmlTestSuite.java:74)
	at org.apache.maven.surefire.testng.TestNGProvider.invoke(TestNGProvider.java:123)
	at org.apache.maven.surefire.booter.ForkedBooter.runSuitesInProcess(ForkedBooter.java:456)
	at org.apache.maven.surefire.booter.ForkedBooter.execute(ForkedBooter.java:169)
	at org.apache.maven.surefire.booter.ForkedBooter.run(ForkedBooter.java:595)
	at org.apache.maven.surefire.booter.ForkedBooter.main(ForkedBooter.java:581)

2023-02-13 11:57:16,222 main ERROR Unable to invoke factory method in class org.apache.logging.log4j.core.appender.RollingFileAppender for element RollingFile: java.lang.IllegalStateException: No factory method found for class org.apache.logging.log4j.core.appender.RollingFileAppender java.lang.IllegalStateException: No factory method found for class org.apache.logging.log4j.core.appender.RollingFileAppender
	at org.apache.logging.log4j.core.config.plugins.util.PluginBuilder.findFactoryMethod(PluginBuilder.java:260)
	at org.apache.logging.log4j.core.config.plugins.util.PluginBuilder.build(PluginBuilder.java:136)
	at org.apache.logging.log4j.core.config.AbstractConfiguration.createPluginObject(AbstractConfiguration.java:1138)
	at org.apache.logging.log4j.core.config.AbstractConfiguration.createConfiguration(AbstractConfiguration.java:1063)
	at org.apache.logging.log4j.core.appender.routing.RoutingAppender.createAppender(RoutingAppender.java:310)
	at org.apache.logging.log4j.core.appender.routing.RoutingAppender.getControl(RoutingAppender.java:282)
	at org.apache.logging.log4j.core.appender.routing.RoutingAppender.append(RoutingAppender.java:240)
	at org.apache.logging.log4j.core.config.AppenderControl.tryCallAppender(AppenderControl.java:161)
	at org.apache.logging.log4j.core.config.AppenderControl.callAppender0(AppenderControl.java:134)
	at org.apache.logging.log4j.core.config.AppenderControl.callAppenderPreventRecursion(AppenderControl.java:125)
	at org.apache.logging.log4j.core.config.AppenderControl.callAppender(AppenderControl.java:89)
	at org.apache.logging.log4j.core.config.LoggerConfig.callAppenders(LoggerConfig.java:683)
	at org.apache.logging.log4j.core.config.LoggerConfig.processLogEvent(LoggerConfig.java:641)
	at org.apache.logging.log4j.core.config.LoggerConfig.log(LoggerConfig.java:624)
	at org.apache.logging.log4j.core.config.LoggerConfig.log(LoggerConfig.java:560)
	at org.apache.logging.log4j.core.config.AwaitCompletionReliabilityStrategy.log(AwaitCompletionReliabilityStrategy.java:82)
	at org.apache.logging.log4j.core.Logger.log(Logger.java:162)
	at org.apache.logging.log4j.spi.AbstractLogger.logMessage(AbstractLogger.java:2106)
	at org.apache.logging.log4j.internal.DefaultLogBuilder.logMessage(DefaultLogBuilder.java:241)
	at org.apache.logging.log4j.internal.DefaultLogBuilder.log(DefaultLogBuilder.java:162)
	at org.apache.poi.openxml4j.opc.PackageRelationshipCollection.parseRelationshipsPart(PackageRelationshipCollection.java:309)
	at org.apache.poi.openxml4j.opc.PackageRelationshipCollection.<init>(PackageRelationshipCollection.java:160)
	at org.apache.poi.openxml4j.opc.PackageRelationshipCollection.<init>(PackageRelationshipCollection.java:130)
	at org.apache.poi.openxml4j.opc.PackagePart.loadRelationships(PackagePart.java:565)
	at org.apache.poi.openxml4j.opc.OPCPackage.getParts(OPCPackage.java:751)
	at org.apache.poi.openxml4j.opc.OPCPackage.open(OPCPackage.java:322)
	at org.apache.poi.ooxml.util.PackageHelper.open(PackageHelper.java:59)
	at org.apache.poi.xssf.usermodel.XSSFWorkbook.<init>(XSSFWorkbook.java:290)
	at org.apache.poi.xssf.usermodel.XSSFWorkbook.<init>(XSSFWorkbook.java:286)
	at externalResources.ExcelDataRead.<init>(ExcelDataRead.java:22)
	at listeners.AnnotationsTransformer.toBeExecuted(AnnotationsTransformer.java:36)
	at listeners.AnnotationsTransformer.transform(AnnotationsTransformer.java:24)
	at org.testng.internal.annotations.JDK15AnnotationFinder.transform(JDK15AnnotationFinder.java:172)
	at org.testng.internal.annotations.JDK15AnnotationFinder.lambda$findAnnotation$0(JDK15AnnotationFinder.java:279)
	at java.base/java.util.concurrent.ConcurrentHashMap.computeIfAbsent(ConcurrentHashMap.java:1737)
	at org.testng.internal.annotations.JDK15AnnotationFinder.findAnnotation(JDK15AnnotationFinder.java:275)
	at org.testng.internal.annotations.JDK15AnnotationFinder.findAnnotation(JDK15AnnotationFinder.java:113)
	at org.testng.internal.TestNGClassFinder.isTestNGClass(TestNGClassFinder.java:275)
	at org.testng.internal.TestNGClassFinder.isNotTestNGClass(TestNGClassFinder.java:260)
	at org.testng.internal.TestNGClassFinder.processClass(TestNGClassFinder.java:94)
	at org.testng.internal.TestNGClassFinder.<init>(TestNGClassFinder.java:67)
	at org.testng.TestRunner.initMethods(TestRunner.java:442)
	at org.testng.TestRunner.init(TestRunner.java:336)
	at org.testng.TestRunner.init(TestRunner.java:289)
	at org.testng.TestRunner.<init>(TestRunner.java:179)
	at org.testng.SuiteRunner$DefaultTestRunnerFactory.newTestRunner(SuiteRunner.java:643)
	at org.testng.SuiteRunner.init(SuiteRunner.java:225)
	at org.testng.SuiteRunner.<init>(SuiteRunner.java:115)
	at org.testng.TestNG.createSuiteRunner(TestNG.java:1349)
	at org.testng.TestNG.createSuiteRunners(TestNG.java:1325)
	at org.testng.TestNG.runSuitesLocally(TestNG.java:1167)
	at org.testng.TestNG.runSuites(TestNG.java:1099)
	at org.testng.TestNG.run(TestNG.java:1067)
	at org.apache.maven.surefire.testng.TestNGExecutor.run(TestNGExecutor.java:324)
	at org.apache.maven.surefire.testng.TestNGXmlTestSuite.execute(TestNGXmlTestSuite.java:74)
	at org.apache.maven.surefire.testng.TestNGProvider.invoke(TestNGProvider.java:123)
	at org.apache.maven.surefire.booter.ForkedBooter.runSuitesInProcess(ForkedBooter.java:456)
	at org.apache.maven.surefire.booter.ForkedBooter.execute(ForkedBooter.java:169)
	at org.apache.maven.surefire.booter.ForkedBooter.run(ForkedBooter.java:595)
	at org.apache.maven.surefire.booter.ForkedBooter.main(ForkedBooter.java:581)

2023-02-13 11:57:16,226 main ERROR Unable to create file ./results/logs/${ctx:threadName}.log java.io.IOException: The filename, directory name, or volume label syntax is incorrect
	at java.base/java.io.WinNTFileSystem.canonicalize0(Native Method)
	at java.base/java.io.WinNTFileSystem.canonicalize(WinNTFileSystem.java:483)
	at java.base/java.io.File.getCanonicalPath(File.java:626)
	at java.base/java.io.File.getCanonicalFile(File.java:651)
	at org.apache.logging.log4j.core.util.FileUtils.makeParentDirs(FileUtils.java:139)
	at org.apache.logging.log4j.core.appender.rolling.RollingFileManager$RollingFileManagerFactory.createManager(RollingFileManager.java:734)
	at org.apache.logging.log4j.core.appender.rolling.RollingFileManager$RollingFileManagerFactory.createManager(RollingFileManager.java:718)
	at org.apache.logging.log4j.core.appender.AbstractManager.getManager(AbstractManager.java:144)
	at org.apache.logging.log4j.core.appender.OutputStreamManager.getManager(OutputStreamManager.java:100)
	at org.apache.logging.log4j.core.appender.rolling.RollingFileManager.getFileManager(RollingFileManager.java:217)
	at org.apache.logging.log4j.core.appender.RollingFileAppender$Builder.build(RollingFileAppender.java:135)
	at org.apache.logging.log4j.core.appender.RollingFileAppender$Builder.build(RollingFileAppender.java:62)
	at org.apache.logging.log4j.core.config.plugins.util.PluginBuilder.build(PluginBuilder.java:124)
	at org.apache.logging.log4j.core.config.AbstractConfiguration.createPluginObject(AbstractConfiguration.java:1138)
	at org.apache.logging.log4j.core.config.AbstractConfiguration.createConfiguration(AbstractConfiguration.java:1063)
	at org.apache.logging.log4j.core.appender.routing.RoutingAppender.createAppender(RoutingAppender.java:310)
	at org.apache.logging.log4j.core.appender.routing.RoutingAppender.getControl(RoutingAppender.java:282)
	at org.apache.logging.log4j.core.appender.routing.RoutingAppender.append(RoutingAppender.java:240)
	at org.apache.logging.log4j.core.config.AppenderControl.tryCallAppender(AppenderControl.java:161)
	at org.apache.logging.log4j.core.config.AppenderControl.callAppender0(AppenderControl.java:134)
	at org.apache.logging.log4j.core.config.AppenderControl.callAppenderPreventRecursion(AppenderControl.java:125)
	at org.apache.logging.log4j.core.config.AppenderControl.callAppender(AppenderControl.java:89)
	at org.apache.logging.log4j.core.config.LoggerConfig.callAppenders(LoggerConfig.java:683)
	at org.apache.logging.log4j.core.config.LoggerConfig.processLogEvent(LoggerConfig.java:641)
	at org.apache.logging.log4j.core.config.LoggerConfig.log(LoggerConfig.java:624)
	at org.apache.logging.log4j.core.config.LoggerConfig.log(LoggerConfig.java:560)
	at org.apache.logging.log4j.core.config.AwaitCompletionReliabilityStrategy.log(AwaitCompletionReliabilityStrategy.java:82)
	at org.apache.logging.log4j.core.Logger.log(Logger.java:162)
	at org.apache.logging.log4j.spi.AbstractLogger.logMessage(AbstractLogger.java:2106)
	at org.apache.logging.log4j.internal.DefaultLogBuilder.logMessage(DefaultLogBuilder.java:241)
	at org.apache.logging.log4j.internal.DefaultLogBuilder.log(DefaultLogBuilder.java:162)
	at org.apache.poi.openxml4j.opc.PackageRelationshipCollection.parseRelationshipsPart(PackageRelationshipCollection.java:309)
	at org.apache.poi.openxml4j.opc.PackageRelationshipCollection.<init>(PackageRelationshipCollection.java:160)
	at org.apache.poi.openxml4j.opc.PackageRelationshipCollection.<init>(PackageRelationshipCollection.java:130)
	at org.apache.poi.openxml4j.opc.PackagePart.loadRelationships(PackagePart.java:565)
	at org.apache.poi.openxml4j.opc.OPCPackage.getParts(OPCPackage.java:751)
	at org.apache.poi.openxml4j.opc.OPCPackage.open(OPCPackage.java:322)
	at org.apache.poi.ooxml.util.PackageHelper.open(PackageHelper.java:59)
	at org.apache.poi.xssf.usermodel.XSSFWorkbook.<init>(XSSFWorkbook.java:290)
	at org.apache.poi.xssf.usermodel.XSSFWorkbook.<init>(XSSFWorkbook.java:286)
	at externalResources.ExcelDataRead.<init>(ExcelDataRead.java:22)
	at listeners.AnnotationsTransformer.toBeExecuted(AnnotationsTransformer.java:36)
	at listeners.AnnotationsTransformer.transform(AnnotationsTransformer.java:24)
	at org.testng.internal.annotations.JDK15AnnotationFinder.transform(JDK15AnnotationFinder.java:172)
	at org.testng.internal.annotations.JDK15AnnotationFinder.lambda$findAnnotation$0(JDK15AnnotationFinder.java:279)
	at java.base/java.util.concurrent.ConcurrentHashMap.computeIfAbsent(ConcurrentHashMap.java:1737)
	at org.testng.internal.annotations.JDK15AnnotationFinder.findAnnotation(JDK15AnnotationFinder.java:275)
	at org.testng.internal.annotations.JDK15AnnotationFinder.findAnnotation(JDK15AnnotationFinder.java:113)
	at org.testng.internal.TestNGClassFinder.isTestNGClass(TestNGClassFinder.java:275)
	at org.testng.internal.TestNGClassFinder.isNotTestNGClass(TestNGClassFinder.java:260)
	at org.testng.internal.TestNGClassFinder.processClass(TestNGClassFinder.java:94)
	at org.testng.internal.TestNGClassFinder.<init>(TestNGClassFinder.java:67)
	at org.testng.TestRunner.initMethods(TestRunner.java:442)
	at org.testng.TestRunner.init(TestRunner.java:336)
	at org.testng.TestRunner.init(TestRunner.java:289)
	at org.testng.TestRunner.<init>(TestRunner.java:179)
	at org.testng.SuiteRunner$DefaultTestRunnerFactory.newTestRunner(SuiteRunner.java:643)
	at org.testng.SuiteRunner.init(SuiteRunner.java:225)
	at org.testng.SuiteRunner.<init>(SuiteRunner.java:115)
	at org.testng.TestNG.createSuiteRunner(TestNG.java:1349)
	at org.testng.TestNG.createSuiteRunners(TestNG.java:1325)
	at org.testng.TestNG.runSuitesLocally(TestNG.java:1167)
	at org.testng.TestNG.runSuites(TestNG.java:1099)
	at org.testng.TestNG.run(TestNG.java:1067)
	at org.apache.maven.surefire.testng.TestNGExecutor.run(TestNGExecutor.java:324)
	at org.apache.maven.surefire.testng.TestNGXmlTestSuite.execute(TestNGXmlTestSuite.java:74)
	at org.apache.maven.surefire.testng.TestNGProvider.invoke(TestNGProvider.java:123)
	at org.apache.maven.surefire.booter.ForkedBooter.runSuitesInProcess(ForkedBooter.java:456)
	at org.apache.maven.surefire.booter.ForkedBooter.execute(ForkedBooter.java:169)
	at org.apache.maven.surefire.booter.ForkedBooter.run(ForkedBooter.java:595)
	at org.apache.maven.surefire.booter.ForkedBooter.main(ForkedBooter.java:581)

2023-02-13 11:57:16,227 main ERROR Could not create plugin of type class org.apache.logging.log4j.core.appender.RollingFileAppender for element RollingFile: java.lang.IllegalStateException: ManagerFactory [org.apache.logging.log4j.core.appender.rolling.RollingFileManager$RollingFileManagerFactory@4e6d7365] unable to create manager for [./results/logs/${ctx:threadName}.log] with data [org.apache.logging.log4j.core.appender.rolling.RollingFileManager$FactoryData@5a82ebf8[pattern=./results/logs/${ctx:threadName}-%d{yyyy-MM-dd}.log, append=true, bufferedIO=true, bufferSize=8192, policy=SizeBasedTriggeringPolicy(size=512000), strategy=DefaultRolloverStrategy(min=1, max=7, useMax=true), advertiseURI=null, layout=%d{HH:mm:ss.SSS} [%t] %-5level %logger{36} - %msg%n, filePermissions=null, fileOwner=null]] java.lang.IllegalStateException: ManagerFactory [org.apache.logging.log4j.core.appender.rolling.RollingFileManager$RollingFileManagerFactory@4e6d7365] unable to create manager for [./results/logs/${ctx:threadName}.log] with data [org.apache.logging.log4j.core.appender.rolling.RollingFileManager$FactoryData@5a82ebf8[pattern=./results/logs/${ctx:threadName}-%d{yyyy-MM-dd}.log, append=true, bufferedIO=true, bufferSize=8192, policy=SizeBasedTriggeringPolicy(size=512000), strategy=DefaultRolloverStrategy(min=1, max=7, useMax=true), advertiseURI=null, layout=%d{HH:mm:ss.SSS} [%t] %-5level %logger{36} - %msg%n, filePermissions=null, fileOwner=null]]
	at org.apache.logging.log4j.core.appender.AbstractManager.getManager(AbstractManager.java:146)
	at org.apache.logging.log4j.core.appender.OutputStreamManager.getManager(OutputStreamManager.java:100)
	at org.apache.logging.log4j.core.appender.rolling.RollingFileManager.getFileManager(RollingFileManager.java:217)
	at org.apache.logging.log4j.core.appender.RollingFileAppender$Builder.build(RollingFileAppender.java:135)
	at org.apache.logging.log4j.core.appender.RollingFileAppender$Builder.build(RollingFileAppender.java:62)
	at org.apache.logging.log4j.core.config.plugins.util.PluginBuilder.build(PluginBuilder.java:124)
	at org.apache.logging.log4j.core.config.AbstractConfiguration.createPluginObject(AbstractConfiguration.java:1138)
	at org.apache.logging.log4j.core.config.AbstractConfiguration.createConfiguration(AbstractConfiguration.java:1063)
	at org.apache.logging.log4j.core.appender.routing.RoutingAppender.createAppender(RoutingAppender.java:310)
	at org.apache.logging.log4j.core.appender.routing.RoutingAppender.getControl(RoutingAppender.java:282)
	at org.apache.logging.log4j.core.appender.routing.RoutingAppender.append(RoutingAppender.java:240)
	at org.apache.logging.log4j.core.config.AppenderControl.tryCallAppender(AppenderControl.java:161)
	at org.apache.logging.log4j.core.config.AppenderControl.callAppender0(AppenderControl.java:134)
	at org.apache.logging.log4j.core.config.AppenderControl.callAppenderPreventRecursion(AppenderControl.java:125)
	at org.apache.logging.log4j.core.config.AppenderControl.callAppender(AppenderControl.java:89)
	at org.apache.logging.log4j.core.config.LoggerConfig.callAppenders(LoggerConfig.java:683)
	at org.apache.logging.log4j.core.config.LoggerConfig.processLogEvent(LoggerConfig.java:641)
	at org.apache.logging.log4j.core.config.LoggerConfig.log(LoggerConfig.java:624)
	at org.apache.logging.log4j.core.config.LoggerConfig.log(LoggerConfig.java:560)
	at org.apache.logging.log4j.core.config.AwaitCompletionReliabilityStrategy.log(AwaitCompletionReliabilityStrategy.java:82)
	at org.apache.logging.log4j.core.Logger.log(Logger.java:162)
	at org.apache.logging.log4j.spi.AbstractLogger.logMessage(AbstractLogger.java:2106)
	at org.apache.logging.log4j.internal.DefaultLogBuilder.logMessage(DefaultLogBuilder.java:241)
	at org.apache.logging.log4j.internal.DefaultLogBuilder.log(DefaultLogBuilder.java:162)
	at org.apache.poi.openxml4j.opc.PackageRelationshipCollection.parseRelationshipsPart(PackageRelationshipCollection.java:309)
	at org.apache.poi.openxml4j.opc.PackageRelationshipCollection.<init>(PackageRelationshipCollection.java:160)
	at org.apache.poi.openxml4j.opc.PackageRelationshipCollection.<init>(PackageRelationshipCollection.java:130)
	at org.apache.poi.openxml4j.opc.PackagePart.loadRelationships(PackagePart.java:565)
	at org.apache.poi.openxml4j.opc.OPCPackage.getParts(OPCPackage.java:751)
	at org.apache.poi.openxml4j.opc.OPCPackage.open(OPCPackage.java:322)
	at org.apache.poi.ooxml.util.PackageHelper.open(PackageHelper.java:59)
	at org.apache.poi.xssf.usermodel.XSSFWorkbook.<init>(XSSFWorkbook.java:290)
	at org.apache.poi.xssf.usermodel.XSSFWorkbook.<init>(XSSFWorkbook.java:286)
	at externalResources.ExcelDataRead.<init>(ExcelDataRead.java:22)
	at listeners.AnnotationsTransformer.toBeExecuted(AnnotationsTransformer.java:36)
	at listeners.AnnotationsTransformer.transform(AnnotationsTransformer.java:24)
	at org.testng.internal.annotations.JDK15AnnotationFinder.transform(JDK15AnnotationFinder.java:172)
	at org.testng.internal.annotations.JDK15AnnotationFinder.lambda$findAnnotation$0(JDK15AnnotationFinder.java:279)
	at java.base/java.util.concurrent.ConcurrentHashMap.computeIfAbsent(ConcurrentHashMap.java:1737)
	at org.testng.internal.annotations.JDK15AnnotationFinder.findAnnotation(JDK15AnnotationFinder.java:275)
	at org.testng.internal.annotations.JDK15AnnotationFinder.findAnnotation(JDK15AnnotationFinder.java:113)
	at org.testng.internal.TestNGClassFinder.isTestNGClass(TestNGClassFinder.java:275)
	at org.testng.internal.TestNGClassFinder.isNotTestNGClass(TestNGClassFinder.java:260)
	at org.testng.internal.TestNGClassFinder.processClass(TestNGClassFinder.java:94)
	at org.testng.internal.TestNGClassFinder.<init>(TestNGClassFinder.java:67)
	at org.testng.TestRunner.initMethods(TestRunner.java:442)
	at org.testng.TestRunner.init(TestRunner.java:336)
	at org.testng.TestRunner.init(TestRunner.java:289)
	at org.testng.TestRunner.<init>(TestRunner.java:179)
	at org.testng.SuiteRunner$DefaultTestRunnerFactory.newTestRunner(SuiteRunner.java:643)
	at org.testng.SuiteRunner.init(SuiteRunner.java:225)
	at org.testng.SuiteRunner.<init>(SuiteRunner.java:115)
	at org.testng.TestNG.createSuiteRunner(TestNG.java:1349)
	at org.testng.TestNG.createSuiteRunners(TestNG.java:1325)
	at org.testng.TestNG.runSuitesLocally(TestNG.java:1167)
	at org.testng.TestNG.runSuites(TestNG.java:1099)
	at org.testng.TestNG.run(TestNG.java:1067)
	at org.apache.maven.surefire.testng.TestNGExecutor.run(TestNGExecutor.java:324)
	at org.apache.maven.surefire.testng.TestNGXmlTestSuite.execute(TestNGXmlTestSuite.java:74)
	at org.apache.maven.surefire.testng.TestNGProvider.invoke(TestNGProvider.java:123)
	at org.apache.maven.surefire.booter.ForkedBooter.runSuitesInProcess(ForkedBooter.java:456)
	at org.apache.maven.surefire.booter.ForkedBooter.execute(ForkedBooter.java:169)
	at org.apache.maven.surefire.booter.ForkedBooter.run(ForkedBooter.java:595)
	at org.apache.maven.surefire.booter.ForkedBooter.main(ForkedBooter.java:581)

2023-02-13 11:57:16,227 main ERROR Unable to invoke factory method in class org.apache.logging.log4j.core.appender.RollingFileAppender for element RollingFile: java.lang.IllegalStateException: No factory method found for class org.apache.logging.log4j.core.appender.RollingFileAppender java.lang.IllegalStateException: No factory method found for class org.apache.logging.log4j.core.appender.RollingFileAppender
	at org.apache.logging.log4j.core.config.plugins.util.PluginBuilder.findFactoryMethod(PluginBuilder.java:260)
	at org.apache.logging.log4j.core.config.plugins.util.PluginBuilder.build(PluginBuilder.java:136)
	at org.apache.logging.log4j.core.config.AbstractConfiguration.createPluginObject(AbstractConfiguration.java:1138)
	at org.apache.logging.log4j.core.config.AbstractConfiguration.createConfiguration(AbstractConfiguration.java:1063)
	at org.apache.logging.log4j.core.appender.routing.RoutingAppender.createAppender(RoutingAppender.java:310)
	at org.apache.logging.log4j.core.appender.routing.RoutingAppender.getControl(RoutingAppender.java:282)
	at org.apache.logging.log4j.core.appender.routing.RoutingAppender.append(RoutingAppender.java:240)
	at org.apache.logging.log4j.core.config.AppenderControl.tryCallAppender(AppenderControl.java:161)
	at org.apache.logging.log4j.core.config.AppenderControl.callAppender0(AppenderControl.java:134)
	at org.apache.logging.log4j.core.config.AppenderControl.callAppenderPreventRecursion(AppenderControl.java:125)
	at org.apache.logging.log4j.core.config.AppenderControl.callAppender(AppenderControl.java:89)
	at org.apache.logging.log4j.core.config.LoggerConfig.callAppenders(LoggerConfig.java:683)
	at org.apache.logging.log4j.core.config.LoggerConfig.processLogEvent(LoggerConfig.java:641)
	at org.apache.logging.log4j.core.config.LoggerConfig.log(LoggerConfig.java:624)
	at org.apache.logging.log4j.core.config.LoggerConfig.log(LoggerConfig.java:560)
	at org.apache.logging.log4j.core.config.AwaitCompletionReliabilityStrategy.log(AwaitCompletionReliabilityStrategy.java:82)
	at org.apache.logging.log4j.core.Logger.log(Logger.java:162)
	at org.apache.logging.log4j.spi.AbstractLogger.logMessage(AbstractLogger.java:2106)
	at org.apache.logging.log4j.internal.DefaultLogBuilder.logMessage(DefaultLogBuilder.java:241)
	at org.apache.logging.log4j.internal.DefaultLogBuilder.log(DefaultLogBuilder.java:162)
	at org.apache.poi.openxml4j.opc.PackageRelationshipCollection.parseRelationshipsPart(PackageRelationshipCollection.java:309)
	at org.apache.poi.openxml4j.opc.PackageRelationshipCollection.<init>(PackageRelationshipCollection.java:160)
	at org.apache.poi.openxml4j.opc.PackageRelationshipCollection.<init>(PackageRelationshipCollection.java:130)
	at org.apache.poi.openxml4j.opc.PackagePart.loadRelationships(PackagePart.java:565)
	at org.apache.poi.openxml4j.opc.OPCPackage.getParts(OPCPackage.java:751)
	at org.apache.poi.openxml4j.opc.OPCPackage.open(OPCPackage.java:322)
	at org.apache.poi.ooxml.util.PackageHelper.open(PackageHelper.java:59)
	at org.apache.poi.xssf.usermodel.XSSFWorkbook.<init>(XSSFWorkbook.java:290)
	at org.apache.poi.xssf.usermodel.XSSFWorkbook.<init>(XSSFWorkbook.java:286)
	at externalResources.ExcelDataRead.<init>(ExcelDataRead.java:22)
	at listeners.AnnotationsTransformer.toBeExecuted(AnnotationsTransformer.java:36)
	at listeners.AnnotationsTransformer.transform(AnnotationsTransformer.java:24)
	at org.testng.internal.annotations.JDK15AnnotationFinder.transform(JDK15AnnotationFinder.java:172)
	at org.testng.internal.annotations.JDK15AnnotationFinder.lambda$findAnnotation$0(JDK15AnnotationFinder.java:279)
	at java.base/java.util.concurrent.ConcurrentHashMap.computeIfAbsent(ConcurrentHashMap.java:1737)
	at org.testng.internal.annotations.JDK15AnnotationFinder.findAnnotation(JDK15AnnotationFinder.java:275)
	at org.testng.internal.annotations.JDK15AnnotationFinder.findAnnotation(JDK15AnnotationFinder.java:113)
	at org.testng.internal.TestNGClassFinder.isTestNGClass(TestNGClassFinder.java:275)
	at org.testng.internal.TestNGClassFinder.isNotTestNGClass(TestNGClassFinder.java:260)
	at org.testng.internal.TestNGClassFinder.processClass(TestNGClassFinder.java:94)
	at org.testng.internal.TestNGClassFinder.<init>(TestNGClassFinder.java:67)
	at org.testng.TestRunner.initMethods(TestRunner.java:442)
	at org.testng.TestRunner.init(TestRunner.java:336)
	at org.testng.TestRunner.init(TestRunner.java:289)
	at org.testng.TestRunner.<init>(TestRunner.java:179)
	at org.testng.SuiteRunner$DefaultTestRunnerFactory.newTestRunner(SuiteRunner.java:643)
	at org.testng.SuiteRunner.init(SuiteRunner.java:225)
	at org.testng.SuiteRunner.<init>(SuiteRunner.java:115)
	at org.testng.TestNG.createSuiteRunner(TestNG.java:1349)
	at org.testng.TestNG.createSuiteRunners(TestNG.java:1325)
	at org.testng.TestNG.runSuitesLocally(TestNG.java:1167)
	at org.testng.TestNG.runSuites(TestNG.java:1099)
	at org.testng.TestNG.run(TestNG.java:1067)
	at org.apache.maven.surefire.testng.TestNGExecutor.run(TestNGExecutor.java:324)
	at org.apache.maven.surefire.testng.TestNGXmlTestSuite.execute(TestNGXmlTestSuite.java:74)
	at org.apache.maven.surefire.testng.TestNGProvider.invoke(TestNGProvider.java:123)
	at org.apache.maven.surefire.booter.ForkedBooter.runSuitesInProcess(ForkedBooter.java:456)
	at org.apache.maven.surefire.booter.ForkedBooter.execute(ForkedBooter.java:169)
	at org.apache.maven.surefire.booter.ForkedBooter.run(ForkedBooter.java:595)
	at org.apache.maven.surefire.booter.ForkedBooter.main(ForkedBooter.java:581)

2023-02-13 11:57:16,232 main ERROR Unable to create file ./results/logs/${ctx:threadName}.log java.io.IOException: The filename, directory name, or volume label syntax is incorrect
	at java.base/java.io.WinNTFileSystem.canonicalize0(Native Method)
	at java.base/java.io.WinNTFileSystem.canonicalize(WinNTFileSystem.java:483)
	at java.base/java.io.File.getCanonicalPath(File.java:626)
	at java.base/java.io.File.getCanonicalFile(File.java:651)
	at org.apache.logging.log4j.core.util.FileUtils.makeParentDirs(FileUtils.java:139)
	at org.apache.logging.log4j.core.appender.rolling.RollingFileManager$RollingFileManagerFactory.createManager(RollingFileManager.java:734)
	at org.apache.logging.log4j.core.appender.rolling.RollingFileManager$RollingFileManagerFactory.createManager(RollingFileManager.java:718)
	at org.apache.logging.log4j.core.appender.AbstractManager.getManager(AbstractManager.java:144)
	at org.apache.logging.log4j.core.appender.OutputStreamManager.getManager(OutputStreamManager.java:100)
	at org.apache.logging.log4j.core.appender.rolling.RollingFileManager.getFileManager(RollingFileManager.java:217)
	at org.apache.logging.log4j.core.appender.RollingFileAppender$Builder.build(RollingFileAppender.java:135)
	at org.apache.logging.log4j.core.appender.RollingFileAppender$Builder.build(RollingFileAppender.java:62)
	at org.apache.logging.log4j.core.config.plugins.util.PluginBuilder.build(PluginBuilder.java:124)
	at org.apache.logging.log4j.core.config.AbstractConfiguration.createPluginObject(AbstractConfiguration.java:1138)
	at org.apache.logging.log4j.core.config.AbstractConfiguration.createConfiguration(AbstractConfiguration.java:1063)
	at org.apache.logging.log4j.core.appender.routing.RoutingAppender.createAppender(RoutingAppender.java:310)
	at org.apache.logging.log4j.core.appender.routing.RoutingAppender.getControl(RoutingAppender.java:282)
	at org.apache.logging.log4j.core.appender.routing.RoutingAppender.append(RoutingAppender.java:240)
	at org.apache.logging.log4j.core.config.AppenderControl.tryCallAppender(AppenderControl.java:161)
	at org.apache.logging.log4j.core.config.AppenderControl.callAppender0(AppenderControl.java:134)
	at org.apache.logging.log4j.core.config.AppenderControl.callAppenderPreventRecursion(AppenderControl.java:125)
	at org.apache.logging.log4j.core.config.AppenderControl.callAppender(AppenderControl.java:89)
	at org.apache.logging.log4j.core.config.LoggerConfig.callAppenders(LoggerConfig.java:683)
	at org.apache.logging.log4j.core.config.LoggerConfig.processLogEvent(LoggerConfig.java:641)
	at org.apache.logging.log4j.core.config.LoggerConfig.log(LoggerConfig.java:624)
	at org.apache.logging.log4j.core.config.LoggerConfig.log(LoggerConfig.java:560)
	at org.apache.logging.log4j.core.config.AwaitCompletionReliabilityStrategy.log(AwaitCompletionReliabilityStrategy.java:82)
	at org.apache.logging.log4j.core.Logger.log(Logger.java:162)
	at org.apache.logging.log4j.spi.AbstractLogger.logMessage(AbstractLogger.java:2106)
	at org.apache.logging.log4j.internal.DefaultLogBuilder.logMessage(DefaultLogBuilder.java:241)
	at org.apache.logging.log4j.internal.DefaultLogBuilder.log(DefaultLogBuilder.java:162)
	at org.apache.poi.openxml4j.opc.PackageRelationshipCollection.parseRelationshipsPart(PackageRelationshipCollection.java:309)
	at org.apache.poi.openxml4j.opc.PackageRelationshipCollection.<init>(PackageRelationshipCollection.java:160)
	at org.apache.poi.openxml4j.opc.PackageRelationshipCollection.<init>(PackageRelationshipCollection.java:130)
	at org.apache.poi.openxml4j.opc.PackagePart.loadRelationships(PackagePart.java:565)
	at org.apache.poi.openxml4j.opc.OPCPackage.getParts(OPCPackage.java:751)
	at org.apache.poi.openxml4j.opc.OPCPackage.open(OPCPackage.java:322)
	at org.apache.poi.ooxml.util.PackageHelper.open(PackageHelper.java:59)
	at org.apache.poi.xssf.usermodel.XSSFWorkbook.<init>(XSSFWorkbook.java:290)
	at org.apache.poi.xssf.usermodel.XSSFWorkbook.<init>(XSSFWorkbook.java:286)
	at externalResources.ExcelDataRead.<init>(ExcelDataRead.java:22)
	at listeners.AnnotationsTransformer.toBeExecuted(AnnotationsTransformer.java:36)
	at listeners.AnnotationsTransformer.transform(AnnotationsTransformer.java:24)
	at org.testng.internal.annotations.JDK15AnnotationFinder.transform(JDK15AnnotationFinder.java:172)
	at org.testng.internal.annotations.JDK15AnnotationFinder.lambda$findAnnotation$0(JDK15AnnotationFinder.java:279)
	at java.base/java.util.concurrent.ConcurrentHashMap.computeIfAbsent(ConcurrentHashMap.java:1737)
	at org.testng.internal.annotations.JDK15AnnotationFinder.findAnnotation(JDK15AnnotationFinder.java:275)
	at org.testng.internal.annotations.JDK15AnnotationFinder.findAnnotation(JDK15AnnotationFinder.java:113)
	at org.testng.internal.TestNGClassFinder.isTestNGClass(TestNGClassFinder.java:275)
	at org.testng.internal.TestNGClassFinder.isNotTestNGClass(TestNGClassFinder.java:260)
	at org.testng.internal.TestNGClassFinder.processClass(TestNGClassFinder.java:94)
	at org.testng.internal.TestNGClassFinder.<init>(TestNGClassFinder.java:67)
	at org.testng.TestRunner.initMethods(TestRunner.java:442)
	at org.testng.TestRunner.init(TestRunner.java:336)
	at org.testng.TestRunner.init(TestRunner.java:289)
	at org.testng.TestRunner.<init>(TestRunner.java:179)
	at org.testng.SuiteRunner$DefaultTestRunnerFactory.newTestRunner(SuiteRunner.java:643)
	at org.testng.SuiteRunner.init(SuiteRunner.java:225)
	at org.testng.SuiteRunner.<init>(SuiteRunner.java:115)
	at org.testng.TestNG.createSuiteRunner(TestNG.java:1349)
	at org.testng.TestNG.createSuiteRunners(TestNG.java:1325)
	at org.testng.TestNG.runSuitesLocally(TestNG.java:1167)
	at org.testng.TestNG.runSuites(TestNG.java:1099)
	at org.testng.TestNG.run(TestNG.java:1067)
	at org.apache.maven.surefire.testng.TestNGExecutor.run(TestNGExecutor.java:324)
	at org.apache.maven.surefire.testng.TestNGXmlTestSuite.execute(TestNGXmlTestSuite.java:74)
	at org.apache.maven.surefire.testng.TestNGProvider.invoke(TestNGProvider.java:123)
	at org.apache.maven.surefire.booter.ForkedBooter.runSuitesInProcess(ForkedBooter.java:456)
	at org.apache.maven.surefire.booter.ForkedBooter.execute(ForkedBooter.java:169)
	at org.apache.maven.surefire.booter.ForkedBooter.run(ForkedBooter.java:595)
	at org.apache.maven.surefire.booter.ForkedBooter.main(ForkedBooter.java:581)

2023-02-13 11:57:16,233 main ERROR Could not create plugin of type class org.apache.logging.log4j.core.appender.RollingFileAppender for element RollingFile: java.lang.IllegalStateException: ManagerFactory [org.apache.logging.log4j.core.appender.rolling.RollingFileManager$RollingFileManagerFactory@4e6d7365] unable to create manager for [./results/logs/${ctx:threadName}.log] with data [org.apache.logging.log4j.core.appender.rolling.RollingFileManager$FactoryData@3d8b319e[pattern=./results/logs/${ctx:threadName}-%d{yyyy-MM-dd}.log, append=true, bufferedIO=true, bufferSize=8192, policy=SizeBasedTriggeringPolicy(size=512000), strategy=DefaultRolloverStrategy(min=1, max=7, useMax=true), advertiseURI=null, layout=%d{HH:mm:ss.SSS} [%t] %-5level %logger{36} - %msg%n, filePermissions=null, fileOwner=null]] java.lang.IllegalStateException: ManagerFactory [org.apache.logging.log4j.core.appender.rolling.RollingFileManager$RollingFileManagerFactory@4e6d7365] unable to create manager for [./results/logs/${ctx:threadName}.log] with data [org.apache.logging.log4j.core.appender.rolling.RollingFileManager$FactoryData@3d8b319e[pattern=./results/logs/${ctx:threadName}-%d{yyyy-MM-dd}.log, append=true, bufferedIO=true, bufferSize=8192, policy=SizeBasedTriggeringPolicy(size=512000), strategy=DefaultRolloverStrategy(min=1, max=7, useMax=true), advertiseURI=null, layout=%d{HH:mm:ss.SSS} [%t] %-5level %logger{36} - %msg%n, filePermissions=null, fileOwner=null]]
	at org.apache.logging.log4j.core.appender.AbstractManager.getManager(AbstractManager.java:146)
	at org.apache.logging.log4j.core.appender.OutputStreamManager.getManager(OutputStreamManager.java:100)
	at org.apache.logging.log4j.core.appender.rolling.RollingFileManager.getFileManager(RollingFileManager.java:217)
	at org.apache.logging.log4j.core.appender.RollingFileAppender$Builder.build(RollingFileAppender.java:135)
	at org.apache.logging.log4j.core.appender.RollingFileAppender$Builder.build(RollingFileAppender.java:62)
	at org.apache.logging.log4j.core.config.plugins.util.PluginBuilder.build(PluginBuilder.java:124)
	at org.apache.logging.log4j.core.config.AbstractConfiguration.createPluginObject(AbstractConfiguration.java:1138)
	at org.apache.logging.log4j.core.config.AbstractConfiguration.createConfiguration(AbstractConfiguration.java:1063)
	at org.apache.logging.log4j.core.appender.routing.RoutingAppender.createAppender(RoutingAppender.java:310)
	at org.apache.logging.log4j.core.appender.routing.RoutingAppender.getControl(RoutingAppender.java:282)
	at org.apache.logging.log4j.core.appender.routing.RoutingAppender.append(RoutingAppender.java:240)
	at org.apache.logging.log4j.core.config.AppenderControl.tryCallAppender(AppenderControl.java:161)
	at org.apache.logging.log4j.core.config.AppenderControl.callAppender0(AppenderControl.java:134)
	at org.apache.logging.log4j.core.config.AppenderControl.callAppenderPreventRecursion(AppenderControl.java:125)
	at org.apache.logging.log4j.core.config.AppenderControl.callAppender(AppenderControl.java:89)
	at org.apache.logging.log4j.core.config.LoggerConfig.callAppenders(LoggerConfig.java:683)
	at org.apache.logging.log4j.core.config.LoggerConfig.processLogEvent(LoggerConfig.java:641)
	at org.apache.logging.log4j.core.config.LoggerConfig.log(LoggerConfig.java:624)
	at org.apache.logging.log4j.core.config.LoggerConfig.log(LoggerConfig.java:560)
	at org.apache.logging.log4j.core.config.AwaitCompletionReliabilityStrategy.log(AwaitCompletionReliabilityStrategy.java:82)
	at org.apache.logging.log4j.core.Logger.log(Logger.java:162)
	at org.apache.logging.log4j.spi.AbstractLogger.logMessage(AbstractLogger.java:2106)
	at org.apache.logging.log4j.internal.DefaultLogBuilder.logMessage(DefaultLogBuilder.java:241)
	at org.apache.logging.log4j.internal.DefaultLogBuilder.log(DefaultLogBuilder.java:162)
	at org.apache.poi.openxml4j.opc.PackageRelationshipCollection.parseRelationshipsPart(PackageRelationshipCollection.java:309)
	at org.apache.poi.openxml4j.opc.PackageRelationshipCollection.<init>(PackageRelationshipCollection.java:160)
	at org.apache.poi.openxml4j.opc.PackageRelationshipCollection.<init>(PackageRelationshipCollection.java:130)
	at org.apache.poi.openxml4j.opc.PackagePart.loadRelationships(PackagePart.java:565)
	at org.apache.poi.openxml4j.opc.OPCPackage.getParts(OPCPackage.java:751)
	at org.apache.poi.openxml4j.opc.OPCPackage.open(OPCPackage.java:322)
	at org.apache.poi.ooxml.util.PackageHelper.open(PackageHelper.java:59)
	at org.apache.poi.xssf.usermodel.XSSFWorkbook.<init>(XSSFWorkbook.java:290)
	at org.apache.poi.xssf.usermodel.XSSFWorkbook.<init>(XSSFWorkbook.java:286)
	at externalResources.ExcelDataRead.<init>(ExcelDataRead.java:22)
	at listeners.AnnotationsTransformer.toBeExecuted(AnnotationsTransformer.java:36)
	at listeners.AnnotationsTransformer.transform(AnnotationsTransformer.java:24)
	at org.testng.internal.annotations.JDK15AnnotationFinder.transform(JDK15AnnotationFinder.java:172)
	at org.testng.internal.annotations.JDK15AnnotationFinder.lambda$findAnnotation$0(JDK15AnnotationFinder.java:279)
	at java.base/java.util.concurrent.ConcurrentHashMap.computeIfAbsent(ConcurrentHashMap.java:1737)
	at org.testng.internal.annotations.JDK15AnnotationFinder.findAnnotation(JDK15AnnotationFinder.java:275)
	at org.testng.internal.annotations.JDK15AnnotationFinder.findAnnotation(JDK15AnnotationFinder.java:113)
	at org.testng.internal.TestNGClassFinder.isTestNGClass(TestNGClassFinder.java:275)
	at org.testng.internal.TestNGClassFinder.isNotTestNGClass(TestNGClassFinder.java:260)
	at org.testng.internal.TestNGClassFinder.processClass(TestNGClassFinder.java:94)
	at org.testng.internal.TestNGClassFinder.<init>(TestNGClassFinder.java:67)
	at org.testng.TestRunner.initMethods(TestRunner.java:442)
	at org.testng.TestRunner.init(TestRunner.java:336)
	at org.testng.TestRunner.init(TestRunner.java:289)
	at org.testng.TestRunner.<init>(TestRunner.java:179)
	at org.testng.SuiteRunner$DefaultTestRunnerFactory.newTestRunner(SuiteRunner.java:643)
	at org.testng.SuiteRunner.init(SuiteRunner.java:225)
	at org.testng.SuiteRunner.<init>(SuiteRunner.java:115)
	at org.testng.TestNG.createSuiteRunner(TestNG.java:1349)
	at org.testng.TestNG.createSuiteRunners(TestNG.java:1325)
	at org.testng.TestNG.runSuitesLocally(TestNG.java:1167)
	at org.testng.TestNG.runSuites(TestNG.java:1099)
	at org.testng.TestNG.run(TestNG.java:1067)
	at org.apache.maven.surefire.testng.TestNGExecutor.run(TestNGExecutor.java:324)
	at org.apache.maven.surefire.testng.TestNGXmlTestSuite.execute(TestNGXmlTestSuite.java:74)
	at org.apache.maven.surefire.testng.TestNGProvider.invoke(TestNGProvider.java:123)
	at org.apache.maven.surefire.booter.ForkedBooter.runSuitesInProcess(ForkedBooter.java:456)
	at org.apache.maven.surefire.booter.ForkedBooter.execute(ForkedBooter.java:169)
	at org.apache.maven.surefire.booter.ForkedBooter.run(ForkedBooter.java:595)
	at org.apache.maven.surefire.booter.ForkedBooter.main(ForkedBooter.java:581)

2023-02-13 11:57:16,234 main ERROR Unable to invoke factory method in class org.apache.logging.log4j.core.appender.RollingFileAppender for element RollingFile: java.lang.IllegalStateException: No factory method found for class org.apache.logging.log4j.core.appender.RollingFileAppender java.lang.IllegalStateException: No factory method found for class org.apache.logging.log4j.core.appender.RollingFileAppender
	at org.apache.logging.log4j.core.config.plugins.util.PluginBuilder.findFactoryMethod(PluginBuilder.java:260)
	at org.apache.logging.log4j.core.config.plugins.util.PluginBuilder.build(PluginBuilder.java:136)
	at org.apache.logging.log4j.core.config.AbstractConfiguration.createPluginObject(AbstractConfiguration.java:1138)
	at org.apache.logging.log4j.core.config.AbstractConfiguration.createConfiguration(AbstractConfiguration.java:1063)
	at org.apache.logging.log4j.core.appender.routing.RoutingAppender.createAppender(RoutingAppender.java:310)
	at org.apache.logging.log4j.core.appender.routing.RoutingAppender.getControl(RoutingAppender.java:282)
	at org.apache.logging.log4j.core.appender.routing.RoutingAppender.append(RoutingAppender.java:240)
	at org.apache.logging.log4j.core.config.AppenderControl.tryCallAppender(AppenderControl.java:161)
	at org.apache.logging.log4j.core.config.AppenderControl.callAppender0(AppenderControl.java:134)
	at org.apache.logging.log4j.core.config.AppenderControl.callAppenderPreventRecursion(AppenderControl.java:125)
	at org.apache.logging.log4j.core.config.AppenderControl.callAppender(AppenderControl.java:89)
	at org.apache.logging.log4j.core.config.LoggerConfig.callAppenders(LoggerConfig.java:683)
	at org.apache.logging.log4j.core.config.LoggerConfig.processLogEvent(LoggerConfig.java:641)
	at org.apache.logging.log4j.core.config.LoggerConfig.log(LoggerConfig.java:624)
	at org.apache.logging.log4j.core.config.LoggerConfig.log(LoggerConfig.java:560)
	at org.apache.logging.log4j.core.config.AwaitCompletionReliabilityStrategy.log(AwaitCompletionReliabilityStrategy.java:82)
	at org.apache.logging.log4j.core.Logger.log(Logger.java:162)
	at org.apache.logging.log4j.spi.AbstractLogger.logMessage(AbstractLogger.java:2106)
	at org.apache.logging.log4j.internal.DefaultLogBuilder.logMessage(DefaultLogBuilder.java:241)
	at org.apache.logging.log4j.internal.DefaultLogBuilder.log(DefaultLogBuilder.java:162)
	at org.apache.poi.openxml4j.opc.PackageRelationshipCollection.parseRelationshipsPart(PackageRelationshipCollection.java:309)
	at org.apache.poi.openxml4j.opc.PackageRelationshipCollection.<init>(PackageRelationshipCollection.java:160)
	at org.apache.poi.openxml4j.opc.PackageRelationshipCollection.<init>(PackageRelationshipCollection.java:130)
	at org.apache.poi.openxml4j.opc.PackagePart.loadRelationships(PackagePart.java:565)
	at org.apache.poi.openxml4j.opc.OPCPackage.getParts(OPCPackage.java:751)
	at org.apache.poi.openxml4j.opc.OPCPackage.open(OPCPackage.java:322)
	at org.apache.poi.ooxml.util.PackageHelper.open(PackageHelper.java:59)
	at org.apache.poi.xssf.usermodel.XSSFWorkbook.<init>(XSSFWorkbook.java:290)
	at org.apache.poi.xssf.usermodel.XSSFWorkbook.<init>(XSSFWorkbook.java:286)
	at externalResources.ExcelDataRead.<init>(ExcelDataRead.java:22)
	at listeners.AnnotationsTransformer.toBeExecuted(AnnotationsTransformer.java:36)
	at listeners.AnnotationsTransformer.transform(AnnotationsTransformer.java:24)
	at org.testng.internal.annotations.JDK15AnnotationFinder.transform(JDK15AnnotationFinder.java:172)
	at org.testng.internal.annotations.JDK15AnnotationFinder.lambda$findAnnotation$0(JDK15AnnotationFinder.java:279)
	at java.base/java.util.concurrent.ConcurrentHashMap.computeIfAbsent(ConcurrentHashMap.java:1737)
	at org.testng.internal.annotations.JDK15AnnotationFinder.findAnnotation(JDK15AnnotationFinder.java:275)
	at org.testng.internal.annotations.JDK15AnnotationFinder.findAnnotation(JDK15AnnotationFinder.java:113)
	at org.testng.internal.TestNGClassFinder.isTestNGClass(TestNGClassFinder.java:275)
	at org.testng.internal.TestNGClassFinder.isNotTestNGClass(TestNGClassFinder.java:260)
	at org.testng.internal.TestNGClassFinder.processClass(TestNGClassFinder.java:94)
	at org.testng.internal.TestNGClassFinder.<init>(TestNGClassFinder.java:67)
	at org.testng.TestRunner.initMethods(TestRunner.java:442)
	at org.testng.TestRunner.init(TestRunner.java:336)
	at org.testng.TestRunner.init(TestRunner.java:289)
	at org.testng.TestRunner.<init>(TestRunner.java:179)
	at org.testng.SuiteRunner$DefaultTestRunnerFactory.newTestRunner(SuiteRunner.java:643)
	at org.testng.SuiteRunner.init(SuiteRunner.java:225)
	at org.testng.SuiteRunner.<init>(SuiteRunner.java:115)
	at org.testng.TestNG.createSuiteRunner(TestNG.java:1349)
	at org.testng.TestNG.createSuiteRunners(TestNG.java:1325)
	at org.testng.TestNG.runSuitesLocally(TestNG.java:1167)
	at org.testng.TestNG.runSuites(TestNG.java:1099)
	at org.testng.TestNG.run(TestNG.java:1067)
	at org.apache.maven.surefire.testng.TestNGExecutor.run(TestNGExecutor.java:324)
	at org.apache.maven.surefire.testng.TestNGXmlTestSuite.execute(TestNGXmlTestSuite.java:74)
	at org.apache.maven.surefire.testng.TestNGProvider.invoke(TestNGProvider.java:123)
	at org.apache.maven.surefire.booter.ForkedBooter.runSuitesInProcess(ForkedBooter.java:456)
	at org.apache.maven.surefire.booter.ForkedBooter.execute(ForkedBooter.java:169)
	at org.apache.maven.surefire.booter.ForkedBooter.run(ForkedBooter.java:595)
	at org.apache.maven.surefire.booter.ForkedBooter.main(ForkedBooter.java:581)

2023-02-13 11:57:16,237 main ERROR Unable to create file ./results/logs/${ctx:threadName}.log java.io.IOException: The filename, directory name, or volume label syntax is incorrect
	at java.base/java.io.WinNTFileSystem.canonicalize0(Native Method)
	at java.base/java.io.WinNTFileSystem.canonicalize(WinNTFileSystem.java:483)
	at java.base/java.io.File.getCanonicalPath(File.java:626)
	at java.base/java.io.File.getCanonicalFile(File.java:651)
	at org.apache.logging.log4j.core.util.FileUtils.makeParentDirs(FileUtils.java:139)
	at org.apache.logging.log4j.core.appender.rolling.RollingFileManager$RollingFileManagerFactory.createManager(RollingFileManager.java:734)
	at org.apache.logging.log4j.core.appender.rolling.RollingFileManager$RollingFileManagerFactory.createManager(RollingFileManager.java:718)
	at org.apache.logging.log4j.core.appender.AbstractManager.getManager(AbstractManager.java:144)
	at org.apache.logging.log4j.core.appender.OutputStreamManager.getManager(OutputStreamManager.java:100)
	at org.apache.logging.log4j.core.appender.rolling.RollingFileManager.getFileManager(RollingFileManager.java:217)
	at org.apache.logging.log4j.core.appender.RollingFileAppender$Builder.build(RollingFileAppender.java:135)
	at org.apache.logging.log4j.core.appender.RollingFileAppender$Builder.build(RollingFileAppender.java:62)
	at org.apache.logging.log4j.core.config.plugins.util.PluginBuilder.build(PluginBuilder.java:124)
	at org.apache.logging.log4j.core.config.AbstractConfiguration.createPluginObject(AbstractConfiguration.java:1138)
	at org.apache.logging.log4j.core.config.AbstractConfiguration.createConfiguration(AbstractConfiguration.java:1063)
	at org.apache.logging.log4j.core.appender.routing.RoutingAppender.createAppender(RoutingAppender.java:310)
	at org.apache.logging.log4j.core.appender.routing.RoutingAppender.getControl(RoutingAppender.java:282)
	at org.apache.logging.log4j.core.appender.routing.RoutingAppender.append(RoutingAppender.java:240)
	at org.apache.logging.log4j.core.config.AppenderControl.tryCallAppender(AppenderControl.java:161)
	at org.apache.logging.log4j.core.config.AppenderControl.callAppender0(AppenderControl.java:134)
	at org.apache.logging.log4j.core.config.AppenderControl.callAppenderPreventRecursion(AppenderControl.java:125)
	at org.apache.logging.log4j.core.config.AppenderControl.callAppender(AppenderControl.java:89)
	at org.apache.logging.log4j.core.config.LoggerConfig.callAppenders(LoggerConfig.java:683)
	at org.apache.logging.log4j.core.config.LoggerConfig.processLogEvent(LoggerConfig.java:641)
	at org.apache.logging.log4j.core.config.LoggerConfig.log(LoggerConfig.java:624)
	at org.apache.logging.log4j.core.config.LoggerConfig.log(LoggerConfig.java:560)
	at org.apache.logging.log4j.core.config.AwaitCompletionReliabilityStrategy.log(AwaitCompletionReliabilityStrategy.java:82)
	at org.apache.logging.log4j.core.Logger.log(Logger.java:162)
	at org.apache.logging.log4j.spi.AbstractLogger.logMessage(AbstractLogger.java:2106)
	at org.apache.logging.log4j.internal.DefaultLogBuilder.logMessage(DefaultLogBuilder.java:241)
	at org.apache.logging.log4j.internal.DefaultLogBuilder.log(DefaultLogBuilder.java:162)
	at org.apache.poi.openxml4j.opc.PackageRelationshipCollection.parseRelationshipsPart(PackageRelationshipCollection.java:309)
	at org.apache.poi.openxml4j.opc.PackageRelationshipCollection.<init>(PackageRelationshipCollection.java:160)
	at org.apache.poi.openxml4j.opc.PackageRelationshipCollection.<init>(PackageRelationshipCollection.java:116)
	at org.apache.poi.openxml4j.opc.OPCPackage.ensureRelationships(OPCPackage.java:1346)
	at org.apache.poi.openxml4j.opc.OPCPackage.getRelationshipsHelper(OPCPackage.java:1325)
	at org.apache.poi.openxml4j.opc.OPCPackage.getRelationshipsByType(OPCPackage.java:1313)
	at org.apache.poi.ooxml.POIXMLDocumentPart.getPartFromOPCPackage(POIXMLDocumentPart.java:743)
	at org.apache.poi.ooxml.POIXMLDocumentPart.<init>(POIXMLDocumentPart.java:151)
	at org.apache.poi.ooxml.POIXMLDocumentPart.<init>(POIXMLDocumentPart.java:141)
	at org.apache.poi.ooxml.POIXMLDocument.<init>(POIXMLDocument.java:60)
	at org.apache.poi.xssf.usermodel.XSSFWorkbook.<init>(XSSFWorkbook.java:254)
	at org.apache.poi.xssf.usermodel.XSSFWorkbook.<init>(XSSFWorkbook.java:290)
	at org.apache.poi.xssf.usermodel.XSSFWorkbook.<init>(XSSFWorkbook.java:286)
	at externalResources.ExcelDataRead.<init>(ExcelDataRead.java:22)
	at listeners.AnnotationsTransformer.toBeExecuted(AnnotationsTransformer.java:36)
	at listeners.AnnotationsTransformer.transform(AnnotationsTransformer.java:24)
	at org.testng.internal.annotations.JDK15AnnotationFinder.transform(JDK15AnnotationFinder.java:172)
	at org.testng.internal.annotations.JDK15AnnotationFinder.lambda$findAnnotation$0(JDK15AnnotationFinder.java:279)
	at java.base/java.util.concurrent.ConcurrentHashMap.computeIfAbsent(ConcurrentHashMap.java:1737)
	at org.testng.internal.annotations.JDK15AnnotationFinder.findAnnotation(JDK15AnnotationFinder.java:275)
	at org.testng.internal.annotations.JDK15AnnotationFinder.findAnnotation(JDK15AnnotationFinder.java:113)
	at org.testng.internal.TestNGClassFinder.isTestNGClass(TestNGClassFinder.java:275)
	at org.testng.internal.TestNGClassFinder.isNotTestNGClass(TestNGClassFinder.java:260)
	at org.testng.internal.TestNGClassFinder.processClass(TestNGClassFinder.java:94)
	at org.testng.internal.TestNGClassFinder.<init>(TestNGClassFinder.java:67)
	at org.testng.TestRunner.initMethods(TestRunner.java:442)
	at org.testng.TestRunner.init(TestRunner.java:336)
	at org.testng.TestRunner.init(TestRunner.java:289)
	at org.testng.TestRunner.<init>(TestRunner.java:179)
	at org.testng.SuiteRunner$DefaultTestRunnerFactory.newTestRunner(SuiteRunner.java:643)
	at org.testng.SuiteRunner.init(SuiteRunner.java:225)
	at org.testng.SuiteRunner.<init>(SuiteRunner.java:115)
	at org.testng.TestNG.createSuiteRunner(TestNG.java:1349)
	at org.testng.TestNG.createSuiteRunners(TestNG.java:1325)
	at org.testng.TestNG.runSuitesLocally(TestNG.java:1167)
	at org.testng.TestNG.runSuites(TestNG.java:1099)
	at org.testng.TestNG.run(TestNG.java:1067)
	at org.apache.maven.surefire.testng.TestNGExecutor.run(TestNGExecutor.java:324)
	at org.apache.maven.surefire.testng.TestNGXmlTestSuite.execute(TestNGXmlTestSuite.java:74)
	at org.apache.maven.surefire.testng.TestNGProvider.invoke(TestNGProvider.java:123)
	at org.apache.maven.surefire.booter.ForkedBooter.runSuitesInProcess(ForkedBooter.java:456)
	at org.apache.maven.surefire.booter.ForkedBooter.execute(ForkedBooter.java:169)
	at org.apache.maven.surefire.booter.ForkedBooter.run(ForkedBooter.java:595)
	at org.apache.maven.surefire.booter.ForkedBooter.main(ForkedBooter.java:581)

2023-02-13 11:57:16,238 main ERROR Could not create plugin of type class org.apache.logging.log4j.core.appender.RollingFileAppender for element RollingFile: java.lang.IllegalStateException: ManagerFactory [org.apache.logging.log4j.core.appender.rolling.RollingFileManager$RollingFileManagerFactory@4e6d7365] unable to create manager for [./results/logs/${ctx:threadName}.log] with data [org.apache.logging.log4j.core.appender.rolling.RollingFileManager$FactoryData@3d7b1f1c[pattern=./results/logs/${ctx:threadName}-%d{yyyy-MM-dd}.log, append=true, bufferedIO=true, bufferSize=8192, policy=SizeBasedTriggeringPolicy(size=512000), strategy=DefaultRolloverStrategy(min=1, max=7, useMax=true), advertiseURI=null, layout=%d{HH:mm:ss.SSS} [%t] %-5level %logger{36} - %msg%n, filePermissions=null, fileOwner=null]] java.lang.IllegalStateException: ManagerFactory [org.apache.logging.log4j.core.appender.rolling.RollingFileManager$RollingFileManagerFactory@4e6d7365] unable to create manager for [./results/logs/${ctx:threadName}.log] with data [org.apache.logging.log4j.core.appender.rolling.RollingFileManager$FactoryData@3d7b1f1c[pattern=./results/logs/${ctx:threadName}-%d{yyyy-MM-dd}.log, append=true, bufferedIO=true, bufferSize=8192, policy=SizeBasedTriggeringPolicy(size=512000), strategy=DefaultRolloverStrategy(min=1, max=7, useMax=true), advertiseURI=null, layout=%d{HH:mm:ss.SSS} [%t] %-5level %logger{36} - %msg%n, filePermissions=null, fileOwner=null]]
	at org.apache.logging.log4j.core.appender.AbstractManager.getManager(AbstractManager.java:146)
	at org.apache.logging.log4j.core.appender.OutputStreamManager.getManager(OutputStreamManager.java:100)
	at org.apache.logging.log4j.core.appender.rolling.RollingFileManager.getFileManager(RollingFileManager.java:217)
	at org.apache.logging.log4j.core.appender.RollingFileAppender$Builder.build(RollingFileAppender.java:135)
	at org.apache.logging.log4j.core.appender.RollingFileAppender$Builder.build(RollingFileAppender.java:62)
	at org.apache.logging.log4j.core.config.plugins.util.PluginBuilder.build(PluginBuilder.java:124)
	at org.apache.logging.log4j.core.config.AbstractConfiguration.createPluginObject(AbstractConfiguration.java:1138)
	at org.apache.logging.log4j.core.config.AbstractConfiguration.createConfiguration(AbstractConfiguration.java:1063)
	at org.apache.logging.log4j.core.appender.routing.RoutingAppender.createAppender(RoutingAppender.java:310)
	at org.apache.logging.log4j.core.appender.routing.RoutingAppender.getControl(RoutingAppender.java:282)
	at org.apache.logging.log4j.core.appender.routing.RoutingAppender.append(RoutingAppender.java:240)
	at org.apache.logging.log4j.core.config.AppenderControl.tryCallAppender(AppenderControl.java:161)
	at org.apache.logging.log4j.core.config.AppenderControl.callAppender0(AppenderControl.java:134)
	at org.apache.logging.log4j.core.config.AppenderControl.callAppenderPreventRecursion(AppenderControl.java:125)
	at org.apache.logging.log4j.core.config.AppenderControl.callAppender(AppenderControl.java:89)
	at org.apache.logging.log4j.core.config.LoggerConfig.callAppenders(LoggerConfig.java:683)
	at org.apache.logging.log4j.core.config.LoggerConfig.processLogEvent(LoggerConfig.java:641)
	at org.apache.logging.log4j.core.config.LoggerConfig.log(LoggerConfig.java:624)
	at org.apache.logging.log4j.core.config.LoggerConfig.log(LoggerConfig.java:560)
	at org.apache.logging.log4j.core.config.AwaitCompletionReliabilityStrategy.log(AwaitCompletionReliabilityStrategy.java:82)
	at org.apache.logging.log4j.core.Logger.log(Logger.java:162)
	at org.apache.logging.log4j.spi.AbstractLogger.logMessage(AbstractLogger.java:2106)
	at org.apache.logging.log4j.internal.DefaultLogBuilder.logMessage(DefaultLogBuilder.java:241)
	at org.apache.logging.log4j.internal.DefaultLogBuilder.log(DefaultLogBuilder.java:162)
	at org.apache.poi.openxml4j.opc.PackageRelationshipCollection.parseRelationshipsPart(PackageRelationshipCollection.java:309)
	at org.apache.poi.openxml4j.opc.PackageRelationshipCollection.<init>(PackageRelationshipCollection.java:160)
	at org.apache.poi.openxml4j.opc.PackageRelationshipCollection.<init>(PackageRelationshipCollection.java:116)
	at org.apache.poi.openxml4j.opc.OPCPackage.ensureRelationships(OPCPackage.java:1346)
	at org.apache.poi.openxml4j.opc.OPCPackage.getRelationshipsHelper(OPCPackage.java:1325)
	at org.apache.poi.openxml4j.opc.OPCPackage.getRelationshipsByType(OPCPackage.java:1313)
	at org.apache.poi.ooxml.POIXMLDocumentPart.getPartFromOPCPackage(POIXMLDocumentPart.java:743)
	at org.apache.poi.ooxml.POIXMLDocumentPart.<init>(POIXMLDocumentPart.java:151)
	at org.apache.poi.ooxml.POIXMLDocumentPart.<init>(POIXMLDocumentPart.java:141)
	at org.apache.poi.ooxml.POIXMLDocument.<init>(POIXMLDocument.java:60)
	at org.apache.poi.xssf.usermodel.XSSFWorkbook.<init>(XSSFWorkbook.java:254)
	at org.apache.poi.xssf.usermodel.XSSFWorkbook.<init>(XSSFWorkbook.java:290)
	at org.apache.poi.xssf.usermodel.XSSFWorkbook.<init>(XSSFWorkbook.java:286)
	at externalResources.ExcelDataRead.<init>(ExcelDataRead.java:22)
	at listeners.AnnotationsTransformer.toBeExecuted(AnnotationsTransformer.java:36)
	at listeners.AnnotationsTransformer.transform(AnnotationsTransformer.java:24)
	at org.testng.internal.annotations.JDK15AnnotationFinder.transform(JDK15AnnotationFinder.java:172)
	at org.testng.internal.annotations.JDK15AnnotationFinder.lambda$findAnnotation$0(JDK15AnnotationFinder.java:279)
	at java.base/java.util.concurrent.ConcurrentHashMap.computeIfAbsent(ConcurrentHashMap.java:1737)
	at org.testng.internal.annotations.JDK15AnnotationFinder.findAnnotation(JDK15AnnotationFinder.java:275)
	at org.testng.internal.annotations.JDK15AnnotationFinder.findAnnotation(JDK15AnnotationFinder.java:113)
	at org.testng.internal.TestNGClassFinder.isTestNGClass(TestNGClassFinder.java:275)
	at org.testng.internal.TestNGClassFinder.isNotTestNGClass(TestNGClassFinder.java:260)
	at org.testng.internal.TestNGClassFinder.processClass(TestNGClassFinder.java:94)
	at org.testng.internal.TestNGClassFinder.<init>(TestNGClassFinder.java:67)
	at org.testng.TestRunner.initMethods(TestRunner.java:442)
	at org.testng.TestRunner.init(TestRunner.java:336)
	at org.testng.TestRunner.init(TestRunner.java:289)
	at org.testng.TestRunner.<init>(TestRunner.java:179)
	at org.testng.SuiteRunner$DefaultTestRunnerFactory.newTestRunner(SuiteRunner.java:643)
	at org.testng.SuiteRunner.init(SuiteRunner.java:225)
	at org.testng.SuiteRunner.<init>(SuiteRunner.java:115)
	at org.testng.TestNG.createSuiteRunner(TestNG.java:1349)
	at org.testng.TestNG.createSuiteRunners(TestNG.java:1325)
	at org.testng.TestNG.runSuitesLocally(TestNG.java:1167)
	at org.testng.TestNG.runSuites(TestNG.java:1099)
	at org.testng.TestNG.run(TestNG.java:1067)
	at org.apache.maven.surefire.testng.TestNGExecutor.run(TestNGExecutor.java:324)
	at org.apache.maven.surefire.testng.TestNGXmlTestSuite.execute(TestNGXmlTestSuite.java:74)
	at org.apache.maven.surefire.testng.TestNGProvider.invoke(TestNGProvider.java:123)
	at org.apache.maven.surefire.booter.ForkedBooter.runSuitesInProcess(ForkedBooter.java:456)
	at org.apache.maven.surefire.booter.ForkedBooter.execute(ForkedBooter.java:169)
	at org.apache.maven.surefire.booter.ForkedBooter.run(ForkedBooter.java:595)
	at org.apache.maven.surefire.booter.ForkedBooter.main(ForkedBooter.java:581)

2023-02-13 11:57:16,238 main ERROR Unable to invoke factory method in class org.apache.logging.log4j.core.appender.RollingFileAppender for element RollingFile: java.lang.IllegalStateException: No factory method found for class org.apache.logging.log4j.core.appender.RollingFileAppender java.lang.IllegalStateException: No factory method found for class org.apache.logging.log4j.core.appender.RollingFileAppender
	at org.apache.logging.log4j.core.config.plugins.util.PluginBuilder.findFactoryMethod(PluginBuilder.java:260)
	at org.apache.logging.log4j.core.config.plugins.util.PluginBuilder.build(PluginBuilder.java:136)
	at org.apache.logging.log4j.core.config.AbstractConfiguration.createPluginObject(AbstractConfiguration.java:1138)
	at org.apache.logging.log4j.core.config.AbstractConfiguration.createConfiguration(AbstractConfiguration.java:1063)
	at org.apache.logging.log4j.core.appender.routing.RoutingAppender.createAppender(RoutingAppender.java:310)
	at org.apache.logging.log4j.core.appender.routing.RoutingAppender.getControl(RoutingAppender.java:282)
	at org.apache.logging.log4j.core.appender.routing.RoutingAppender.append(RoutingAppender.java:240)
	at org.apache.logging.log4j.core.config.AppenderControl.tryCallAppender(AppenderControl.java:161)
	at org.apache.logging.log4j.core.config.AppenderControl.callAppender0(AppenderControl.java:134)
	at org.apache.logging.log4j.core.config.AppenderControl.callAppenderPreventRecursion(AppenderControl.java:125)
	at org.apache.logging.log4j.core.config.AppenderControl.callAppender(AppenderControl.java:89)
	at org.apache.logging.log4j.core.config.LoggerConfig.callAppenders(LoggerConfig.java:683)
	at org.apache.logging.log4j.core.config.LoggerConfig.processLogEvent(LoggerConfig.java:641)
	at org.apache.logging.log4j.core.config.LoggerConfig.log(LoggerConfig.java:624)
	at org.apache.logging.log4j.core.config.LoggerConfig.log(LoggerConfig.java:560)
	at org.apache.logging.log4j.core.config.AwaitCompletionReliabilityStrategy.log(AwaitCompletionReliabilityStrategy.java:82)
	at org.apache.logging.log4j.core.Logger.log(Logger.java:162)
	at org.apache.logging.log4j.spi.AbstractLogger.logMessage(AbstractLogger.java:2106)
	at org.apache.logging.log4j.internal.DefaultLogBuilder.logMessage(DefaultLogBuilder.java:241)
	at org.apache.logging.log4j.internal.DefaultLogBuilder.log(DefaultLogBuilder.java:162)
	at org.apache.poi.openxml4j.opc.PackageRelationshipCollection.parseRelationshipsPart(PackageRelationshipCollection.java:309)
	at org.apache.poi.openxml4j.opc.PackageRelationshipCollection.<init>(PackageRelationshipCollection.java:160)
	at org.apache.poi.openxml4j.opc.PackageRelationshipCollection.<init>(PackageRelationshipCollection.java:116)
	at org.apache.poi.openxml4j.opc.OPCPackage.ensureRelationships(OPCPackage.java:1346)
	at org.apache.poi.openxml4j.opc.OPCPackage.getRelationshipsHelper(OPCPackage.java:1325)
	at org.apache.poi.openxml4j.opc.OPCPackage.getRelationshipsByType(OPCPackage.java:1313)
	at org.apache.poi.ooxml.POIXMLDocumentPart.getPartFromOPCPackage(POIXMLDocumentPart.java:743)
	at org.apache.poi.ooxml.POIXMLDocumentPart.<init>(POIXMLDocumentPart.java:151)
	at org.apache.poi.ooxml.POIXMLDocumentPart.<init>(POIXMLDocumentPart.java:141)
	at org.apache.poi.ooxml.POIXMLDocument.<init>(POIXMLDocument.java:60)
	at org.apache.poi.xssf.usermodel.XSSFWorkbook.<init>(XSSFWorkbook.java:254)
	at org.apache.poi.xssf.usermodel.XSSFWorkbook.<init>(XSSFWorkbook.java:290)
	at org.apache.poi.xssf.usermodel.XSSFWorkbook.<init>(XSSFWorkbook.java:286)
	at externalResources.ExcelDataRead.<init>(ExcelDataRead.java:22)
	at listeners.AnnotationsTransformer.toBeExecuted(AnnotationsTransformer.java:36)
	at listeners.AnnotationsTransformer.transform(AnnotationsTransformer.java:24)
	at org.testng.internal.annotations.JDK15AnnotationFinder.transform(JDK15AnnotationFinder.java:172)
	at org.testng.internal.annotations.JDK15AnnotationFinder.lambda$findAnnotation$0(JDK15AnnotationFinder.java:279)
	at java.base/java.util.concurrent.ConcurrentHashMap.computeIfAbsent(ConcurrentHashMap.java:1737)
	at org.testng.internal.annotations.JDK15AnnotationFinder.findAnnotation(JDK15AnnotationFinder.java:275)
	at org.testng.internal.annotations.JDK15AnnotationFinder.findAnnotation(JDK15AnnotationFinder.java:113)
	at org.testng.internal.TestNGClassFinder.isTestNGClass(TestNGClassFinder.java:275)
	at org.testng.internal.TestNGClassFinder.isNotTestNGClass(TestNGClassFinder.java:260)
	at org.testng.internal.TestNGClassFinder.processClass(TestNGClassFinder.java:94)
	at org.testng.internal.TestNGClassFinder.<init>(TestNGClassFinder.java:67)
	at org.testng.TestRunner.initMethods(TestRunner.java:442)
	at org.testng.TestRunner.init(TestRunner.java:336)
	at org.testng.TestRunner.init(TestRunner.java:289)
	at org.testng.TestRunner.<init>(TestRunner.java:179)
	at org.testng.SuiteRunner$DefaultTestRunnerFactory.newTestRunner(SuiteRunner.java:643)
	at org.testng.SuiteRunner.init(SuiteRunner.java:225)
	at org.testng.SuiteRunner.<init>(SuiteRunner.java:115)
	at org.testng.TestNG.createSuiteRunner(TestNG.java:1349)
	at org.testng.TestNG.createSuiteRunners(TestNG.java:1325)
	at org.testng.TestNG.runSuitesLocally(TestNG.java:1167)
	at org.testng.TestNG.runSuites(TestNG.java:1099)
	at org.testng.TestNG.run(TestNG.java:1067)
	at org.apache.maven.surefire.testng.TestNGExecutor.run(TestNGExecutor.java:324)
	at org.apache.maven.surefire.testng.TestNGXmlTestSuite.execute(TestNGXmlTestSuite.java:74)
	at org.apache.maven.surefire.testng.TestNGProvider.invoke(TestNGProvider.java:123)
	at org.apache.maven.surefire.booter.ForkedBooter.runSuitesInProcess(ForkedBooter.java:456)
	at org.apache.maven.surefire.booter.ForkedBooter.execute(ForkedBooter.java:169)
	at org.apache.maven.surefire.booter.ForkedBooter.run(ForkedBooter.java:595)
	at org.apache.maven.surefire.booter.ForkedBooter.main(ForkedBooter.java:581)

2023-02-13 11:57:16,253 main ERROR Unable to create file ./results/logs/${ctx:threadName}.log java.io.IOException: The filename, directory name, or volume label syntax is incorrect
	at java.base/java.io.WinNTFileSystem.canonicalize0(Native Method)
	at java.base/java.io.WinNTFileSystem.canonicalize(WinNTFileSystem.java:483)
	at java.base/java.io.File.getCanonicalPath(File.java:626)
	at java.base/java.io.File.getCanonicalFile(File.java:651)
	at org.apache.logging.log4j.core.util.FileUtils.makeParentDirs(FileUtils.java:139)
	at org.apache.logging.log4j.core.appender.rolling.RollingFileManager$RollingFileManagerFactory.createManager(RollingFileManager.java:734)
	at org.apache.logging.log4j.core.appender.rolling.RollingFileManager$RollingFileManagerFactory.createManager(RollingFileManager.java:718)
	at org.apache.logging.log4j.core.appender.AbstractManager.getManager(AbstractManager.java:144)
	at org.apache.logging.log4j.core.appender.OutputStreamManager.getManager(OutputStreamManager.java:100)
	at org.apache.logging.log4j.core.appender.rolling.RollingFileManager.getFileManager(RollingFileManager.java:217)
	at org.apache.logging.log4j.core.appender.RollingFileAppender$Builder.build(RollingFileAppender.java:135)
	at org.apache.logging.log4j.core.appender.RollingFileAppender$Builder.build(RollingFileAppender.java:62)
	at org.apache.logging.log4j.core.config.plugins.util.PluginBuilder.build(PluginBuilder.java:124)
	at org.apache.logging.log4j.core.config.AbstractConfiguration.createPluginObject(AbstractConfiguration.java:1138)
	at org.apache.logging.log4j.core.config.AbstractConfiguration.createConfiguration(AbstractConfiguration.java:1063)
	at org.apache.logging.log4j.core.appender.routing.RoutingAppender.createAppender(RoutingAppender.java:310)
	at org.apache.logging.log4j.core.appender.routing.RoutingAppender.getControl(RoutingAppender.java:282)
	at org.apache.logging.log4j.core.appender.routing.RoutingAppender.append(RoutingAppender.java:240)
	at org.apache.logging.log4j.core.config.AppenderControl.tryCallAppender(AppenderControl.java:161)
	at org.apache.logging.log4j.core.config.AppenderControl.callAppender0(AppenderControl.java:134)
	at org.apache.logging.log4j.core.config.AppenderControl.callAppenderPreventRecursion(AppenderControl.java:125)
	at org.apache.logging.log4j.core.config.AppenderControl.callAppender(AppenderControl.java:89)
	at org.apache.logging.log4j.core.config.LoggerConfig.callAppenders(LoggerConfig.java:683)
	at org.apache.logging.log4j.core.config.LoggerConfig.processLogEvent(LoggerConfig.java:641)
	at org.apache.logging.log4j.core.config.LoggerConfig.log(LoggerConfig.java:624)
	at org.apache.logging.log4j.core.config.LoggerConfig.log(LoggerConfig.java:560)
	at org.apache.logging.log4j.core.config.AwaitCompletionReliabilityStrategy.log(AwaitCompletionReliabilityStrategy.java:82)
	at org.apache.logging.log4j.core.Logger.log(Logger.java:162)
	at org.apache.logging.log4j.spi.AbstractLogger.logMessage(AbstractLogger.java:2106)
	at org.apache.logging.log4j.internal.DefaultLogBuilder.logMessage(DefaultLogBuilder.java:241)
	at org.apache.logging.log4j.internal.DefaultLogBuilder.log(DefaultLogBuilder.java:162)
	at org.apache.poi.ooxml.POIXMLFactory.createDocumentPart(POIXMLFactory.java:65)
	at org.apache.poi.ooxml.POIXMLDocumentPart.read(POIXMLDocumentPart.java:661)
	at org.apache.poi.ooxml.POIXMLDocumentPart.read(POIXMLDocumentPart.java:678)
	at org.apache.poi.ooxml.POIXMLDocument.load(POIXMLDocument.java:165)
	at org.apache.poi.xssf.usermodel.XSSFWorkbook.<init>(XSSFWorkbook.java:260)
	at org.apache.poi.xssf.usermodel.XSSFWorkbook.<init>(XSSFWorkbook.java:290)
	at org.apache.poi.xssf.usermodel.XSSFWorkbook.<init>(XSSFWorkbook.java:286)
	at externalResources.ExcelDataRead.<init>(ExcelDataRead.java:22)
	at listeners.AnnotationsTransformer.toBeExecuted(AnnotationsTransformer.java:36)
	at listeners.AnnotationsTransformer.transform(AnnotationsTransformer.java:24)
	at org.testng.internal.annotations.JDK15AnnotationFinder.transform(JDK15AnnotationFinder.java:172)
	at org.testng.internal.annotations.JDK15AnnotationFinder.lambda$findAnnotation$0(JDK15AnnotationFinder.java:279)
	at java.base/java.util.concurrent.ConcurrentHashMap.computeIfAbsent(ConcurrentHashMap.java:1737)
	at org.testng.internal.annotations.JDK15AnnotationFinder.findAnnotation(JDK15AnnotationFinder.java:275)
	at org.testng.internal.annotations.JDK15AnnotationFinder.findAnnotation(JDK15AnnotationFinder.java:113)
	at org.testng.internal.TestNGClassFinder.isTestNGClass(TestNGClassFinder.java:275)
	at org.testng.internal.TestNGClassFinder.isNotTestNGClass(TestNGClassFinder.java:260)
	at org.testng.internal.TestNGClassFinder.processClass(TestNGClassFinder.java:94)
	at org.testng.internal.TestNGClassFinder.<init>(TestNGClassFinder.java:67)
	at org.testng.TestRunner.initMethods(TestRunner.java:442)
	at org.testng.TestRunner.init(TestRunner.java:336)
	at org.testng.TestRunner.init(TestRunner.java:289)
	at org.testng.TestRunner.<init>(TestRunner.java:179)
	at org.testng.SuiteRunner$DefaultTestRunnerFactory.newTestRunner(SuiteRunner.java:643)
	at org.testng.SuiteRunner.init(SuiteRunner.java:225)
	at org.testng.SuiteRunner.<init>(SuiteRunner.java:115)
	at org.testng.TestNG.createSuiteRunner(TestNG.java:1349)
	at org.testng.TestNG.createSuiteRunners(TestNG.java:1325)
	at org.testng.TestNG.runSuitesLocally(TestNG.java:1167)
	at org.testng.TestNG.runSuites(TestNG.java:1099)
	at org.testng.TestNG.run(TestNG.java:1067)
	at org.apache.maven.surefire.testng.TestNGExecutor.run(TestNGExecutor.java:324)
	at org.apache.maven.surefire.testng.TestNGXmlTestSuite.execute(TestNGXmlTestSuite.java:74)
	at org.apache.maven.surefire.testng.TestNGProvider.invoke(TestNGProvider.java:123)
	at org.apache.maven.surefire.booter.ForkedBooter.runSuitesInProcess(ForkedBooter.java:456)
	at org.apache.maven.surefire.booter.ForkedBooter.execute(ForkedBooter.java:169)
	at org.apache.maven.surefire.booter.ForkedBooter.run(ForkedBooter.java:595)
	at org.apache.maven.surefire.booter.ForkedBooter.main(ForkedBooter.java:581)

2023-02-13 11:57:16,254 main ERROR Could not create plugin of type class org.apache.logging.log4j.core.appender.RollingFileAppender for element RollingFile: java.lang.IllegalStateException: ManagerFactory [org.apache.logging.log4j.core.appender.rolling.RollingFileManager$RollingFileManagerFactory@4e6d7365] unable to create manager for [./results/logs/${ctx:threadName}.log] with data [org.apache.logging.log4j.core.appender.rolling.RollingFileManager$FactoryData@244e619a[pattern=./results/logs/${ctx:threadName}-%d{yyyy-MM-dd}.log, append=true, bufferedIO=true, bufferSize=8192, policy=SizeBasedTriggeringPolicy(size=512000), strategy=DefaultRolloverStrategy(min=1, max=7, useMax=true), advertiseURI=null, layout=%d{HH:mm:ss.SSS} [%t] %-5level %logger{36} - %msg%n, filePermissions=null, fileOwner=null]] java.lang.IllegalStateException: ManagerFactory [org.apache.logging.log4j.core.appender.rolling.RollingFileManager$RollingFileManagerFactory@4e6d7365] unable to create manager for [./results/logs/${ctx:threadName}.log] with data [org.apache.logging.log4j.core.appender.rolling.RollingFileManager$FactoryData@244e619a[pattern=./results/logs/${ctx:threadName}-%d{yyyy-MM-dd}.log, append=true, bufferedIO=true, bufferSize=8192, policy=SizeBasedTriggeringPolicy(size=512000), strategy=DefaultRolloverStrategy(min=1, max=7, useMax=true), advertiseURI=null, layout=%d{HH:mm:ss.SSS} [%t] %-5level %logger{36} - %msg%n, filePermissions=null, fileOwner=null]]
	at org.apache.logging.log4j.core.appender.AbstractManager.getManager(AbstractManager.java:146)
	at org.apache.logging.log4j.core.appender.OutputStreamManager.getManager(OutputStreamManager.java:100)
	at org.apache.logging.log4j.core.appender.rolling.RollingFileManager.getFileManager(RollingFileManager.java:217)
	at org.apache.logging.log4j.core.appender.RollingFileAppender$Builder.build(RollingFileAppender.java:135)
	at org.apache.logging.log4j.core.appender.RollingFileAppender$Builder.build(RollingFileAppender.java:62)
	at org.apache.logging.log4j.core.config.plugins.util.PluginBuilder.build(PluginBuilder.java:124)
	at org.apache.logging.log4j.core.config.AbstractConfiguration.createPluginObject(AbstractConfiguration.java:1138)
	at org.apache.logging.log4j.core.config.AbstractConfiguration.createConfiguration(AbstractConfiguration.java:1063)
	at org.apache.logging.log4j.core.appender.routing.RoutingAppender.createAppender(RoutingAppender.java:310)
	at org.apache.logging.log4j.core.appender.routing.RoutingAppender.getControl(RoutingAppender.java:282)
	at org.apache.logging.log4j.core.appender.routing.RoutingAppender.append(RoutingAppender.java:240)
	at org.apache.logging.log4j.core.config.AppenderControl.tryCallAppender(AppenderControl.java:161)
	at org.apache.logging.log4j.core.config.AppenderControl.callAppender0(AppenderControl.java:134)
	at org.apache.logging.log4j.core.config.AppenderControl.callAppenderPreventRecursion(AppenderControl.java:125)
	at org.apache.logging.log4j.core.config.AppenderControl.callAppender(AppenderControl.java:89)
	at org.apache.logging.log4j.core.config.LoggerConfig.callAppenders(LoggerConfig.java:683)
	at org.apache.logging.log4j.core.config.LoggerConfig.processLogEvent(LoggerConfig.java:641)
	at org.apache.logging.log4j.core.config.LoggerConfig.log(LoggerConfig.java:624)
	at org.apache.logging.log4j.core.config.LoggerConfig.log(LoggerConfig.java:560)
	at org.apache.logging.log4j.core.config.AwaitCompletionReliabilityStrategy.log(AwaitCompletionReliabilityStrategy.java:82)
	at org.apache.logging.log4j.core.Logger.log(Logger.java:162)
	at org.apache.logging.log4j.spi.AbstractLogger.logMessage(AbstractLogger.java:2106)
	at org.apache.logging.log4j.internal.DefaultLogBuilder.logMessage(DefaultLogBuilder.java:241)
	at org.apache.logging.log4j.internal.DefaultLogBuilder.log(DefaultLogBuilder.java:162)
	at org.apache.poi.ooxml.POIXMLFactory.createDocumentPart(POIXMLFactory.java:65)
	at org.apache.poi.ooxml.POIXMLDocumentPart.read(POIXMLDocumentPart.java:661)
	at org.apache.poi.ooxml.POIXMLDocumentPart.read(POIXMLDocumentPart.java:678)
	at org.apache.poi.ooxml.POIXMLDocument.load(POIXMLDocument.java:165)
	at org.apache.poi.xssf.usermodel.XSSFWorkbook.<init>(XSSFWorkbook.java:260)
	at org.apache.poi.xssf.usermodel.XSSFWorkbook.<init>(XSSFWorkbook.java:290)
	at org.apache.poi.xssf.usermodel.XSSFWorkbook.<init>(XSSFWorkbook.java:286)
	at externalResources.ExcelDataRead.<init>(ExcelDataRead.java:22)
	at listeners.AnnotationsTransformer.toBeExecuted(AnnotationsTransformer.java:36)
	at listeners.AnnotationsTransformer.transform(AnnotationsTransformer.java:24)
	at org.testng.internal.annotations.JDK15AnnotationFinder.transform(JDK15AnnotationFinder.java:172)
	at org.testng.internal.annotations.JDK15AnnotationFinder.lambda$findAnnotation$0(JDK15AnnotationFinder.java:279)
	at java.base/java.util.concurrent.ConcurrentHashMap.computeIfAbsent(ConcurrentHashMap.java:1737)
	at org.testng.internal.annotations.JDK15AnnotationFinder.findAnnotation(JDK15AnnotationFinder.java:275)
	at org.testng.internal.annotations.JDK15AnnotationFinder.findAnnotation(JDK15AnnotationFinder.java:113)
	at org.testng.internal.TestNGClassFinder.isTestNGClass(TestNGClassFinder.java:275)
	at org.testng.internal.TestNGClassFinder.isNotTestNGClass(TestNGClassFinder.java:260)
	at org.testng.internal.TestNGClassFinder.processClass(TestNGClassFinder.java:94)
	at org.testng.internal.TestNGClassFinder.<init>(TestNGClassFinder.java:67)
	at org.testng.TestRunner.initMethods(TestRunner.java:442)
	at org.testng.TestRunner.init(TestRunner.java:336)
	at org.testng.TestRunner.init(TestRunner.java:289)
	at org.testng.TestRunner.<init>(TestRunner.java:179)
	at org.testng.SuiteRunner$DefaultTestRunnerFactory.newTestRunner(SuiteRunner.java:643)
	at org.testng.SuiteRunner.init(SuiteRunner.java:225)
	at org.testng.SuiteRunner.<init>(SuiteRunner.java:115)
	at org.testng.TestNG.createSuiteRunner(TestNG.java:1349)
	at org.testng.TestNG.createSuiteRunners(TestNG.java:1325)
	at org.testng.TestNG.runSuitesLocally(TestNG.java:1167)
	at org.testng.TestNG.runSuites(TestNG.java:1099)
	at org.testng.TestNG.run(TestNG.java:1067)
	at org.apache.maven.surefire.testng.TestNGExecutor.run(TestNGExecutor.java:324)
	at org.apache.maven.surefire.testng.TestNGXmlTestSuite.execute(TestNGXmlTestSuite.java:74)
	at org.apache.maven.surefire.testng.TestNGProvider.invoke(TestNGProvider.java:123)
	at org.apache.maven.surefire.booter.ForkedBooter.runSuitesInProcess(ForkedBooter.java:456)
	at org.apache.maven.surefire.booter.ForkedBooter.execute(ForkedBooter.java:169)
	at org.apache.maven.surefire.booter.ForkedBooter.run(ForkedBooter.java:595)
	at org.apache.maven.surefire.booter.ForkedBooter.main(ForkedBooter.java:581)

2023-02-13 11:57:16,254 main ERROR Unable to invoke factory method in class org.apache.logging.log4j.core.appender.RollingFileAppender for element RollingFile: java.lang.IllegalStateException: No factory method found for class org.apache.logging.log4j.core.appender.RollingFileAppender java.lang.IllegalStateException: No factory method found for class org.apache.logging.log4j.core.appender.RollingFileAppender
	at org.apache.logging.log4j.core.config.plugins.util.PluginBuilder.findFactoryMethod(PluginBuilder.java:260)
	at org.apache.logging.log4j.core.config.plugins.util.PluginBuilder.build(PluginBuilder.java:136)
	at org.apache.logging.log4j.core.config.AbstractConfiguration.createPluginObject(AbstractConfiguration.java:1138)
	at org.apache.logging.log4j.core.config.AbstractConfiguration.createConfiguration(AbstractConfiguration.java:1063)
	at org.apache.logging.log4j.core.appender.routing.RoutingAppender.createAppender(RoutingAppender.java:310)
	at org.apache.logging.log4j.core.appender.routing.RoutingAppender.getControl(RoutingAppender.java:282)
	at org.apache.logging.log4j.core.appender.routing.RoutingAppender.append(RoutingAppender.java:240)
	at org.apache.logging.log4j.core.config.AppenderControl.tryCallAppender(AppenderControl.java:161)
	at org.apache.logging.log4j.core.config.AppenderControl.callAppender0(AppenderControl.java:134)
	at org.apache.logging.log4j.core.config.AppenderControl.callAppenderPreventRecursion(AppenderControl.java:125)
	at org.apache.logging.log4j.core.config.AppenderControl.callAppender(AppenderControl.java:89)
	at org.apache.logging.log4j.core.config.LoggerConfig.callAppenders(LoggerConfig.java:683)
	at org.apache.logging.log4j.core.config.LoggerConfig.processLogEvent(LoggerConfig.java:641)
	at org.apache.logging.log4j.core.config.LoggerConfig.log(LoggerConfig.java:624)
	at org.apache.logging.log4j.core.config.LoggerConfig.log(LoggerConfig.java:560)
	at org.apache.logging.log4j.core.config.AwaitCompletionReliabilityStrategy.log(AwaitCompletionReliabilityStrategy.java:82)
	at org.apache.logging.log4j.core.Logger.log(Logger.java:162)
	at org.apache.logging.log4j.spi.AbstractLogger.logMessage(AbstractLogger.java:2106)
	at org.apache.logging.log4j.internal.DefaultLogBuilder.logMessage(DefaultLogBuilder.java:241)
	at org.apache.logging.log4j.internal.DefaultLogBuilder.log(DefaultLogBuilder.java:162)
	at org.apache.poi.ooxml.POIXMLFactory.createDocumentPart(POIXMLFactory.java:65)
	at org.apache.poi.ooxml.POIXMLDocumentPart.read(POIXMLDocumentPart.java:661)
	at org.apache.poi.ooxml.POIXMLDocumentPart.read(POIXMLDocumentPart.java:678)
	at org.apache.poi.ooxml.POIXMLDocument.load(POIXMLDocument.java:165)
	at org.apache.poi.xssf.usermodel.XSSFWorkbook.<init>(XSSFWorkbook.java:260)
	at org.apache.poi.xssf.usermodel.XSSFWorkbook.<init>(XSSFWorkbook.java:290)
	at org.apache.poi.xssf.usermodel.XSSFWorkbook.<init>(XSSFWorkbook.java:286)
	at externalResources.ExcelDataRead.<init>(ExcelDataRead.java:22)
	at listeners.AnnotationsTransformer.toBeExecuted(AnnotationsTransformer.java:36)
	at listeners.AnnotationsTransformer.transform(AnnotationsTransformer.java:24)
	at org.testng.internal.annotations.JDK15AnnotationFinder.transform(JDK15AnnotationFinder.java:172)
	at org.testng.internal.annotations.JDK15AnnotationFinder.lambda$findAnnotation$0(JDK15AnnotationFinder.java:279)
	at java.base/java.util.concurrent.ConcurrentHashMap.computeIfAbsent(ConcurrentHashMap.java:1737)
	at org.testng.internal.annotations.JDK15AnnotationFinder.findAnnotation(JDK15AnnotationFinder.java:275)
	at org.testng.internal.annotations.JDK15AnnotationFinder.findAnnotation(JDK15AnnotationFinder.java:113)
	at org.testng.internal.TestNGClassFinder.isTestNGClass(TestNGClassFinder.java:275)
	at org.testng.internal.TestNGClassFinder.isNotTestNGClass(TestNGClassFinder.java:260)
	at org.testng.internal.TestNGClassFinder.processClass(TestNGClassFinder.java:94)
	at org.testng.internal.TestNGClassFinder.<init>(TestNGClassFinder.java:67)
	at org.testng.TestRunner.initMethods(TestRunner.java:442)
	at org.testng.TestRunner.init(TestRunner.java:336)
	at org.testng.TestRunner.init(TestRunner.java:289)
	at org.testng.TestRunner.<init>(TestRunner.java:179)
	at org.testng.SuiteRunner$DefaultTestRunnerFactory.newTestRunner(SuiteRunner.java:643)
	at org.testng.SuiteRunner.init(SuiteRunner.java:225)
	at org.testng.SuiteRunner.<init>(SuiteRunner.java:115)
	at org.testng.TestNG.createSuiteRunner(TestNG.java:1349)
	at org.testng.TestNG.createSuiteRunners(TestNG.java:1325)
	at org.testng.TestNG.runSuitesLocally(TestNG.java:1167)
	at org.testng.TestNG.runSuites(TestNG.java:1099)
	at org.testng.TestNG.run(TestNG.java:1067)
	at org.apache.maven.surefire.testng.TestNGExecutor.run(TestNGExecutor.java:324)
	at org.apache.maven.surefire.testng.TestNGXmlTestSuite.execute(TestNGXmlTestSuite.java:74)
	at org.apache.maven.surefire.testng.TestNGProvider.invoke(TestNGProvider.java:123)
	at org.apache.maven.surefire.booter.ForkedBooter.runSuitesInProcess(ForkedBooter.java:456)
	at org.apache.maven.surefire.booter.ForkedBooter.execute(ForkedBooter.java:169)
	at org.apache.maven.surefire.booter.ForkedBooter.run(ForkedBooter.java:595)
	at org.apache.maven.surefire.booter.ForkedBooter.main(ForkedBooter.java:581)

2023-02-13 11:57:16,257 main ERROR Unable to create file ./results/logs/${ctx:threadName}.log java.io.IOException: The filename, directory name, or volume label syntax is incorrect
	at java.base/java.io.WinNTFileSystem.canonicalize0(Native Method)
	at java.base/java.io.WinNTFileSystem.canonicalize(WinNTFileSystem.java:483)
	at java.base/java.io.File.getCanonicalPath(File.java:626)
	at java.base/java.io.File.getCanonicalFile(File.java:651)
	at org.apache.logging.log4j.core.util.FileUtils.makeParentDirs(FileUtils.java:139)
	at org.apache.logging.log4j.core.appender.rolling.RollingFileManager$RollingFileManagerFactory.createManager(RollingFileManager.java:734)
	at org.apache.logging.log4j.core.appender.rolling.RollingFileManager$RollingFileManagerFactory.createManager(RollingFileManager.java:718)
	at org.apache.logging.log4j.core.appender.AbstractManager.getManager(AbstractManager.java:144)
	at org.apache.logging.log4j.core.appender.OutputStreamManager.getManager(OutputStreamManager.java:100)
	at org.apache.logging.log4j.core.appender.rolling.RollingFileManager.getFileManager(RollingFileManager.java:217)
	at org.apache.logging.log4j.core.appender.RollingFileAppender$Builder.build(RollingFileAppender.java:135)
	at org.apache.logging.log4j.core.appender.RollingFileAppender$Builder.build(RollingFileAppender.java:62)
	at org.apache.logging.log4j.core.config.plugins.util.PluginBuilder.build(PluginBuilder.java:124)
	at org.apache.logging.log4j.core.config.AbstractConfiguration.createPluginObject(AbstractConfiguration.java:1138)
	at org.apache.logging.log4j.core.config.AbstractConfiguration.createConfiguration(AbstractConfiguration.java:1063)
	at org.apache.logging.log4j.core.appender.routing.RoutingAppender.createAppender(RoutingAppender.java:310)
	at org.apache.logging.log4j.core.appender.routing.RoutingAppender.getControl(RoutingAppender.java:282)
	at org.apache.logging.log4j.core.appender.routing.RoutingAppender.append(RoutingAppender.java:240)
	at org.apache.logging.log4j.core.config.AppenderControl.tryCallAppender(AppenderControl.java:161)
	at org.apache.logging.log4j.core.config.AppenderControl.callAppender0(AppenderControl.java:134)
	at org.apache.logging.log4j.core.config.AppenderControl.callAppenderPreventRecursion(AppenderControl.java:125)
	at org.apache.logging.log4j.core.config.AppenderControl.callAppender(AppenderControl.java:89)
	at org.apache.logging.log4j.core.config.LoggerConfig.callAppenders(LoggerConfig.java:683)
	at org.apache.logging.log4j.core.config.LoggerConfig.processLogEvent(LoggerConfig.java:641)
	at org.apache.logging.log4j.core.config.LoggerConfig.log(LoggerConfig.java:624)
	at org.apache.logging.log4j.core.config.LoggerConfig.log(LoggerConfig.java:560)
	at org.apache.logging.log4j.core.config.AwaitCompletionReliabilityStrategy.log(AwaitCompletionReliabilityStrategy.java:82)
	at org.apache.logging.log4j.core.Logger.log(Logger.java:162)
	at org.apache.logging.log4j.spi.AbstractLogger.logMessage(AbstractLogger.java:2106)
	at org.apache.logging.log4j.internal.DefaultLogBuilder.logMessage(DefaultLogBuilder.java:241)
	at org.apache.logging.log4j.internal.DefaultLogBuilder.log(DefaultLogBuilder.java:162)
	at org.apache.poi.ooxml.POIXMLFactory.createDocumentPart(POIXMLFactory.java:65)
	at org.apache.poi.ooxml.POIXMLDocumentPart.read(POIXMLDocumentPart.java:661)
	at org.apache.poi.ooxml.POIXMLDocumentPart.read(POIXMLDocumentPart.java:678)
	at org.apache.poi.ooxml.POIXMLDocument.load(POIXMLDocument.java:165)
	at org.apache.poi.xssf.usermodel.XSSFWorkbook.<init>(XSSFWorkbook.java:260)
	at org.apache.poi.xssf.usermodel.XSSFWorkbook.<init>(XSSFWorkbook.java:290)
	at org.apache.poi.xssf.usermodel.XSSFWorkbook.<init>(XSSFWorkbook.java:286)
	at externalResources.ExcelDataRead.<init>(ExcelDataRead.java:22)
	at listeners.AnnotationsTransformer.toBeExecuted(AnnotationsTransformer.java:36)
	at listeners.AnnotationsTransformer.transform(AnnotationsTransformer.java:24)
	at org.testng.internal.annotations.JDK15AnnotationFinder.transform(JDK15AnnotationFinder.java:172)
	at org.testng.internal.annotations.JDK15AnnotationFinder.lambda$findAnnotation$0(JDK15AnnotationFinder.java:279)
	at java.base/java.util.concurrent.ConcurrentHashMap.computeIfAbsent(ConcurrentHashMap.java:1737)
	at org.testng.internal.annotations.JDK15AnnotationFinder.findAnnotation(JDK15AnnotationFinder.java:275)
	at org.testng.internal.annotations.JDK15AnnotationFinder.findAnnotation(JDK15AnnotationFinder.java:113)
	at org.testng.internal.TestNGClassFinder.isTestNGClass(TestNGClassFinder.java:275)
	at org.testng.internal.TestNGClassFinder.isNotTestNGClass(TestNGClassFinder.java:260)
	at org.testng.internal.TestNGClassFinder.processClass(TestNGClassFinder.java:94)
	at org.testng.internal.TestNGClassFinder.<init>(TestNGClassFinder.java:67)
	at org.testng.TestRunner.initMethods(TestRunner.java:442)
	at org.testng.TestRunner.init(TestRunner.java:336)
	at org.testng.TestRunner.init(TestRunner.java:289)
	at org.testng.TestRunner.<init>(TestRunner.java:179)
	at org.testng.SuiteRunner$DefaultTestRunnerFactory.newTestRunner(SuiteRunner.java:643)
	at org.testng.SuiteRunner.init(SuiteRunner.java:225)
	at org.testng.SuiteRunner.<init>(SuiteRunner.java:115)
	at org.testng.TestNG.createSuiteRunner(TestNG.java:1349)
	at org.testng.TestNG.createSuiteRunners(TestNG.java:1325)
	at org.testng.TestNG.runSuitesLocally(TestNG.java:1167)
	at org.testng.TestNG.runSuites(TestNG.java:1099)
	at org.testng.TestNG.run(TestNG.java:1067)
	at org.apache.maven.surefire.testng.TestNGExecutor.run(TestNGExecutor.java:324)
	at org.apache.maven.surefire.testng.TestNGXmlTestSuite.execute(TestNGXmlTestSuite.java:74)
	at org.apache.maven.surefire.testng.TestNGProvider.invoke(TestNGProvider.java:123)
	at org.apache.maven.surefire.booter.ForkedBooter.runSuitesInProcess(ForkedBooter.java:456)
	at org.apache.maven.surefire.booter.ForkedBooter.execute(ForkedBooter.java:169)
	at org.apache.maven.surefire.booter.ForkedBooter.run(ForkedBooter.java:595)
	at org.apache.maven.surefire.booter.ForkedBooter.main(ForkedBooter.java:581)

2023-02-13 11:57:16,258 main ERROR Could not create plugin of type class org.apache.logging.log4j.core.appender.RollingFileAppender for element RollingFile: java.lang.IllegalStateException: ManagerFactory [org.apache.logging.log4j.core.appender.rolling.RollingFileManager$RollingFileManagerFactory@4e6d7365] unable to create manager for [./results/logs/${ctx:threadName}.log] with data [org.apache.logging.log4j.core.appender.rolling.RollingFileManager$FactoryData@59c33386[pattern=./results/logs/${ctx:threadName}-%d{yyyy-MM-dd}.log, append=true, bufferedIO=true, bufferSize=8192, policy=SizeBasedTriggeringPolicy(size=512000), strategy=DefaultRolloverStrategy(min=1, max=7, useMax=true), advertiseURI=null, layout=%d{HH:mm:ss.SSS} [%t] %-5level %logger{36} - %msg%n, filePermissions=null, fileOwner=null]] java.lang.IllegalStateException: ManagerFactory [org.apache.logging.log4j.core.appender.rolling.RollingFileManager$RollingFileManagerFactory@4e6d7365] unable to create manager for [./results/logs/${ctx:threadName}.log] with data [org.apache.logging.log4j.core.appender.rolling.RollingFileManager$FactoryData@59c33386[pattern=./results/logs/${ctx:threadName}-%d{yyyy-MM-dd}.log, append=true, bufferedIO=true, bufferSize=8192, policy=SizeBasedTriggeringPolicy(size=512000), strategy=DefaultRolloverStrategy(min=1, max=7, useMax=true), advertiseURI=null, layout=%d{HH:mm:ss.SSS} [%t] %-5level %logger{36} - %msg%n, filePermissions=null, fileOwner=null]]
	at org.apache.logging.log4j.core.appender.AbstractManager.getManager(AbstractManager.java:146)
	at org.apache.logging.log4j.core.appender.OutputStreamManager.getManager(OutputStreamManager.java:100)
	at org.apache.logging.log4j.core.appender.rolling.RollingFileManager.getFileManager(RollingFileManager.java:217)
	at org.apache.logging.log4j.core.appender.RollingFileAppender$Builder.build(RollingFileAppender.java:135)
	at org.apache.logging.log4j.core.appender.RollingFileAppender$Builder.build(RollingFileAppender.java:62)
	at org.apache.logging.log4j.core.config.plugins.util.PluginBuilder.build(PluginBuilder.java:124)
	at org.apache.logging.log4j.core.config.AbstractConfiguration.createPluginObject(AbstractConfiguration.java:1138)
	at org.apache.logging.log4j.core.config.AbstractConfiguration.createConfiguration(AbstractConfiguration.java:1063)
	at org.apache.logging.log4j.core.appender.routing.RoutingAppender.createAppender(RoutingAppender.java:310)
	at org.apache.logging.log4j.core.appender.routing.RoutingAppender.getControl(RoutingAppender.java:282)
	at org.apache.logging.log4j.core.appender.routing.RoutingAppender.append(RoutingAppender.java:240)
	at org.apache.logging.log4j.core.config.AppenderControl.tryCallAppender(AppenderControl.java:161)
	at org.apache.logging.log4j.core.config.AppenderControl.callAppender0(AppenderControl.java:134)
	at org.apache.logging.log4j.core.config.AppenderControl.callAppenderPreventRecursion(AppenderControl.java:125)
	at org.apache.logging.log4j.core.config.AppenderControl.callAppender(AppenderControl.java:89)
	at org.apache.logging.log4j.core.config.LoggerConfig.callAppenders(LoggerConfig.java:683)
	at org.apache.logging.log4j.core.config.LoggerConfig.processLogEvent(LoggerConfig.java:641)
	at org.apache.logging.log4j.core.config.LoggerConfig.log(LoggerConfig.java:624)
	at org.apache.logging.log4j.core.config.LoggerConfig.log(LoggerConfig.java:560)
	at org.apache.logging.log4j.core.config.AwaitCompletionReliabilityStrategy.log(AwaitCompletionReliabilityStrategy.java:82)
	at org.apache.logging.log4j.core.Logger.log(Logger.java:162)
	at org.apache.logging.log4j.spi.AbstractLogger.logMessage(AbstractLogger.java:2106)
	at org.apache.logging.log4j.internal.DefaultLogBuilder.logMessage(DefaultLogBuilder.java:241)
	at org.apache.logging.log4j.internal.DefaultLogBuilder.log(DefaultLogBuilder.java:162)
	at org.apache.poi.ooxml.POIXMLFactory.createDocumentPart(POIXMLFactory.java:65)
	at org.apache.poi.ooxml.POIXMLDocumentPart.read(POIXMLDocumentPart.java:661)
	at org.apache.poi.ooxml.POIXMLDocumentPart.read(POIXMLDocumentPart.java:678)
	at org.apache.poi.ooxml.POIXMLDocument.load(POIXMLDocument.java:165)
	at org.apache.poi.xssf.usermodel.XSSFWorkbook.<init>(XSSFWorkbook.java:260)
	at org.apache.poi.xssf.usermodel.XSSFWorkbook.<init>(XSSFWorkbook.java:290)
	at org.apache.poi.xssf.usermodel.XSSFWorkbook.<init>(XSSFWorkbook.java:286)
	at externalResources.ExcelDataRead.<init>(ExcelDataRead.java:22)
	at listeners.AnnotationsTransformer.toBeExecuted(AnnotationsTransformer.java:36)
	at listeners.AnnotationsTransformer.transform(AnnotationsTransformer.java:24)
	at org.testng.internal.annotations.JDK15AnnotationFinder.transform(JDK15AnnotationFinder.java:172)
	at org.testng.internal.annotations.JDK15AnnotationFinder.lambda$findAnnotation$0(JDK15AnnotationFinder.java:279)
	at java.base/java.util.concurrent.ConcurrentHashMap.computeIfAbsent(ConcurrentHashMap.java:1737)
	at org.testng.internal.annotations.JDK15AnnotationFinder.findAnnotation(JDK15AnnotationFinder.java:275)
	at org.testng.internal.annotations.JDK15AnnotationFinder.findAnnotation(JDK15AnnotationFinder.java:113)
	at org.testng.internal.TestNGClassFinder.isTestNGClass(TestNGClassFinder.java:275)
	at org.testng.internal.TestNGClassFinder.isNotTestNGClass(TestNGClassFinder.java:260)
	at org.testng.internal.TestNGClassFinder.processClass(TestNGClassFinder.java:94)
	at org.testng.internal.TestNGClassFinder.<init>(TestNGClassFinder.java:67)
	at org.testng.TestRunner.initMethods(TestRunner.java:442)
	at org.testng.TestRunner.init(TestRunner.java:336)
	at org.testng.TestRunner.init(TestRunner.java:289)
	at org.testng.TestRunner.<init>(TestRunner.java:179)
	at org.testng.SuiteRunner$DefaultTestRunnerFactory.newTestRunner(SuiteRunner.java:643)
	at org.testng.SuiteRunner.init(SuiteRunner.java:225)
	at org.testng.SuiteRunner.<init>(SuiteRunner.java:115)
	at org.testng.TestNG.createSuiteRunner(TestNG.java:1349)
	at org.testng.TestNG.createSuiteRunners(TestNG.java:1325)
	at org.testng.TestNG.runSuitesLocally(TestNG.java:1167)
	at org.testng.TestNG.runSuites(TestNG.java:1099)
	at org.testng.TestNG.run(TestNG.java:1067)
	at org.apache.maven.surefire.testng.TestNGExecutor.run(TestNGExecutor.java:324)
	at org.apache.maven.surefire.testng.TestNGXmlTestSuite.execute(TestNGXmlTestSuite.java:74)
	at org.apache.maven.surefire.testng.TestNGProvider.invoke(TestNGProvider.java:123)
	at org.apache.maven.surefire.booter.ForkedBooter.runSuitesInProcess(ForkedBooter.java:456)
	at org.apache.maven.surefire.booter.ForkedBooter.execute(ForkedBooter.java:169)
	at org.apache.maven.surefire.booter.ForkedBooter.run(ForkedBooter.java:595)
	at org.apache.maven.surefire.booter.ForkedBooter.main(ForkedBooter.java:581)

2023-02-13 11:57:16,259 main ERROR Unable to invoke factory method in class org.apache.logging.log4j.core.appender.RollingFileAppender for element RollingFile: java.lang.IllegalStateException: No factory method found for class org.apache.logging.log4j.core.appender.RollingFileAppender java.lang.IllegalStateException: No factory method found for class org.apache.logging.log4j.core.appender.RollingFileAppender
	at org.apache.logging.log4j.core.config.plugins.util.PluginBuilder.findFactoryMethod(PluginBuilder.java:260)
	at org.apache.logging.log4j.core.config.plugins.util.PluginBuilder.build(PluginBuilder.java:136)
	at org.apache.logging.log4j.core.config.AbstractConfiguration.createPluginObject(AbstractConfiguration.java:1138)
	at org.apache.logging.log4j.core.config.AbstractConfiguration.createConfiguration(AbstractConfiguration.java:1063)
	at org.apache.logging.log4j.core.appender.routing.RoutingAppender.createAppender(RoutingAppender.java:310)
	at org.apache.logging.log4j.core.appender.routing.RoutingAppender.getControl(RoutingAppender.java:282)
	at org.apache.logging.log4j.core.appender.routing.RoutingAppender.append(RoutingAppender.java:240)
	at org.apache.logging.log4j.core.config.AppenderControl.tryCallAppender(AppenderControl.java:161)
	at org.apache.logging.log4j.core.config.AppenderControl.callAppender0(AppenderControl.java:134)
	at org.apache.logging.log4j.core.config.AppenderControl.callAppenderPreventRecursion(AppenderControl.java:125)
	at org.apache.logging.log4j.core.config.AppenderControl.callAppender(AppenderControl.java:89)
	at org.apache.logging.log4j.core.config.LoggerConfig.callAppenders(LoggerConfig.java:683)
	at org.apache.logging.log4j.core.config.LoggerConfig.processLogEvent(LoggerConfig.java:641)
	at org.apache.logging.log4j.core.config.LoggerConfig.log(LoggerConfig.java:624)
	at org.apache.logging.log4j.core.config.LoggerConfig.log(LoggerConfig.java:560)
	at org.apache.logging.log4j.core.config.AwaitCompletionReliabilityStrategy.log(AwaitCompletionReliabilityStrategy.java:82)
	at org.apache.logging.log4j.core.Logger.log(Logger.java:162)
	at org.apache.logging.log4j.spi.AbstractLogger.logMessage(AbstractLogger.java:2106)
	at org.apache.logging.log4j.internal.DefaultLogBuilder.logMessage(DefaultLogBuilder.java:241)
	at org.apache.logging.log4j.internal.DefaultLogBuilder.log(DefaultLogBuilder.java:162)
	at org.apache.poi.ooxml.POIXMLFactory.createDocumentPart(POIXMLFactory.java:65)
	at org.apache.poi.ooxml.POIXMLDocumentPart.read(POIXMLDocumentPart.java:661)
	at org.apache.poi.ooxml.POIXMLDocumentPart.read(POIXMLDocumentPart.java:678)
	at org.apache.poi.ooxml.POIXMLDocument.load(POIXMLDocument.java:165)
	at org.apache.poi.xssf.usermodel.XSSFWorkbook.<init>(XSSFWorkbook.java:260)
	at org.apache.poi.xssf.usermodel.XSSFWorkbook.<init>(XSSFWorkbook.java:290)
	at org.apache.poi.xssf.usermodel.XSSFWorkbook.<init>(XSSFWorkbook.java:286)
	at externalResources.ExcelDataRead.<init>(ExcelDataRead.java:22)
	at listeners.AnnotationsTransformer.toBeExecuted(AnnotationsTransformer.java:36)
	at listeners.AnnotationsTransformer.transform(AnnotationsTransformer.java:24)
	at org.testng.internal.annotations.JDK15AnnotationFinder.transform(JDK15AnnotationFinder.java:172)
	at org.testng.internal.annotations.JDK15AnnotationFinder.lambda$findAnnotation$0(JDK15AnnotationFinder.java:279)
	at java.base/java.util.concurrent.ConcurrentHashMap.computeIfAbsent(ConcurrentHashMap.java:1737)
	at org.testng.internal.annotations.JDK15AnnotationFinder.findAnnotation(JDK15AnnotationFinder.java:275)
	at org.testng.internal.annotations.JDK15AnnotationFinder.findAnnotation(JDK15AnnotationFinder.java:113)
	at org.testng.internal.TestNGClassFinder.isTestNGClass(TestNGClassFinder.java:275)
	at org.testng.internal.TestNGClassFinder.isNotTestNGClass(TestNGClassFinder.java:260)
	at org.testng.internal.TestNGClassFinder.processClass(TestNGClassFinder.java:94)
	at org.testng.internal.TestNGClassFinder.<init>(TestNGClassFinder.java:67)
	at org.testng.TestRunner.initMethods(TestRunner.java:442)
	at org.testng.TestRunner.init(TestRunner.java:336)
	at org.testng.TestRunner.init(TestRunner.java:289)
	at org.testng.TestRunner.<init>(TestRunner.java:179)
	at org.testng.SuiteRunner$DefaultTestRunnerFactory.newTestRunner(SuiteRunner.java:643)
	at org.testng.SuiteRunner.init(SuiteRunner.java:225)
	at org.testng.SuiteRunner.<init>(SuiteRunner.java:115)
	at org.testng.TestNG.createSuiteRunner(TestNG.java:1349)
	at org.testng.TestNG.createSuiteRunners(TestNG.java:1325)
	at org.testng.TestNG.runSuitesLocally(TestNG.java:1167)
	at org.testng.TestNG.runSuites(TestNG.java:1099)
	at org.testng.TestNG.run(TestNG.java:1067)
	at org.apache.maven.surefire.testng.TestNGExecutor.run(TestNGExecutor.java:324)
	at org.apache.maven.surefire.testng.TestNGXmlTestSuite.execute(TestNGXmlTestSuite.java:74)
	at org.apache.maven.surefire.testng.TestNGProvider.invoke(TestNGProvider.java:123)
	at org.apache.maven.surefire.booter.ForkedBooter.runSuitesInProcess(ForkedBooter.java:456)
	at org.apache.maven.surefire.booter.ForkedBooter.execute(ForkedBooter.java:169)
	at org.apache.maven.surefire.booter.ForkedBooter.run(ForkedBooter.java:595)
	at org.apache.maven.surefire.booter.ForkedBooter.main(ForkedBooter.java:581)

2023-02-13 11:57:16,287 main ERROR Unable to create file ./results/logs/${ctx:threadName}.log java.io.IOException: The filename, directory name, or volume label syntax is incorrect
	at java.base/java.io.WinNTFileSystem.canonicalize0(Native Method)
	at java.base/java.io.WinNTFileSystem.canonicalize(WinNTFileSystem.java:483)
	at java.base/java.io.File.getCanonicalPath(File.java:626)
	at java.base/java.io.File.getCanonicalFile(File.java:651)
	at org.apache.logging.log4j.core.util.FileUtils.makeParentDirs(FileUtils.java:139)
	at org.apache.logging.log4j.core.appender.rolling.RollingFileManager$RollingFileManagerFactory.createManager(RollingFileManager.java:734)
	at org.apache.logging.log4j.core.appender.rolling.RollingFileManager$RollingFileManagerFactory.createManager(RollingFileManager.java:718)
	at org.apache.logging.log4j.core.appender.AbstractManager.getManager(AbstractManager.java:144)
	at org.apache.logging.log4j.core.appender.OutputStreamManager.getManager(OutputStreamManager.java:100)
	at org.apache.logging.log4j.core.appender.rolling.RollingFileManager.getFileManager(RollingFileManager.java:217)
	at org.apache.logging.log4j.core.appender.RollingFileAppender$Builder.build(RollingFileAppender.java:135)
	at org.apache.logging.log4j.core.appender.RollingFileAppender$Builder.build(RollingFileAppender.java:62)
	at org.apache.logging.log4j.core.config.plugins.util.PluginBuilder.build(PluginBuilder.java:124)
	at org.apache.logging.log4j.core.config.AbstractConfiguration.createPluginObject(AbstractConfiguration.java:1138)
	at org.apache.logging.log4j.core.config.AbstractConfiguration.createConfiguration(AbstractConfiguration.java:1063)
	at org.apache.logging.log4j.core.appender.routing.RoutingAppender.createAppender(RoutingAppender.java:310)
	at org.apache.logging.log4j.core.appender.routing.RoutingAppender.getControl(RoutingAppender.java:282)
	at org.apache.logging.log4j.core.appender.routing.RoutingAppender.append(RoutingAppender.java:240)
	at org.apache.logging.log4j.core.config.AppenderControl.tryCallAppender(AppenderControl.java:161)
	at org.apache.logging.log4j.core.config.AppenderControl.callAppender0(AppenderControl.java:134)
	at org.apache.logging.log4j.core.config.AppenderControl.callAppenderPreventRecursion(AppenderControl.java:125)
	at org.apache.logging.log4j.core.config.AppenderControl.callAppender(AppenderControl.java:89)
	at org.apache.logging.log4j.core.config.LoggerConfig.callAppenders(LoggerConfig.java:683)
	at org.apache.logging.log4j.core.config.LoggerConfig.processLogEvent(LoggerConfig.java:641)
	at org.apache.logging.log4j.core.config.LoggerConfig.log(LoggerConfig.java:624)
	at org.apache.logging.log4j.core.config.LoggerConfig.log(LoggerConfig.java:560)
	at org.apache.logging.log4j.core.config.AwaitCompletionReliabilityStrategy.log(AwaitCompletionReliabilityStrategy.java:82)
	at org.apache.logging.log4j.core.Logger.log(Logger.java:162)
	at org.apache.logging.log4j.spi.AbstractLogger.logMessage(AbstractLogger.java:2106)
	at org.apache.logging.log4j.internal.DefaultLogBuilder.logMessage(DefaultLogBuilder.java:241)
	at org.apache.logging.log4j.internal.DefaultLogBuilder.log(DefaultLogBuilder.java:162)
	at org.apache.poi.openxml4j.opc.PackageRelationshipCollection.parseRelationshipsPart(PackageRelationshipCollection.java:309)
	at org.apache.poi.openxml4j.opc.PackageRelationshipCollection.<init>(PackageRelationshipCollection.java:160)
	at org.apache.poi.openxml4j.opc.PackageRelationshipCollection.<init>(PackageRelationshipCollection.java:130)
	at org.apache.poi.openxml4j.opc.PackagePart.loadRelationships(PackagePart.java:565)
	at org.apache.poi.openxml4j.opc.OPCPackage.getParts(OPCPackage.java:751)
	at org.apache.poi.openxml4j.opc.OPCPackage.open(OPCPackage.java:322)
	at org.apache.poi.ooxml.util.PackageHelper.open(PackageHelper.java:59)
	at org.apache.poi.xssf.usermodel.XSSFWorkbook.<init>(XSSFWorkbook.java:290)
	at org.apache.poi.xssf.usermodel.XSSFWorkbook.<init>(XSSFWorkbook.java:286)
	at externalResources.ExcelDataRead.<init>(ExcelDataRead.java:22)
	at listeners.AnnotationsTransformer.toBeExecuted(AnnotationsTransformer.java:36)
	at listeners.AnnotationsTransformer.transform(AnnotationsTransformer.java:24)
	at org.testng.internal.annotations.JDK15AnnotationFinder.transform(JDK15AnnotationFinder.java:172)
	at org.testng.internal.annotations.JDK15AnnotationFinder.lambda$findAnnotation$0(JDK15AnnotationFinder.java:279)
	at java.base/java.util.concurrent.ConcurrentHashMap.computeIfAbsent(ConcurrentHashMap.java:1705)
	at org.testng.internal.annotations.JDK15AnnotationFinder.findAnnotation(JDK15AnnotationFinder.java:275)
	at org.testng.internal.annotations.JDK15AnnotationFinder.findAnnotation(JDK15AnnotationFinder.java:113)
	at org.testng.internal.TestNGClassFinder.isTestNGClass(TestNGClassFinder.java:275)
	at org.testng.internal.TestNGClassFinder.isNotTestNGClass(TestNGClassFinder.java:260)
	at org.testng.internal.TestNGClassFinder.processClass(TestNGClassFinder.java:94)
	at org.testng.internal.TestNGClassFinder.<init>(TestNGClassFinder.java:67)
	at org.testng.TestRunner.initMethods(TestRunner.java:442)
	at org.testng.TestRunner.init(TestRunner.java:336)
	at org.testng.TestRunner.init(TestRunner.java:289)
	at org.testng.TestRunner.<init>(TestRunner.java:179)
	at org.testng.SuiteRunner$DefaultTestRunnerFactory.newTestRunner(SuiteRunner.java:643)
	at org.testng.SuiteRunner.init(SuiteRunner.java:225)
	at org.testng.SuiteRunner.<init>(SuiteRunner.java:115)
	at org.testng.TestNG.createSuiteRunner(TestNG.java:1349)
	at org.testng.TestNG.createSuiteRunners(TestNG.java:1325)
	at org.testng.TestNG.runSuitesLocally(TestNG.java:1167)
	at org.testng.TestNG.runSuites(TestNG.java:1099)
	at org.testng.TestNG.run(TestNG.java:1067)
	at org.apache.maven.surefire.testng.TestNGExecutor.run(TestNGExecutor.java:324)
	at org.apache.maven.surefire.testng.TestNGXmlTestSuite.execute(TestNGXmlTestSuite.java:74)
	at org.apache.maven.surefire.testng.TestNGProvider.invoke(TestNGProvider.java:123)
	at org.apache.maven.surefire.booter.ForkedBooter.runSuitesInProcess(ForkedBooter.java:456)
	at org.apache.maven.surefire.booter.ForkedBooter.execute(ForkedBooter.java:169)
	at org.apache.maven.surefire.booter.ForkedBooter.run(ForkedBooter.java:595)
	at org.apache.maven.surefire.booter.ForkedBooter.main(ForkedBooter.java:581)

2023-02-13 11:57:16,288 main ERROR Could not create plugin of type class org.apache.logging.log4j.core.appender.RollingFileAppender for element RollingFile: java.lang.IllegalStateException: ManagerFactory [org.apache.logging.log4j.core.appender.rolling.RollingFileManager$RollingFileManagerFactory@4e6d7365] unable to create manager for [./results/logs/${ctx:threadName}.log] with data [org.apache.logging.log4j.core.appender.rolling.RollingFileManager$FactoryData@6ffa56fa[pattern=./results/logs/${ctx:threadName}-%d{yyyy-MM-dd}.log, append=true, bufferedIO=true, bufferSize=8192, policy=SizeBasedTriggeringPolicy(size=512000), strategy=DefaultRolloverStrategy(min=1, max=7, useMax=true), advertiseURI=null, layout=%d{HH:mm:ss.SSS} [%t] %-5level %logger{36} - %msg%n, filePermissions=null, fileOwner=null]] java.lang.IllegalStateException: ManagerFactory [org.apache.logging.log4j.core.appender.rolling.RollingFileManager$RollingFileManagerFactory@4e6d7365] unable to create manager for [./results/logs/${ctx:threadName}.log] with data [org.apache.logging.log4j.core.appender.rolling.RollingFileManager$FactoryData@6ffa56fa[pattern=./results/logs/${ctx:threadName}-%d{yyyy-MM-dd}.log, append=true, bufferedIO=true, bufferSize=8192, policy=SizeBasedTriggeringPolicy(size=512000), strategy=DefaultRolloverStrategy(min=1, max=7, useMax=true), advertiseURI=null, layout=%d{HH:mm:ss.SSS} [%t] %-5level %logger{36} - %msg%n, filePermissions=null, fileOwner=null]]
	at org.apache.logging.log4j.core.appender.AbstractManager.getManager(AbstractManager.java:146)
	at org.apache.logging.log4j.core.appender.OutputStreamManager.getManager(OutputStreamManager.java:100)
	at org.apache.logging.log4j.core.appender.rolling.RollingFileManager.getFileManager(RollingFileManager.java:217)
	at org.apache.logging.log4j.core.appender.RollingFileAppender$Builder.build(RollingFileAppender.java:135)
	at org.apache.logging.log4j.core.appender.RollingFileAppender$Builder.build(RollingFileAppender.java:62)
	at org.apache.logging.log4j.core.config.plugins.util.PluginBuilder.build(PluginBuilder.java:124)
	at org.apache.logging.log4j.core.config.AbstractConfiguration.createPluginObject(AbstractConfiguration.java:1138)
	at org.apache.logging.log4j.core.config.AbstractConfiguration.createConfiguration(AbstractConfiguration.java:1063)
	at org.apache.logging.log4j.core.appender.routing.RoutingAppender.createAppender(RoutingAppender.java:310)
	at org.apache.logging.log4j.core.appender.routing.RoutingAppender.getControl(RoutingAppender.java:282)
	at org.apache.logging.log4j.core.appender.routing.RoutingAppender.append(RoutingAppender.java:240)
	at org.apache.logging.log4j.core.config.AppenderControl.tryCallAppender(AppenderControl.java:161)
	at org.apache.logging.log4j.core.config.AppenderControl.callAppender0(AppenderControl.java:134)
	at org.apache.logging.log4j.core.config.AppenderControl.callAppenderPreventRecursion(AppenderControl.java:125)
	at org.apache.logging.log4j.core.config.AppenderControl.callAppender(AppenderControl.java:89)
	at org.apache.logging.log4j.core.config.LoggerConfig.callAppenders(LoggerConfig.java:683)
	at org.apache.logging.log4j.core.config.LoggerConfig.processLogEvent(LoggerConfig.java:641)
	at org.apache.logging.log4j.core.config.LoggerConfig.log(LoggerConfig.java:624)
	at org.apache.logging.log4j.core.config.LoggerConfig.log(LoggerConfig.java:560)
	at org.apache.logging.log4j.core.config.AwaitCompletionReliabilityStrategy.log(AwaitCompletionReliabilityStrategy.java:82)
	at org.apache.logging.log4j.core.Logger.log(Logger.java:162)
	at org.apache.logging.log4j.spi.AbstractLogger.logMessage(AbstractLogger.java:2106)
	at org.apache.logging.log4j.internal.DefaultLogBuilder.logMessage(DefaultLogBuilder.java:241)
	at org.apache.logging.log4j.internal.DefaultLogBuilder.log(DefaultLogBuilder.java:162)
	at org.apache.poi.openxml4j.opc.PackageRelationshipCollection.parseRelationshipsPart(PackageRelationshipCollection.java:309)
	at org.apache.poi.openxml4j.opc.PackageRelationshipCollection.<init>(PackageRelationshipCollection.java:160)
	at org.apache.poi.openxml4j.opc.PackageRelationshipCollection.<init>(PackageRelationshipCollection.java:130)
	at org.apache.poi.openxml4j.opc.PackagePart.loadRelationships(PackagePart.java:565)
	at org.apache.poi.openxml4j.opc.OPCPackage.getParts(OPCPackage.java:751)
	at org.apache.poi.openxml4j.opc.OPCPackage.open(OPCPackage.java:322)
	at org.apache.poi.ooxml.util.PackageHelper.open(PackageHelper.java:59)
	at org.apache.poi.xssf.usermodel.XSSFWorkbook.<init>(XSSFWorkbook.java:290)
	at org.apache.poi.xssf.usermodel.XSSFWorkbook.<init>(XSSFWorkbook.java:286)
	at externalResources.ExcelDataRead.<init>(ExcelDataRead.java:22)
	at listeners.AnnotationsTransformer.toBeExecuted(AnnotationsTransformer.java:36)
	at listeners.AnnotationsTransformer.transform(AnnotationsTransformer.java:24)
	at org.testng.internal.annotations.JDK15AnnotationFinder.transform(JDK15AnnotationFinder.java:172)
	at org.testng.internal.annotations.JDK15AnnotationFinder.lambda$findAnnotation$0(JDK15AnnotationFinder.java:279)
	at java.base/java.util.concurrent.ConcurrentHashMap.computeIfAbsent(ConcurrentHashMap.java:1705)
	at org.testng.internal.annotations.JDK15AnnotationFinder.findAnnotation(JDK15AnnotationFinder.java:275)
	at org.testng.internal.annotations.JDK15AnnotationFinder.findAnnotation(JDK15AnnotationFinder.java:113)
	at org.testng.internal.TestNGClassFinder.isTestNGClass(TestNGClassFinder.java:275)
	at org.testng.internal.TestNGClassFinder.isNotTestNGClass(TestNGClassFinder.java:260)
	at org.testng.internal.TestNGClassFinder.processClass(TestNGClassFinder.java:94)
	at org.testng.internal.TestNGClassFinder.<init>(TestNGClassFinder.java:67)
	at org.testng.TestRunner.initMethods(TestRunner.java:442)
	at org.testng.TestRunner.init(TestRunner.java:336)
	at org.testng.TestRunner.init(TestRunner.java:289)
	at org.testng.TestRunner.<init>(TestRunner.java:179)
	at org.testng.SuiteRunner$DefaultTestRunnerFactory.newTestRunner(SuiteRunner.java:643)
	at org.testng.SuiteRunner.init(SuiteRunner.java:225)
	at org.testng.SuiteRunner.<init>(SuiteRunner.java:115)
	at org.testng.TestNG.createSuiteRunner(TestNG.java:1349)
	at org.testng.TestNG.createSuiteRunners(TestNG.java:1325)
	at org.testng.TestNG.runSuitesLocally(TestNG.java:1167)
	at org.testng.TestNG.runSuites(TestNG.java:1099)
	at org.testng.TestNG.run(TestNG.java:1067)
	at org.apache.maven.surefire.testng.TestNGExecutor.run(TestNGExecutor.java:324)
	at org.apache.maven.surefire.testng.TestNGXmlTestSuite.execute(TestNGXmlTestSuite.java:74)
	at org.apache.maven.surefire.testng.TestNGProvider.invoke(TestNGProvider.java:123)
	at org.apache.maven.surefire.booter.ForkedBooter.runSuitesInProcess(ForkedBooter.java:456)
	at org.apache.maven.surefire.booter.ForkedBooter.execute(ForkedBooter.java:169)
	at org.apache.maven.surefire.booter.ForkedBooter.run(ForkedBooter.java:595)
	at org.apache.maven.surefire.booter.ForkedBooter.main(ForkedBooter.java:581)

2023-02-13 11:57:16,288 main ERROR Unable to invoke factory method in class org.apache.logging.log4j.core.appender.RollingFileAppender for element RollingFile: java.lang.IllegalStateException: No factory method found for class org.apache.logging.log4j.core.appender.RollingFileAppender java.lang.IllegalStateException: No factory method found for class org.apache.logging.log4j.core.appender.RollingFileAppender
	at org.apache.logging.log4j.core.config.plugins.util.PluginBuilder.findFactoryMethod(PluginBuilder.java:260)
	at org.apache.logging.log4j.core.config.plugins.util.PluginBuilder.build(PluginBuilder.java:136)
	at org.apache.logging.log4j.core.config.AbstractConfiguration.createPluginObject(AbstractConfiguration.java:1138)
	at org.apache.logging.log4j.core.config.AbstractConfiguration.createConfiguration(AbstractConfiguration.java:1063)
	at org.apache.logging.log4j.core.appender.routing.RoutingAppender.createAppender(RoutingAppender.java:310)
	at org.apache.logging.log4j.core.appender.routing.RoutingAppender.getControl(RoutingAppender.java:282)
	at org.apache.logging.log4j.core.appender.routing.RoutingAppender.append(RoutingAppender.java:240)
	at org.apache.logging.log4j.core.config.AppenderControl.tryCallAppender(AppenderControl.java:161)
	at org.apache.logging.log4j.core.config.AppenderControl.callAppender0(AppenderControl.java:134)
	at org.apache.logging.log4j.core.config.AppenderControl.callAppenderPreventRecursion(AppenderControl.java:125)
	at org.apache.logging.log4j.core.config.AppenderControl.callAppender(AppenderControl.java:89)
	at org.apache.logging.log4j.core.config.LoggerConfig.callAppenders(LoggerConfig.java:683)
	at org.apache.logging.log4j.core.config.LoggerConfig.processLogEvent(LoggerConfig.java:641)
	at org.apache.logging.log4j.core.config.LoggerConfig.log(LoggerConfig.java:624)
	at org.apache.logging.log4j.core.config.LoggerConfig.log(LoggerConfig.java:560)
	at org.apache.logging.log4j.core.config.AwaitCompletionReliabilityStrategy.log(AwaitCompletionReliabilityStrategy.java:82)
	at org.apache.logging.log4j.core.Logger.log(Logger.java:162)
	at org.apache.logging.log4j.spi.AbstractLogger.logMessage(AbstractLogger.java:2106)
	at org.apache.logging.log4j.internal.DefaultLogBuilder.logMessage(DefaultLogBuilder.java:241)
	at org.apache.logging.log4j.internal.DefaultLogBuilder.log(DefaultLogBuilder.java:162)
	at org.apache.poi.openxml4j.opc.PackageRelationshipCollection.parseRelationshipsPart(PackageRelationshipCollection.java:309)
	at org.apache.poi.openxml4j.opc.PackageRelationshipCollection.<init>(PackageRelationshipCollection.java:160)
	at org.apache.poi.openxml4j.opc.PackageRelationshipCollection.<init>(PackageRelationshipCollection.java:130)
	at org.apache.poi.openxml4j.opc.PackagePart.loadRelationships(PackagePart.java:565)
	at org.apache.poi.openxml4j.opc.OPCPackage.getParts(OPCPackage.java:751)
	at org.apache.poi.openxml4j.opc.OPCPackage.open(OPCPackage.java:322)
	at org.apache.poi.ooxml.util.PackageHelper.open(PackageHelper.java:59)
	at org.apache.poi.xssf.usermodel.XSSFWorkbook.<init>(XSSFWorkbook.java:290)
	at org.apache.poi.xssf.usermodel.XSSFWorkbook.<init>(XSSFWorkbook.java:286)
	at externalResources.ExcelDataRead.<init>(ExcelDataRead.java:22)
	at listeners.AnnotationsTransformer.toBeExecuted(AnnotationsTransformer.java:36)
	at listeners.AnnotationsTransformer.transform(AnnotationsTransformer.java:24)
	at org.testng.internal.annotations.JDK15AnnotationFinder.transform(JDK15AnnotationFinder.java:172)
	at org.testng.internal.annotations.JDK15AnnotationFinder.lambda$findAnnotation$0(JDK15AnnotationFinder.java:279)
	at java.base/java.util.concurrent.ConcurrentHashMap.computeIfAbsent(ConcurrentHashMap.java:1705)
	at org.testng.internal.annotations.JDK15AnnotationFinder.findAnnotation(JDK15AnnotationFinder.java:275)
	at org.testng.internal.annotations.JDK15AnnotationFinder.findAnnotation(JDK15AnnotationFinder.java:113)
	at org.testng.internal.TestNGClassFinder.isTestNGClass(TestNGClassFinder.java:275)
	at org.testng.internal.TestNGClassFinder.isNotTestNGClass(TestNGClassFinder.java:260)
	at org.testng.internal.TestNGClassFinder.processClass(TestNGClassFinder.java:94)
	at org.testng.internal.TestNGClassFinder.<init>(TestNGClassFinder.java:67)
	at org.testng.TestRunner.initMethods(TestRunner.java:442)
	at org.testng.TestRunner.init(TestRunner.java:336)
	at org.testng.TestRunner.init(TestRunner.java:289)
	at org.testng.TestRunner.<init>(TestRunner.java:179)
	at org.testng.SuiteRunner$DefaultTestRunnerFactory.newTestRunner(SuiteRunner.java:643)
	at org.testng.SuiteRunner.init(SuiteRunner.java:225)
	at org.testng.SuiteRunner.<init>(SuiteRunner.java:115)
	at org.testng.TestNG.createSuiteRunner(TestNG.java:1349)
	at org.testng.TestNG.createSuiteRunners(TestNG.java:1325)
	at org.testng.TestNG.runSuitesLocally(TestNG.java:1167)
	at org.testng.TestNG.runSuites(TestNG.java:1099)
	at org.testng.TestNG.run(TestNG.java:1067)
	at org.apache.maven.surefire.testng.TestNGExecutor.run(TestNGExecutor.java:324)
	at org.apache.maven.surefire.testng.TestNGXmlTestSuite.execute(TestNGXmlTestSuite.java:74)
	at org.apache.maven.surefire.testng.TestNGProvider.invoke(TestNGProvider.java:123)
	at org.apache.maven.surefire.booter.ForkedBooter.runSuitesInProcess(ForkedBooter.java:456)
	at org.apache.maven.surefire.booter.ForkedBooter.execute(ForkedBooter.java:169)
	at org.apache.maven.surefire.booter.ForkedBooter.run(ForkedBooter.java:595)
	at org.apache.maven.surefire.booter.ForkedBooter.main(ForkedBooter.java:581)

2023-02-13 11:57:16,291 main ERROR Unable to create file ./results/logs/${ctx:threadName}.log java.io.IOException: The filename, directory name, or volume label syntax is incorrect
	at java.base/java.io.WinNTFileSystem.canonicalize0(Native Method)
	at java.base/java.io.WinNTFileSystem.canonicalize(WinNTFileSystem.java:483)
	at java.base/java.io.File.getCanonicalPath(File.java:626)
	at java.base/java.io.File.getCanonicalFile(File.java:651)
	at org.apache.logging.log4j.core.util.FileUtils.makeParentDirs(FileUtils.java:139)
	at org.apache.logging.log4j.core.appender.rolling.RollingFileManager$RollingFileManagerFactory.createManager(RollingFileManager.java:734)
	at org.apache.logging.log4j.core.appender.rolling.RollingFileManager$RollingFileManagerFactory.createManager(RollingFileManager.java:718)
	at org.apache.logging.log4j.core.appender.AbstractManager.getManager(AbstractManager.java:144)
	at org.apache.logging.log4j.core.appender.OutputStreamManager.getManager(OutputStreamManager.java:100)
	at org.apache.logging.log4j.core.appender.rolling.RollingFileManager.getFileManager(RollingFileManager.java:217)
	at org.apache.logging.log4j.core.appender.RollingFileAppender$Builder.build(RollingFileAppender.java:135)
	at org.apache.logging.log4j.core.appender.RollingFileAppender$Builder.build(RollingFileAppender.java:62)
	at org.apache.logging.log4j.core.config.plugins.util.PluginBuilder.build(PluginBuilder.java:124)
	at org.apache.logging.log4j.core.config.AbstractConfiguration.createPluginObject(AbstractConfiguration.java:1138)
	at org.apache.logging.log4j.core.config.AbstractConfiguration.createConfiguration(AbstractConfiguration.java:1063)
	at org.apache.logging.log4j.core.appender.routing.RoutingAppender.createAppender(RoutingAppender.java:310)
	at org.apache.logging.log4j.core.appender.routing.RoutingAppender.getControl(RoutingAppender.java:282)
	at org.apache.logging.log4j.core.appender.routing.RoutingAppender.append(RoutingAppender.java:240)
	at org.apache.logging.log4j.core.config.AppenderControl.tryCallAppender(AppenderControl.java:161)
	at org.apache.logging.log4j.core.config.AppenderControl.callAppender0(AppenderControl.java:134)
	at org.apache.logging.log4j.core.config.AppenderControl.callAppenderPreventRecursion(AppenderControl.java:125)
	at org.apache.logging.log4j.core.config.AppenderControl.callAppender(AppenderControl.java:89)
	at org.apache.logging.log4j.core.config.LoggerConfig.callAppenders(LoggerConfig.java:683)
	at org.apache.logging.log4j.core.config.LoggerConfig.processLogEvent(LoggerConfig.java:641)
	at org.apache.logging.log4j.core.config.LoggerConfig.log(LoggerConfig.java:624)
	at org.apache.logging.log4j.core.config.LoggerConfig.log(LoggerConfig.java:560)
	at org.apache.logging.log4j.core.config.AwaitCompletionReliabilityStrategy.log(AwaitCompletionReliabilityStrategy.java:82)
	at org.apache.logging.log4j.core.Logger.log(Logger.java:162)
	at org.apache.logging.log4j.spi.AbstractLogger.logMessage(AbstractLogger.java:2106)
	at org.apache.logging.log4j.internal.DefaultLogBuilder.logMessage(DefaultLogBuilder.java:241)
	at org.apache.logging.log4j.internal.DefaultLogBuilder.log(DefaultLogBuilder.java:162)
	at org.apache.poi.openxml4j.opc.PackageRelationshipCollection.parseRelationshipsPart(PackageRelationshipCollection.java:309)
	at org.apache.poi.openxml4j.opc.PackageRelationshipCollection.<init>(PackageRelationshipCollection.java:160)
	at org.apache.poi.openxml4j.opc.PackageRelationshipCollection.<init>(PackageRelationshipCollection.java:130)
	at org.apache.poi.openxml4j.opc.PackagePart.loadRelationships(PackagePart.java:565)
	at org.apache.poi.openxml4j.opc.OPCPackage.getParts(OPCPackage.java:751)
	at org.apache.poi.openxml4j.opc.OPCPackage.open(OPCPackage.java:322)
	at org.apache.poi.ooxml.util.PackageHelper.open(PackageHelper.java:59)
	at org.apache.poi.xssf.usermodel.XSSFWorkbook.<init>(XSSFWorkbook.java:290)
	at org.apache.poi.xssf.usermodel.XSSFWorkbook.<init>(XSSFWorkbook.java:286)
	at externalResources.ExcelDataRead.<init>(ExcelDataRead.java:22)
	at listeners.AnnotationsTransformer.toBeExecuted(AnnotationsTransformer.java:36)
	at listeners.AnnotationsTransformer.transform(AnnotationsTransformer.java:24)
	at org.testng.internal.annotations.JDK15AnnotationFinder.transform(JDK15AnnotationFinder.java:172)
	at org.testng.internal.annotations.JDK15AnnotationFinder.lambda$findAnnotation$0(JDK15AnnotationFinder.java:279)
	at java.base/java.util.concurrent.ConcurrentHashMap.computeIfAbsent(ConcurrentHashMap.java:1705)
	at org.testng.internal.annotations.JDK15AnnotationFinder.findAnnotation(JDK15AnnotationFinder.java:275)
	at org.testng.internal.annotations.JDK15AnnotationFinder.findAnnotation(JDK15AnnotationFinder.java:113)
	at org.testng.internal.TestNGClassFinder.isTestNGClass(TestNGClassFinder.java:275)
	at org.testng.internal.TestNGClassFinder.isNotTestNGClass(TestNGClassFinder.java:260)
	at org.testng.internal.TestNGClassFinder.processClass(TestNGClassFinder.java:94)
	at org.testng.internal.TestNGClassFinder.<init>(TestNGClassFinder.java:67)
	at org.testng.TestRunner.initMethods(TestRunner.java:442)
	at org.testng.TestRunner.init(TestRunner.java:336)
	at org.testng.TestRunner.init(TestRunner.java:289)
	at org.testng.TestRunner.<init>(TestRunner.java:179)
	at org.testng.SuiteRunner$DefaultTestRunnerFactory.newTestRunner(SuiteRunner.java:643)
	at org.testng.SuiteRunner.init(SuiteRunner.java:225)
	at org.testng.SuiteRunner.<init>(SuiteRunner.java:115)
	at org.testng.TestNG.createSuiteRunner(TestNG.java:1349)
	at org.testng.TestNG.createSuiteRunners(TestNG.java:1325)
	at org.testng.TestNG.runSuitesLocally(TestNG.java:1167)
	at org.testng.TestNG.runSuites(TestNG.java:1099)
	at org.testng.TestNG.run(TestNG.java:1067)
	at org.apache.maven.surefire.testng.TestNGExecutor.run(TestNGExecutor.java:324)
	at org.apache.maven.surefire.testng.TestNGXmlTestSuite.execute(TestNGXmlTestSuite.java:74)
	at org.apache.maven.surefire.testng.TestNGProvider.invoke(TestNGProvider.java:123)
	at org.apache.maven.surefire.booter.ForkedBooter.runSuitesInProcess(ForkedBooter.java:456)
	at org.apache.maven.surefire.booter.ForkedBooter.execute(ForkedBooter.java:169)
	at org.apache.maven.surefire.booter.ForkedBooter.run(ForkedBooter.java:595)
	at org.apache.maven.surefire.booter.ForkedBooter.main(ForkedBooter.java:581)

2023-02-13 11:57:16,292 main ERROR Could not create plugin of type class org.apache.logging.log4j.core.appender.RollingFileAppender for element RollingFile: java.lang.IllegalStateException: ManagerFactory [org.apache.logging.log4j.core.appender.rolling.RollingFileManager$RollingFileManagerFactory@4e6d7365] unable to create manager for [./results/logs/${ctx:threadName}.log] with data [org.apache.logging.log4j.core.appender.rolling.RollingFileManager$FactoryData@4e93dcb9[pattern=./results/logs/${ctx:threadName}-%d{yyyy-MM-dd}.log, append=true, bufferedIO=true, bufferSize=8192, policy=SizeBasedTriggeringPolicy(size=512000), strategy=DefaultRolloverStrategy(min=1, max=7, useMax=true), advertiseURI=null, layout=%d{HH:mm:ss.SSS} [%t] %-5level %logger{36} - %msg%n, filePermissions=null, fileOwner=null]] java.lang.IllegalStateException: ManagerFactory [org.apache.logging.log4j.core.appender.rolling.RollingFileManager$RollingFileManagerFactory@4e6d7365] unable to create manager for [./results/logs/${ctx:threadName}.log] with data [org.apache.logging.log4j.core.appender.rolling.RollingFileManager$FactoryData@4e93dcb9[pattern=./results/logs/${ctx:threadName}-%d{yyyy-MM-dd}.log, append=true, bufferedIO=true, bufferSize=8192, policy=SizeBasedTriggeringPolicy(size=512000), strategy=DefaultRolloverStrategy(min=1, max=7, useMax=true), advertiseURI=null, layout=%d{HH:mm:ss.SSS} [%t] %-5level %logger{36} - %msg%n, filePermissions=null, fileOwner=null]]
	at org.apache.logging.log4j.core.appender.AbstractManager.getManager(AbstractManager.java:146)
	at org.apache.logging.log4j.core.appender.OutputStreamManager.getManager(OutputStreamManager.java:100)
	at org.apache.logging.log4j.core.appender.rolling.RollingFileManager.getFileManager(RollingFileManager.java:217)
	at org.apache.logging.log4j.core.appender.RollingFileAppender$Builder.build(RollingFileAppender.java:135)
	at org.apache.logging.log4j.core.appender.RollingFileAppender$Builder.build(RollingFileAppender.java:62)
	at org.apache.logging.log4j.core.config.plugins.util.PluginBuilder.build(PluginBuilder.java:124)
	at org.apache.logging.log4j.core.config.AbstractConfiguration.createPluginObject(AbstractConfiguration.java:1138)
	at org.apache.logging.log4j.core.config.AbstractConfiguration.createConfiguration(AbstractConfiguration.java:1063)
	at org.apache.logging.log4j.core.appender.routing.RoutingAppender.createAppender(RoutingAppender.java:310)
	at org.apache.logging.log4j.core.appender.routing.RoutingAppender.getControl(RoutingAppender.java:282)
	at org.apache.logging.log4j.core.appender.routing.RoutingAppender.append(RoutingAppender.java:240)
	at org.apache.logging.log4j.core.config.AppenderControl.tryCallAppender(AppenderControl.java:161)
	at org.apache.logging.log4j.core.config.AppenderControl.callAppender0(AppenderControl.java:134)
	at org.apache.logging.log4j.core.config.AppenderControl.callAppenderPreventRecursion(AppenderControl.java:125)
	at org.apache.logging.log4j.core.config.AppenderControl.callAppender(AppenderControl.java:89)
	at org.apache.logging.log4j.core.config.LoggerConfig.callAppenders(LoggerConfig.java:683)
	at org.apache.logging.log4j.core.config.LoggerConfig.processLogEvent(LoggerConfig.java:641)
	at org.apache.logging.log4j.core.config.LoggerConfig.log(LoggerConfig.java:624)
	at org.apache.logging.log4j.core.config.LoggerConfig.log(LoggerConfig.java:560)
	at org.apache.logging.log4j.core.config.AwaitCompletionReliabilityStrategy.log(AwaitCompletionReliabilityStrategy.java:82)
	at org.apache.logging.log4j.core.Logger.log(Logger.java:162)
	at org.apache.logging.log4j.spi.AbstractLogger.logMessage(AbstractLogger.java:2106)
	at org.apache.logging.log4j.internal.DefaultLogBuilder.logMessage(DefaultLogBuilder.java:241)
	at org.apache.logging.log4j.internal.DefaultLogBuilder.log(DefaultLogBuilder.java:162)
	at org.apache.poi.openxml4j.opc.PackageRelationshipCollection.parseRelationshipsPart(PackageRelationshipCollection.java:309)
	at org.apache.poi.openxml4j.opc.PackageRelationshipCollection.<init>(PackageRelationshipCollection.java:160)
	at org.apache.poi.openxml4j.opc.PackageRelationshipCollection.<init>(PackageRelationshipCollection.java:130)
	at org.apache.poi.openxml4j.opc.PackagePart.loadRelationships(PackagePart.java:565)
	at org.apache.poi.openxml4j.opc.OPCPackage.getParts(OPCPackage.java:751)
	at org.apache.poi.openxml4j.opc.OPCPackage.open(OPCPackage.java:322)
	at org.apache.poi.ooxml.util.PackageHelper.open(PackageHelper.java:59)
	at org.apache.poi.xssf.usermodel.XSSFWorkbook.<init>(XSSFWorkbook.java:290)
	at org.apache.poi.xssf.usermodel.XSSFWorkbook.<init>(XSSFWorkbook.java:286)
	at externalResources.ExcelDataRead.<init>(ExcelDataRead.java:22)
	at listeners.AnnotationsTransformer.toBeExecuted(AnnotationsTransformer.java:36)
	at listeners.AnnotationsTransformer.transform(AnnotationsTransformer.java:24)
	at org.testng.internal.annotations.JDK15AnnotationFinder.transform(JDK15AnnotationFinder.java:172)
	at org.testng.internal.annotations.JDK15AnnotationFinder.lambda$findAnnotation$0(JDK15AnnotationFinder.java:279)
	at java.base/java.util.concurrent.ConcurrentHashMap.computeIfAbsent(ConcurrentHashMap.java:1705)
	at org.testng.internal.annotations.JDK15AnnotationFinder.findAnnotation(JDK15AnnotationFinder.java:275)
	at org.testng.internal.annotations.JDK15AnnotationFinder.findAnnotation(JDK15AnnotationFinder.java:113)
	at org.testng.internal.TestNGClassFinder.isTestNGClass(TestNGClassFinder.java:275)
	at org.testng.internal.TestNGClassFinder.isNotTestNGClass(TestNGClassFinder.java:260)
	at org.testng.internal.TestNGClassFinder.processClass(TestNGClassFinder.java:94)
	at org.testng.internal.TestNGClassFinder.<init>(TestNGClassFinder.java:67)
	at org.testng.TestRunner.initMethods(TestRunner.java:442)
	at org.testng.TestRunner.init(TestRunner.java:336)
	at org.testng.TestRunner.init(TestRunner.java:289)
	at org.testng.TestRunner.<init>(TestRunner.java:179)
	at org.testng.SuiteRunner$DefaultTestRunnerFactory.newTestRunner(SuiteRunner.java:643)
	at org.testng.SuiteRunner.init(SuiteRunner.java:225)
	at org.testng.SuiteRunner.<init>(SuiteRunner.java:115)
	at org.testng.TestNG.createSuiteRunner(TestNG.java:1349)
	at org.testng.TestNG.createSuiteRunners(TestNG.java:1325)
	at org.testng.TestNG.runSuitesLocally(TestNG.java:1167)
	at org.testng.TestNG.runSuites(TestNG.java:1099)
	at org.testng.TestNG.run(TestNG.java:1067)
	at org.apache.maven.surefire.testng.TestNGExecutor.run(TestNGExecutor.java:324)
	at org.apache.maven.surefire.testng.TestNGXmlTestSuite.execute(TestNGXmlTestSuite.java:74)
	at org.apache.maven.surefire.testng.TestNGProvider.invoke(TestNGProvider.java:123)
	at org.apache.maven.surefire.booter.ForkedBooter.runSuitesInProcess(ForkedBooter.java:456)
	at org.apache.maven.surefire.booter.ForkedBooter.execute(ForkedBooter.java:169)
	at org.apache.maven.surefire.booter.ForkedBooter.run(ForkedBooter.java:595)
	at org.apache.maven.surefire.booter.ForkedBooter.main(ForkedBooter.java:581)

2023-02-13 11:57:16,292 main ERROR Unable to invoke factory method in class org.apache.logging.log4j.core.appender.RollingFileAppender for element RollingFile: java.lang.IllegalStateException: No factory method found for class org.apache.logging.log4j.core.appender.RollingFileAppender java.lang.IllegalStateException: No factory method found for class org.apache.logging.log4j.core.appender.RollingFileAppender
	at org.apache.logging.log4j.core.config.plugins.util.PluginBuilder.findFactoryMethod(PluginBuilder.java:260)
	at org.apache.logging.log4j.core.config.plugins.util.PluginBuilder.build(PluginBuilder.java:136)
	at org.apache.logging.log4j.core.config.AbstractConfiguration.createPluginObject(AbstractConfiguration.java:1138)
	at org.apache.logging.log4j.core.config.AbstractConfiguration.createConfiguration(AbstractConfiguration.java:1063)
	at org.apache.logging.log4j.core.appender.routing.RoutingAppender.createAppender(RoutingAppender.java:310)
	at org.apache.logging.log4j.core.appender.routing.RoutingAppender.getControl(RoutingAppender.java:282)
	at org.apache.logging.log4j.core.appender.routing.RoutingAppender.append(RoutingAppender.java:240)
	at org.apache.logging.log4j.core.config.AppenderControl.tryCallAppender(AppenderControl.java:161)
	at org.apache.logging.log4j.core.config.AppenderControl.callAppender0(AppenderControl.java:134)
	at org.apache.logging.log4j.core.config.AppenderControl.callAppenderPreventRecursion(AppenderControl.java:125)
	at org.apache.logging.log4j.core.config.AppenderControl.callAppender(AppenderControl.java:89)
	at org.apache.logging.log4j.core.config.LoggerConfig.callAppenders(LoggerConfig.java:683)
	at org.apache.logging.log4j.core.config.LoggerConfig.processLogEvent(LoggerConfig.java:641)
	at org.apache.logging.log4j.core.config.LoggerConfig.log(LoggerConfig.java:624)
	at org.apache.logging.log4j.core.config.LoggerConfig.log(LoggerConfig.java:560)
	at org.apache.logging.log4j.core.config.AwaitCompletionReliabilityStrategy.log(AwaitCompletionReliabilityStrategy.java:82)
	at org.apache.logging.log4j.core.Logger.log(Logger.java:162)
	at org.apache.logging.log4j.spi.AbstractLogger.logMessage(AbstractLogger.java:2106)
	at org.apache.logging.log4j.internal.DefaultLogBuilder.logMessage(DefaultLogBuilder.java:241)
	at org.apache.logging.log4j.internal.DefaultLogBuilder.log(DefaultLogBuilder.java:162)
	at org.apache.poi.openxml4j.opc.PackageRelationshipCollection.parseRelationshipsPart(PackageRelationshipCollection.java:309)
	at org.apache.poi.openxml4j.opc.PackageRelationshipCollection.<init>(PackageRelationshipCollection.java:160)
	at org.apache.poi.openxml4j.opc.PackageRelationshipCollection.<init>(PackageRelationshipCollection.java:130)
	at org.apache.poi.openxml4j.opc.PackagePart.loadRelationships(PackagePart.java:565)
	at org.apache.poi.openxml4j.opc.OPCPackage.getParts(OPCPackage.java:751)
	at org.apache.poi.openxml4j.opc.OPCPackage.open(OPCPackage.java:322)
	at org.apache.poi.ooxml.util.PackageHelper.open(PackageHelper.java:59)
	at org.apache.poi.xssf.usermodel.XSSFWorkbook.<init>(XSSFWorkbook.java:290)
	at org.apache.poi.xssf.usermodel.XSSFWorkbook.<init>(XSSFWorkbook.java:286)
	at externalResources.ExcelDataRead.<init>(ExcelDataRead.java:22)
	at listeners.AnnotationsTransformer.toBeExecuted(AnnotationsTransformer.java:36)
	at listeners.AnnotationsTransformer.transform(AnnotationsTransformer.java:24)
	at org.testng.internal.annotations.JDK15AnnotationFinder.transform(JDK15AnnotationFinder.java:172)
	at org.testng.internal.annotations.JDK15AnnotationFinder.lambda$findAnnotation$0(JDK15AnnotationFinder.java:279)
	at java.base/java.util.concurrent.ConcurrentHashMap.computeIfAbsent(ConcurrentHashMap.java:1705)
	at org.testng.internal.annotations.JDK15AnnotationFinder.findAnnotation(JDK15AnnotationFinder.java:275)
	at org.testng.internal.annotations.JDK15AnnotationFinder.findAnnotation(JDK15AnnotationFinder.java:113)
	at org.testng.internal.TestNGClassFinder.isTestNGClass(TestNGClassFinder.java:275)
	at org.testng.internal.TestNGClassFinder.isNotTestNGClass(TestNGClassFinder.java:260)
	at org.testng.internal.TestNGClassFinder.processClass(TestNGClassFinder.java:94)
	at org.testng.internal.TestNGClassFinder.<init>(TestNGClassFinder.java:67)
	at org.testng.TestRunner.initMethods(TestRunner.java:442)
	at org.testng.TestRunner.init(TestRunner.java:336)
	at org.testng.TestRunner.init(TestRunner.java:289)
	at org.testng.TestRunner.<init>(TestRunner.java:179)
	at org.testng.SuiteRunner$DefaultTestRunnerFactory.newTestRunner(SuiteRunner.java:643)
	at org.testng.SuiteRunner.init(SuiteRunner.java:225)
	at org.testng.SuiteRunner.<init>(SuiteRunner.java:115)
	at org.testng.TestNG.createSuiteRunner(TestNG.java:1349)
	at org.testng.TestNG.createSuiteRunners(TestNG.java:1325)
	at org.testng.TestNG.runSuitesLocally(TestNG.java:1167)
	at org.testng.TestNG.runSuites(TestNG.java:1099)
	at org.testng.TestNG.run(TestNG.java:1067)
	at org.apache.maven.surefire.testng.TestNGExecutor.run(TestNGExecutor.java:324)
	at org.apache.maven.surefire.testng.TestNGXmlTestSuite.execute(TestNGXmlTestSuite.java:74)
	at org.apache.maven.surefire.testng.TestNGProvider.invoke(TestNGProvider.java:123)
	at org.apache.maven.surefire.booter.ForkedBooter.runSuitesInProcess(ForkedBooter.java:456)
	at org.apache.maven.surefire.booter.ForkedBooter.execute(ForkedBooter.java:169)
	at org.apache.maven.surefire.booter.ForkedBooter.run(ForkedBooter.java:595)
	at org.apache.maven.surefire.booter.ForkedBooter.main(ForkedBooter.java:581)

2023-02-13 11:57:16,294 main ERROR Unable to create file ./results/logs/${ctx:threadName}.log java.io.IOException: The filename, directory name, or volume label syntax is incorrect
	at java.base/java.io.WinNTFileSystem.canonicalize0(Native Method)
	at java.base/java.io.WinNTFileSystem.canonicalize(WinNTFileSystem.java:483)
	at java.base/java.io.File.getCanonicalPath(File.java:626)
	at java.base/java.io.File.getCanonicalFile(File.java:651)
	at org.apache.logging.log4j.core.util.FileUtils.makeParentDirs(FileUtils.java:139)
	at org.apache.logging.log4j.core.appender.rolling.RollingFileManager$RollingFileManagerFactory.createManager(RollingFileManager.java:734)
	at org.apache.logging.log4j.core.appender.rolling.RollingFileManager$RollingFileManagerFactory.createManager(RollingFileManager.java:718)
	at org.apache.logging.log4j.core.appender.AbstractManager.getManager(AbstractManager.java:144)
	at org.apache.logging.log4j.core.appender.OutputStreamManager.getManager(OutputStreamManager.java:100)
	at org.apache.logging.log4j.core.appender.rolling.RollingFileManager.getFileManager(RollingFileManager.java:217)
	at org.apache.logging.log4j.core.appender.RollingFileAppender$Builder.build(RollingFileAppender.java:135)
	at org.apache.logging.log4j.core.appender.RollingFileAppender$Builder.build(RollingFileAppender.java:62)
	at org.apache.logging.log4j.core.config.plugins.util.PluginBuilder.build(PluginBuilder.java:124)
	at org.apache.logging.log4j.core.config.AbstractConfiguration.createPluginObject(AbstractConfiguration.java:1138)
	at org.apache.logging.log4j.core.config.AbstractConfiguration.createConfiguration(AbstractConfiguration.java:1063)
	at org.apache.logging.log4j.core.appender.routing.RoutingAppender.createAppender(RoutingAppender.java:310)
	at org.apache.logging.log4j.core.appender.routing.RoutingAppender.getControl(RoutingAppender.java:282)
	at org.apache.logging.log4j.core.appender.routing.RoutingAppender.append(RoutingAppender.java:240)
	at org.apache.logging.log4j.core.config.AppenderControl.tryCallAppender(AppenderControl.java:161)
	at org.apache.logging.log4j.core.config.AppenderControl.callAppender0(AppenderControl.java:134)
	at org.apache.logging.log4j.core.config.AppenderControl.callAppenderPreventRecursion(AppenderControl.java:125)
	at org.apache.logging.log4j.core.config.AppenderControl.callAppender(AppenderControl.java:89)
	at org.apache.logging.log4j.core.config.LoggerConfig.callAppenders(LoggerConfig.java:683)
	at org.apache.logging.log4j.core.config.LoggerConfig.processLogEvent(LoggerConfig.java:641)
	at org.apache.logging.log4j.core.config.LoggerConfig.log(LoggerConfig.java:624)
	at org.apache.logging.log4j.core.config.LoggerConfig.log(LoggerConfig.java:560)
	at org.apache.logging.log4j.core.config.AwaitCompletionReliabilityStrategy.log(AwaitCompletionReliabilityStrategy.java:82)
	at org.apache.logging.log4j.core.Logger.log(Logger.java:162)
	at org.apache.logging.log4j.spi.AbstractLogger.logMessage(AbstractLogger.java:2106)
	at org.apache.logging.log4j.internal.DefaultLogBuilder.logMessage(DefaultLogBuilder.java:241)
	at org.apache.logging.log4j.internal.DefaultLogBuilder.log(DefaultLogBuilder.java:162)
	at org.apache.poi.openxml4j.opc.PackageRelationshipCollection.parseRelationshipsPart(PackageRelationshipCollection.java:309)
	at org.apache.poi.openxml4j.opc.PackageRelationshipCollection.<init>(PackageRelationshipCollection.java:160)
	at org.apache.poi.openxml4j.opc.PackageRelationshipCollection.<init>(PackageRelationshipCollection.java:130)
	at org.apache.poi.openxml4j.opc.PackagePart.loadRelationships(PackagePart.java:565)
	at org.apache.poi.openxml4j.opc.OPCPackage.getParts(OPCPackage.java:751)
	at org.apache.poi.openxml4j.opc.OPCPackage.open(OPCPackage.java:322)
	at org.apache.poi.ooxml.util.PackageHelper.open(PackageHelper.java:59)
	at org.apache.poi.xssf.usermodel.XSSFWorkbook.<init>(XSSFWorkbook.java:290)
	at org.apache.poi.xssf.usermodel.XSSFWorkbook.<init>(XSSFWorkbook.java:286)
	at externalResources.ExcelDataRead.<init>(ExcelDataRead.java:22)
	at listeners.AnnotationsTransformer.toBeExecuted(AnnotationsTransformer.java:36)
	at listeners.AnnotationsTransformer.transform(AnnotationsTransformer.java:24)
	at org.testng.internal.annotations.JDK15AnnotationFinder.transform(JDK15AnnotationFinder.java:172)
	at org.testng.internal.annotations.JDK15AnnotationFinder.lambda$findAnnotation$0(JDK15AnnotationFinder.java:279)
	at java.base/java.util.concurrent.ConcurrentHashMap.computeIfAbsent(ConcurrentHashMap.java:1705)
	at org.testng.internal.annotations.JDK15AnnotationFinder.findAnnotation(JDK15AnnotationFinder.java:275)
	at org.testng.internal.annotations.JDK15AnnotationFinder.findAnnotation(JDK15AnnotationFinder.java:113)
	at org.testng.internal.TestNGClassFinder.isTestNGClass(TestNGClassFinder.java:275)
	at org.testng.internal.TestNGClassFinder.isNotTestNGClass(TestNGClassFinder.java:260)
	at org.testng.internal.TestNGClassFinder.processClass(TestNGClassFinder.java:94)
	at org.testng.internal.TestNGClassFinder.<init>(TestNGClassFinder.java:67)
	at org.testng.TestRunner.initMethods(TestRunner.java:442)
	at org.testng.TestRunner.init(TestRunner.java:336)
	at org.testng.TestRunner.init(TestRunner.java:289)
	at org.testng.TestRunner.<init>(TestRunner.java:179)
	at org.testng.SuiteRunner$DefaultTestRunnerFactory.newTestRunner(SuiteRunner.java:643)
	at org.testng.SuiteRunner.init(SuiteRunner.java:225)
	at org.testng.SuiteRunner.<init>(SuiteRunner.java:115)
	at org.testng.TestNG.createSuiteRunner(TestNG.java:1349)
	at org.testng.TestNG.createSuiteRunners(TestNG.java:1325)
	at org.testng.TestNG.runSuitesLocally(TestNG.java:1167)
	at org.testng.TestNG.runSuites(TestNG.java:1099)
	at org.testng.TestNG.run(TestNG.java:1067)
	at org.apache.maven.surefire.testng.TestNGExecutor.run(TestNGExecutor.java:324)
	at org.apache.maven.surefire.testng.TestNGXmlTestSuite.execute(TestNGXmlTestSuite.java:74)
	at org.apache.maven.surefire.testng.TestNGProvider.invoke(TestNGProvider.java:123)
	at org.apache.maven.surefire.booter.ForkedBooter.runSuitesInProcess(ForkedBooter.java:456)
	at org.apache.maven.surefire.booter.ForkedBooter.execute(ForkedBooter.java:169)
	at org.apache.maven.surefire.booter.ForkedBooter.run(ForkedBooter.java:595)
	at org.apache.maven.surefire.booter.ForkedBooter.main(ForkedBooter.java:581)

2023-02-13 11:57:16,295 main ERROR Could not create plugin of type class org.apache.logging.log4j.core.appender.RollingFileAppender for element RollingFile: java.lang.IllegalStateException: ManagerFactory [org.apache.logging.log4j.core.appender.rolling.RollingFileManager$RollingFileManagerFactory@4e6d7365] unable to create manager for [./results/logs/${ctx:threadName}.log] with data [org.apache.logging.log4j.core.appender.rolling.RollingFileManager$FactoryData@3fc05ea2[pattern=./results/logs/${ctx:threadName}-%d{yyyy-MM-dd}.log, append=true, bufferedIO=true, bufferSize=8192, policy=SizeBasedTriggeringPolicy(size=512000), strategy=DefaultRolloverStrategy(min=1, max=7, useMax=true), advertiseURI=null, layout=%d{HH:mm:ss.SSS} [%t] %-5level %logger{36} - %msg%n, filePermissions=null, fileOwner=null]] java.lang.IllegalStateException: ManagerFactory [org.apache.logging.log4j.core.appender.rolling.RollingFileManager$RollingFileManagerFactory@4e6d7365] unable to create manager for [./results/logs/${ctx:threadName}.log] with data [org.apache.logging.log4j.core.appender.rolling.RollingFileManager$FactoryData@3fc05ea2[pattern=./results/logs/${ctx:threadName}-%d{yyyy-MM-dd}.log, append=true, bufferedIO=true, bufferSize=8192, policy=SizeBasedTriggeringPolicy(size=512000), strategy=DefaultRolloverStrategy(min=1, max=7, useMax=true), advertiseURI=null, layout=%d{HH:mm:ss.SSS} [%t] %-5level %logger{36} - %msg%n, filePermissions=null, fileOwner=null]]
	at org.apache.logging.log4j.core.appender.AbstractManager.getManager(AbstractManager.java:146)
	at org.apache.logging.log4j.core.appender.OutputStreamManager.getManager(OutputStreamManager.java:100)
	at org.apache.logging.log4j.core.appender.rolling.RollingFileManager.getFileManager(RollingFileManager.java:217)
	at org.apache.logging.log4j.core.appender.RollingFileAppender$Builder.build(RollingFileAppender.java:135)
	at org.apache.logging.log4j.core.appender.RollingFileAppender$Builder.build(RollingFileAppender.java:62)
	at org.apache.logging.log4j.core.config.plugins.util.PluginBuilder.build(PluginBuilder.java:124)
	at org.apache.logging.log4j.core.config.AbstractConfiguration.createPluginObject(AbstractConfiguration.java:1138)
	at org.apache.logging.log4j.core.config.AbstractConfiguration.createConfiguration(AbstractConfiguration.java:1063)
	at org.apache.logging.log4j.core.appender.routing.RoutingAppender.createAppender(RoutingAppender.java:310)
	at org.apache.logging.log4j.core.appender.routing.RoutingAppender.getControl(RoutingAppender.java:282)
	at org.apache.logging.log4j.core.appender.routing.RoutingAppender.append(RoutingAppender.java:240)
	at org.apache.logging.log4j.core.config.AppenderControl.tryCallAppender(AppenderControl.java:161)
	at org.apache.logging.log4j.core.config.AppenderControl.callAppender0(AppenderControl.java:134)
	at org.apache.logging.log4j.core.config.AppenderControl.callAppenderPreventRecursion(AppenderControl.java:125)
	at org.apache.logging.log4j.core.config.AppenderControl.callAppender(AppenderControl.java:89)
	at org.apache.logging.log4j.core.config.LoggerConfig.callAppenders(LoggerConfig.java:683)
	at org.apache.logging.log4j.core.config.LoggerConfig.processLogEvent(LoggerConfig.java:641)
	at org.apache.logging.log4j.core.config.LoggerConfig.log(LoggerConfig.java:624)
	at org.apache.logging.log4j.core.config.LoggerConfig.log(LoggerConfig.java:560)
	at org.apache.logging.log4j.core.config.AwaitCompletionReliabilityStrategy.log(AwaitCompletionReliabilityStrategy.java:82)
	at org.apache.logging.log4j.core.Logger.log(Logger.java:162)
	at org.apache.logging.log4j.spi.AbstractLogger.logMessage(AbstractLogger.java:2106)
	at org.apache.logging.log4j.internal.DefaultLogBuilder.logMessage(DefaultLogBuilder.java:241)
	at org.apache.logging.log4j.internal.DefaultLogBuilder.log(DefaultLogBuilder.java:162)
	at org.apache.poi.openxml4j.opc.PackageRelationshipCollection.parseRelationshipsPart(PackageRelationshipCollection.java:309)
	at org.apache.poi.openxml4j.opc.PackageRelationshipCollection.<init>(PackageRelationshipCollection.java:160)
	at org.apache.poi.openxml4j.opc.PackageRelationshipCollection.<init>(PackageRelationshipCollection.java:130)
	at org.apache.poi.openxml4j.opc.PackagePart.loadRelationships(PackagePart.java:565)
	at org.apache.poi.openxml4j.opc.OPCPackage.getParts(OPCPackage.java:751)
	at org.apache.poi.openxml4j.opc.OPCPackage.open(OPCPackage.java:322)
	at org.apache.poi.ooxml.util.PackageHelper.open(PackageHelper.java:59)
	at org.apache.poi.xssf.usermodel.XSSFWorkbook.<init>(XSSFWorkbook.java:290)
	at org.apache.poi.xssf.usermodel.XSSFWorkbook.<init>(XSSFWorkbook.java:286)
	at externalResources.ExcelDataRead.<init>(ExcelDataRead.java:22)
	at listeners.AnnotationsTransformer.toBeExecuted(AnnotationsTransformer.java:36)
	at listeners.AnnotationsTransformer.transform(AnnotationsTransformer.java:24)
	at org.testng.internal.annotations.JDK15AnnotationFinder.transform(JDK15AnnotationFinder.java:172)
	at org.testng.internal.annotations.JDK15AnnotationFinder.lambda$findAnnotation$0(JDK15AnnotationFinder.java:279)
	at java.base/java.util.concurrent.ConcurrentHashMap.computeIfAbsent(ConcurrentHashMap.java:1705)
	at org.testng.internal.annotations.JDK15AnnotationFinder.findAnnotation(JDK15AnnotationFinder.java:275)
	at org.testng.internal.annotations.JDK15AnnotationFinder.findAnnotation(JDK15AnnotationFinder.java:113)
	at org.testng.internal.TestNGClassFinder.isTestNGClass(TestNGClassFinder.java:275)
	at org.testng.internal.TestNGClassFinder.isNotTestNGClass(TestNGClassFinder.java:260)
	at org.testng.internal.TestNGClassFinder.processClass(TestNGClassFinder.java:94)
	at org.testng.internal.TestNGClassFinder.<init>(TestNGClassFinder.java:67)
	at org.testng.TestRunner.initMethods(TestRunner.java:442)
	at org.testng.TestRunner.init(TestRunner.java:336)
	at org.testng.TestRunner.init(TestRunner.java:289)
	at org.testng.TestRunner.<init>(TestRunner.java:179)
	at org.testng.SuiteRunner$DefaultTestRunnerFactory.newTestRunner(SuiteRunner.java:643)
	at org.testng.SuiteRunner.init(SuiteRunner.java:225)
	at org.testng.SuiteRunner.<init>(SuiteRunner.java:115)
	at org.testng.TestNG.createSuiteRunner(TestNG.java:1349)
	at org.testng.TestNG.createSuiteRunners(TestNG.java:1325)
	at org.testng.TestNG.runSuitesLocally(TestNG.java:1167)
	at org.testng.TestNG.runSuites(TestNG.java:1099)
	at org.testng.TestNG.run(TestNG.java:1067)
	at org.apache.maven.surefire.testng.TestNGExecutor.run(TestNGExecutor.java:324)
	at org.apache.maven.surefire.testng.TestNGXmlTestSuite.execute(TestNGXmlTestSuite.java:74)
	at org.apache.maven.surefire.testng.TestNGProvider.invoke(TestNGProvider.java:123)
	at org.apache.maven.surefire.booter.ForkedBooter.runSuitesInProcess(ForkedBooter.java:456)
	at org.apache.maven.surefire.booter.ForkedBooter.execute(ForkedBooter.java:169)
	at org.apache.maven.surefire.booter.ForkedBooter.run(ForkedBooter.java:595)
	at org.apache.maven.surefire.booter.ForkedBooter.main(ForkedBooter.java:581)

2023-02-13 11:57:16,296 main ERROR Unable to invoke factory method in class org.apache.logging.log4j.core.appender.RollingFileAppender for element RollingFile: java.lang.IllegalStateException: No factory method found for class org.apache.logging.log4j.core.appender.RollingFileAppender java.lang.IllegalStateException: No factory method found for class org.apache.logging.log4j.core.appender.RollingFileAppender
	at org.apache.logging.log4j.core.config.plugins.util.PluginBuilder.findFactoryMethod(PluginBuilder.java:260)
	at org.apache.logging.log4j.core.config.plugins.util.PluginBuilder.build(PluginBuilder.java:136)
	at org.apache.logging.log4j.core.config.AbstractConfiguration.createPluginObject(AbstractConfiguration.java:1138)
	at org.apache.logging.log4j.core.config.AbstractConfiguration.createConfiguration(AbstractConfiguration.java:1063)
	at org.apache.logging.log4j.core.appender.routing.RoutingAppender.createAppender(RoutingAppender.java:310)
	at org.apache.logging.log4j.core.appender.routing.RoutingAppender.getControl(RoutingAppender.java:282)
	at org.apache.logging.log4j.core.appender.routing.RoutingAppender.append(RoutingAppender.java:240)
	at org.apache.logging.log4j.core.config.AppenderControl.tryCallAppender(AppenderControl.java:161)
	at org.apache.logging.log4j.core.config.AppenderControl.callAppender0(AppenderControl.java:134)
	at org.apache.logging.log4j.core.config.AppenderControl.callAppenderPreventRecursion(AppenderControl.java:125)
	at org.apache.logging.log4j.core.config.AppenderControl.callAppender(AppenderControl.java:89)
	at org.apache.logging.log4j.core.config.LoggerConfig.callAppenders(LoggerConfig.java:683)
	at org.apache.logging.log4j.core.config.LoggerConfig.processLogEvent(LoggerConfig.java:641)
	at org.apache.logging.log4j.core.config.LoggerConfig.log(LoggerConfig.java:624)
	at org.apache.logging.log4j.core.config.LoggerConfig.log(LoggerConfig.java:560)
	at org.apache.logging.log4j.core.config.AwaitCompletionReliabilityStrategy.log(AwaitCompletionReliabilityStrategy.java:82)
	at org.apache.logging.log4j.core.Logger.log(Logger.java:162)
	at org.apache.logging.log4j.spi.AbstractLogger.logMessage(AbstractLogger.java:2106)
	at org.apache.logging.log4j.internal.DefaultLogBuilder.logMessage(DefaultLogBuilder.java:241)
	at org.apache.logging.log4j.internal.DefaultLogBuilder.log(DefaultLogBuilder.java:162)
	at org.apache.poi.openxml4j.opc.PackageRelationshipCollection.parseRelationshipsPart(PackageRelationshipCollection.java:309)
	at org.apache.poi.openxml4j.opc.PackageRelationshipCollection.<init>(PackageRelationshipCollection.java:160)
	at org.apache.poi.openxml4j.opc.PackageRelationshipCollection.<init>(PackageRelationshipCollection.java:130)
	at org.apache.poi.openxml4j.opc.PackagePart.loadRelationships(PackagePart.java:565)
	at org.apache.poi.openxml4j.opc.OPCPackage.getParts(OPCPackage.java:751)
	at org.apache.poi.openxml4j.opc.OPCPackage.open(OPCPackage.java:322)
	at org.apache.poi.ooxml.util.PackageHelper.open(PackageHelper.java:59)
	at org.apache.poi.xssf.usermodel.XSSFWorkbook.<init>(XSSFWorkbook.java:290)
	at org.apache.poi.xssf.usermodel.XSSFWorkbook.<init>(XSSFWorkbook.java:286)
	at externalResources.ExcelDataRead.<init>(ExcelDataRead.java:22)
	at listeners.AnnotationsTransformer.toBeExecuted(AnnotationsTransformer.java:36)
	at listeners.AnnotationsTransformer.transform(AnnotationsTransformer.java:24)
	at org.testng.internal.annotations.JDK15AnnotationFinder.transform(JDK15AnnotationFinder.java:172)
	at org.testng.internal.annotations.JDK15AnnotationFinder.lambda$findAnnotation$0(JDK15AnnotationFinder.java:279)
	at java.base/java.util.concurrent.ConcurrentHashMap.computeIfAbsent(ConcurrentHashMap.java:1705)
	at org.testng.internal.annotations.JDK15AnnotationFinder.findAnnotation(JDK15AnnotationFinder.java:275)
	at org.testng.internal.annotations.JDK15AnnotationFinder.findAnnotation(JDK15AnnotationFinder.java:113)
	at org.testng.internal.TestNGClassFinder.isTestNGClass(TestNGClassFinder.java:275)
	at org.testng.internal.TestNGClassFinder.isNotTestNGClass(TestNGClassFinder.java:260)
	at org.testng.internal.TestNGClassFinder.processClass(TestNGClassFinder.java:94)
	at org.testng.internal.TestNGClassFinder.<init>(TestNGClassFinder.java:67)
	at org.testng.TestRunner.initMethods(TestRunner.java:442)
	at org.testng.TestRunner.init(TestRunner.java:336)
	at org.testng.TestRunner.init(TestRunner.java:289)
	at org.testng.TestRunner.<init>(TestRunner.java:179)
	at org.testng.SuiteRunner$DefaultTestRunnerFactory.newTestRunner(SuiteRunner.java:643)
	at org.testng.SuiteRunner.init(SuiteRunner.java:225)
	at org.testng.SuiteRunner.<init>(SuiteRunner.java:115)
	at org.testng.TestNG.createSuiteRunner(TestNG.java:1349)
	at org.testng.TestNG.createSuiteRunners(TestNG.java:1325)
	at org.testng.TestNG.runSuitesLocally(TestNG.java:1167)
	at org.testng.TestNG.runSuites(TestNG.java:1099)
	at org.testng.TestNG.run(TestNG.java:1067)
	at org.apache.maven.surefire.testng.TestNGExecutor.run(TestNGExecutor.java:324)
	at org.apache.maven.surefire.testng.TestNGXmlTestSuite.execute(TestNGXmlTestSuite.java:74)
	at org.apache.maven.surefire.testng.TestNGProvider.invoke(TestNGProvider.java:123)
	at org.apache.maven.surefire.booter.ForkedBooter.runSuitesInProcess(ForkedBooter.java:456)
	at org.apache.maven.surefire.booter.ForkedBooter.execute(ForkedBooter.java:169)
	at org.apache.maven.surefire.booter.ForkedBooter.run(ForkedBooter.java:595)
	at org.apache.maven.surefire.booter.ForkedBooter.main(ForkedBooter.java:581)

2023-02-13 11:57:16,298 main ERROR Unable to create file ./results/logs/${ctx:threadName}.log java.io.IOException: The filename, directory name, or volume label syntax is incorrect
	at java.base/java.io.WinNTFileSystem.canonicalize0(Native Method)
	at java.base/java.io.WinNTFileSystem.canonicalize(WinNTFileSystem.java:483)
	at java.base/java.io.File.getCanonicalPath(File.java:626)
	at java.base/java.io.File.getCanonicalFile(File.java:651)
	at org.apache.logging.log4j.core.util.FileUtils.makeParentDirs(FileUtils.java:139)
	at org.apache.logging.log4j.core.appender.rolling.RollingFileManager$RollingFileManagerFactory.createManager(RollingFileManager.java:734)
	at org.apache.logging.log4j.core.appender.rolling.RollingFileManager$RollingFileManagerFactory.createManager(RollingFileManager.java:718)
	at org.apache.logging.log4j.core.appender.AbstractManager.getManager(AbstractManager.java:144)
	at org.apache.logging.log4j.core.appender.OutputStreamManager.getManager(OutputStreamManager.java:100)
	at org.apache.logging.log4j.core.appender.rolling.RollingFileManager.getFileManager(RollingFileManager.java:217)
	at org.apache.logging.log4j.core.appender.RollingFileAppender$Builder.build(RollingFileAppender.java:135)
	at org.apache.logging.log4j.core.appender.RollingFileAppender$Builder.build(RollingFileAppender.java:62)
	at org.apache.logging.log4j.core.config.plugins.util.PluginBuilder.build(PluginBuilder.java:124)
	at org.apache.logging.log4j.core.config.AbstractConfiguration.createPluginObject(AbstractConfiguration.java:1138)
	at org.apache.logging.log4j.core.config.AbstractConfiguration.createConfiguration(AbstractConfiguration.java:1063)
	at org.apache.logging.log4j.core.appender.routing.RoutingAppender.createAppender(RoutingAppender.java:310)
	at org.apache.logging.log4j.core.appender.routing.RoutingAppender.getControl(RoutingAppender.java:282)
	at org.apache.logging.log4j.core.appender.routing.RoutingAppender.append(RoutingAppender.java:240)
	at org.apache.logging.log4j.core.config.AppenderControl.tryCallAppender(AppenderControl.java:161)
	at org.apache.logging.log4j.core.config.AppenderControl.callAppender0(AppenderControl.java:134)
	at org.apache.logging.log4j.core.config.AppenderControl.callAppenderPreventRecursion(AppenderControl.java:125)
	at org.apache.logging.log4j.core.config.AppenderControl.callAppender(AppenderControl.java:89)
	at org.apache.logging.log4j.core.config.LoggerConfig.callAppenders(LoggerConfig.java:683)
	at org.apache.logging.log4j.core.config.LoggerConfig.processLogEvent(LoggerConfig.java:641)
	at org.apache.logging.log4j.core.config.LoggerConfig.log(LoggerConfig.java:624)
	at org.apache.logging.log4j.core.config.LoggerConfig.log(LoggerConfig.java:560)
	at org.apache.logging.log4j.core.config.AwaitCompletionReliabilityStrategy.log(AwaitCompletionReliabilityStrategy.java:82)
	at org.apache.logging.log4j.core.Logger.log(Logger.java:162)
	at org.apache.logging.log4j.spi.AbstractLogger.logMessage(AbstractLogger.java:2106)
	at org.apache.logging.log4j.internal.DefaultLogBuilder.logMessage(DefaultLogBuilder.java:241)
	at org.apache.logging.log4j.internal.DefaultLogBuilder.log(DefaultLogBuilder.java:162)
	at org.apache.poi.openxml4j.opc.PackageRelationshipCollection.parseRelationshipsPart(PackageRelationshipCollection.java:309)
	at org.apache.poi.openxml4j.opc.PackageRelationshipCollection.<init>(PackageRelationshipCollection.java:160)
	at org.apache.poi.openxml4j.opc.PackageRelationshipCollection.<init>(PackageRelationshipCollection.java:116)
	at org.apache.poi.openxml4j.opc.OPCPackage.ensureRelationships(OPCPackage.java:1346)
	at org.apache.poi.openxml4j.opc.OPCPackage.getRelationshipsHelper(OPCPackage.java:1325)
	at org.apache.poi.openxml4j.opc.OPCPackage.getRelationshipsByType(OPCPackage.java:1313)
	at org.apache.poi.ooxml.POIXMLDocumentPart.getPartFromOPCPackage(POIXMLDocumentPart.java:743)
	at org.apache.poi.ooxml.POIXMLDocumentPart.<init>(POIXMLDocumentPart.java:151)
	at org.apache.poi.ooxml.POIXMLDocumentPart.<init>(POIXMLDocumentPart.java:141)
	at org.apache.poi.ooxml.POIXMLDocument.<init>(POIXMLDocument.java:60)
	at org.apache.poi.xssf.usermodel.XSSFWorkbook.<init>(XSSFWorkbook.java:254)
	at org.apache.poi.xssf.usermodel.XSSFWorkbook.<init>(XSSFWorkbook.java:290)
	at org.apache.poi.xssf.usermodel.XSSFWorkbook.<init>(XSSFWorkbook.java:286)
	at externalResources.ExcelDataRead.<init>(ExcelDataRead.java:22)
	at listeners.AnnotationsTransformer.toBeExecuted(AnnotationsTransformer.java:36)
	at listeners.AnnotationsTransformer.transform(AnnotationsTransformer.java:24)
	at org.testng.internal.annotations.JDK15AnnotationFinder.transform(JDK15AnnotationFinder.java:172)
	at org.testng.internal.annotations.JDK15AnnotationFinder.lambda$findAnnotation$0(JDK15AnnotationFinder.java:279)
	at java.base/java.util.concurrent.ConcurrentHashMap.computeIfAbsent(ConcurrentHashMap.java:1705)
	at org.testng.internal.annotations.JDK15AnnotationFinder.findAnnotation(JDK15AnnotationFinder.java:275)
	at org.testng.internal.annotations.JDK15AnnotationFinder.findAnnotation(JDK15AnnotationFinder.java:113)
	at org.testng.internal.TestNGClassFinder.isTestNGClass(TestNGClassFinder.java:275)
	at org.testng.internal.TestNGClassFinder.isNotTestNGClass(TestNGClassFinder.java:260)
	at org.testng.internal.TestNGClassFinder.processClass(TestNGClassFinder.java:94)
	at org.testng.internal.TestNGClassFinder.<init>(TestNGClassFinder.java:67)
	at org.testng.TestRunner.initMethods(TestRunner.java:442)
	at org.testng.TestRunner.init(TestRunner.java:336)
	at org.testng.TestRunner.init(TestRunner.java:289)
	at org.testng.TestRunner.<init>(TestRunner.java:179)
	at org.testng.SuiteRunner$DefaultTestRunnerFactory.newTestRunner(SuiteRunner.java:643)
	at org.testng.SuiteRunner.init(SuiteRunner.java:225)
	at org.testng.SuiteRunner.<init>(SuiteRunner.java:115)
	at org.testng.TestNG.createSuiteRunner(TestNG.java:1349)
	at org.testng.TestNG.createSuiteRunners(TestNG.java:1325)
	at org.testng.TestNG.runSuitesLocally(TestNG.java:1167)
	at org.testng.TestNG.runSuites(TestNG.java:1099)
	at org.testng.TestNG.run(TestNG.java:1067)
	at org.apache.maven.surefire.testng.TestNGExecutor.run(TestNGExecutor.java:324)
	at org.apache.maven.surefire.testng.TestNGXmlTestSuite.execute(TestNGXmlTestSuite.java:74)
	at org.apache.maven.surefire.testng.TestNGProvider.invoke(TestNGProvider.java:123)
	at org.apache.maven.surefire.booter.ForkedBooter.runSuitesInProcess(ForkedBooter.java:456)
	at org.apache.maven.surefire.booter.ForkedBooter.execute(ForkedBooter.java:169)
	at org.apache.maven.surefire.booter.ForkedBooter.run(ForkedBooter.java:595)
	at org.apache.maven.surefire.booter.ForkedBooter.main(ForkedBooter.java:581)

2023-02-13 11:57:16,299 main ERROR Could not create plugin of type class org.apache.logging.log4j.core.appender.RollingFileAppender for element RollingFile: java.lang.IllegalStateException: ManagerFactory [org.apache.logging.log4j.core.appender.rolling.RollingFileManager$RollingFileManagerFactory@4e6d7365] unable to create manager for [./results/logs/${ctx:threadName}.log] with data [org.apache.logging.log4j.core.appender.rolling.RollingFileManager$FactoryData@1ff55ff[pattern=./results/logs/${ctx:threadName}-%d{yyyy-MM-dd}.log, append=true, bufferedIO=true, bufferSize=8192, policy=SizeBasedTriggeringPolicy(size=512000), strategy=DefaultRolloverStrategy(min=1, max=7, useMax=true), advertiseURI=null, layout=%d{HH:mm:ss.SSS} [%t] %-5level %logger{36} - %msg%n, filePermissions=null, fileOwner=null]] java.lang.IllegalStateException: ManagerFactory [org.apache.logging.log4j.core.appender.rolling.RollingFileManager$RollingFileManagerFactory@4e6d7365] unable to create manager for [./results/logs/${ctx:threadName}.log] with data [org.apache.logging.log4j.core.appender.rolling.RollingFileManager$FactoryData@1ff55ff[pattern=./results/logs/${ctx:threadName}-%d{yyyy-MM-dd}.log, append=true, bufferedIO=true, bufferSize=8192, policy=SizeBasedTriggeringPolicy(size=512000), strategy=DefaultRolloverStrategy(min=1, max=7, useMax=true), advertiseURI=null, layout=%d{HH:mm:ss.SSS} [%t] %-5level %logger{36} - %msg%n, filePermissions=null, fileOwner=null]]
	at org.apache.logging.log4j.core.appender.AbstractManager.getManager(AbstractManager.java:146)
	at org.apache.logging.log4j.core.appender.OutputStreamManager.getManager(OutputStreamManager.java:100)
	at org.apache.logging.log4j.core.appender.rolling.RollingFileManager.getFileManager(RollingFileManager.java:217)
	at org.apache.logging.log4j.core.appender.RollingFileAppender$Builder.build(RollingFileAppender.java:135)
	at org.apache.logging.log4j.core.appender.RollingFileAppender$Builder.build(RollingFileAppender.java:62)
	at org.apache.logging.log4j.core.config.plugins.util.PluginBuilder.build(PluginBuilder.java:124)
	at org.apache.logging.log4j.core.config.AbstractConfiguration.createPluginObject(AbstractConfiguration.java:1138)
	at org.apache.logging.log4j.core.config.AbstractConfiguration.createConfiguration(AbstractConfiguration.java:1063)
	at org.apache.logging.log4j.core.appender.routing.RoutingAppender.createAppender(RoutingAppender.java:310)
	at org.apache.logging.log4j.core.appender.routing.RoutingAppender.getControl(RoutingAppender.java:282)
	at org.apache.logging.log4j.core.appender.routing.RoutingAppender.append(RoutingAppender.java:240)
	at org.apache.logging.log4j.core.config.AppenderControl.tryCallAppender(AppenderControl.java:161)
	at org.apache.logging.log4j.core.config.AppenderControl.callAppender0(AppenderControl.java:134)
	at org.apache.logging.log4j.core.config.AppenderControl.callAppenderPreventRecursion(AppenderControl.java:125)
	at org.apache.logging.log4j.core.config.AppenderControl.callAppender(AppenderControl.java:89)
	at org.apache.logging.log4j.core.config.LoggerConfig.callAppenders(LoggerConfig.java:683)
	at org.apache.logging.log4j.core.config.LoggerConfig.processLogEvent(LoggerConfig.java:641)
	at org.apache.logging.log4j.core.config.LoggerConfig.log(LoggerConfig.java:624)
	at org.apache.logging.log4j.core.config.LoggerConfig.log(LoggerConfig.java:560)
	at org.apache.logging.log4j.core.config.AwaitCompletionReliabilityStrategy.log(AwaitCompletionReliabilityStrategy.java:82)
	at org.apache.logging.log4j.core.Logger.log(Logger.java:162)
	at org.apache.logging.log4j.spi.AbstractLogger.logMessage(AbstractLogger.java:2106)
	at org.apache.logging.log4j.internal.DefaultLogBuilder.logMessage(DefaultLogBuilder.java:241)
	at org.apache.logging.log4j.internal.DefaultLogBuilder.log(DefaultLogBuilder.java:162)
	at org.apache.poi.openxml4j.opc.PackageRelationshipCollection.parseRelationshipsPart(PackageRelationshipCollection.java:309)
	at org.apache.poi.openxml4j.opc.PackageRelationshipCollection.<init>(PackageRelationshipCollection.java:160)
	at org.apache.poi.openxml4j.opc.PackageRelationshipCollection.<init>(PackageRelationshipCollection.java:116)
	at org.apache.poi.openxml4j.opc.OPCPackage.ensureRelationships(OPCPackage.java:1346)
	at org.apache.poi.openxml4j.opc.OPCPackage.getRelationshipsHelper(OPCPackage.java:1325)
	at org.apache.poi.openxml4j.opc.OPCPackage.getRelationshipsByType(OPCPackage.java:1313)
	at org.apache.poi.ooxml.POIXMLDocumentPart.getPartFromOPCPackage(POIXMLDocumentPart.java:743)
	at org.apache.poi.ooxml.POIXMLDocumentPart.<init>(POIXMLDocumentPart.java:151)
	at org.apache.poi.ooxml.POIXMLDocumentPart.<init>(POIXMLDocumentPart.java:141)
	at org.apache.poi.ooxml.POIXMLDocument.<init>(POIXMLDocument.java:60)
	at org.apache.poi.xssf.usermodel.XSSFWorkbook.<init>(XSSFWorkbook.java:254)
	at org.apache.poi.xssf.usermodel.XSSFWorkbook.<init>(XSSFWorkbook.java:290)
	at org.apache.poi.xssf.usermodel.XSSFWorkbook.<init>(XSSFWorkbook.java:286)
	at externalResources.ExcelDataRead.<init>(ExcelDataRead.java:22)
	at listeners.AnnotationsTransformer.toBeExecuted(AnnotationsTransformer.java:36)
	at listeners.AnnotationsTransformer.transform(AnnotationsTransformer.java:24)
	at org.testng.internal.annotations.JDK15AnnotationFinder.transform(JDK15AnnotationFinder.java:172)
	at org.testng.internal.annotations.JDK15AnnotationFinder.lambda$findAnnotation$0(JDK15AnnotationFinder.java:279)
	at java.base/java.util.concurrent.ConcurrentHashMap.computeIfAbsent(ConcurrentHashMap.java:1705)
	at org.testng.internal.annotations.JDK15AnnotationFinder.findAnnotation(JDK15AnnotationFinder.java:275)
	at org.testng.internal.annotations.JDK15AnnotationFinder.findAnnotation(JDK15AnnotationFinder.java:113)
	at org.testng.internal.TestNGClassFinder.isTestNGClass(TestNGClassFinder.java:275)
	at org.testng.internal.TestNGClassFinder.isNotTestNGClass(TestNGClassFinder.java:260)
	at org.testng.internal.TestNGClassFinder.processClass(TestNGClassFinder.java:94)
	at org.testng.internal.TestNGClassFinder.<init>(TestNGClassFinder.java:67)
	at org.testng.TestRunner.initMethods(TestRunner.java:442)
	at org.testng.TestRunner.init(TestRunner.java:336)
	at org.testng.TestRunner.init(TestRunner.java:289)
	at org.testng.TestRunner.<init>(TestRunner.java:179)
	at org.testng.SuiteRunner$DefaultTestRunnerFactory.newTestRunner(SuiteRunner.java:643)
	at org.testng.SuiteRunner.init(SuiteRunner.java:225)
	at org.testng.SuiteRunner.<init>(SuiteRunner.java:115)
	at org.testng.TestNG.createSuiteRunner(TestNG.java:1349)
	at org.testng.TestNG.createSuiteRunners(TestNG.java:1325)
	at org.testng.TestNG.runSuitesLocally(TestNG.java:1167)
	at org.testng.TestNG.runSuites(TestNG.java:1099)
	at org.testng.TestNG.run(TestNG.java:1067)
	at org.apache.maven.surefire.testng.TestNGExecutor.run(TestNGExecutor.java:324)
	at org.apache.maven.surefire.testng.TestNGXmlTestSuite.execute(TestNGXmlTestSuite.java:74)
	at org.apache.maven.surefire.testng.TestNGProvider.invoke(TestNGProvider.java:123)
	at org.apache.maven.surefire.booter.ForkedBooter.runSuitesInProcess(ForkedBooter.java:456)
	at org.apache.maven.surefire.booter.ForkedBooter.execute(ForkedBooter.java:169)
	at org.apache.maven.surefire.booter.ForkedBooter.run(ForkedBooter.java:595)
	at org.apache.maven.surefire.booter.ForkedBooter.main(ForkedBooter.java:581)

2023-02-13 11:57:16,299 main ERROR Unable to invoke factory method in class org.apache.logging.log4j.core.appender.RollingFileAppender for element RollingFile: java.lang.IllegalStateException: No factory method found for class org.apache.logging.log4j.core.appender.RollingFileAppender java.lang.IllegalStateException: No factory method found for class org.apache.logging.log4j.core.appender.RollingFileAppender
	at org.apache.logging.log4j.core.config.plugins.util.PluginBuilder.findFactoryMethod(PluginBuilder.java:260)
	at org.apache.logging.log4j.core.config.plugins.util.PluginBuilder.build(PluginBuilder.java:136)
	at org.apache.logging.log4j.core.config.AbstractConfiguration.createPluginObject(AbstractConfiguration.java:1138)
	at org.apache.logging.log4j.core.config.AbstractConfiguration.createConfiguration(AbstractConfiguration.java:1063)
	at org.apache.logging.log4j.core.appender.routing.RoutingAppender.createAppender(RoutingAppender.java:310)
	at org.apache.logging.log4j.core.appender.routing.RoutingAppender.getControl(RoutingAppender.java:282)
	at org.apache.logging.log4j.core.appender.routing.RoutingAppender.append(RoutingAppender.java:240)
	at org.apache.logging.log4j.core.config.AppenderControl.tryCallAppender(AppenderControl.java:161)
	at org.apache.logging.log4j.core.config.AppenderControl.callAppender0(AppenderControl.java:134)
	at org.apache.logging.log4j.core.config.AppenderControl.callAppenderPreventRecursion(AppenderControl.java:125)
	at org.apache.logging.log4j.core.config.AppenderControl.callAppender(AppenderControl.java:89)
	at org.apache.logging.log4j.core.config.LoggerConfig.callAppenders(LoggerConfig.java:683)
	at org.apache.logging.log4j.core.config.LoggerConfig.processLogEvent(LoggerConfig.java:641)
	at org.apache.logging.log4j.core.config.LoggerConfig.log(LoggerConfig.java:624)
	at org.apache.logging.log4j.core.config.LoggerConfig.log(LoggerConfig.java:560)
	at org.apache.logging.log4j.core.config.AwaitCompletionReliabilityStrategy.log(AwaitCompletionReliabilityStrategy.java:82)
	at org.apache.logging.log4j.core.Logger.log(Logger.java:162)
	at org.apache.logging.log4j.spi.AbstractLogger.logMessage(AbstractLogger.java:2106)
	at org.apache.logging.log4j.internal.DefaultLogBuilder.logMessage(DefaultLogBuilder.java:241)
	at org.apache.logging.log4j.internal.DefaultLogBuilder.log(DefaultLogBuilder.java:162)
	at org.apache.poi.openxml4j.opc.PackageRelationshipCollection.parseRelationshipsPart(PackageRelationshipCollection.java:309)
	at org.apache.poi.openxml4j.opc.PackageRelationshipCollection.<init>(PackageRelationshipCollection.java:160)
	at org.apache.poi.openxml4j.opc.PackageRelationshipCollection.<init>(PackageRelationshipCollection.java:116)
	at org.apache.poi.openxml4j.opc.OPCPackage.ensureRelationships(OPCPackage.java:1346)
	at org.apache.poi.openxml4j.opc.OPCPackage.getRelationshipsHelper(OPCPackage.java:1325)
	at org.apache.poi.openxml4j.opc.OPCPackage.getRelationshipsByType(OPCPackage.java:1313)
	at org.apache.poi.ooxml.POIXMLDocumentPart.getPartFromOPCPackage(POIXMLDocumentPart.java:743)
	at org.apache.poi.ooxml.POIXMLDocumentPart.<init>(POIXMLDocumentPart.java:151)
	at org.apache.poi.ooxml.POIXMLDocumentPart.<init>(POIXMLDocumentPart.java:141)
	at org.apache.poi.ooxml.POIXMLDocument.<init>(POIXMLDocument.java:60)
	at org.apache.poi.xssf.usermodel.XSSFWorkbook.<init>(XSSFWorkbook.java:254)
	at org.apache.poi.xssf.usermodel.XSSFWorkbook.<init>(XSSFWorkbook.java:290)
	at org.apache.poi.xssf.usermodel.XSSFWorkbook.<init>(XSSFWorkbook.java:286)
	at externalResources.ExcelDataRead.<init>(ExcelDataRead.java:22)
	at listeners.AnnotationsTransformer.toBeExecuted(AnnotationsTransformer.java:36)
	at listeners.AnnotationsTransformer.transform(AnnotationsTransformer.java:24)
	at org.testng.internal.annotations.JDK15AnnotationFinder.transform(JDK15AnnotationFinder.java:172)
	at org.testng.internal.annotations.JDK15AnnotationFinder.lambda$findAnnotation$0(JDK15AnnotationFinder.java:279)
	at java.base/java.util.concurrent.ConcurrentHashMap.computeIfAbsent(ConcurrentHashMap.java:1705)
	at org.testng.internal.annotations.JDK15AnnotationFinder.findAnnotation(JDK15AnnotationFinder.java:275)
	at org.testng.internal.annotations.JDK15AnnotationFinder.findAnnotation(JDK15AnnotationFinder.java:113)
	at org.testng.internal.TestNGClassFinder.isTestNGClass(TestNGClassFinder.java:275)
	at org.testng.internal.TestNGClassFinder.isNotTestNGClass(TestNGClassFinder.java:260)
	at org.testng.internal.TestNGClassFinder.processClass(TestNGClassFinder.java:94)
	at org.testng.internal.TestNGClassFinder.<init>(TestNGClassFinder.java:67)
	at org.testng.TestRunner.initMethods(TestRunner.java:442)
	at org.testng.TestRunner.init(TestRunner.java:336)
	at org.testng.TestRunner.init(TestRunner.java:289)
	at org.testng.TestRunner.<init>(TestRunner.java:179)
	at org.testng.SuiteRunner$DefaultTestRunnerFactory.newTestRunner(SuiteRunner.java:643)
	at org.testng.SuiteRunner.init(SuiteRunner.java:225)
	at org.testng.SuiteRunner.<init>(SuiteRunner.java:115)
	at org.testng.TestNG.createSuiteRunner(TestNG.java:1349)
	at org.testng.TestNG.createSuiteRunners(TestNG.java:1325)
	at org.testng.TestNG.runSuitesLocally(TestNG.java:1167)
	at org.testng.TestNG.runSuites(TestNG.java:1099)
	at org.testng.TestNG.run(TestNG.java:1067)
	at org.apache.maven.surefire.testng.TestNGExecutor.run(TestNGExecutor.java:324)
	at org.apache.maven.surefire.testng.TestNGXmlTestSuite.execute(TestNGXmlTestSuite.java:74)
	at org.apache.maven.surefire.testng.TestNGProvider.invoke(TestNGProvider.java:123)
	at org.apache.maven.surefire.booter.ForkedBooter.runSuitesInProcess(ForkedBooter.java:456)
	at org.apache.maven.surefire.booter.ForkedBooter.execute(ForkedBooter.java:169)
	at org.apache.maven.surefire.booter.ForkedBooter.run(ForkedBooter.java:595)
	at org.apache.maven.surefire.booter.ForkedBooter.main(ForkedBooter.java:581)

2023-02-13 11:57:16,309 main ERROR Unable to create file ./results/logs/${ctx:threadName}.log java.io.IOException: The filename, directory name, or volume label syntax is incorrect
	at java.base/java.io.WinNTFileSystem.canonicalize0(Native Method)
	at java.base/java.io.WinNTFileSystem.canonicalize(WinNTFileSystem.java:483)
	at java.base/java.io.File.getCanonicalPath(File.java:626)
	at java.base/java.io.File.getCanonicalFile(File.java:651)
	at org.apache.logging.log4j.core.util.FileUtils.makeParentDirs(FileUtils.java:139)
	at org.apache.logging.log4j.core.appender.rolling.RollingFileManager$RollingFileManagerFactory.createManager(RollingFileManager.java:734)
	at org.apache.logging.log4j.core.appender.rolling.RollingFileManager$RollingFileManagerFactory.createManager(RollingFileManager.java:718)
	at org.apache.logging.log4j.core.appender.AbstractManager.getManager(AbstractManager.java:144)
	at org.apache.logging.log4j.core.appender.OutputStreamManager.getManager(OutputStreamManager.java:100)
	at org.apache.logging.log4j.core.appender.rolling.RollingFileManager.getFileManager(RollingFileManager.java:217)
	at org.apache.logging.log4j.core.appender.RollingFileAppender$Builder.build(RollingFileAppender.java:135)
	at org.apache.logging.log4j.core.appender.RollingFileAppender$Builder.build(RollingFileAppender.java:62)
	at org.apache.logging.log4j.core.config.plugins.util.PluginBuilder.build(PluginBuilder.java:124)
	at org.apache.logging.log4j.core.config.AbstractConfiguration.createPluginObject(AbstractConfiguration.java:1138)
	at org.apache.logging.log4j.core.config.AbstractConfiguration.createConfiguration(AbstractConfiguration.java:1063)
	at org.apache.logging.log4j.core.appender.routing.RoutingAppender.createAppender(RoutingAppender.java:310)
	at org.apache.logging.log4j.core.appender.routing.RoutingAppender.getControl(RoutingAppender.java:282)
	at org.apache.logging.log4j.core.appender.routing.RoutingAppender.append(RoutingAppender.java:240)
	at org.apache.logging.log4j.core.config.AppenderControl.tryCallAppender(AppenderControl.java:161)
	at org.apache.logging.log4j.core.config.AppenderControl.callAppender0(AppenderControl.java:134)
	at org.apache.logging.log4j.core.config.AppenderControl.callAppenderPreventRecursion(AppenderControl.java:125)
	at org.apache.logging.log4j.core.config.AppenderControl.callAppender(AppenderControl.java:89)
	at org.apache.logging.log4j.core.config.LoggerConfig.callAppenders(LoggerConfig.java:683)
	at org.apache.logging.log4j.core.config.LoggerConfig.processLogEvent(LoggerConfig.java:641)
	at org.apache.logging.log4j.core.config.LoggerConfig.log(LoggerConfig.java:624)
	at org.apache.logging.log4j.core.config.LoggerConfig.log(LoggerConfig.java:560)
	at org.apache.logging.log4j.core.config.AwaitCompletionReliabilityStrategy.log(AwaitCompletionReliabilityStrategy.java:82)
	at org.apache.logging.log4j.core.Logger.log(Logger.java:162)
	at org.apache.logging.log4j.spi.AbstractLogger.logMessage(AbstractLogger.java:2106)
	at org.apache.logging.log4j.internal.DefaultLogBuilder.logMessage(DefaultLogBuilder.java:241)
	at org.apache.logging.log4j.internal.DefaultLogBuilder.log(DefaultLogBuilder.java:162)
	at org.apache.poi.ooxml.POIXMLFactory.createDocumentPart(POIXMLFactory.java:65)
	at org.apache.poi.ooxml.POIXMLDocumentPart.read(POIXMLDocumentPart.java:661)
	at org.apache.poi.ooxml.POIXMLDocumentPart.read(POIXMLDocumentPart.java:678)
	at org.apache.poi.ooxml.POIXMLDocument.load(POIXMLDocument.java:165)
	at org.apache.poi.xssf.usermodel.XSSFWorkbook.<init>(XSSFWorkbook.java:260)
	at org.apache.poi.xssf.usermodel.XSSFWorkbook.<init>(XSSFWorkbook.java:290)
	at org.apache.poi.xssf.usermodel.XSSFWorkbook.<init>(XSSFWorkbook.java:286)
	at externalResources.ExcelDataRead.<init>(ExcelDataRead.java:22)
	at listeners.AnnotationsTransformer.toBeExecuted(AnnotationsTransformer.java:36)
	at listeners.AnnotationsTransformer.transform(AnnotationsTransformer.java:24)
	at org.testng.internal.annotations.JDK15AnnotationFinder.transform(JDK15AnnotationFinder.java:172)
	at org.testng.internal.annotations.JDK15AnnotationFinder.lambda$findAnnotation$0(JDK15AnnotationFinder.java:279)
	at java.base/java.util.concurrent.ConcurrentHashMap.computeIfAbsent(ConcurrentHashMap.java:1705)
	at org.testng.internal.annotations.JDK15AnnotationFinder.findAnnotation(JDK15AnnotationFinder.java:275)
	at org.testng.internal.annotations.JDK15AnnotationFinder.findAnnotation(JDK15AnnotationFinder.java:113)
	at org.testng.internal.TestNGClassFinder.isTestNGClass(TestNGClassFinder.java:275)
	at org.testng.internal.TestNGClassFinder.isNotTestNGClass(TestNGClassFinder.java:260)
	at org.testng.internal.TestNGClassFinder.processClass(TestNGClassFinder.java:94)
	at org.testng.internal.TestNGClassFinder.<init>(TestNGClassFinder.java:67)
	at org.testng.TestRunner.initMethods(TestRunner.java:442)
	at org.testng.TestRunner.init(TestRunner.java:336)
	at org.testng.TestRunner.init(TestRunner.java:289)
	at org.testng.TestRunner.<init>(TestRunner.java:179)
	at org.testng.SuiteRunner$DefaultTestRunnerFactory.newTestRunner(SuiteRunner.java:643)
	at org.testng.SuiteRunner.init(SuiteRunner.java:225)
	at org.testng.SuiteRunner.<init>(SuiteRunner.java:115)
	at org.testng.TestNG.createSuiteRunner(TestNG.java:1349)
	at org.testng.TestNG.createSuiteRunners(TestNG.java:1325)
	at org.testng.TestNG.runSuitesLocally(TestNG.java:1167)
	at org.testng.TestNG.runSuites(TestNG.java:1099)
	at org.testng.TestNG.run(TestNG.java:1067)
	at org.apache.maven.surefire.testng.TestNGExecutor.run(TestNGExecutor.java:324)
	at org.apache.maven.surefire.testng.TestNGXmlTestSuite.execute(TestNGXmlTestSuite.java:74)
	at org.apache.maven.surefire.testng.TestNGProvider.invoke(TestNGProvider.java:123)
	at org.apache.maven.surefire.booter.ForkedBooter.runSuitesInProcess(ForkedBooter.java:456)
	at org.apache.maven.surefire.booter.ForkedBooter.execute(ForkedBooter.java:169)
	at org.apache.maven.surefire.booter.ForkedBooter.run(ForkedBooter.java:595)
	at org.apache.maven.surefire.booter.ForkedBooter.main(ForkedBooter.java:581)

2023-02-13 11:57:16,309 main ERROR Could not create plugin of type class org.apache.logging.log4j.core.appender.RollingFileAppender for element RollingFile: java.lang.IllegalStateException: ManagerFactory [org.apache.logging.log4j.core.appender.rolling.RollingFileManager$RollingFileManagerFactory@4e6d7365] unable to create manager for [./results/logs/${ctx:threadName}.log] with data [org.apache.logging.log4j.core.appender.rolling.RollingFileManager$FactoryData@4eb45fec[pattern=./results/logs/${ctx:threadName}-%d{yyyy-MM-dd}.log, append=true, bufferedIO=true, bufferSize=8192, policy=SizeBasedTriggeringPolicy(size=512000), strategy=DefaultRolloverStrategy(min=1, max=7, useMax=true), advertiseURI=null, layout=%d{HH:mm:ss.SSS} [%t] %-5level %logger{36} - %msg%n, filePermissions=null, fileOwner=null]] java.lang.IllegalStateException: ManagerFactory [org.apache.logging.log4j.core.appender.rolling.RollingFileManager$RollingFileManagerFactory@4e6d7365] unable to create manager for [./results/logs/${ctx:threadName}.log] with data [org.apache.logging.log4j.core.appender.rolling.RollingFileManager$FactoryData@4eb45fec[pattern=./results/logs/${ctx:threadName}-%d{yyyy-MM-dd}.log, append=true, bufferedIO=true, bufferSize=8192, policy=SizeBasedTriggeringPolicy(size=512000), strategy=DefaultRolloverStrategy(min=1, max=7, useMax=true), advertiseURI=null, layout=%d{HH:mm:ss.SSS} [%t] %-5level %logger{36} - %msg%n, filePermissions=null, fileOwner=null]]
	at org.apache.logging.log4j.core.appender.AbstractManager.getManager(AbstractManager.java:146)
	at org.apache.logging.log4j.core.appender.OutputStreamManager.getManager(OutputStreamManager.java:100)
	at org.apache.logging.log4j.core.appender.rolling.RollingFileManager.getFileManager(RollingFileManager.java:217)
	at org.apache.logging.log4j.core.appender.RollingFileAppender$Builder.build(RollingFileAppender.java:135)
	at org.apache.logging.log4j.core.appender.RollingFileAppender$Builder.build(RollingFileAppender.java:62)
	at org.apache.logging.log4j.core.config.plugins.util.PluginBuilder.build(PluginBuilder.java:124)
	at org.apache.logging.log4j.core.config.AbstractConfiguration.createPluginObject(AbstractConfiguration.java:1138)
	at org.apache.logging.log4j.core.config.AbstractConfiguration.createConfiguration(AbstractConfiguration.java:1063)
	at org.apache.logging.log4j.core.appender.routing.RoutingAppender.createAppender(RoutingAppender.java:310)
	at org.apache.logging.log4j.core.appender.routing.RoutingAppender.getControl(RoutingAppender.java:282)
	at org.apache.logging.log4j.core.appender.routing.RoutingAppender.append(RoutingAppender.java:240)
	at org.apache.logging.log4j.core.config.AppenderControl.tryCallAppender(AppenderControl.java:161)
	at org.apache.logging.log4j.core.config.AppenderControl.callAppender0(AppenderControl.java:134)
	at org.apache.logging.log4j.core.config.AppenderControl.callAppenderPreventRecursion(AppenderControl.java:125)
	at org.apache.logging.log4j.core.config.AppenderControl.callAppender(AppenderControl.java:89)
	at org.apache.logging.log4j.core.config.LoggerConfig.callAppenders(LoggerConfig.java:683)
	at org.apache.logging.log4j.core.config.LoggerConfig.processLogEvent(LoggerConfig.java:641)
	at org.apache.logging.log4j.core.config.LoggerConfig.log(LoggerConfig.java:624)
	at org.apache.logging.log4j.core.config.LoggerConfig.log(LoggerConfig.java:560)
	at org.apache.logging.log4j.core.config.AwaitCompletionReliabilityStrategy.log(AwaitCompletionReliabilityStrategy.java:82)
	at org.apache.logging.log4j.core.Logger.log(Logger.java:162)
	at org.apache.logging.log4j.spi.AbstractLogger.logMessage(AbstractLogger.java:2106)
	at org.apache.logging.log4j.internal.DefaultLogBuilder.logMessage(DefaultLogBuilder.java:241)
	at org.apache.logging.log4j.internal.DefaultLogBuilder.log(DefaultLogBuilder.java:162)
	at org.apache.poi.ooxml.POIXMLFactory.createDocumentPart(POIXMLFactory.java:65)
	at org.apache.poi.ooxml.POIXMLDocumentPart.read(POIXMLDocumentPart.java:661)
	at org.apache.poi.ooxml.POIXMLDocumentPart.read(POIXMLDocumentPart.java:678)
	at org.apache.poi.ooxml.POIXMLDocument.load(POIXMLDocument.java:165)
	at org.apache.poi.xssf.usermodel.XSSFWorkbook.<init>(XSSFWorkbook.java:260)
	at org.apache.poi.xssf.usermodel.XSSFWorkbook.<init>(XSSFWorkbook.java:290)
	at org.apache.poi.xssf.usermodel.XSSFWorkbook.<init>(XSSFWorkbook.java:286)
	at externalResources.ExcelDataRead.<init>(ExcelDataRead.java:22)
	at listeners.AnnotationsTransformer.toBeExecuted(AnnotationsTransformer.java:36)
	at listeners.AnnotationsTransformer.transform(AnnotationsTransformer.java:24)
	at org.testng.internal.annotations.JDK15AnnotationFinder.transform(JDK15AnnotationFinder.java:172)
	at org.testng.internal.annotations.JDK15AnnotationFinder.lambda$findAnnotation$0(JDK15AnnotationFinder.java:279)
	at java.base/java.util.concurrent.ConcurrentHashMap.computeIfAbsent(ConcurrentHashMap.java:1705)
	at org.testng.internal.annotations.JDK15AnnotationFinder.findAnnotation(JDK15AnnotationFinder.java:275)
	at org.testng.internal.annotations.JDK15AnnotationFinder.findAnnotation(JDK15AnnotationFinder.java:113)
	at org.testng.internal.TestNGClassFinder.isTestNGClass(TestNGClassFinder.java:275)
	at org.testng.internal.TestNGClassFinder.isNotTestNGClass(TestNGClassFinder.java:260)
	at org.testng.internal.TestNGClassFinder.processClass(TestNGClassFinder.java:94)
	at org.testng.internal.TestNGClassFinder.<init>(TestNGClassFinder.java:67)
	at org.testng.TestRunner.initMethods(TestRunner.java:442)
	at org.testng.TestRunner.init(TestRunner.java:336)
	at org.testng.TestRunner.init(TestRunner.java:289)
	at org.testng.TestRunner.<init>(TestRunner.java:179)
	at org.testng.SuiteRunner$DefaultTestRunnerFactory.newTestRunner(SuiteRunner.java:643)
	at org.testng.SuiteRunner.init(SuiteRunner.java:225)
	at org.testng.SuiteRunner.<init>(SuiteRunner.java:115)
	at org.testng.TestNG.createSuiteRunner(TestNG.java:1349)
	at org.testng.TestNG.createSuiteRunners(TestNG.java:1325)
	at org.testng.TestNG.runSuitesLocally(TestNG.java:1167)
	at org.testng.TestNG.runSuites(TestNG.java:1099)
	at org.testng.TestNG.run(TestNG.java:1067)
	at org.apache.maven.surefire.testng.TestNGExecutor.run(TestNGExecutor.java:324)
	at org.apache.maven.surefire.testng.TestNGXmlTestSuite.execute(TestNGXmlTestSuite.java:74)
	at org.apache.maven.surefire.testng.TestNGProvider.invoke(TestNGProvider.java:123)
	at org.apache.maven.surefire.booter.ForkedBooter.runSuitesInProcess(ForkedBooter.java:456)
	at org.apache.maven.surefire.booter.ForkedBooter.execute(ForkedBooter.java:169)
	at org.apache.maven.surefire.booter.ForkedBooter.run(ForkedBooter.java:595)
	at org.apache.maven.surefire.booter.ForkedBooter.main(ForkedBooter.java:581)

2023-02-13 11:57:16,310 main ERROR Unable to invoke factory method in class org.apache.logging.log4j.core.appender.RollingFileAppender for element RollingFile: java.lang.IllegalStateException: No factory method found for class org.apache.logging.log4j.core.appender.RollingFileAppender java.lang.IllegalStateException: No factory method found for class org.apache.logging.log4j.core.appender.RollingFileAppender
	at org.apache.logging.log4j.core.config.plugins.util.PluginBuilder.findFactoryMethod(PluginBuilder.java:260)
	at org.apache.logging.log4j.core.config.plugins.util.PluginBuilder.build(PluginBuilder.java:136)
	at org.apache.logging.log4j.core.config.AbstractConfiguration.createPluginObject(AbstractConfiguration.java:1138)
	at org.apache.logging.log4j.core.config.AbstractConfiguration.createConfiguration(AbstractConfiguration.java:1063)
	at org.apache.logging.log4j.core.appender.routing.RoutingAppender.createAppender(RoutingAppender.java:310)
	at org.apache.logging.log4j.core.appender.routing.RoutingAppender.getControl(RoutingAppender.java:282)
	at org.apache.logging.log4j.core.appender.routing.RoutingAppender.append(RoutingAppender.java:240)
	at org.apache.logging.log4j.core.config.AppenderControl.tryCallAppender(AppenderControl.java:161)
	at org.apache.logging.log4j.core.config.AppenderControl.callAppender0(AppenderControl.java:134)
	at org.apache.logging.log4j.core.config.AppenderControl.callAppenderPreventRecursion(AppenderControl.java:125)
	at org.apache.logging.log4j.core.config.AppenderControl.callAppender(AppenderControl.java:89)
	at org.apache.logging.log4j.core.config.LoggerConfig.callAppenders(LoggerConfig.java:683)
	at org.apache.logging.log4j.core.config.LoggerConfig.processLogEvent(LoggerConfig.java:641)
	at org.apache.logging.log4j.core.config.LoggerConfig.log(LoggerConfig.java:624)
	at org.apache.logging.log4j.core.config.LoggerConfig.log(LoggerConfig.java:560)
	at org.apache.logging.log4j.core.config.AwaitCompletionReliabilityStrategy.log(AwaitCompletionReliabilityStrategy.java:82)
	at org.apache.logging.log4j.core.Logger.log(Logger.java:162)
	at org.apache.logging.log4j.spi.AbstractLogger.logMessage(AbstractLogger.java:2106)
	at org.apache.logging.log4j.internal.DefaultLogBuilder.logMessage(DefaultLogBuilder.java:241)
	at org.apache.logging.log4j.internal.DefaultLogBuilder.log(DefaultLogBuilder.java:162)
	at org.apache.poi.ooxml.POIXMLFactory.createDocumentPart(POIXMLFactory.java:65)
	at org.apache.poi.ooxml.POIXMLDocumentPart.read(POIXMLDocumentPart.java:661)
	at org.apache.poi.ooxml.POIXMLDocumentPart.read(POIXMLDocumentPart.java:678)
	at org.apache.poi.ooxml.POIXMLDocument.load(POIXMLDocument.java:165)
	at org.apache.poi.xssf.usermodel.XSSFWorkbook.<init>(XSSFWorkbook.java:260)
	at org.apache.poi.xssf.usermodel.XSSFWorkbook.<init>(XSSFWorkbook.java:290)
	at org.apache.poi.xssf.usermodel.XSSFWorkbook.<init>(XSSFWorkbook.java:286)
	at externalResources.ExcelDataRead.<init>(ExcelDataRead.java:22)
	at listeners.AnnotationsTransformer.toBeExecuted(AnnotationsTransformer.java:36)
	at listeners.AnnotationsTransformer.transform(AnnotationsTransformer.java:24)
	at org.testng.internal.annotations.JDK15AnnotationFinder.transform(JDK15AnnotationFinder.java:172)
	at org.testng.internal.annotations.JDK15AnnotationFinder.lambda$findAnnotation$0(JDK15AnnotationFinder.java:279)
	at java.base/java.util.concurrent.ConcurrentHashMap.computeIfAbsent(ConcurrentHashMap.java:1705)
	at org.testng.internal.annotations.JDK15AnnotationFinder.findAnnotation(JDK15AnnotationFinder.java:275)
	at org.testng.internal.annotations.JDK15AnnotationFinder.findAnnotation(JDK15AnnotationFinder.java:113)
	at org.testng.internal.TestNGClassFinder.isTestNGClass(TestNGClassFinder.java:275)
	at org.testng.internal.TestNGClassFinder.isNotTestNGClass(TestNGClassFinder.java:260)
	at org.testng.internal.TestNGClassFinder.processClass(TestNGClassFinder.java:94)
	at org.testng.internal.TestNGClassFinder.<init>(TestNGClassFinder.java:67)
	at org.testng.TestRunner.initMethods(TestRunner.java:442)
	at org.testng.TestRunner.init(TestRunner.java:336)
	at org.testng.TestRunner.init(TestRunner.java:289)
	at org.testng.TestRunner.<init>(TestRunner.java:179)
	at org.testng.SuiteRunner$DefaultTestRunnerFactory.newTestRunner(SuiteRunner.java:643)
	at org.testng.SuiteRunner.init(SuiteRunner.java:225)
	at org.testng.SuiteRunner.<init>(SuiteRunner.java:115)
	at org.testng.TestNG.createSuiteRunner(TestNG.java:1349)
	at org.testng.TestNG.createSuiteRunners(TestNG.java:1325)
	at org.testng.TestNG.runSuitesLocally(TestNG.java:1167)
	at org.testng.TestNG.runSuites(TestNG.java:1099)
	at org.testng.TestNG.run(TestNG.java:1067)
	at org.apache.maven.surefire.testng.TestNGExecutor.run(TestNGExecutor.java:324)
	at org.apache.maven.surefire.testng.TestNGXmlTestSuite.execute(TestNGXmlTestSuite.java:74)
	at org.apache.maven.surefire.testng.TestNGProvider.invoke(TestNGProvider.java:123)
	at org.apache.maven.surefire.booter.ForkedBooter.runSuitesInProcess(ForkedBooter.java:456)
	at org.apache.maven.surefire.booter.ForkedBooter.execute(ForkedBooter.java:169)
	at org.apache.maven.surefire.booter.ForkedBooter.run(ForkedBooter.java:595)
	at org.apache.maven.surefire.booter.ForkedBooter.main(ForkedBooter.java:581)

2023-02-13 11:57:16,311 main ERROR Unable to create file ./results/logs/${ctx:threadName}.log java.io.IOException: The filename, directory name, or volume label syntax is incorrect
	at java.base/java.io.WinNTFileSystem.canonicalize0(Native Method)
	at java.base/java.io.WinNTFileSystem.canonicalize(WinNTFileSystem.java:483)
	at java.base/java.io.File.getCanonicalPath(File.java:626)
	at java.base/java.io.File.getCanonicalFile(File.java:651)
	at org.apache.logging.log4j.core.util.FileUtils.makeParentDirs(FileUtils.java:139)
	at org.apache.logging.log4j.core.appender.rolling.RollingFileManager$RollingFileManagerFactory.createManager(RollingFileManager.java:734)
	at org.apache.logging.log4j.core.appender.rolling.RollingFileManager$RollingFileManagerFactory.createManager(RollingFileManager.java:718)
	at org.apache.logging.log4j.core.appender.AbstractManager.getManager(AbstractManager.java:144)
	at org.apache.logging.log4j.core.appender.OutputStreamManager.getManager(OutputStreamManager.java:100)
	at org.apache.logging.log4j.core.appender.rolling.RollingFileManager.getFileManager(RollingFileManager.java:217)
	at org.apache.logging.log4j.core.appender.RollingFileAppender$Builder.build(RollingFileAppender.java:135)
	at org.apache.logging.log4j.core.appender.RollingFileAppender$Builder.build(RollingFileAppender.java:62)
	at org.apache.logging.log4j.core.config.plugins.util.PluginBuilder.build(PluginBuilder.java:124)
	at org.apache.logging.log4j.core.config.AbstractConfiguration.createPluginObject(AbstractConfiguration.java:1138)
	at org.apache.logging.log4j.core.config.AbstractConfiguration.createConfiguration(AbstractConfiguration.java:1063)
	at org.apache.logging.log4j.core.appender.routing.RoutingAppender.createAppender(RoutingAppender.java:310)
	at org.apache.logging.log4j.core.appender.routing.RoutingAppender.getControl(RoutingAppender.java:282)
	at org.apache.logging.log4j.core.appender.routing.RoutingAppender.append(RoutingAppender.java:240)
	at org.apache.logging.log4j.core.config.AppenderControl.tryCallAppender(AppenderControl.java:161)
	at org.apache.logging.log4j.core.config.AppenderControl.callAppender0(AppenderControl.java:134)
	at org.apache.logging.log4j.core.config.AppenderControl.callAppenderPreventRecursion(AppenderControl.java:125)
	at org.apache.logging.log4j.core.config.AppenderControl.callAppender(AppenderControl.java:89)
	at org.apache.logging.log4j.core.config.LoggerConfig.callAppenders(LoggerConfig.java:683)
	at org.apache.logging.log4j.core.config.LoggerConfig.processLogEvent(LoggerConfig.java:641)
	at org.apache.logging.log4j.core.config.LoggerConfig.log(LoggerConfig.java:624)
	at org.apache.logging.log4j.core.config.LoggerConfig.log(LoggerConfig.java:560)
	at org.apache.logging.log4j.core.config.AwaitCompletionReliabilityStrategy.log(AwaitCompletionReliabilityStrategy.java:82)
	at org.apache.logging.log4j.core.Logger.log(Logger.java:162)
	at org.apache.logging.log4j.spi.AbstractLogger.logMessage(AbstractLogger.java:2106)
	at org.apache.logging.log4j.internal.DefaultLogBuilder.logMessage(DefaultLogBuilder.java:241)
	at org.apache.logging.log4j.internal.DefaultLogBuilder.log(DefaultLogBuilder.java:162)
	at org.apache.poi.ooxml.POIXMLFactory.createDocumentPart(POIXMLFactory.java:65)
	at org.apache.poi.ooxml.POIXMLDocumentPart.read(POIXMLDocumentPart.java:661)
	at org.apache.poi.ooxml.POIXMLDocumentPart.read(POIXMLDocumentPart.java:678)
	at org.apache.poi.ooxml.POIXMLDocument.load(POIXMLDocument.java:165)
	at org.apache.poi.xssf.usermodel.XSSFWorkbook.<init>(XSSFWorkbook.java:260)
	at org.apache.poi.xssf.usermodel.XSSFWorkbook.<init>(XSSFWorkbook.java:290)
	at org.apache.poi.xssf.usermodel.XSSFWorkbook.<init>(XSSFWorkbook.java:286)
	at externalResources.ExcelDataRead.<init>(ExcelDataRead.java:22)
	at listeners.AnnotationsTransformer.toBeExecuted(AnnotationsTransformer.java:36)
	at listeners.AnnotationsTransformer.transform(AnnotationsTransformer.java:24)
	at org.testng.internal.annotations.JDK15AnnotationFinder.transform(JDK15AnnotationFinder.java:172)
	at org.testng.internal.annotations.JDK15AnnotationFinder.lambda$findAnnotation$0(JDK15AnnotationFinder.java:279)
	at java.base/java.util.concurrent.ConcurrentHashMap.computeIfAbsent(ConcurrentHashMap.java:1705)
	at org.testng.internal.annotations.JDK15AnnotationFinder.findAnnotation(JDK15AnnotationFinder.java:275)
	at org.testng.internal.annotations.JDK15AnnotationFinder.findAnnotation(JDK15AnnotationFinder.java:113)
	at org.testng.internal.TestNGClassFinder.isTestNGClass(TestNGClassFinder.java:275)
	at org.testng.internal.TestNGClassFinder.isNotTestNGClass(TestNGClassFinder.java:260)
	at org.testng.internal.TestNGClassFinder.processClass(TestNGClassFinder.java:94)
	at org.testng.internal.TestNGClassFinder.<init>(TestNGClassFinder.java:67)
	at org.testng.TestRunner.initMethods(TestRunner.java:442)
	at org.testng.TestRunner.init(TestRunner.java:336)
	at org.testng.TestRunner.init(TestRunner.java:289)
	at org.testng.TestRunner.<init>(TestRunner.java:179)
	at org.testng.SuiteRunner$DefaultTestRunnerFactory.newTestRunner(SuiteRunner.java:643)
	at org.testng.SuiteRunner.init(SuiteRunner.java:225)
	at org.testng.SuiteRunner.<init>(SuiteRunner.java:115)
	at org.testng.TestNG.createSuiteRunner(TestNG.java:1349)
	at org.testng.TestNG.createSuiteRunners(TestNG.java:1325)
	at org.testng.TestNG.runSuitesLocally(TestNG.java:1167)
	at org.testng.TestNG.runSuites(TestNG.java:1099)
	at org.testng.TestNG.run(TestNG.java:1067)
	at org.apache.maven.surefire.testng.TestNGExecutor.run(TestNGExecutor.java:324)
	at org.apache.maven.surefire.testng.TestNGXmlTestSuite.execute(TestNGXmlTestSuite.java:74)
	at org.apache.maven.surefire.testng.TestNGProvider.invoke(TestNGProvider.java:123)
	at org.apache.maven.surefire.booter.ForkedBooter.runSuitesInProcess(ForkedBooter.java:456)
	at org.apache.maven.surefire.booter.ForkedBooter.execute(ForkedBooter.java:169)
	at org.apache.maven.surefire.booter.ForkedBooter.run(ForkedBooter.java:595)
	at org.apache.maven.surefire.booter.ForkedBooter.main(ForkedBooter.java:581)

2023-02-13 11:57:16,312 main ERROR Could not create plugin of type class org.apache.logging.log4j.core.appender.RollingFileAppender for element RollingFile: java.lang.IllegalStateException: ManagerFactory [org.apache.logging.log4j.core.appender.rolling.RollingFileManager$RollingFileManagerFactory@4e6d7365] unable to create manager for [./results/logs/${ctx:threadName}.log] with data [org.apache.logging.log4j.core.appender.rolling.RollingFileManager$FactoryData@588307f7[pattern=./results/logs/${ctx:threadName}-%d{yyyy-MM-dd}.log, append=true, bufferedIO=true, bufferSize=8192, policy=SizeBasedTriggeringPolicy(size=512000), strategy=DefaultRolloverStrategy(min=1, max=7, useMax=true), advertiseURI=null, layout=%d{HH:mm:ss.SSS} [%t] %-5level %logger{36} - %msg%n, filePermissions=null, fileOwner=null]] java.lang.IllegalStateException: ManagerFactory [org.apache.logging.log4j.core.appender.rolling.RollingFileManager$RollingFileManagerFactory@4e6d7365] unable to create manager for [./results/logs/${ctx:threadName}.log] with data [org.apache.logging.log4j.core.appender.rolling.RollingFileManager$FactoryData@588307f7[pattern=./results/logs/${ctx:threadName}-%d{yyyy-MM-dd}.log, append=true, bufferedIO=true, bufferSize=8192, policy=SizeBasedTriggeringPolicy(size=512000), strategy=DefaultRolloverStrategy(min=1, max=7, useMax=true), advertiseURI=null, layout=%d{HH:mm:ss.SSS} [%t] %-5level %logger{36} - %msg%n, filePermissions=null, fileOwner=null]]
	at org.apache.logging.log4j.core.appender.AbstractManager.getManager(AbstractManager.java:146)
	at org.apache.logging.log4j.core.appender.OutputStreamManager.getManager(OutputStreamManager.java:100)
	at org.apache.logging.log4j.core.appender.rolling.RollingFileManager.getFileManager(RollingFileManager.java:217)
	at org.apache.logging.log4j.core.appender.RollingFileAppender$Builder.build(RollingFileAppender.java:135)
	at org.apache.logging.log4j.core.appender.RollingFileAppender$Builder.build(RollingFileAppender.java:62)
	at org.apache.logging.log4j.core.config.plugins.util.PluginBuilder.build(PluginBuilder.java:124)
	at org.apache.logging.log4j.core.config.AbstractConfiguration.createPluginObject(AbstractConfiguration.java:1138)
	at org.apache.logging.log4j.core.config.AbstractConfiguration.createConfiguration(AbstractConfiguration.java:1063)
	at org.apache.logging.log4j.core.appender.routing.RoutingAppender.createAppender(RoutingAppender.java:310)
	at org.apache.logging.log4j.core.appender.routing.RoutingAppender.getControl(RoutingAppender.java:282)
	at org.apache.logging.log4j.core.appender.routing.RoutingAppender.append(RoutingAppender.java:240)
	at org.apache.logging.log4j.core.config.AppenderControl.tryCallAppender(AppenderControl.java:161)
	at org.apache.logging.log4j.core.config.AppenderControl.callAppender0(AppenderControl.java:134)
	at org.apache.logging.log4j.core.config.AppenderControl.callAppenderPreventRecursion(AppenderControl.java:125)
	at org.apache.logging.log4j.core.config.AppenderControl.callAppender(AppenderControl.java:89)
	at org.apache.logging.log4j.core.config.LoggerConfig.callAppenders(LoggerConfig.java:683)
	at org.apache.logging.log4j.core.config.LoggerConfig.processLogEvent(LoggerConfig.java:641)
	at org.apache.logging.log4j.core.config.LoggerConfig.log(LoggerConfig.java:624)
	at org.apache.logging.log4j.core.config.LoggerConfig.log(LoggerConfig.java:560)
	at org.apache.logging.log4j.core.config.AwaitCompletionReliabilityStrategy.log(AwaitCompletionReliabilityStrategy.java:82)
	at org.apache.logging.log4j.core.Logger.log(Logger.java:162)
	at org.apache.logging.log4j.spi.AbstractLogger.logMessage(AbstractLogger.java:2106)
	at org.apache.logging.log4j.internal.DefaultLogBuilder.logMessage(DefaultLogBuilder.java:241)
	at org.apache.logging.log4j.internal.DefaultLogBuilder.log(DefaultLogBuilder.java:162)
	at org.apache.poi.ooxml.POIXMLFactory.createDocumentPart(POIXMLFactory.java:65)
	at org.apache.poi.ooxml.POIXMLDocumentPart.read(POIXMLDocumentPart.java:661)
	at org.apache.poi.ooxml.POIXMLDocumentPart.read(POIXMLDocumentPart.java:678)
	at org.apache.poi.ooxml.POIXMLDocument.load(POIXMLDocument.java:165)
	at org.apache.poi.xssf.usermodel.XSSFWorkbook.<init>(XSSFWorkbook.java:260)
	at org.apache.poi.xssf.usermodel.XSSFWorkbook.<init>(XSSFWorkbook.java:290)
	at org.apache.poi.xssf.usermodel.XSSFWorkbook.<init>(XSSFWorkbook.java:286)
	at externalResources.ExcelDataRead.<init>(ExcelDataRead.java:22)
	at listeners.AnnotationsTransformer.toBeExecuted(AnnotationsTransformer.java:36)
	at listeners.AnnotationsTransformer.transform(AnnotationsTransformer.java:24)
	at org.testng.internal.annotations.JDK15AnnotationFinder.transform(JDK15AnnotationFinder.java:172)
	at org.testng.internal.annotations.JDK15AnnotationFinder.lambda$findAnnotation$0(JDK15AnnotationFinder.java:279)
	at java.base/java.util.concurrent.ConcurrentHashMap.computeIfAbsent(ConcurrentHashMap.java:1705)
	at org.testng.internal.annotations.JDK15AnnotationFinder.findAnnotation(JDK15AnnotationFinder.java:275)
	at org.testng.internal.annotations.JDK15AnnotationFinder.findAnnotation(JDK15AnnotationFinder.java:113)
	at org.testng.internal.TestNGClassFinder.isTestNGClass(TestNGClassFinder.java:275)
	at org.testng.internal.TestNGClassFinder.isNotTestNGClass(TestNGClassFinder.java:260)
	at org.testng.internal.TestNGClassFinder.processClass(TestNGClassFinder.java:94)
	at org.testng.internal.TestNGClassFinder.<init>(TestNGClassFinder.java:67)
	at org.testng.TestRunner.initMethods(TestRunner.java:442)
	at org.testng.TestRunner.init(TestRunner.java:336)
	at org.testng.TestRunner.init(TestRunner.java:289)
	at org.testng.TestRunner.<init>(TestRunner.java:179)
	at org.testng.SuiteRunner$DefaultTestRunnerFactory.newTestRunner(SuiteRunner.java:643)
	at org.testng.SuiteRunner.init(SuiteRunner.java:225)
	at org.testng.SuiteRunner.<init>(SuiteRunner.java:115)
	at org.testng.TestNG.createSuiteRunner(TestNG.java:1349)
	at org.testng.TestNG.createSuiteRunners(TestNG.java:1325)
	at org.testng.TestNG.runSuitesLocally(TestNG.java:1167)
	at org.testng.TestNG.runSuites(TestNG.java:1099)
	at org.testng.TestNG.run(TestNG.java:1067)
	at org.apache.maven.surefire.testng.TestNGExecutor.run(TestNGExecutor.java:324)
	at org.apache.maven.surefire.testng.TestNGXmlTestSuite.execute(TestNGXmlTestSuite.java:74)
	at org.apache.maven.surefire.testng.TestNGProvider.invoke(TestNGProvider.java:123)
	at org.apache.maven.surefire.booter.ForkedBooter.runSuitesInProcess(ForkedBooter.java:456)
	at org.apache.maven.surefire.booter.ForkedBooter.execute(ForkedBooter.java:169)
	at org.apache.maven.surefire.booter.ForkedBooter.run(ForkedBooter.java:595)
	at org.apache.maven.surefire.booter.ForkedBooter.main(ForkedBooter.java:581)

2023-02-13 11:57:16,312 main ERROR Unable to invoke factory method in class org.apache.logging.log4j.core.appender.RollingFileAppender for element RollingFile: java.lang.IllegalStateException: No factory method found for class org.apache.logging.log4j.core.appender.RollingFileAppender java.lang.IllegalStateException: No factory method found for class org.apache.logging.log4j.core.appender.RollingFileAppender
	at org.apache.logging.log4j.core.config.plugins.util.PluginBuilder.findFactoryMethod(PluginBuilder.java:260)
	at org.apache.logging.log4j.core.config.plugins.util.PluginBuilder.build(PluginBuilder.java:136)
	at org.apache.logging.log4j.core.config.AbstractConfiguration.createPluginObject(AbstractConfiguration.java:1138)
	at org.apache.logging.log4j.core.config.AbstractConfiguration.createConfiguration(AbstractConfiguration.java:1063)
	at org.apache.logging.log4j.core.appender.routing.RoutingAppender.createAppender(RoutingAppender.java:310)
	at org.apache.logging.log4j.core.appender.routing.RoutingAppender.getControl(RoutingAppender.java:282)
	at org.apache.logging.log4j.core.appender.routing.RoutingAppender.append(RoutingAppender.java:240)
	at org.apache.logging.log4j.core.config.AppenderControl.tryCallAppender(AppenderControl.java:161)
	at org.apache.logging.log4j.core.config.AppenderControl.callAppender0(AppenderControl.java:134)
	at org.apache.logging.log4j.core.config.AppenderControl.callAppenderPreventRecursion(AppenderControl.java:125)
	at org.apache.logging.log4j.core.config.AppenderControl.callAppender(AppenderControl.java:89)
	at org.apache.logging.log4j.core.config.LoggerConfig.callAppenders(LoggerConfig.java:683)
	at org.apache.logging.log4j.core.config.LoggerConfig.processLogEvent(LoggerConfig.java:641)
	at org.apache.logging.log4j.core.config.LoggerConfig.log(LoggerConfig.java:624)
	at org.apache.logging.log4j.core.config.LoggerConfig.log(LoggerConfig.java:560)
	at org.apache.logging.log4j.core.config.AwaitCompletionReliabilityStrategy.log(AwaitCompletionReliabilityStrategy.java:82)
	at org.apache.logging.log4j.core.Logger.log(Logger.java:162)
	at org.apache.logging.log4j.spi.AbstractLogger.logMessage(AbstractLogger.java:2106)
	at org.apache.logging.log4j.internal.DefaultLogBuilder.logMessage(DefaultLogBuilder.java:241)
	at org.apache.logging.log4j.internal.DefaultLogBuilder.log(DefaultLogBuilder.java:162)
	at org.apache.poi.ooxml.POIXMLFactory.createDocumentPart(POIXMLFactory.java:65)
	at org.apache.poi.ooxml.POIXMLDocumentPart.read(POIXMLDocumentPart.java:661)
	at org.apache.poi.ooxml.POIXMLDocumentPart.read(POIXMLDocumentPart.java:678)
	at org.apache.poi.ooxml.POIXMLDocument.load(POIXMLDocument.java:165)
	at org.apache.poi.xssf.usermodel.XSSFWorkbook.<init>(XSSFWorkbook.java:260)
	at org.apache.poi.xssf.usermodel.XSSFWorkbook.<init>(XSSFWorkbook.java:290)
	at org.apache.poi.xssf.usermodel.XSSFWorkbook.<init>(XSSFWorkbook.java:286)
	at externalResources.ExcelDataRead.<init>(ExcelDataRead.java:22)
	at listeners.AnnotationsTransformer.toBeExecuted(AnnotationsTransformer.java:36)
	at listeners.AnnotationsTransformer.transform(AnnotationsTransformer.java:24)
	at org.testng.internal.annotations.JDK15AnnotationFinder.transform(JDK15AnnotationFinder.java:172)
	at org.testng.internal.annotations.JDK15AnnotationFinder.lambda$findAnnotation$0(JDK15AnnotationFinder.java:279)
	at java.base/java.util.concurrent.ConcurrentHashMap.computeIfAbsent(ConcurrentHashMap.java:1705)
	at org.testng.internal.annotations.JDK15AnnotationFinder.findAnnotation(JDK15AnnotationFinder.java:275)
	at org.testng.internal.annotations.JDK15AnnotationFinder.findAnnotation(JDK15AnnotationFinder.java:113)
	at org.testng.internal.TestNGClassFinder.isTestNGClass(TestNGClassFinder.java:275)
	at org.testng.internal.TestNGClassFinder.isNotTestNGClass(TestNGClassFinder.java:260)
	at org.testng.internal.TestNGClassFinder.processClass(TestNGClassFinder.java:94)
	at org.testng.internal.TestNGClassFinder.<init>(TestNGClassFinder.java:67)
	at org.testng.TestRunner.initMethods(TestRunner.java:442)
	at org.testng.TestRunner.init(TestRunner.java:336)
	at org.testng.TestRunner.init(TestRunner.java:289)
	at org.testng.TestRunner.<init>(TestRunner.java:179)
	at org.testng.SuiteRunner$DefaultTestRunnerFactory.newTestRunner(SuiteRunner.java:643)
	at org.testng.SuiteRunner.init(SuiteRunner.java:225)
	at org.testng.SuiteRunner.<init>(SuiteRunner.java:115)
	at org.testng.TestNG.createSuiteRunner(TestNG.java:1349)
	at org.testng.TestNG.createSuiteRunners(TestNG.java:1325)
	at org.testng.TestNG.runSuitesLocally(TestNG.java:1167)
	at org.testng.TestNG.runSuites(TestNG.java:1099)
	at org.testng.TestNG.run(TestNG.java:1067)
	at org.apache.maven.surefire.testng.TestNGExecutor.run(TestNGExecutor.java:324)
	at org.apache.maven.surefire.testng.TestNGXmlTestSuite.execute(TestNGXmlTestSuite.java:74)
	at org.apache.maven.surefire.testng.TestNGProvider.invoke(TestNGProvider.java:123)
	at org.apache.maven.surefire.booter.ForkedBooter.runSuitesInProcess(ForkedBooter.java:456)
	at org.apache.maven.surefire.booter.ForkedBooter.execute(ForkedBooter.java:169)
	at org.apache.maven.surefire.booter.ForkedBooter.run(ForkedBooter.java:595)
	at org.apache.maven.surefire.booter.ForkedBooter.main(ForkedBooter.java:581)

2023-02-13 11:57:16,333 main ERROR Unable to create file ./results/logs/${ctx:threadName}.log java.io.IOException: The filename, directory name, or volume label syntax is incorrect
	at java.base/java.io.WinNTFileSystem.canonicalize0(Native Method)
	at java.base/java.io.WinNTFileSystem.canonicalize(WinNTFileSystem.java:483)
	at java.base/java.io.File.getCanonicalPath(File.java:626)
	at java.base/java.io.File.getCanonicalFile(File.java:651)
	at org.apache.logging.log4j.core.util.FileUtils.makeParentDirs(FileUtils.java:139)
	at org.apache.logging.log4j.core.appender.rolling.RollingFileManager$RollingFileManagerFactory.createManager(RollingFileManager.java:734)
	at org.apache.logging.log4j.core.appender.rolling.RollingFileManager$RollingFileManagerFactory.createManager(RollingFileManager.java:718)
	at org.apache.logging.log4j.core.appender.AbstractManager.getManager(AbstractManager.java:144)
	at org.apache.logging.log4j.core.appender.OutputStreamManager.getManager(OutputStreamManager.java:100)
	at org.apache.logging.log4j.core.appender.rolling.RollingFileManager.getFileManager(RollingFileManager.java:217)
	at org.apache.logging.log4j.core.appender.RollingFileAppender$Builder.build(RollingFileAppender.java:135)
	at org.apache.logging.log4j.core.appender.RollingFileAppender$Builder.build(RollingFileAppender.java:62)
	at org.apache.logging.log4j.core.config.plugins.util.PluginBuilder.build(PluginBuilder.java:124)
	at org.apache.logging.log4j.core.config.AbstractConfiguration.createPluginObject(AbstractConfiguration.java:1138)
	at org.apache.logging.log4j.core.config.AbstractConfiguration.createConfiguration(AbstractConfiguration.java:1063)
	at org.apache.logging.log4j.core.appender.routing.RoutingAppender.createAppender(RoutingAppender.java:310)
	at org.apache.logging.log4j.core.appender.routing.RoutingAppender.getControl(RoutingAppender.java:282)
	at org.apache.logging.log4j.core.appender.routing.RoutingAppender.append(RoutingAppender.java:240)
	at org.apache.logging.log4j.core.config.AppenderControl.tryCallAppender(AppenderControl.java:161)
	at org.apache.logging.log4j.core.config.AppenderControl.callAppender0(AppenderControl.java:134)
	at org.apache.logging.log4j.core.config.AppenderControl.callAppenderPreventRecursion(AppenderControl.java:125)
	at org.apache.logging.log4j.core.config.AppenderControl.callAppender(AppenderControl.java:89)
	at org.apache.logging.log4j.core.config.LoggerConfig.callAppenders(LoggerConfig.java:683)
	at org.apache.logging.log4j.core.config.LoggerConfig.processLogEvent(LoggerConfig.java:641)
	at org.apache.logging.log4j.core.config.LoggerConfig.log(LoggerConfig.java:624)
	at org.apache.logging.log4j.core.config.LoggerConfig.log(LoggerConfig.java:560)
	at org.apache.logging.log4j.core.config.AwaitCompletionReliabilityStrategy.log(AwaitCompletionReliabilityStrategy.java:82)
	at org.apache.logging.log4j.core.Logger.log(Logger.java:162)
	at org.apache.logging.log4j.spi.AbstractLogger.logMessage(AbstractLogger.java:2106)
	at org.apache.logging.log4j.internal.DefaultLogBuilder.logMessage(DefaultLogBuilder.java:241)
	at org.apache.logging.log4j.internal.DefaultLogBuilder.log(DefaultLogBuilder.java:162)
	at org.apache.poi.openxml4j.opc.PackageRelationshipCollection.parseRelationshipsPart(PackageRelationshipCollection.java:309)
	at org.apache.poi.openxml4j.opc.PackageRelationshipCollection.<init>(PackageRelationshipCollection.java:160)
	at org.apache.poi.openxml4j.opc.PackageRelationshipCollection.<init>(PackageRelationshipCollection.java:130)
	at org.apache.poi.openxml4j.opc.PackagePart.loadRelationships(PackagePart.java:565)
	at org.apache.poi.openxml4j.opc.OPCPackage.getParts(OPCPackage.java:751)
	at org.apache.poi.openxml4j.opc.OPCPackage.open(OPCPackage.java:322)
	at org.apache.poi.ooxml.util.PackageHelper.open(PackageHelper.java:59)
	at org.apache.poi.xssf.usermodel.XSSFWorkbook.<init>(XSSFWorkbook.java:290)
	at org.apache.poi.xssf.usermodel.XSSFWorkbook.<init>(XSSFWorkbook.java:286)
	at externalResources.ExcelDataRead.<init>(ExcelDataRead.java:22)
	at listeners.AnnotationsTransformer.toBeExecuted(AnnotationsTransformer.java:36)
	at listeners.AnnotationsTransformer.transform(AnnotationsTransformer.java:24)
	at org.testng.internal.annotations.JDK15AnnotationFinder.transform(JDK15AnnotationFinder.java:172)
	at org.testng.internal.annotations.JDK15AnnotationFinder.lambda$findAnnotation$0(JDK15AnnotationFinder.java:279)
	at java.base/java.util.concurrent.ConcurrentHashMap.computeIfAbsent(ConcurrentHashMap.java:1705)
	at org.testng.internal.annotations.JDK15AnnotationFinder.findAnnotation(JDK15AnnotationFinder.java:275)
	at org.testng.internal.annotations.JDK15AnnotationFinder.findAnnotation(JDK15AnnotationFinder.java:113)
	at org.testng.internal.TestNGClassFinder.isTestNGClass(TestNGClassFinder.java:275)
	at org.testng.internal.TestNGClassFinder.isNotTestNGClass(TestNGClassFinder.java:260)
	at org.testng.internal.TestNGClassFinder.processClass(TestNGClassFinder.java:94)
	at org.testng.internal.TestNGClassFinder.<init>(TestNGClassFinder.java:67)
	at org.testng.TestRunner.initMethods(TestRunner.java:442)
	at org.testng.TestRunner.init(TestRunner.java:336)
	at org.testng.TestRunner.init(TestRunner.java:289)
	at org.testng.TestRunner.<init>(TestRunner.java:179)
	at org.testng.SuiteRunner$DefaultTestRunnerFactory.newTestRunner(SuiteRunner.java:643)
	at org.testng.SuiteRunner.init(SuiteRunner.java:225)
	at org.testng.SuiteRunner.<init>(SuiteRunner.java:115)
	at org.testng.TestNG.createSuiteRunner(TestNG.java:1349)
	at org.testng.TestNG.createSuiteRunners(TestNG.java:1325)
	at org.testng.TestNG.runSuitesLocally(TestNG.java:1167)
	at org.testng.TestNG.runSuites(TestNG.java:1099)
	at org.testng.TestNG.run(TestNG.java:1067)
	at org.apache.maven.surefire.testng.TestNGExecutor.run(TestNGExecutor.java:324)
	at org.apache.maven.surefire.testng.TestNGXmlTestSuite.execute(TestNGXmlTestSuite.java:74)
	at org.apache.maven.surefire.testng.TestNGProvider.invoke(TestNGProvider.java:123)
	at org.apache.maven.surefire.booter.ForkedBooter.runSuitesInProcess(ForkedBooter.java:456)
	at org.apache.maven.surefire.booter.ForkedBooter.execute(ForkedBooter.java:169)
	at org.apache.maven.surefire.booter.ForkedBooter.run(ForkedBooter.java:595)
	at org.apache.maven.surefire.booter.ForkedBooter.main(ForkedBooter.java:581)

2023-02-13 11:57:16,333 main ERROR Could not create plugin of type class org.apache.logging.log4j.core.appender.RollingFileAppender for element RollingFile: java.lang.IllegalStateException: ManagerFactory [org.apache.logging.log4j.core.appender.rolling.RollingFileManager$RollingFileManagerFactory@4e6d7365] unable to create manager for [./results/logs/${ctx:threadName}.log] with data [org.apache.logging.log4j.core.appender.rolling.RollingFileManager$FactoryData@58b71ceb[pattern=./results/logs/${ctx:threadName}-%d{yyyy-MM-dd}.log, append=true, bufferedIO=true, bufferSize=8192, policy=SizeBasedTriggeringPolicy(size=512000), strategy=DefaultRolloverStrategy(min=1, max=7, useMax=true), advertiseURI=null, layout=%d{HH:mm:ss.SSS} [%t] %-5level %logger{36} - %msg%n, filePermissions=null, fileOwner=null]] java.lang.IllegalStateException: ManagerFactory [org.apache.logging.log4j.core.appender.rolling.RollingFileManager$RollingFileManagerFactory@4e6d7365] unable to create manager for [./results/logs/${ctx:threadName}.log] with data [org.apache.logging.log4j.core.appender.rolling.RollingFileManager$FactoryData@58b71ceb[pattern=./results/logs/${ctx:threadName}-%d{yyyy-MM-dd}.log, append=true, bufferedIO=true, bufferSize=8192, policy=SizeBasedTriggeringPolicy(size=512000), strategy=DefaultRolloverStrategy(min=1, max=7, useMax=true), advertiseURI=null, layout=%d{HH:mm:ss.SSS} [%t] %-5level %logger{36} - %msg%n, filePermissions=null, fileOwner=null]]
	at org.apache.logging.log4j.core.appender.AbstractManager.getManager(AbstractManager.java:146)
	at org.apache.logging.log4j.core.appender.OutputStreamManager.getManager(OutputStreamManager.java:100)
	at org.apache.logging.log4j.core.appender.rolling.RollingFileManager.getFileManager(RollingFileManager.java:217)
	at org.apache.logging.log4j.core.appender.RollingFileAppender$Builder.build(RollingFileAppender.java:135)
	at org.apache.logging.log4j.core.appender.RollingFileAppender$Builder.build(RollingFileAppender.java:62)
	at org.apache.logging.log4j.core.config.plugins.util.PluginBuilder.build(PluginBuilder.java:124)
	at org.apache.logging.log4j.core.config.AbstractConfiguration.createPluginObject(AbstractConfiguration.java:1138)
	at org.apache.logging.log4j.core.config.AbstractConfiguration.createConfiguration(AbstractConfiguration.java:1063)
	at org.apache.logging.log4j.core.appender.routing.RoutingAppender.createAppender(RoutingAppender.java:310)
	at org.apache.logging.log4j.core.appender.routing.RoutingAppender.getControl(RoutingAppender.java:282)
	at org.apache.logging.log4j.core.appender.routing.RoutingAppender.append(RoutingAppender.java:240)
	at org.apache.logging.log4j.core.config.AppenderControl.tryCallAppender(AppenderControl.java:161)
	at org.apache.logging.log4j.core.config.AppenderControl.callAppender0(AppenderControl.java:134)
	at org.apache.logging.log4j.core.config.AppenderControl.callAppenderPreventRecursion(AppenderControl.java:125)
	at org.apache.logging.log4j.core.config.AppenderControl.callAppender(AppenderControl.java:89)
	at org.apache.logging.log4j.core.config.LoggerConfig.callAppenders(LoggerConfig.java:683)
	at org.apache.logging.log4j.core.config.LoggerConfig.processLogEvent(LoggerConfig.java:641)
	at org.apache.logging.log4j.core.config.LoggerConfig.log(LoggerConfig.java:624)
	at org.apache.logging.log4j.core.config.LoggerConfig.log(LoggerConfig.java:560)
	at org.apache.logging.log4j.core.config.AwaitCompletionReliabilityStrategy.log(AwaitCompletionReliabilityStrategy.java:82)
	at org.apache.logging.log4j.core.Logger.log(Logger.java:162)
	at org.apache.logging.log4j.spi.AbstractLogger.logMessage(AbstractLogger.java:2106)
	at org.apache.logging.log4j.internal.DefaultLogBuilder.logMessage(DefaultLogBuilder.java:241)
	at org.apache.logging.log4j.internal.DefaultLogBuilder.log(DefaultLogBuilder.java:162)
	at org.apache.poi.openxml4j.opc.PackageRelationshipCollection.parseRelationshipsPart(PackageRelationshipCollection.java:309)
	at org.apache.poi.openxml4j.opc.PackageRelationshipCollection.<init>(PackageRelationshipCollection.java:160)
	at org.apache.poi.openxml4j.opc.PackageRelationshipCollection.<init>(PackageRelationshipCollection.java:130)
	at org.apache.poi.openxml4j.opc.PackagePart.loadRelationships(PackagePart.java:565)
	at org.apache.poi.openxml4j.opc.OPCPackage.getParts(OPCPackage.java:751)
	at org.apache.poi.openxml4j.opc.OPCPackage.open(OPCPackage.java:322)
	at org.apache.poi.ooxml.util.PackageHelper.open(PackageHelper.java:59)
	at org.apache.poi.xssf.usermodel.XSSFWorkbook.<init>(XSSFWorkbook.java:290)
	at org.apache.poi.xssf.usermodel.XSSFWorkbook.<init>(XSSFWorkbook.java:286)
	at externalResources.ExcelDataRead.<init>(ExcelDataRead.java:22)
	at listeners.AnnotationsTransformer.toBeExecuted(AnnotationsTransformer.java:36)
	at listeners.AnnotationsTransformer.transform(AnnotationsTransformer.java:24)
	at org.testng.internal.annotations.JDK15AnnotationFinder.transform(JDK15AnnotationFinder.java:172)
	at org.testng.internal.annotations.JDK15AnnotationFinder.lambda$findAnnotation$0(JDK15AnnotationFinder.java:279)
	at java.base/java.util.concurrent.ConcurrentHashMap.computeIfAbsent(ConcurrentHashMap.java:1705)
	at org.testng.internal.annotations.JDK15AnnotationFinder.findAnnotation(JDK15AnnotationFinder.java:275)
	at org.testng.internal.annotations.JDK15AnnotationFinder.findAnnotation(JDK15AnnotationFinder.java:113)
	at org.testng.internal.TestNGClassFinder.isTestNGClass(TestNGClassFinder.java:275)
	at org.testng.internal.TestNGClassFinder.isNotTestNGClass(TestNGClassFinder.java:260)
	at org.testng.internal.TestNGClassFinder.processClass(TestNGClassFinder.java:94)
	at org.testng.internal.TestNGClassFinder.<init>(TestNGClassFinder.java:67)
	at org.testng.TestRunner.initMethods(TestRunner.java:442)
	at org.testng.TestRunner.init(TestRunner.java:336)
	at org.testng.TestRunner.init(TestRunner.java:289)
	at org.testng.TestRunner.<init>(TestRunner.java:179)
	at org.testng.SuiteRunner$DefaultTestRunnerFactory.newTestRunner(SuiteRunner.java:643)
	at org.testng.SuiteRunner.init(SuiteRunner.java:225)
	at org.testng.SuiteRunner.<init>(SuiteRunner.java:115)
	at org.testng.TestNG.createSuiteRunner(TestNG.java:1349)
	at org.testng.TestNG.createSuiteRunners(TestNG.java:1325)
	at org.testng.TestNG.runSuitesLocally(TestNG.java:1167)
	at org.testng.TestNG.runSuites(TestNG.java:1099)
	at org.testng.TestNG.run(TestNG.java:1067)
	at org.apache.maven.surefire.testng.TestNGExecutor.run(TestNGExecutor.java:324)
	at org.apache.maven.surefire.testng.TestNGXmlTestSuite.execute(TestNGXmlTestSuite.java:74)
	at org.apache.maven.surefire.testng.TestNGProvider.invoke(TestNGProvider.java:123)
	at org.apache.maven.surefire.booter.ForkedBooter.runSuitesInProcess(ForkedBooter.java:456)
	at org.apache.maven.surefire.booter.ForkedBooter.execute(ForkedBooter.java:169)
	at org.apache.maven.surefire.booter.ForkedBooter.run(ForkedBooter.java:595)
	at org.apache.maven.surefire.booter.ForkedBooter.main(ForkedBooter.java:581)

2023-02-13 11:57:16,333 main ERROR Unable to invoke factory method in class org.apache.logging.log4j.core.appender.RollingFileAppender for element RollingFile: java.lang.IllegalStateException: No factory method found for class org.apache.logging.log4j.core.appender.RollingFileAppender java.lang.IllegalStateException: No factory method found for class org.apache.logging.log4j.core.appender.RollingFileAppender
	at org.apache.logging.log4j.core.config.plugins.util.PluginBuilder.findFactoryMethod(PluginBuilder.java:260)
	at org.apache.logging.log4j.core.config.plugins.util.PluginBuilder.build(PluginBuilder.java:136)
	at org.apache.logging.log4j.core.config.AbstractConfiguration.createPluginObject(AbstractConfiguration.java:1138)
	at org.apache.logging.log4j.core.config.AbstractConfiguration.createConfiguration(AbstractConfiguration.java:1063)
	at org.apache.logging.log4j.core.appender.routing.RoutingAppender.createAppender(RoutingAppender.java:310)
	at org.apache.logging.log4j.core.appender.routing.RoutingAppender.getControl(RoutingAppender.java:282)
	at org.apache.logging.log4j.core.appender.routing.RoutingAppender.append(RoutingAppender.java:240)
	at org.apache.logging.log4j.core.config.AppenderControl.tryCallAppender(AppenderControl.java:161)
	at org.apache.logging.log4j.core.config.AppenderControl.callAppender0(AppenderControl.java:134)
	at org.apache.logging.log4j.core.config.AppenderControl.callAppenderPreventRecursion(AppenderControl.java:125)
	at org.apache.logging.log4j.core.config.AppenderControl.callAppender(AppenderControl.java:89)
	at org.apache.logging.log4j.core.config.LoggerConfig.callAppenders(LoggerConfig.java:683)
	at org.apache.logging.log4j.core.config.LoggerConfig.processLogEvent(LoggerConfig.java:641)
	at org.apache.logging.log4j.core.config.LoggerConfig.log(LoggerConfig.java:624)
	at org.apache.logging.log4j.core.config.LoggerConfig.log(LoggerConfig.java:560)
	at org.apache.logging.log4j.core.config.AwaitCompletionReliabilityStrategy.log(AwaitCompletionReliabilityStrategy.java:82)
	at org.apache.logging.log4j.core.Logger.log(Logger.java:162)
	at org.apache.logging.log4j.spi.AbstractLogger.logMessage(AbstractLogger.java:2106)
	at org.apache.logging.log4j.internal.DefaultLogBuilder.logMessage(DefaultLogBuilder.java:241)
	at org.apache.logging.log4j.internal.DefaultLogBuilder.log(DefaultLogBuilder.java:162)
	at org.apache.poi.openxml4j.opc.PackageRelationshipCollection.parseRelationshipsPart(PackageRelationshipCollection.java:309)
	at org.apache.poi.openxml4j.opc.PackageRelationshipCollection.<init>(PackageRelationshipCollection.java:160)
	at org.apache.poi.openxml4j.opc.PackageRelationshipCollection.<init>(PackageRelationshipCollection.java:130)
	at org.apache.poi.openxml4j.opc.PackagePart.loadRelationships(PackagePart.java:565)
	at org.apache.poi.openxml4j.opc.OPCPackage.getParts(OPCPackage.java:751)
	at org.apache.poi.openxml4j.opc.OPCPackage.open(OPCPackage.java:322)
	at org.apache.poi.ooxml.util.PackageHelper.open(PackageHelper.java:59)
	at org.apache.poi.xssf.usermodel.XSSFWorkbook.<init>(XSSFWorkbook.java:290)
	at org.apache.poi.xssf.usermodel.XSSFWorkbook.<init>(XSSFWorkbook.java:286)
	at externalResources.ExcelDataRead.<init>(ExcelDataRead.java:22)
	at listeners.AnnotationsTransformer.toBeExecuted(AnnotationsTransformer.java:36)
	at listeners.AnnotationsTransformer.transform(AnnotationsTransformer.java:24)
	at org.testng.internal.annotations.JDK15AnnotationFinder.transform(JDK15AnnotationFinder.java:172)
	at org.testng.internal.annotations.JDK15AnnotationFinder.lambda$findAnnotation$0(JDK15AnnotationFinder.java:279)
	at java.base/java.util.concurrent.ConcurrentHashMap.computeIfAbsent(ConcurrentHashMap.java:1705)
	at org.testng.internal.annotations.JDK15AnnotationFinder.findAnnotation(JDK15AnnotationFinder.java:275)
	at org.testng.internal.annotations.JDK15AnnotationFinder.findAnnotation(JDK15AnnotationFinder.java:113)
	at org.testng.internal.TestNGClassFinder.isTestNGClass(TestNGClassFinder.java:275)
	at org.testng.internal.TestNGClassFinder.isNotTestNGClass(TestNGClassFinder.java:260)
	at org.testng.internal.TestNGClassFinder.processClass(TestNGClassFinder.java:94)
	at org.testng.internal.TestNGClassFinder.<init>(TestNGClassFinder.java:67)
	at org.testng.TestRunner.initMethods(TestRunner.java:442)
	at org.testng.TestRunner.init(TestRunner.java:336)
	at org.testng.TestRunner.init(TestRunner.java:289)
	at org.testng.TestRunner.<init>(TestRunner.java:179)
	at org.testng.SuiteRunner$DefaultTestRunnerFactory.newTestRunner(SuiteRunner.java:643)
	at org.testng.SuiteRunner.init(SuiteRunner.java:225)
	at org.testng.SuiteRunner.<init>(SuiteRunner.java:115)
	at org.testng.TestNG.createSuiteRunner(TestNG.java:1349)
	at org.testng.TestNG.createSuiteRunners(TestNG.java:1325)
	at org.testng.TestNG.runSuitesLocally(TestNG.java:1167)
	at org.testng.TestNG.runSuites(TestNG.java:1099)
	at org.testng.TestNG.run(TestNG.java:1067)
	at org.apache.maven.surefire.testng.TestNGExecutor.run(TestNGExecutor.java:324)
	at org.apache.maven.surefire.testng.TestNGXmlTestSuite.execute(TestNGXmlTestSuite.java:74)
	at org.apache.maven.surefire.testng.TestNGProvider.invoke(TestNGProvider.java:123)
	at org.apache.maven.surefire.booter.ForkedBooter.runSuitesInProcess(ForkedBooter.java:456)
	at org.apache.maven.surefire.booter.ForkedBooter.execute(ForkedBooter.java:169)
	at org.apache.maven.surefire.booter.ForkedBooter.run(ForkedBooter.java:595)
	at org.apache.maven.surefire.booter.ForkedBooter.main(ForkedBooter.java:581)

2023-02-13 11:57:16,335 main ERROR Unable to create file ./results/logs/${ctx:threadName}.log java.io.IOException: The filename, directory name, or volume label syntax is incorrect
	at java.base/java.io.WinNTFileSystem.canonicalize0(Native Method)
	at java.base/java.io.WinNTFileSystem.canonicalize(WinNTFileSystem.java:483)
	at java.base/java.io.File.getCanonicalPath(File.java:626)
	at java.base/java.io.File.getCanonicalFile(File.java:651)
	at org.apache.logging.log4j.core.util.FileUtils.makeParentDirs(FileUtils.java:139)
	at org.apache.logging.log4j.core.appender.rolling.RollingFileManager$RollingFileManagerFactory.createManager(RollingFileManager.java:734)
	at org.apache.logging.log4j.core.appender.rolling.RollingFileManager$RollingFileManagerFactory.createManager(RollingFileManager.java:718)
	at org.apache.logging.log4j.core.appender.AbstractManager.getManager(AbstractManager.java:144)
	at org.apache.logging.log4j.core.appender.OutputStreamManager.getManager(OutputStreamManager.java:100)
	at org.apache.logging.log4j.core.appender.rolling.RollingFileManager.getFileManager(RollingFileManager.java:217)
	at org.apache.logging.log4j.core.appender.RollingFileAppender$Builder.build(RollingFileAppender.java:135)
	at org.apache.logging.log4j.core.appender.RollingFileAppender$Builder.build(RollingFileAppender.java:62)
	at org.apache.logging.log4j.core.config.plugins.util.PluginBuilder.build(PluginBuilder.java:124)
	at org.apache.logging.log4j.core.config.AbstractConfiguration.createPluginObject(AbstractConfiguration.java:1138)
	at org.apache.logging.log4j.core.config.AbstractConfiguration.createConfiguration(AbstractConfiguration.java:1063)
	at org.apache.logging.log4j.core.appender.routing.RoutingAppender.createAppender(RoutingAppender.java:310)
	at org.apache.logging.log4j.core.appender.routing.RoutingAppender.getControl(RoutingAppender.java:282)
	at org.apache.logging.log4j.core.appender.routing.RoutingAppender.append(RoutingAppender.java:240)
	at org.apache.logging.log4j.core.config.AppenderControl.tryCallAppender(AppenderControl.java:161)
	at org.apache.logging.log4j.core.config.AppenderControl.callAppender0(AppenderControl.java:134)
	at org.apache.logging.log4j.core.config.AppenderControl.callAppenderPreventRecursion(AppenderControl.java:125)
	at org.apache.logging.log4j.core.config.AppenderControl.callAppender(AppenderControl.java:89)
	at org.apache.logging.log4j.core.config.LoggerConfig.callAppenders(LoggerConfig.java:683)
	at org.apache.logging.log4j.core.config.LoggerConfig.processLogEvent(LoggerConfig.java:641)
	at org.apache.logging.log4j.core.config.LoggerConfig.log(LoggerConfig.java:624)
	at org.apache.logging.log4j.core.config.LoggerConfig.log(LoggerConfig.java:560)
	at org.apache.logging.log4j.core.config.AwaitCompletionReliabilityStrategy.log(AwaitCompletionReliabilityStrategy.java:82)
	at org.apache.logging.log4j.core.Logger.log(Logger.java:162)
	at org.apache.logging.log4j.spi.AbstractLogger.logMessage(AbstractLogger.java:2106)
	at org.apache.logging.log4j.internal.DefaultLogBuilder.logMessage(DefaultLogBuilder.java:241)
	at org.apache.logging.log4j.internal.DefaultLogBuilder.log(DefaultLogBuilder.java:162)
	at org.apache.poi.openxml4j.opc.PackageRelationshipCollection.parseRelationshipsPart(PackageRelationshipCollection.java:309)
	at org.apache.poi.openxml4j.opc.PackageRelationshipCollection.<init>(PackageRelationshipCollection.java:160)
	at org.apache.poi.openxml4j.opc.PackageRelationshipCollection.<init>(PackageRelationshipCollection.java:130)
	at org.apache.poi.openxml4j.opc.PackagePart.loadRelationships(PackagePart.java:565)
	at org.apache.poi.openxml4j.opc.OPCPackage.getParts(OPCPackage.java:751)
	at org.apache.poi.openxml4j.opc.OPCPackage.open(OPCPackage.java:322)
	at org.apache.poi.ooxml.util.PackageHelper.open(PackageHelper.java:59)
	at org.apache.poi.xssf.usermodel.XSSFWorkbook.<init>(XSSFWorkbook.java:290)
	at org.apache.poi.xssf.usermodel.XSSFWorkbook.<init>(XSSFWorkbook.java:286)
	at externalResources.ExcelDataRead.<init>(ExcelDataRead.java:22)
	at listeners.AnnotationsTransformer.toBeExecuted(AnnotationsTransformer.java:36)
	at listeners.AnnotationsTransformer.transform(AnnotationsTransformer.java:24)
	at org.testng.internal.annotations.JDK15AnnotationFinder.transform(JDK15AnnotationFinder.java:172)
	at org.testng.internal.annotations.JDK15AnnotationFinder.lambda$findAnnotation$0(JDK15AnnotationFinder.java:279)
	at java.base/java.util.concurrent.ConcurrentHashMap.computeIfAbsent(ConcurrentHashMap.java:1705)
	at org.testng.internal.annotations.JDK15AnnotationFinder.findAnnotation(JDK15AnnotationFinder.java:275)
	at org.testng.internal.annotations.JDK15AnnotationFinder.findAnnotation(JDK15AnnotationFinder.java:113)
	at org.testng.internal.TestNGClassFinder.isTestNGClass(TestNGClassFinder.java:275)
	at org.testng.internal.TestNGClassFinder.isNotTestNGClass(TestNGClassFinder.java:260)
	at org.testng.internal.TestNGClassFinder.processClass(TestNGClassFinder.java:94)
	at org.testng.internal.TestNGClassFinder.<init>(TestNGClassFinder.java:67)
	at org.testng.TestRunner.initMethods(TestRunner.java:442)
	at org.testng.TestRunner.init(TestRunner.java:336)
	at org.testng.TestRunner.init(TestRunner.java:289)
	at org.testng.TestRunner.<init>(TestRunner.java:179)
	at org.testng.SuiteRunner$DefaultTestRunnerFactory.newTestRunner(SuiteRunner.java:643)
	at org.testng.SuiteRunner.init(SuiteRunner.java:225)
	at org.testng.SuiteRunner.<init>(SuiteRunner.java:115)
	at org.testng.TestNG.createSuiteRunner(TestNG.java:1349)
	at org.testng.TestNG.createSuiteRunners(TestNG.java:1325)
	at org.testng.TestNG.runSuitesLocally(TestNG.java:1167)
	at org.testng.TestNG.runSuites(TestNG.java:1099)
	at org.testng.TestNG.run(TestNG.java:1067)
	at org.apache.maven.surefire.testng.TestNGExecutor.run(TestNGExecutor.java:324)
	at org.apache.maven.surefire.testng.TestNGXmlTestSuite.execute(TestNGXmlTestSuite.java:74)
	at org.apache.maven.surefire.testng.TestNGProvider.invoke(TestNGProvider.java:123)
	at org.apache.maven.surefire.booter.ForkedBooter.runSuitesInProcess(ForkedBooter.java:456)
	at org.apache.maven.surefire.booter.ForkedBooter.execute(ForkedBooter.java:169)
	at org.apache.maven.surefire.booter.ForkedBooter.run(ForkedBooter.java:595)
	at org.apache.maven.surefire.booter.ForkedBooter.main(ForkedBooter.java:581)

2023-02-13 11:57:16,336 main ERROR Could not create plugin of type class org.apache.logging.log4j.core.appender.RollingFileAppender for element RollingFile: java.lang.IllegalStateException: ManagerFactory [org.apache.logging.log4j.core.appender.rolling.RollingFileManager$RollingFileManagerFactory@4e6d7365] unable to create manager for [./results/logs/${ctx:threadName}.log] with data [org.apache.logging.log4j.core.appender.rolling.RollingFileManager$FactoryData@6bbe50c9[pattern=./results/logs/${ctx:threadName}-%d{yyyy-MM-dd}.log, append=true, bufferedIO=true, bufferSize=8192, policy=SizeBasedTriggeringPolicy(size=512000), strategy=DefaultRolloverStrategy(min=1, max=7, useMax=true), advertiseURI=null, layout=%d{HH:mm:ss.SSS} [%t] %-5level %logger{36} - %msg%n, filePermissions=null, fileOwner=null]] java.lang.IllegalStateException: ManagerFactory [org.apache.logging.log4j.core.appender.rolling.RollingFileManager$RollingFileManagerFactory@4e6d7365] unable to create manager for [./results/logs/${ctx:threadName}.log] with data [org.apache.logging.log4j.core.appender.rolling.RollingFileManager$FactoryData@6bbe50c9[pattern=./results/logs/${ctx:threadName}-%d{yyyy-MM-dd}.log, append=true, bufferedIO=true, bufferSize=8192, policy=SizeBasedTriggeringPolicy(size=512000), strategy=DefaultRolloverStrategy(min=1, max=7, useMax=true), advertiseURI=null, layout=%d{HH:mm:ss.SSS} [%t] %-5level %logger{36} - %msg%n, filePermissions=null, fileOwner=null]]
	at org.apache.logging.log4j.core.appender.AbstractManager.getManager(AbstractManager.java:146)
	at org.apache.logging.log4j.core.appender.OutputStreamManager.getManager(OutputStreamManager.java:100)
	at org.apache.logging.log4j.core.appender.rolling.RollingFileManager.getFileManager(RollingFileManager.java:217)
	at org.apache.logging.log4j.core.appender.RollingFileAppender$Builder.build(RollingFileAppender.java:135)
	at org.apache.logging.log4j.core.appender.RollingFileAppender$Builder.build(RollingFileAppender.java:62)
	at org.apache.logging.log4j.core.config.plugins.util.PluginBuilder.build(PluginBuilder.java:124)
	at org.apache.logging.log4j.core.config.AbstractConfiguration.createPluginObject(AbstractConfiguration.java:1138)
	at org.apache.logging.log4j.core.config.AbstractConfiguration.createConfiguration(AbstractConfiguration.java:1063)
	at org.apache.logging.log4j.core.appender.routing.RoutingAppender.createAppender(RoutingAppender.java:310)
	at org.apache.logging.log4j.core.appender.routing.RoutingAppender.getControl(RoutingAppender.java:282)
	at org.apache.logging.log4j.core.appender.routing.RoutingAppender.append(RoutingAppender.java:240)
	at org.apache.logging.log4j.core.config.AppenderControl.tryCallAppender(AppenderControl.java:161)
	at org.apache.logging.log4j.core.config.AppenderControl.callAppender0(AppenderControl.java:134)
	at org.apache.logging.log4j.core.config.AppenderControl.callAppenderPreventRecursion(AppenderControl.java:125)
	at org.apache.logging.log4j.core.config.AppenderControl.callAppender(AppenderControl.java:89)
	at org.apache.logging.log4j.core.config.LoggerConfig.callAppenders(LoggerConfig.java:683)
	at org.apache.logging.log4j.core.config.LoggerConfig.processLogEvent(LoggerConfig.java:641)
	at org.apache.logging.log4j.core.config.LoggerConfig.log(LoggerConfig.java:624)
	at org.apache.logging.log4j.core.config.LoggerConfig.log(LoggerConfig.java:560)
	at org.apache.logging.log4j.core.config.AwaitCompletionReliabilityStrategy.log(AwaitCompletionReliabilityStrategy.java:82)
	at org.apache.logging.log4j.core.Logger.log(Logger.java:162)
	at org.apache.logging.log4j.spi.AbstractLogger.logMessage(AbstractLogger.java:2106)
	at org.apache.logging.log4j.internal.DefaultLogBuilder.logMessage(DefaultLogBuilder.java:241)
	at org.apache.logging.log4j.internal.DefaultLogBuilder.log(DefaultLogBuilder.java:162)
	at org.apache.poi.openxml4j.opc.PackageRelationshipCollection.parseRelationshipsPart(PackageRelationshipCollection.java:309)
	at org.apache.poi.openxml4j.opc.PackageRelationshipCollection.<init>(PackageRelationshipCollection.java:160)
	at org.apache.poi.openxml4j.opc.PackageRelationshipCollection.<init>(PackageRelationshipCollection.java:130)
	at org.apache.poi.openxml4j.opc.PackagePart.loadRelationships(PackagePart.java:565)
	at org.apache.poi.openxml4j.opc.OPCPackage.getParts(OPCPackage.java:751)
	at org.apache.poi.openxml4j.opc.OPCPackage.open(OPCPackage.java:322)
	at org.apache.poi.ooxml.util.PackageHelper.open(PackageHelper.java:59)
	at org.apache.poi.xssf.usermodel.XSSFWorkbook.<init>(XSSFWorkbook.java:290)
	at org.apache.poi.xssf.usermodel.XSSFWorkbook.<init>(XSSFWorkbook.java:286)
	at externalResources.ExcelDataRead.<init>(ExcelDataRead.java:22)
	at listeners.AnnotationsTransformer.toBeExecuted(AnnotationsTransformer.java:36)
	at listeners.AnnotationsTransformer.transform(AnnotationsTransformer.java:24)
	at org.testng.internal.annotations.JDK15AnnotationFinder.transform(JDK15AnnotationFinder.java:172)
	at org.testng.internal.annotations.JDK15AnnotationFinder.lambda$findAnnotation$0(JDK15AnnotationFinder.java:279)
	at java.base/java.util.concurrent.ConcurrentHashMap.computeIfAbsent(ConcurrentHashMap.java:1705)
	at org.testng.internal.annotations.JDK15AnnotationFinder.findAnnotation(JDK15AnnotationFinder.java:275)
	at org.testng.internal.annotations.JDK15AnnotationFinder.findAnnotation(JDK15AnnotationFinder.java:113)
	at org.testng.internal.TestNGClassFinder.isTestNGClass(TestNGClassFinder.java:275)
	at org.testng.internal.TestNGClassFinder.isNotTestNGClass(TestNGClassFinder.java:260)
	at org.testng.internal.TestNGClassFinder.processClass(TestNGClassFinder.java:94)
	at org.testng.internal.TestNGClassFinder.<init>(TestNGClassFinder.java:67)
	at org.testng.TestRunner.initMethods(TestRunner.java:442)
	at org.testng.TestRunner.init(TestRunner.java:336)
	at org.testng.TestRunner.init(TestRunner.java:289)
	at org.testng.TestRunner.<init>(TestRunner.java:179)
	at org.testng.SuiteRunner$DefaultTestRunnerFactory.newTestRunner(SuiteRunner.java:643)
	at org.testng.SuiteRunner.init(SuiteRunner.java:225)
	at org.testng.SuiteRunner.<init>(SuiteRunner.java:115)
	at org.testng.TestNG.createSuiteRunner(TestNG.java:1349)
	at org.testng.TestNG.createSuiteRunners(TestNG.java:1325)
	at org.testng.TestNG.runSuitesLocally(TestNG.java:1167)
	at org.testng.TestNG.runSuites(TestNG.java:1099)
	at org.testng.TestNG.run(TestNG.java:1067)
	at org.apache.maven.surefire.testng.TestNGExecutor.run(TestNGExecutor.java:324)
	at org.apache.maven.surefire.testng.TestNGXmlTestSuite.execute(TestNGXmlTestSuite.java:74)
	at org.apache.maven.surefire.testng.TestNGProvider.invoke(TestNGProvider.java:123)
	at org.apache.maven.surefire.booter.ForkedBooter.runSuitesInProcess(ForkedBooter.java:456)
	at org.apache.maven.surefire.booter.ForkedBooter.execute(ForkedBooter.java:169)
	at org.apache.maven.surefire.booter.ForkedBooter.run(ForkedBooter.java:595)
	at org.apache.maven.surefire.booter.ForkedBooter.main(ForkedBooter.java:581)

2023-02-13 11:57:16,336 main ERROR Unable to invoke factory method in class org.apache.logging.log4j.core.appender.RollingFileAppender for element RollingFile: java.lang.IllegalStateException: No factory method found for class org.apache.logging.log4j.core.appender.RollingFileAppender java.lang.IllegalStateException: No factory method found for class org.apache.logging.log4j.core.appender.RollingFileAppender
	at org.apache.logging.log4j.core.config.plugins.util.PluginBuilder.findFactoryMethod(PluginBuilder.java:260)
	at org.apache.logging.log4j.core.config.plugins.util.PluginBuilder.build(PluginBuilder.java:136)
	at org.apache.logging.log4j.core.config.AbstractConfiguration.createPluginObject(AbstractConfiguration.java:1138)
	at org.apache.logging.log4j.core.config.AbstractConfiguration.createConfiguration(AbstractConfiguration.java:1063)
	at org.apache.logging.log4j.core.appender.routing.RoutingAppender.createAppender(RoutingAppender.java:310)
	at org.apache.logging.log4j.core.appender.routing.RoutingAppender.getControl(RoutingAppender.java:282)
	at org.apache.logging.log4j.core.appender.routing.RoutingAppender.append(RoutingAppender.java:240)
	at org.apache.logging.log4j.core.config.AppenderControl.tryCallAppender(AppenderControl.java:161)
	at org.apache.logging.log4j.core.config.AppenderControl.callAppender0(AppenderControl.java:134)
	at org.apache.logging.log4j.core.config.AppenderControl.callAppenderPreventRecursion(AppenderControl.java:125)
	at org.apache.logging.log4j.core.config.AppenderControl.callAppender(AppenderControl.java:89)
	at org.apache.logging.log4j.core.config.LoggerConfig.callAppenders(LoggerConfig.java:683)
	at org.apache.logging.log4j.core.config.LoggerConfig.processLogEvent(LoggerConfig.java:641)
	at org.apache.logging.log4j.core.config.LoggerConfig.log(LoggerConfig.java:624)
	at org.apache.logging.log4j.core.config.LoggerConfig.log(LoggerConfig.java:560)
	at org.apache.logging.log4j.core.config.AwaitCompletionReliabilityStrategy.log(AwaitCompletionReliabilityStrategy.java:82)
	at org.apache.logging.log4j.core.Logger.log(Logger.java:162)
	at org.apache.logging.log4j.spi.AbstractLogger.logMessage(AbstractLogger.java:2106)
	at org.apache.logging.log4j.internal.DefaultLogBuilder.logMessage(DefaultLogBuilder.java:241)
	at org.apache.logging.log4j.internal.DefaultLogBuilder.log(DefaultLogBuilder.java:162)
	at org.apache.poi.openxml4j.opc.PackageRelationshipCollection.parseRelationshipsPart(PackageRelationshipCollection.java:309)
	at org.apache.poi.openxml4j.opc.PackageRelationshipCollection.<init>(PackageRelationshipCollection.java:160)
	at org.apache.poi.openxml4j.opc.PackageRelationshipCollection.<init>(PackageRelationshipCollection.java:130)
	at org.apache.poi.openxml4j.opc.PackagePart.loadRelationships(PackagePart.java:565)
	at org.apache.poi.openxml4j.opc.OPCPackage.getParts(OPCPackage.java:751)
	at org.apache.poi.openxml4j.opc.OPCPackage.open(OPCPackage.java:322)
	at org.apache.poi.ooxml.util.PackageHelper.open(PackageHelper.java:59)
	at org.apache.poi.xssf.usermodel.XSSFWorkbook.<init>(XSSFWorkbook.java:290)
	at org.apache.poi.xssf.usermodel.XSSFWorkbook.<init>(XSSFWorkbook.java:286)
	at externalResources.ExcelDataRead.<init>(ExcelDataRead.java:22)
	at listeners.AnnotationsTransformer.toBeExecuted(AnnotationsTransformer.java:36)
	at listeners.AnnotationsTransformer.transform(AnnotationsTransformer.java:24)
	at org.testng.internal.annotations.JDK15AnnotationFinder.transform(JDK15AnnotationFinder.java:172)
	at org.testng.internal.annotations.JDK15AnnotationFinder.lambda$findAnnotation$0(JDK15AnnotationFinder.java:279)
	at java.base/java.util.concurrent.ConcurrentHashMap.computeIfAbsent(ConcurrentHashMap.java:1705)
	at org.testng.internal.annotations.JDK15AnnotationFinder.findAnnotation(JDK15AnnotationFinder.java:275)
	at org.testng.internal.annotations.JDK15AnnotationFinder.findAnnotation(JDK15AnnotationFinder.java:113)
	at org.testng.internal.TestNGClassFinder.isTestNGClass(TestNGClassFinder.java:275)
	at org.testng.internal.TestNGClassFinder.isNotTestNGClass(TestNGClassFinder.java:260)
	at org.testng.internal.TestNGClassFinder.processClass(TestNGClassFinder.java:94)
	at org.testng.internal.TestNGClassFinder.<init>(TestNGClassFinder.java:67)
	at org.testng.TestRunner.initMethods(TestRunner.java:442)
	at org.testng.TestRunner.init(TestRunner.java:336)
	at org.testng.TestRunner.init(TestRunner.java:289)
	at org.testng.TestRunner.<init>(TestRunner.java:179)
	at org.testng.SuiteRunner$DefaultTestRunnerFactory.newTestRunner(SuiteRunner.java:643)
	at org.testng.SuiteRunner.init(SuiteRunner.java:225)
	at org.testng.SuiteRunner.<init>(SuiteRunner.java:115)
	at org.testng.TestNG.createSuiteRunner(TestNG.java:1349)
	at org.testng.TestNG.createSuiteRunners(TestNG.java:1325)
	at org.testng.TestNG.runSuitesLocally(TestNG.java:1167)
	at org.testng.TestNG.runSuites(TestNG.java:1099)
	at org.testng.TestNG.run(TestNG.java:1067)
	at org.apache.maven.surefire.testng.TestNGExecutor.run(TestNGExecutor.java:324)
	at org.apache.maven.surefire.testng.TestNGXmlTestSuite.execute(TestNGXmlTestSuite.java:74)
	at org.apache.maven.surefire.testng.TestNGProvider.invoke(TestNGProvider.java:123)
	at org.apache.maven.surefire.booter.ForkedBooter.runSuitesInProcess(ForkedBooter.java:456)
	at org.apache.maven.surefire.booter.ForkedBooter.execute(ForkedBooter.java:169)
	at org.apache.maven.surefire.booter.ForkedBooter.run(ForkedBooter.java:595)
	at org.apache.maven.surefire.booter.ForkedBooter.main(ForkedBooter.java:581)

2023-02-13 11:57:16,338 main ERROR Unable to create file ./results/logs/${ctx:threadName}.log java.io.IOException: The filename, directory name, or volume label syntax is incorrect
	at java.base/java.io.WinNTFileSystem.canonicalize0(Native Method)
	at java.base/java.io.WinNTFileSystem.canonicalize(WinNTFileSystem.java:483)
	at java.base/java.io.File.getCanonicalPath(File.java:626)
	at java.base/java.io.File.getCanonicalFile(File.java:651)
	at org.apache.logging.log4j.core.util.FileUtils.makeParentDirs(FileUtils.java:139)
	at org.apache.logging.log4j.core.appender.rolling.RollingFileManager$RollingFileManagerFactory.createManager(RollingFileManager.java:734)
	at org.apache.logging.log4j.core.appender.rolling.RollingFileManager$RollingFileManagerFactory.createManager(RollingFileManager.java:718)
	at org.apache.logging.log4j.core.appender.AbstractManager.getManager(AbstractManager.java:144)
	at org.apache.logging.log4j.core.appender.OutputStreamManager.getManager(OutputStreamManager.java:100)
	at org.apache.logging.log4j.core.appender.rolling.RollingFileManager.getFileManager(RollingFileManager.java:217)
	at org.apache.logging.log4j.core.appender.RollingFileAppender$Builder.build(RollingFileAppender.java:135)
	at org.apache.logging.log4j.core.appender.RollingFileAppender$Builder.build(RollingFileAppender.java:62)
	at org.apache.logging.log4j.core.config.plugins.util.PluginBuilder.build(PluginBuilder.java:124)
	at org.apache.logging.log4j.core.config.AbstractConfiguration.createPluginObject(AbstractConfiguration.java:1138)
	at org.apache.logging.log4j.core.config.AbstractConfiguration.createConfiguration(AbstractConfiguration.java:1063)
	at org.apache.logging.log4j.core.appender.routing.RoutingAppender.createAppender(RoutingAppender.java:310)
	at org.apache.logging.log4j.core.appender.routing.RoutingAppender.getControl(RoutingAppender.java:282)
	at org.apache.logging.log4j.core.appender.routing.RoutingAppender.append(RoutingAppender.java:240)
	at org.apache.logging.log4j.core.config.AppenderControl.tryCallAppender(AppenderControl.java:161)
	at org.apache.logging.log4j.core.config.AppenderControl.callAppender0(AppenderControl.java:134)
	at org.apache.logging.log4j.core.config.AppenderControl.callAppenderPreventRecursion(AppenderControl.java:125)
	at org.apache.logging.log4j.core.config.AppenderControl.callAppender(AppenderControl.java:89)
	at org.apache.logging.log4j.core.config.LoggerConfig.callAppenders(LoggerConfig.java:683)
	at org.apache.logging.log4j.core.config.LoggerConfig.processLogEvent(LoggerConfig.java:641)
	at org.apache.logging.log4j.core.config.LoggerConfig.log(LoggerConfig.java:624)
	at org.apache.logging.log4j.core.config.LoggerConfig.log(LoggerConfig.java:560)
	at org.apache.logging.log4j.core.config.AwaitCompletionReliabilityStrategy.log(AwaitCompletionReliabilityStrategy.java:82)
	at org.apache.logging.log4j.core.Logger.log(Logger.java:162)
	at org.apache.logging.log4j.spi.AbstractLogger.logMessage(AbstractLogger.java:2106)
	at org.apache.logging.log4j.internal.DefaultLogBuilder.logMessage(DefaultLogBuilder.java:241)
	at org.apache.logging.log4j.internal.DefaultLogBuilder.log(DefaultLogBuilder.java:162)
	at org.apache.poi.openxml4j.opc.PackageRelationshipCollection.parseRelationshipsPart(PackageRelationshipCollection.java:309)
	at org.apache.poi.openxml4j.opc.PackageRelationshipCollection.<init>(PackageRelationshipCollection.java:160)
	at org.apache.poi.openxml4j.opc.PackageRelationshipCollection.<init>(PackageRelationshipCollection.java:130)
	at org.apache.poi.openxml4j.opc.PackagePart.loadRelationships(PackagePart.java:565)
	at org.apache.poi.openxml4j.opc.OPCPackage.getParts(OPCPackage.java:751)
	at org.apache.poi.openxml4j.opc.OPCPackage.open(OPCPackage.java:322)
	at org.apache.poi.ooxml.util.PackageHelper.open(PackageHelper.java:59)
	at org.apache.poi.xssf.usermodel.XSSFWorkbook.<init>(XSSFWorkbook.java:290)
	at org.apache.poi.xssf.usermodel.XSSFWorkbook.<init>(XSSFWorkbook.java:286)
	at externalResources.ExcelDataRead.<init>(ExcelDataRead.java:22)
	at listeners.AnnotationsTransformer.toBeExecuted(AnnotationsTransformer.java:36)
	at listeners.AnnotationsTransformer.transform(AnnotationsTransformer.java:24)
	at org.testng.internal.annotations.JDK15AnnotationFinder.transform(JDK15AnnotationFinder.java:172)
	at org.testng.internal.annotations.JDK15AnnotationFinder.lambda$findAnnotation$0(JDK15AnnotationFinder.java:279)
	at java.base/java.util.concurrent.ConcurrentHashMap.computeIfAbsent(ConcurrentHashMap.java:1705)
	at org.testng.internal.annotations.JDK15AnnotationFinder.findAnnotation(JDK15AnnotationFinder.java:275)
	at org.testng.internal.annotations.JDK15AnnotationFinder.findAnnotation(JDK15AnnotationFinder.java:113)
	at org.testng.internal.TestNGClassFinder.isTestNGClass(TestNGClassFinder.java:275)
	at org.testng.internal.TestNGClassFinder.isNotTestNGClass(TestNGClassFinder.java:260)
	at org.testng.internal.TestNGClassFinder.processClass(TestNGClassFinder.java:94)
	at org.testng.internal.TestNGClassFinder.<init>(TestNGClassFinder.java:67)
	at org.testng.TestRunner.initMethods(TestRunner.java:442)
	at org.testng.TestRunner.init(TestRunner.java:336)
	at org.testng.TestRunner.init(TestRunner.java:289)
	at org.testng.TestRunner.<init>(TestRunner.java:179)
	at org.testng.SuiteRunner$DefaultTestRunnerFactory.newTestRunner(SuiteRunner.java:643)
	at org.testng.SuiteRunner.init(SuiteRunner.java:225)
	at org.testng.SuiteRunner.<init>(SuiteRunner.java:115)
	at org.testng.TestNG.createSuiteRunner(TestNG.java:1349)
	at org.testng.TestNG.createSuiteRunners(TestNG.java:1325)
	at org.testng.TestNG.runSuitesLocally(TestNG.java:1167)
	at org.testng.TestNG.runSuites(TestNG.java:1099)
	at org.testng.TestNG.run(TestNG.java:1067)
	at org.apache.maven.surefire.testng.TestNGExecutor.run(TestNGExecutor.java:324)
	at org.apache.maven.surefire.testng.TestNGXmlTestSuite.execute(TestNGXmlTestSuite.java:74)
	at org.apache.maven.surefire.testng.TestNGProvider.invoke(TestNGProvider.java:123)
	at org.apache.maven.surefire.booter.ForkedBooter.runSuitesInProcess(ForkedBooter.java:456)
	at org.apache.maven.surefire.booter.ForkedBooter.execute(ForkedBooter.java:169)
	at org.apache.maven.surefire.booter.ForkedBooter.run(ForkedBooter.java:595)
	at org.apache.maven.surefire.booter.ForkedBooter.main(ForkedBooter.java:581)

2023-02-13 11:57:16,338 main ERROR Could not create plugin of type class org.apache.logging.log4j.core.appender.RollingFileAppender for element RollingFile: java.lang.IllegalStateException: ManagerFactory [org.apache.logging.log4j.core.appender.rolling.RollingFileManager$RollingFileManagerFactory@4e6d7365] unable to create manager for [./results/logs/${ctx:threadName}.log] with data [org.apache.logging.log4j.core.appender.rolling.RollingFileManager$FactoryData@8a98f38[pattern=./results/logs/${ctx:threadName}-%d{yyyy-MM-dd}.log, append=true, bufferedIO=true, bufferSize=8192, policy=SizeBasedTriggeringPolicy(size=512000), strategy=DefaultRolloverStrategy(min=1, max=7, useMax=true), advertiseURI=null, layout=%d{HH:mm:ss.SSS} [%t] %-5level %logger{36} - %msg%n, filePermissions=null, fileOwner=null]] java.lang.IllegalStateException: ManagerFactory [org.apache.logging.log4j.core.appender.rolling.RollingFileManager$RollingFileManagerFactory@4e6d7365] unable to create manager for [./results/logs/${ctx:threadName}.log] with data [org.apache.logging.log4j.core.appender.rolling.RollingFileManager$FactoryData@8a98f38[pattern=./results/logs/${ctx:threadName}-%d{yyyy-MM-dd}.log, append=true, bufferedIO=true, bufferSize=8192, policy=SizeBasedTriggeringPolicy(size=512000), strategy=DefaultRolloverStrategy(min=1, max=7, useMax=true), advertiseURI=null, layout=%d{HH:mm:ss.SSS} [%t] %-5level %logger{36} - %msg%n, filePermissions=null, fileOwner=null]]
	at org.apache.logging.log4j.core.appender.AbstractManager.getManager(AbstractManager.java:146)
	at org.apache.logging.log4j.core.appender.OutputStreamManager.getManager(OutputStreamManager.java:100)
	at org.apache.logging.log4j.core.appender.rolling.RollingFileManager.getFileManager(RollingFileManager.java:217)
	at org.apache.logging.log4j.core.appender.RollingFileAppender$Builder.build(RollingFileAppender.java:135)
	at org.apache.logging.log4j.core.appender.RollingFileAppender$Builder.build(RollingFileAppender.java:62)
	at org.apache.logging.log4j.core.config.plugins.util.PluginBuilder.build(PluginBuilder.java:124)
	at org.apache.logging.log4j.core.config.AbstractConfiguration.createPluginObject(AbstractConfiguration.java:1138)
	at org.apache.logging.log4j.core.config.AbstractConfiguration.createConfiguration(AbstractConfiguration.java:1063)
	at org.apache.logging.log4j.core.appender.routing.RoutingAppender.createAppender(RoutingAppender.java:310)
	at org.apache.logging.log4j.core.appender.routing.RoutingAppender.getControl(RoutingAppender.java:282)
	at org.apache.logging.log4j.core.appender.routing.RoutingAppender.append(RoutingAppender.java:240)
	at org.apache.logging.log4j.core.config.AppenderControl.tryCallAppender(AppenderControl.java:161)
	at org.apache.logging.log4j.core.config.AppenderControl.callAppender0(AppenderControl.java:134)
	at org.apache.logging.log4j.core.config.AppenderControl.callAppenderPreventRecursion(AppenderControl.java:125)
	at org.apache.logging.log4j.core.config.AppenderControl.callAppender(AppenderControl.java:89)
	at org.apache.logging.log4j.core.config.LoggerConfig.callAppenders(LoggerConfig.java:683)
	at org.apache.logging.log4j.core.config.LoggerConfig.processLogEvent(LoggerConfig.java:641)
	at org.apache.logging.log4j.core.config.LoggerConfig.log(LoggerConfig.java:624)
	at org.apache.logging.log4j.core.config.LoggerConfig.log(LoggerConfig.java:560)
	at org.apache.logging.log4j.core.config.AwaitCompletionReliabilityStrategy.log(AwaitCompletionReliabilityStrategy.java:82)
	at org.apache.logging.log4j.core.Logger.log(Logger.java:162)
	at org.apache.logging.log4j.spi.AbstractLogger.logMessage(AbstractLogger.java:2106)
	at org.apache.logging.log4j.internal.DefaultLogBuilder.logMessage(DefaultLogBuilder.java:241)
	at org.apache.logging.log4j.internal.DefaultLogBuilder.log(DefaultLogBuilder.java:162)
	at org.apache.poi.openxml4j.opc.PackageRelationshipCollection.parseRelationshipsPart(PackageRelationshipCollection.java:309)
	at org.apache.poi.openxml4j.opc.PackageRelationshipCollection.<init>(PackageRelationshipCollection.java:160)
	at org.apache.poi.openxml4j.opc.PackageRelationshipCollection.<init>(PackageRelationshipCollection.java:130)
	at org.apache.poi.openxml4j.opc.PackagePart.loadRelationships(PackagePart.java:565)
	at org.apache.poi.openxml4j.opc.OPCPackage.getParts(OPCPackage.java:751)
	at org.apache.poi.openxml4j.opc.OPCPackage.open(OPCPackage.java:322)
	at org.apache.poi.ooxml.util.PackageHelper.open(PackageHelper.java:59)
	at org.apache.poi.xssf.usermodel.XSSFWorkbook.<init>(XSSFWorkbook.java:290)
	at org.apache.poi.xssf.usermodel.XSSFWorkbook.<init>(XSSFWorkbook.java:286)
	at externalResources.ExcelDataRead.<init>(ExcelDataRead.java:22)
	at listeners.AnnotationsTransformer.toBeExecuted(AnnotationsTransformer.java:36)
	at listeners.AnnotationsTransformer.transform(AnnotationsTransformer.java:24)
	at org.testng.internal.annotations.JDK15AnnotationFinder.transform(JDK15AnnotationFinder.java:172)
	at org.testng.internal.annotations.JDK15AnnotationFinder.lambda$findAnnotation$0(JDK15AnnotationFinder.java:279)
	at java.base/java.util.concurrent.ConcurrentHashMap.computeIfAbsent(ConcurrentHashMap.java:1705)
	at org.testng.internal.annotations.JDK15AnnotationFinder.findAnnotation(JDK15AnnotationFinder.java:275)
	at org.testng.internal.annotations.JDK15AnnotationFinder.findAnnotation(JDK15AnnotationFinder.java:113)
	at org.testng.internal.TestNGClassFinder.isTestNGClass(TestNGClassFinder.java:275)
	at org.testng.internal.TestNGClassFinder.isNotTestNGClass(TestNGClassFinder.java:260)
	at org.testng.internal.TestNGClassFinder.processClass(TestNGClassFinder.java:94)
	at org.testng.internal.TestNGClassFinder.<init>(TestNGClassFinder.java:67)
	at org.testng.TestRunner.initMethods(TestRunner.java:442)
	at org.testng.TestRunner.init(TestRunner.java:336)
	at org.testng.TestRunner.init(TestRunner.java:289)
	at org.testng.TestRunner.<init>(TestRunner.java:179)
	at org.testng.SuiteRunner$DefaultTestRunnerFactory.newTestRunner(SuiteRunner.java:643)
	at org.testng.SuiteRunner.init(SuiteRunner.java:225)
	at org.testng.SuiteRunner.<init>(SuiteRunner.java:115)
	at org.testng.TestNG.createSuiteRunner(TestNG.java:1349)
	at org.testng.TestNG.createSuiteRunners(TestNG.java:1325)
	at org.testng.TestNG.runSuitesLocally(TestNG.java:1167)
	at org.testng.TestNG.runSuites(TestNG.java:1099)
	at org.testng.TestNG.run(TestNG.java:1067)
	at org.apache.maven.surefire.testng.TestNGExecutor.run(TestNGExecutor.java:324)
	at org.apache.maven.surefire.testng.TestNGXmlTestSuite.execute(TestNGXmlTestSuite.java:74)
	at org.apache.maven.surefire.testng.TestNGProvider.invoke(TestNGProvider.java:123)
	at org.apache.maven.surefire.booter.ForkedBooter.runSuitesInProcess(ForkedBooter.java:456)
	at org.apache.maven.surefire.booter.ForkedBooter.execute(ForkedBooter.java:169)
	at org.apache.maven.surefire.booter.ForkedBooter.run(ForkedBooter.java:595)
	at org.apache.maven.surefire.booter.ForkedBooter.main(ForkedBooter.java:581)

2023-02-13 11:57:16,338 main ERROR Unable to invoke factory method in class org.apache.logging.log4j.core.appender.RollingFileAppender for element RollingFile: java.lang.IllegalStateException: No factory method found for class org.apache.logging.log4j.core.appender.RollingFileAppender java.lang.IllegalStateException: No factory method found for class org.apache.logging.log4j.core.appender.RollingFileAppender
	at org.apache.logging.log4j.core.config.plugins.util.PluginBuilder.findFactoryMethod(PluginBuilder.java:260)
	at org.apache.logging.log4j.core.config.plugins.util.PluginBuilder.build(PluginBuilder.java:136)
	at org.apache.logging.log4j.core.config.AbstractConfiguration.createPluginObject(AbstractConfiguration.java:1138)
	at org.apache.logging.log4j.core.config.AbstractConfiguration.createConfiguration(AbstractConfiguration.java:1063)
	at org.apache.logging.log4j.core.appender.routing.RoutingAppender.createAppender(RoutingAppender.java:310)
	at org.apache.logging.log4j.core.appender.routing.RoutingAppender.getControl(RoutingAppender.java:282)
	at org.apache.logging.log4j.core.appender.routing.RoutingAppender.append(RoutingAppender.java:240)
	at org.apache.logging.log4j.core.config.AppenderControl.tryCallAppender(AppenderControl.java:161)
	at org.apache.logging.log4j.core.config.AppenderControl.callAppender0(AppenderControl.java:134)
	at org.apache.logging.log4j.core.config.AppenderControl.callAppenderPreventRecursion(AppenderControl.java:125)
	at org.apache.logging.log4j.core.config.AppenderControl.callAppender(AppenderControl.java:89)
	at org.apache.logging.log4j.core.config.LoggerConfig.callAppenders(LoggerConfig.java:683)
	at org.apache.logging.log4j.core.config.LoggerConfig.processLogEvent(LoggerConfig.java:641)
	at org.apache.logging.log4j.core.config.LoggerConfig.log(LoggerConfig.java:624)
	at org.apache.logging.log4j.core.config.LoggerConfig.log(LoggerConfig.java:560)
	at org.apache.logging.log4j.core.config.AwaitCompletionReliabilityStrategy.log(AwaitCompletionReliabilityStrategy.java:82)
	at org.apache.logging.log4j.core.Logger.log(Logger.java:162)
	at org.apache.logging.log4j.spi.AbstractLogger.logMessage(AbstractLogger.java:2106)
	at org.apache.logging.log4j.internal.DefaultLogBuilder.logMessage(DefaultLogBuilder.java:241)
	at org.apache.logging.log4j.internal.DefaultLogBuilder.log(DefaultLogBuilder.java:162)
	at org.apache.poi.openxml4j.opc.PackageRelationshipCollection.parseRelationshipsPart(PackageRelationshipCollection.java:309)
	at org.apache.poi.openxml4j.opc.PackageRelationshipCollection.<init>(PackageRelationshipCollection.java:160)
	at org.apache.poi.openxml4j.opc.PackageRelationshipCollection.<init>(PackageRelationshipCollection.java:130)
	at org.apache.poi.openxml4j.opc.PackagePart.loadRelationships(PackagePart.java:565)
	at org.apache.poi.openxml4j.opc.OPCPackage.getParts(OPCPackage.java:751)
	at org.apache.poi.openxml4j.opc.OPCPackage.open(OPCPackage.java:322)
	at org.apache.poi.ooxml.util.PackageHelper.open(PackageHelper.java:59)
	at org.apache.poi.xssf.usermodel.XSSFWorkbook.<init>(XSSFWorkbook.java:290)
	at org.apache.poi.xssf.usermodel.XSSFWorkbook.<init>(XSSFWorkbook.java:286)
	at externalResources.ExcelDataRead.<init>(ExcelDataRead.java:22)
	at listeners.AnnotationsTransformer.toBeExecuted(AnnotationsTransformer.java:36)
	at listeners.AnnotationsTransformer.transform(AnnotationsTransformer.java:24)
	at org.testng.internal.annotations.JDK15AnnotationFinder.transform(JDK15AnnotationFinder.java:172)
	at org.testng.internal.annotations.JDK15AnnotationFinder.lambda$findAnnotation$0(JDK15AnnotationFinder.java:279)
	at java.base/java.util.concurrent.ConcurrentHashMap.computeIfAbsent(ConcurrentHashMap.java:1705)
	at org.testng.internal.annotations.JDK15AnnotationFinder.findAnnotation(JDK15AnnotationFinder.java:275)
	at org.testng.internal.annotations.JDK15AnnotationFinder.findAnnotation(JDK15AnnotationFinder.java:113)
	at org.testng.internal.TestNGClassFinder.isTestNGClass(TestNGClassFinder.java:275)
	at org.testng.internal.TestNGClassFinder.isNotTestNGClass(TestNGClassFinder.java:260)
	at org.testng.internal.TestNGClassFinder.processClass(TestNGClassFinder.java:94)
	at org.testng.internal.TestNGClassFinder.<init>(TestNGClassFinder.java:67)
	at org.testng.TestRunner.initMethods(TestRunner.java:442)
	at org.testng.TestRunner.init(TestRunner.java:336)
	at org.testng.TestRunner.init(TestRunner.java:289)
	at org.testng.TestRunner.<init>(TestRunner.java:179)
	at org.testng.SuiteRunner$DefaultTestRunnerFactory.newTestRunner(SuiteRunner.java:643)
	at org.testng.SuiteRunner.init(SuiteRunner.java:225)
	at org.testng.SuiteRunner.<init>(SuiteRunner.java:115)
	at org.testng.TestNG.createSuiteRunner(TestNG.java:1349)
	at org.testng.TestNG.createSuiteRunners(TestNG.java:1325)
	at org.testng.TestNG.runSuitesLocally(TestNG.java:1167)
	at org.testng.TestNG.runSuites(TestNG.java:1099)
	at org.testng.TestNG.run(TestNG.java:1067)
	at org.apache.maven.surefire.testng.TestNGExecutor.run(TestNGExecutor.java:324)
	at org.apache.maven.surefire.testng.TestNGXmlTestSuite.execute(TestNGXmlTestSuite.java:74)
	at org.apache.maven.surefire.testng.TestNGProvider.invoke(TestNGProvider.java:123)
	at org.apache.maven.surefire.booter.ForkedBooter.runSuitesInProcess(ForkedBooter.java:456)
	at org.apache.maven.surefire.booter.ForkedBooter.execute(ForkedBooter.java:169)
	at org.apache.maven.surefire.booter.ForkedBooter.run(ForkedBooter.java:595)
	at org.apache.maven.surefire.booter.ForkedBooter.main(ForkedBooter.java:581)

2023-02-13 11:57:16,341 main ERROR Unable to create file ./results/logs/${ctx:threadName}.log java.io.IOException: The filename, directory name, or volume label syntax is incorrect
	at java.base/java.io.WinNTFileSystem.canonicalize0(Native Method)
	at java.base/java.io.WinNTFileSystem.canonicalize(WinNTFileSystem.java:483)
	at java.base/java.io.File.getCanonicalPath(File.java:626)
	at java.base/java.io.File.getCanonicalFile(File.java:651)
	at org.apache.logging.log4j.core.util.FileUtils.makeParentDirs(FileUtils.java:139)
	at org.apache.logging.log4j.core.appender.rolling.RollingFileManager$RollingFileManagerFactory.createManager(RollingFileManager.java:734)
	at org.apache.logging.log4j.core.appender.rolling.RollingFileManager$RollingFileManagerFactory.createManager(RollingFileManager.java:718)
	at org.apache.logging.log4j.core.appender.AbstractManager.getManager(AbstractManager.java:144)
	at org.apache.logging.log4j.core.appender.OutputStreamManager.getManager(OutputStreamManager.java:100)
	at org.apache.logging.log4j.core.appender.rolling.RollingFileManager.getFileManager(RollingFileManager.java:217)
	at org.apache.logging.log4j.core.appender.RollingFileAppender$Builder.build(RollingFileAppender.java:135)
	at org.apache.logging.log4j.core.appender.RollingFileAppender$Builder.build(RollingFileAppender.java:62)
	at org.apache.logging.log4j.core.config.plugins.util.PluginBuilder.build(PluginBuilder.java:124)
	at org.apache.logging.log4j.core.config.AbstractConfiguration.createPluginObject(AbstractConfiguration.java:1138)
	at org.apache.logging.log4j.core.config.AbstractConfiguration.createConfiguration(AbstractConfiguration.java:1063)
	at org.apache.logging.log4j.core.appender.routing.RoutingAppender.createAppender(RoutingAppender.java:310)
	at org.apache.logging.log4j.core.appender.routing.RoutingAppender.getControl(RoutingAppender.java:282)
	at org.apache.logging.log4j.core.appender.routing.RoutingAppender.append(RoutingAppender.java:240)
	at org.apache.logging.log4j.core.config.AppenderControl.tryCallAppender(AppenderControl.java:161)
	at org.apache.logging.log4j.core.config.AppenderControl.callAppender0(AppenderControl.java:134)
	at org.apache.logging.log4j.core.config.AppenderControl.callAppenderPreventRecursion(AppenderControl.java:125)
	at org.apache.logging.log4j.core.config.AppenderControl.callAppender(AppenderControl.java:89)
	at org.apache.logging.log4j.core.config.LoggerConfig.callAppenders(LoggerConfig.java:683)
	at org.apache.logging.log4j.core.config.LoggerConfig.processLogEvent(LoggerConfig.java:641)
	at org.apache.logging.log4j.core.config.LoggerConfig.log(LoggerConfig.java:624)
	at org.apache.logging.log4j.core.config.LoggerConfig.log(LoggerConfig.java:560)
	at org.apache.logging.log4j.core.config.AwaitCompletionReliabilityStrategy.log(AwaitCompletionReliabilityStrategy.java:82)
	at org.apache.logging.log4j.core.Logger.log(Logger.java:162)
	at org.apache.logging.log4j.spi.AbstractLogger.logMessage(AbstractLogger.java:2106)
	at org.apache.logging.log4j.internal.DefaultLogBuilder.logMessage(DefaultLogBuilder.java:241)
	at org.apache.logging.log4j.internal.DefaultLogBuilder.log(DefaultLogBuilder.java:162)
	at org.apache.poi.openxml4j.opc.PackageRelationshipCollection.parseRelationshipsPart(PackageRelationshipCollection.java:309)
	at org.apache.poi.openxml4j.opc.PackageRelationshipCollection.<init>(PackageRelationshipCollection.java:160)
	at org.apache.poi.openxml4j.opc.PackageRelationshipCollection.<init>(PackageRelationshipCollection.java:116)
	at org.apache.poi.openxml4j.opc.OPCPackage.ensureRelationships(OPCPackage.java:1346)
	at org.apache.poi.openxml4j.opc.OPCPackage.getRelationshipsHelper(OPCPackage.java:1325)
	at org.apache.poi.openxml4j.opc.OPCPackage.getRelationshipsByType(OPCPackage.java:1313)
	at org.apache.poi.ooxml.POIXMLDocumentPart.getPartFromOPCPackage(POIXMLDocumentPart.java:743)
	at org.apache.poi.ooxml.POIXMLDocumentPart.<init>(POIXMLDocumentPart.java:151)
	at org.apache.poi.ooxml.POIXMLDocumentPart.<init>(POIXMLDocumentPart.java:141)
	at org.apache.poi.ooxml.POIXMLDocument.<init>(POIXMLDocument.java:60)
	at org.apache.poi.xssf.usermodel.XSSFWorkbook.<init>(XSSFWorkbook.java:254)
	at org.apache.poi.xssf.usermodel.XSSFWorkbook.<init>(XSSFWorkbook.java:290)
	at org.apache.poi.xssf.usermodel.XSSFWorkbook.<init>(XSSFWorkbook.java:286)
	at externalResources.ExcelDataRead.<init>(ExcelDataRead.java:22)
	at listeners.AnnotationsTransformer.toBeExecuted(AnnotationsTransformer.java:36)
	at listeners.AnnotationsTransformer.transform(AnnotationsTransformer.java:24)
	at org.testng.internal.annotations.JDK15AnnotationFinder.transform(JDK15AnnotationFinder.java:172)
	at org.testng.internal.annotations.JDK15AnnotationFinder.lambda$findAnnotation$0(JDK15AnnotationFinder.java:279)
	at java.base/java.util.concurrent.ConcurrentHashMap.computeIfAbsent(ConcurrentHashMap.java:1705)
	at org.testng.internal.annotations.JDK15AnnotationFinder.findAnnotation(JDK15AnnotationFinder.java:275)
	at org.testng.internal.annotations.JDK15AnnotationFinder.findAnnotation(JDK15AnnotationFinder.java:113)
	at org.testng.internal.TestNGClassFinder.isTestNGClass(TestNGClassFinder.java:275)
	at org.testng.internal.TestNGClassFinder.isNotTestNGClass(TestNGClassFinder.java:260)
	at org.testng.internal.TestNGClassFinder.processClass(TestNGClassFinder.java:94)
	at org.testng.internal.TestNGClassFinder.<init>(TestNGClassFinder.java:67)
	at org.testng.TestRunner.initMethods(TestRunner.java:442)
	at org.testng.TestRunner.init(TestRunner.java:336)
	at org.testng.TestRunner.init(TestRunner.java:289)
	at org.testng.TestRunner.<init>(TestRunner.java:179)
	at org.testng.SuiteRunner$DefaultTestRunnerFactory.newTestRunner(SuiteRunner.java:643)
	at org.testng.SuiteRunner.init(SuiteRunner.java:225)
	at org.testng.SuiteRunner.<init>(SuiteRunner.java:115)
	at org.testng.TestNG.createSuiteRunner(TestNG.java:1349)
	at org.testng.TestNG.createSuiteRunners(TestNG.java:1325)
	at org.testng.TestNG.runSuitesLocally(TestNG.java:1167)
	at org.testng.TestNG.runSuites(TestNG.java:1099)
	at org.testng.TestNG.run(TestNG.java:1067)
	at org.apache.maven.surefire.testng.TestNGExecutor.run(TestNGExecutor.java:324)
	at org.apache.maven.surefire.testng.TestNGXmlTestSuite.execute(TestNGXmlTestSuite.java:74)
	at org.apache.maven.surefire.testng.TestNGProvider.invoke(TestNGProvider.java:123)
	at org.apache.maven.surefire.booter.ForkedBooter.runSuitesInProcess(ForkedBooter.java:456)
	at org.apache.maven.surefire.booter.ForkedBooter.execute(ForkedBooter.java:169)
	at org.apache.maven.surefire.booter.ForkedBooter.run(ForkedBooter.java:595)
	at org.apache.maven.surefire.booter.ForkedBooter.main(ForkedBooter.java:581)

2023-02-13 11:57:16,341 main ERROR Could not create plugin of type class org.apache.logging.log4j.core.appender.RollingFileAppender for element RollingFile: java.lang.IllegalStateException: ManagerFactory [org.apache.logging.log4j.core.appender.rolling.RollingFileManager$RollingFileManagerFactory@4e6d7365] unable to create manager for [./results/logs/${ctx:threadName}.log] with data [org.apache.logging.log4j.core.appender.rolling.RollingFileManager$FactoryData@41ffaeb8[pattern=./results/logs/${ctx:threadName}-%d{yyyy-MM-dd}.log, append=true, bufferedIO=true, bufferSize=8192, policy=SizeBasedTriggeringPolicy(size=512000), strategy=DefaultRolloverStrategy(min=1, max=7, useMax=true), advertiseURI=null, layout=%d{HH:mm:ss.SSS} [%t] %-5level %logger{36} - %msg%n, filePermissions=null, fileOwner=null]] java.lang.IllegalStateException: ManagerFactory [org.apache.logging.log4j.core.appender.rolling.RollingFileManager$RollingFileManagerFactory@4e6d7365] unable to create manager for [./results/logs/${ctx:threadName}.log] with data [org.apache.logging.log4j.core.appender.rolling.RollingFileManager$FactoryData@41ffaeb8[pattern=./results/logs/${ctx:threadName}-%d{yyyy-MM-dd}.log, append=true, bufferedIO=true, bufferSize=8192, policy=SizeBasedTriggeringPolicy(size=512000), strategy=DefaultRolloverStrategy(min=1, max=7, useMax=true), advertiseURI=null, layout=%d{HH:mm:ss.SSS} [%t] %-5level %logger{36} - %msg%n, filePermissions=null, fileOwner=null]]
	at org.apache.logging.log4j.core.appender.AbstractManager.getManager(AbstractManager.java:146)
	at org.apache.logging.log4j.core.appender.OutputStreamManager.getManager(OutputStreamManager.java:100)
	at org.apache.logging.log4j.core.appender.rolling.RollingFileManager.getFileManager(RollingFileManager.java:217)
	at org.apache.logging.log4j.core.appender.RollingFileAppender$Builder.build(RollingFileAppender.java:135)
	at org.apache.logging.log4j.core.appender.RollingFileAppender$Builder.build(RollingFileAppender.java:62)
	at org.apache.logging.log4j.core.config.plugins.util.PluginBuilder.build(PluginBuilder.java:124)
	at org.apache.logging.log4j.core.config.AbstractConfiguration.createPluginObject(AbstractConfiguration.java:1138)
	at org.apache.logging.log4j.core.config.AbstractConfiguration.createConfiguration(AbstractConfiguration.java:1063)
	at org.apache.logging.log4j.core.appender.routing.RoutingAppender.createAppender(RoutingAppender.java:310)
	at org.apache.logging.log4j.core.appender.routing.RoutingAppender.getControl(RoutingAppender.java:282)
	at org.apache.logging.log4j.core.appender.routing.RoutingAppender.append(RoutingAppender.java:240)
	at org.apache.logging.log4j.core.config.AppenderControl.tryCallAppender(AppenderControl.java:161)
	at org.apache.logging.log4j.core.config.AppenderControl.callAppender0(AppenderControl.java:134)
	at org.apache.logging.log4j.core.config.AppenderControl.callAppenderPreventRecursion(AppenderControl.java:125)
	at org.apache.logging.log4j.core.config.AppenderControl.callAppender(AppenderControl.java:89)
	at org.apache.logging.log4j.core.config.LoggerConfig.callAppenders(LoggerConfig.java:683)
	at org.apache.logging.log4j.core.config.LoggerConfig.processLogEvent(LoggerConfig.java:641)
	at org.apache.logging.log4j.core.config.LoggerConfig.log(LoggerConfig.java:624)
	at org.apache.logging.log4j.core.config.LoggerConfig.log(LoggerConfig.java:560)
	at org.apache.logging.log4j.core.config.AwaitCompletionReliabilityStrategy.log(AwaitCompletionReliabilityStrategy.java:82)
	at org.apache.logging.log4j.core.Logger.log(Logger.java:162)
	at org.apache.logging.log4j.spi.AbstractLogger.logMessage(AbstractLogger.java:2106)
	at org.apache.logging.log4j.internal.DefaultLogBuilder.logMessage(DefaultLogBuilder.java:241)
	at org.apache.logging.log4j.internal.DefaultLogBuilder.log(DefaultLogBuilder.java:162)
	at org.apache.poi.openxml4j.opc.PackageRelationshipCollection.parseRelationshipsPart(PackageRelationshipCollection.java:309)
	at org.apache.poi.openxml4j.opc.PackageRelationshipCollection.<init>(PackageRelationshipCollection.java:160)
	at org.apache.poi.openxml4j.opc.PackageRelationshipCollection.<init>(PackageRelationshipCollection.java:116)
	at org.apache.poi.openxml4j.opc.OPCPackage.ensureRelationships(OPCPackage.java:1346)
	at org.apache.poi.openxml4j.opc.OPCPackage.getRelationshipsHelper(OPCPackage.java:1325)
	at org.apache.poi.openxml4j.opc.OPCPackage.getRelationshipsByType(OPCPackage.java:1313)
	at org.apache.poi.ooxml.POIXMLDocumentPart.getPartFromOPCPackage(POIXMLDocumentPart.java:743)
	at org.apache.poi.ooxml.POIXMLDocumentPart.<init>(POIXMLDocumentPart.java:151)
	at org.apache.poi.ooxml.POIXMLDocumentPart.<init>(POIXMLDocumentPart.java:141)
	at org.apache.poi.ooxml.POIXMLDocument.<init>(POIXMLDocument.java:60)
	at org.apache.poi.xssf.usermodel.XSSFWorkbook.<init>(XSSFWorkbook.java:254)
	at org.apache.poi.xssf.usermodel.XSSFWorkbook.<init>(XSSFWorkbook.java:290)
	at org.apache.poi.xssf.usermodel.XSSFWorkbook.<init>(XSSFWorkbook.java:286)
	at externalResources.ExcelDataRead.<init>(ExcelDataRead.java:22)
	at listeners.AnnotationsTransformer.toBeExecuted(AnnotationsTransformer.java:36)
	at listeners.AnnotationsTransformer.transform(AnnotationsTransformer.java:24)
	at org.testng.internal.annotations.JDK15AnnotationFinder.transform(JDK15AnnotationFinder.java:172)
	at org.testng.internal.annotations.JDK15AnnotationFinder.lambda$findAnnotation$0(JDK15AnnotationFinder.java:279)
	at java.base/java.util.concurrent.ConcurrentHashMap.computeIfAbsent(ConcurrentHashMap.java:1705)
	at org.testng.internal.annotations.JDK15AnnotationFinder.findAnnotation(JDK15AnnotationFinder.java:275)
	at org.testng.internal.annotations.JDK15AnnotationFinder.findAnnotation(JDK15AnnotationFinder.java:113)
	at org.testng.internal.TestNGClassFinder.isTestNGClass(TestNGClassFinder.java:275)
	at org.testng.internal.TestNGClassFinder.isNotTestNGClass(TestNGClassFinder.java:260)
	at org.testng.internal.TestNGClassFinder.processClass(TestNGClassFinder.java:94)
	at org.testng.internal.TestNGClassFinder.<init>(TestNGClassFinder.java:67)
	at org.testng.TestRunner.initMethods(TestRunner.java:442)
	at org.testng.TestRunner.init(TestRunner.java:336)
	at org.testng.TestRunner.init(TestRunner.java:289)
	at org.testng.TestRunner.<init>(TestRunner.java:179)
	at org.testng.SuiteRunner$DefaultTestRunnerFactory.newTestRunner(SuiteRunner.java:643)
	at org.testng.SuiteRunner.init(SuiteRunner.java:225)
	at org.testng.SuiteRunner.<init>(SuiteRunner.java:115)
	at org.testng.TestNG.createSuiteRunner(TestNG.java:1349)
	at org.testng.TestNG.createSuiteRunners(TestNG.java:1325)
	at org.testng.TestNG.runSuitesLocally(TestNG.java:1167)
	at org.testng.TestNG.runSuites(TestNG.java:1099)
	at org.testng.TestNG.run(TestNG.java:1067)
	at org.apache.maven.surefire.testng.TestNGExecutor.run(TestNGExecutor.java:324)
	at org.apache.maven.surefire.testng.TestNGXmlTestSuite.execute(TestNGXmlTestSuite.java:74)
	at org.apache.maven.surefire.testng.TestNGProvider.invoke(TestNGProvider.java:123)
	at org.apache.maven.surefire.booter.ForkedBooter.runSuitesInProcess(ForkedBooter.java:456)
	at org.apache.maven.surefire.booter.ForkedBooter.execute(ForkedBooter.java:169)
	at org.apache.maven.surefire.booter.ForkedBooter.run(ForkedBooter.java:595)
	at org.apache.maven.surefire.booter.ForkedBooter.main(ForkedBooter.java:581)

2023-02-13 11:57:16,342 main ERROR Unable to invoke factory method in class org.apache.logging.log4j.core.appender.RollingFileAppender for element RollingFile: java.lang.IllegalStateException: No factory method found for class org.apache.logging.log4j.core.appender.RollingFileAppender java.lang.IllegalStateException: No factory method found for class org.apache.logging.log4j.core.appender.RollingFileAppender
	at org.apache.logging.log4j.core.config.plugins.util.PluginBuilder.findFactoryMethod(PluginBuilder.java:260)
	at org.apache.logging.log4j.core.config.plugins.util.PluginBuilder.build(PluginBuilder.java:136)
	at org.apache.logging.log4j.core.config.AbstractConfiguration.createPluginObject(AbstractConfiguration.java:1138)
	at org.apache.logging.log4j.core.config.AbstractConfiguration.createConfiguration(AbstractConfiguration.java:1063)
	at org.apache.logging.log4j.core.appender.routing.RoutingAppender.createAppender(RoutingAppender.java:310)
	at org.apache.logging.log4j.core.appender.routing.RoutingAppender.getControl(RoutingAppender.java:282)
	at org.apache.logging.log4j.core.appender.routing.RoutingAppender.append(RoutingAppender.java:240)
	at org.apache.logging.log4j.core.config.AppenderControl.tryCallAppender(AppenderControl.java:161)
	at org.apache.logging.log4j.core.config.AppenderControl.callAppender0(AppenderControl.java:134)
	at org.apache.logging.log4j.core.config.AppenderControl.callAppenderPreventRecursion(AppenderControl.java:125)
	at org.apache.logging.log4j.core.config.AppenderControl.callAppender(AppenderControl.java:89)
	at org.apache.logging.log4j.core.config.LoggerConfig.callAppenders(LoggerConfig.java:683)
	at org.apache.logging.log4j.core.config.LoggerConfig.processLogEvent(LoggerConfig.java:641)
	at org.apache.logging.log4j.core.config.LoggerConfig.log(LoggerConfig.java:624)
	at org.apache.logging.log4j.core.config.LoggerConfig.log(LoggerConfig.java:560)
	at org.apache.logging.log4j.core.config.AwaitCompletionReliabilityStrategy.log(AwaitCompletionReliabilityStrategy.java:82)
	at org.apache.logging.log4j.core.Logger.log(Logger.java:162)
	at org.apache.logging.log4j.spi.AbstractLogger.logMessage(AbstractLogger.java:2106)
	at org.apache.logging.log4j.internal.DefaultLogBuilder.logMessage(DefaultLogBuilder.java:241)
	at org.apache.logging.log4j.internal.DefaultLogBuilder.log(DefaultLogBuilder.java:162)
	at org.apache.poi.openxml4j.opc.PackageRelationshipCollection.parseRelationshipsPart(PackageRelationshipCollection.java:309)
	at org.apache.poi.openxml4j.opc.PackageRelationshipCollection.<init>(PackageRelationshipCollection.java:160)
	at org.apache.poi.openxml4j.opc.PackageRelationshipCollection.<init>(PackageRelationshipCollection.java:116)
	at org.apache.poi.openxml4j.opc.OPCPackage.ensureRelationships(OPCPackage.java:1346)
	at org.apache.poi.openxml4j.opc.OPCPackage.getRelationshipsHelper(OPCPackage.java:1325)
	at org.apache.poi.openxml4j.opc.OPCPackage.getRelationshipsByType(OPCPackage.java:1313)
	at org.apache.poi.ooxml.POIXMLDocumentPart.getPartFromOPCPackage(POIXMLDocumentPart.java:743)
	at org.apache.poi.ooxml.POIXMLDocumentPart.<init>(POIXMLDocumentPart.java:151)
	at org.apache.poi.ooxml.POIXMLDocumentPart.<init>(POIXMLDocumentPart.java:141)
	at org.apache.poi.ooxml.POIXMLDocument.<init>(POIXMLDocument.java:60)
	at org.apache.poi.xssf.usermodel.XSSFWorkbook.<init>(XSSFWorkbook.java:254)
	at org.apache.poi.xssf.usermodel.XSSFWorkbook.<init>(XSSFWorkbook.java:290)
	at org.apache.poi.xssf.usermodel.XSSFWorkbook.<init>(XSSFWorkbook.java:286)
	at externalResources.ExcelDataRead.<init>(ExcelDataRead.java:22)
	at listeners.AnnotationsTransformer.toBeExecuted(AnnotationsTransformer.java:36)
	at listeners.AnnotationsTransformer.transform(AnnotationsTransformer.java:24)
	at org.testng.internal.annotations.JDK15AnnotationFinder.transform(JDK15AnnotationFinder.java:172)
	at org.testng.internal.annotations.JDK15AnnotationFinder.lambda$findAnnotation$0(JDK15AnnotationFinder.java:279)
	at java.base/java.util.concurrent.ConcurrentHashMap.computeIfAbsent(ConcurrentHashMap.java:1705)
	at org.testng.internal.annotations.JDK15AnnotationFinder.findAnnotation(JDK15AnnotationFinder.java:275)
	at org.testng.internal.annotations.JDK15AnnotationFinder.findAnnotation(JDK15AnnotationFinder.java:113)
	at org.testng.internal.TestNGClassFinder.isTestNGClass(TestNGClassFinder.java:275)
	at org.testng.internal.TestNGClassFinder.isNotTestNGClass(TestNGClassFinder.java:260)
	at org.testng.internal.TestNGClassFinder.processClass(TestNGClassFinder.java:94)
	at org.testng.internal.TestNGClassFinder.<init>(TestNGClassFinder.java:67)
	at org.testng.TestRunner.initMethods(TestRunner.java:442)
	at org.testng.TestRunner.init(TestRunner.java:336)
	at org.testng.TestRunner.init(TestRunner.java:289)
	at org.testng.TestRunner.<init>(TestRunner.java:179)
	at org.testng.SuiteRunner$DefaultTestRunnerFactory.newTestRunner(SuiteRunner.java:643)
	at org.testng.SuiteRunner.init(SuiteRunner.java:225)
	at org.testng.SuiteRunner.<init>(SuiteRunner.java:115)
	at org.testng.TestNG.createSuiteRunner(TestNG.java:1349)
	at org.testng.TestNG.createSuiteRunners(TestNG.java:1325)
	at org.testng.TestNG.runSuitesLocally(TestNG.java:1167)
	at org.testng.TestNG.runSuites(TestNG.java:1099)
	at org.testng.TestNG.run(TestNG.java:1067)
	at org.apache.maven.surefire.testng.TestNGExecutor.run(TestNGExecutor.java:324)
	at org.apache.maven.surefire.testng.TestNGXmlTestSuite.execute(TestNGXmlTestSuite.java:74)
	at org.apache.maven.surefire.testng.TestNGProvider.invoke(TestNGProvider.java:123)
	at org.apache.maven.surefire.booter.ForkedBooter.runSuitesInProcess(ForkedBooter.java:456)
	at org.apache.maven.surefire.booter.ForkedBooter.execute(ForkedBooter.java:169)
	at org.apache.maven.surefire.booter.ForkedBooter.run(ForkedBooter.java:595)
	at org.apache.maven.surefire.booter.ForkedBooter.main(ForkedBooter.java:581)

2023-02-13 11:57:16,353 main ERROR Unable to create file ./results/logs/${ctx:threadName}.log java.io.IOException: The filename, directory name, or volume label syntax is incorrect
	at java.base/java.io.WinNTFileSystem.canonicalize0(Native Method)
	at java.base/java.io.WinNTFileSystem.canonicalize(WinNTFileSystem.java:483)
	at java.base/java.io.File.getCanonicalPath(File.java:626)
	at java.base/java.io.File.getCanonicalFile(File.java:651)
	at org.apache.logging.log4j.core.util.FileUtils.makeParentDirs(FileUtils.java:139)
	at org.apache.logging.log4j.core.appender.rolling.RollingFileManager$RollingFileManagerFactory.createManager(RollingFileManager.java:734)
	at org.apache.logging.log4j.core.appender.rolling.RollingFileManager$RollingFileManagerFactory.createManager(RollingFileManager.java:718)
	at org.apache.logging.log4j.core.appender.AbstractManager.getManager(AbstractManager.java:144)
	at org.apache.logging.log4j.core.appender.OutputStreamManager.getManager(OutputStreamManager.java:100)
	at org.apache.logging.log4j.core.appender.rolling.RollingFileManager.getFileManager(RollingFileManager.java:217)
	at org.apache.logging.log4j.core.appender.RollingFileAppender$Builder.build(RollingFileAppender.java:135)
	at org.apache.logging.log4j.core.appender.RollingFileAppender$Builder.build(RollingFileAppender.java:62)
	at org.apache.logging.log4j.core.config.plugins.util.PluginBuilder.build(PluginBuilder.java:124)
	at org.apache.logging.log4j.core.config.AbstractConfiguration.createPluginObject(AbstractConfiguration.java:1138)
	at org.apache.logging.log4j.core.config.AbstractConfiguration.createConfiguration(AbstractConfiguration.java:1063)
	at org.apache.logging.log4j.core.appender.routing.RoutingAppender.createAppender(RoutingAppender.java:310)
	at org.apache.logging.log4j.core.appender.routing.RoutingAppender.getControl(RoutingAppender.java:282)
	at org.apache.logging.log4j.core.appender.routing.RoutingAppender.append(RoutingAppender.java:240)
	at org.apache.logging.log4j.core.config.AppenderControl.tryCallAppender(AppenderControl.java:161)
	at org.apache.logging.log4j.core.config.AppenderControl.callAppender0(AppenderControl.java:134)
	at org.apache.logging.log4j.core.config.AppenderControl.callAppenderPreventRecursion(AppenderControl.java:125)
	at org.apache.logging.log4j.core.config.AppenderControl.callAppender(AppenderControl.java:89)
	at org.apache.logging.log4j.core.config.LoggerConfig.callAppenders(LoggerConfig.java:683)
	at org.apache.logging.log4j.core.config.LoggerConfig.processLogEvent(LoggerConfig.java:641)
	at org.apache.logging.log4j.core.config.LoggerConfig.log(LoggerConfig.java:624)
	at org.apache.logging.log4j.core.config.LoggerConfig.log(LoggerConfig.java:560)
	at org.apache.logging.log4j.core.config.AwaitCompletionReliabilityStrategy.log(AwaitCompletionReliabilityStrategy.java:82)
	at org.apache.logging.log4j.core.Logger.log(Logger.java:162)
	at org.apache.logging.log4j.spi.AbstractLogger.logMessage(AbstractLogger.java:2106)
	at org.apache.logging.log4j.internal.DefaultLogBuilder.logMessage(DefaultLogBuilder.java:241)
	at org.apache.logging.log4j.internal.DefaultLogBuilder.log(DefaultLogBuilder.java:162)
	at org.apache.poi.ooxml.POIXMLFactory.createDocumentPart(POIXMLFactory.java:65)
	at org.apache.poi.ooxml.POIXMLDocumentPart.read(POIXMLDocumentPart.java:661)
	at org.apache.poi.ooxml.POIXMLDocumentPart.read(POIXMLDocumentPart.java:678)
	at org.apache.poi.ooxml.POIXMLDocument.load(POIXMLDocument.java:165)
	at org.apache.poi.xssf.usermodel.XSSFWorkbook.<init>(XSSFWorkbook.java:260)
	at org.apache.poi.xssf.usermodel.XSSFWorkbook.<init>(XSSFWorkbook.java:290)
	at org.apache.poi.xssf.usermodel.XSSFWorkbook.<init>(XSSFWorkbook.java:286)
	at externalResources.ExcelDataRead.<init>(ExcelDataRead.java:22)
	at listeners.AnnotationsTransformer.toBeExecuted(AnnotationsTransformer.java:36)
	at listeners.AnnotationsTransformer.transform(AnnotationsTransformer.java:24)
	at org.testng.internal.annotations.JDK15AnnotationFinder.transform(JDK15AnnotationFinder.java:172)
	at org.testng.internal.annotations.JDK15AnnotationFinder.lambda$findAnnotation$0(JDK15AnnotationFinder.java:279)
	at java.base/java.util.concurrent.ConcurrentHashMap.computeIfAbsent(ConcurrentHashMap.java:1705)
	at org.testng.internal.annotations.JDK15AnnotationFinder.findAnnotation(JDK15AnnotationFinder.java:275)
	at org.testng.internal.annotations.JDK15AnnotationFinder.findAnnotation(JDK15AnnotationFinder.java:113)
	at org.testng.internal.TestNGClassFinder.isTestNGClass(TestNGClassFinder.java:275)
	at org.testng.internal.TestNGClassFinder.isNotTestNGClass(TestNGClassFinder.java:260)
	at org.testng.internal.TestNGClassFinder.processClass(TestNGClassFinder.java:94)
	at org.testng.internal.TestNGClassFinder.<init>(TestNGClassFinder.java:67)
	at org.testng.TestRunner.initMethods(TestRunner.java:442)
	at org.testng.TestRunner.init(TestRunner.java:336)
	at org.testng.TestRunner.init(TestRunner.java:289)
	at org.testng.TestRunner.<init>(TestRunner.java:179)
	at org.testng.SuiteRunner$DefaultTestRunnerFactory.newTestRunner(SuiteRunner.java:643)
	at org.testng.SuiteRunner.init(SuiteRunner.java:225)
	at org.testng.SuiteRunner.<init>(SuiteRunner.java:115)
	at org.testng.TestNG.createSuiteRunner(TestNG.java:1349)
	at org.testng.TestNG.createSuiteRunners(TestNG.java:1325)
	at org.testng.TestNG.runSuitesLocally(TestNG.java:1167)
	at org.testng.TestNG.runSuites(TestNG.java:1099)
	at org.testng.TestNG.run(TestNG.java:1067)
	at org.apache.maven.surefire.testng.TestNGExecutor.run(TestNGExecutor.java:324)
	at org.apache.maven.surefire.testng.TestNGXmlTestSuite.execute(TestNGXmlTestSuite.java:74)
	at org.apache.maven.surefire.testng.TestNGProvider.invoke(TestNGProvider.java:123)
	at org.apache.maven.surefire.booter.ForkedBooter.runSuitesInProcess(ForkedBooter.java:456)
	at org.apache.maven.surefire.booter.ForkedBooter.execute(ForkedBooter.java:169)
	at org.apache.maven.surefire.booter.ForkedBooter.run(ForkedBooter.java:595)
	at org.apache.maven.surefire.booter.ForkedBooter.main(ForkedBooter.java:581)

2023-02-13 11:57:16,353 main ERROR Could not create plugin of type class org.apache.logging.log4j.core.appender.RollingFileAppender for element RollingFile: java.lang.IllegalStateException: ManagerFactory [org.apache.logging.log4j.core.appender.rolling.RollingFileManager$RollingFileManagerFactory@4e6d7365] unable to create manager for [./results/logs/${ctx:threadName}.log] with data [org.apache.logging.log4j.core.appender.rolling.RollingFileManager$FactoryData@c6b2dd9[pattern=./results/logs/${ctx:threadName}-%d{yyyy-MM-dd}.log, append=true, bufferedIO=true, bufferSize=8192, policy=SizeBasedTriggeringPolicy(size=512000), strategy=DefaultRolloverStrategy(min=1, max=7, useMax=true), advertiseURI=null, layout=%d{HH:mm:ss.SSS} [%t] %-5level %logger{36} - %msg%n, filePermissions=null, fileOwner=null]] java.lang.IllegalStateException: ManagerFactory [org.apache.logging.log4j.core.appender.rolling.RollingFileManager$RollingFileManagerFactory@4e6d7365] unable to create manager for [./results/logs/${ctx:threadName}.log] with data [org.apache.logging.log4j.core.appender.rolling.RollingFileManager$FactoryData@c6b2dd9[pattern=./results/logs/${ctx:threadName}-%d{yyyy-MM-dd}.log, append=true, bufferedIO=true, bufferSize=8192, policy=SizeBasedTriggeringPolicy(size=512000), strategy=DefaultRolloverStrategy(min=1, max=7, useMax=true), advertiseURI=null, layout=%d{HH:mm:ss.SSS} [%t] %-5level %logger{36} - %msg%n, filePermissions=null, fileOwner=null]]
	at org.apache.logging.log4j.core.appender.AbstractManager.getManager(AbstractManager.java:146)
	at org.apache.logging.log4j.core.appender.OutputStreamManager.getManager(OutputStreamManager.java:100)
	at org.apache.logging.log4j.core.appender.rolling.RollingFileManager.getFileManager(RollingFileManager.java:217)
	at org.apache.logging.log4j.core.appender.RollingFileAppender$Builder.build(RollingFileAppender.java:135)
	at org.apache.logging.log4j.core.appender.RollingFileAppender$Builder.build(RollingFileAppender.java:62)
	at org.apache.logging.log4j.core.config.plugins.util.PluginBuilder.build(PluginBuilder.java:124)
	at org.apache.logging.log4j.core.config.AbstractConfiguration.createPluginObject(AbstractConfiguration.java:1138)
	at org.apache.logging.log4j.core.config.AbstractConfiguration.createConfiguration(AbstractConfiguration.java:1063)
	at org.apache.logging.log4j.core.appender.routing.RoutingAppender.createAppender(RoutingAppender.java:310)
	at org.apache.logging.log4j.core.appender.routing.RoutingAppender.getControl(RoutingAppender.java:282)
	at org.apache.logging.log4j.core.appender.routing.RoutingAppender.append(RoutingAppender.java:240)
	at org.apache.logging.log4j.core.config.AppenderControl.tryCallAppender(AppenderControl.java:161)
	at org.apache.logging.log4j.core.config.AppenderControl.callAppender0(AppenderControl.java:134)
	at org.apache.logging.log4j.core.config.AppenderControl.callAppenderPreventRecursion(AppenderControl.java:125)
	at org.apache.logging.log4j.core.config.AppenderControl.callAppender(AppenderControl.java:89)
	at org.apache.logging.log4j.core.config.LoggerConfig.callAppenders(LoggerConfig.java:683)
	at org.apache.logging.log4j.core.config.LoggerConfig.processLogEvent(LoggerConfig.java:641)
	at org.apache.logging.log4j.core.config.LoggerConfig.log(LoggerConfig.java:624)
	at org.apache.logging.log4j.core.config.LoggerConfig.log(LoggerConfig.java:560)
	at org.apache.logging.log4j.core.config.AwaitCompletionReliabilityStrategy.log(AwaitCompletionReliabilityStrategy.java:82)
	at org.apache.logging.log4j.core.Logger.log(Logger.java:162)
	at org.apache.logging.log4j.spi.AbstractLogger.logMessage(AbstractLogger.java:2106)
	at org.apache.logging.log4j.internal.DefaultLogBuilder.logMessage(DefaultLogBuilder.java:241)
	at org.apache.logging.log4j.internal.DefaultLogBuilder.log(DefaultLogBuilder.java:162)
	at org.apache.poi.ooxml.POIXMLFactory.createDocumentPart(POIXMLFactory.java:65)
	at org.apache.poi.ooxml.POIXMLDocumentPart.read(POIXMLDocumentPart.java:661)
	at org.apache.poi.ooxml.POIXMLDocumentPart.read(POIXMLDocumentPart.java:678)
	at org.apache.poi.ooxml.POIXMLDocument.load(POIXMLDocument.java:165)
	at org.apache.poi.xssf.usermodel.XSSFWorkbook.<init>(XSSFWorkbook.java:260)
	at org.apache.poi.xssf.usermodel.XSSFWorkbook.<init>(XSSFWorkbook.java:290)
	at org.apache.poi.xssf.usermodel.XSSFWorkbook.<init>(XSSFWorkbook.java:286)
	at externalResources.ExcelDataRead.<init>(ExcelDataRead.java:22)
	at listeners.AnnotationsTransformer.toBeExecuted(AnnotationsTransformer.java:36)
	at listeners.AnnotationsTransformer.transform(AnnotationsTransformer.java:24)
	at org.testng.internal.annotations.JDK15AnnotationFinder.transform(JDK15AnnotationFinder.java:172)
	at org.testng.internal.annotations.JDK15AnnotationFinder.lambda$findAnnotation$0(JDK15AnnotationFinder.java:279)
	at java.base/java.util.concurrent.ConcurrentHashMap.computeIfAbsent(ConcurrentHashMap.java:1705)
	at org.testng.internal.annotations.JDK15AnnotationFinder.findAnnotation(JDK15AnnotationFinder.java:275)
	at org.testng.internal.annotations.JDK15AnnotationFinder.findAnnotation(JDK15AnnotationFinder.java:113)
	at org.testng.internal.TestNGClassFinder.isTestNGClass(TestNGClassFinder.java:275)
	at org.testng.internal.TestNGClassFinder.isNotTestNGClass(TestNGClassFinder.java:260)
	at org.testng.internal.TestNGClassFinder.processClass(TestNGClassFinder.java:94)
	at org.testng.internal.TestNGClassFinder.<init>(TestNGClassFinder.java:67)
	at org.testng.TestRunner.initMethods(TestRunner.java:442)
	at org.testng.TestRunner.init(TestRunner.java:336)
	at org.testng.TestRunner.init(TestRunner.java:289)
	at org.testng.TestRunner.<init>(TestRunner.java:179)
	at org.testng.SuiteRunner$DefaultTestRunnerFactory.newTestRunner(SuiteRunner.java:643)
	at org.testng.SuiteRunner.init(SuiteRunner.java:225)
	at org.testng.SuiteRunner.<init>(SuiteRunner.java:115)
	at org.testng.TestNG.createSuiteRunner(TestNG.java:1349)
	at org.testng.TestNG.createSuiteRunners(TestNG.java:1325)
	at org.testng.TestNG.runSuitesLocally(TestNG.java:1167)
	at org.testng.TestNG.runSuites(TestNG.java:1099)
	at org.testng.TestNG.run(TestNG.java:1067)
	at org.apache.maven.surefire.testng.TestNGExecutor.run(TestNGExecutor.java:324)
	at org.apache.maven.surefire.testng.TestNGXmlTestSuite.execute(TestNGXmlTestSuite.java:74)
	at org.apache.maven.surefire.testng.TestNGProvider.invoke(TestNGProvider.java:123)
	at org.apache.maven.surefire.booter.ForkedBooter.runSuitesInProcess(ForkedBooter.java:456)
	at org.apache.maven.surefire.booter.ForkedBooter.execute(ForkedBooter.java:169)
	at org.apache.maven.surefire.booter.ForkedBooter.run(ForkedBooter.java:595)
	at org.apache.maven.surefire.booter.ForkedBooter.main(ForkedBooter.java:581)

2023-02-13 11:57:16,353 main ERROR Unable to invoke factory method in class org.apache.logging.log4j.core.appender.RollingFileAppender for element RollingFile: java.lang.IllegalStateException: No factory method found for class org.apache.logging.log4j.core.appender.RollingFileAppender java.lang.IllegalStateException: No factory method found for class org.apache.logging.log4j.core.appender.RollingFileAppender
	at org.apache.logging.log4j.core.config.plugins.util.PluginBuilder.findFactoryMethod(PluginBuilder.java:260)
	at org.apache.logging.log4j.core.config.plugins.util.PluginBuilder.build(PluginBuilder.java:136)
	at org.apache.logging.log4j.core.config.AbstractConfiguration.createPluginObject(AbstractConfiguration.java:1138)
	at org.apache.logging.log4j.core.config.AbstractConfiguration.createConfiguration(AbstractConfiguration.java:1063)
	at org.apache.logging.log4j.core.appender.routing.RoutingAppender.createAppender(RoutingAppender.java:310)
	at org.apache.logging.log4j.core.appender.routing.RoutingAppender.getControl(RoutingAppender.java:282)
	at org.apache.logging.log4j.core.appender.routing.RoutingAppender.append(RoutingAppender.java:240)
	at org.apache.logging.log4j.core.config.AppenderControl.tryCallAppender(AppenderControl.java:161)
	at org.apache.logging.log4j.core.config.AppenderControl.callAppender0(AppenderControl.java:134)
	at org.apache.logging.log4j.core.config.AppenderControl.callAppenderPreventRecursion(AppenderControl.java:125)
	at org.apache.logging.log4j.core.config.AppenderControl.callAppender(AppenderControl.java:89)
	at org.apache.logging.log4j.core.config.LoggerConfig.callAppenders(LoggerConfig.java:683)
	at org.apache.logging.log4j.core.config.LoggerConfig.processLogEvent(LoggerConfig.java:641)
	at org.apache.logging.log4j.core.config.LoggerConfig.log(LoggerConfig.java:624)
	at org.apache.logging.log4j.core.config.LoggerConfig.log(LoggerConfig.java:560)
	at org.apache.logging.log4j.core.config.AwaitCompletionReliabilityStrategy.log(AwaitCompletionReliabilityStrategy.java:82)
	at org.apache.logging.log4j.core.Logger.log(Logger.java:162)
	at org.apache.logging.log4j.spi.AbstractLogger.logMessage(AbstractLogger.java:2106)
	at org.apache.logging.log4j.internal.DefaultLogBuilder.logMessage(DefaultLogBuilder.java:241)
	at org.apache.logging.log4j.internal.DefaultLogBuilder.log(DefaultLogBuilder.java:162)
	at org.apache.poi.ooxml.POIXMLFactory.createDocumentPart(POIXMLFactory.java:65)
	at org.apache.poi.ooxml.POIXMLDocumentPart.read(POIXMLDocumentPart.java:661)
	at org.apache.poi.ooxml.POIXMLDocumentPart.read(POIXMLDocumentPart.java:678)
	at org.apache.poi.ooxml.POIXMLDocument.load(POIXMLDocument.java:165)
	at org.apache.poi.xssf.usermodel.XSSFWorkbook.<init>(XSSFWorkbook.java:260)
	at org.apache.poi.xssf.usermodel.XSSFWorkbook.<init>(XSSFWorkbook.java:290)
	at org.apache.poi.xssf.usermodel.XSSFWorkbook.<init>(XSSFWorkbook.java:286)
	at externalResources.ExcelDataRead.<init>(ExcelDataRead.java:22)
	at listeners.AnnotationsTransformer.toBeExecuted(AnnotationsTransformer.java:36)
	at listeners.AnnotationsTransformer.transform(AnnotationsTransformer.java:24)
	at org.testng.internal.annotations.JDK15AnnotationFinder.transform(JDK15AnnotationFinder.java:172)
	at org.testng.internal.annotations.JDK15AnnotationFinder.lambda$findAnnotation$0(JDK15AnnotationFinder.java:279)
	at java.base/java.util.concurrent.ConcurrentHashMap.computeIfAbsent(ConcurrentHashMap.java:1705)
	at org.testng.internal.annotations.JDK15AnnotationFinder.findAnnotation(JDK15AnnotationFinder.java:275)
	at org.testng.internal.annotations.JDK15AnnotationFinder.findAnnotation(JDK15AnnotationFinder.java:113)
	at org.testng.internal.TestNGClassFinder.isTestNGClass(TestNGClassFinder.java:275)
	at org.testng.internal.TestNGClassFinder.isNotTestNGClass(TestNGClassFinder.java:260)
	at org.testng.internal.TestNGClassFinder.processClass(TestNGClassFinder.java:94)
	at org.testng.internal.TestNGClassFinder.<init>(TestNGClassFinder.java:67)
	at org.testng.TestRunner.initMethods(TestRunner.java:442)
	at org.testng.TestRunner.init(TestRunner.java:336)
	at org.testng.TestRunner.init(TestRunner.java:289)
	at org.testng.TestRunner.<init>(TestRunner.java:179)
	at org.testng.SuiteRunner$DefaultTestRunnerFactory.newTestRunner(SuiteRunner.java:643)
	at org.testng.SuiteRunner.init(SuiteRunner.java:225)
	at org.testng.SuiteRunner.<init>(SuiteRunner.java:115)
	at org.testng.TestNG.createSuiteRunner(TestNG.java:1349)
	at org.testng.TestNG.createSuiteRunners(TestNG.java:1325)
	at org.testng.TestNG.runSuitesLocally(TestNG.java:1167)
	at org.testng.TestNG.runSuites(TestNG.java:1099)
	at org.testng.TestNG.run(TestNG.java:1067)
	at org.apache.maven.surefire.testng.TestNGExecutor.run(TestNGExecutor.java:324)
	at org.apache.maven.surefire.testng.TestNGXmlTestSuite.execute(TestNGXmlTestSuite.java:74)
	at org.apache.maven.surefire.testng.TestNGProvider.invoke(TestNGProvider.java:123)
	at org.apache.maven.surefire.booter.ForkedBooter.runSuitesInProcess(ForkedBooter.java:456)
	at org.apache.maven.surefire.booter.ForkedBooter.execute(ForkedBooter.java:169)
	at org.apache.maven.surefire.booter.ForkedBooter.run(ForkedBooter.java:595)
	at org.apache.maven.surefire.booter.ForkedBooter.main(ForkedBooter.java:581)

2023-02-13 11:57:16,355 main ERROR Unable to create file ./results/logs/${ctx:threadName}.log java.io.IOException: The filename, directory name, or volume label syntax is incorrect
	at java.base/java.io.WinNTFileSystem.canonicalize0(Native Method)
	at java.base/java.io.WinNTFileSystem.canonicalize(WinNTFileSystem.java:483)
	at java.base/java.io.File.getCanonicalPath(File.java:626)
	at java.base/java.io.File.getCanonicalFile(File.java:651)
	at org.apache.logging.log4j.core.util.FileUtils.makeParentDirs(FileUtils.java:139)
	at org.apache.logging.log4j.core.appender.rolling.RollingFileManager$RollingFileManagerFactory.createManager(RollingFileManager.java:734)
	at org.apache.logging.log4j.core.appender.rolling.RollingFileManager$RollingFileManagerFactory.createManager(RollingFileManager.java:718)
	at org.apache.logging.log4j.core.appender.AbstractManager.getManager(AbstractManager.java:144)
	at org.apache.logging.log4j.core.appender.OutputStreamManager.getManager(OutputStreamManager.java:100)
	at org.apache.logging.log4j.core.appender.rolling.RollingFileManager.getFileManager(RollingFileManager.java:217)
	at org.apache.logging.log4j.core.appender.RollingFileAppender$Builder.build(RollingFileAppender.java:135)
	at org.apache.logging.log4j.core.appender.RollingFileAppender$Builder.build(RollingFileAppender.java:62)
	at org.apache.logging.log4j.core.config.plugins.util.PluginBuilder.build(PluginBuilder.java:124)
	at org.apache.logging.log4j.core.config.AbstractConfiguration.createPluginObject(AbstractConfiguration.java:1138)
	at org.apache.logging.log4j.core.config.AbstractConfiguration.createConfiguration(AbstractConfiguration.java:1063)
	at org.apache.logging.log4j.core.appender.routing.RoutingAppender.createAppender(RoutingAppender.java:310)
	at org.apache.logging.log4j.core.appender.routing.RoutingAppender.getControl(RoutingAppender.java:282)
	at org.apache.logging.log4j.core.appender.routing.RoutingAppender.append(RoutingAppender.java:240)
	at org.apache.logging.log4j.core.config.AppenderControl.tryCallAppender(AppenderControl.java:161)
	at org.apache.logging.log4j.core.config.AppenderControl.callAppender0(AppenderControl.java:134)
	at org.apache.logging.log4j.core.config.AppenderControl.callAppenderPreventRecursion(AppenderControl.java:125)
	at org.apache.logging.log4j.core.config.AppenderControl.callAppender(AppenderControl.java:89)
	at org.apache.logging.log4j.core.config.LoggerConfig.callAppenders(LoggerConfig.java:683)
	at org.apache.logging.log4j.core.config.LoggerConfig.processLogEvent(LoggerConfig.java:641)
	at org.apache.logging.log4j.core.config.LoggerConfig.log(LoggerConfig.java:624)
	at org.apache.logging.log4j.core.config.LoggerConfig.log(LoggerConfig.java:560)
	at org.apache.logging.log4j.core.config.AwaitCompletionReliabilityStrategy.log(AwaitCompletionReliabilityStrategy.java:82)
	at org.apache.logging.log4j.core.Logger.log(Logger.java:162)
	at org.apache.logging.log4j.spi.AbstractLogger.logMessage(AbstractLogger.java:2106)
	at org.apache.logging.log4j.internal.DefaultLogBuilder.logMessage(DefaultLogBuilder.java:241)
	at org.apache.logging.log4j.internal.DefaultLogBuilder.log(DefaultLogBuilder.java:162)
	at org.apache.poi.ooxml.POIXMLFactory.createDocumentPart(POIXMLFactory.java:65)
	at org.apache.poi.ooxml.POIXMLDocumentPart.read(POIXMLDocumentPart.java:661)
	at org.apache.poi.ooxml.POIXMLDocumentPart.read(POIXMLDocumentPart.java:678)
	at org.apache.poi.ooxml.POIXMLDocument.load(POIXMLDocument.java:165)
	at org.apache.poi.xssf.usermodel.XSSFWorkbook.<init>(XSSFWorkbook.java:260)
	at org.apache.poi.xssf.usermodel.XSSFWorkbook.<init>(XSSFWorkbook.java:290)
	at org.apache.poi.xssf.usermodel.XSSFWorkbook.<init>(XSSFWorkbook.java:286)
	at externalResources.ExcelDataRead.<init>(ExcelDataRead.java:22)
	at listeners.AnnotationsTransformer.toBeExecuted(AnnotationsTransformer.java:36)
	at listeners.AnnotationsTransformer.transform(AnnotationsTransformer.java:24)
	at org.testng.internal.annotations.JDK15AnnotationFinder.transform(JDK15AnnotationFinder.java:172)
	at org.testng.internal.annotations.JDK15AnnotationFinder.lambda$findAnnotation$0(JDK15AnnotationFinder.java:279)
	at java.base/java.util.concurrent.ConcurrentHashMap.computeIfAbsent(ConcurrentHashMap.java:1705)
	at org.testng.internal.annotations.JDK15AnnotationFinder.findAnnotation(JDK15AnnotationFinder.java:275)
	at org.testng.internal.annotations.JDK15AnnotationFinder.findAnnotation(JDK15AnnotationFinder.java:113)
	at org.testng.internal.TestNGClassFinder.isTestNGClass(TestNGClassFinder.java:275)
	at org.testng.internal.TestNGClassFinder.isNotTestNGClass(TestNGClassFinder.java:260)
	at org.testng.internal.TestNGClassFinder.processClass(TestNGClassFinder.java:94)
	at org.testng.internal.TestNGClassFinder.<init>(TestNGClassFinder.java:67)
	at org.testng.TestRunner.initMethods(TestRunner.java:442)
	at org.testng.TestRunner.init(TestRunner.java:336)
	at org.testng.TestRunner.init(TestRunner.java:289)
	at org.testng.TestRunner.<init>(TestRunner.java:179)
	at org.testng.SuiteRunner$DefaultTestRunnerFactory.newTestRunner(SuiteRunner.java:643)
	at org.testng.SuiteRunner.init(SuiteRunner.java:225)
	at org.testng.SuiteRunner.<init>(SuiteRunner.java:115)
	at org.testng.TestNG.createSuiteRunner(TestNG.java:1349)
	at org.testng.TestNG.createSuiteRunners(TestNG.java:1325)
	at org.testng.TestNG.runSuitesLocally(TestNG.java:1167)
	at org.testng.TestNG.runSuites(TestNG.java:1099)
	at org.testng.TestNG.run(TestNG.java:1067)
	at org.apache.maven.surefire.testng.TestNGExecutor.run(TestNGExecutor.java:324)
	at org.apache.maven.surefire.testng.TestNGXmlTestSuite.execute(TestNGXmlTestSuite.java:74)
	at org.apache.maven.surefire.testng.TestNGProvider.invoke(TestNGProvider.java:123)
	at org.apache.maven.surefire.booter.ForkedBooter.runSuitesInProcess(ForkedBooter.java:456)
	at org.apache.maven.surefire.booter.ForkedBooter.execute(ForkedBooter.java:169)
	at org.apache.maven.surefire.booter.ForkedBooter.run(ForkedBooter.java:595)
	at org.apache.maven.surefire.booter.ForkedBooter.main(ForkedBooter.java:581)

2023-02-13 11:57:16,355 main ERROR Could not create plugin of type class org.apache.logging.log4j.core.appender.RollingFileAppender for element RollingFile: java.lang.IllegalStateException: ManagerFactory [org.apache.logging.log4j.core.appender.rolling.RollingFileManager$RollingFileManagerFactory@4e6d7365] unable to create manager for [./results/logs/${ctx:threadName}.log] with data [org.apache.logging.log4j.core.appender.rolling.RollingFileManager$FactoryData@57a2ed35[pattern=./results/logs/${ctx:threadName}-%d{yyyy-MM-dd}.log, append=true, bufferedIO=true, bufferSize=8192, policy=SizeBasedTriggeringPolicy(size=512000), strategy=DefaultRolloverStrategy(min=1, max=7, useMax=true), advertiseURI=null, layout=%d{HH:mm:ss.SSS} [%t] %-5level %logger{36} - %msg%n, filePermissions=null, fileOwner=null]] java.lang.IllegalStateException: ManagerFactory [org.apache.logging.log4j.core.appender.rolling.RollingFileManager$RollingFileManagerFactory@4e6d7365] unable to create manager for [./results/logs/${ctx:threadName}.log] with data [org.apache.logging.log4j.core.appender.rolling.RollingFileManager$FactoryData@57a2ed35[pattern=./results/logs/${ctx:threadName}-%d{yyyy-MM-dd}.log, append=true, bufferedIO=true, bufferSize=8192, policy=SizeBasedTriggeringPolicy(size=512000), strategy=DefaultRolloverStrategy(min=1, max=7, useMax=true), advertiseURI=null, layout=%d{HH:mm:ss.SSS} [%t] %-5level %logger{36} - %msg%n, filePermissions=null, fileOwner=null]]
	at org.apache.logging.log4j.core.appender.AbstractManager.getManager(AbstractManager.java:146)
	at org.apache.logging.log4j.core.appender.OutputStreamManager.getManager(OutputStreamManager.java:100)
	at org.apache.logging.log4j.core.appender.rolling.RollingFileManager.getFileManager(RollingFileManager.java:217)
	at org.apache.logging.log4j.core.appender.RollingFileAppender$Builder.build(RollingFileAppender.java:135)
	at org.apache.logging.log4j.core.appender.RollingFileAppender$Builder.build(RollingFileAppender.java:62)
	at org.apache.logging.log4j.core.config.plugins.util.PluginBuilder.build(PluginBuilder.java:124)
	at org.apache.logging.log4j.core.config.AbstractConfiguration.createPluginObject(AbstractConfiguration.java:1138)
	at org.apache.logging.log4j.core.config.AbstractConfiguration.createConfiguration(AbstractConfiguration.java:1063)
	at org.apache.logging.log4j.core.appender.routing.RoutingAppender.createAppender(RoutingAppender.java:310)
	at org.apache.logging.log4j.core.appender.routing.RoutingAppender.getControl(RoutingAppender.java:282)
	at org.apache.logging.log4j.core.appender.routing.RoutingAppender.append(RoutingAppender.java:240)
	at org.apache.logging.log4j.core.config.AppenderControl.tryCallAppender(AppenderControl.java:161)
	at org.apache.logging.log4j.core.config.AppenderControl.callAppender0(AppenderControl.java:134)
	at org.apache.logging.log4j.core.config.AppenderControl.callAppenderPreventRecursion(AppenderControl.java:125)
	at org.apache.logging.log4j.core.config.AppenderControl.callAppender(AppenderControl.java:89)
	at org.apache.logging.log4j.core.config.LoggerConfig.callAppenders(LoggerConfig.java:683)
	at org.apache.logging.log4j.core.config.LoggerConfig.processLogEvent(LoggerConfig.java:641)
	at org.apache.logging.log4j.core.config.LoggerConfig.log(LoggerConfig.java:624)
	at org.apache.logging.log4j.core.config.LoggerConfig.log(LoggerConfig.java:560)
	at org.apache.logging.log4j.core.config.AwaitCompletionReliabilityStrategy.log(AwaitCompletionReliabilityStrategy.java:82)
	at org.apache.logging.log4j.core.Logger.log(Logger.java:162)
	at org.apache.logging.log4j.spi.AbstractLogger.logMessage(AbstractLogger.java:2106)
	at org.apache.logging.log4j.internal.DefaultLogBuilder.logMessage(DefaultLogBuilder.java:241)
	at org.apache.logging.log4j.internal.DefaultLogBuilder.log(DefaultLogBuilder.java:162)
	at org.apache.poi.ooxml.POIXMLFactory.createDocumentPart(POIXMLFactory.java:65)
	at org.apache.poi.ooxml.POIXMLDocumentPart.read(POIXMLDocumentPart.java:661)
	at org.apache.poi.ooxml.POIXMLDocumentPart.read(POIXMLDocumentPart.java:678)
	at org.apache.poi.ooxml.POIXMLDocument.load(POIXMLDocument.java:165)
	at org.apache.poi.xssf.usermodel.XSSFWorkbook.<init>(XSSFWorkbook.java:260)
	at org.apache.poi.xssf.usermodel.XSSFWorkbook.<init>(XSSFWorkbook.java:290)
	at org.apache.poi.xssf.usermodel.XSSFWorkbook.<init>(XSSFWorkbook.java:286)
	at externalResources.ExcelDataRead.<init>(ExcelDataRead.java:22)
	at listeners.AnnotationsTransformer.toBeExecuted(AnnotationsTransformer.java:36)
	at listeners.AnnotationsTransformer.transform(AnnotationsTransformer.java:24)
	at org.testng.internal.annotations.JDK15AnnotationFinder.transform(JDK15AnnotationFinder.java:172)
	at org.testng.internal.annotations.JDK15AnnotationFinder.lambda$findAnnotation$0(JDK15AnnotationFinder.java:279)
	at java.base/java.util.concurrent.ConcurrentHashMap.computeIfAbsent(ConcurrentHashMap.java:1705)
	at org.testng.internal.annotations.JDK15AnnotationFinder.findAnnotation(JDK15AnnotationFinder.java:275)
	at org.testng.internal.annotations.JDK15AnnotationFinder.findAnnotation(JDK15AnnotationFinder.java:113)
	at org.testng.internal.TestNGClassFinder.isTestNGClass(TestNGClassFinder.java:275)
	at org.testng.internal.TestNGClassFinder.isNotTestNGClass(TestNGClassFinder.java:260)
	at org.testng.internal.TestNGClassFinder.processClass(TestNGClassFinder.java:94)
	at org.testng.internal.TestNGClassFinder.<init>(TestNGClassFinder.java:67)
	at org.testng.TestRunner.initMethods(TestRunner.java:442)
	at org.testng.TestRunner.init(TestRunner.java:336)
	at org.testng.TestRunner.init(TestRunner.java:289)
	at org.testng.TestRunner.<init>(TestRunner.java:179)
	at org.testng.SuiteRunner$DefaultTestRunnerFactory.newTestRunner(SuiteRunner.java:643)
	at org.testng.SuiteRunner.init(SuiteRunner.java:225)
	at org.testng.SuiteRunner.<init>(SuiteRunner.java:115)
	at org.testng.TestNG.createSuiteRunner(TestNG.java:1349)
	at org.testng.TestNG.createSuiteRunners(TestNG.java:1325)
	at org.testng.TestNG.runSuitesLocally(TestNG.java:1167)
	at org.testng.TestNG.runSuites(TestNG.java:1099)
	at org.testng.TestNG.run(TestNG.java:1067)
	at org.apache.maven.surefire.testng.TestNGExecutor.run(TestNGExecutor.java:324)
	at org.apache.maven.surefire.testng.TestNGXmlTestSuite.execute(TestNGXmlTestSuite.java:74)
	at org.apache.maven.surefire.testng.TestNGProvider.invoke(TestNGProvider.java:123)
	at org.apache.maven.surefire.booter.ForkedBooter.runSuitesInProcess(ForkedBooter.java:456)
	at org.apache.maven.surefire.booter.ForkedBooter.execute(ForkedBooter.java:169)
	at org.apache.maven.surefire.booter.ForkedBooter.run(ForkedBooter.java:595)
	at org.apache.maven.surefire.booter.ForkedBooter.main(ForkedBooter.java:581)

2023-02-13 11:57:16,355 main ERROR Unable to invoke factory method in class org.apache.logging.log4j.core.appender.RollingFileAppender for element RollingFile: java.lang.IllegalStateException: No factory method found for class org.apache.logging.log4j.core.appender.RollingFileAppender java.lang.IllegalStateException: No factory method found for class org.apache.logging.log4j.core.appender.RollingFileAppender
	at org.apache.logging.log4j.core.config.plugins.util.PluginBuilder.findFactoryMethod(PluginBuilder.java:260)
	at org.apache.logging.log4j.core.config.plugins.util.PluginBuilder.build(PluginBuilder.java:136)
	at org.apache.logging.log4j.core.config.AbstractConfiguration.createPluginObject(AbstractConfiguration.java:1138)
	at org.apache.logging.log4j.core.config.AbstractConfiguration.createConfiguration(AbstractConfiguration.java:1063)
	at org.apache.logging.log4j.core.appender.routing.RoutingAppender.createAppender(RoutingAppender.java:310)
	at org.apache.logging.log4j.core.appender.routing.RoutingAppender.getControl(RoutingAppender.java:282)
	at org.apache.logging.log4j.core.appender.routing.RoutingAppender.append(RoutingAppender.java:240)
	at org.apache.logging.log4j.core.config.AppenderControl.tryCallAppender(AppenderControl.java:161)
	at org.apache.logging.log4j.core.config.AppenderControl.callAppender0(AppenderControl.java:134)
	at org.apache.logging.log4j.core.config.AppenderControl.callAppenderPreventRecursion(AppenderControl.java:125)
	at org.apache.logging.log4j.core.config.AppenderControl.callAppender(AppenderControl.java:89)
	at org.apache.logging.log4j.core.config.LoggerConfig.callAppenders(LoggerConfig.java:683)
	at org.apache.logging.log4j.core.config.LoggerConfig.processLogEvent(LoggerConfig.java:641)
	at org.apache.logging.log4j.core.config.LoggerConfig.log(LoggerConfig.java:624)
	at org.apache.logging.log4j.core.config.LoggerConfig.log(LoggerConfig.java:560)
	at org.apache.logging.log4j.core.config.AwaitCompletionReliabilityStrategy.log(AwaitCompletionReliabilityStrategy.java:82)
	at org.apache.logging.log4j.core.Logger.log(Logger.java:162)
	at org.apache.logging.log4j.spi.AbstractLogger.logMessage(AbstractLogger.java:2106)
	at org.apache.logging.log4j.internal.DefaultLogBuilder.logMessage(DefaultLogBuilder.java:241)
	at org.apache.logging.log4j.internal.DefaultLogBuilder.log(DefaultLogBuilder.java:162)
	at org.apache.poi.ooxml.POIXMLFactory.createDocumentPart(POIXMLFactory.java:65)
	at org.apache.poi.ooxml.POIXMLDocumentPart.read(POIXMLDocumentPart.java:661)
	at org.apache.poi.ooxml.POIXMLDocumentPart.read(POIXMLDocumentPart.java:678)
	at org.apache.poi.ooxml.POIXMLDocument.load(POIXMLDocument.java:165)
	at org.apache.poi.xssf.usermodel.XSSFWorkbook.<init>(XSSFWorkbook.java:260)
	at org.apache.poi.xssf.usermodel.XSSFWorkbook.<init>(XSSFWorkbook.java:290)
	at org.apache.poi.xssf.usermodel.XSSFWorkbook.<init>(XSSFWorkbook.java:286)
	at externalResources.ExcelDataRead.<init>(ExcelDataRead.java:22)
	at listeners.AnnotationsTransformer.toBeExecuted(AnnotationsTransformer.java:36)
	at listeners.AnnotationsTransformer.transform(AnnotationsTransformer.java:24)
	at org.testng.internal.annotations.JDK15AnnotationFinder.transform(JDK15AnnotationFinder.java:172)
	at org.testng.internal.annotations.JDK15AnnotationFinder.lambda$findAnnotation$0(JDK15AnnotationFinder.java:279)
	at java.base/java.util.concurrent.ConcurrentHashMap.computeIfAbsent(ConcurrentHashMap.java:1705)
	at org.testng.internal.annotations.JDK15AnnotationFinder.findAnnotation(JDK15AnnotationFinder.java:275)
	at org.testng.internal.annotations.JDK15AnnotationFinder.findAnnotation(JDK15AnnotationFinder.java:113)
	at org.testng.internal.TestNGClassFinder.isTestNGClass(TestNGClassFinder.java:275)
	at org.testng.internal.TestNGClassFinder.isNotTestNGClass(TestNGClassFinder.java:260)
	at org.testng.internal.TestNGClassFinder.processClass(TestNGClassFinder.java:94)
	at org.testng.internal.TestNGClassFinder.<init>(TestNGClassFinder.java:67)
	at org.testng.TestRunner.initMethods(TestRunner.java:442)
	at org.testng.TestRunner.init(TestRunner.java:336)
	at org.testng.TestRunner.init(TestRunner.java:289)
	at org.testng.TestRunner.<init>(TestRunner.java:179)
	at org.testng.SuiteRunner$DefaultTestRunnerFactory.newTestRunner(SuiteRunner.java:643)
	at org.testng.SuiteRunner.init(SuiteRunner.java:225)
	at org.testng.SuiteRunner.<init>(SuiteRunner.java:115)
	at org.testng.TestNG.createSuiteRunner(TestNG.java:1349)
	at org.testng.TestNG.createSuiteRunners(TestNG.java:1325)
	at org.testng.TestNG.runSuitesLocally(TestNG.java:1167)
	at org.testng.TestNG.runSuites(TestNG.java:1099)
	at org.testng.TestNG.run(TestNG.java:1067)
	at org.apache.maven.surefire.testng.TestNGExecutor.run(TestNGExecutor.java:324)
	at org.apache.maven.surefire.testng.TestNGXmlTestSuite.execute(TestNGXmlTestSuite.java:74)
	at org.apache.maven.surefire.testng.TestNGProvider.invoke(TestNGProvider.java:123)
	at org.apache.maven.surefire.booter.ForkedBooter.runSuitesInProcess(ForkedBooter.java:456)
	at org.apache.maven.surefire.booter.ForkedBooter.execute(ForkedBooter.java:169)
	at org.apache.maven.surefire.booter.ForkedBooter.run(ForkedBooter.java:595)
	at org.apache.maven.surefire.booter.ForkedBooter.main(ForkedBooter.java:581)

2023-02-13 11:57:16,373 main ERROR Unable to create file ./results/logs/${ctx:threadName}.log java.io.IOException: The filename, directory name, or volume label syntax is incorrect
	at java.base/java.io.WinNTFileSystem.canonicalize0(Native Method)
	at java.base/java.io.WinNTFileSystem.canonicalize(WinNTFileSystem.java:483)
	at java.base/java.io.File.getCanonicalPath(File.java:626)
	at java.base/java.io.File.getCanonicalFile(File.java:651)
	at org.apache.logging.log4j.core.util.FileUtils.makeParentDirs(FileUtils.java:139)
	at org.apache.logging.log4j.core.appender.rolling.RollingFileManager$RollingFileManagerFactory.createManager(RollingFileManager.java:734)
	at org.apache.logging.log4j.core.appender.rolling.RollingFileManager$RollingFileManagerFactory.createManager(RollingFileManager.java:718)
	at org.apache.logging.log4j.core.appender.AbstractManager.getManager(AbstractManager.java:144)
	at org.apache.logging.log4j.core.appender.OutputStreamManager.getManager(OutputStreamManager.java:100)
	at org.apache.logging.log4j.core.appender.rolling.RollingFileManager.getFileManager(RollingFileManager.java:217)
	at org.apache.logging.log4j.core.appender.RollingFileAppender$Builder.build(RollingFileAppender.java:135)
	at org.apache.logging.log4j.core.appender.RollingFileAppender$Builder.build(RollingFileAppender.java:62)
	at org.apache.logging.log4j.core.config.plugins.util.PluginBuilder.build(PluginBuilder.java:124)
	at org.apache.logging.log4j.core.config.AbstractConfiguration.createPluginObject(AbstractConfiguration.java:1138)
	at org.apache.logging.log4j.core.config.AbstractConfiguration.createConfiguration(AbstractConfiguration.java:1063)
	at org.apache.logging.log4j.core.appender.routing.RoutingAppender.createAppender(RoutingAppender.java:310)
	at org.apache.logging.log4j.core.appender.routing.RoutingAppender.getControl(RoutingAppender.java:282)
	at org.apache.logging.log4j.core.appender.routing.RoutingAppender.append(RoutingAppender.java:240)
	at org.apache.logging.log4j.core.config.AppenderControl.tryCallAppender(AppenderControl.java:161)
	at org.apache.logging.log4j.core.config.AppenderControl.callAppender0(AppenderControl.java:134)
	at org.apache.logging.log4j.core.config.AppenderControl.callAppenderPreventRecursion(AppenderControl.java:125)
	at org.apache.logging.log4j.core.config.AppenderControl.callAppender(AppenderControl.java:89)
	at org.apache.logging.log4j.core.config.LoggerConfig.callAppenders(LoggerConfig.java:683)
	at org.apache.logging.log4j.core.config.LoggerConfig.processLogEvent(LoggerConfig.java:641)
	at org.apache.logging.log4j.core.config.LoggerConfig.log(LoggerConfig.java:624)
	at org.apache.logging.log4j.core.config.LoggerConfig.log(LoggerConfig.java:560)
	at org.apache.logging.log4j.core.config.AwaitCompletionReliabilityStrategy.log(AwaitCompletionReliabilityStrategy.java:82)
	at org.apache.logging.log4j.core.Logger.log(Logger.java:162)
	at org.apache.logging.log4j.spi.AbstractLogger.logMessage(AbstractLogger.java:2106)
	at org.apache.logging.log4j.internal.DefaultLogBuilder.logMessage(DefaultLogBuilder.java:241)
	at org.apache.logging.log4j.internal.DefaultLogBuilder.log(DefaultLogBuilder.java:162)
	at org.apache.poi.openxml4j.opc.PackageRelationshipCollection.parseRelationshipsPart(PackageRelationshipCollection.java:309)
	at org.apache.poi.openxml4j.opc.PackageRelationshipCollection.<init>(PackageRelationshipCollection.java:160)
	at org.apache.poi.openxml4j.opc.PackageRelationshipCollection.<init>(PackageRelationshipCollection.java:130)
	at org.apache.poi.openxml4j.opc.PackagePart.loadRelationships(PackagePart.java:565)
	at org.apache.poi.openxml4j.opc.OPCPackage.getParts(OPCPackage.java:751)
	at org.apache.poi.openxml4j.opc.OPCPackage.open(OPCPackage.java:322)
	at org.apache.poi.ooxml.util.PackageHelper.open(PackageHelper.java:59)
	at org.apache.poi.xssf.usermodel.XSSFWorkbook.<init>(XSSFWorkbook.java:290)
	at org.apache.poi.xssf.usermodel.XSSFWorkbook.<init>(XSSFWorkbook.java:286)
	at externalResources.ExcelDataRead.<init>(ExcelDataRead.java:22)
	at listeners.AnnotationsTransformer.toBeExecuted(AnnotationsTransformer.java:36)
	at listeners.AnnotationsTransformer.transform(AnnotationsTransformer.java:24)
	at org.testng.internal.annotations.JDK15AnnotationFinder.transform(JDK15AnnotationFinder.java:172)
	at org.testng.internal.annotations.JDK15AnnotationFinder.lambda$findAnnotation$0(JDK15AnnotationFinder.java:279)
	at java.base/java.util.concurrent.ConcurrentHashMap.computeIfAbsent(ConcurrentHashMap.java:1737)
	at org.testng.internal.annotations.JDK15AnnotationFinder.findAnnotation(JDK15AnnotationFinder.java:275)
	at org.testng.internal.annotations.JDK15AnnotationFinder.findAnnotation(JDK15AnnotationFinder.java:113)
	at org.testng.internal.TestNGClassFinder.isTestNGClass(TestNGClassFinder.java:275)
	at org.testng.internal.TestNGClassFinder.isNotTestNGClass(TestNGClassFinder.java:260)
	at org.testng.internal.TestNGClassFinder.processClass(TestNGClassFinder.java:94)
	at org.testng.internal.TestNGClassFinder.<init>(TestNGClassFinder.java:67)
	at org.testng.TestRunner.initMethods(TestRunner.java:442)
	at org.testng.TestRunner.init(TestRunner.java:336)
	at org.testng.TestRunner.init(TestRunner.java:289)
	at org.testng.TestRunner.<init>(TestRunner.java:179)
	at org.testng.SuiteRunner$DefaultTestRunnerFactory.newTestRunner(SuiteRunner.java:643)
	at org.testng.SuiteRunner.init(SuiteRunner.java:225)
	at org.testng.SuiteRunner.<init>(SuiteRunner.java:115)
	at org.testng.TestNG.createSuiteRunner(TestNG.java:1349)
	at org.testng.TestNG.createSuiteRunners(TestNG.java:1325)
	at org.testng.TestNG.runSuitesLocally(TestNG.java:1167)
	at org.testng.TestNG.runSuites(TestNG.java:1099)
	at org.testng.TestNG.run(TestNG.java:1067)
	at org.apache.maven.surefire.testng.TestNGExecutor.run(TestNGExecutor.java:324)
	at org.apache.maven.surefire.testng.TestNGXmlTestSuite.execute(TestNGXmlTestSuite.java:74)
	at org.apache.maven.surefire.testng.TestNGProvider.invoke(TestNGProvider.java:123)
	at org.apache.maven.surefire.booter.ForkedBooter.runSuitesInProcess(ForkedBooter.java:456)
	at org.apache.maven.surefire.booter.ForkedBooter.execute(ForkedBooter.java:169)
	at org.apache.maven.surefire.booter.ForkedBooter.run(ForkedBooter.java:595)
	at org.apache.maven.surefire.booter.ForkedBooter.main(ForkedBooter.java:581)

2023-02-13 11:57:16,373 main ERROR Could not create plugin of type class org.apache.logging.log4j.core.appender.RollingFileAppender for element RollingFile: java.lang.IllegalStateException: ManagerFactory [org.apache.logging.log4j.core.appender.rolling.RollingFileManager$RollingFileManagerFactory@4e6d7365] unable to create manager for [./results/logs/${ctx:threadName}.log] with data [org.apache.logging.log4j.core.appender.rolling.RollingFileManager$FactoryData@184fb68d[pattern=./results/logs/${ctx:threadName}-%d{yyyy-MM-dd}.log, append=true, bufferedIO=true, bufferSize=8192, policy=SizeBasedTriggeringPolicy(size=512000), strategy=DefaultRolloverStrategy(min=1, max=7, useMax=true), advertiseURI=null, layout=%d{HH:mm:ss.SSS} [%t] %-5level %logger{36} - %msg%n, filePermissions=null, fileOwner=null]] java.lang.IllegalStateException: ManagerFactory [org.apache.logging.log4j.core.appender.rolling.RollingFileManager$RollingFileManagerFactory@4e6d7365] unable to create manager for [./results/logs/${ctx:threadName}.log] with data [org.apache.logging.log4j.core.appender.rolling.RollingFileManager$FactoryData@184fb68d[pattern=./results/logs/${ctx:threadName}-%d{yyyy-MM-dd}.log, append=true, bufferedIO=true, bufferSize=8192, policy=SizeBasedTriggeringPolicy(size=512000), strategy=DefaultRolloverStrategy(min=1, max=7, useMax=true), advertiseURI=null, layout=%d{HH:mm:ss.SSS} [%t] %-5level %logger{36} - %msg%n, filePermissions=null, fileOwner=null]]
	at org.apache.logging.log4j.core.appender.AbstractManager.getManager(AbstractManager.java:146)
	at org.apache.logging.log4j.core.appender.OutputStreamManager.getManager(OutputStreamManager.java:100)
	at org.apache.logging.log4j.core.appender.rolling.RollingFileManager.getFileManager(RollingFileManager.java:217)
	at org.apache.logging.log4j.core.appender.RollingFileAppender$Builder.build(RollingFileAppender.java:135)
	at org.apache.logging.log4j.core.appender.RollingFileAppender$Builder.build(RollingFileAppender.java:62)
	at org.apache.logging.log4j.core.config.plugins.util.PluginBuilder.build(PluginBuilder.java:124)
	at org.apache.logging.log4j.core.config.AbstractConfiguration.createPluginObject(AbstractConfiguration.java:1138)
	at org.apache.logging.log4j.core.config.AbstractConfiguration.createConfiguration(AbstractConfiguration.java:1063)
	at org.apache.logging.log4j.core.appender.routing.RoutingAppender.createAppender(RoutingAppender.java:310)
	at org.apache.logging.log4j.core.appender.routing.RoutingAppender.getControl(RoutingAppender.java:282)
	at org.apache.logging.log4j.core.appender.routing.RoutingAppender.append(RoutingAppender.java:240)
	at org.apache.logging.log4j.core.config.AppenderControl.tryCallAppender(AppenderControl.java:161)
	at org.apache.logging.log4j.core.config.AppenderControl.callAppender0(AppenderControl.java:134)
	at org.apache.logging.log4j.core.config.AppenderControl.callAppenderPreventRecursion(AppenderControl.java:125)
	at org.apache.logging.log4j.core.config.AppenderControl.callAppender(AppenderControl.java:89)
	at org.apache.logging.log4j.core.config.LoggerConfig.callAppenders(LoggerConfig.java:683)
	at org.apache.logging.log4j.core.config.LoggerConfig.processLogEvent(LoggerConfig.java:641)
	at org.apache.logging.log4j.core.config.LoggerConfig.log(LoggerConfig.java:624)
	at org.apache.logging.log4j.core.config.LoggerConfig.log(LoggerConfig.java:560)
	at org.apache.logging.log4j.core.config.AwaitCompletionReliabilityStrategy.log(AwaitCompletionReliabilityStrategy.java:82)
	at org.apache.logging.log4j.core.Logger.log(Logger.java:162)
	at org.apache.logging.log4j.spi.AbstractLogger.logMessage(AbstractLogger.java:2106)
	at org.apache.logging.log4j.internal.DefaultLogBuilder.logMessage(DefaultLogBuilder.java:241)
	at org.apache.logging.log4j.internal.DefaultLogBuilder.log(DefaultLogBuilder.java:162)
	at org.apache.poi.openxml4j.opc.PackageRelationshipCollection.parseRelationshipsPart(PackageRelationshipCollection.java:309)
	at org.apache.poi.openxml4j.opc.PackageRelationshipCollection.<init>(PackageRelationshipCollection.java:160)
	at org.apache.poi.openxml4j.opc.PackageRelationshipCollection.<init>(PackageRelationshipCollection.java:130)
	at org.apache.poi.openxml4j.opc.PackagePart.loadRelationships(PackagePart.java:565)
	at org.apache.poi.openxml4j.opc.OPCPackage.getParts(OPCPackage.java:751)
	at org.apache.poi.openxml4j.opc.OPCPackage.open(OPCPackage.java:322)
	at org.apache.poi.ooxml.util.PackageHelper.open(PackageHelper.java:59)
	at org.apache.poi.xssf.usermodel.XSSFWorkbook.<init>(XSSFWorkbook.java:290)
	at org.apache.poi.xssf.usermodel.XSSFWorkbook.<init>(XSSFWorkbook.java:286)
	at externalResources.ExcelDataRead.<init>(ExcelDataRead.java:22)
	at listeners.AnnotationsTransformer.toBeExecuted(AnnotationsTransformer.java:36)
	at listeners.AnnotationsTransformer.transform(AnnotationsTransformer.java:24)
	at org.testng.internal.annotations.JDK15AnnotationFinder.transform(JDK15AnnotationFinder.java:172)
	at org.testng.internal.annotations.JDK15AnnotationFinder.lambda$findAnnotation$0(JDK15AnnotationFinder.java:279)
	at java.base/java.util.concurrent.ConcurrentHashMap.computeIfAbsent(ConcurrentHashMap.java:1737)
	at org.testng.internal.annotations.JDK15AnnotationFinder.findAnnotation(JDK15AnnotationFinder.java:275)
	at org.testng.internal.annotations.JDK15AnnotationFinder.findAnnotation(JDK15AnnotationFinder.java:113)
	at org.testng.internal.TestNGClassFinder.isTestNGClass(TestNGClassFinder.java:275)
	at org.testng.internal.TestNGClassFinder.isNotTestNGClass(TestNGClassFinder.java:260)
	at org.testng.internal.TestNGClassFinder.processClass(TestNGClassFinder.java:94)
	at org.testng.internal.TestNGClassFinder.<init>(TestNGClassFinder.java:67)
	at org.testng.TestRunner.initMethods(TestRunner.java:442)
	at org.testng.TestRunner.init(TestRunner.java:336)
	at org.testng.TestRunner.init(TestRunner.java:289)
	at org.testng.TestRunner.<init>(TestRunner.java:179)
	at org.testng.SuiteRunner$DefaultTestRunnerFactory.newTestRunner(SuiteRunner.java:643)
	at org.testng.SuiteRunner.init(SuiteRunner.java:225)
	at org.testng.SuiteRunner.<init>(SuiteRunner.java:115)
	at org.testng.TestNG.createSuiteRunner(TestNG.java:1349)
	at org.testng.TestNG.createSuiteRunners(TestNG.java:1325)
	at org.testng.TestNG.runSuitesLocally(TestNG.java:1167)
	at org.testng.TestNG.runSuites(TestNG.java:1099)
	at org.testng.TestNG.run(TestNG.java:1067)
	at org.apache.maven.surefire.testng.TestNGExecutor.run(TestNGExecutor.java:324)
	at org.apache.maven.surefire.testng.TestNGXmlTestSuite.execute(TestNGXmlTestSuite.java:74)
	at org.apache.maven.surefire.testng.TestNGProvider.invoke(TestNGProvider.java:123)
	at org.apache.maven.surefire.booter.ForkedBooter.runSuitesInProcess(ForkedBooter.java:456)
	at org.apache.maven.surefire.booter.ForkedBooter.execute(ForkedBooter.java:169)
	at org.apache.maven.surefire.booter.ForkedBooter.run(ForkedBooter.java:595)
	at org.apache.maven.surefire.booter.ForkedBooter.main(ForkedBooter.java:581)

2023-02-13 11:57:16,373 main ERROR Unable to invoke factory method in class org.apache.logging.log4j.core.appender.RollingFileAppender for element RollingFile: java.lang.IllegalStateException: No factory method found for class org.apache.logging.log4j.core.appender.RollingFileAppender java.lang.IllegalStateException: No factory method found for class org.apache.logging.log4j.core.appender.RollingFileAppender
	at org.apache.logging.log4j.core.config.plugins.util.PluginBuilder.findFactoryMethod(PluginBuilder.java:260)
	at org.apache.logging.log4j.core.config.plugins.util.PluginBuilder.build(PluginBuilder.java:136)
	at org.apache.logging.log4j.core.config.AbstractConfiguration.createPluginObject(AbstractConfiguration.java:1138)
	at org.apache.logging.log4j.core.config.AbstractConfiguration.createConfiguration(AbstractConfiguration.java:1063)
	at org.apache.logging.log4j.core.appender.routing.RoutingAppender.createAppender(RoutingAppender.java:310)
	at org.apache.logging.log4j.core.appender.routing.RoutingAppender.getControl(RoutingAppender.java:282)
	at org.apache.logging.log4j.core.appender.routing.RoutingAppender.append(RoutingAppender.java:240)
	at org.apache.logging.log4j.core.config.AppenderControl.tryCallAppender(AppenderControl.java:161)
	at org.apache.logging.log4j.core.config.AppenderControl.callAppender0(AppenderControl.java:134)
	at org.apache.logging.log4j.core.config.AppenderControl.callAppenderPreventRecursion(AppenderControl.java:125)
	at org.apache.logging.log4j.core.config.AppenderControl.callAppender(AppenderControl.java:89)
	at org.apache.logging.log4j.core.config.LoggerConfig.callAppenders(LoggerConfig.java:683)
	at org.apache.logging.log4j.core.config.LoggerConfig.processLogEvent(LoggerConfig.java:641)
	at org.apache.logging.log4j.core.config.LoggerConfig.log(LoggerConfig.java:624)
	at org.apache.logging.log4j.core.config.LoggerConfig.log(LoggerConfig.java:560)
	at org.apache.logging.log4j.core.config.AwaitCompletionReliabilityStrategy.log(AwaitCompletionReliabilityStrategy.java:82)
	at org.apache.logging.log4j.core.Logger.log(Logger.java:162)
	at org.apache.logging.log4j.spi.AbstractLogger.logMessage(AbstractLogger.java:2106)
	at org.apache.logging.log4j.internal.DefaultLogBuilder.logMessage(DefaultLogBuilder.java:241)
	at org.apache.logging.log4j.internal.DefaultLogBuilder.log(DefaultLogBuilder.java:162)
	at org.apache.poi.openxml4j.opc.PackageRelationshipCollection.parseRelationshipsPart(PackageRelationshipCollection.java:309)
	at org.apache.poi.openxml4j.opc.PackageRelationshipCollection.<init>(PackageRelationshipCollection.java:160)
	at org.apache.poi.openxml4j.opc.PackageRelationshipCollection.<init>(PackageRelationshipCollection.java:130)
	at org.apache.poi.openxml4j.opc.PackagePart.loadRelationships(PackagePart.java:565)
	at org.apache.poi.openxml4j.opc.OPCPackage.getParts(OPCPackage.java:751)
	at org.apache.poi.openxml4j.opc.OPCPackage.open(OPCPackage.java:322)
	at org.apache.poi.ooxml.util.PackageHelper.open(PackageHelper.java:59)
	at org.apache.poi.xssf.usermodel.XSSFWorkbook.<init>(XSSFWorkbook.java:290)
	at org.apache.poi.xssf.usermodel.XSSFWorkbook.<init>(XSSFWorkbook.java:286)
	at externalResources.ExcelDataRead.<init>(ExcelDataRead.java:22)
	at listeners.AnnotationsTransformer.toBeExecuted(AnnotationsTransformer.java:36)
	at listeners.AnnotationsTransformer.transform(AnnotationsTransformer.java:24)
	at org.testng.internal.annotations.JDK15AnnotationFinder.transform(JDK15AnnotationFinder.java:172)
	at org.testng.internal.annotations.JDK15AnnotationFinder.lambda$findAnnotation$0(JDK15AnnotationFinder.java:279)
	at java.base/java.util.concurrent.ConcurrentHashMap.computeIfAbsent(ConcurrentHashMap.java:1737)
	at org.testng.internal.annotations.JDK15AnnotationFinder.findAnnotation(JDK15AnnotationFinder.java:275)
	at org.testng.internal.annotations.JDK15AnnotationFinder.findAnnotation(JDK15AnnotationFinder.java:113)
	at org.testng.internal.TestNGClassFinder.isTestNGClass(TestNGClassFinder.java:275)
	at org.testng.internal.TestNGClassFinder.isNotTestNGClass(TestNGClassFinder.java:260)
	at org.testng.internal.TestNGClassFinder.processClass(TestNGClassFinder.java:94)
	at org.testng.internal.TestNGClassFinder.<init>(TestNGClassFinder.java:67)
	at org.testng.TestRunner.initMethods(TestRunner.java:442)
	at org.testng.TestRunner.init(TestRunner.java:336)
	at org.testng.TestRunner.init(TestRunner.java:289)
	at org.testng.TestRunner.<init>(TestRunner.java:179)
	at org.testng.SuiteRunner$DefaultTestRunnerFactory.newTestRunner(SuiteRunner.java:643)
	at org.testng.SuiteRunner.init(SuiteRunner.java:225)
	at org.testng.SuiteRunner.<init>(SuiteRunner.java:115)
	at org.testng.TestNG.createSuiteRunner(TestNG.java:1349)
	at org.testng.TestNG.createSuiteRunners(TestNG.java:1325)
	at org.testng.TestNG.runSuitesLocally(TestNG.java:1167)
	at org.testng.TestNG.runSuites(TestNG.java:1099)
	at org.testng.TestNG.run(TestNG.java:1067)
	at org.apache.maven.surefire.testng.TestNGExecutor.run(TestNGExecutor.java:324)
	at org.apache.maven.surefire.testng.TestNGXmlTestSuite.execute(TestNGXmlTestSuite.java:74)
	at org.apache.maven.surefire.testng.TestNGProvider.invoke(TestNGProvider.java:123)
	at org.apache.maven.surefire.booter.ForkedBooter.runSuitesInProcess(ForkedBooter.java:456)
	at org.apache.maven.surefire.booter.ForkedBooter.execute(ForkedBooter.java:169)
	at org.apache.maven.surefire.booter.ForkedBooter.run(ForkedBooter.java:595)
	at org.apache.maven.surefire.booter.ForkedBooter.main(ForkedBooter.java:581)

2023-02-13 11:57:16,376 main ERROR Unable to create file ./results/logs/${ctx:threadName}.log java.io.IOException: The filename, directory name, or volume label syntax is incorrect
	at java.base/java.io.WinNTFileSystem.canonicalize0(Native Method)
	at java.base/java.io.WinNTFileSystem.canonicalize(WinNTFileSystem.java:483)
	at java.base/java.io.File.getCanonicalPath(File.java:626)
	at java.base/java.io.File.getCanonicalFile(File.java:651)
	at org.apache.logging.log4j.core.util.FileUtils.makeParentDirs(FileUtils.java:139)
	at org.apache.logging.log4j.core.appender.rolling.RollingFileManager$RollingFileManagerFactory.createManager(RollingFileManager.java:734)
	at org.apache.logging.log4j.core.appender.rolling.RollingFileManager$RollingFileManagerFactory.createManager(RollingFileManager.java:718)
	at org.apache.logging.log4j.core.appender.AbstractManager.getManager(AbstractManager.java:144)
	at org.apache.logging.log4j.core.appender.OutputStreamManager.getManager(OutputStreamManager.java:100)
	at org.apache.logging.log4j.core.appender.rolling.RollingFileManager.getFileManager(RollingFileManager.java:217)
	at org.apache.logging.log4j.core.appender.RollingFileAppender$Builder.build(RollingFileAppender.java:135)
	at org.apache.logging.log4j.core.appender.RollingFileAppender$Builder.build(RollingFileAppender.java:62)
	at org.apache.logging.log4j.core.config.plugins.util.PluginBuilder.build(PluginBuilder.java:124)
	at org.apache.logging.log4j.core.config.AbstractConfiguration.createPluginObject(AbstractConfiguration.java:1138)
	at org.apache.logging.log4j.core.config.AbstractConfiguration.createConfiguration(AbstractConfiguration.java:1063)
	at org.apache.logging.log4j.core.appender.routing.RoutingAppender.createAppender(RoutingAppender.java:310)
	at org.apache.logging.log4j.core.appender.routing.RoutingAppender.getControl(RoutingAppender.java:282)
	at org.apache.logging.log4j.core.appender.routing.RoutingAppender.append(RoutingAppender.java:240)
	at org.apache.logging.log4j.core.config.AppenderControl.tryCallAppender(AppenderControl.java:161)
	at org.apache.logging.log4j.core.config.AppenderControl.callAppender0(AppenderControl.java:134)
	at org.apache.logging.log4j.core.config.AppenderControl.callAppenderPreventRecursion(AppenderControl.java:125)
	at org.apache.logging.log4j.core.config.AppenderControl.callAppender(AppenderControl.java:89)
	at org.apache.logging.log4j.core.config.LoggerConfig.callAppenders(LoggerConfig.java:683)
	at org.apache.logging.log4j.core.config.LoggerConfig.processLogEvent(LoggerConfig.java:641)
	at org.apache.logging.log4j.core.config.LoggerConfig.log(LoggerConfig.java:624)
	at org.apache.logging.log4j.core.config.LoggerConfig.log(LoggerConfig.java:560)
	at org.apache.logging.log4j.core.config.AwaitCompletionReliabilityStrategy.log(AwaitCompletionReliabilityStrategy.java:82)
	at org.apache.logging.log4j.core.Logger.log(Logger.java:162)
	at org.apache.logging.log4j.spi.AbstractLogger.logMessage(AbstractLogger.java:2106)
	at org.apache.logging.log4j.internal.DefaultLogBuilder.logMessage(DefaultLogBuilder.java:241)
	at org.apache.logging.log4j.internal.DefaultLogBuilder.log(DefaultLogBuilder.java:162)
	at org.apache.poi.openxml4j.opc.PackageRelationshipCollection.parseRelationshipsPart(PackageRelationshipCollection.java:309)
	at org.apache.poi.openxml4j.opc.PackageRelationshipCollection.<init>(PackageRelationshipCollection.java:160)
	at org.apache.poi.openxml4j.opc.PackageRelationshipCollection.<init>(PackageRelationshipCollection.java:130)
	at org.apache.poi.openxml4j.opc.PackagePart.loadRelationships(PackagePart.java:565)
	at org.apache.poi.openxml4j.opc.OPCPackage.getParts(OPCPackage.java:751)
	at org.apache.poi.openxml4j.opc.OPCPackage.open(OPCPackage.java:322)
	at org.apache.poi.ooxml.util.PackageHelper.open(PackageHelper.java:59)
	at org.apache.poi.xssf.usermodel.XSSFWorkbook.<init>(XSSFWorkbook.java:290)
	at org.apache.poi.xssf.usermodel.XSSFWorkbook.<init>(XSSFWorkbook.java:286)
	at externalResources.ExcelDataRead.<init>(ExcelDataRead.java:22)
	at listeners.AnnotationsTransformer.toBeExecuted(AnnotationsTransformer.java:36)
	at listeners.AnnotationsTransformer.transform(AnnotationsTransformer.java:24)
	at org.testng.internal.annotations.JDK15AnnotationFinder.transform(JDK15AnnotationFinder.java:172)
	at org.testng.internal.annotations.JDK15AnnotationFinder.lambda$findAnnotation$0(JDK15AnnotationFinder.java:279)
	at java.base/java.util.concurrent.ConcurrentHashMap.computeIfAbsent(ConcurrentHashMap.java:1737)
	at org.testng.internal.annotations.JDK15AnnotationFinder.findAnnotation(JDK15AnnotationFinder.java:275)
	at org.testng.internal.annotations.JDK15AnnotationFinder.findAnnotation(JDK15AnnotationFinder.java:113)
	at org.testng.internal.TestNGClassFinder.isTestNGClass(TestNGClassFinder.java:275)
	at org.testng.internal.TestNGClassFinder.isNotTestNGClass(TestNGClassFinder.java:260)
	at org.testng.internal.TestNGClassFinder.processClass(TestNGClassFinder.java:94)
	at org.testng.internal.TestNGClassFinder.<init>(TestNGClassFinder.java:67)
	at org.testng.TestRunner.initMethods(TestRunner.java:442)
	at org.testng.TestRunner.init(TestRunner.java:336)
	at org.testng.TestRunner.init(TestRunner.java:289)
	at org.testng.TestRunner.<init>(TestRunner.java:179)
	at org.testng.SuiteRunner$DefaultTestRunnerFactory.newTestRunner(SuiteRunner.java:643)
	at org.testng.SuiteRunner.init(SuiteRunner.java:225)
	at org.testng.SuiteRunner.<init>(SuiteRunner.java:115)
	at org.testng.TestNG.createSuiteRunner(TestNG.java:1349)
	at org.testng.TestNG.createSuiteRunners(TestNG.java:1325)
	at org.testng.TestNG.runSuitesLocally(TestNG.java:1167)
	at org.testng.TestNG.runSuites(TestNG.java:1099)
	at org.testng.TestNG.run(TestNG.java:1067)
	at org.apache.maven.surefire.testng.TestNGExecutor.run(TestNGExecutor.java:324)
	at org.apache.maven.surefire.testng.TestNGXmlTestSuite.execute(TestNGXmlTestSuite.java:74)
	at org.apache.maven.surefire.testng.TestNGProvider.invoke(TestNGProvider.java:123)
	at org.apache.maven.surefire.booter.ForkedBooter.runSuitesInProcess(ForkedBooter.java:456)
	at org.apache.maven.surefire.booter.ForkedBooter.execute(ForkedBooter.java:169)
	at org.apache.maven.surefire.booter.ForkedBooter.run(ForkedBooter.java:595)
	at org.apache.maven.surefire.booter.ForkedBooter.main(ForkedBooter.java:581)

2023-02-13 11:57:16,376 main ERROR Could not create plugin of type class org.apache.logging.log4j.core.appender.RollingFileAppender for element RollingFile: java.lang.IllegalStateException: ManagerFactory [org.apache.logging.log4j.core.appender.rolling.RollingFileManager$RollingFileManagerFactory@4e6d7365] unable to create manager for [./results/logs/${ctx:threadName}.log] with data [org.apache.logging.log4j.core.appender.rolling.RollingFileManager$FactoryData@71466383[pattern=./results/logs/${ctx:threadName}-%d{yyyy-MM-dd}.log, append=true, bufferedIO=true, bufferSize=8192, policy=SizeBasedTriggeringPolicy(size=512000), strategy=DefaultRolloverStrategy(min=1, max=7, useMax=true), advertiseURI=null, layout=%d{HH:mm:ss.SSS} [%t] %-5level %logger{36} - %msg%n, filePermissions=null, fileOwner=null]] java.lang.IllegalStateException: ManagerFactory [org.apache.logging.log4j.core.appender.rolling.RollingFileManager$RollingFileManagerFactory@4e6d7365] unable to create manager for [./results/logs/${ctx:threadName}.log] with data [org.apache.logging.log4j.core.appender.rolling.RollingFileManager$FactoryData@71466383[pattern=./results/logs/${ctx:threadName}-%d{yyyy-MM-dd}.log, append=true, bufferedIO=true, bufferSize=8192, policy=SizeBasedTriggeringPolicy(size=512000), strategy=DefaultRolloverStrategy(min=1, max=7, useMax=true), advertiseURI=null, layout=%d{HH:mm:ss.SSS} [%t] %-5level %logger{36} - %msg%n, filePermissions=null, fileOwner=null]]
	at org.apache.logging.log4j.core.appender.AbstractManager.getManager(AbstractManager.java:146)
	at org.apache.logging.log4j.core.appender.OutputStreamManager.getManager(OutputStreamManager.java:100)
	at org.apache.logging.log4j.core.appender.rolling.RollingFileManager.getFileManager(RollingFileManager.java:217)
	at org.apache.logging.log4j.core.appender.RollingFileAppender$Builder.build(RollingFileAppender.java:135)
	at org.apache.logging.log4j.core.appender.RollingFileAppender$Builder.build(RollingFileAppender.java:62)
	at org.apache.logging.log4j.core.config.plugins.util.PluginBuilder.build(PluginBuilder.java:124)
	at org.apache.logging.log4j.core.config.AbstractConfiguration.createPluginObject(AbstractConfiguration.java:1138)
	at org.apache.logging.log4j.core.config.AbstractConfiguration.createConfiguration(AbstractConfiguration.java:1063)
	at org.apache.logging.log4j.core.appender.routing.RoutingAppender.createAppender(RoutingAppender.java:310)
	at org.apache.logging.log4j.core.appender.routing.RoutingAppender.getControl(RoutingAppender.java:282)
	at org.apache.logging.log4j.core.appender.routing.RoutingAppender.append(RoutingAppender.java:240)
	at org.apache.logging.log4j.core.config.AppenderControl.tryCallAppender(AppenderControl.java:161)
	at org.apache.logging.log4j.core.config.AppenderControl.callAppender0(AppenderControl.java:134)
	at org.apache.logging.log4j.core.config.AppenderControl.callAppenderPreventRecursion(AppenderControl.java:125)
	at org.apache.logging.log4j.core.config.AppenderControl.callAppender(AppenderControl.java:89)
	at org.apache.logging.log4j.core.config.LoggerConfig.callAppenders(LoggerConfig.java:683)
	at org.apache.logging.log4j.core.config.LoggerConfig.processLogEvent(LoggerConfig.java:641)
	at org.apache.logging.log4j.core.config.LoggerConfig.log(LoggerConfig.java:624)
	at org.apache.logging.log4j.core.config.LoggerConfig.log(LoggerConfig.java:560)
	at org.apache.logging.log4j.core.config.AwaitCompletionReliabilityStrategy.log(AwaitCompletionReliabilityStrategy.java:82)
	at org.apache.logging.log4j.core.Logger.log(Logger.java:162)
	at org.apache.logging.log4j.spi.AbstractLogger.logMessage(AbstractLogger.java:2106)
	at org.apache.logging.log4j.internal.DefaultLogBuilder.logMessage(DefaultLogBuilder.java:241)
	at org.apache.logging.log4j.internal.DefaultLogBuilder.log(DefaultLogBuilder.java:162)
	at org.apache.poi.openxml4j.opc.PackageRelationshipCollection.parseRelationshipsPart(PackageRelationshipCollection.java:309)
	at org.apache.poi.openxml4j.opc.PackageRelationshipCollection.<init>(PackageRelationshipCollection.java:160)
	at org.apache.poi.openxml4j.opc.PackageRelationshipCollection.<init>(PackageRelationshipCollection.java:130)
	at org.apache.poi.openxml4j.opc.PackagePart.loadRelationships(PackagePart.java:565)
	at org.apache.poi.openxml4j.opc.OPCPackage.getParts(OPCPackage.java:751)
	at org.apache.poi.openxml4j.opc.OPCPackage.open(OPCPackage.java:322)
	at org.apache.poi.ooxml.util.PackageHelper.open(PackageHelper.java:59)
	at org.apache.poi.xssf.usermodel.XSSFWorkbook.<init>(XSSFWorkbook.java:290)
	at org.apache.poi.xssf.usermodel.XSSFWorkbook.<init>(XSSFWorkbook.java:286)
	at externalResources.ExcelDataRead.<init>(ExcelDataRead.java:22)
	at listeners.AnnotationsTransformer.toBeExecuted(AnnotationsTransformer.java:36)
	at listeners.AnnotationsTransformer.transform(AnnotationsTransformer.java:24)
	at org.testng.internal.annotations.JDK15AnnotationFinder.transform(JDK15AnnotationFinder.java:172)
	at org.testng.internal.annotations.JDK15AnnotationFinder.lambda$findAnnotation$0(JDK15AnnotationFinder.java:279)
	at java.base/java.util.concurrent.ConcurrentHashMap.computeIfAbsent(ConcurrentHashMap.java:1737)
	at org.testng.internal.annotations.JDK15AnnotationFinder.findAnnotation(JDK15AnnotationFinder.java:275)
	at org.testng.internal.annotations.JDK15AnnotationFinder.findAnnotation(JDK15AnnotationFinder.java:113)
	at org.testng.internal.TestNGClassFinder.isTestNGClass(TestNGClassFinder.java:275)
	at org.testng.internal.TestNGClassFinder.isNotTestNGClass(TestNGClassFinder.java:260)
	at org.testng.internal.TestNGClassFinder.processClass(TestNGClassFinder.java:94)
	at org.testng.internal.TestNGClassFinder.<init>(TestNGClassFinder.java:67)
	at org.testng.TestRunner.initMethods(TestRunner.java:442)
	at org.testng.TestRunner.init(TestRunner.java:336)
	at org.testng.TestRunner.init(TestRunner.java:289)
	at org.testng.TestRunner.<init>(TestRunner.java:179)
	at org.testng.SuiteRunner$DefaultTestRunnerFactory.newTestRunner(SuiteRunner.java:643)
	at org.testng.SuiteRunner.init(SuiteRunner.java:225)
	at org.testng.SuiteRunner.<init>(SuiteRunner.java:115)
	at org.testng.TestNG.createSuiteRunner(TestNG.java:1349)
	at org.testng.TestNG.createSuiteRunners(TestNG.java:1325)
	at org.testng.TestNG.runSuitesLocally(TestNG.java:1167)
	at org.testng.TestNG.runSuites(TestNG.java:1099)
	at org.testng.TestNG.run(TestNG.java:1067)
	at org.apache.maven.surefire.testng.TestNGExecutor.run(TestNGExecutor.java:324)
	at org.apache.maven.surefire.testng.TestNGXmlTestSuite.execute(TestNGXmlTestSuite.java:74)
	at org.apache.maven.surefire.testng.TestNGProvider.invoke(TestNGProvider.java:123)
	at org.apache.maven.surefire.booter.ForkedBooter.runSuitesInProcess(ForkedBooter.java:456)
	at org.apache.maven.surefire.booter.ForkedBooter.execute(ForkedBooter.java:169)
	at org.apache.maven.surefire.booter.ForkedBooter.run(ForkedBooter.java:595)
	at org.apache.maven.surefire.booter.ForkedBooter.main(ForkedBooter.java:581)

2023-02-13 11:57:16,377 main ERROR Unable to invoke factory method in class org.apache.logging.log4j.core.appender.RollingFileAppender for element RollingFile: java.lang.IllegalStateException: No factory method found for class org.apache.logging.log4j.core.appender.RollingFileAppender java.lang.IllegalStateException: No factory method found for class org.apache.logging.log4j.core.appender.RollingFileAppender
	at org.apache.logging.log4j.core.config.plugins.util.PluginBuilder.findFactoryMethod(PluginBuilder.java:260)
	at org.apache.logging.log4j.core.config.plugins.util.PluginBuilder.build(PluginBuilder.java:136)
	at org.apache.logging.log4j.core.config.AbstractConfiguration.createPluginObject(AbstractConfiguration.java:1138)
	at org.apache.logging.log4j.core.config.AbstractConfiguration.createConfiguration(AbstractConfiguration.java:1063)
	at org.apache.logging.log4j.core.appender.routing.RoutingAppender.createAppender(RoutingAppender.java:310)
	at org.apache.logging.log4j.core.appender.routing.RoutingAppender.getControl(RoutingAppender.java:282)
	at org.apache.logging.log4j.core.appender.routing.RoutingAppender.append(RoutingAppender.java:240)
	at org.apache.logging.log4j.core.config.AppenderControl.tryCallAppender(AppenderControl.java:161)
	at org.apache.logging.log4j.core.config.AppenderControl.callAppender0(AppenderControl.java:134)
	at org.apache.logging.log4j.core.config.AppenderControl.callAppenderPreventRecursion(AppenderControl.java:125)
	at org.apache.logging.log4j.core.config.AppenderControl.callAppender(AppenderControl.java:89)
	at org.apache.logging.log4j.core.config.LoggerConfig.callAppenders(LoggerConfig.java:683)
	at org.apache.logging.log4j.core.config.LoggerConfig.processLogEvent(LoggerConfig.java:641)
	at org.apache.logging.log4j.core.config.LoggerConfig.log(LoggerConfig.java:624)
	at org.apache.logging.log4j.core.config.LoggerConfig.log(LoggerConfig.java:560)
	at org.apache.logging.log4j.core.config.AwaitCompletionReliabilityStrategy.log(AwaitCompletionReliabilityStrategy.java:82)
	at org.apache.logging.log4j.core.Logger.log(Logger.java:162)
	at org.apache.logging.log4j.spi.AbstractLogger.logMessage(AbstractLogger.java:2106)
	at org.apache.logging.log4j.internal.DefaultLogBuilder.logMessage(DefaultLogBuilder.java:241)
	at org.apache.logging.log4j.internal.DefaultLogBuilder.log(DefaultLogBuilder.java:162)
	at org.apache.poi.openxml4j.opc.PackageRelationshipCollection.parseRelationshipsPart(PackageRelationshipCollection.java:309)
	at org.apache.poi.openxml4j.opc.PackageRelationshipCollection.<init>(PackageRelationshipCollection.java:160)
	at org.apache.poi.openxml4j.opc.PackageRelationshipCollection.<init>(PackageRelationshipCollection.java:130)
	at org.apache.poi.openxml4j.opc.PackagePart.loadRelationships(PackagePart.java:565)
	at org.apache.poi.openxml4j.opc.OPCPackage.getParts(OPCPackage.java:751)
	at org.apache.poi.openxml4j.opc.OPCPackage.open(OPCPackage.java:322)
	at org.apache.poi.ooxml.util.PackageHelper.open(PackageHelper.java:59)
	at org.apache.poi.xssf.usermodel.XSSFWorkbook.<init>(XSSFWorkbook.java:290)
	at org.apache.poi.xssf.usermodel.XSSFWorkbook.<init>(XSSFWorkbook.java:286)
	at externalResources.ExcelDataRead.<init>(ExcelDataRead.java:22)
	at listeners.AnnotationsTransformer.toBeExecuted(AnnotationsTransformer.java:36)
	at listeners.AnnotationsTransformer.transform(AnnotationsTransformer.java:24)
	at org.testng.internal.annotations.JDK15AnnotationFinder.transform(JDK15AnnotationFinder.java:172)
	at org.testng.internal.annotations.JDK15AnnotationFinder.lambda$findAnnotation$0(JDK15AnnotationFinder.java:279)
	at java.base/java.util.concurrent.ConcurrentHashMap.computeIfAbsent(ConcurrentHashMap.java:1737)
	at org.testng.internal.annotations.JDK15AnnotationFinder.findAnnotation(JDK15AnnotationFinder.java:275)
	at org.testng.internal.annotations.JDK15AnnotationFinder.findAnnotation(JDK15AnnotationFinder.java:113)
	at org.testng.internal.TestNGClassFinder.isTestNGClass(TestNGClassFinder.java:275)
	at org.testng.internal.TestNGClassFinder.isNotTestNGClass(TestNGClassFinder.java:260)
	at org.testng.internal.TestNGClassFinder.processClass(TestNGClassFinder.java:94)
	at org.testng.internal.TestNGClassFinder.<init>(TestNGClassFinder.java:67)
	at org.testng.TestRunner.initMethods(TestRunner.java:442)
	at org.testng.TestRunner.init(TestRunner.java:336)
	at org.testng.TestRunner.init(TestRunner.java:289)
	at org.testng.TestRunner.<init>(TestRunner.java:179)
	at org.testng.SuiteRunner$DefaultTestRunnerFactory.newTestRunner(SuiteRunner.java:643)
	at org.testng.SuiteRunner.init(SuiteRunner.java:225)
	at org.testng.SuiteRunner.<init>(SuiteRunner.java:115)
	at org.testng.TestNG.createSuiteRunner(TestNG.java:1349)
	at org.testng.TestNG.createSuiteRunners(TestNG.java:1325)
	at org.testng.TestNG.runSuitesLocally(TestNG.java:1167)
	at org.testng.TestNG.runSuites(TestNG.java:1099)
	at org.testng.TestNG.run(TestNG.java:1067)
	at org.apache.maven.surefire.testng.TestNGExecutor.run(TestNGExecutor.java:324)
	at org.apache.maven.surefire.testng.TestNGXmlTestSuite.execute(TestNGXmlTestSuite.java:74)
	at org.apache.maven.surefire.testng.TestNGProvider.invoke(TestNGProvider.java:123)
	at org.apache.maven.surefire.booter.ForkedBooter.runSuitesInProcess(ForkedBooter.java:456)
	at org.apache.maven.surefire.booter.ForkedBooter.execute(ForkedBooter.java:169)
	at org.apache.maven.surefire.booter.ForkedBooter.run(ForkedBooter.java:595)
	at org.apache.maven.surefire.booter.ForkedBooter.main(ForkedBooter.java:581)

2023-02-13 11:57:16,380 main ERROR Unable to create file ./results/logs/${ctx:threadName}.log java.io.IOException: The filename, directory name, or volume label syntax is incorrect
	at java.base/java.io.WinNTFileSystem.canonicalize0(Native Method)
	at java.base/java.io.WinNTFileSystem.canonicalize(WinNTFileSystem.java:483)
	at java.base/java.io.File.getCanonicalPath(File.java:626)
	at java.base/java.io.File.getCanonicalFile(File.java:651)
	at org.apache.logging.log4j.core.util.FileUtils.makeParentDirs(FileUtils.java:139)
	at org.apache.logging.log4j.core.appender.rolling.RollingFileManager$RollingFileManagerFactory.createManager(RollingFileManager.java:734)
	at org.apache.logging.log4j.core.appender.rolling.RollingFileManager$RollingFileManagerFactory.createManager(RollingFileManager.java:718)
	at org.apache.logging.log4j.core.appender.AbstractManager.getManager(AbstractManager.java:144)
	at org.apache.logging.log4j.core.appender.OutputStreamManager.getManager(OutputStreamManager.java:100)
	at org.apache.logging.log4j.core.appender.rolling.RollingFileManager.getFileManager(RollingFileManager.java:217)
	at org.apache.logging.log4j.core.appender.RollingFileAppender$Builder.build(RollingFileAppender.java:135)
	at org.apache.logging.log4j.core.appender.RollingFileAppender$Builder.build(RollingFileAppender.java:62)
	at org.apache.logging.log4j.core.config.plugins.util.PluginBuilder.build(PluginBuilder.java:124)
	at org.apache.logging.log4j.core.config.AbstractConfiguration.createPluginObject(AbstractConfiguration.java:1138)
	at org.apache.logging.log4j.core.config.AbstractConfiguration.createConfiguration(AbstractConfiguration.java:1063)
	at org.apache.logging.log4j.core.appender.routing.RoutingAppender.createAppender(RoutingAppender.java:310)
	at org.apache.logging.log4j.core.appender.routing.RoutingAppender.getControl(RoutingAppender.java:282)
	at org.apache.logging.log4j.core.appender.routing.RoutingAppender.append(RoutingAppender.java:240)
	at org.apache.logging.log4j.core.config.AppenderControl.tryCallAppender(AppenderControl.java:161)
	at org.apache.logging.log4j.core.config.AppenderControl.callAppender0(AppenderControl.java:134)
	at org.apache.logging.log4j.core.config.AppenderControl.callAppenderPreventRecursion(AppenderControl.java:125)
	at org.apache.logging.log4j.core.config.AppenderControl.callAppender(AppenderControl.java:89)
	at org.apache.logging.log4j.core.config.LoggerConfig.callAppenders(LoggerConfig.java:683)
	at org.apache.logging.log4j.core.config.LoggerConfig.processLogEvent(LoggerConfig.java:641)
	at org.apache.logging.log4j.core.config.LoggerConfig.log(LoggerConfig.java:624)
	at org.apache.logging.log4j.core.config.LoggerConfig.log(LoggerConfig.java:560)
	at org.apache.logging.log4j.core.config.AwaitCompletionReliabilityStrategy.log(AwaitCompletionReliabilityStrategy.java:82)
	at org.apache.logging.log4j.core.Logger.log(Logger.java:162)
	at org.apache.logging.log4j.spi.AbstractLogger.logMessage(AbstractLogger.java:2106)
	at org.apache.logging.log4j.internal.DefaultLogBuilder.logMessage(DefaultLogBuilder.java:241)
	at org.apache.logging.log4j.internal.DefaultLogBuilder.log(DefaultLogBuilder.java:162)
	at org.apache.poi.openxml4j.opc.PackageRelationshipCollection.parseRelationshipsPart(PackageRelationshipCollection.java:309)
	at org.apache.poi.openxml4j.opc.PackageRelationshipCollection.<init>(PackageRelationshipCollection.java:160)
	at org.apache.poi.openxml4j.opc.PackageRelationshipCollection.<init>(PackageRelationshipCollection.java:130)
	at org.apache.poi.openxml4j.opc.PackagePart.loadRelationships(PackagePart.java:565)
	at org.apache.poi.openxml4j.opc.OPCPackage.getParts(OPCPackage.java:751)
	at org.apache.poi.openxml4j.opc.OPCPackage.open(OPCPackage.java:322)
	at org.apache.poi.ooxml.util.PackageHelper.open(PackageHelper.java:59)
	at org.apache.poi.xssf.usermodel.XSSFWorkbook.<init>(XSSFWorkbook.java:290)
	at org.apache.poi.xssf.usermodel.XSSFWorkbook.<init>(XSSFWorkbook.java:286)
	at externalResources.ExcelDataRead.<init>(ExcelDataRead.java:22)
	at listeners.AnnotationsTransformer.toBeExecuted(AnnotationsTransformer.java:36)
	at listeners.AnnotationsTransformer.transform(AnnotationsTransformer.java:24)
	at org.testng.internal.annotations.JDK15AnnotationFinder.transform(JDK15AnnotationFinder.java:172)
	at org.testng.internal.annotations.JDK15AnnotationFinder.lambda$findAnnotation$0(JDK15AnnotationFinder.java:279)
	at java.base/java.util.concurrent.ConcurrentHashMap.computeIfAbsent(ConcurrentHashMap.java:1737)
	at org.testng.internal.annotations.JDK15AnnotationFinder.findAnnotation(JDK15AnnotationFinder.java:275)
	at org.testng.internal.annotations.JDK15AnnotationFinder.findAnnotation(JDK15AnnotationFinder.java:113)
	at org.testng.internal.TestNGClassFinder.isTestNGClass(TestNGClassFinder.java:275)
	at org.testng.internal.TestNGClassFinder.isNotTestNGClass(TestNGClassFinder.java:260)
	at org.testng.internal.TestNGClassFinder.processClass(TestNGClassFinder.java:94)
	at org.testng.internal.TestNGClassFinder.<init>(TestNGClassFinder.java:67)
	at org.testng.TestRunner.initMethods(TestRunner.java:442)
	at org.testng.TestRunner.init(TestRunner.java:336)
	at org.testng.TestRunner.init(TestRunner.java:289)
	at org.testng.TestRunner.<init>(TestRunner.java:179)
	at org.testng.SuiteRunner$DefaultTestRunnerFactory.newTestRunner(SuiteRunner.java:643)
	at org.testng.SuiteRunner.init(SuiteRunner.java:225)
	at org.testng.SuiteRunner.<init>(SuiteRunner.java:115)
	at org.testng.TestNG.createSuiteRunner(TestNG.java:1349)
	at org.testng.TestNG.createSuiteRunners(TestNG.java:1325)
	at org.testng.TestNG.runSuitesLocally(TestNG.java:1167)
	at org.testng.TestNG.runSuites(TestNG.java:1099)
	at org.testng.TestNG.run(TestNG.java:1067)
	at org.apache.maven.surefire.testng.TestNGExecutor.run(TestNGExecutor.java:324)
	at org.apache.maven.surefire.testng.TestNGXmlTestSuite.execute(TestNGXmlTestSuite.java:74)
	at org.apache.maven.surefire.testng.TestNGProvider.invoke(TestNGProvider.java:123)
	at org.apache.maven.surefire.booter.ForkedBooter.runSuitesInProcess(ForkedBooter.java:456)
	at org.apache.maven.surefire.booter.ForkedBooter.execute(ForkedBooter.java:169)
	at org.apache.maven.surefire.booter.ForkedBooter.run(ForkedBooter.java:595)
	at org.apache.maven.surefire.booter.ForkedBooter.main(ForkedBooter.java:581)

2023-02-13 11:57:16,380 main ERROR Could not create plugin of type class org.apache.logging.log4j.core.appender.RollingFileAppender for element RollingFile: java.lang.IllegalStateException: ManagerFactory [org.apache.logging.log4j.core.appender.rolling.RollingFileManager$RollingFileManagerFactory@4e6d7365] unable to create manager for [./results/logs/${ctx:threadName}.log] with data [org.apache.logging.log4j.core.appender.rolling.RollingFileManager$FactoryData@54bca971[pattern=./results/logs/${ctx:threadName}-%d{yyyy-MM-dd}.log, append=true, bufferedIO=true, bufferSize=8192, policy=SizeBasedTriggeringPolicy(size=512000), strategy=DefaultRolloverStrategy(min=1, max=7, useMax=true), advertiseURI=null, layout=%d{HH:mm:ss.SSS} [%t] %-5level %logger{36} - %msg%n, filePermissions=null, fileOwner=null]] java.lang.IllegalStateException: ManagerFactory [org.apache.logging.log4j.core.appender.rolling.RollingFileManager$RollingFileManagerFactory@4e6d7365] unable to create manager for [./results/logs/${ctx:threadName}.log] with data [org.apache.logging.log4j.core.appender.rolling.RollingFileManager$FactoryData@54bca971[pattern=./results/logs/${ctx:threadName}-%d{yyyy-MM-dd}.log, append=true, bufferedIO=true, bufferSize=8192, policy=SizeBasedTriggeringPolicy(size=512000), strategy=DefaultRolloverStrategy(min=1, max=7, useMax=true), advertiseURI=null, layout=%d{HH:mm:ss.SSS} [%t] %-5level %logger{36} - %msg%n, filePermissions=null, fileOwner=null]]
	at org.apache.logging.log4j.core.appender.AbstractManager.getManager(AbstractManager.java:146)
	at org.apache.logging.log4j.core.appender.OutputStreamManager.getManager(OutputStreamManager.java:100)
	at org.apache.logging.log4j.core.appender.rolling.RollingFileManager.getFileManager(RollingFileManager.java:217)
	at org.apache.logging.log4j.core.appender.RollingFileAppender$Builder.build(RollingFileAppender.java:135)
	at org.apache.logging.log4j.core.appender.RollingFileAppender$Builder.build(RollingFileAppender.java:62)
	at org.apache.logging.log4j.core.config.plugins.util.PluginBuilder.build(PluginBuilder.java:124)
	at org.apache.logging.log4j.core.config.AbstractConfiguration.createPluginObject(AbstractConfiguration.java:1138)
	at org.apache.logging.log4j.core.config.AbstractConfiguration.createConfiguration(AbstractConfiguration.java:1063)
	at org.apache.logging.log4j.core.appender.routing.RoutingAppender.createAppender(RoutingAppender.java:310)
	at org.apache.logging.log4j.core.appender.routing.RoutingAppender.getControl(RoutingAppender.java:282)
	at org.apache.logging.log4j.core.appender.routing.RoutingAppender.append(RoutingAppender.java:240)
	at org.apache.logging.log4j.core.config.AppenderControl.tryCallAppender(AppenderControl.java:161)
	at org.apache.logging.log4j.core.config.AppenderControl.callAppender0(AppenderControl.java:134)
	at org.apache.logging.log4j.core.config.AppenderControl.callAppenderPreventRecursion(AppenderControl.java:125)
	at org.apache.logging.log4j.core.config.AppenderControl.callAppender(AppenderControl.java:89)
	at org.apache.logging.log4j.core.config.LoggerConfig.callAppenders(LoggerConfig.java:683)
	at org.apache.logging.log4j.core.config.LoggerConfig.processLogEvent(LoggerConfig.java:641)
	at org.apache.logging.log4j.core.config.LoggerConfig.log(LoggerConfig.java:624)
	at org.apache.logging.log4j.core.config.LoggerConfig.log(LoggerConfig.java:560)
	at org.apache.logging.log4j.core.config.AwaitCompletionReliabilityStrategy.log(AwaitCompletionReliabilityStrategy.java:82)
	at org.apache.logging.log4j.core.Logger.log(Logger.java:162)
	at org.apache.logging.log4j.spi.AbstractLogger.logMessage(AbstractLogger.java:2106)
	at org.apache.logging.log4j.internal.DefaultLogBuilder.logMessage(DefaultLogBuilder.java:241)
	at org.apache.logging.log4j.internal.DefaultLogBuilder.log(DefaultLogBuilder.java:162)
	at org.apache.poi.openxml4j.opc.PackageRelationshipCollection.parseRelationshipsPart(PackageRelationshipCollection.java:309)
	at org.apache.poi.openxml4j.opc.PackageRelationshipCollection.<init>(PackageRelationshipCollection.java:160)
	at org.apache.poi.openxml4j.opc.PackageRelationshipCollection.<init>(PackageRelationshipCollection.java:130)
	at org.apache.poi.openxml4j.opc.PackagePart.loadRelationships(PackagePart.java:565)
	at org.apache.poi.openxml4j.opc.OPCPackage.getParts(OPCPackage.java:751)
	at org.apache.poi.openxml4j.opc.OPCPackage.open(OPCPackage.java:322)
	at org.apache.poi.ooxml.util.PackageHelper.open(PackageHelper.java:59)
	at org.apache.poi.xssf.usermodel.XSSFWorkbook.<init>(XSSFWorkbook.java:290)
	at org.apache.poi.xssf.usermodel.XSSFWorkbook.<init>(XSSFWorkbook.java:286)
	at externalResources.ExcelDataRead.<init>(ExcelDataRead.java:22)
	at listeners.AnnotationsTransformer.toBeExecuted(AnnotationsTransformer.java:36)
	at listeners.AnnotationsTransformer.transform(AnnotationsTransformer.java:24)
	at org.testng.internal.annotations.JDK15AnnotationFinder.transform(JDK15AnnotationFinder.java:172)
	at org.testng.internal.annotations.JDK15AnnotationFinder.lambda$findAnnotation$0(JDK15AnnotationFinder.java:279)
	at java.base/java.util.concurrent.ConcurrentHashMap.computeIfAbsent(ConcurrentHashMap.java:1737)
	at org.testng.internal.annotations.JDK15AnnotationFinder.findAnnotation(JDK15AnnotationFinder.java:275)
	at org.testng.internal.annotations.JDK15AnnotationFinder.findAnnotation(JDK15AnnotationFinder.java:113)
	at org.testng.internal.TestNGClassFinder.isTestNGClass(TestNGClassFinder.java:275)
	at org.testng.internal.TestNGClassFinder.isNotTestNGClass(TestNGClassFinder.java:260)
	at org.testng.internal.TestNGClassFinder.processClass(TestNGClassFinder.java:94)
	at org.testng.internal.TestNGClassFinder.<init>(TestNGClassFinder.java:67)
	at org.testng.TestRunner.initMethods(TestRunner.java:442)
	at org.testng.TestRunner.init(TestRunner.java:336)
	at org.testng.TestRunner.init(TestRunner.java:289)
	at org.testng.TestRunner.<init>(TestRunner.java:179)
	at org.testng.SuiteRunner$DefaultTestRunnerFactory.newTestRunner(SuiteRunner.java:643)
	at org.testng.SuiteRunner.init(SuiteRunner.java:225)
	at org.testng.SuiteRunner.<init>(SuiteRunner.java:115)
	at org.testng.TestNG.createSuiteRunner(TestNG.java:1349)
	at org.testng.TestNG.createSuiteRunners(TestNG.java:1325)
	at org.testng.TestNG.runSuitesLocally(TestNG.java:1167)
	at org.testng.TestNG.runSuites(TestNG.java:1099)
	at org.testng.TestNG.run(TestNG.java:1067)
	at org.apache.maven.surefire.testng.TestNGExecutor.run(TestNGExecutor.java:324)
	at org.apache.maven.surefire.testng.TestNGXmlTestSuite.execute(TestNGXmlTestSuite.java:74)
	at org.apache.maven.surefire.testng.TestNGProvider.invoke(TestNGProvider.java:123)
	at org.apache.maven.surefire.booter.ForkedBooter.runSuitesInProcess(ForkedBooter.java:456)
	at org.apache.maven.surefire.booter.ForkedBooter.execute(ForkedBooter.java:169)
	at org.apache.maven.surefire.booter.ForkedBooter.run(ForkedBooter.java:595)
	at org.apache.maven.surefire.booter.ForkedBooter.main(ForkedBooter.java:581)

2023-02-13 11:57:16,381 main ERROR Unable to invoke factory method in class org.apache.logging.log4j.core.appender.RollingFileAppender for element RollingFile: java.lang.IllegalStateException: No factory method found for class org.apache.logging.log4j.core.appender.RollingFileAppender java.lang.IllegalStateException: No factory method found for class org.apache.logging.log4j.core.appender.RollingFileAppender
	at org.apache.logging.log4j.core.config.plugins.util.PluginBuilder.findFactoryMethod(PluginBuilder.java:260)
	at org.apache.logging.log4j.core.config.plugins.util.PluginBuilder.build(PluginBuilder.java:136)
	at org.apache.logging.log4j.core.config.AbstractConfiguration.createPluginObject(AbstractConfiguration.java:1138)
	at org.apache.logging.log4j.core.config.AbstractConfiguration.createConfiguration(AbstractConfiguration.java:1063)
	at org.apache.logging.log4j.core.appender.routing.RoutingAppender.createAppender(RoutingAppender.java:310)
	at org.apache.logging.log4j.core.appender.routing.RoutingAppender.getControl(RoutingAppender.java:282)
	at org.apache.logging.log4j.core.appender.routing.RoutingAppender.append(RoutingAppender.java:240)
	at org.apache.logging.log4j.core.config.AppenderControl.tryCallAppender(AppenderControl.java:161)
	at org.apache.logging.log4j.core.config.AppenderControl.callAppender0(AppenderControl.java:134)
	at org.apache.logging.log4j.core.config.AppenderControl.callAppenderPreventRecursion(AppenderControl.java:125)
	at org.apache.logging.log4j.core.config.AppenderControl.callAppender(AppenderControl.java:89)
	at org.apache.logging.log4j.core.config.LoggerConfig.callAppenders(LoggerConfig.java:683)
	at org.apache.logging.log4j.core.config.LoggerConfig.processLogEvent(LoggerConfig.java:641)
	at org.apache.logging.log4j.core.config.LoggerConfig.log(LoggerConfig.java:624)
	at org.apache.logging.log4j.core.config.LoggerConfig.log(LoggerConfig.java:560)
	at org.apache.logging.log4j.core.config.AwaitCompletionReliabilityStrategy.log(AwaitCompletionReliabilityStrategy.java:82)
	at org.apache.logging.log4j.core.Logger.log(Logger.java:162)
	at org.apache.logging.log4j.spi.AbstractLogger.logMessage(AbstractLogger.java:2106)
	at org.apache.logging.log4j.internal.DefaultLogBuilder.logMessage(DefaultLogBuilder.java:241)
	at org.apache.logging.log4j.internal.DefaultLogBuilder.log(DefaultLogBuilder.java:162)
	at org.apache.poi.openxml4j.opc.PackageRelationshipCollection.parseRelationshipsPart(PackageRelationshipCollection.java:309)
	at org.apache.poi.openxml4j.opc.PackageRelationshipCollection.<init>(PackageRelationshipCollection.java:160)
	at org.apache.poi.openxml4j.opc.PackageRelationshipCollection.<init>(PackageRelationshipCollection.java:130)
	at org.apache.poi.openxml4j.opc.PackagePart.loadRelationships(PackagePart.java:565)
	at org.apache.poi.openxml4j.opc.OPCPackage.getParts(OPCPackage.java:751)
	at org.apache.poi.openxml4j.opc.OPCPackage.open(OPCPackage.java:322)
	at org.apache.poi.ooxml.util.PackageHelper.open(PackageHelper.java:59)
	at org.apache.poi.xssf.usermodel.XSSFWorkbook.<init>(XSSFWorkbook.java:290)
	at org.apache.poi.xssf.usermodel.XSSFWorkbook.<init>(XSSFWorkbook.java:286)
	at externalResources.ExcelDataRead.<init>(ExcelDataRead.java:22)
	at listeners.AnnotationsTransformer.toBeExecuted(AnnotationsTransformer.java:36)
	at listeners.AnnotationsTransformer.transform(AnnotationsTransformer.java:24)
	at org.testng.internal.annotations.JDK15AnnotationFinder.transform(JDK15AnnotationFinder.java:172)
	at org.testng.internal.annotations.JDK15AnnotationFinder.lambda$findAnnotation$0(JDK15AnnotationFinder.java:279)
	at java.base/java.util.concurrent.ConcurrentHashMap.computeIfAbsent(ConcurrentHashMap.java:1737)
	at org.testng.internal.annotations.JDK15AnnotationFinder.findAnnotation(JDK15AnnotationFinder.java:275)
	at org.testng.internal.annotations.JDK15AnnotationFinder.findAnnotation(JDK15AnnotationFinder.java:113)
	at org.testng.internal.TestNGClassFinder.isTestNGClass(TestNGClassFinder.java:275)
	at org.testng.internal.TestNGClassFinder.isNotTestNGClass(TestNGClassFinder.java:260)
	at org.testng.internal.TestNGClassFinder.processClass(TestNGClassFinder.java:94)
	at org.testng.internal.TestNGClassFinder.<init>(TestNGClassFinder.java:67)
	at org.testng.TestRunner.initMethods(TestRunner.java:442)
	at org.testng.TestRunner.init(TestRunner.java:336)
	at org.testng.TestRunner.init(TestRunner.java:289)
	at org.testng.TestRunner.<init>(TestRunner.java:179)
	at org.testng.SuiteRunner$DefaultTestRunnerFactory.newTestRunner(SuiteRunner.java:643)
	at org.testng.SuiteRunner.init(SuiteRunner.java:225)
	at org.testng.SuiteRunner.<init>(SuiteRunner.java:115)
	at org.testng.TestNG.createSuiteRunner(TestNG.java:1349)
	at org.testng.TestNG.createSuiteRunners(TestNG.java:1325)
	at org.testng.TestNG.runSuitesLocally(TestNG.java:1167)
	at org.testng.TestNG.runSuites(TestNG.java:1099)
	at org.testng.TestNG.run(TestNG.java:1067)
	at org.apache.maven.surefire.testng.TestNGExecutor.run(TestNGExecutor.java:324)
	at org.apache.maven.surefire.testng.TestNGXmlTestSuite.execute(TestNGXmlTestSuite.java:74)
	at org.apache.maven.surefire.testng.TestNGProvider.invoke(TestNGProvider.java:123)
	at org.apache.maven.surefire.booter.ForkedBooter.runSuitesInProcess(ForkedBooter.java:456)
	at org.apache.maven.surefire.booter.ForkedBooter.execute(ForkedBooter.java:169)
	at org.apache.maven.surefire.booter.ForkedBooter.run(ForkedBooter.java:595)
	at org.apache.maven.surefire.booter.ForkedBooter.main(ForkedBooter.java:581)

2023-02-13 11:57:16,383 main ERROR Unable to create file ./results/logs/${ctx:threadName}.log java.io.IOException: The filename, directory name, or volume label syntax is incorrect
	at java.base/java.io.WinNTFileSystem.canonicalize0(Native Method)
	at java.base/java.io.WinNTFileSystem.canonicalize(WinNTFileSystem.java:483)
	at java.base/java.io.File.getCanonicalPath(File.java:626)
	at java.base/java.io.File.getCanonicalFile(File.java:651)
	at org.apache.logging.log4j.core.util.FileUtils.makeParentDirs(FileUtils.java:139)
	at org.apache.logging.log4j.core.appender.rolling.RollingFileManager$RollingFileManagerFactory.createManager(RollingFileManager.java:734)
	at org.apache.logging.log4j.core.appender.rolling.RollingFileManager$RollingFileManagerFactory.createManager(RollingFileManager.java:718)
	at org.apache.logging.log4j.core.appender.AbstractManager.getManager(AbstractManager.java:144)
	at org.apache.logging.log4j.core.appender.OutputStreamManager.getManager(OutputStreamManager.java:100)
	at org.apache.logging.log4j.core.appender.rolling.RollingFileManager.getFileManager(RollingFileManager.java:217)
	at org.apache.logging.log4j.core.appender.RollingFileAppender$Builder.build(RollingFileAppender.java:135)
	at org.apache.logging.log4j.core.appender.RollingFileAppender$Builder.build(RollingFileAppender.java:62)
	at org.apache.logging.log4j.core.config.plugins.util.PluginBuilder.build(PluginBuilder.java:124)
	at org.apache.logging.log4j.core.config.AbstractConfiguration.createPluginObject(AbstractConfiguration.java:1138)
	at org.apache.logging.log4j.core.config.AbstractConfiguration.createConfiguration(AbstractConfiguration.java:1063)
	at org.apache.logging.log4j.core.appender.routing.RoutingAppender.createAppender(RoutingAppender.java:310)
	at org.apache.logging.log4j.core.appender.routing.RoutingAppender.getControl(RoutingAppender.java:282)
	at org.apache.logging.log4j.core.appender.routing.RoutingAppender.append(RoutingAppender.java:240)
	at org.apache.logging.log4j.core.config.AppenderControl.tryCallAppender(AppenderControl.java:161)
	at org.apache.logging.log4j.core.config.AppenderControl.callAppender0(AppenderControl.java:134)
	at org.apache.logging.log4j.core.config.AppenderControl.callAppenderPreventRecursion(AppenderControl.java:125)
	at org.apache.logging.log4j.core.config.AppenderControl.callAppender(AppenderControl.java:89)
	at org.apache.logging.log4j.core.config.LoggerConfig.callAppenders(LoggerConfig.java:683)
	at org.apache.logging.log4j.core.config.LoggerConfig.processLogEvent(LoggerConfig.java:641)
	at org.apache.logging.log4j.core.config.LoggerConfig.log(LoggerConfig.java:624)
	at org.apache.logging.log4j.core.config.LoggerConfig.log(LoggerConfig.java:560)
	at org.apache.logging.log4j.core.config.AwaitCompletionReliabilityStrategy.log(AwaitCompletionReliabilityStrategy.java:82)
	at org.apache.logging.log4j.core.Logger.log(Logger.java:162)
	at org.apache.logging.log4j.spi.AbstractLogger.logMessage(AbstractLogger.java:2106)
	at org.apache.logging.log4j.internal.DefaultLogBuilder.logMessage(DefaultLogBuilder.java:241)
	at org.apache.logging.log4j.internal.DefaultLogBuilder.log(DefaultLogBuilder.java:162)
	at org.apache.poi.openxml4j.opc.PackageRelationshipCollection.parseRelationshipsPart(PackageRelationshipCollection.java:309)
	at org.apache.poi.openxml4j.opc.PackageRelationshipCollection.<init>(PackageRelationshipCollection.java:160)
	at org.apache.poi.openxml4j.opc.PackageRelationshipCollection.<init>(PackageRelationshipCollection.java:116)
	at org.apache.poi.openxml4j.opc.OPCPackage.ensureRelationships(OPCPackage.java:1346)
	at org.apache.poi.openxml4j.opc.OPCPackage.getRelationshipsHelper(OPCPackage.java:1325)
	at org.apache.poi.openxml4j.opc.OPCPackage.getRelationshipsByType(OPCPackage.java:1313)
	at org.apache.poi.ooxml.POIXMLDocumentPart.getPartFromOPCPackage(POIXMLDocumentPart.java:743)
	at org.apache.poi.ooxml.POIXMLDocumentPart.<init>(POIXMLDocumentPart.java:151)
	at org.apache.poi.ooxml.POIXMLDocumentPart.<init>(POIXMLDocumentPart.java:141)
	at org.apache.poi.ooxml.POIXMLDocument.<init>(POIXMLDocument.java:60)
	at org.apache.poi.xssf.usermodel.XSSFWorkbook.<init>(XSSFWorkbook.java:254)
	at org.apache.poi.xssf.usermodel.XSSFWorkbook.<init>(XSSFWorkbook.java:290)
	at org.apache.poi.xssf.usermodel.XSSFWorkbook.<init>(XSSFWorkbook.java:286)
	at externalResources.ExcelDataRead.<init>(ExcelDataRead.java:22)
	at listeners.AnnotationsTransformer.toBeExecuted(AnnotationsTransformer.java:36)
	at listeners.AnnotationsTransformer.transform(AnnotationsTransformer.java:24)
	at org.testng.internal.annotations.JDK15AnnotationFinder.transform(JDK15AnnotationFinder.java:172)
	at org.testng.internal.annotations.JDK15AnnotationFinder.lambda$findAnnotation$0(JDK15AnnotationFinder.java:279)
	at java.base/java.util.concurrent.ConcurrentHashMap.computeIfAbsent(ConcurrentHashMap.java:1737)
	at org.testng.internal.annotations.JDK15AnnotationFinder.findAnnotation(JDK15AnnotationFinder.java:275)
	at org.testng.internal.annotations.JDK15AnnotationFinder.findAnnotation(JDK15AnnotationFinder.java:113)
	at org.testng.internal.TestNGClassFinder.isTestNGClass(TestNGClassFinder.java:275)
	at org.testng.internal.TestNGClassFinder.isNotTestNGClass(TestNGClassFinder.java:260)
	at org.testng.internal.TestNGClassFinder.processClass(TestNGClassFinder.java:94)
	at org.testng.internal.TestNGClassFinder.<init>(TestNGClassFinder.java:67)
	at org.testng.TestRunner.initMethods(TestRunner.java:442)
	at org.testng.TestRunner.init(TestRunner.java:336)
	at org.testng.TestRunner.init(TestRunner.java:289)
	at org.testng.TestRunner.<init>(TestRunner.java:179)
	at org.testng.SuiteRunner$DefaultTestRunnerFactory.newTestRunner(SuiteRunner.java:643)
	at org.testng.SuiteRunner.init(SuiteRunner.java:225)
	at org.testng.SuiteRunner.<init>(SuiteRunner.java:115)
	at org.testng.TestNG.createSuiteRunner(TestNG.java:1349)
	at org.testng.TestNG.createSuiteRunners(TestNG.java:1325)
	at org.testng.TestNG.runSuitesLocally(TestNG.java:1167)
	at org.testng.TestNG.runSuites(TestNG.java:1099)
	at org.testng.TestNG.run(TestNG.java:1067)
	at org.apache.maven.surefire.testng.TestNGExecutor.run(TestNGExecutor.java:324)
	at org.apache.maven.surefire.testng.TestNGXmlTestSuite.execute(TestNGXmlTestSuite.java:74)
	at org.apache.maven.surefire.testng.TestNGProvider.invoke(TestNGProvider.java:123)
	at org.apache.maven.surefire.booter.ForkedBooter.runSuitesInProcess(ForkedBooter.java:456)
	at org.apache.maven.surefire.booter.ForkedBooter.execute(ForkedBooter.java:169)
	at org.apache.maven.surefire.booter.ForkedBooter.run(ForkedBooter.java:595)
	at org.apache.maven.surefire.booter.ForkedBooter.main(ForkedBooter.java:581)

2023-02-13 11:57:16,383 main ERROR Could not create plugin of type class org.apache.logging.log4j.core.appender.RollingFileAppender for element RollingFile: java.lang.IllegalStateException: ManagerFactory [org.apache.logging.log4j.core.appender.rolling.RollingFileManager$RollingFileManagerFactory@4e6d7365] unable to create manager for [./results/logs/${ctx:threadName}.log] with data [org.apache.logging.log4j.core.appender.rolling.RollingFileManager$FactoryData@23592946[pattern=./results/logs/${ctx:threadName}-%d{yyyy-MM-dd}.log, append=true, bufferedIO=true, bufferSize=8192, policy=SizeBasedTriggeringPolicy(size=512000), strategy=DefaultRolloverStrategy(min=1, max=7, useMax=true), advertiseURI=null, layout=%d{HH:mm:ss.SSS} [%t] %-5level %logger{36} - %msg%n, filePermissions=null, fileOwner=null]] java.lang.IllegalStateException: ManagerFactory [org.apache.logging.log4j.core.appender.rolling.RollingFileManager$RollingFileManagerFactory@4e6d7365] unable to create manager for [./results/logs/${ctx:threadName}.log] with data [org.apache.logging.log4j.core.appender.rolling.RollingFileManager$FactoryData@23592946[pattern=./results/logs/${ctx:threadName}-%d{yyyy-MM-dd}.log, append=true, bufferedIO=true, bufferSize=8192, policy=SizeBasedTriggeringPolicy(size=512000), strategy=DefaultRolloverStrategy(min=1, max=7, useMax=true), advertiseURI=null, layout=%d{HH:mm:ss.SSS} [%t] %-5level %logger{36} - %msg%n, filePermissions=null, fileOwner=null]]
	at org.apache.logging.log4j.core.appender.AbstractManager.getManager(AbstractManager.java:146)
	at org.apache.logging.log4j.core.appender.OutputStreamManager.getManager(OutputStreamManager.java:100)
	at org.apache.logging.log4j.core.appender.rolling.RollingFileManager.getFileManager(RollingFileManager.java:217)
	at org.apache.logging.log4j.core.appender.RollingFileAppender$Builder.build(RollingFileAppender.java:135)
	at org.apache.logging.log4j.core.appender.RollingFileAppender$Builder.build(RollingFileAppender.java:62)
	at org.apache.logging.log4j.core.config.plugins.util.PluginBuilder.build(PluginBuilder.java:124)
	at org.apache.logging.log4j.core.config.AbstractConfiguration.createPluginObject(AbstractConfiguration.java:1138)
	at org.apache.logging.log4j.core.config.AbstractConfiguration.createConfiguration(AbstractConfiguration.java:1063)
	at org.apache.logging.log4j.core.appender.routing.RoutingAppender.createAppender(RoutingAppender.java:310)
	at org.apache.logging.log4j.core.appender.routing.RoutingAppender.getControl(RoutingAppender.java:282)
	at org.apache.logging.log4j.core.appender.routing.RoutingAppender.append(RoutingAppender.java:240)
	at org.apache.logging.log4j.core.config.AppenderControl.tryCallAppender(AppenderControl.java:161)
	at org.apache.logging.log4j.core.config.AppenderControl.callAppender0(AppenderControl.java:134)
	at org.apache.logging.log4j.core.config.AppenderControl.callAppenderPreventRecursion(AppenderControl.java:125)
	at org.apache.logging.log4j.core.config.AppenderControl.callAppender(AppenderControl.java:89)
	at org.apache.logging.log4j.core.config.LoggerConfig.callAppenders(LoggerConfig.java:683)
	at org.apache.logging.log4j.core.config.LoggerConfig.processLogEvent(LoggerConfig.java:641)
	at org.apache.logging.log4j.core.config.LoggerConfig.log(LoggerConfig.java:624)
	at org.apache.logging.log4j.core.config.LoggerConfig.log(LoggerConfig.java:560)
	at org.apache.logging.log4j.core.config.AwaitCompletionReliabilityStrategy.log(AwaitCompletionReliabilityStrategy.java:82)
	at org.apache.logging.log4j.core.Logger.log(Logger.java:162)
	at org.apache.logging.log4j.spi.AbstractLogger.logMessage(AbstractLogger.java:2106)
	at org.apache.logging.log4j.internal.DefaultLogBuilder.logMessage(DefaultLogBuilder.java:241)
	at org.apache.logging.log4j.internal.DefaultLogBuilder.log(DefaultLogBuilder.java:162)
	at org.apache.poi.openxml4j.opc.PackageRelationshipCollection.parseRelationshipsPart(PackageRelationshipCollection.java:309)
	at org.apache.poi.openxml4j.opc.PackageRelationshipCollection.<init>(PackageRelationshipCollection.java:160)
	at org.apache.poi.openxml4j.opc.PackageRelationshipCollection.<init>(PackageRelationshipCollection.java:116)
	at org.apache.poi.openxml4j.opc.OPCPackage.ensureRelationships(OPCPackage.java:1346)
	at org.apache.poi.openxml4j.opc.OPCPackage.getRelationshipsHelper(OPCPackage.java:1325)
	at org.apache.poi.openxml4j.opc.OPCPackage.getRelationshipsByType(OPCPackage.java:1313)
	at org.apache.poi.ooxml.POIXMLDocumentPart.getPartFromOPCPackage(POIXMLDocumentPart.java:743)
	at org.apache.poi.ooxml.POIXMLDocumentPart.<init>(POIXMLDocumentPart.java:151)
	at org.apache.poi.ooxml.POIXMLDocumentPart.<init>(POIXMLDocumentPart.java:141)
	at org.apache.poi.ooxml.POIXMLDocument.<init>(POIXMLDocument.java:60)
	at org.apache.poi.xssf.usermodel.XSSFWorkbook.<init>(XSSFWorkbook.java:254)
	at org.apache.poi.xssf.usermodel.XSSFWorkbook.<init>(XSSFWorkbook.java:290)
	at org.apache.poi.xssf.usermodel.XSSFWorkbook.<init>(XSSFWorkbook.java:286)
	at externalResources.ExcelDataRead.<init>(ExcelDataRead.java:22)
	at listeners.AnnotationsTransformer.toBeExecuted(AnnotationsTransformer.java:36)
	at listeners.AnnotationsTransformer.transform(AnnotationsTransformer.java:24)
	at org.testng.internal.annotations.JDK15AnnotationFinder.transform(JDK15AnnotationFinder.java:172)
	at org.testng.internal.annotations.JDK15AnnotationFinder.lambda$findAnnotation$0(JDK15AnnotationFinder.java:279)
	at java.base/java.util.concurrent.ConcurrentHashMap.computeIfAbsent(ConcurrentHashMap.java:1737)
	at org.testng.internal.annotations.JDK15AnnotationFinder.findAnnotation(JDK15AnnotationFinder.java:275)
	at org.testng.internal.annotations.JDK15AnnotationFinder.findAnnotation(JDK15AnnotationFinder.java:113)
	at org.testng.internal.TestNGClassFinder.isTestNGClass(TestNGClassFinder.java:275)
	at org.testng.internal.TestNGClassFinder.isNotTestNGClass(TestNGClassFinder.java:260)
	at org.testng.internal.TestNGClassFinder.processClass(TestNGClassFinder.java:94)
	at org.testng.internal.TestNGClassFinder.<init>(TestNGClassFinder.java:67)
	at org.testng.TestRunner.initMethods(TestRunner.java:442)
	at org.testng.TestRunner.init(TestRunner.java:336)
	at org.testng.TestRunner.init(TestRunner.java:289)
	at org.testng.TestRunner.<init>(TestRunner.java:179)
	at org.testng.SuiteRunner$DefaultTestRunnerFactory.newTestRunner(SuiteRunner.java:643)
	at org.testng.SuiteRunner.init(SuiteRunner.java:225)
	at org.testng.SuiteRunner.<init>(SuiteRunner.java:115)
	at org.testng.TestNG.createSuiteRunner(TestNG.java:1349)
	at org.testng.TestNG.createSuiteRunners(TestNG.java:1325)
	at org.testng.TestNG.runSuitesLocally(TestNG.java:1167)
	at org.testng.TestNG.runSuites(TestNG.java:1099)
	at org.testng.TestNG.run(TestNG.java:1067)
	at org.apache.maven.surefire.testng.TestNGExecutor.run(TestNGExecutor.java:324)
	at org.apache.maven.surefire.testng.TestNGXmlTestSuite.execute(TestNGXmlTestSuite.java:74)
	at org.apache.maven.surefire.testng.TestNGProvider.invoke(TestNGProvider.java:123)
	at org.apache.maven.surefire.booter.ForkedBooter.runSuitesInProcess(ForkedBooter.java:456)
	at org.apache.maven.surefire.booter.ForkedBooter.execute(ForkedBooter.java:169)
	at org.apache.maven.surefire.booter.ForkedBooter.run(ForkedBooter.java:595)
	at org.apache.maven.surefire.booter.ForkedBooter.main(ForkedBooter.java:581)

2023-02-13 11:57:16,384 main ERROR Unable to invoke factory method in class org.apache.logging.log4j.core.appender.RollingFileAppender for element RollingFile: java.lang.IllegalStateException: No factory method found for class org.apache.logging.log4j.core.appender.RollingFileAppender java.lang.IllegalStateException: No factory method found for class org.apache.logging.log4j.core.appender.RollingFileAppender
	at org.apache.logging.log4j.core.config.plugins.util.PluginBuilder.findFactoryMethod(PluginBuilder.java:260)
	at org.apache.logging.log4j.core.config.plugins.util.PluginBuilder.build(PluginBuilder.java:136)
	at org.apache.logging.log4j.core.config.AbstractConfiguration.createPluginObject(AbstractConfiguration.java:1138)
	at org.apache.logging.log4j.core.config.AbstractConfiguration.createConfiguration(AbstractConfiguration.java:1063)
	at org.apache.logging.log4j.core.appender.routing.RoutingAppender.createAppender(RoutingAppender.java:310)
	at org.apache.logging.log4j.core.appender.routing.RoutingAppender.getControl(RoutingAppender.java:282)
	at org.apache.logging.log4j.core.appender.routing.RoutingAppender.append(RoutingAppender.java:240)
	at org.apache.logging.log4j.core.config.AppenderControl.tryCallAppender(AppenderControl.java:161)
	at org.apache.logging.log4j.core.config.AppenderControl.callAppender0(AppenderControl.java:134)
	at org.apache.logging.log4j.core.config.AppenderControl.callAppenderPreventRecursion(AppenderControl.java:125)
	at org.apache.logging.log4j.core.config.AppenderControl.callAppender(AppenderControl.java:89)
	at org.apache.logging.log4j.core.config.LoggerConfig.callAppenders(LoggerConfig.java:683)
	at org.apache.logging.log4j.core.config.LoggerConfig.processLogEvent(LoggerConfig.java:641)
	at org.apache.logging.log4j.core.config.LoggerConfig.log(LoggerConfig.java:624)
	at org.apache.logging.log4j.core.config.LoggerConfig.log(LoggerConfig.java:560)
	at org.apache.logging.log4j.core.config.AwaitCompletionReliabilityStrategy.log(AwaitCompletionReliabilityStrategy.java:82)
	at org.apache.logging.log4j.core.Logger.log(Logger.java:162)
	at org.apache.logging.log4j.spi.AbstractLogger.logMessage(AbstractLogger.java:2106)
	at org.apache.logging.log4j.internal.DefaultLogBuilder.logMessage(DefaultLogBuilder.java:241)
	at org.apache.logging.log4j.internal.DefaultLogBuilder.log(DefaultLogBuilder.java:162)
	at org.apache.poi.openxml4j.opc.PackageRelationshipCollection.parseRelationshipsPart(PackageRelationshipCollection.java:309)
	at org.apache.poi.openxml4j.opc.PackageRelationshipCollection.<init>(PackageRelationshipCollection.java:160)
	at org.apache.poi.openxml4j.opc.PackageRelationshipCollection.<init>(PackageRelationshipCollection.java:116)
	at org.apache.poi.openxml4j.opc.OPCPackage.ensureRelationships(OPCPackage.java:1346)
	at org.apache.poi.openxml4j.opc.OPCPackage.getRelationshipsHelper(OPCPackage.java:1325)
	at org.apache.poi.openxml4j.opc.OPCPackage.getRelationshipsByType(OPCPackage.java:1313)
	at org.apache.poi.ooxml.POIXMLDocumentPart.getPartFromOPCPackage(POIXMLDocumentPart.java:743)
	at org.apache.poi.ooxml.POIXMLDocumentPart.<init>(POIXMLDocumentPart.java:151)
	at org.apache.poi.ooxml.POIXMLDocumentPart.<init>(POIXMLDocumentPart.java:141)
	at org.apache.poi.ooxml.POIXMLDocument.<init>(POIXMLDocument.java:60)
	at org.apache.poi.xssf.usermodel.XSSFWorkbook.<init>(XSSFWorkbook.java:254)
	at org.apache.poi.xssf.usermodel.XSSFWorkbook.<init>(XSSFWorkbook.java:290)
	at org.apache.poi.xssf.usermodel.XSSFWorkbook.<init>(XSSFWorkbook.java:286)
	at externalResources.ExcelDataRead.<init>(ExcelDataRead.java:22)
	at listeners.AnnotationsTransformer.toBeExecuted(AnnotationsTransformer.java:36)
	at listeners.AnnotationsTransformer.transform(AnnotationsTransformer.java:24)
	at org.testng.internal.annotations.JDK15AnnotationFinder.transform(JDK15AnnotationFinder.java:172)
	at org.testng.internal.annotations.JDK15AnnotationFinder.lambda$findAnnotation$0(JDK15AnnotationFinder.java:279)
	at java.base/java.util.concurrent.ConcurrentHashMap.computeIfAbsent(ConcurrentHashMap.java:1737)
	at org.testng.internal.annotations.JDK15AnnotationFinder.findAnnotation(JDK15AnnotationFinder.java:275)
	at org.testng.internal.annotations.JDK15AnnotationFinder.findAnnotation(JDK15AnnotationFinder.java:113)
	at org.testng.internal.TestNGClassFinder.isTestNGClass(TestNGClassFinder.java:275)
	at org.testng.internal.TestNGClassFinder.isNotTestNGClass(TestNGClassFinder.java:260)
	at org.testng.internal.TestNGClassFinder.processClass(TestNGClassFinder.java:94)
	at org.testng.internal.TestNGClassFinder.<init>(TestNGClassFinder.java:67)
	at org.testng.TestRunner.initMethods(TestRunner.java:442)
	at org.testng.TestRunner.init(TestRunner.java:336)
	at org.testng.TestRunner.init(TestRunner.java:289)
	at org.testng.TestRunner.<init>(TestRunner.java:179)
	at org.testng.SuiteRunner$DefaultTestRunnerFactory.newTestRunner(SuiteRunner.java:643)
	at org.testng.SuiteRunner.init(SuiteRunner.java:225)
	at org.testng.SuiteRunner.<init>(SuiteRunner.java:115)
	at org.testng.TestNG.createSuiteRunner(TestNG.java:1349)
	at org.testng.TestNG.createSuiteRunners(TestNG.java:1325)
	at org.testng.TestNG.runSuitesLocally(TestNG.java:1167)
	at org.testng.TestNG.runSuites(TestNG.java:1099)
	at org.testng.TestNG.run(TestNG.java:1067)
	at org.apache.maven.surefire.testng.TestNGExecutor.run(TestNGExecutor.java:324)
	at org.apache.maven.surefire.testng.TestNGXmlTestSuite.execute(TestNGXmlTestSuite.java:74)
	at org.apache.maven.surefire.testng.TestNGProvider.invoke(TestNGProvider.java:123)
	at org.apache.maven.surefire.booter.ForkedBooter.runSuitesInProcess(ForkedBooter.java:456)
	at org.apache.maven.surefire.booter.ForkedBooter.execute(ForkedBooter.java:169)
	at org.apache.maven.surefire.booter.ForkedBooter.run(ForkedBooter.java:595)
	at org.apache.maven.surefire.booter.ForkedBooter.main(ForkedBooter.java:581)

2023-02-13 11:57:16,395 main ERROR Unable to create file ./results/logs/${ctx:threadName}.log java.io.IOException: The filename, directory name, or volume label syntax is incorrect
	at java.base/java.io.WinNTFileSystem.canonicalize0(Native Method)
	at java.base/java.io.WinNTFileSystem.canonicalize(WinNTFileSystem.java:483)
	at java.base/java.io.File.getCanonicalPath(File.java:626)
	at java.base/java.io.File.getCanonicalFile(File.java:651)
	at org.apache.logging.log4j.core.util.FileUtils.makeParentDirs(FileUtils.java:139)
	at org.apache.logging.log4j.core.appender.rolling.RollingFileManager$RollingFileManagerFactory.createManager(RollingFileManager.java:734)
	at org.apache.logging.log4j.core.appender.rolling.RollingFileManager$RollingFileManagerFactory.createManager(RollingFileManager.java:718)
	at org.apache.logging.log4j.core.appender.AbstractManager.getManager(AbstractManager.java:144)
	at org.apache.logging.log4j.core.appender.OutputStreamManager.getManager(OutputStreamManager.java:100)
	at org.apache.logging.log4j.core.appender.rolling.RollingFileManager.getFileManager(RollingFileManager.java:217)
	at org.apache.logging.log4j.core.appender.RollingFileAppender$Builder.build(RollingFileAppender.java:135)
	at org.apache.logging.log4j.core.appender.RollingFileAppender$Builder.build(RollingFileAppender.java:62)
	at org.apache.logging.log4j.core.config.plugins.util.PluginBuilder.build(PluginBuilder.java:124)
	at org.apache.logging.log4j.core.config.AbstractConfiguration.createPluginObject(AbstractConfiguration.java:1138)
	at org.apache.logging.log4j.core.config.AbstractConfiguration.createConfiguration(AbstractConfiguration.java:1063)
	at org.apache.logging.log4j.core.appender.routing.RoutingAppender.createAppender(RoutingAppender.java:310)
	at org.apache.logging.log4j.core.appender.routing.RoutingAppender.getControl(RoutingAppender.java:282)
	at org.apache.logging.log4j.core.appender.routing.RoutingAppender.append(RoutingAppender.java:240)
	at org.apache.logging.log4j.core.config.AppenderControl.tryCallAppender(AppenderControl.java:161)
	at org.apache.logging.log4j.core.config.AppenderControl.callAppender0(AppenderControl.java:134)
	at org.apache.logging.log4j.core.config.AppenderControl.callAppenderPreventRecursion(AppenderControl.java:125)
	at org.apache.logging.log4j.core.config.AppenderControl.callAppender(AppenderControl.java:89)
	at org.apache.logging.log4j.core.config.LoggerConfig.callAppenders(LoggerConfig.java:683)
	at org.apache.logging.log4j.core.config.LoggerConfig.processLogEvent(LoggerConfig.java:641)
	at org.apache.logging.log4j.core.config.LoggerConfig.log(LoggerConfig.java:624)
	at org.apache.logging.log4j.core.config.LoggerConfig.log(LoggerConfig.java:560)
	at org.apache.logging.log4j.core.config.AwaitCompletionReliabilityStrategy.log(AwaitCompletionReliabilityStrategy.java:82)
	at org.apache.logging.log4j.core.Logger.log(Logger.java:162)
	at org.apache.logging.log4j.spi.AbstractLogger.logMessage(AbstractLogger.java:2106)
	at org.apache.logging.log4j.internal.DefaultLogBuilder.logMessage(DefaultLogBuilder.java:241)
	at org.apache.logging.log4j.internal.DefaultLogBuilder.log(DefaultLogBuilder.java:162)
	at org.apache.poi.ooxml.POIXMLFactory.createDocumentPart(POIXMLFactory.java:65)
	at org.apache.poi.ooxml.POIXMLDocumentPart.read(POIXMLDocumentPart.java:661)
	at org.apache.poi.ooxml.POIXMLDocumentPart.read(POIXMLDocumentPart.java:678)
	at org.apache.poi.ooxml.POIXMLDocument.load(POIXMLDocument.java:165)
	at org.apache.poi.xssf.usermodel.XSSFWorkbook.<init>(XSSFWorkbook.java:260)
	at org.apache.poi.xssf.usermodel.XSSFWorkbook.<init>(XSSFWorkbook.java:290)
	at org.apache.poi.xssf.usermodel.XSSFWorkbook.<init>(XSSFWorkbook.java:286)
	at externalResources.ExcelDataRead.<init>(ExcelDataRead.java:22)
	at listeners.AnnotationsTransformer.toBeExecuted(AnnotationsTransformer.java:36)
	at listeners.AnnotationsTransformer.transform(AnnotationsTransformer.java:24)
	at org.testng.internal.annotations.JDK15AnnotationFinder.transform(JDK15AnnotationFinder.java:172)
	at org.testng.internal.annotations.JDK15AnnotationFinder.lambda$findAnnotation$0(JDK15AnnotationFinder.java:279)
	at java.base/java.util.concurrent.ConcurrentHashMap.computeIfAbsent(ConcurrentHashMap.java:1737)
	at org.testng.internal.annotations.JDK15AnnotationFinder.findAnnotation(JDK15AnnotationFinder.java:275)
	at org.testng.internal.annotations.JDK15AnnotationFinder.findAnnotation(JDK15AnnotationFinder.java:113)
	at org.testng.internal.TestNGClassFinder.isTestNGClass(TestNGClassFinder.java:275)
	at org.testng.internal.TestNGClassFinder.isNotTestNGClass(TestNGClassFinder.java:260)
	at org.testng.internal.TestNGClassFinder.processClass(TestNGClassFinder.java:94)
	at org.testng.internal.TestNGClassFinder.<init>(TestNGClassFinder.java:67)
	at org.testng.TestRunner.initMethods(TestRunner.java:442)
	at org.testng.TestRunner.init(TestRunner.java:336)
	at org.testng.TestRunner.init(TestRunner.java:289)
	at org.testng.TestRunner.<init>(TestRunner.java:179)
	at org.testng.SuiteRunner$DefaultTestRunnerFactory.newTestRunner(SuiteRunner.java:643)
	at org.testng.SuiteRunner.init(SuiteRunner.java:225)
	at org.testng.SuiteRunner.<init>(SuiteRunner.java:115)
	at org.testng.TestNG.createSuiteRunner(TestNG.java:1349)
	at org.testng.TestNG.createSuiteRunners(TestNG.java:1325)
	at org.testng.TestNG.runSuitesLocally(TestNG.java:1167)
	at org.testng.TestNG.runSuites(TestNG.java:1099)
	at org.testng.TestNG.run(TestNG.java:1067)
	at org.apache.maven.surefire.testng.TestNGExecutor.run(TestNGExecutor.java:324)
	at org.apache.maven.surefire.testng.TestNGXmlTestSuite.execute(TestNGXmlTestSuite.java:74)
	at org.apache.maven.surefire.testng.TestNGProvider.invoke(TestNGProvider.java:123)
	at org.apache.maven.surefire.booter.ForkedBooter.runSuitesInProcess(ForkedBooter.java:456)
	at org.apache.maven.surefire.booter.ForkedBooter.execute(ForkedBooter.java:169)
	at org.apache.maven.surefire.booter.ForkedBooter.run(ForkedBooter.java:595)
	at org.apache.maven.surefire.booter.ForkedBooter.main(ForkedBooter.java:581)

2023-02-13 11:57:16,396 main ERROR Could not create plugin of type class org.apache.logging.log4j.core.appender.RollingFileAppender for element RollingFile: java.lang.IllegalStateException: ManagerFactory [org.apache.logging.log4j.core.appender.rolling.RollingFileManager$RollingFileManagerFactory@4e6d7365] unable to create manager for [./results/logs/${ctx:threadName}.log] with data [org.apache.logging.log4j.core.appender.rolling.RollingFileManager$FactoryData@20a05b32[pattern=./results/logs/${ctx:threadName}-%d{yyyy-MM-dd}.log, append=true, bufferedIO=true, bufferSize=8192, policy=SizeBasedTriggeringPolicy(size=512000), strategy=DefaultRolloverStrategy(min=1, max=7, useMax=true), advertiseURI=null, layout=%d{HH:mm:ss.SSS} [%t] %-5level %logger{36} - %msg%n, filePermissions=null, fileOwner=null]] java.lang.IllegalStateException: ManagerFactory [org.apache.logging.log4j.core.appender.rolling.RollingFileManager$RollingFileManagerFactory@4e6d7365] unable to create manager for [./results/logs/${ctx:threadName}.log] with data [org.apache.logging.log4j.core.appender.rolling.RollingFileManager$FactoryData@20a05b32[pattern=./results/logs/${ctx:threadName}-%d{yyyy-MM-dd}.log, append=true, bufferedIO=true, bufferSize=8192, policy=SizeBasedTriggeringPolicy(size=512000), strategy=DefaultRolloverStrategy(min=1, max=7, useMax=true), advertiseURI=null, layout=%d{HH:mm:ss.SSS} [%t] %-5level %logger{36} - %msg%n, filePermissions=null, fileOwner=null]]
	at org.apache.logging.log4j.core.appender.AbstractManager.getManager(AbstractManager.java:146)
	at org.apache.logging.log4j.core.appender.OutputStreamManager.getManager(OutputStreamManager.java:100)
	at org.apache.logging.log4j.core.appender.rolling.RollingFileManager.getFileManager(RollingFileManager.java:217)
	at org.apache.logging.log4j.core.appender.RollingFileAppender$Builder.build(RollingFileAppender.java:135)
	at org.apache.logging.log4j.core.appender.RollingFileAppender$Builder.build(RollingFileAppender.java:62)
	at org.apache.logging.log4j.core.config.plugins.util.PluginBuilder.build(PluginBuilder.java:124)
	at org.apache.logging.log4j.core.config.AbstractConfiguration.createPluginObject(AbstractConfiguration.java:1138)
	at org.apache.logging.log4j.core.config.AbstractConfiguration.createConfiguration(AbstractConfiguration.java:1063)
	at org.apache.logging.log4j.core.appender.routing.RoutingAppender.createAppender(RoutingAppender.java:310)
	at org.apache.logging.log4j.core.appender.routing.RoutingAppender.getControl(RoutingAppender.java:282)
	at org.apache.logging.log4j.core.appender.routing.RoutingAppender.append(RoutingAppender.java:240)
	at org.apache.logging.log4j.core.config.AppenderControl.tryCallAppender(AppenderControl.java:161)
	at org.apache.logging.log4j.core.config.AppenderControl.callAppender0(AppenderControl.java:134)
	at org.apache.logging.log4j.core.config.AppenderControl.callAppenderPreventRecursion(AppenderControl.java:125)
	at org.apache.logging.log4j.core.config.AppenderControl.callAppender(AppenderControl.java:89)
	at org.apache.logging.log4j.core.config.LoggerConfig.callAppenders(LoggerConfig.java:683)
	at org.apache.logging.log4j.core.config.LoggerConfig.processLogEvent(LoggerConfig.java:641)
	at org.apache.logging.log4j.core.config.LoggerConfig.log(LoggerConfig.java:624)
	at org.apache.logging.log4j.core.config.LoggerConfig.log(LoggerConfig.java:560)
	at org.apache.logging.log4j.core.config.AwaitCompletionReliabilityStrategy.log(AwaitCompletionReliabilityStrategy.java:82)
	at org.apache.logging.log4j.core.Logger.log(Logger.java:162)
	at org.apache.logging.log4j.spi.AbstractLogger.logMessage(AbstractLogger.java:2106)
	at org.apache.logging.log4j.internal.DefaultLogBuilder.logMessage(DefaultLogBuilder.java:241)
	at org.apache.logging.log4j.internal.DefaultLogBuilder.log(DefaultLogBuilder.java:162)
	at org.apache.poi.ooxml.POIXMLFactory.createDocumentPart(POIXMLFactory.java:65)
	at org.apache.poi.ooxml.POIXMLDocumentPart.read(POIXMLDocumentPart.java:661)
	at org.apache.poi.ooxml.POIXMLDocumentPart.read(POIXMLDocumentPart.java:678)
	at org.apache.poi.ooxml.POIXMLDocument.load(POIXMLDocument.java:165)
	at org.apache.poi.xssf.usermodel.XSSFWorkbook.<init>(XSSFWorkbook.java:260)
	at org.apache.poi.xssf.usermodel.XSSFWorkbook.<init>(XSSFWorkbook.java:290)
	at org.apache.poi.xssf.usermodel.XSSFWorkbook.<init>(XSSFWorkbook.java:286)
	at externalResources.ExcelDataRead.<init>(ExcelDataRead.java:22)
	at listeners.AnnotationsTransformer.toBeExecuted(AnnotationsTransformer.java:36)
	at listeners.AnnotationsTransformer.transform(AnnotationsTransformer.java:24)
	at org.testng.internal.annotations.JDK15AnnotationFinder.transform(JDK15AnnotationFinder.java:172)
	at org.testng.internal.annotations.JDK15AnnotationFinder.lambda$findAnnotation$0(JDK15AnnotationFinder.java:279)
	at java.base/java.util.concurrent.ConcurrentHashMap.computeIfAbsent(ConcurrentHashMap.java:1737)
	at org.testng.internal.annotations.JDK15AnnotationFinder.findAnnotation(JDK15AnnotationFinder.java:275)
	at org.testng.internal.annotations.JDK15AnnotationFinder.findAnnotation(JDK15AnnotationFinder.java:113)
	at org.testng.internal.TestNGClassFinder.isTestNGClass(TestNGClassFinder.java:275)
	at org.testng.internal.TestNGClassFinder.isNotTestNGClass(TestNGClassFinder.java:260)
	at org.testng.internal.TestNGClassFinder.processClass(TestNGClassFinder.java:94)
	at org.testng.internal.TestNGClassFinder.<init>(TestNGClassFinder.java:67)
	at org.testng.TestRunner.initMethods(TestRunner.java:442)
	at org.testng.TestRunner.init(TestRunner.java:336)
	at org.testng.TestRunner.init(TestRunner.java:289)
	at org.testng.TestRunner.<init>(TestRunner.java:179)
	at org.testng.SuiteRunner$DefaultTestRunnerFactory.newTestRunner(SuiteRunner.java:643)
	at org.testng.SuiteRunner.init(SuiteRunner.java:225)
	at org.testng.SuiteRunner.<init>(SuiteRunner.java:115)
	at org.testng.TestNG.createSuiteRunner(TestNG.java:1349)
	at org.testng.TestNG.createSuiteRunners(TestNG.java:1325)
	at org.testng.TestNG.runSuitesLocally(TestNG.java:1167)
	at org.testng.TestNG.runSuites(TestNG.java:1099)
	at org.testng.TestNG.run(TestNG.java:1067)
	at org.apache.maven.surefire.testng.TestNGExecutor.run(TestNGExecutor.java:324)
	at org.apache.maven.surefire.testng.TestNGXmlTestSuite.execute(TestNGXmlTestSuite.java:74)
	at org.apache.maven.surefire.testng.TestNGProvider.invoke(TestNGProvider.java:123)
	at org.apache.maven.surefire.booter.ForkedBooter.runSuitesInProcess(ForkedBooter.java:456)
	at org.apache.maven.surefire.booter.ForkedBooter.execute(ForkedBooter.java:169)
	at org.apache.maven.surefire.booter.ForkedBooter.run(ForkedBooter.java:595)
	at org.apache.maven.surefire.booter.ForkedBooter.main(ForkedBooter.java:581)

2023-02-13 11:57:16,397 main ERROR Unable to invoke factory method in class org.apache.logging.log4j.core.appender.RollingFileAppender for element RollingFile: java.lang.IllegalStateException: No factory method found for class org.apache.logging.log4j.core.appender.RollingFileAppender java.lang.IllegalStateException: No factory method found for class org.apache.logging.log4j.core.appender.RollingFileAppender
	at org.apache.logging.log4j.core.config.plugins.util.PluginBuilder.findFactoryMethod(PluginBuilder.java:260)
	at org.apache.logging.log4j.core.config.plugins.util.PluginBuilder.build(PluginBuilder.java:136)
	at org.apache.logging.log4j.core.config.AbstractConfiguration.createPluginObject(AbstractConfiguration.java:1138)
	at org.apache.logging.log4j.core.config.AbstractConfiguration.createConfiguration(AbstractConfiguration.java:1063)
	at org.apache.logging.log4j.core.appender.routing.RoutingAppender.createAppender(RoutingAppender.java:310)
	at org.apache.logging.log4j.core.appender.routing.RoutingAppender.getControl(RoutingAppender.java:282)
	at org.apache.logging.log4j.core.appender.routing.RoutingAppender.append(RoutingAppender.java:240)
	at org.apache.logging.log4j.core.config.AppenderControl.tryCallAppender(AppenderControl.java:161)
	at org.apache.logging.log4j.core.config.AppenderControl.callAppender0(AppenderControl.java:134)
	at org.apache.logging.log4j.core.config.AppenderControl.callAppenderPreventRecursion(AppenderControl.java:125)
	at org.apache.logging.log4j.core.config.AppenderControl.callAppender(AppenderControl.java:89)
	at org.apache.logging.log4j.core.config.LoggerConfig.callAppenders(LoggerConfig.java:683)
	at org.apache.logging.log4j.core.config.LoggerConfig.processLogEvent(LoggerConfig.java:641)
	at org.apache.logging.log4j.core.config.LoggerConfig.log(LoggerConfig.java:624)
	at org.apache.logging.log4j.core.config.LoggerConfig.log(LoggerConfig.java:560)
	at org.apache.logging.log4j.core.config.AwaitCompletionReliabilityStrategy.log(AwaitCompletionReliabilityStrategy.java:82)
	at org.apache.logging.log4j.core.Logger.log(Logger.java:162)
	at org.apache.logging.log4j.spi.AbstractLogger.logMessage(AbstractLogger.java:2106)
	at org.apache.logging.log4j.internal.DefaultLogBuilder.logMessage(DefaultLogBuilder.java:241)
	at org.apache.logging.log4j.internal.DefaultLogBuilder.log(DefaultLogBuilder.java:162)
	at org.apache.poi.ooxml.POIXMLFactory.createDocumentPart(POIXMLFactory.java:65)
	at org.apache.poi.ooxml.POIXMLDocumentPart.read(POIXMLDocumentPart.java:661)
	at org.apache.poi.ooxml.POIXMLDocumentPart.read(POIXMLDocumentPart.java:678)
	at org.apache.poi.ooxml.POIXMLDocument.load(POIXMLDocument.java:165)
	at org.apache.poi.xssf.usermodel.XSSFWorkbook.<init>(XSSFWorkbook.java:260)
	at org.apache.poi.xssf.usermodel.XSSFWorkbook.<init>(XSSFWorkbook.java:290)
	at org.apache.poi.xssf.usermodel.XSSFWorkbook.<init>(XSSFWorkbook.java:286)
	at externalResources.ExcelDataRead.<init>(ExcelDataRead.java:22)
	at listeners.AnnotationsTransformer.toBeExecuted(AnnotationsTransformer.java:36)
	at listeners.AnnotationsTransformer.transform(AnnotationsTransformer.java:24)
	at org.testng.internal.annotations.JDK15AnnotationFinder.transform(JDK15AnnotationFinder.java:172)
	at org.testng.internal.annotations.JDK15AnnotationFinder.lambda$findAnnotation$0(JDK15AnnotationFinder.java:279)
	at java.base/java.util.concurrent.ConcurrentHashMap.computeIfAbsent(ConcurrentHashMap.java:1737)
	at org.testng.internal.annotations.JDK15AnnotationFinder.findAnnotation(JDK15AnnotationFinder.java:275)
	at org.testng.internal.annotations.JDK15AnnotationFinder.findAnnotation(JDK15AnnotationFinder.java:113)
	at org.testng.internal.TestNGClassFinder.isTestNGClass(TestNGClassFinder.java:275)
	at org.testng.internal.TestNGClassFinder.isNotTestNGClass(TestNGClassFinder.java:260)
	at org.testng.internal.TestNGClassFinder.processClass(TestNGClassFinder.java:94)
	at org.testng.internal.TestNGClassFinder.<init>(TestNGClassFinder.java:67)
	at org.testng.TestRunner.initMethods(TestRunner.java:442)
	at org.testng.TestRunner.init(TestRunner.java:336)
	at org.testng.TestRunner.init(TestRunner.java:289)
	at org.testng.TestRunner.<init>(TestRunner.java:179)
	at org.testng.SuiteRunner$DefaultTestRunnerFactory.newTestRunner(SuiteRunner.java:643)
	at org.testng.SuiteRunner.init(SuiteRunner.java:225)
	at org.testng.SuiteRunner.<init>(SuiteRunner.java:115)
	at org.testng.TestNG.createSuiteRunner(TestNG.java:1349)
	at org.testng.TestNG.createSuiteRunners(TestNG.java:1325)
	at org.testng.TestNG.runSuitesLocally(TestNG.java:1167)
	at org.testng.TestNG.runSuites(TestNG.java:1099)
	at org.testng.TestNG.run(TestNG.java:1067)
	at org.apache.maven.surefire.testng.TestNGExecutor.run(TestNGExecutor.java:324)
	at org.apache.maven.surefire.testng.TestNGXmlTestSuite.execute(TestNGXmlTestSuite.java:74)
	at org.apache.maven.surefire.testng.TestNGProvider.invoke(TestNGProvider.java:123)
	at org.apache.maven.surefire.booter.ForkedBooter.runSuitesInProcess(ForkedBooter.java:456)
	at org.apache.maven.surefire.booter.ForkedBooter.execute(ForkedBooter.java:169)
	at org.apache.maven.surefire.booter.ForkedBooter.run(ForkedBooter.java:595)
	at org.apache.maven.surefire.booter.ForkedBooter.main(ForkedBooter.java:581)

2023-02-13 11:57:16,399 main ERROR Unable to create file ./results/logs/${ctx:threadName}.log java.io.IOException: The filename, directory name, or volume label syntax is incorrect
	at java.base/java.io.WinNTFileSystem.canonicalize0(Native Method)
	at java.base/java.io.WinNTFileSystem.canonicalize(WinNTFileSystem.java:483)
	at java.base/java.io.File.getCanonicalPath(File.java:626)
	at java.base/java.io.File.getCanonicalFile(File.java:651)
	at org.apache.logging.log4j.core.util.FileUtils.makeParentDirs(FileUtils.java:139)
	at org.apache.logging.log4j.core.appender.rolling.RollingFileManager$RollingFileManagerFactory.createManager(RollingFileManager.java:734)
	at org.apache.logging.log4j.core.appender.rolling.RollingFileManager$RollingFileManagerFactory.createManager(RollingFileManager.java:718)
	at org.apache.logging.log4j.core.appender.AbstractManager.getManager(AbstractManager.java:144)
	at org.apache.logging.log4j.core.appender.OutputStreamManager.getManager(OutputStreamManager.java:100)
	at org.apache.logging.log4j.core.appender.rolling.RollingFileManager.getFileManager(RollingFileManager.java:217)
	at org.apache.logging.log4j.core.appender.RollingFileAppender$Builder.build(RollingFileAppender.java:135)
	at org.apache.logging.log4j.core.appender.RollingFileAppender$Builder.build(RollingFileAppender.java:62)
	at org.apache.logging.log4j.core.config.plugins.util.PluginBuilder.build(PluginBuilder.java:124)
	at org.apache.logging.log4j.core.config.AbstractConfiguration.createPluginObject(AbstractConfiguration.java:1138)
	at org.apache.logging.log4j.core.config.AbstractConfiguration.createConfiguration(AbstractConfiguration.java:1063)
	at org.apache.logging.log4j.core.appender.routing.RoutingAppender.createAppender(RoutingAppender.java:310)
	at org.apache.logging.log4j.core.appender.routing.RoutingAppender.getControl(RoutingAppender.java:282)
	at org.apache.logging.log4j.core.appender.routing.RoutingAppender.append(RoutingAppender.java:240)
	at org.apache.logging.log4j.core.config.AppenderControl.tryCallAppender(AppenderControl.java:161)
	at org.apache.logging.log4j.core.config.AppenderControl.callAppender0(AppenderControl.java:134)
	at org.apache.logging.log4j.core.config.AppenderControl.callAppenderPreventRecursion(AppenderControl.java:125)
	at org.apache.logging.log4j.core.config.AppenderControl.callAppender(AppenderControl.java:89)
	at org.apache.logging.log4j.core.config.LoggerConfig.callAppenders(LoggerConfig.java:683)
	at org.apache.logging.log4j.core.config.LoggerConfig.processLogEvent(LoggerConfig.java:641)
	at org.apache.logging.log4j.core.config.LoggerConfig.log(LoggerConfig.java:624)
	at org.apache.logging.log4j.core.config.LoggerConfig.log(LoggerConfig.java:560)
	at org.apache.logging.log4j.core.config.AwaitCompletionReliabilityStrategy.log(AwaitCompletionReliabilityStrategy.java:82)
	at org.apache.logging.log4j.core.Logger.log(Logger.java:162)
	at org.apache.logging.log4j.spi.AbstractLogger.logMessage(AbstractLogger.java:2106)
	at org.apache.logging.log4j.internal.DefaultLogBuilder.logMessage(DefaultLogBuilder.java:241)
	at org.apache.logging.log4j.internal.DefaultLogBuilder.log(DefaultLogBuilder.java:162)
	at org.apache.poi.ooxml.POIXMLFactory.createDocumentPart(POIXMLFactory.java:65)
	at org.apache.poi.ooxml.POIXMLDocumentPart.read(POIXMLDocumentPart.java:661)
	at org.apache.poi.ooxml.POIXMLDocumentPart.read(POIXMLDocumentPart.java:678)
	at org.apache.poi.ooxml.POIXMLDocument.load(POIXMLDocument.java:165)
	at org.apache.poi.xssf.usermodel.XSSFWorkbook.<init>(XSSFWorkbook.java:260)
	at org.apache.poi.xssf.usermodel.XSSFWorkbook.<init>(XSSFWorkbook.java:290)
	at org.apache.poi.xssf.usermodel.XSSFWorkbook.<init>(XSSFWorkbook.java:286)
	at externalResources.ExcelDataRead.<init>(ExcelDataRead.java:22)
	at listeners.AnnotationsTransformer.toBeExecuted(AnnotationsTransformer.java:36)
	at listeners.AnnotationsTransformer.transform(AnnotationsTransformer.java:24)
	at org.testng.internal.annotations.JDK15AnnotationFinder.transform(JDK15AnnotationFinder.java:172)
	at org.testng.internal.annotations.JDK15AnnotationFinder.lambda$findAnnotation$0(JDK15AnnotationFinder.java:279)
	at java.base/java.util.concurrent.ConcurrentHashMap.computeIfAbsent(ConcurrentHashMap.java:1737)
	at org.testng.internal.annotations.JDK15AnnotationFinder.findAnnotation(JDK15AnnotationFinder.java:275)
	at org.testng.internal.annotations.JDK15AnnotationFinder.findAnnotation(JDK15AnnotationFinder.java:113)
	at org.testng.internal.TestNGClassFinder.isTestNGClass(TestNGClassFinder.java:275)
	at org.testng.internal.TestNGClassFinder.isNotTestNGClass(TestNGClassFinder.java:260)
	at org.testng.internal.TestNGClassFinder.processClass(TestNGClassFinder.java:94)
	at org.testng.internal.TestNGClassFinder.<init>(TestNGClassFinder.java:67)
	at org.testng.TestRunner.initMethods(TestRunner.java:442)
	at org.testng.TestRunner.init(TestRunner.java:336)
	at org.testng.TestRunner.init(TestRunner.java:289)
	at org.testng.TestRunner.<init>(TestRunner.java:179)
	at org.testng.SuiteRunner$DefaultTestRunnerFactory.newTestRunner(SuiteRunner.java:643)
	at org.testng.SuiteRunner.init(SuiteRunner.java:225)
	at org.testng.SuiteRunner.<init>(SuiteRunner.java:115)
	at org.testng.TestNG.createSuiteRunner(TestNG.java:1349)
	at org.testng.TestNG.createSuiteRunners(TestNG.java:1325)
	at org.testng.TestNG.runSuitesLocally(TestNG.java:1167)
	at org.testng.TestNG.runSuites(TestNG.java:1099)
	at org.testng.TestNG.run(TestNG.java:1067)
	at org.apache.maven.surefire.testng.TestNGExecutor.run(TestNGExecutor.java:324)
	at org.apache.maven.surefire.testng.TestNGXmlTestSuite.execute(TestNGXmlTestSuite.java:74)
	at org.apache.maven.surefire.testng.TestNGProvider.invoke(TestNGProvider.java:123)
	at org.apache.maven.surefire.booter.ForkedBooter.runSuitesInProcess(ForkedBooter.java:456)
	at org.apache.maven.surefire.booter.ForkedBooter.execute(ForkedBooter.java:169)
	at org.apache.maven.surefire.booter.ForkedBooter.run(ForkedBooter.java:595)
	at org.apache.maven.surefire.booter.ForkedBooter.main(ForkedBooter.java:581)

2023-02-13 11:57:16,400 main ERROR Could not create plugin of type class org.apache.logging.log4j.core.appender.RollingFileAppender for element RollingFile: java.lang.IllegalStateException: ManagerFactory [org.apache.logging.log4j.core.appender.rolling.RollingFileManager$RollingFileManagerFactory@4e6d7365] unable to create manager for [./results/logs/${ctx:threadName}.log] with data [org.apache.logging.log4j.core.appender.rolling.RollingFileManager$FactoryData@4dc8c0ea[pattern=./results/logs/${ctx:threadName}-%d{yyyy-MM-dd}.log, append=true, bufferedIO=true, bufferSize=8192, policy=SizeBasedTriggeringPolicy(size=512000), strategy=DefaultRolloverStrategy(min=1, max=7, useMax=true), advertiseURI=null, layout=%d{HH:mm:ss.SSS} [%t] %-5level %logger{36} - %msg%n, filePermissions=null, fileOwner=null]] java.lang.IllegalStateException: ManagerFactory [org.apache.logging.log4j.core.appender.rolling.RollingFileManager$RollingFileManagerFactory@4e6d7365] unable to create manager for [./results/logs/${ctx:threadName}.log] with data [org.apache.logging.log4j.core.appender.rolling.RollingFileManager$FactoryData@4dc8c0ea[pattern=./results/logs/${ctx:threadName}-%d{yyyy-MM-dd}.log, append=true, bufferedIO=true, bufferSize=8192, policy=SizeBasedTriggeringPolicy(size=512000), strategy=DefaultRolloverStrategy(min=1, max=7, useMax=true), advertiseURI=null, layout=%d{HH:mm:ss.SSS} [%t] %-5level %logger{36} - %msg%n, filePermissions=null, fileOwner=null]]
	at org.apache.logging.log4j.core.appender.AbstractManager.getManager(AbstractManager.java:146)
	at org.apache.logging.log4j.core.appender.OutputStreamManager.getManager(OutputStreamManager.java:100)
	at org.apache.logging.log4j.core.appender.rolling.RollingFileManager.getFileManager(RollingFileManager.java:217)
	at org.apache.logging.log4j.core.appender.RollingFileAppender$Builder.build(RollingFileAppender.java:135)
	at org.apache.logging.log4j.core.appender.RollingFileAppender$Builder.build(RollingFileAppender.java:62)
	at org.apache.logging.log4j.core.config.plugins.util.PluginBuilder.build(PluginBuilder.java:124)
	at org.apache.logging.log4j.core.config.AbstractConfiguration.createPluginObject(AbstractConfiguration.java:1138)
	at org.apache.logging.log4j.core.config.AbstractConfiguration.createConfiguration(AbstractConfiguration.java:1063)
	at org.apache.logging.log4j.core.appender.routing.RoutingAppender.createAppender(RoutingAppender.java:310)
	at org.apache.logging.log4j.core.appender.routing.RoutingAppender.getControl(RoutingAppender.java:282)
	at org.apache.logging.log4j.core.appender.routing.RoutingAppender.append(RoutingAppender.java:240)
	at org.apache.logging.log4j.core.config.AppenderControl.tryCallAppender(AppenderControl.java:161)
	at org.apache.logging.log4j.core.config.AppenderControl.callAppender0(AppenderControl.java:134)
	at org.apache.logging.log4j.core.config.AppenderControl.callAppenderPreventRecursion(AppenderControl.java:125)
	at org.apache.logging.log4j.core.config.AppenderControl.callAppender(AppenderControl.java:89)
	at org.apache.logging.log4j.core.config.LoggerConfig.callAppenders(LoggerConfig.java:683)
	at org.apache.logging.log4j.core.config.LoggerConfig.processLogEvent(LoggerConfig.java:641)
	at org.apache.logging.log4j.core.config.LoggerConfig.log(LoggerConfig.java:624)
	at org.apache.logging.log4j.core.config.LoggerConfig.log(LoggerConfig.java:560)
	at org.apache.logging.log4j.core.config.AwaitCompletionReliabilityStrategy.log(AwaitCompletionReliabilityStrategy.java:82)
	at org.apache.logging.log4j.core.Logger.log(Logger.java:162)
	at org.apache.logging.log4j.spi.AbstractLogger.logMessage(AbstractLogger.java:2106)
	at org.apache.logging.log4j.internal.DefaultLogBuilder.logMessage(DefaultLogBuilder.java:241)
	at org.apache.logging.log4j.internal.DefaultLogBuilder.log(DefaultLogBuilder.java:162)
	at org.apache.poi.ooxml.POIXMLFactory.createDocumentPart(POIXMLFactory.java:65)
	at org.apache.poi.ooxml.POIXMLDocumentPart.read(POIXMLDocumentPart.java:661)
	at org.apache.poi.ooxml.POIXMLDocumentPart.read(POIXMLDocumentPart.java:678)
	at org.apache.poi.ooxml.POIXMLDocument.load(POIXMLDocument.java:165)
	at org.apache.poi.xssf.usermodel.XSSFWorkbook.<init>(XSSFWorkbook.java:260)
	at org.apache.poi.xssf.usermodel.XSSFWorkbook.<init>(XSSFWorkbook.java:290)
	at org.apache.poi.xssf.usermodel.XSSFWorkbook.<init>(XSSFWorkbook.java:286)
	at externalResources.ExcelDataRead.<init>(ExcelDataRead.java:22)
	at listeners.AnnotationsTransformer.toBeExecuted(AnnotationsTransformer.java:36)
	at listeners.AnnotationsTransformer.transform(AnnotationsTransformer.java:24)
	at org.testng.internal.annotations.JDK15AnnotationFinder.transform(JDK15AnnotationFinder.java:172)
	at org.testng.internal.annotations.JDK15AnnotationFinder.lambda$findAnnotation$0(JDK15AnnotationFinder.java:279)
	at java.base/java.util.concurrent.ConcurrentHashMap.computeIfAbsent(ConcurrentHashMap.java:1737)
	at org.testng.internal.annotations.JDK15AnnotationFinder.findAnnotation(JDK15AnnotationFinder.java:275)
	at org.testng.internal.annotations.JDK15AnnotationFinder.findAnnotation(JDK15AnnotationFinder.java:113)
	at org.testng.internal.TestNGClassFinder.isTestNGClass(TestNGClassFinder.java:275)
	at org.testng.internal.TestNGClassFinder.isNotTestNGClass(TestNGClassFinder.java:260)
	at org.testng.internal.TestNGClassFinder.processClass(TestNGClassFinder.java:94)
	at org.testng.internal.TestNGClassFinder.<init>(TestNGClassFinder.java:67)
	at org.testng.TestRunner.initMethods(TestRunner.java:442)
	at org.testng.TestRunner.init(TestRunner.java:336)
	at org.testng.TestRunner.init(TestRunner.java:289)
	at org.testng.TestRunner.<init>(TestRunner.java:179)
	at org.testng.SuiteRunner$DefaultTestRunnerFactory.newTestRunner(SuiteRunner.java:643)
	at org.testng.SuiteRunner.init(SuiteRunner.java:225)
	at org.testng.SuiteRunner.<init>(SuiteRunner.java:115)
	at org.testng.TestNG.createSuiteRunner(TestNG.java:1349)
	at org.testng.TestNG.createSuiteRunners(TestNG.java:1325)
	at org.testng.TestNG.runSuitesLocally(TestNG.java:1167)
	at org.testng.TestNG.runSuites(TestNG.java:1099)
	at org.testng.TestNG.run(TestNG.java:1067)
	at org.apache.maven.surefire.testng.TestNGExecutor.run(TestNGExecutor.java:324)
	at org.apache.maven.surefire.testng.TestNGXmlTestSuite.execute(TestNGXmlTestSuite.java:74)
	at org.apache.maven.surefire.testng.TestNGProvider.invoke(TestNGProvider.java:123)
	at org.apache.maven.surefire.booter.ForkedBooter.runSuitesInProcess(ForkedBooter.java:456)
	at org.apache.maven.surefire.booter.ForkedBooter.execute(ForkedBooter.java:169)
	at org.apache.maven.surefire.booter.ForkedBooter.run(ForkedBooter.java:595)
	at org.apache.maven.surefire.booter.ForkedBooter.main(ForkedBooter.java:581)

2023-02-13 11:57:16,400 main ERROR Unable to invoke factory method in class org.apache.logging.log4j.core.appender.RollingFileAppender for element RollingFile: java.lang.IllegalStateException: No factory method found for class org.apache.logging.log4j.core.appender.RollingFileAppender java.lang.IllegalStateException: No factory method found for class org.apache.logging.log4j.core.appender.RollingFileAppender
	at org.apache.logging.log4j.core.config.plugins.util.PluginBuilder.findFactoryMethod(PluginBuilder.java:260)
	at org.apache.logging.log4j.core.config.plugins.util.PluginBuilder.build(PluginBuilder.java:136)
	at org.apache.logging.log4j.core.config.AbstractConfiguration.createPluginObject(AbstractConfiguration.java:1138)
	at org.apache.logging.log4j.core.config.AbstractConfiguration.createConfiguration(AbstractConfiguration.java:1063)
	at org.apache.logging.log4j.core.appender.routing.RoutingAppender.createAppender(RoutingAppender.java:310)
	at org.apache.logging.log4j.core.appender.routing.RoutingAppender.getControl(RoutingAppender.java:282)
	at org.apache.logging.log4j.core.appender.routing.RoutingAppender.append(RoutingAppender.java:240)
	at org.apache.logging.log4j.core.config.AppenderControl.tryCallAppender(AppenderControl.java:161)
	at org.apache.logging.log4j.core.config.AppenderControl.callAppender0(AppenderControl.java:134)
	at org.apache.logging.log4j.core.config.AppenderControl.callAppenderPreventRecursion(AppenderControl.java:125)
	at org.apache.logging.log4j.core.config.AppenderControl.callAppender(AppenderControl.java:89)
	at org.apache.logging.log4j.core.config.LoggerConfig.callAppenders(LoggerConfig.java:683)
	at org.apache.logging.log4j.core.config.LoggerConfig.processLogEvent(LoggerConfig.java:641)
	at org.apache.logging.log4j.core.config.LoggerConfig.log(LoggerConfig.java:624)
	at org.apache.logging.log4j.core.config.LoggerConfig.log(LoggerConfig.java:560)
	at org.apache.logging.log4j.core.config.AwaitCompletionReliabilityStrategy.log(AwaitCompletionReliabilityStrategy.java:82)
	at org.apache.logging.log4j.core.Logger.log(Logger.java:162)
	at org.apache.logging.log4j.spi.AbstractLogger.logMessage(AbstractLogger.java:2106)
	at org.apache.logging.log4j.internal.DefaultLogBuilder.logMessage(DefaultLogBuilder.java:241)
	at org.apache.logging.log4j.internal.DefaultLogBuilder.log(DefaultLogBuilder.java:162)
	at org.apache.poi.ooxml.POIXMLFactory.createDocumentPart(POIXMLFactory.java:65)
	at org.apache.poi.ooxml.POIXMLDocumentPart.read(POIXMLDocumentPart.java:661)
	at org.apache.poi.ooxml.POIXMLDocumentPart.read(POIXMLDocumentPart.java:678)
	at org.apache.poi.ooxml.POIXMLDocument.load(POIXMLDocument.java:165)
	at org.apache.poi.xssf.usermodel.XSSFWorkbook.<init>(XSSFWorkbook.java:260)
	at org.apache.poi.xssf.usermodel.XSSFWorkbook.<init>(XSSFWorkbook.java:290)
	at org.apache.poi.xssf.usermodel.XSSFWorkbook.<init>(XSSFWorkbook.java:286)
	at externalResources.ExcelDataRead.<init>(ExcelDataRead.java:22)
	at listeners.AnnotationsTransformer.toBeExecuted(AnnotationsTransformer.java:36)
	at listeners.AnnotationsTransformer.transform(AnnotationsTransformer.java:24)
	at org.testng.internal.annotations.JDK15AnnotationFinder.transform(JDK15AnnotationFinder.java:172)
	at org.testng.internal.annotations.JDK15AnnotationFinder.lambda$findAnnotation$0(JDK15AnnotationFinder.java:279)
	at java.base/java.util.concurrent.ConcurrentHashMap.computeIfAbsent(ConcurrentHashMap.java:1737)
	at org.testng.internal.annotations.JDK15AnnotationFinder.findAnnotation(JDK15AnnotationFinder.java:275)
	at org.testng.internal.annotations.JDK15AnnotationFinder.findAnnotation(JDK15AnnotationFinder.java:113)
	at org.testng.internal.TestNGClassFinder.isTestNGClass(TestNGClassFinder.java:275)
	at org.testng.internal.TestNGClassFinder.isNotTestNGClass(TestNGClassFinder.java:260)
	at org.testng.internal.TestNGClassFinder.processClass(TestNGClassFinder.java:94)
	at org.testng.internal.TestNGClassFinder.<init>(TestNGClassFinder.java:67)
	at org.testng.TestRunner.initMethods(TestRunner.java:442)
	at org.testng.TestRunner.init(TestRunner.java:336)
	at org.testng.TestRunner.init(TestRunner.java:289)
	at org.testng.TestRunner.<init>(TestRunner.java:179)
	at org.testng.SuiteRunner$DefaultTestRunnerFactory.newTestRunner(SuiteRunner.java:643)
	at org.testng.SuiteRunner.init(SuiteRunner.java:225)
	at org.testng.SuiteRunner.<init>(SuiteRunner.java:115)
	at org.testng.TestNG.createSuiteRunner(TestNG.java:1349)
	at org.testng.TestNG.createSuiteRunners(TestNG.java:1325)
	at org.testng.TestNG.runSuitesLocally(TestNG.java:1167)
	at org.testng.TestNG.runSuites(TestNG.java:1099)
	at org.testng.TestNG.run(TestNG.java:1067)
	at org.apache.maven.surefire.testng.TestNGExecutor.run(TestNGExecutor.java:324)
	at org.apache.maven.surefire.testng.TestNGXmlTestSuite.execute(TestNGXmlTestSuite.java:74)
	at org.apache.maven.surefire.testng.TestNGProvider.invoke(TestNGProvider.java:123)
	at org.apache.maven.surefire.booter.ForkedBooter.runSuitesInProcess(ForkedBooter.java:456)
	at org.apache.maven.surefire.booter.ForkedBooter.execute(ForkedBooter.java:169)
	at org.apache.maven.surefire.booter.ForkedBooter.run(ForkedBooter.java:595)
	at org.apache.maven.surefire.booter.ForkedBooter.main(ForkedBooter.java:581)

2023-02-13 11:57:16,415 main ERROR Unable to create file ./results/logs/${ctx:threadName}.log java.io.IOException: The filename, directory name, or volume label syntax is incorrect
	at java.base/java.io.WinNTFileSystem.canonicalize0(Native Method)
	at java.base/java.io.WinNTFileSystem.canonicalize(WinNTFileSystem.java:483)
	at java.base/java.io.File.getCanonicalPath(File.java:626)
	at java.base/java.io.File.getCanonicalFile(File.java:651)
	at org.apache.logging.log4j.core.util.FileUtils.makeParentDirs(FileUtils.java:139)
	at org.apache.logging.log4j.core.appender.rolling.RollingFileManager$RollingFileManagerFactory.createManager(RollingFileManager.java:734)
	at org.apache.logging.log4j.core.appender.rolling.RollingFileManager$RollingFileManagerFactory.createManager(RollingFileManager.java:718)
	at org.apache.logging.log4j.core.appender.AbstractManager.getManager(AbstractManager.java:144)
	at org.apache.logging.log4j.core.appender.OutputStreamManager.getManager(OutputStreamManager.java:100)
	at org.apache.logging.log4j.core.appender.rolling.RollingFileManager.getFileManager(RollingFileManager.java:217)
	at org.apache.logging.log4j.core.appender.RollingFileAppender$Builder.build(RollingFileAppender.java:135)
	at org.apache.logging.log4j.core.appender.RollingFileAppender$Builder.build(RollingFileAppender.java:62)
	at org.apache.logging.log4j.core.config.plugins.util.PluginBuilder.build(PluginBuilder.java:124)
	at org.apache.logging.log4j.core.config.AbstractConfiguration.createPluginObject(AbstractConfiguration.java:1138)
	at org.apache.logging.log4j.core.config.AbstractConfiguration.createConfiguration(AbstractConfiguration.java:1063)
	at org.apache.logging.log4j.core.appender.routing.RoutingAppender.createAppender(RoutingAppender.java:310)
	at org.apache.logging.log4j.core.appender.routing.RoutingAppender.getControl(RoutingAppender.java:282)
	at org.apache.logging.log4j.core.appender.routing.RoutingAppender.append(RoutingAppender.java:240)
	at org.apache.logging.log4j.core.config.AppenderControl.tryCallAppender(AppenderControl.java:161)
	at org.apache.logging.log4j.core.config.AppenderControl.callAppender0(AppenderControl.java:134)
	at org.apache.logging.log4j.core.config.AppenderControl.callAppenderPreventRecursion(AppenderControl.java:125)
	at org.apache.logging.log4j.core.config.AppenderControl.callAppender(AppenderControl.java:89)
	at org.apache.logging.log4j.core.config.LoggerConfig.callAppenders(LoggerConfig.java:683)
	at org.apache.logging.log4j.core.config.LoggerConfig.processLogEvent(LoggerConfig.java:641)
	at org.apache.logging.log4j.core.config.LoggerConfig.log(LoggerConfig.java:624)
	at org.apache.logging.log4j.core.config.LoggerConfig.log(LoggerConfig.java:560)
	at org.apache.logging.log4j.core.config.AwaitCompletionReliabilityStrategy.log(AwaitCompletionReliabilityStrategy.java:82)
	at org.apache.logging.log4j.core.Logger.log(Logger.java:162)
	at org.apache.logging.log4j.spi.AbstractLogger.logMessage(AbstractLogger.java:2106)
	at org.apache.logging.log4j.internal.DefaultLogBuilder.logMessage(DefaultLogBuilder.java:241)
	at org.apache.logging.log4j.internal.DefaultLogBuilder.log(DefaultLogBuilder.java:162)
	at org.apache.poi.openxml4j.opc.PackageRelationshipCollection.parseRelationshipsPart(PackageRelationshipCollection.java:309)
	at org.apache.poi.openxml4j.opc.PackageRelationshipCollection.<init>(PackageRelationshipCollection.java:160)
	at org.apache.poi.openxml4j.opc.PackageRelationshipCollection.<init>(PackageRelationshipCollection.java:130)
	at org.apache.poi.openxml4j.opc.PackagePart.loadRelationships(PackagePart.java:565)
	at org.apache.poi.openxml4j.opc.OPCPackage.getParts(OPCPackage.java:751)
	at org.apache.poi.openxml4j.opc.OPCPackage.open(OPCPackage.java:322)
	at org.apache.poi.ooxml.util.PackageHelper.open(PackageHelper.java:59)
	at org.apache.poi.xssf.usermodel.XSSFWorkbook.<init>(XSSFWorkbook.java:290)
	at org.apache.poi.xssf.usermodel.XSSFWorkbook.<init>(XSSFWorkbook.java:286)
	at externalResources.ExcelDataRead.<init>(ExcelDataRead.java:22)
	at listeners.AnnotationsTransformer.toBeExecuted(AnnotationsTransformer.java:36)
	at listeners.AnnotationsTransformer.transform(AnnotationsTransformer.java:24)
	at org.testng.internal.annotations.JDK15AnnotationFinder.transform(JDK15AnnotationFinder.java:172)
	at org.testng.internal.annotations.JDK15AnnotationFinder.lambda$findAnnotation$0(JDK15AnnotationFinder.java:279)
	at java.base/java.util.concurrent.ConcurrentHashMap.computeIfAbsent(ConcurrentHashMap.java:1705)
	at org.testng.internal.annotations.JDK15AnnotationFinder.findAnnotation(JDK15AnnotationFinder.java:275)
	at org.testng.internal.annotations.JDK15AnnotationFinder.findAnnotation(JDK15AnnotationFinder.java:113)
	at org.testng.internal.TestNGClassFinder.isTestNGClass(TestNGClassFinder.java:275)
	at org.testng.internal.TestNGClassFinder.isNotTestNGClass(TestNGClassFinder.java:260)
	at org.testng.internal.TestNGClassFinder.processClass(TestNGClassFinder.java:94)
	at org.testng.internal.TestNGClassFinder.<init>(TestNGClassFinder.java:67)
	at org.testng.TestRunner.initMethods(TestRunner.java:442)
	at org.testng.TestRunner.init(TestRunner.java:336)
	at org.testng.TestRunner.init(TestRunner.java:289)
	at org.testng.TestRunner.<init>(TestRunner.java:179)
	at org.testng.SuiteRunner$DefaultTestRunnerFactory.newTestRunner(SuiteRunner.java:643)
	at org.testng.SuiteRunner.init(SuiteRunner.java:225)
	at org.testng.SuiteRunner.<init>(SuiteRunner.java:115)
	at org.testng.TestNG.createSuiteRunner(TestNG.java:1349)
	at org.testng.TestNG.createSuiteRunners(TestNG.java:1325)
	at org.testng.TestNG.runSuitesLocally(TestNG.java:1167)
	at org.testng.TestNG.runSuites(TestNG.java:1099)
	at org.testng.TestNG.run(TestNG.java:1067)
	at org.apache.maven.surefire.testng.TestNGExecutor.run(TestNGExecutor.java:324)
	at org.apache.maven.surefire.testng.TestNGXmlTestSuite.execute(TestNGXmlTestSuite.java:74)
	at org.apache.maven.surefire.testng.TestNGProvider.invoke(TestNGProvider.java:123)
	at org.apache.maven.surefire.booter.ForkedBooter.runSuitesInProcess(ForkedBooter.java:456)
	at org.apache.maven.surefire.booter.ForkedBooter.execute(ForkedBooter.java:169)
	at org.apache.maven.surefire.booter.ForkedBooter.run(ForkedBooter.java:595)
	at org.apache.maven.surefire.booter.ForkedBooter.main(ForkedBooter.java:581)

2023-02-13 11:57:16,416 main ERROR Could not create plugin of type class org.apache.logging.log4j.core.appender.RollingFileAppender for element RollingFile: java.lang.IllegalStateException: ManagerFactory [org.apache.logging.log4j.core.appender.rolling.RollingFileManager$RollingFileManagerFactory@4e6d7365] unable to create manager for [./results/logs/${ctx:threadName}.log] with data [org.apache.logging.log4j.core.appender.rolling.RollingFileManager$FactoryData@1e141e42[pattern=./results/logs/${ctx:threadName}-%d{yyyy-MM-dd}.log, append=true, bufferedIO=true, bufferSize=8192, policy=SizeBasedTriggeringPolicy(size=512000), strategy=DefaultRolloverStrategy(min=1, max=7, useMax=true), advertiseURI=null, layout=%d{HH:mm:ss.SSS} [%t] %-5level %logger{36} - %msg%n, filePermissions=null, fileOwner=null]] java.lang.IllegalStateException: ManagerFactory [org.apache.logging.log4j.core.appender.rolling.RollingFileManager$RollingFileManagerFactory@4e6d7365] unable to create manager for [./results/logs/${ctx:threadName}.log] with data [org.apache.logging.log4j.core.appender.rolling.RollingFileManager$FactoryData@1e141e42[pattern=./results/logs/${ctx:threadName}-%d{yyyy-MM-dd}.log, append=true, bufferedIO=true, bufferSize=8192, policy=SizeBasedTriggeringPolicy(size=512000), strategy=DefaultRolloverStrategy(min=1, max=7, useMax=true), advertiseURI=null, layout=%d{HH:mm:ss.SSS} [%t] %-5level %logger{36} - %msg%n, filePermissions=null, fileOwner=null]]
	at org.apache.logging.log4j.core.appender.AbstractManager.getManager(AbstractManager.java:146)
	at org.apache.logging.log4j.core.appender.OutputStreamManager.getManager(OutputStreamManager.java:100)
	at org.apache.logging.log4j.core.appender.rolling.RollingFileManager.getFileManager(RollingFileManager.java:217)
	at org.apache.logging.log4j.core.appender.RollingFileAppender$Builder.build(RollingFileAppender.java:135)
	at org.apache.logging.log4j.core.appender.RollingFileAppender$Builder.build(RollingFileAppender.java:62)
	at org.apache.logging.log4j.core.config.plugins.util.PluginBuilder.build(PluginBuilder.java:124)
	at org.apache.logging.log4j.core.config.AbstractConfiguration.createPluginObject(AbstractConfiguration.java:1138)
	at org.apache.logging.log4j.core.config.AbstractConfiguration.createConfiguration(AbstractConfiguration.java:1063)
	at org.apache.logging.log4j.core.appender.routing.RoutingAppender.createAppender(RoutingAppender.java:310)
	at org.apache.logging.log4j.core.appender.routing.RoutingAppender.getControl(RoutingAppender.java:282)
	at org.apache.logging.log4j.core.appender.routing.RoutingAppender.append(RoutingAppender.java:240)
	at org.apache.logging.log4j.core.config.AppenderControl.tryCallAppender(AppenderControl.java:161)
	at org.apache.logging.log4j.core.config.AppenderControl.callAppender0(AppenderControl.java:134)
	at org.apache.logging.log4j.core.config.AppenderControl.callAppenderPreventRecursion(AppenderControl.java:125)
	at org.apache.logging.log4j.core.config.AppenderControl.callAppender(AppenderControl.java:89)
	at org.apache.logging.log4j.core.config.LoggerConfig.callAppenders(LoggerConfig.java:683)
	at org.apache.logging.log4j.core.config.LoggerConfig.processLogEvent(LoggerConfig.java:641)
	at org.apache.logging.log4j.core.config.LoggerConfig.log(LoggerConfig.java:624)
	at org.apache.logging.log4j.core.config.LoggerConfig.log(LoggerConfig.java:560)
	at org.apache.logging.log4j.core.config.AwaitCompletionReliabilityStrategy.log(AwaitCompletionReliabilityStrategy.java:82)
	at org.apache.logging.log4j.core.Logger.log(Logger.java:162)
	at org.apache.logging.log4j.spi.AbstractLogger.logMessage(AbstractLogger.java:2106)
	at org.apache.logging.log4j.internal.DefaultLogBuilder.logMessage(DefaultLogBuilder.java:241)
	at org.apache.logging.log4j.internal.DefaultLogBuilder.log(DefaultLogBuilder.java:162)
	at org.apache.poi.openxml4j.opc.PackageRelationshipCollection.parseRelationshipsPart(PackageRelationshipCollection.java:309)
	at org.apache.poi.openxml4j.opc.PackageRelationshipCollection.<init>(PackageRelationshipCollection.java:160)
	at org.apache.poi.openxml4j.opc.PackageRelationshipCollection.<init>(PackageRelationshipCollection.java:130)
	at org.apache.poi.openxml4j.opc.PackagePart.loadRelationships(PackagePart.java:565)
	at org.apache.poi.openxml4j.opc.OPCPackage.getParts(OPCPackage.java:751)
	at org.apache.poi.openxml4j.opc.OPCPackage.open(OPCPackage.java:322)
	at org.apache.poi.ooxml.util.PackageHelper.open(PackageHelper.java:59)
	at org.apache.poi.xssf.usermodel.XSSFWorkbook.<init>(XSSFWorkbook.java:290)
	at org.apache.poi.xssf.usermodel.XSSFWorkbook.<init>(XSSFWorkbook.java:286)
	at externalResources.ExcelDataRead.<init>(ExcelDataRead.java:22)
	at listeners.AnnotationsTransformer.toBeExecuted(AnnotationsTransformer.java:36)
	at listeners.AnnotationsTransformer.transform(AnnotationsTransformer.java:24)
	at org.testng.internal.annotations.JDK15AnnotationFinder.transform(JDK15AnnotationFinder.java:172)
	at org.testng.internal.annotations.JDK15AnnotationFinder.lambda$findAnnotation$0(JDK15AnnotationFinder.java:279)
	at java.base/java.util.concurrent.ConcurrentHashMap.computeIfAbsent(ConcurrentHashMap.java:1705)
	at org.testng.internal.annotations.JDK15AnnotationFinder.findAnnotation(JDK15AnnotationFinder.java:275)
	at org.testng.internal.annotations.JDK15AnnotationFinder.findAnnotation(JDK15AnnotationFinder.java:113)
	at org.testng.internal.TestNGClassFinder.isTestNGClass(TestNGClassFinder.java:275)
	at org.testng.internal.TestNGClassFinder.isNotTestNGClass(TestNGClassFinder.java:260)
	at org.testng.internal.TestNGClassFinder.processClass(TestNGClassFinder.java:94)
	at org.testng.internal.TestNGClassFinder.<init>(TestNGClassFinder.java:67)
	at org.testng.TestRunner.initMethods(TestRunner.java:442)
	at org.testng.TestRunner.init(TestRunner.java:336)
	at org.testng.TestRunner.init(TestRunner.java:289)
	at org.testng.TestRunner.<init>(TestRunner.java:179)
	at org.testng.SuiteRunner$DefaultTestRunnerFactory.newTestRunner(SuiteRunner.java:643)
	at org.testng.SuiteRunner.init(SuiteRunner.java:225)
	at org.testng.SuiteRunner.<init>(SuiteRunner.java:115)
	at org.testng.TestNG.createSuiteRunner(TestNG.java:1349)
	at org.testng.TestNG.createSuiteRunners(TestNG.java:1325)
	at org.testng.TestNG.runSuitesLocally(TestNG.java:1167)
	at org.testng.TestNG.runSuites(TestNG.java:1099)
	at org.testng.TestNG.run(TestNG.java:1067)
	at org.apache.maven.surefire.testng.TestNGExecutor.run(TestNGExecutor.java:324)
	at org.apache.maven.surefire.testng.TestNGXmlTestSuite.execute(TestNGXmlTestSuite.java:74)
	at org.apache.maven.surefire.testng.TestNGProvider.invoke(TestNGProvider.java:123)
	at org.apache.maven.surefire.booter.ForkedBooter.runSuitesInProcess(ForkedBooter.java:456)
	at org.apache.maven.surefire.booter.ForkedBooter.execute(ForkedBooter.java:169)
	at org.apache.maven.surefire.booter.ForkedBooter.run(ForkedBooter.java:595)
	at org.apache.maven.surefire.booter.ForkedBooter.main(ForkedBooter.java:581)

2023-02-13 11:57:16,416 main ERROR Unable to invoke factory method in class org.apache.logging.log4j.core.appender.RollingFileAppender for element RollingFile: java.lang.IllegalStateException: No factory method found for class org.apache.logging.log4j.core.appender.RollingFileAppender java.lang.IllegalStateException: No factory method found for class org.apache.logging.log4j.core.appender.RollingFileAppender
	at org.apache.logging.log4j.core.config.plugins.util.PluginBuilder.findFactoryMethod(PluginBuilder.java:260)
	at org.apache.logging.log4j.core.config.plugins.util.PluginBuilder.build(PluginBuilder.java:136)
	at org.apache.logging.log4j.core.config.AbstractConfiguration.createPluginObject(AbstractConfiguration.java:1138)
	at org.apache.logging.log4j.core.config.AbstractConfiguration.createConfiguration(AbstractConfiguration.java:1063)
	at org.apache.logging.log4j.core.appender.routing.RoutingAppender.createAppender(RoutingAppender.java:310)
	at org.apache.logging.log4j.core.appender.routing.RoutingAppender.getControl(RoutingAppender.java:282)
	at org.apache.logging.log4j.core.appender.routing.RoutingAppender.append(RoutingAppender.java:240)
	at org.apache.logging.log4j.core.config.AppenderControl.tryCallAppender(AppenderControl.java:161)
	at org.apache.logging.log4j.core.config.AppenderControl.callAppender0(AppenderControl.java:134)
	at org.apache.logging.log4j.core.config.AppenderControl.callAppenderPreventRecursion(AppenderControl.java:125)
	at org.apache.logging.log4j.core.config.AppenderControl.callAppender(AppenderControl.java:89)
	at org.apache.logging.log4j.core.config.LoggerConfig.callAppenders(LoggerConfig.java:683)
	at org.apache.logging.log4j.core.config.LoggerConfig.processLogEvent(LoggerConfig.java:641)
	at org.apache.logging.log4j.core.config.LoggerConfig.log(LoggerConfig.java:624)
	at org.apache.logging.log4j.core.config.LoggerConfig.log(LoggerConfig.java:560)
	at org.apache.logging.log4j.core.config.AwaitCompletionReliabilityStrategy.log(AwaitCompletionReliabilityStrategy.java:82)
	at org.apache.logging.log4j.core.Logger.log(Logger.java:162)
	at org.apache.logging.log4j.spi.AbstractLogger.logMessage(AbstractLogger.java:2106)
	at org.apache.logging.log4j.internal.DefaultLogBuilder.logMessage(DefaultLogBuilder.java:241)
	at org.apache.logging.log4j.internal.DefaultLogBuilder.log(DefaultLogBuilder.java:162)
	at org.apache.poi.openxml4j.opc.PackageRelationshipCollection.parseRelationshipsPart(PackageRelationshipCollection.java:309)
	at org.apache.poi.openxml4j.opc.PackageRelationshipCollection.<init>(PackageRelationshipCollection.java:160)
	at org.apache.poi.openxml4j.opc.PackageRelationshipCollection.<init>(PackageRelationshipCollection.java:130)
	at org.apache.poi.openxml4j.opc.PackagePart.loadRelationships(PackagePart.java:565)
	at org.apache.poi.openxml4j.opc.OPCPackage.getParts(OPCPackage.java:751)
	at org.apache.poi.openxml4j.opc.OPCPackage.open(OPCPackage.java:322)
	at org.apache.poi.ooxml.util.PackageHelper.open(PackageHelper.java:59)
	at org.apache.poi.xssf.usermodel.XSSFWorkbook.<init>(XSSFWorkbook.java:290)
	at org.apache.poi.xssf.usermodel.XSSFWorkbook.<init>(XSSFWorkbook.java:286)
	at externalResources.ExcelDataRead.<init>(ExcelDataRead.java:22)
	at listeners.AnnotationsTransformer.toBeExecuted(AnnotationsTransformer.java:36)
	at listeners.AnnotationsTransformer.transform(AnnotationsTransformer.java:24)
	at org.testng.internal.annotations.JDK15AnnotationFinder.transform(JDK15AnnotationFinder.java:172)
	at org.testng.internal.annotations.JDK15AnnotationFinder.lambda$findAnnotation$0(JDK15AnnotationFinder.java:279)
	at java.base/java.util.concurrent.ConcurrentHashMap.computeIfAbsent(ConcurrentHashMap.java:1705)
	at org.testng.internal.annotations.JDK15AnnotationFinder.findAnnotation(JDK15AnnotationFinder.java:275)
	at org.testng.internal.annotations.JDK15AnnotationFinder.findAnnotation(JDK15AnnotationFinder.java:113)
	at org.testng.internal.TestNGClassFinder.isTestNGClass(TestNGClassFinder.java:275)
	at org.testng.internal.TestNGClassFinder.isNotTestNGClass(TestNGClassFinder.java:260)
	at org.testng.internal.TestNGClassFinder.processClass(TestNGClassFinder.java:94)
	at org.testng.internal.TestNGClassFinder.<init>(TestNGClassFinder.java:67)
	at org.testng.TestRunner.initMethods(TestRunner.java:442)
	at org.testng.TestRunner.init(TestRunner.java:336)
	at org.testng.TestRunner.init(TestRunner.java:289)
	at org.testng.TestRunner.<init>(TestRunner.java:179)
	at org.testng.SuiteRunner$DefaultTestRunnerFactory.newTestRunner(SuiteRunner.java:643)
	at org.testng.SuiteRunner.init(SuiteRunner.java:225)
	at org.testng.SuiteRunner.<init>(SuiteRunner.java:115)
	at org.testng.TestNG.createSuiteRunner(TestNG.java:1349)
	at org.testng.TestNG.createSuiteRunners(TestNG.java:1325)
	at org.testng.TestNG.runSuitesLocally(TestNG.java:1167)
	at org.testng.TestNG.runSuites(TestNG.java:1099)
	at org.testng.TestNG.run(TestNG.java:1067)
	at org.apache.maven.surefire.testng.TestNGExecutor.run(TestNGExecutor.java:324)
	at org.apache.maven.surefire.testng.TestNGXmlTestSuite.execute(TestNGXmlTestSuite.java:74)
	at org.apache.maven.surefire.testng.TestNGProvider.invoke(TestNGProvider.java:123)
	at org.apache.maven.surefire.booter.ForkedBooter.runSuitesInProcess(ForkedBooter.java:456)
	at org.apache.maven.surefire.booter.ForkedBooter.execute(ForkedBooter.java:169)
	at org.apache.maven.surefire.booter.ForkedBooter.run(ForkedBooter.java:595)
	at org.apache.maven.surefire.booter.ForkedBooter.main(ForkedBooter.java:581)

2023-02-13 11:57:16,418 main ERROR Unable to create file ./results/logs/${ctx:threadName}.log java.io.IOException: The filename, directory name, or volume label syntax is incorrect
	at java.base/java.io.WinNTFileSystem.canonicalize0(Native Method)
	at java.base/java.io.WinNTFileSystem.canonicalize(WinNTFileSystem.java:483)
	at java.base/java.io.File.getCanonicalPath(File.java:626)
	at java.base/java.io.File.getCanonicalFile(File.java:651)
	at org.apache.logging.log4j.core.util.FileUtils.makeParentDirs(FileUtils.java:139)
	at org.apache.logging.log4j.core.appender.rolling.RollingFileManager$RollingFileManagerFactory.createManager(RollingFileManager.java:734)
	at org.apache.logging.log4j.core.appender.rolling.RollingFileManager$RollingFileManagerFactory.createManager(RollingFileManager.java:718)
	at org.apache.logging.log4j.core.appender.AbstractManager.getManager(AbstractManager.java:144)
	at org.apache.logging.log4j.core.appender.OutputStreamManager.getManager(OutputStreamManager.java:100)
	at org.apache.logging.log4j.core.appender.rolling.RollingFileManager.getFileManager(RollingFileManager.java:217)
	at org.apache.logging.log4j.core.appender.RollingFileAppender$Builder.build(RollingFileAppender.java:135)
	at org.apache.logging.log4j.core.appender.RollingFileAppender$Builder.build(RollingFileAppender.java:62)
	at org.apache.logging.log4j.core.config.plugins.util.PluginBuilder.build(PluginBuilder.java:124)
	at org.apache.logging.log4j.core.config.AbstractConfiguration.createPluginObject(AbstractConfiguration.java:1138)
	at org.apache.logging.log4j.core.config.AbstractConfiguration.createConfiguration(AbstractConfiguration.java:1063)
	at org.apache.logging.log4j.core.appender.routing.RoutingAppender.createAppender(RoutingAppender.java:310)
	at org.apache.logging.log4j.core.appender.routing.RoutingAppender.getControl(RoutingAppender.java:282)
	at org.apache.logging.log4j.core.appender.routing.RoutingAppender.append(RoutingAppender.java:240)
	at org.apache.logging.log4j.core.config.AppenderControl.tryCallAppender(AppenderControl.java:161)
	at org.apache.logging.log4j.core.config.AppenderControl.callAppender0(AppenderControl.java:134)
	at org.apache.logging.log4j.core.config.AppenderControl.callAppenderPreventRecursion(AppenderControl.java:125)
	at org.apache.logging.log4j.core.config.AppenderControl.callAppender(AppenderControl.java:89)
	at org.apache.logging.log4j.core.config.LoggerConfig.callAppenders(LoggerConfig.java:683)
	at org.apache.logging.log4j.core.config.LoggerConfig.processLogEvent(LoggerConfig.java:641)
	at org.apache.logging.log4j.core.config.LoggerConfig.log(LoggerConfig.java:624)
	at org.apache.logging.log4j.core.config.LoggerConfig.log(LoggerConfig.java:560)
	at org.apache.logging.log4j.core.config.AwaitCompletionReliabilityStrategy.log(AwaitCompletionReliabilityStrategy.java:82)
	at org.apache.logging.log4j.core.Logger.log(Logger.java:162)
	at org.apache.logging.log4j.spi.AbstractLogger.logMessage(AbstractLogger.java:2106)
	at org.apache.logging.log4j.internal.DefaultLogBuilder.logMessage(DefaultLogBuilder.java:241)
	at org.apache.logging.log4j.internal.DefaultLogBuilder.log(DefaultLogBuilder.java:162)
	at org.apache.poi.openxml4j.opc.PackageRelationshipCollection.parseRelationshipsPart(PackageRelationshipCollection.java:309)
	at org.apache.poi.openxml4j.opc.PackageRelationshipCollection.<init>(PackageRelationshipCollection.java:160)
	at org.apache.poi.openxml4j.opc.PackageRelationshipCollection.<init>(PackageRelationshipCollection.java:130)
	at org.apache.poi.openxml4j.opc.PackagePart.loadRelationships(PackagePart.java:565)
	at org.apache.poi.openxml4j.opc.OPCPackage.getParts(OPCPackage.java:751)
	at org.apache.poi.openxml4j.opc.OPCPackage.open(OPCPackage.java:322)
	at org.apache.poi.ooxml.util.PackageHelper.open(PackageHelper.java:59)
	at org.apache.poi.xssf.usermodel.XSSFWorkbook.<init>(XSSFWorkbook.java:290)
	at org.apache.poi.xssf.usermodel.XSSFWorkbook.<init>(XSSFWorkbook.java:286)
	at externalResources.ExcelDataRead.<init>(ExcelDataRead.java:22)
	at listeners.AnnotationsTransformer.toBeExecuted(AnnotationsTransformer.java:36)
	at listeners.AnnotationsTransformer.transform(AnnotationsTransformer.java:24)
	at org.testng.internal.annotations.JDK15AnnotationFinder.transform(JDK15AnnotationFinder.java:172)
	at org.testng.internal.annotations.JDK15AnnotationFinder.lambda$findAnnotation$0(JDK15AnnotationFinder.java:279)
	at java.base/java.util.concurrent.ConcurrentHashMap.computeIfAbsent(ConcurrentHashMap.java:1705)
	at org.testng.internal.annotations.JDK15AnnotationFinder.findAnnotation(JDK15AnnotationFinder.java:275)
	at org.testng.internal.annotations.JDK15AnnotationFinder.findAnnotation(JDK15AnnotationFinder.java:113)
	at org.testng.internal.TestNGClassFinder.isTestNGClass(TestNGClassFinder.java:275)
	at org.testng.internal.TestNGClassFinder.isNotTestNGClass(TestNGClassFinder.java:260)
	at org.testng.internal.TestNGClassFinder.processClass(TestNGClassFinder.java:94)
	at org.testng.internal.TestNGClassFinder.<init>(TestNGClassFinder.java:67)
	at org.testng.TestRunner.initMethods(TestRunner.java:442)
	at org.testng.TestRunner.init(TestRunner.java:336)
	at org.testng.TestRunner.init(TestRunner.java:289)
	at org.testng.TestRunner.<init>(TestRunner.java:179)
	at org.testng.SuiteRunner$DefaultTestRunnerFactory.newTestRunner(SuiteRunner.java:643)
	at org.testng.SuiteRunner.init(SuiteRunner.java:225)
	at org.testng.SuiteRunner.<init>(SuiteRunner.java:115)
	at org.testng.TestNG.createSuiteRunner(TestNG.java:1349)
	at org.testng.TestNG.createSuiteRunners(TestNG.java:1325)
	at org.testng.TestNG.runSuitesLocally(TestNG.java:1167)
	at org.testng.TestNG.runSuites(TestNG.java:1099)
	at org.testng.TestNG.run(TestNG.java:1067)
	at org.apache.maven.surefire.testng.TestNGExecutor.run(TestNGExecutor.java:324)
	at org.apache.maven.surefire.testng.TestNGXmlTestSuite.execute(TestNGXmlTestSuite.java:74)
	at org.apache.maven.surefire.testng.TestNGProvider.invoke(TestNGProvider.java:123)
	at org.apache.maven.surefire.booter.ForkedBooter.runSuitesInProcess(ForkedBooter.java:456)
	at org.apache.maven.surefire.booter.ForkedBooter.execute(ForkedBooter.java:169)
	at org.apache.maven.surefire.booter.ForkedBooter.run(ForkedBooter.java:595)
	at org.apache.maven.surefire.booter.ForkedBooter.main(ForkedBooter.java:581)

2023-02-13 11:57:16,419 main ERROR Could not create plugin of type class org.apache.logging.log4j.core.appender.RollingFileAppender for element RollingFile: java.lang.IllegalStateException: ManagerFactory [org.apache.logging.log4j.core.appender.rolling.RollingFileManager$RollingFileManagerFactory@4e6d7365] unable to create manager for [./results/logs/${ctx:threadName}.log] with data [org.apache.logging.log4j.core.appender.rolling.RollingFileManager$FactoryData@782bf610[pattern=./results/logs/${ctx:threadName}-%d{yyyy-MM-dd}.log, append=true, bufferedIO=true, bufferSize=8192, policy=SizeBasedTriggeringPolicy(size=512000), strategy=DefaultRolloverStrategy(min=1, max=7, useMax=true), advertiseURI=null, layout=%d{HH:mm:ss.SSS} [%t] %-5level %logger{36} - %msg%n, filePermissions=null, fileOwner=null]] java.lang.IllegalStateException: ManagerFactory [org.apache.logging.log4j.core.appender.rolling.RollingFileManager$RollingFileManagerFactory@4e6d7365] unable to create manager for [./results/logs/${ctx:threadName}.log] with data [org.apache.logging.log4j.core.appender.rolling.RollingFileManager$FactoryData@782bf610[pattern=./results/logs/${ctx:threadName}-%d{yyyy-MM-dd}.log, append=true, bufferedIO=true, bufferSize=8192, policy=SizeBasedTriggeringPolicy(size=512000), strategy=DefaultRolloverStrategy(min=1, max=7, useMax=true), advertiseURI=null, layout=%d{HH:mm:ss.SSS} [%t] %-5level %logger{36} - %msg%n, filePermissions=null, fileOwner=null]]
	at org.apache.logging.log4j.core.appender.AbstractManager.getManager(AbstractManager.java:146)
	at org.apache.logging.log4j.core.appender.OutputStreamManager.getManager(OutputStreamManager.java:100)
	at org.apache.logging.log4j.core.appender.rolling.RollingFileManager.getFileManager(RollingFileManager.java:217)
	at org.apache.logging.log4j.core.appender.RollingFileAppender$Builder.build(RollingFileAppender.java:135)
	at org.apache.logging.log4j.core.appender.RollingFileAppender$Builder.build(RollingFileAppender.java:62)
	at org.apache.logging.log4j.core.config.plugins.util.PluginBuilder.build(PluginBuilder.java:124)
	at org.apache.logging.log4j.core.config.AbstractConfiguration.createPluginObject(AbstractConfiguration.java:1138)
	at org.apache.logging.log4j.core.config.AbstractConfiguration.createConfiguration(AbstractConfiguration.java:1063)
	at org.apache.logging.log4j.core.appender.routing.RoutingAppender.createAppender(RoutingAppender.java:310)
	at org.apache.logging.log4j.core.appender.routing.RoutingAppender.getControl(RoutingAppender.java:282)
	at org.apache.logging.log4j.core.appender.routing.RoutingAppender.append(RoutingAppender.java:240)
	at org.apache.logging.log4j.core.config.AppenderControl.tryCallAppender(AppenderControl.java:161)
	at org.apache.logging.log4j.core.config.AppenderControl.callAppender0(AppenderControl.java:134)
	at org.apache.logging.log4j.core.config.AppenderControl.callAppenderPreventRecursion(AppenderControl.java:125)
	at org.apache.logging.log4j.core.config.AppenderControl.callAppender(AppenderControl.java:89)
	at org.apache.logging.log4j.core.config.LoggerConfig.callAppenders(LoggerConfig.java:683)
	at org.apache.logging.log4j.core.config.LoggerConfig.processLogEvent(LoggerConfig.java:641)
	at org.apache.logging.log4j.core.config.LoggerConfig.log(LoggerConfig.java:624)
	at org.apache.logging.log4j.core.config.LoggerConfig.log(LoggerConfig.java:560)
	at org.apache.logging.log4j.core.config.AwaitCompletionReliabilityStrategy.log(AwaitCompletionReliabilityStrategy.java:82)
	at org.apache.logging.log4j.core.Logger.log(Logger.java:162)
	at org.apache.logging.log4j.spi.AbstractLogger.logMessage(AbstractLogger.java:2106)
	at org.apache.logging.log4j.internal.DefaultLogBuilder.logMessage(DefaultLogBuilder.java:241)
	at org.apache.logging.log4j.internal.DefaultLogBuilder.log(DefaultLogBuilder.java:162)
	at org.apache.poi.openxml4j.opc.PackageRelationshipCollection.parseRelationshipsPart(PackageRelationshipCollection.java:309)
	at org.apache.poi.openxml4j.opc.PackageRelationshipCollection.<init>(PackageRelationshipCollection.java:160)
	at org.apache.poi.openxml4j.opc.PackageRelationshipCollection.<init>(PackageRelationshipCollection.java:130)
	at org.apache.poi.openxml4j.opc.PackagePart.loadRelationships(PackagePart.java:565)
	at org.apache.poi.openxml4j.opc.OPCPackage.getParts(OPCPackage.java:751)
	at org.apache.poi.openxml4j.opc.OPCPackage.open(OPCPackage.java:322)
	at org.apache.poi.ooxml.util.PackageHelper.open(PackageHelper.java:59)
	at org.apache.poi.xssf.usermodel.XSSFWorkbook.<init>(XSSFWorkbook.java:290)
	at org.apache.poi.xssf.usermodel.XSSFWorkbook.<init>(XSSFWorkbook.java:286)
	at externalResources.ExcelDataRead.<init>(ExcelDataRead.java:22)
	at listeners.AnnotationsTransformer.toBeExecuted(AnnotationsTransformer.java:36)
	at listeners.AnnotationsTransformer.transform(AnnotationsTransformer.java:24)
	at org.testng.internal.annotations.JDK15AnnotationFinder.transform(JDK15AnnotationFinder.java:172)
	at org.testng.internal.annotations.JDK15AnnotationFinder.lambda$findAnnotation$0(JDK15AnnotationFinder.java:279)
	at java.base/java.util.concurrent.ConcurrentHashMap.computeIfAbsent(ConcurrentHashMap.java:1705)
	at org.testng.internal.annotations.JDK15AnnotationFinder.findAnnotation(JDK15AnnotationFinder.java:275)
	at org.testng.internal.annotations.JDK15AnnotationFinder.findAnnotation(JDK15AnnotationFinder.java:113)
	at org.testng.internal.TestNGClassFinder.isTestNGClass(TestNGClassFinder.java:275)
	at org.testng.internal.TestNGClassFinder.isNotTestNGClass(TestNGClassFinder.java:260)
	at org.testng.internal.TestNGClassFinder.processClass(TestNGClassFinder.java:94)
	at org.testng.internal.TestNGClassFinder.<init>(TestNGClassFinder.java:67)
	at org.testng.TestRunner.initMethods(TestRunner.java:442)
	at org.testng.TestRunner.init(TestRunner.java:336)
	at org.testng.TestRunner.init(TestRunner.java:289)
	at org.testng.TestRunner.<init>(TestRunner.java:179)
	at org.testng.SuiteRunner$DefaultTestRunnerFactory.newTestRunner(SuiteRunner.java:643)
	at org.testng.SuiteRunner.init(SuiteRunner.java:225)
	at org.testng.SuiteRunner.<init>(SuiteRunner.java:115)
	at org.testng.TestNG.createSuiteRunner(TestNG.java:1349)
	at org.testng.TestNG.createSuiteRunners(TestNG.java:1325)
	at org.testng.TestNG.runSuitesLocally(TestNG.java:1167)
	at org.testng.TestNG.runSuites(TestNG.java:1099)
	at org.testng.TestNG.run(TestNG.java:1067)
	at org.apache.maven.surefire.testng.TestNGExecutor.run(TestNGExecutor.java:324)
	at org.apache.maven.surefire.testng.TestNGXmlTestSuite.execute(TestNGXmlTestSuite.java:74)
	at org.apache.maven.surefire.testng.TestNGProvider.invoke(TestNGProvider.java:123)
	at org.apache.maven.surefire.booter.ForkedBooter.runSuitesInProcess(ForkedBooter.java:456)
	at org.apache.maven.surefire.booter.ForkedBooter.execute(ForkedBooter.java:169)
	at org.apache.maven.surefire.booter.ForkedBooter.run(ForkedBooter.java:595)
	at org.apache.maven.surefire.booter.ForkedBooter.main(ForkedBooter.java:581)

2023-02-13 11:57:16,419 main ERROR Unable to invoke factory method in class org.apache.logging.log4j.core.appender.RollingFileAppender for element RollingFile: java.lang.IllegalStateException: No factory method found for class org.apache.logging.log4j.core.appender.RollingFileAppender java.lang.IllegalStateException: No factory method found for class org.apache.logging.log4j.core.appender.RollingFileAppender
	at org.apache.logging.log4j.core.config.plugins.util.PluginBuilder.findFactoryMethod(PluginBuilder.java:260)
	at org.apache.logging.log4j.core.config.plugins.util.PluginBuilder.build(PluginBuilder.java:136)
	at org.apache.logging.log4j.core.config.AbstractConfiguration.createPluginObject(AbstractConfiguration.java:1138)
	at org.apache.logging.log4j.core.config.AbstractConfiguration.createConfiguration(AbstractConfiguration.java:1063)
	at org.apache.logging.log4j.core.appender.routing.RoutingAppender.createAppender(RoutingAppender.java:310)
	at org.apache.logging.log4j.core.appender.routing.RoutingAppender.getControl(RoutingAppender.java:282)
	at org.apache.logging.log4j.core.appender.routing.RoutingAppender.append(RoutingAppender.java:240)
	at org.apache.logging.log4j.core.config.AppenderControl.tryCallAppender(AppenderControl.java:161)
	at org.apache.logging.log4j.core.config.AppenderControl.callAppender0(AppenderControl.java:134)
	at org.apache.logging.log4j.core.config.AppenderControl.callAppenderPreventRecursion(AppenderControl.java:125)
	at org.apache.logging.log4j.core.config.AppenderControl.callAppender(AppenderControl.java:89)
	at org.apache.logging.log4j.core.config.LoggerConfig.callAppenders(LoggerConfig.java:683)
	at org.apache.logging.log4j.core.config.LoggerConfig.processLogEvent(LoggerConfig.java:641)
	at org.apache.logging.log4j.core.config.LoggerConfig.log(LoggerConfig.java:624)
	at org.apache.logging.log4j.core.config.LoggerConfig.log(LoggerConfig.java:560)
	at org.apache.logging.log4j.core.config.AwaitCompletionReliabilityStrategy.log(AwaitCompletionReliabilityStrategy.java:82)
	at org.apache.logging.log4j.core.Logger.log(Logger.java:162)
	at org.apache.logging.log4j.spi.AbstractLogger.logMessage(AbstractLogger.java:2106)
	at org.apache.logging.log4j.internal.DefaultLogBuilder.logMessage(DefaultLogBuilder.java:241)
	at org.apache.logging.log4j.internal.DefaultLogBuilder.log(DefaultLogBuilder.java:162)
	at org.apache.poi.openxml4j.opc.PackageRelationshipCollection.parseRelationshipsPart(PackageRelationshipCollection.java:309)
	at org.apache.poi.openxml4j.opc.PackageRelationshipCollection.<init>(PackageRelationshipCollection.java:160)
	at org.apache.poi.openxml4j.opc.PackageRelationshipCollection.<init>(PackageRelationshipCollection.java:130)
	at org.apache.poi.openxml4j.opc.PackagePart.loadRelationships(PackagePart.java:565)
	at org.apache.poi.openxml4j.opc.OPCPackage.getParts(OPCPackage.java:751)
	at org.apache.poi.openxml4j.opc.OPCPackage.open(OPCPackage.java:322)
	at org.apache.poi.ooxml.util.PackageHelper.open(PackageHelper.java:59)
	at org.apache.poi.xssf.usermodel.XSSFWorkbook.<init>(XSSFWorkbook.java:290)
	at org.apache.poi.xssf.usermodel.XSSFWorkbook.<init>(XSSFWorkbook.java:286)
	at externalResources.ExcelDataRead.<init>(ExcelDataRead.java:22)
	at listeners.AnnotationsTransformer.toBeExecuted(AnnotationsTransformer.java:36)
	at listeners.AnnotationsTransformer.transform(AnnotationsTransformer.java:24)
	at org.testng.internal.annotations.JDK15AnnotationFinder.transform(JDK15AnnotationFinder.java:172)
	at org.testng.internal.annotations.JDK15AnnotationFinder.lambda$findAnnotation$0(JDK15AnnotationFinder.java:279)
	at java.base/java.util.concurrent.ConcurrentHashMap.computeIfAbsent(ConcurrentHashMap.java:1705)
	at org.testng.internal.annotations.JDK15AnnotationFinder.findAnnotation(JDK15AnnotationFinder.java:275)
	at org.testng.internal.annotations.JDK15AnnotationFinder.findAnnotation(JDK15AnnotationFinder.java:113)
	at org.testng.internal.TestNGClassFinder.isTestNGClass(TestNGClassFinder.java:275)
	at org.testng.internal.TestNGClassFinder.isNotTestNGClass(TestNGClassFinder.java:260)
	at org.testng.internal.TestNGClassFinder.processClass(TestNGClassFinder.java:94)
	at org.testng.internal.TestNGClassFinder.<init>(TestNGClassFinder.java:67)
	at org.testng.TestRunner.initMethods(TestRunner.java:442)
	at org.testng.TestRunner.init(TestRunner.java:336)
	at org.testng.TestRunner.init(TestRunner.java:289)
	at org.testng.TestRunner.<init>(TestRunner.java:179)
	at org.testng.SuiteRunner$DefaultTestRunnerFactory.newTestRunner(SuiteRunner.java:643)
	at org.testng.SuiteRunner.init(SuiteRunner.java:225)
	at org.testng.SuiteRunner.<init>(SuiteRunner.java:115)
	at org.testng.TestNG.createSuiteRunner(TestNG.java:1349)
	at org.testng.TestNG.createSuiteRunners(TestNG.java:1325)
	at org.testng.TestNG.runSuitesLocally(TestNG.java:1167)
	at org.testng.TestNG.runSuites(TestNG.java:1099)
	at org.testng.TestNG.run(TestNG.java:1067)
	at org.apache.maven.surefire.testng.TestNGExecutor.run(TestNGExecutor.java:324)
	at org.apache.maven.surefire.testng.TestNGXmlTestSuite.execute(TestNGXmlTestSuite.java:74)
	at org.apache.maven.surefire.testng.TestNGProvider.invoke(TestNGProvider.java:123)
	at org.apache.maven.surefire.booter.ForkedBooter.runSuitesInProcess(ForkedBooter.java:456)
	at org.apache.maven.surefire.booter.ForkedBooter.execute(ForkedBooter.java:169)
	at org.apache.maven.surefire.booter.ForkedBooter.run(ForkedBooter.java:595)
	at org.apache.maven.surefire.booter.ForkedBooter.main(ForkedBooter.java:581)

2023-02-13 11:57:16,422 main ERROR Unable to create file ./results/logs/${ctx:threadName}.log java.io.IOException: The filename, directory name, or volume label syntax is incorrect
	at java.base/java.io.WinNTFileSystem.canonicalize0(Native Method)
	at java.base/java.io.WinNTFileSystem.canonicalize(WinNTFileSystem.java:483)
	at java.base/java.io.File.getCanonicalPath(File.java:626)
	at java.base/java.io.File.getCanonicalFile(File.java:651)
	at org.apache.logging.log4j.core.util.FileUtils.makeParentDirs(FileUtils.java:139)
	at org.apache.logging.log4j.core.appender.rolling.RollingFileManager$RollingFileManagerFactory.createManager(RollingFileManager.java:734)
	at org.apache.logging.log4j.core.appender.rolling.RollingFileManager$RollingFileManagerFactory.createManager(RollingFileManager.java:718)
	at org.apache.logging.log4j.core.appender.AbstractManager.getManager(AbstractManager.java:144)
	at org.apache.logging.log4j.core.appender.OutputStreamManager.getManager(OutputStreamManager.java:100)
	at org.apache.logging.log4j.core.appender.rolling.RollingFileManager.getFileManager(RollingFileManager.java:217)
	at org.apache.logging.log4j.core.appender.RollingFileAppender$Builder.build(RollingFileAppender.java:135)
	at org.apache.logging.log4j.core.appender.RollingFileAppender$Builder.build(RollingFileAppender.java:62)
	at org.apache.logging.log4j.core.config.plugins.util.PluginBuilder.build(PluginBuilder.java:124)
	at org.apache.logging.log4j.core.config.AbstractConfiguration.createPluginObject(AbstractConfiguration.java:1138)
	at org.apache.logging.log4j.core.config.AbstractConfiguration.createConfiguration(AbstractConfiguration.java:1063)
	at org.apache.logging.log4j.core.appender.routing.RoutingAppender.createAppender(RoutingAppender.java:310)
	at org.apache.logging.log4j.core.appender.routing.RoutingAppender.getControl(RoutingAppender.java:282)
	at org.apache.logging.log4j.core.appender.routing.RoutingAppender.append(RoutingAppender.java:240)
	at org.apache.logging.log4j.core.config.AppenderControl.tryCallAppender(AppenderControl.java:161)
	at org.apache.logging.log4j.core.config.AppenderControl.callAppender0(AppenderControl.java:134)
	at org.apache.logging.log4j.core.config.AppenderControl.callAppenderPreventRecursion(AppenderControl.java:125)
	at org.apache.logging.log4j.core.config.AppenderControl.callAppender(AppenderControl.java:89)
	at org.apache.logging.log4j.core.config.LoggerConfig.callAppenders(LoggerConfig.java:683)
	at org.apache.logging.log4j.core.config.LoggerConfig.processLogEvent(LoggerConfig.java:641)
	at org.apache.logging.log4j.core.config.LoggerConfig.log(LoggerConfig.java:624)
	at org.apache.logging.log4j.core.config.LoggerConfig.log(LoggerConfig.java:560)
	at org.apache.logging.log4j.core.config.AwaitCompletionReliabilityStrategy.log(AwaitCompletionReliabilityStrategy.java:82)
	at org.apache.logging.log4j.core.Logger.log(Logger.java:162)
	at org.apache.logging.log4j.spi.AbstractLogger.logMessage(AbstractLogger.java:2106)
	at org.apache.logging.log4j.internal.DefaultLogBuilder.logMessage(DefaultLogBuilder.java:241)
	at org.apache.logging.log4j.internal.DefaultLogBuilder.log(DefaultLogBuilder.java:162)
	at org.apache.poi.openxml4j.opc.PackageRelationshipCollection.parseRelationshipsPart(PackageRelationshipCollection.java:309)
	at org.apache.poi.openxml4j.opc.PackageRelationshipCollection.<init>(PackageRelationshipCollection.java:160)
	at org.apache.poi.openxml4j.opc.PackageRelationshipCollection.<init>(PackageRelationshipCollection.java:130)
	at org.apache.poi.openxml4j.opc.PackagePart.loadRelationships(PackagePart.java:565)
	at org.apache.poi.openxml4j.opc.OPCPackage.getParts(OPCPackage.java:751)
	at org.apache.poi.openxml4j.opc.OPCPackage.open(OPCPackage.java:322)
	at org.apache.poi.ooxml.util.PackageHelper.open(PackageHelper.java:59)
	at org.apache.poi.xssf.usermodel.XSSFWorkbook.<init>(XSSFWorkbook.java:290)
	at org.apache.poi.xssf.usermodel.XSSFWorkbook.<init>(XSSFWorkbook.java:286)
	at externalResources.ExcelDataRead.<init>(ExcelDataRead.java:22)
	at listeners.AnnotationsTransformer.toBeExecuted(AnnotationsTransformer.java:36)
	at listeners.AnnotationsTransformer.transform(AnnotationsTransformer.java:24)
	at org.testng.internal.annotations.JDK15AnnotationFinder.transform(JDK15AnnotationFinder.java:172)
	at org.testng.internal.annotations.JDK15AnnotationFinder.lambda$findAnnotation$0(JDK15AnnotationFinder.java:279)
	at java.base/java.util.concurrent.ConcurrentHashMap.computeIfAbsent(ConcurrentHashMap.java:1705)
	at org.testng.internal.annotations.JDK15AnnotationFinder.findAnnotation(JDK15AnnotationFinder.java:275)
	at org.testng.internal.annotations.JDK15AnnotationFinder.findAnnotation(JDK15AnnotationFinder.java:113)
	at org.testng.internal.TestNGClassFinder.isTestNGClass(TestNGClassFinder.java:275)
	at org.testng.internal.TestNGClassFinder.isNotTestNGClass(TestNGClassFinder.java:260)
	at org.testng.internal.TestNGClassFinder.processClass(TestNGClassFinder.java:94)
	at org.testng.internal.TestNGClassFinder.<init>(TestNGClassFinder.java:67)
	at org.testng.TestRunner.initMethods(TestRunner.java:442)
	at org.testng.TestRunner.init(TestRunner.java:336)
	at org.testng.TestRunner.init(TestRunner.java:289)
	at org.testng.TestRunner.<init>(TestRunner.java:179)
	at org.testng.SuiteRunner$DefaultTestRunnerFactory.newTestRunner(SuiteRunner.java:643)
	at org.testng.SuiteRunner.init(SuiteRunner.java:225)
	at org.testng.SuiteRunner.<init>(SuiteRunner.java:115)
	at org.testng.TestNG.createSuiteRunner(TestNG.java:1349)
	at org.testng.TestNG.createSuiteRunners(TestNG.java:1325)
	at org.testng.TestNG.runSuitesLocally(TestNG.java:1167)
	at org.testng.TestNG.runSuites(TestNG.java:1099)
	at org.testng.TestNG.run(TestNG.java:1067)
	at org.apache.maven.surefire.testng.TestNGExecutor.run(TestNGExecutor.java:324)
	at org.apache.maven.surefire.testng.TestNGXmlTestSuite.execute(TestNGXmlTestSuite.java:74)
	at org.apache.maven.surefire.testng.TestNGProvider.invoke(TestNGProvider.java:123)
	at org.apache.maven.surefire.booter.ForkedBooter.runSuitesInProcess(ForkedBooter.java:456)
	at org.apache.maven.surefire.booter.ForkedBooter.execute(ForkedBooter.java:169)
	at org.apache.maven.surefire.booter.ForkedBooter.run(ForkedBooter.java:595)
	at org.apache.maven.surefire.booter.ForkedBooter.main(ForkedBooter.java:581)

2023-02-13 11:57:16,422 main ERROR Could not create plugin of type class org.apache.logging.log4j.core.appender.RollingFileAppender for element RollingFile: java.lang.IllegalStateException: ManagerFactory [org.apache.logging.log4j.core.appender.rolling.RollingFileManager$RollingFileManagerFactory@4e6d7365] unable to create manager for [./results/logs/${ctx:threadName}.log] with data [org.apache.logging.log4j.core.appender.rolling.RollingFileManager$FactoryData@ad9e63e[pattern=./results/logs/${ctx:threadName}-%d{yyyy-MM-dd}.log, append=true, bufferedIO=true, bufferSize=8192, policy=SizeBasedTriggeringPolicy(size=512000), strategy=DefaultRolloverStrategy(min=1, max=7, useMax=true), advertiseURI=null, layout=%d{HH:mm:ss.SSS} [%t] %-5level %logger{36} - %msg%n, filePermissions=null, fileOwner=null]] java.lang.IllegalStateException: ManagerFactory [org.apache.logging.log4j.core.appender.rolling.RollingFileManager$RollingFileManagerFactory@4e6d7365] unable to create manager for [./results/logs/${ctx:threadName}.log] with data [org.apache.logging.log4j.core.appender.rolling.RollingFileManager$FactoryData@ad9e63e[pattern=./results/logs/${ctx:threadName}-%d{yyyy-MM-dd}.log, append=true, bufferedIO=true, bufferSize=8192, policy=SizeBasedTriggeringPolicy(size=512000), strategy=DefaultRolloverStrategy(min=1, max=7, useMax=true), advertiseURI=null, layout=%d{HH:mm:ss.SSS} [%t] %-5level %logger{36} - %msg%n, filePermissions=null, fileOwner=null]]
	at org.apache.logging.log4j.core.appender.AbstractManager.getManager(AbstractManager.java:146)
	at org.apache.logging.log4j.core.appender.OutputStreamManager.getManager(OutputStreamManager.java:100)
	at org.apache.logging.log4j.core.appender.rolling.RollingFileManager.getFileManager(RollingFileManager.java:217)
	at org.apache.logging.log4j.core.appender.RollingFileAppender$Builder.build(RollingFileAppender.java:135)
	at org.apache.logging.log4j.core.appender.RollingFileAppender$Builder.build(RollingFileAppender.java:62)
	at org.apache.logging.log4j.core.config.plugins.util.PluginBuilder.build(PluginBuilder.java:124)
	at org.apache.logging.log4j.core.config.AbstractConfiguration.createPluginObject(AbstractConfiguration.java:1138)
	at org.apache.logging.log4j.core.config.AbstractConfiguration.createConfiguration(AbstractConfiguration.java:1063)
	at org.apache.logging.log4j.core.appender.routing.RoutingAppender.createAppender(RoutingAppender.java:310)
	at org.apache.logging.log4j.core.appender.routing.RoutingAppender.getControl(RoutingAppender.java:282)
	at org.apache.logging.log4j.core.appender.routing.RoutingAppender.append(RoutingAppender.java:240)
	at org.apache.logging.log4j.core.config.AppenderControl.tryCallAppender(AppenderControl.java:161)
	at org.apache.logging.log4j.core.config.AppenderControl.callAppender0(AppenderControl.java:134)
	at org.apache.logging.log4j.core.config.AppenderControl.callAppenderPreventRecursion(AppenderControl.java:125)
	at org.apache.logging.log4j.core.config.AppenderControl.callAppender(AppenderControl.java:89)
	at org.apache.logging.log4j.core.config.LoggerConfig.callAppenders(LoggerConfig.java:683)
	at org.apache.logging.log4j.core.config.LoggerConfig.processLogEvent(LoggerConfig.java:641)
	at org.apache.logging.log4j.core.config.LoggerConfig.log(LoggerConfig.java:624)
	at org.apache.logging.log4j.core.config.LoggerConfig.log(LoggerConfig.java:560)
	at org.apache.logging.log4j.core.config.AwaitCompletionReliabilityStrategy.log(AwaitCompletionReliabilityStrategy.java:82)
	at org.apache.logging.log4j.core.Logger.log(Logger.java:162)
	at org.apache.logging.log4j.spi.AbstractLogger.logMessage(AbstractLogger.java:2106)
	at org.apache.logging.log4j.internal.DefaultLogBuilder.logMessage(DefaultLogBuilder.java:241)
	at org.apache.logging.log4j.internal.DefaultLogBuilder.log(DefaultLogBuilder.java:162)
	at org.apache.poi.openxml4j.opc.PackageRelationshipCollection.parseRelationshipsPart(PackageRelationshipCollection.java:309)
	at org.apache.poi.openxml4j.opc.PackageRelationshipCollection.<init>(PackageRelationshipCollection.java:160)
	at org.apache.poi.openxml4j.opc.PackageRelationshipCollection.<init>(PackageRelationshipCollection.java:130)
	at org.apache.poi.openxml4j.opc.PackagePart.loadRelationships(PackagePart.java:565)
	at org.apache.poi.openxml4j.opc.OPCPackage.getParts(OPCPackage.java:751)
	at org.apache.poi.openxml4j.opc.OPCPackage.open(OPCPackage.java:322)
	at org.apache.poi.ooxml.util.PackageHelper.open(PackageHelper.java:59)
	at org.apache.poi.xssf.usermodel.XSSFWorkbook.<init>(XSSFWorkbook.java:290)
	at org.apache.poi.xssf.usermodel.XSSFWorkbook.<init>(XSSFWorkbook.java:286)
	at externalResources.ExcelDataRead.<init>(ExcelDataRead.java:22)
	at listeners.AnnotationsTransformer.toBeExecuted(AnnotationsTransformer.java:36)
	at listeners.AnnotationsTransformer.transform(AnnotationsTransformer.java:24)
	at org.testng.internal.annotations.JDK15AnnotationFinder.transform(JDK15AnnotationFinder.java:172)
	at org.testng.internal.annotations.JDK15AnnotationFinder.lambda$findAnnotation$0(JDK15AnnotationFinder.java:279)
	at java.base/java.util.concurrent.ConcurrentHashMap.computeIfAbsent(ConcurrentHashMap.java:1705)
	at org.testng.internal.annotations.JDK15AnnotationFinder.findAnnotation(JDK15AnnotationFinder.java:275)
	at org.testng.internal.annotations.JDK15AnnotationFinder.findAnnotation(JDK15AnnotationFinder.java:113)
	at org.testng.internal.TestNGClassFinder.isTestNGClass(TestNGClassFinder.java:275)
	at org.testng.internal.TestNGClassFinder.isNotTestNGClass(TestNGClassFinder.java:260)
	at org.testng.internal.TestNGClassFinder.processClass(TestNGClassFinder.java:94)
	at org.testng.internal.TestNGClassFinder.<init>(TestNGClassFinder.java:67)
	at org.testng.TestRunner.initMethods(TestRunner.java:442)
	at org.testng.TestRunner.init(TestRunner.java:336)
	at org.testng.TestRunner.init(TestRunner.java:289)
	at org.testng.TestRunner.<init>(TestRunner.java:179)
	at org.testng.SuiteRunner$DefaultTestRunnerFactory.newTestRunner(SuiteRunner.java:643)
	at org.testng.SuiteRunner.init(SuiteRunner.java:225)
	at org.testng.SuiteRunner.<init>(SuiteRunner.java:115)
	at org.testng.TestNG.createSuiteRunner(TestNG.java:1349)
	at org.testng.TestNG.createSuiteRunners(TestNG.java:1325)
	at org.testng.TestNG.runSuitesLocally(TestNG.java:1167)
	at org.testng.TestNG.runSuites(TestNG.java:1099)
	at org.testng.TestNG.run(TestNG.java:1067)
	at org.apache.maven.surefire.testng.TestNGExecutor.run(TestNGExecutor.java:324)
	at org.apache.maven.surefire.testng.TestNGXmlTestSuite.execute(TestNGXmlTestSuite.java:74)
	at org.apache.maven.surefire.testng.TestNGProvider.invoke(TestNGProvider.java:123)
	at org.apache.maven.surefire.booter.ForkedBooter.runSuitesInProcess(ForkedBooter.java:456)
	at org.apache.maven.surefire.booter.ForkedBooter.execute(ForkedBooter.java:169)
	at org.apache.maven.surefire.booter.ForkedBooter.run(ForkedBooter.java:595)
	at org.apache.maven.surefire.booter.ForkedBooter.main(ForkedBooter.java:581)

2023-02-13 11:57:16,422 main ERROR Unable to invoke factory method in class org.apache.logging.log4j.core.appender.RollingFileAppender for element RollingFile: java.lang.IllegalStateException: No factory method found for class org.apache.logging.log4j.core.appender.RollingFileAppender java.lang.IllegalStateException: No factory method found for class org.apache.logging.log4j.core.appender.RollingFileAppender
	at org.apache.logging.log4j.core.config.plugins.util.PluginBuilder.findFactoryMethod(PluginBuilder.java:260)
	at org.apache.logging.log4j.core.config.plugins.util.PluginBuilder.build(PluginBuilder.java:136)
	at org.apache.logging.log4j.core.config.AbstractConfiguration.createPluginObject(AbstractConfiguration.java:1138)
	at org.apache.logging.log4j.core.config.AbstractConfiguration.createConfiguration(AbstractConfiguration.java:1063)
	at org.apache.logging.log4j.core.appender.routing.RoutingAppender.createAppender(RoutingAppender.java:310)
	at org.apache.logging.log4j.core.appender.routing.RoutingAppender.getControl(RoutingAppender.java:282)
	at org.apache.logging.log4j.core.appender.routing.RoutingAppender.append(RoutingAppender.java:240)
	at org.apache.logging.log4j.core.config.AppenderControl.tryCallAppender(AppenderControl.java:161)
	at org.apache.logging.log4j.core.config.AppenderControl.callAppender0(AppenderControl.java:134)
	at org.apache.logging.log4j.core.config.AppenderControl.callAppenderPreventRecursion(AppenderControl.java:125)
	at org.apache.logging.log4j.core.config.AppenderControl.callAppender(AppenderControl.java:89)
	at org.apache.logging.log4j.core.config.LoggerConfig.callAppenders(LoggerConfig.java:683)
	at org.apache.logging.log4j.core.config.LoggerConfig.processLogEvent(LoggerConfig.java:641)
	at org.apache.logging.log4j.core.config.LoggerConfig.log(LoggerConfig.java:624)
	at org.apache.logging.log4j.core.config.LoggerConfig.log(LoggerConfig.java:560)
	at org.apache.logging.log4j.core.config.AwaitCompletionReliabilityStrategy.log(AwaitCompletionReliabilityStrategy.java:82)
	at org.apache.logging.log4j.core.Logger.log(Logger.java:162)
	at org.apache.logging.log4j.spi.AbstractLogger.logMessage(AbstractLogger.java:2106)
	at org.apache.logging.log4j.internal.DefaultLogBuilder.logMessage(DefaultLogBuilder.java:241)
	at org.apache.logging.log4j.internal.DefaultLogBuilder.log(DefaultLogBuilder.java:162)
	at org.apache.poi.openxml4j.opc.PackageRelationshipCollection.parseRelationshipsPart(PackageRelationshipCollection.java:309)
	at org.apache.poi.openxml4j.opc.PackageRelationshipCollection.<init>(PackageRelationshipCollection.java:160)
	at org.apache.poi.openxml4j.opc.PackageRelationshipCollection.<init>(PackageRelationshipCollection.java:130)
	at org.apache.poi.openxml4j.opc.PackagePart.loadRelationships(PackagePart.java:565)
	at org.apache.poi.openxml4j.opc.OPCPackage.getParts(OPCPackage.java:751)
	at org.apache.poi.openxml4j.opc.OPCPackage.open(OPCPackage.java:322)
	at org.apache.poi.ooxml.util.PackageHelper.open(PackageHelper.java:59)
	at org.apache.poi.xssf.usermodel.XSSFWorkbook.<init>(XSSFWorkbook.java:290)
	at org.apache.poi.xssf.usermodel.XSSFWorkbook.<init>(XSSFWorkbook.java:286)
	at externalResources.ExcelDataRead.<init>(ExcelDataRead.java:22)
	at listeners.AnnotationsTransformer.toBeExecuted(AnnotationsTransformer.java:36)
	at listeners.AnnotationsTransformer.transform(AnnotationsTransformer.java:24)
	at org.testng.internal.annotations.JDK15AnnotationFinder.transform(JDK15AnnotationFinder.java:172)
	at org.testng.internal.annotations.JDK15AnnotationFinder.lambda$findAnnotation$0(JDK15AnnotationFinder.java:279)
	at java.base/java.util.concurrent.ConcurrentHashMap.computeIfAbsent(ConcurrentHashMap.java:1705)
	at org.testng.internal.annotations.JDK15AnnotationFinder.findAnnotation(JDK15AnnotationFinder.java:275)
	at org.testng.internal.annotations.JDK15AnnotationFinder.findAnnotation(JDK15AnnotationFinder.java:113)
	at org.testng.internal.TestNGClassFinder.isTestNGClass(TestNGClassFinder.java:275)
	at org.testng.internal.TestNGClassFinder.isNotTestNGClass(TestNGClassFinder.java:260)
	at org.testng.internal.TestNGClassFinder.processClass(TestNGClassFinder.java:94)
	at org.testng.internal.TestNGClassFinder.<init>(TestNGClassFinder.java:67)
	at org.testng.TestRunner.initMethods(TestRunner.java:442)
	at org.testng.TestRunner.init(TestRunner.java:336)
	at org.testng.TestRunner.init(TestRunner.java:289)
	at org.testng.TestRunner.<init>(TestRunner.java:179)
	at org.testng.SuiteRunner$DefaultTestRunnerFactory.newTestRunner(SuiteRunner.java:643)
	at org.testng.SuiteRunner.init(SuiteRunner.java:225)
	at org.testng.SuiteRunner.<init>(SuiteRunner.java:115)
	at org.testng.TestNG.createSuiteRunner(TestNG.java:1349)
	at org.testng.TestNG.createSuiteRunners(TestNG.java:1325)
	at org.testng.TestNG.runSuitesLocally(TestNG.java:1167)
	at org.testng.TestNG.runSuites(TestNG.java:1099)
	at org.testng.TestNG.run(TestNG.java:1067)
	at org.apache.maven.surefire.testng.TestNGExecutor.run(TestNGExecutor.java:324)
	at org.apache.maven.surefire.testng.TestNGXmlTestSuite.execute(TestNGXmlTestSuite.java:74)
	at org.apache.maven.surefire.testng.TestNGProvider.invoke(TestNGProvider.java:123)
	at org.apache.maven.surefire.booter.ForkedBooter.runSuitesInProcess(ForkedBooter.java:456)
	at org.apache.maven.surefire.booter.ForkedBooter.execute(ForkedBooter.java:169)
	at org.apache.maven.surefire.booter.ForkedBooter.run(ForkedBooter.java:595)
	at org.apache.maven.surefire.booter.ForkedBooter.main(ForkedBooter.java:581)

2023-02-13 11:57:16,425 main ERROR Unable to create file ./results/logs/${ctx:threadName}.log java.io.IOException: The filename, directory name, or volume label syntax is incorrect
	at java.base/java.io.WinNTFileSystem.canonicalize0(Native Method)
	at java.base/java.io.WinNTFileSystem.canonicalize(WinNTFileSystem.java:483)
	at java.base/java.io.File.getCanonicalPath(File.java:626)
	at java.base/java.io.File.getCanonicalFile(File.java:651)
	at org.apache.logging.log4j.core.util.FileUtils.makeParentDirs(FileUtils.java:139)
	at org.apache.logging.log4j.core.appender.rolling.RollingFileManager$RollingFileManagerFactory.createManager(RollingFileManager.java:734)
	at org.apache.logging.log4j.core.appender.rolling.RollingFileManager$RollingFileManagerFactory.createManager(RollingFileManager.java:718)
	at org.apache.logging.log4j.core.appender.AbstractManager.getManager(AbstractManager.java:144)
	at org.apache.logging.log4j.core.appender.OutputStreamManager.getManager(OutputStreamManager.java:100)
	at org.apache.logging.log4j.core.appender.rolling.RollingFileManager.getFileManager(RollingFileManager.java:217)
	at org.apache.logging.log4j.core.appender.RollingFileAppender$Builder.build(RollingFileAppender.java:135)
	at org.apache.logging.log4j.core.appender.RollingFileAppender$Builder.build(RollingFileAppender.java:62)
	at org.apache.logging.log4j.core.config.plugins.util.PluginBuilder.build(PluginBuilder.java:124)
	at org.apache.logging.log4j.core.config.AbstractConfiguration.createPluginObject(AbstractConfiguration.java:1138)
	at org.apache.logging.log4j.core.config.AbstractConfiguration.createConfiguration(AbstractConfiguration.java:1063)
	at org.apache.logging.log4j.core.appender.routing.RoutingAppender.createAppender(RoutingAppender.java:310)
	at org.apache.logging.log4j.core.appender.routing.RoutingAppender.getControl(RoutingAppender.java:282)
	at org.apache.logging.log4j.core.appender.routing.RoutingAppender.append(RoutingAppender.java:240)
	at org.apache.logging.log4j.core.config.AppenderControl.tryCallAppender(AppenderControl.java:161)
	at org.apache.logging.log4j.core.config.AppenderControl.callAppender0(AppenderControl.java:134)
	at org.apache.logging.log4j.core.config.AppenderControl.callAppenderPreventRecursion(AppenderControl.java:125)
	at org.apache.logging.log4j.core.config.AppenderControl.callAppender(AppenderControl.java:89)
	at org.apache.logging.log4j.core.config.LoggerConfig.callAppenders(LoggerConfig.java:683)
	at org.apache.logging.log4j.core.config.LoggerConfig.processLogEvent(LoggerConfig.java:641)
	at org.apache.logging.log4j.core.config.LoggerConfig.log(LoggerConfig.java:624)
	at org.apache.logging.log4j.core.config.LoggerConfig.log(LoggerConfig.java:560)
	at org.apache.logging.log4j.core.config.AwaitCompletionReliabilityStrategy.log(AwaitCompletionReliabilityStrategy.java:82)
	at org.apache.logging.log4j.core.Logger.log(Logger.java:162)
	at org.apache.logging.log4j.spi.AbstractLogger.logMessage(AbstractLogger.java:2106)
	at org.apache.logging.log4j.internal.DefaultLogBuilder.logMessage(DefaultLogBuilder.java:241)
	at org.apache.logging.log4j.internal.DefaultLogBuilder.log(DefaultLogBuilder.java:162)
	at org.apache.poi.openxml4j.opc.PackageRelationshipCollection.parseRelationshipsPart(PackageRelationshipCollection.java:309)
	at org.apache.poi.openxml4j.opc.PackageRelationshipCollection.<init>(PackageRelationshipCollection.java:160)
	at org.apache.poi.openxml4j.opc.PackageRelationshipCollection.<init>(PackageRelationshipCollection.java:116)
	at org.apache.poi.openxml4j.opc.OPCPackage.ensureRelationships(OPCPackage.java:1346)
	at org.apache.poi.openxml4j.opc.OPCPackage.getRelationshipsHelper(OPCPackage.java:1325)
	at org.apache.poi.openxml4j.opc.OPCPackage.getRelationshipsByType(OPCPackage.java:1313)
	at org.apache.poi.ooxml.POIXMLDocumentPart.getPartFromOPCPackage(POIXMLDocumentPart.java:743)
	at org.apache.poi.ooxml.POIXMLDocumentPart.<init>(POIXMLDocumentPart.java:151)
	at org.apache.poi.ooxml.POIXMLDocumentPart.<init>(POIXMLDocumentPart.java:141)
	at org.apache.poi.ooxml.POIXMLDocument.<init>(POIXMLDocument.java:60)
	at org.apache.poi.xssf.usermodel.XSSFWorkbook.<init>(XSSFWorkbook.java:254)
	at org.apache.poi.xssf.usermodel.XSSFWorkbook.<init>(XSSFWorkbook.java:290)
	at org.apache.poi.xssf.usermodel.XSSFWorkbook.<init>(XSSFWorkbook.java:286)
	at externalResources.ExcelDataRead.<init>(ExcelDataRead.java:22)
	at listeners.AnnotationsTransformer.toBeExecuted(AnnotationsTransformer.java:36)
	at listeners.AnnotationsTransformer.transform(AnnotationsTransformer.java:24)
	at org.testng.internal.annotations.JDK15AnnotationFinder.transform(JDK15AnnotationFinder.java:172)
	at org.testng.internal.annotations.JDK15AnnotationFinder.lambda$findAnnotation$0(JDK15AnnotationFinder.java:279)
	at java.base/java.util.concurrent.ConcurrentHashMap.computeIfAbsent(ConcurrentHashMap.java:1705)
	at org.testng.internal.annotations.JDK15AnnotationFinder.findAnnotation(JDK15AnnotationFinder.java:275)
	at org.testng.internal.annotations.JDK15AnnotationFinder.findAnnotation(JDK15AnnotationFinder.java:113)
	at org.testng.internal.TestNGClassFinder.isTestNGClass(TestNGClassFinder.java:275)
	at org.testng.internal.TestNGClassFinder.isNotTestNGClass(TestNGClassFinder.java:260)
	at org.testng.internal.TestNGClassFinder.processClass(TestNGClassFinder.java:94)
	at org.testng.internal.TestNGClassFinder.<init>(TestNGClassFinder.java:67)
	at org.testng.TestRunner.initMethods(TestRunner.java:442)
	at org.testng.TestRunner.init(TestRunner.java:336)
	at org.testng.TestRunner.init(TestRunner.java:289)
	at org.testng.TestRunner.<init>(TestRunner.java:179)
	at org.testng.SuiteRunner$DefaultTestRunnerFactory.newTestRunner(SuiteRunner.java:643)
	at org.testng.SuiteRunner.init(SuiteRunner.java:225)
	at org.testng.SuiteRunner.<init>(SuiteRunner.java:115)
	at org.testng.TestNG.createSuiteRunner(TestNG.java:1349)
	at org.testng.TestNG.createSuiteRunners(TestNG.java:1325)
	at org.testng.TestNG.runSuitesLocally(TestNG.java:1167)
	at org.testng.TestNG.runSuites(TestNG.java:1099)
	at org.testng.TestNG.run(TestNG.java:1067)
	at org.apache.maven.surefire.testng.TestNGExecutor.run(TestNGExecutor.java:324)
	at org.apache.maven.surefire.testng.TestNGXmlTestSuite.execute(TestNGXmlTestSuite.java:74)
	at org.apache.maven.surefire.testng.TestNGProvider.invoke(TestNGProvider.java:123)
	at org.apache.maven.surefire.booter.ForkedBooter.runSuitesInProcess(ForkedBooter.java:456)
	at org.apache.maven.surefire.booter.ForkedBooter.execute(ForkedBooter.java:169)
	at org.apache.maven.surefire.booter.ForkedBooter.run(ForkedBooter.java:595)
	at org.apache.maven.surefire.booter.ForkedBooter.main(ForkedBooter.java:581)

2023-02-13 11:57:16,425 main ERROR Could not create plugin of type class org.apache.logging.log4j.core.appender.RollingFileAppender for element RollingFile: java.lang.IllegalStateException: ManagerFactory [org.apache.logging.log4j.core.appender.rolling.RollingFileManager$RollingFileManagerFactory@4e6d7365] unable to create manager for [./results/logs/${ctx:threadName}.log] with data [org.apache.logging.log4j.core.appender.rolling.RollingFileManager$FactoryData@5524b72f[pattern=./results/logs/${ctx:threadName}-%d{yyyy-MM-dd}.log, append=true, bufferedIO=true, bufferSize=8192, policy=SizeBasedTriggeringPolicy(size=512000), strategy=DefaultRolloverStrategy(min=1, max=7, useMax=true), advertiseURI=null, layout=%d{HH:mm:ss.SSS} [%t] %-5level %logger{36} - %msg%n, filePermissions=null, fileOwner=null]] java.lang.IllegalStateException: ManagerFactory [org.apache.logging.log4j.core.appender.rolling.RollingFileManager$RollingFileManagerFactory@4e6d7365] unable to create manager for [./results/logs/${ctx:threadName}.log] with data [org.apache.logging.log4j.core.appender.rolling.RollingFileManager$FactoryData@5524b72f[pattern=./results/logs/${ctx:threadName}-%d{yyyy-MM-dd}.log, append=true, bufferedIO=true, bufferSize=8192, policy=SizeBasedTriggeringPolicy(size=512000), strategy=DefaultRolloverStrategy(min=1, max=7, useMax=true), advertiseURI=null, layout=%d{HH:mm:ss.SSS} [%t] %-5level %logger{36} - %msg%n, filePermissions=null, fileOwner=null]]
	at org.apache.logging.log4j.core.appender.AbstractManager.getManager(AbstractManager.java:146)
	at org.apache.logging.log4j.core.appender.OutputStreamManager.getManager(OutputStreamManager.java:100)
	at org.apache.logging.log4j.core.appender.rolling.RollingFileManager.getFileManager(RollingFileManager.java:217)
	at org.apache.logging.log4j.core.appender.RollingFileAppender$Builder.build(RollingFileAppender.java:135)
	at org.apache.logging.log4j.core.appender.RollingFileAppender$Builder.build(RollingFileAppender.java:62)
	at org.apache.logging.log4j.core.config.plugins.util.PluginBuilder.build(PluginBuilder.java:124)
	at org.apache.logging.log4j.core.config.AbstractConfiguration.createPluginObject(AbstractConfiguration.java:1138)
	at org.apache.logging.log4j.core.config.AbstractConfiguration.createConfiguration(AbstractConfiguration.java:1063)
	at org.apache.logging.log4j.core.appender.routing.RoutingAppender.createAppender(RoutingAppender.java:310)
	at org.apache.logging.log4j.core.appender.routing.RoutingAppender.getControl(RoutingAppender.java:282)
	at org.apache.logging.log4j.core.appender.routing.RoutingAppender.append(RoutingAppender.java:240)
	at org.apache.logging.log4j.core.config.AppenderControl.tryCallAppender(AppenderControl.java:161)
	at org.apache.logging.log4j.core.config.AppenderControl.callAppender0(AppenderControl.java:134)
	at org.apache.logging.log4j.core.config.AppenderControl.callAppenderPreventRecursion(AppenderControl.java:125)
	at org.apache.logging.log4j.core.config.AppenderControl.callAppender(AppenderControl.java:89)
	at org.apache.logging.log4j.core.config.LoggerConfig.callAppenders(LoggerConfig.java:683)
	at org.apache.logging.log4j.core.config.LoggerConfig.processLogEvent(LoggerConfig.java:641)
	at org.apache.logging.log4j.core.config.LoggerConfig.log(LoggerConfig.java:624)
	at org.apache.logging.log4j.core.config.LoggerConfig.log(LoggerConfig.java:560)
	at org.apache.logging.log4j.core.config.AwaitCompletionReliabilityStrategy.log(AwaitCompletionReliabilityStrategy.java:82)
	at org.apache.logging.log4j.core.Logger.log(Logger.java:162)
	at org.apache.logging.log4j.spi.AbstractLogger.logMessage(AbstractLogger.java:2106)
	at org.apache.logging.log4j.internal.DefaultLogBuilder.logMessage(DefaultLogBuilder.java:241)
	at org.apache.logging.log4j.internal.DefaultLogBuilder.log(DefaultLogBuilder.java:162)
	at org.apache.poi.openxml4j.opc.PackageRelationshipCollection.parseRelationshipsPart(PackageRelationshipCollection.java:309)
	at org.apache.poi.openxml4j.opc.PackageRelationshipCollection.<init>(PackageRelationshipCollection.java:160)
	at org.apache.poi.openxml4j.opc.PackageRelationshipCollection.<init>(PackageRelationshipCollection.java:116)
	at org.apache.poi.openxml4j.opc.OPCPackage.ensureRelationships(OPCPackage.java:1346)
	at org.apache.poi.openxml4j.opc.OPCPackage.getRelationshipsHelper(OPCPackage.java:1325)
	at org.apache.poi.openxml4j.opc.OPCPackage.getRelationshipsByType(OPCPackage.java:1313)
	at org.apache.poi.ooxml.POIXMLDocumentPart.getPartFromOPCPackage(POIXMLDocumentPart.java:743)
	at org.apache.poi.ooxml.POIXMLDocumentPart.<init>(POIXMLDocumentPart.java:151)
	at org.apache.poi.ooxml.POIXMLDocumentPart.<init>(POIXMLDocumentPart.java:141)
	at org.apache.poi.ooxml.POIXMLDocument.<init>(POIXMLDocument.java:60)
	at org.apache.poi.xssf.usermodel.XSSFWorkbook.<init>(XSSFWorkbook.java:254)
	at org.apache.poi.xssf.usermodel.XSSFWorkbook.<init>(XSSFWorkbook.java:290)
	at org.apache.poi.xssf.usermodel.XSSFWorkbook.<init>(XSSFWorkbook.java:286)
	at externalResources.ExcelDataRead.<init>(ExcelDataRead.java:22)
	at listeners.AnnotationsTransformer.toBeExecuted(AnnotationsTransformer.java:36)
	at listeners.AnnotationsTransformer.transform(AnnotationsTransformer.java:24)
	at org.testng.internal.annotations.JDK15AnnotationFinder.transform(JDK15AnnotationFinder.java:172)
	at org.testng.internal.annotations.JDK15AnnotationFinder.lambda$findAnnotation$0(JDK15AnnotationFinder.java:279)
	at java.base/java.util.concurrent.ConcurrentHashMap.computeIfAbsent(ConcurrentHashMap.java:1705)
	at org.testng.internal.annotations.JDK15AnnotationFinder.findAnnotation(JDK15AnnotationFinder.java:275)
	at org.testng.internal.annotations.JDK15AnnotationFinder.findAnnotation(JDK15AnnotationFinder.java:113)
	at org.testng.internal.TestNGClassFinder.isTestNGClass(TestNGClassFinder.java:275)
	at org.testng.internal.TestNGClassFinder.isNotTestNGClass(TestNGClassFinder.java:260)
	at org.testng.internal.TestNGClassFinder.processClass(TestNGClassFinder.java:94)
	at org.testng.internal.TestNGClassFinder.<init>(TestNGClassFinder.java:67)
	at org.testng.TestRunner.initMethods(TestRunner.java:442)
	at org.testng.TestRunner.init(TestRunner.java:336)
	at org.testng.TestRunner.init(TestRunner.java:289)
	at org.testng.TestRunner.<init>(TestRunner.java:179)
	at org.testng.SuiteRunner$DefaultTestRunnerFactory.newTestRunner(SuiteRunner.java:643)
	at org.testng.SuiteRunner.init(SuiteRunner.java:225)
	at org.testng.SuiteRunner.<init>(SuiteRunner.java:115)
	at org.testng.TestNG.createSuiteRunner(TestNG.java:1349)
	at org.testng.TestNG.createSuiteRunners(TestNG.java:1325)
	at org.testng.TestNG.runSuitesLocally(TestNG.java:1167)
	at org.testng.TestNG.runSuites(TestNG.java:1099)
	at org.testng.TestNG.run(TestNG.java:1067)
	at org.apache.maven.surefire.testng.TestNGExecutor.run(TestNGExecutor.java:324)
	at org.apache.maven.surefire.testng.TestNGXmlTestSuite.execute(TestNGXmlTestSuite.java:74)
	at org.apache.maven.surefire.testng.TestNGProvider.invoke(TestNGProvider.java:123)
	at org.apache.maven.surefire.booter.ForkedBooter.runSuitesInProcess(ForkedBooter.java:456)
	at org.apache.maven.surefire.booter.ForkedBooter.execute(ForkedBooter.java:169)
	at org.apache.maven.surefire.booter.ForkedBooter.run(ForkedBooter.java:595)
	at org.apache.maven.surefire.booter.ForkedBooter.main(ForkedBooter.java:581)

2023-02-13 11:57:16,425 main ERROR Unable to invoke factory method in class org.apache.logging.log4j.core.appender.RollingFileAppender for element RollingFile: java.lang.IllegalStateException: No factory method found for class org.apache.logging.log4j.core.appender.RollingFileAppender java.lang.IllegalStateException: No factory method found for class org.apache.logging.log4j.core.appender.RollingFileAppender
	at org.apache.logging.log4j.core.config.plugins.util.PluginBuilder.findFactoryMethod(PluginBuilder.java:260)
	at org.apache.logging.log4j.core.config.plugins.util.PluginBuilder.build(PluginBuilder.java:136)
	at org.apache.logging.log4j.core.config.AbstractConfiguration.createPluginObject(AbstractConfiguration.java:1138)
	at org.apache.logging.log4j.core.config.AbstractConfiguration.createConfiguration(AbstractConfiguration.java:1063)
	at org.apache.logging.log4j.core.appender.routing.RoutingAppender.createAppender(RoutingAppender.java:310)
	at org.apache.logging.log4j.core.appender.routing.RoutingAppender.getControl(RoutingAppender.java:282)
	at org.apache.logging.log4j.core.appender.routing.RoutingAppender.append(RoutingAppender.java:240)
	at org.apache.logging.log4j.core.config.AppenderControl.tryCallAppender(AppenderControl.java:161)
	at org.apache.logging.log4j.core.config.AppenderControl.callAppender0(AppenderControl.java:134)
	at org.apache.logging.log4j.core.config.AppenderControl.callAppenderPreventRecursion(AppenderControl.java:125)
	at org.apache.logging.log4j.core.config.AppenderControl.callAppender(AppenderControl.java:89)
	at org.apache.logging.log4j.core.config.LoggerConfig.callAppenders(LoggerConfig.java:683)
	at org.apache.logging.log4j.core.config.LoggerConfig.processLogEvent(LoggerConfig.java:641)
	at org.apache.logging.log4j.core.config.LoggerConfig.log(LoggerConfig.java:624)
	at org.apache.logging.log4j.core.config.LoggerConfig.log(LoggerConfig.java:560)
	at org.apache.logging.log4j.core.config.AwaitCompletionReliabilityStrategy.log(AwaitCompletionReliabilityStrategy.java:82)
	at org.apache.logging.log4j.core.Logger.log(Logger.java:162)
	at org.apache.logging.log4j.spi.AbstractLogger.logMessage(AbstractLogger.java:2106)
	at org.apache.logging.log4j.internal.DefaultLogBuilder.logMessage(DefaultLogBuilder.java:241)
	at org.apache.logging.log4j.internal.DefaultLogBuilder.log(DefaultLogBuilder.java:162)
	at org.apache.poi.openxml4j.opc.PackageRelationshipCollection.parseRelationshipsPart(PackageRelationshipCollection.java:309)
	at org.apache.poi.openxml4j.opc.PackageRelationshipCollection.<init>(PackageRelationshipCollection.java:160)
	at org.apache.poi.openxml4j.opc.PackageRelationshipCollection.<init>(PackageRelationshipCollection.java:116)
	at org.apache.poi.openxml4j.opc.OPCPackage.ensureRelationships(OPCPackage.java:1346)
	at org.apache.poi.openxml4j.opc.OPCPackage.getRelationshipsHelper(OPCPackage.java:1325)
	at org.apache.poi.openxml4j.opc.OPCPackage.getRelationshipsByType(OPCPackage.java:1313)
	at org.apache.poi.ooxml.POIXMLDocumentPart.getPartFromOPCPackage(POIXMLDocumentPart.java:743)
	at org.apache.poi.ooxml.POIXMLDocumentPart.<init>(POIXMLDocumentPart.java:151)
	at org.apache.poi.ooxml.POIXMLDocumentPart.<init>(POIXMLDocumentPart.java:141)
	at org.apache.poi.ooxml.POIXMLDocument.<init>(POIXMLDocument.java:60)
	at org.apache.poi.xssf.usermodel.XSSFWorkbook.<init>(XSSFWorkbook.java:254)
	at org.apache.poi.xssf.usermodel.XSSFWorkbook.<init>(XSSFWorkbook.java:290)
	at org.apache.poi.xssf.usermodel.XSSFWorkbook.<init>(XSSFWorkbook.java:286)
	at externalResources.ExcelDataRead.<init>(ExcelDataRead.java:22)
	at listeners.AnnotationsTransformer.toBeExecuted(AnnotationsTransformer.java:36)
	at listeners.AnnotationsTransformer.transform(AnnotationsTransformer.java:24)
	at org.testng.internal.annotations.JDK15AnnotationFinder.transform(JDK15AnnotationFinder.java:172)
	at org.testng.internal.annotations.JDK15AnnotationFinder.lambda$findAnnotation$0(JDK15AnnotationFinder.java:279)
	at java.base/java.util.concurrent.ConcurrentHashMap.computeIfAbsent(ConcurrentHashMap.java:1705)
	at org.testng.internal.annotations.JDK15AnnotationFinder.findAnnotation(JDK15AnnotationFinder.java:275)
	at org.testng.internal.annotations.JDK15AnnotationFinder.findAnnotation(JDK15AnnotationFinder.java:113)
	at org.testng.internal.TestNGClassFinder.isTestNGClass(TestNGClassFinder.java:275)
	at org.testng.internal.TestNGClassFinder.isNotTestNGClass(TestNGClassFinder.java:260)
	at org.testng.internal.TestNGClassFinder.processClass(TestNGClassFinder.java:94)
	at org.testng.internal.TestNGClassFinder.<init>(TestNGClassFinder.java:67)
	at org.testng.TestRunner.initMethods(TestRunner.java:442)
	at org.testng.TestRunner.init(TestRunner.java:336)
	at org.testng.TestRunner.init(TestRunner.java:289)
	at org.testng.TestRunner.<init>(TestRunner.java:179)
	at org.testng.SuiteRunner$DefaultTestRunnerFactory.newTestRunner(SuiteRunner.java:643)
	at org.testng.SuiteRunner.init(SuiteRunner.java:225)
	at org.testng.SuiteRunner.<init>(SuiteRunner.java:115)
	at org.testng.TestNG.createSuiteRunner(TestNG.java:1349)
	at org.testng.TestNG.createSuiteRunners(TestNG.java:1325)
	at org.testng.TestNG.runSuitesLocally(TestNG.java:1167)
	at org.testng.TestNG.runSuites(TestNG.java:1099)
	at org.testng.TestNG.run(TestNG.java:1067)
	at org.apache.maven.surefire.testng.TestNGExecutor.run(TestNGExecutor.java:324)
	at org.apache.maven.surefire.testng.TestNGXmlTestSuite.execute(TestNGXmlTestSuite.java:74)
	at org.apache.maven.surefire.testng.TestNGProvider.invoke(TestNGProvider.java:123)
	at org.apache.maven.surefire.booter.ForkedBooter.runSuitesInProcess(ForkedBooter.java:456)
	at org.apache.maven.surefire.booter.ForkedBooter.execute(ForkedBooter.java:169)
	at org.apache.maven.surefire.booter.ForkedBooter.run(ForkedBooter.java:595)
	at org.apache.maven.surefire.booter.ForkedBooter.main(ForkedBooter.java:581)

2023-02-13 11:57:16,436 main ERROR Unable to create file ./results/logs/${ctx:threadName}.log java.io.IOException: The filename, directory name, or volume label syntax is incorrect
	at java.base/java.io.WinNTFileSystem.canonicalize0(Native Method)
	at java.base/java.io.WinNTFileSystem.canonicalize(WinNTFileSystem.java:483)
	at java.base/java.io.File.getCanonicalPath(File.java:626)
	at java.base/java.io.File.getCanonicalFile(File.java:651)
	at org.apache.logging.log4j.core.util.FileUtils.makeParentDirs(FileUtils.java:139)
	at org.apache.logging.log4j.core.appender.rolling.RollingFileManager$RollingFileManagerFactory.createManager(RollingFileManager.java:734)
	at org.apache.logging.log4j.core.appender.rolling.RollingFileManager$RollingFileManagerFactory.createManager(RollingFileManager.java:718)
	at org.apache.logging.log4j.core.appender.AbstractManager.getManager(AbstractManager.java:144)
	at org.apache.logging.log4j.core.appender.OutputStreamManager.getManager(OutputStreamManager.java:100)
	at org.apache.logging.log4j.core.appender.rolling.RollingFileManager.getFileManager(RollingFileManager.java:217)
	at org.apache.logging.log4j.core.appender.RollingFileAppender$Builder.build(RollingFileAppender.java:135)
	at org.apache.logging.log4j.core.appender.RollingFileAppender$Builder.build(RollingFileAppender.java:62)
	at org.apache.logging.log4j.core.config.plugins.util.PluginBuilder.build(PluginBuilder.java:124)
	at org.apache.logging.log4j.core.config.AbstractConfiguration.createPluginObject(AbstractConfiguration.java:1138)
	at org.apache.logging.log4j.core.config.AbstractConfiguration.createConfiguration(AbstractConfiguration.java:1063)
	at org.apache.logging.log4j.core.appender.routing.RoutingAppender.createAppender(RoutingAppender.java:310)
	at org.apache.logging.log4j.core.appender.routing.RoutingAppender.getControl(RoutingAppender.java:282)
	at org.apache.logging.log4j.core.appender.routing.RoutingAppender.append(RoutingAppender.java:240)
	at org.apache.logging.log4j.core.config.AppenderControl.tryCallAppender(AppenderControl.java:161)
	at org.apache.logging.log4j.core.config.AppenderControl.callAppender0(AppenderControl.java:134)
	at org.apache.logging.log4j.core.config.AppenderControl.callAppenderPreventRecursion(AppenderControl.java:125)
	at org.apache.logging.log4j.core.config.AppenderControl.callAppender(AppenderControl.java:89)
	at org.apache.logging.log4j.core.config.LoggerConfig.callAppenders(LoggerConfig.java:683)
	at org.apache.logging.log4j.core.config.LoggerConfig.processLogEvent(LoggerConfig.java:641)
	at org.apache.logging.log4j.core.config.LoggerConfig.log(LoggerConfig.java:624)
	at org.apache.logging.log4j.core.config.LoggerConfig.log(LoggerConfig.java:560)
	at org.apache.logging.log4j.core.config.AwaitCompletionReliabilityStrategy.log(AwaitCompletionReliabilityStrategy.java:82)
	at org.apache.logging.log4j.core.Logger.log(Logger.java:162)
	at org.apache.logging.log4j.spi.AbstractLogger.logMessage(AbstractLogger.java:2106)
	at org.apache.logging.log4j.internal.DefaultLogBuilder.logMessage(DefaultLogBuilder.java:241)
	at org.apache.logging.log4j.internal.DefaultLogBuilder.log(DefaultLogBuilder.java:162)
	at org.apache.poi.ooxml.POIXMLFactory.createDocumentPart(POIXMLFactory.java:65)
	at org.apache.poi.ooxml.POIXMLDocumentPart.read(POIXMLDocumentPart.java:661)
	at org.apache.poi.ooxml.POIXMLDocumentPart.read(POIXMLDocumentPart.java:678)
	at org.apache.poi.ooxml.POIXMLDocument.load(POIXMLDocument.java:165)
	at org.apache.poi.xssf.usermodel.XSSFWorkbook.<init>(XSSFWorkbook.java:260)
	at org.apache.poi.xssf.usermodel.XSSFWorkbook.<init>(XSSFWorkbook.java:290)
	at org.apache.poi.xssf.usermodel.XSSFWorkbook.<init>(XSSFWorkbook.java:286)
	at externalResources.ExcelDataRead.<init>(ExcelDataRead.java:22)
	at listeners.AnnotationsTransformer.toBeExecuted(AnnotationsTransformer.java:36)
	at listeners.AnnotationsTransformer.transform(AnnotationsTransformer.java:24)
	at org.testng.internal.annotations.JDK15AnnotationFinder.transform(JDK15AnnotationFinder.java:172)
	at org.testng.internal.annotations.JDK15AnnotationFinder.lambda$findAnnotation$0(JDK15AnnotationFinder.java:279)
	at java.base/java.util.concurrent.ConcurrentHashMap.computeIfAbsent(ConcurrentHashMap.java:1705)
	at org.testng.internal.annotations.JDK15AnnotationFinder.findAnnotation(JDK15AnnotationFinder.java:275)
	at org.testng.internal.annotations.JDK15AnnotationFinder.findAnnotation(JDK15AnnotationFinder.java:113)
	at org.testng.internal.TestNGClassFinder.isTestNGClass(TestNGClassFinder.java:275)
	at org.testng.internal.TestNGClassFinder.isNotTestNGClass(TestNGClassFinder.java:260)
	at org.testng.internal.TestNGClassFinder.processClass(TestNGClassFinder.java:94)
	at org.testng.internal.TestNGClassFinder.<init>(TestNGClassFinder.java:67)
	at org.testng.TestRunner.initMethods(TestRunner.java:442)
	at org.testng.TestRunner.init(TestRunner.java:336)
	at org.testng.TestRunner.init(TestRunner.java:289)
	at org.testng.TestRunner.<init>(TestRunner.java:179)
	at org.testng.SuiteRunner$DefaultTestRunnerFactory.newTestRunner(SuiteRunner.java:643)
	at org.testng.SuiteRunner.init(SuiteRunner.java:225)
	at org.testng.SuiteRunner.<init>(SuiteRunner.java:115)
	at org.testng.TestNG.createSuiteRunner(TestNG.java:1349)
	at org.testng.TestNG.createSuiteRunners(TestNG.java:1325)
	at org.testng.TestNG.runSuitesLocally(TestNG.java:1167)
	at org.testng.TestNG.runSuites(TestNG.java:1099)
	at org.testng.TestNG.run(TestNG.java:1067)
	at org.apache.maven.surefire.testng.TestNGExecutor.run(TestNGExecutor.java:324)
	at org.apache.maven.surefire.testng.TestNGXmlTestSuite.execute(TestNGXmlTestSuite.java:74)
	at org.apache.maven.surefire.testng.TestNGProvider.invoke(TestNGProvider.java:123)
	at org.apache.maven.surefire.booter.ForkedBooter.runSuitesInProcess(ForkedBooter.java:456)
	at org.apache.maven.surefire.booter.ForkedBooter.execute(ForkedBooter.java:169)
	at org.apache.maven.surefire.booter.ForkedBooter.run(ForkedBooter.java:595)
	at org.apache.maven.surefire.booter.ForkedBooter.main(ForkedBooter.java:581)

2023-02-13 11:57:16,436 main ERROR Could not create plugin of type class org.apache.logging.log4j.core.appender.RollingFileAppender for element RollingFile: java.lang.IllegalStateException: ManagerFactory [org.apache.logging.log4j.core.appender.rolling.RollingFileManager$RollingFileManagerFactory@4e6d7365] unable to create manager for [./results/logs/${ctx:threadName}.log] with data [org.apache.logging.log4j.core.appender.rolling.RollingFileManager$FactoryData@26d96e5[pattern=./results/logs/${ctx:threadName}-%d{yyyy-MM-dd}.log, append=true, bufferedIO=true, bufferSize=8192, policy=SizeBasedTriggeringPolicy(size=512000), strategy=DefaultRolloverStrategy(min=1, max=7, useMax=true), advertiseURI=null, layout=%d{HH:mm:ss.SSS} [%t] %-5level %logger{36} - %msg%n, filePermissions=null, fileOwner=null]] java.lang.IllegalStateException: ManagerFactory [org.apache.logging.log4j.core.appender.rolling.RollingFileManager$RollingFileManagerFactory@4e6d7365] unable to create manager for [./results/logs/${ctx:threadName}.log] with data [org.apache.logging.log4j.core.appender.rolling.RollingFileManager$FactoryData@26d96e5[pattern=./results/logs/${ctx:threadName}-%d{yyyy-MM-dd}.log, append=true, bufferedIO=true, bufferSize=8192, policy=SizeBasedTriggeringPolicy(size=512000), strategy=DefaultRolloverStrategy(min=1, max=7, useMax=true), advertiseURI=null, layout=%d{HH:mm:ss.SSS} [%t] %-5level %logger{36} - %msg%n, filePermissions=null, fileOwner=null]]
	at org.apache.logging.log4j.core.appender.AbstractManager.getManager(AbstractManager.java:146)
	at org.apache.logging.log4j.core.appender.OutputStreamManager.getManager(OutputStreamManager.java:100)
	at org.apache.logging.log4j.core.appender.rolling.RollingFileManager.getFileManager(RollingFileManager.java:217)
	at org.apache.logging.log4j.core.appender.RollingFileAppender$Builder.build(RollingFileAppender.java:135)
	at org.apache.logging.log4j.core.appender.RollingFileAppender$Builder.build(RollingFileAppender.java:62)
	at org.apache.logging.log4j.core.config.plugins.util.PluginBuilder.build(PluginBuilder.java:124)
	at org.apache.logging.log4j.core.config.AbstractConfiguration.createPluginObject(AbstractConfiguration.java:1138)
	at org.apache.logging.log4j.core.config.AbstractConfiguration.createConfiguration(AbstractConfiguration.java:1063)
	at org.apache.logging.log4j.core.appender.routing.RoutingAppender.createAppender(RoutingAppender.java:310)
	at org.apache.logging.log4j.core.appender.routing.RoutingAppender.getControl(RoutingAppender.java:282)
	at org.apache.logging.log4j.core.appender.routing.RoutingAppender.append(RoutingAppender.java:240)
	at org.apache.logging.log4j.core.config.AppenderControl.tryCallAppender(AppenderControl.java:161)
	at org.apache.logging.log4j.core.config.AppenderControl.callAppender0(AppenderControl.java:134)
	at org.apache.logging.log4j.core.config.AppenderControl.callAppenderPreventRecursion(AppenderControl.java:125)
	at org.apache.logging.log4j.core.config.AppenderControl.callAppender(AppenderControl.java:89)
	at org.apache.logging.log4j.core.config.LoggerConfig.callAppenders(LoggerConfig.java:683)
	at org.apache.logging.log4j.core.config.LoggerConfig.processLogEvent(LoggerConfig.java:641)
	at org.apache.logging.log4j.core.config.LoggerConfig.log(LoggerConfig.java:624)
	at org.apache.logging.log4j.core.config.LoggerConfig.log(LoggerConfig.java:560)
	at org.apache.logging.log4j.core.config.AwaitCompletionReliabilityStrategy.log(AwaitCompletionReliabilityStrategy.java:82)
	at org.apache.logging.log4j.core.Logger.log(Logger.java:162)
	at org.apache.logging.log4j.spi.AbstractLogger.logMessage(AbstractLogger.java:2106)
	at org.apache.logging.log4j.internal.DefaultLogBuilder.logMessage(DefaultLogBuilder.java:241)
	at org.apache.logging.log4j.internal.DefaultLogBuilder.log(DefaultLogBuilder.java:162)
	at org.apache.poi.ooxml.POIXMLFactory.createDocumentPart(POIXMLFactory.java:65)
	at org.apache.poi.ooxml.POIXMLDocumentPart.read(POIXMLDocumentPart.java:661)
	at org.apache.poi.ooxml.POIXMLDocumentPart.read(POIXMLDocumentPart.java:678)
	at org.apache.poi.ooxml.POIXMLDocument.load(POIXMLDocument.java:165)
	at org.apache.poi.xssf.usermodel.XSSFWorkbook.<init>(XSSFWorkbook.java:260)
	at org.apache.poi.xssf.usermodel.XSSFWorkbook.<init>(XSSFWorkbook.java:290)
	at org.apache.poi.xssf.usermodel.XSSFWorkbook.<init>(XSSFWorkbook.java:286)
	at externalResources.ExcelDataRead.<init>(ExcelDataRead.java:22)
	at listeners.AnnotationsTransformer.toBeExecuted(AnnotationsTransformer.java:36)
	at listeners.AnnotationsTransformer.transform(AnnotationsTransformer.java:24)
	at org.testng.internal.annotations.JDK15AnnotationFinder.transform(JDK15AnnotationFinder.java:172)
	at org.testng.internal.annotations.JDK15AnnotationFinder.lambda$findAnnotation$0(JDK15AnnotationFinder.java:279)
	at java.base/java.util.concurrent.ConcurrentHashMap.computeIfAbsent(ConcurrentHashMap.java:1705)
	at org.testng.internal.annotations.JDK15AnnotationFinder.findAnnotation(JDK15AnnotationFinder.java:275)
	at org.testng.internal.annotations.JDK15AnnotationFinder.findAnnotation(JDK15AnnotationFinder.java:113)
	at org.testng.internal.TestNGClassFinder.isTestNGClass(TestNGClassFinder.java:275)
	at org.testng.internal.TestNGClassFinder.isNotTestNGClass(TestNGClassFinder.java:260)
	at org.testng.internal.TestNGClassFinder.processClass(TestNGClassFinder.java:94)
	at org.testng.internal.TestNGClassFinder.<init>(TestNGClassFinder.java:67)
	at org.testng.TestRunner.initMethods(TestRunner.java:442)
	at org.testng.TestRunner.init(TestRunner.java:336)
	at org.testng.TestRunner.init(TestRunner.java:289)
	at org.testng.TestRunner.<init>(TestRunner.java:179)
	at org.testng.SuiteRunner$DefaultTestRunnerFactory.newTestRunner(SuiteRunner.java:643)
	at org.testng.SuiteRunner.init(SuiteRunner.java:225)
	at org.testng.SuiteRunner.<init>(SuiteRunner.java:115)
	at org.testng.TestNG.createSuiteRunner(TestNG.java:1349)
	at org.testng.TestNG.createSuiteRunners(TestNG.java:1325)
	at org.testng.TestNG.runSuitesLocally(TestNG.java:1167)
	at org.testng.TestNG.runSuites(TestNG.java:1099)
	at org.testng.TestNG.run(TestNG.java:1067)
	at org.apache.maven.surefire.testng.TestNGExecutor.run(TestNGExecutor.java:324)
	at org.apache.maven.surefire.testng.TestNGXmlTestSuite.execute(TestNGXmlTestSuite.java:74)
	at org.apache.maven.surefire.testng.TestNGProvider.invoke(TestNGProvider.java:123)
	at org.apache.maven.surefire.booter.ForkedBooter.runSuitesInProcess(ForkedBooter.java:456)
	at org.apache.maven.surefire.booter.ForkedBooter.execute(ForkedBooter.java:169)
	at org.apache.maven.surefire.booter.ForkedBooter.run(ForkedBooter.java:595)
	at org.apache.maven.surefire.booter.ForkedBooter.main(ForkedBooter.java:581)

2023-02-13 11:57:16,437 main ERROR Unable to invoke factory method in class org.apache.logging.log4j.core.appender.RollingFileAppender for element RollingFile: java.lang.IllegalStateException: No factory method found for class org.apache.logging.log4j.core.appender.RollingFileAppender java.lang.IllegalStateException: No factory method found for class org.apache.logging.log4j.core.appender.RollingFileAppender
	at org.apache.logging.log4j.core.config.plugins.util.PluginBuilder.findFactoryMethod(PluginBuilder.java:260)
	at org.apache.logging.log4j.core.config.plugins.util.PluginBuilder.build(PluginBuilder.java:136)
	at org.apache.logging.log4j.core.config.AbstractConfiguration.createPluginObject(AbstractConfiguration.java:1138)
	at org.apache.logging.log4j.core.config.AbstractConfiguration.createConfiguration(AbstractConfiguration.java:1063)
	at org.apache.logging.log4j.core.appender.routing.RoutingAppender.createAppender(RoutingAppender.java:310)
	at org.apache.logging.log4j.core.appender.routing.RoutingAppender.getControl(RoutingAppender.java:282)
	at org.apache.logging.log4j.core.appender.routing.RoutingAppender.append(RoutingAppender.java:240)
	at org.apache.logging.log4j.core.config.AppenderControl.tryCallAppender(AppenderControl.java:161)
	at org.apache.logging.log4j.core.config.AppenderControl.callAppender0(AppenderControl.java:134)
	at org.apache.logging.log4j.core.config.AppenderControl.callAppenderPreventRecursion(AppenderControl.java:125)
	at org.apache.logging.log4j.core.config.AppenderControl.callAppender(AppenderControl.java:89)
	at org.apache.logging.log4j.core.config.LoggerConfig.callAppenders(LoggerConfig.java:683)
	at org.apache.logging.log4j.core.config.LoggerConfig.processLogEvent(LoggerConfig.java:641)
	at org.apache.logging.log4j.core.config.LoggerConfig.log(LoggerConfig.java:624)
	at org.apache.logging.log4j.core.config.LoggerConfig.log(LoggerConfig.java:560)
	at org.apache.logging.log4j.core.config.AwaitCompletionReliabilityStrategy.log(AwaitCompletionReliabilityStrategy.java:82)
	at org.apache.logging.log4j.core.Logger.log(Logger.java:162)
	at org.apache.logging.log4j.spi.AbstractLogger.logMessage(AbstractLogger.java:2106)
	at org.apache.logging.log4j.internal.DefaultLogBuilder.logMessage(DefaultLogBuilder.java:241)
	at org.apache.logging.log4j.internal.DefaultLogBuilder.log(DefaultLogBuilder.java:162)
	at org.apache.poi.ooxml.POIXMLFactory.createDocumentPart(POIXMLFactory.java:65)
	at org.apache.poi.ooxml.POIXMLDocumentPart.read(POIXMLDocumentPart.java:661)
	at org.apache.poi.ooxml.POIXMLDocumentPart.read(POIXMLDocumentPart.java:678)
	at org.apache.poi.ooxml.POIXMLDocument.load(POIXMLDocument.java:165)
	at org.apache.poi.xssf.usermodel.XSSFWorkbook.<init>(XSSFWorkbook.java:260)
	at org.apache.poi.xssf.usermodel.XSSFWorkbook.<init>(XSSFWorkbook.java:290)
	at org.apache.poi.xssf.usermodel.XSSFWorkbook.<init>(XSSFWorkbook.java:286)
	at externalResources.ExcelDataRead.<init>(ExcelDataRead.java:22)
	at listeners.AnnotationsTransformer.toBeExecuted(AnnotationsTransformer.java:36)
	at listeners.AnnotationsTransformer.transform(AnnotationsTransformer.java:24)
	at org.testng.internal.annotations.JDK15AnnotationFinder.transform(JDK15AnnotationFinder.java:172)
	at org.testng.internal.annotations.JDK15AnnotationFinder.lambda$findAnnotation$0(JDK15AnnotationFinder.java:279)
	at java.base/java.util.concurrent.ConcurrentHashMap.computeIfAbsent(ConcurrentHashMap.java:1705)
	at org.testng.internal.annotations.JDK15AnnotationFinder.findAnnotation(JDK15AnnotationFinder.java:275)
	at org.testng.internal.annotations.JDK15AnnotationFinder.findAnnotation(JDK15AnnotationFinder.java:113)
	at org.testng.internal.TestNGClassFinder.isTestNGClass(TestNGClassFinder.java:275)
	at org.testng.internal.TestNGClassFinder.isNotTestNGClass(TestNGClassFinder.java:260)
	at org.testng.internal.TestNGClassFinder.processClass(TestNGClassFinder.java:94)
	at org.testng.internal.TestNGClassFinder.<init>(TestNGClassFinder.java:67)
	at org.testng.TestRunner.initMethods(TestRunner.java:442)
	at org.testng.TestRunner.init(TestRunner.java:336)
	at org.testng.TestRunner.init(TestRunner.java:289)
	at org.testng.TestRunner.<init>(TestRunner.java:179)
	at org.testng.SuiteRunner$DefaultTestRunnerFactory.newTestRunner(SuiteRunner.java:643)
	at org.testng.SuiteRunner.init(SuiteRunner.java:225)
	at org.testng.SuiteRunner.<init>(SuiteRunner.java:115)
	at org.testng.TestNG.createSuiteRunner(TestNG.java:1349)
	at org.testng.TestNG.createSuiteRunners(TestNG.java:1325)
	at org.testng.TestNG.runSuitesLocally(TestNG.java:1167)
	at org.testng.TestNG.runSuites(TestNG.java:1099)
	at org.testng.TestNG.run(TestNG.java:1067)
	at org.apache.maven.surefire.testng.TestNGExecutor.run(TestNGExecutor.java:324)
	at org.apache.maven.surefire.testng.TestNGXmlTestSuite.execute(TestNGXmlTestSuite.java:74)
	at org.apache.maven.surefire.testng.TestNGProvider.invoke(TestNGProvider.java:123)
	at org.apache.maven.surefire.booter.ForkedBooter.runSuitesInProcess(ForkedBooter.java:456)
	at org.apache.maven.surefire.booter.ForkedBooter.execute(ForkedBooter.java:169)
	at org.apache.maven.surefire.booter.ForkedBooter.run(ForkedBooter.java:595)
	at org.apache.maven.surefire.booter.ForkedBooter.main(ForkedBooter.java:581)

2023-02-13 11:57:16,439 main ERROR Unable to create file ./results/logs/${ctx:threadName}.log java.io.IOException: The filename, directory name, or volume label syntax is incorrect
	at java.base/java.io.WinNTFileSystem.canonicalize0(Native Method)
	at java.base/java.io.WinNTFileSystem.canonicalize(WinNTFileSystem.java:483)
	at java.base/java.io.File.getCanonicalPath(File.java:626)
	at java.base/java.io.File.getCanonicalFile(File.java:651)
	at org.apache.logging.log4j.core.util.FileUtils.makeParentDirs(FileUtils.java:139)
	at org.apache.logging.log4j.core.appender.rolling.RollingFileManager$RollingFileManagerFactory.createManager(RollingFileManager.java:734)
	at org.apache.logging.log4j.core.appender.rolling.RollingFileManager$RollingFileManagerFactory.createManager(RollingFileManager.java:718)
	at org.apache.logging.log4j.core.appender.AbstractManager.getManager(AbstractManager.java:144)
	at org.apache.logging.log4j.core.appender.OutputStreamManager.getManager(OutputStreamManager.java:100)
	at org.apache.logging.log4j.core.appender.rolling.RollingFileManager.getFileManager(RollingFileManager.java:217)
	at org.apache.logging.log4j.core.appender.RollingFileAppender$Builder.build(RollingFileAppender.java:135)
	at org.apache.logging.log4j.core.appender.RollingFileAppender$Builder.build(RollingFileAppender.java:62)
	at org.apache.logging.log4j.core.config.plugins.util.PluginBuilder.build(PluginBuilder.java:124)
	at org.apache.logging.log4j.core.config.AbstractConfiguration.createPluginObject(AbstractConfiguration.java:1138)
	at org.apache.logging.log4j.core.config.AbstractConfiguration.createConfiguration(AbstractConfiguration.java:1063)
	at org.apache.logging.log4j.core.appender.routing.RoutingAppender.createAppender(RoutingAppender.java:310)
	at org.apache.logging.log4j.core.appender.routing.RoutingAppender.getControl(RoutingAppender.java:282)
	at org.apache.logging.log4j.core.appender.routing.RoutingAppender.append(RoutingAppender.java:240)
	at org.apache.logging.log4j.core.config.AppenderControl.tryCallAppender(AppenderControl.java:161)
	at org.apache.logging.log4j.core.config.AppenderControl.callAppender0(AppenderControl.java:134)
	at org.apache.logging.log4j.core.config.AppenderControl.callAppenderPreventRecursion(AppenderControl.java:125)
	at org.apache.logging.log4j.core.config.AppenderControl.callAppender(AppenderControl.java:89)
	at org.apache.logging.log4j.core.config.LoggerConfig.callAppenders(LoggerConfig.java:683)
	at org.apache.logging.log4j.core.config.LoggerConfig.processLogEvent(LoggerConfig.java:641)
	at org.apache.logging.log4j.core.config.LoggerConfig.log(LoggerConfig.java:624)
	at org.apache.logging.log4j.core.config.LoggerConfig.log(LoggerConfig.java:560)
	at org.apache.logging.log4j.core.config.AwaitCompletionReliabilityStrategy.log(AwaitCompletionReliabilityStrategy.java:82)
	at org.apache.logging.log4j.core.Logger.log(Logger.java:162)
	at org.apache.logging.log4j.spi.AbstractLogger.logMessage(AbstractLogger.java:2106)
	at org.apache.logging.log4j.internal.DefaultLogBuilder.logMessage(DefaultLogBuilder.java:241)
	at org.apache.logging.log4j.internal.DefaultLogBuilder.log(DefaultLogBuilder.java:162)
	at org.apache.poi.ooxml.POIXMLFactory.createDocumentPart(POIXMLFactory.java:65)
	at org.apache.poi.ooxml.POIXMLDocumentPart.read(POIXMLDocumentPart.java:661)
	at org.apache.poi.ooxml.POIXMLDocumentPart.read(POIXMLDocumentPart.java:678)
	at org.apache.poi.ooxml.POIXMLDocument.load(POIXMLDocument.java:165)
	at org.apache.poi.xssf.usermodel.XSSFWorkbook.<init>(XSSFWorkbook.java:260)
	at org.apache.poi.xssf.usermodel.XSSFWorkbook.<init>(XSSFWorkbook.java:290)
	at org.apache.poi.xssf.usermodel.XSSFWorkbook.<init>(XSSFWorkbook.java:286)
	at externalResources.ExcelDataRead.<init>(ExcelDataRead.java:22)
	at listeners.AnnotationsTransformer.toBeExecuted(AnnotationsTransformer.java:36)
	at listeners.AnnotationsTransformer.transform(AnnotationsTransformer.java:24)
	at org.testng.internal.annotations.JDK15AnnotationFinder.transform(JDK15AnnotationFinder.java:172)
	at org.testng.internal.annotations.JDK15AnnotationFinder.lambda$findAnnotation$0(JDK15AnnotationFinder.java:279)
	at java.base/java.util.concurrent.ConcurrentHashMap.computeIfAbsent(ConcurrentHashMap.java:1705)
	at org.testng.internal.annotations.JDK15AnnotationFinder.findAnnotation(JDK15AnnotationFinder.java:275)
	at org.testng.internal.annotations.JDK15AnnotationFinder.findAnnotation(JDK15AnnotationFinder.java:113)
	at org.testng.internal.TestNGClassFinder.isTestNGClass(TestNGClassFinder.java:275)
	at org.testng.internal.TestNGClassFinder.isNotTestNGClass(TestNGClassFinder.java:260)
	at org.testng.internal.TestNGClassFinder.processClass(TestNGClassFinder.java:94)
	at org.testng.internal.TestNGClassFinder.<init>(TestNGClassFinder.java:67)
	at org.testng.TestRunner.initMethods(TestRunner.java:442)
	at org.testng.TestRunner.init(TestRunner.java:336)
	at org.testng.TestRunner.init(TestRunner.java:289)
	at org.testng.TestRunner.<init>(TestRunner.java:179)
	at org.testng.SuiteRunner$DefaultTestRunnerFactory.newTestRunner(SuiteRunner.java:643)
	at org.testng.SuiteRunner.init(SuiteRunner.java:225)
	at org.testng.SuiteRunner.<init>(SuiteRunner.java:115)
	at org.testng.TestNG.createSuiteRunner(TestNG.java:1349)
	at org.testng.TestNG.createSuiteRunners(TestNG.java:1325)
	at org.testng.TestNG.runSuitesLocally(TestNG.java:1167)
	at org.testng.TestNG.runSuites(TestNG.java:1099)
	at org.testng.TestNG.run(TestNG.java:1067)
	at org.apache.maven.surefire.testng.TestNGExecutor.run(TestNGExecutor.java:324)
	at org.apache.maven.surefire.testng.TestNGXmlTestSuite.execute(TestNGXmlTestSuite.java:74)
	at org.apache.maven.surefire.testng.TestNGProvider.invoke(TestNGProvider.java:123)
	at org.apache.maven.surefire.booter.ForkedBooter.runSuitesInProcess(ForkedBooter.java:456)
	at org.apache.maven.surefire.booter.ForkedBooter.execute(ForkedBooter.java:169)
	at org.apache.maven.surefire.booter.ForkedBooter.run(ForkedBooter.java:595)
	at org.apache.maven.surefire.booter.ForkedBooter.main(ForkedBooter.java:581)

2023-02-13 11:57:16,439 main ERROR Could not create plugin of type class org.apache.logging.log4j.core.appender.RollingFileAppender for element RollingFile: java.lang.IllegalStateException: ManagerFactory [org.apache.logging.log4j.core.appender.rolling.RollingFileManager$RollingFileManagerFactory@4e6d7365] unable to create manager for [./results/logs/${ctx:threadName}.log] with data [org.apache.logging.log4j.core.appender.rolling.RollingFileManager$FactoryData@75fc1992[pattern=./results/logs/${ctx:threadName}-%d{yyyy-MM-dd}.log, append=true, bufferedIO=true, bufferSize=8192, policy=SizeBasedTriggeringPolicy(size=512000), strategy=DefaultRolloverStrategy(min=1, max=7, useMax=true), advertiseURI=null, layout=%d{HH:mm:ss.SSS} [%t] %-5level %logger{36} - %msg%n, filePermissions=null, fileOwner=null]] java.lang.IllegalStateException: ManagerFactory [org.apache.logging.log4j.core.appender.rolling.RollingFileManager$RollingFileManagerFactory@4e6d7365] unable to create manager for [./results/logs/${ctx:threadName}.log] with data [org.apache.logging.log4j.core.appender.rolling.RollingFileManager$FactoryData@75fc1992[pattern=./results/logs/${ctx:threadName}-%d{yyyy-MM-dd}.log, append=true, bufferedIO=true, bufferSize=8192, policy=SizeBasedTriggeringPolicy(size=512000), strategy=DefaultRolloverStrategy(min=1, max=7, useMax=true), advertiseURI=null, layout=%d{HH:mm:ss.SSS} [%t] %-5level %logger{36} - %msg%n, filePermissions=null, fileOwner=null]]
	at org.apache.logging.log4j.core.appender.AbstractManager.getManager(AbstractManager.java:146)
	at org.apache.logging.log4j.core.appender.OutputStreamManager.getManager(OutputStreamManager.java:100)
	at org.apache.logging.log4j.core.appender.rolling.RollingFileManager.getFileManager(RollingFileManager.java:217)
	at org.apache.logging.log4j.core.appender.RollingFileAppender$Builder.build(RollingFileAppender.java:135)
	at org.apache.logging.log4j.core.appender.RollingFileAppender$Builder.build(RollingFileAppender.java:62)
	at org.apache.logging.log4j.core.config.plugins.util.PluginBuilder.build(PluginBuilder.java:124)
	at org.apache.logging.log4j.core.config.AbstractConfiguration.createPluginObject(AbstractConfiguration.java:1138)
	at org.apache.logging.log4j.core.config.AbstractConfiguration.createConfiguration(AbstractConfiguration.java:1063)
	at org.apache.logging.log4j.core.appender.routing.RoutingAppender.createAppender(RoutingAppender.java:310)
	at org.apache.logging.log4j.core.appender.routing.RoutingAppender.getControl(RoutingAppender.java:282)
	at org.apache.logging.log4j.core.appender.routing.RoutingAppender.append(RoutingAppender.java:240)
	at org.apache.logging.log4j.core.config.AppenderControl.tryCallAppender(AppenderControl.java:161)
	at org.apache.logging.log4j.core.config.AppenderControl.callAppender0(AppenderControl.java:134)
	at org.apache.logging.log4j.core.config.AppenderControl.callAppenderPreventRecursion(AppenderControl.java:125)
	at org.apache.logging.log4j.core.config.AppenderControl.callAppender(AppenderControl.java:89)
	at org.apache.logging.log4j.core.config.LoggerConfig.callAppenders(LoggerConfig.java:683)
	at org.apache.logging.log4j.core.config.LoggerConfig.processLogEvent(LoggerConfig.java:641)
	at org.apache.logging.log4j.core.config.LoggerConfig.log(LoggerConfig.java:624)
	at org.apache.logging.log4j.core.config.LoggerConfig.log(LoggerConfig.java:560)
	at org.apache.logging.log4j.core.config.AwaitCompletionReliabilityStrategy.log(AwaitCompletionReliabilityStrategy.java:82)
	at org.apache.logging.log4j.core.Logger.log(Logger.java:162)
	at org.apache.logging.log4j.spi.AbstractLogger.logMessage(AbstractLogger.java:2106)
	at org.apache.logging.log4j.internal.DefaultLogBuilder.logMessage(DefaultLogBuilder.java:241)
	at org.apache.logging.log4j.internal.DefaultLogBuilder.log(DefaultLogBuilder.java:162)
	at org.apache.poi.ooxml.POIXMLFactory.createDocumentPart(POIXMLFactory.java:65)
	at org.apache.poi.ooxml.POIXMLDocumentPart.read(POIXMLDocumentPart.java:661)
	at org.apache.poi.ooxml.POIXMLDocumentPart.read(POIXMLDocumentPart.java:678)
	at org.apache.poi.ooxml.POIXMLDocument.load(POIXMLDocument.java:165)
	at org.apache.poi.xssf.usermodel.XSSFWorkbook.<init>(XSSFWorkbook.java:260)
	at org.apache.poi.xssf.usermodel.XSSFWorkbook.<init>(XSSFWorkbook.java:290)
	at org.apache.poi.xssf.usermodel.XSSFWorkbook.<init>(XSSFWorkbook.java:286)
	at externalResources.ExcelDataRead.<init>(ExcelDataRead.java:22)
	at listeners.AnnotationsTransformer.toBeExecuted(AnnotationsTransformer.java:36)
	at listeners.AnnotationsTransformer.transform(AnnotationsTransformer.java:24)
	at org.testng.internal.annotations.JDK15AnnotationFinder.transform(JDK15AnnotationFinder.java:172)
	at org.testng.internal.annotations.JDK15AnnotationFinder.lambda$findAnnotation$0(JDK15AnnotationFinder.java:279)
	at java.base/java.util.concurrent.ConcurrentHashMap.computeIfAbsent(ConcurrentHashMap.java:1705)
	at org.testng.internal.annotations.JDK15AnnotationFinder.findAnnotation(JDK15AnnotationFinder.java:275)
	at org.testng.internal.annotations.JDK15AnnotationFinder.findAnnotation(JDK15AnnotationFinder.java:113)
	at org.testng.internal.TestNGClassFinder.isTestNGClass(TestNGClassFinder.java:275)
	at org.testng.internal.TestNGClassFinder.isNotTestNGClass(TestNGClassFinder.java:260)
	at org.testng.internal.TestNGClassFinder.processClass(TestNGClassFinder.java:94)
	at org.testng.internal.TestNGClassFinder.<init>(TestNGClassFinder.java:67)
	at org.testng.TestRunner.initMethods(TestRunner.java:442)
	at org.testng.TestRunner.init(TestRunner.java:336)
	at org.testng.TestRunner.init(TestRunner.java:289)
	at org.testng.TestRunner.<init>(TestRunner.java:179)
	at org.testng.SuiteRunner$DefaultTestRunnerFactory.newTestRunner(SuiteRunner.java:643)
	at org.testng.SuiteRunner.init(SuiteRunner.java:225)
	at org.testng.SuiteRunner.<init>(SuiteRunner.java:115)
	at org.testng.TestNG.createSuiteRunner(TestNG.java:1349)
	at org.testng.TestNG.createSuiteRunners(TestNG.java:1325)
	at org.testng.TestNG.runSuitesLocally(TestNG.java:1167)
	at org.testng.TestNG.runSuites(TestNG.java:1099)
	at org.testng.TestNG.run(TestNG.java:1067)
	at org.apache.maven.surefire.testng.TestNGExecutor.run(TestNGExecutor.java:324)
	at org.apache.maven.surefire.testng.TestNGXmlTestSuite.execute(TestNGXmlTestSuite.java:74)
	at org.apache.maven.surefire.testng.TestNGProvider.invoke(TestNGProvider.java:123)
	at org.apache.maven.surefire.booter.ForkedBooter.runSuitesInProcess(ForkedBooter.java:456)
	at org.apache.maven.surefire.booter.ForkedBooter.execute(ForkedBooter.java:169)
	at org.apache.maven.surefire.booter.ForkedBooter.run(ForkedBooter.java:595)
	at org.apache.maven.surefire.booter.ForkedBooter.main(ForkedBooter.java:581)

2023-02-13 11:57:16,440 main ERROR Unable to invoke factory method in class org.apache.logging.log4j.core.appender.RollingFileAppender for element RollingFile: java.lang.IllegalStateException: No factory method found for class org.apache.logging.log4j.core.appender.RollingFileAppender java.lang.IllegalStateException: No factory method found for class org.apache.logging.log4j.core.appender.RollingFileAppender
	at org.apache.logging.log4j.core.config.plugins.util.PluginBuilder.findFactoryMethod(PluginBuilder.java:260)
	at org.apache.logging.log4j.core.config.plugins.util.PluginBuilder.build(PluginBuilder.java:136)
	at org.apache.logging.log4j.core.config.AbstractConfiguration.createPluginObject(AbstractConfiguration.java:1138)
	at org.apache.logging.log4j.core.config.AbstractConfiguration.createConfiguration(AbstractConfiguration.java:1063)
	at org.apache.logging.log4j.core.appender.routing.RoutingAppender.createAppender(RoutingAppender.java:310)
	at org.apache.logging.log4j.core.appender.routing.RoutingAppender.getControl(RoutingAppender.java:282)
	at org.apache.logging.log4j.core.appender.routing.RoutingAppender.append(RoutingAppender.java:240)
	at org.apache.logging.log4j.core.config.AppenderControl.tryCallAppender(AppenderControl.java:161)
	at org.apache.logging.log4j.core.config.AppenderControl.callAppender0(AppenderControl.java:134)
	at org.apache.logging.log4j.core.config.AppenderControl.callAppenderPreventRecursion(AppenderControl.java:125)
	at org.apache.logging.log4j.core.config.AppenderControl.callAppender(AppenderControl.java:89)
	at org.apache.logging.log4j.core.config.LoggerConfig.callAppenders(LoggerConfig.java:683)
	at org.apache.logging.log4j.core.config.LoggerConfig.processLogEvent(LoggerConfig.java:641)
	at org.apache.logging.log4j.core.config.LoggerConfig.log(LoggerConfig.java:624)
	at org.apache.logging.log4j.core.config.LoggerConfig.log(LoggerConfig.java:560)
	at org.apache.logging.log4j.core.config.AwaitCompletionReliabilityStrategy.log(AwaitCompletionReliabilityStrategy.java:82)
	at org.apache.logging.log4j.core.Logger.log(Logger.java:162)
	at org.apache.logging.log4j.spi.AbstractLogger.logMessage(AbstractLogger.java:2106)
	at org.apache.logging.log4j.internal.DefaultLogBuilder.logMessage(DefaultLogBuilder.java:241)
	at org.apache.logging.log4j.internal.DefaultLogBuilder.log(DefaultLogBuilder.java:162)
	at org.apache.poi.ooxml.POIXMLFactory.createDocumentPart(POIXMLFactory.java:65)
	at org.apache.poi.ooxml.POIXMLDocumentPart.read(POIXMLDocumentPart.java:661)
	at org.apache.poi.ooxml.POIXMLDocumentPart.read(POIXMLDocumentPart.java:678)
	at org.apache.poi.ooxml.POIXMLDocument.load(POIXMLDocument.java:165)
	at org.apache.poi.xssf.usermodel.XSSFWorkbook.<init>(XSSFWorkbook.java:260)
	at org.apache.poi.xssf.usermodel.XSSFWorkbook.<init>(XSSFWorkbook.java:290)
	at org.apache.poi.xssf.usermodel.XSSFWorkbook.<init>(XSSFWorkbook.java:286)
	at externalResources.ExcelDataRead.<init>(ExcelDataRead.java:22)
	at listeners.AnnotationsTransformer.toBeExecuted(AnnotationsTransformer.java:36)
	at listeners.AnnotationsTransformer.transform(AnnotationsTransformer.java:24)
	at org.testng.internal.annotations.JDK15AnnotationFinder.transform(JDK15AnnotationFinder.java:172)
	at org.testng.internal.annotations.JDK15AnnotationFinder.lambda$findAnnotation$0(JDK15AnnotationFinder.java:279)
	at java.base/java.util.concurrent.ConcurrentHashMap.computeIfAbsent(ConcurrentHashMap.java:1705)
	at org.testng.internal.annotations.JDK15AnnotationFinder.findAnnotation(JDK15AnnotationFinder.java:275)
	at org.testng.internal.annotations.JDK15AnnotationFinder.findAnnotation(JDK15AnnotationFinder.java:113)
	at org.testng.internal.TestNGClassFinder.isTestNGClass(TestNGClassFinder.java:275)
	at org.testng.internal.TestNGClassFinder.isNotTestNGClass(TestNGClassFinder.java:260)
	at org.testng.internal.TestNGClassFinder.processClass(TestNGClassFinder.java:94)
	at org.testng.internal.TestNGClassFinder.<init>(TestNGClassFinder.java:67)
	at org.testng.TestRunner.initMethods(TestRunner.java:442)
	at org.testng.TestRunner.init(TestRunner.java:336)
	at org.testng.TestRunner.init(TestRunner.java:289)
	at org.testng.TestRunner.<init>(TestRunner.java:179)
	at org.testng.SuiteRunner$DefaultTestRunnerFactory.newTestRunner(SuiteRunner.java:643)
	at org.testng.SuiteRunner.init(SuiteRunner.java:225)
	at org.testng.SuiteRunner.<init>(SuiteRunner.java:115)
	at org.testng.TestNG.createSuiteRunner(TestNG.java:1349)
	at org.testng.TestNG.createSuiteRunners(TestNG.java:1325)
	at org.testng.TestNG.runSuitesLocally(TestNG.java:1167)
	at org.testng.TestNG.runSuites(TestNG.java:1099)
	at org.testng.TestNG.run(TestNG.java:1067)
	at org.apache.maven.surefire.testng.TestNGExecutor.run(TestNGExecutor.java:324)
	at org.apache.maven.surefire.testng.TestNGXmlTestSuite.execute(TestNGXmlTestSuite.java:74)
	at org.apache.maven.surefire.testng.TestNGProvider.invoke(TestNGProvider.java:123)
	at org.apache.maven.surefire.booter.ForkedBooter.runSuitesInProcess(ForkedBooter.java:456)
	at org.apache.maven.surefire.booter.ForkedBooter.execute(ForkedBooter.java:169)
	at org.apache.maven.surefire.booter.ForkedBooter.run(ForkedBooter.java:595)
	at org.apache.maven.surefire.booter.ForkedBooter.main(ForkedBooter.java:581)

rahul rajput
Male
Australia
]]></system-out>
    <system-err><![CDATA[SLF4J: Failed to load class "org.slf4j.impl.StaticLoggerBinder".
SLF4J: Defaulting to no-operation (NOP) logger implementation
SLF4J: See http://www.slf4j.org/codes.html#StaticLoggerBinder for further details.
]]></system-err>
  </testcase>
  <testcase name="form[{name=Rajput , country=Argentina, gender=Female}](2)" classname="excelConfigTest.ExcelTest" time="0.055">
    <system-out><![CDATA[Rajput 
Female
Argentina
]]></system-out>
  </testcase>
  <testcase name="form[{name=Planit rajput, country=Australia, gender=Male}](3)" classname="excelConfigTest.ExcelTest" time="0.067">
    <system-out><![CDATA[Planit rajput
Male
Australia
]]></system-out>
  </testcase>
  <testcase name="form[{name=Allt , country=Argentina, gender=Female}](4)" classname="excelConfigTest.ExcelTest" time="0.083">
    <system-out><![CDATA[Allt 
Female
Argentina
]]></system-out>
  </testcase>
  <testcase name="form[{name=Test, country=Australia, gender=Male}](5)" classname="excelConfigTest.ExcelTest" time="0.067">
    <system-out><![CDATA[Test
Male
Australia
]]></system-out>
  </testcase>
  <testcase name="form[{name=Amazing , country=Argentina, gender=Female}](6)" classname="excelConfigTest.ExcelTest" time="0.059">
    <system-out><![CDATA[Amazing 
Female
Argentina
]]></system-out>
  </testcase>
  <testcase name="tc_01" classname="excelConfigTest.ExcelTest" time="0.06">
    <system-out><![CDATA[To be run
]]></system-out>
  </testcase>
  <testcase name="tc_03" classname="excelConfigTest.ExcelTest" time="0.054">
    <system-out><![CDATA[To be run
]]></system-out>
  </testcase>
  <testcase name="testData" classname="excelConfigTest.ExcelTest" time="0.062">
    <system-out><![CDATA[com.androidsample.generalstore:id/nameField
]]></system-out>
  </testcase>
  <testcase name="fillFormNegativeTest" classname="generalStore.ECommerceTest_01" time="7.338">
    <failure message="expected [enter your name] but found [Please enter your name]" type="java.lang.AssertionError"><![CDATA[java.lang.AssertionError: expected [enter your name] but found [Please enter your name]
	at org.testng.Assert.fail(Assert.java:110)
	at org.testng.Assert.failNotEquals(Assert.java:1577)
	at org.testng.Assert.assertEqualsImpl(Assert.java:149)
	at org.testng.Assert.assertEquals(Assert.java:131)
	at org.testng.Assert.assertEquals(Assert.java:655)
	at org.testng.Assert.assertEquals(Assert.java:665)
	at generalStore.ECommerceTest_01.fillFormNegativeTest(ECommerceTest_01.java:50)
	at java.base/jdk.internal.reflect.NativeMethodAccessorImpl.invoke0(Native Method)
	at java.base/jdk.internal.reflect.NativeMethodAccessorImpl.invoke(NativeMethodAccessorImpl.java:62)
	at java.base/jdk.internal.reflect.DelegatingMethodAccessorImpl.invoke(DelegatingMethodAccessorImpl.java:43)
	at java.base/java.lang.reflect.Method.invoke(Method.java:566)
	at org.testng.internal.invokers.MethodInvocationHelper.invokeMethod(MethodInvocationHelper.java:139)
	at org.testng.internal.invokers.TestInvoker.invokeMethod(TestInvoker.java:677)
	at org.testng.internal.invokers.TestInvoker.invokeTestMethod(TestInvoker.java:221)
	at org.testng.internal.invokers.MethodRunner.runInSequence(MethodRunner.java:50)
	at org.testng.internal.invokers.TestInvoker$MethodInvocationAgent.invoke(TestInvoker.java:969)
	at org.testng.internal.invokers.TestInvoker.invokeTestMethods(TestInvoker.java:194)
	at org.testng.internal.invokers.TestMethodWorker.invokeTestMethods(TestMethodWorker.java:148)
	at org.testng.internal.invokers.TestMethodWorker.run(TestMethodWorker.java:128)
	at java.base/java.util.ArrayList.forEach(ArrayList.java:1541)
	at org.testng.TestRunner.privateRun(TestRunner.java:829)
	at org.testng.TestRunner.run(TestRunner.java:602)
	at org.testng.SuiteRunner.runTest(SuiteRunner.java:437)
	at org.testng.SuiteRunner.runSequentially(SuiteRunner.java:431)
	at org.testng.SuiteRunner.privateRun(SuiteRunner.java:391)
	at org.testng.SuiteRunner.run(SuiteRunner.java:330)
	at org.testng.SuiteRunnerWorker.runSuite(SuiteRunnerWorker.java:52)
	at org.testng.SuiteRunnerWorker.run(SuiteRunnerWorker.java:95)
	at org.testng.TestNG.runSuitesSequentially(TestNG.java:1256)
	at org.testng.TestNG.runSuitesLocally(TestNG.java:1176)
	at org.testng.TestNG.runSuites(TestNG.java:1099)
	at org.testng.TestNG.run(TestNG.java:1067)
	at org.apache.maven.surefire.testng.TestNGExecutor.run(TestNGExecutor.java:324)
	at org.apache.maven.surefire.testng.TestNGXmlTestSuite.execute(TestNGXmlTestSuite.java:74)
	at org.apache.maven.surefire.testng.TestNGProvider.invoke(TestNGProvider.java:123)
	at org.apache.maven.surefire.booter.ForkedBooter.runSuitesInProcess(ForkedBooter.java:456)
	at org.apache.maven.surefire.booter.ForkedBooter.execute(ForkedBooter.java:169)
	at org.apache.maven.surefire.booter.ForkedBooter.run(ForkedBooter.java:595)
	at org.apache.maven.surefire.booter.ForkedBooter.main(ForkedBooter.java:581)
]]></failure>
    <system-out><![CDATA[&amp#27;[35m[Appium]&amp#27;[39m Welcome to Appium v2.0.0-beta.48
&amp#27;[35m[Appium]&amp#27;[39m Non-default server args:
&amp#27;[35m[Appium]&amp#27;[39m { address: &amp#27;[32m'127.0.0.1'&amp#27;[39m }
&amp#27;[35m[Appium]&amp#27;[39m Attempting to load driver uiautomator2...
[debug] &amp#27;[35m[Appium]&amp#27;[39m Requiring driver at C:\Users\rrajput\.appium\node_modules\appium-uiautomator2-driver
&amp#27;[35m[Appium]&amp#27;[39m Appium REST http interface listener started on 127.0.0.1:4723
&amp#27;[35m[Appium]&amp#27;[39m Available drivers:
&amp#27;[35m[Appium]&amp#27;[39m   - uiautomator2@2.12.1 (automationName 'UiAutomator2')
&amp#27;[35m[Appium]&amp#27;[39m No plugins have been installed. Use the "appium plugin" command to install the one(s) you want to use.
&amp#27;[38;5;0m[HTTP]&amp#27;[0m &amp#27;[37m-->&amp#27;[39m &amp#27;[37mGET&amp#27;[39m &amp#27;[37m/status&amp#27;[39m
&amp#27;[38;5;0m[HTTP]&amp#27;[0m &amp#27;[90m{}&amp#27;[39m
[debug] &amp#27;[38;5;16m[AppiumDriver@3b8b]&amp#27;[0m Calling AppiumDriver.getStatus() with args: []
[debug] &amp#27;[38;5;16m[AppiumDriver@3b8b]&amp#27;[0m Responding to client with driver.getStatus() result: {"build":{"version":"2.0.0-beta.48"}}
&amp#27;[38;5;0m[HTTP]&amp#27;[0m &amp#27;[37m<-- GET /status &amp#27;[39m&amp#27;[32m200&amp#27;[39m &amp#27;[90m6 ms - 47&amp#27;[39m
&amp#27;[38;5;0m[HTTP]&amp#27;[0m &amp#27;[90m&amp#27;[39m
2023-02-13 11:57:29,202 AsyncHttpClient-1-2 ERROR Unable to create file ./results/logs/${ctx:threadName}.log java.io.IOException: The filename, directory name, or volume label syntax is incorrect
	at java.base/java.io.WinNTFileSystem.canonicalizeWithPrefix0(Native Method)
	at java.base/java.io.WinNTFileSystem.canonicalizeWithPrefix(WinNTFileSystem.java:506)
	at java.base/java.io.WinNTFileSystem.canonicalize(WinNTFileSystem.java:477)
	at java.base/java.io.File.getCanonicalPath(File.java:626)
	at java.base/java.io.File.getCanonicalFile(File.java:651)
	at org.apache.logging.log4j.core.util.FileUtils.makeParentDirs(FileUtils.java:139)
	at org.apache.logging.log4j.core.appender.rolling.RollingFileManager$RollingFileManagerFactory.createManager(RollingFileManager.java:734)
	at org.apache.logging.log4j.core.appender.rolling.RollingFileManager$RollingFileManagerFactory.createManager(RollingFileManager.java:718)
	at org.apache.logging.log4j.core.appender.AbstractManager.getManager(AbstractManager.java:144)
	at org.apache.logging.log4j.core.appender.OutputStreamManager.getManager(OutputStreamManager.java:100)
	at org.apache.logging.log4j.core.appender.rolling.RollingFileManager.getFileManager(RollingFileManager.java:217)
	at org.apache.logging.log4j.core.appender.RollingFileAppender$Builder.build(RollingFileAppender.java:135)
	at org.apache.logging.log4j.core.appender.RollingFileAppender$Builder.build(RollingFileAppender.java:62)
	at org.apache.logging.log4j.core.config.plugins.util.PluginBuilder.build(PluginBuilder.java:124)
	at org.apache.logging.log4j.core.config.AbstractConfiguration.createPluginObject(AbstractConfiguration.java:1138)
	at org.apache.logging.log4j.core.config.AbstractConfiguration.createConfiguration(AbstractConfiguration.java:1063)
	at org.apache.logging.log4j.core.appender.routing.RoutingAppender.createAppender(RoutingAppender.java:310)
	at org.apache.logging.log4j.core.appender.routing.RoutingAppender.getControl(RoutingAppender.java:282)
	at org.apache.logging.log4j.core.appender.routing.RoutingAppender.append(RoutingAppender.java:240)
	at org.apache.logging.log4j.core.config.AppenderControl.tryCallAppender(AppenderControl.java:161)
	at org.apache.logging.log4j.core.config.AppenderControl.callAppender0(AppenderControl.java:134)
	at org.apache.logging.log4j.core.config.AppenderControl.callAppenderPreventRecursion(AppenderControl.java:125)
	at org.apache.logging.log4j.core.config.AppenderControl.callAppender(AppenderControl.java:89)
	at org.apache.logging.log4j.core.config.LoggerConfig.callAppenders(LoggerConfig.java:683)
	at org.apache.logging.log4j.core.config.LoggerConfig.processLogEvent(LoggerConfig.java:641)
	at org.apache.logging.log4j.core.config.LoggerConfig.log(LoggerConfig.java:624)
	at org.apache.logging.log4j.core.config.LoggerConfig.log(LoggerConfig.java:531)
	at org.apache.logging.log4j.core.config.AwaitCompletionReliabilityStrategy.log(AwaitCompletionReliabilityStrategy.java:63)
	at org.apache.logging.log4j.core.Logger.logMessage(Logger.java:154)
	at org.apache.logging.log4j.spi.ExtendedLoggerWrapper.logMessage(ExtendedLoggerWrapper.java:222)
	at org.apache.logging.log4j.spi.AbstractLogger.log(AbstractLogger.java:2117)
	at org.apache.logging.log4j.spi.AbstractLogger.tryLogMessage(AbstractLogger.java:2205)
	at org.apache.logging.log4j.spi.AbstractLogger.logMessageTrackRecursion(AbstractLogger.java:2159)
	at org.apache.logging.log4j.spi.AbstractLogger.logMessageSafely(AbstractLogger.java:2142)
	at org.apache.logging.log4j.spi.AbstractLogger.logMessage(AbstractLogger.java:2040)
	at org.apache.logging.log4j.spi.AbstractLogger.logIfEnabled(AbstractLogger.java:1907)
	at org.apache.logging.log4j.spi.AbstractLogger.debug(AbstractLogger.java:458)
	at io.netty.buffer.AbstractByteBuf.<clinit>(AbstractByteBuf.java:63)
	at io.netty.buffer.UnpooledByteBufAllocator.newDirectBuffer(UnpooledByteBufAllocator.java:91)
	at io.netty.buffer.AbstractByteBufAllocator.directBuffer(AbstractByteBufAllocator.java:188)
	at io.netty.buffer.AbstractByteBufAllocator.directBuffer(AbstractByteBufAllocator.java:179)
	at io.netty.buffer.Unpooled.directBuffer(Unpooled.java:128)
	at io.netty.handler.codec.http.HttpObjectEncoder.<clinit>(HttpObjectEncoder.java:59)
	at io.netty.handler.codec.http.HttpClientCodec.<init>(HttpClientCodec.java:152)
	at io.netty.handler.codec.http.HttpClientCodec.<init>(HttpClientCodec.java:140)
	at io.netty.handler.codec.http.HttpClientCodec.<init>(HttpClientCodec.java:129)
	at io.netty.handler.codec.http.HttpClientCodec.<init>(HttpClientCodec.java:119)
	at org.asynchttpclient.netty.channel.ChannelManager.newHttpClientCodec(ChannelManager.java:332)
	at org.asynchttpclient.netty.channel.ChannelManager.access$100(ChannelManager.java:70)
	at org.asynchttpclient.netty.channel.ChannelManager$1.initChannel(ChannelManager.java:221)
	at io.netty.channel.ChannelInitializer.initChannel(ChannelInitializer.java:129)
	at io.netty.channel.ChannelInitializer.handlerAdded(ChannelInitializer.java:112)
	at io.netty.channel.AbstractChannelHandlerContext.callHandlerAdded(AbstractChannelHandlerContext.java:1114)
	at io.netty.channel.DefaultChannelPipeline.callHandlerAdded0(DefaultChannelPipeline.java:609)
	at io.netty.channel.DefaultChannelPipeline.access$100(DefaultChannelPipeline.java:46)
	at io.netty.channel.DefaultChannelPipeline$PendingHandlerAddedTask.execute(DefaultChannelPipeline.java:1463)
	at io.netty.channel.DefaultChannelPipeline.callHandlerAddedForAllHandlers(DefaultChannelPipeline.java:1115)
	at io.netty.channel.DefaultChannelPipeline.invokeHandlerAddedIfNeeded(DefaultChannelPipeline.java:650)
	at io.netty.channel.AbstractChannel$AbstractUnsafe.register0(AbstractChannel.java:514)
	at io.netty.channel.AbstractChannel$AbstractUnsafe.access$200(AbstractChannel.java:429)
	at io.netty.channel.AbstractChannel$AbstractUnsafe$1.run(AbstractChannel.java:486)
	at io.netty.util.concurrent.AbstractEventExecutor.runTask(AbstractEventExecutor.java:174)
	at io.netty.util.concurrent.AbstractEventExecutor.safeExecute(AbstractEventExecutor.java:167)
	at io.netty.util.concurrent.SingleThreadEventExecutor.runAllTasks(SingleThreadEventExecutor.java:470)
	at io.netty.channel.nio.NioEventLoop.run(NioEventLoop.java:569)
	at io.netty.util.concurrent.SingleThreadEventExecutor$4.run(SingleThreadEventExecutor.java:997)
	at io.netty.util.internal.ThreadExecutorMap$2.run(ThreadExecutorMap.java:74)
	at io.netty.util.concurrent.FastThreadLocalRunnable.run(FastThreadLocalRunnable.java:30)
	at java.base/java.lang.Thread.run(Thread.java:834)

2023-02-13 11:57:29,202 AsyncHttpClient-1-2 ERROR Could not create plugin of type class org.apache.logging.log4j.core.appender.RollingFileAppender for element RollingFile: java.lang.IllegalStateException: ManagerFactory [org.apache.logging.log4j.core.appender.rolling.RollingFileManager$RollingFileManagerFactory@4e6d7365] unable to create manager for [./results/logs/${ctx:threadName}.log] with data [org.apache.logging.log4j.core.appender.rolling.RollingFileManager$FactoryData@67d9c832[pattern=./results/logs/${ctx:threadName}-%d{yyyy-MM-dd}.log, append=true, bufferedIO=true, bufferSize=8192, policy=SizeBasedTriggeringPolicy(size=512000), strategy=DefaultRolloverStrategy(min=1, max=7, useMax=true), advertiseURI=null, layout=%d{HH:mm:ss.SSS} [%t] %-5level %logger{36} - %msg%n, filePermissions=null, fileOwner=null]] java.lang.IllegalStateException: ManagerFactory [org.apache.logging.log4j.core.appender.rolling.RollingFileManager$RollingFileManagerFactory@4e6d7365] unable to create manager for [./results/logs/${ctx:threadName}.log] with data [org.apache.logging.log4j.core.appender.rolling.RollingFileManager$FactoryData@67d9c832[pattern=./results/logs/${ctx:threadName}-%d{yyyy-MM-dd}.log, append=true, bufferedIO=true, bufferSize=8192, policy=SizeBasedTriggeringPolicy(size=512000), strategy=DefaultRolloverStrategy(min=1, max=7, useMax=true), advertiseURI=null, layout=%d{HH:mm:ss.SSS} [%t] %-5level %logger{36} - %msg%n, filePermissions=null, fileOwner=null]]
	at org.apache.logging.log4j.core.appender.AbstractManager.getManager(AbstractManager.java:146)
	at org.apache.logging.log4j.core.appender.OutputStreamManager.getManager(OutputStreamManager.java:100)
	at org.apache.logging.log4j.core.appender.rolling.RollingFileManager.getFileManager(RollingFileManager.java:217)
	at org.apache.logging.log4j.core.appender.RollingFileAppender$Builder.build(RollingFileAppender.java:135)
	at org.apache.logging.log4j.core.appender.RollingFileAppender$Builder.build(RollingFileAppender.java:62)
	at org.apache.logging.log4j.core.config.plugins.util.PluginBuilder.build(PluginBuilder.java:124)
	at org.apache.logging.log4j.core.config.AbstractConfiguration.createPluginObject(AbstractConfiguration.java:1138)
	at org.apache.logging.log4j.core.config.AbstractConfiguration.createConfiguration(AbstractConfiguration.java:1063)
	at org.apache.logging.log4j.core.appender.routing.RoutingAppender.createAppender(RoutingAppender.java:310)
	at org.apache.logging.log4j.core.appender.routing.RoutingAppender.getControl(RoutingAppender.java:282)
	at org.apache.logging.log4j.core.appender.routing.RoutingAppender.append(RoutingAppender.java:240)
	at org.apache.logging.log4j.core.config.AppenderControl.tryCallAppender(AppenderControl.java:161)
	at org.apache.logging.log4j.core.config.AppenderControl.callAppender0(AppenderControl.java:134)
	at org.apache.logging.log4j.core.config.AppenderControl.callAppenderPreventRecursion(AppenderControl.java:125)
	at org.apache.logging.log4j.core.config.AppenderControl.callAppender(AppenderControl.java:89)
	at org.apache.logging.log4j.core.config.LoggerConfig.callAppenders(LoggerConfig.java:683)
	at org.apache.logging.log4j.core.config.LoggerConfig.processLogEvent(LoggerConfig.java:641)
	at org.apache.logging.log4j.core.config.LoggerConfig.log(LoggerConfig.java:624)
	at org.apache.logging.log4j.core.config.LoggerConfig.log(LoggerConfig.java:531)
	at org.apache.logging.log4j.core.config.AwaitCompletionReliabilityStrategy.log(AwaitCompletionReliabilityStrategy.java:63)
	at org.apache.logging.log4j.core.Logger.logMessage(Logger.java:154)
	at org.apache.logging.log4j.spi.ExtendedLoggerWrapper.logMessage(ExtendedLoggerWrapper.java:222)
	at org.apache.logging.log4j.spi.AbstractLogger.log(AbstractLogger.java:2117)
	at org.apache.logging.log4j.spi.AbstractLogger.tryLogMessage(AbstractLogger.java:2205)
	at org.apache.logging.log4j.spi.AbstractLogger.logMessageTrackRecursion(AbstractLogger.java:2159)
	at org.apache.logging.log4j.spi.AbstractLogger.logMessageSafely(AbstractLogger.java:2142)
	at org.apache.logging.log4j.spi.AbstractLogger.logMessage(AbstractLogger.java:2040)
	at org.apache.logging.log4j.spi.AbstractLogger.logIfEnabled(AbstractLogger.java:1907)
	at org.apache.logging.log4j.spi.AbstractLogger.debug(AbstractLogger.java:458)
	at io.netty.buffer.AbstractByteBuf.<clinit>(AbstractByteBuf.java:63)
	at io.netty.buffer.UnpooledByteBufAllocator.newDirectBuffer(UnpooledByteBufAllocator.java:91)
	at io.netty.buffer.AbstractByteBufAllocator.directBuffer(AbstractByteBufAllocator.java:188)
	at io.netty.buffer.AbstractByteBufAllocator.directBuffer(AbstractByteBufAllocator.java:179)
	at io.netty.buffer.Unpooled.directBuffer(Unpooled.java:128)
	at io.netty.handler.codec.http.HttpObjectEncoder.<clinit>(HttpObjectEncoder.java:59)
	at io.netty.handler.codec.http.HttpClientCodec.<init>(HttpClientCodec.java:152)
	at io.netty.handler.codec.http.HttpClientCodec.<init>(HttpClientCodec.java:140)
	at io.netty.handler.codec.http.HttpClientCodec.<init>(HttpClientCodec.java:129)
	at io.netty.handler.codec.http.HttpClientCodec.<init>(HttpClientCodec.java:119)
	at org.asynchttpclient.netty.channel.ChannelManager.newHttpClientCodec(ChannelManager.java:332)
	at org.asynchttpclient.netty.channel.ChannelManager.access$100(ChannelManager.java:70)
	at org.asynchttpclient.netty.channel.ChannelManager$1.initChannel(ChannelManager.java:221)
	at io.netty.channel.ChannelInitializer.initChannel(ChannelInitializer.java:129)
	at io.netty.channel.ChannelInitializer.handlerAdded(ChannelInitializer.java:112)
	at io.netty.channel.AbstractChannelHandlerContext.callHandlerAdded(AbstractChannelHandlerContext.java:1114)
	at io.netty.channel.DefaultChannelPipeline.callHandlerAdded0(DefaultChannelPipeline.java:609)
	at io.netty.channel.DefaultChannelPipeline.access$100(DefaultChannelPipeline.java:46)
	at io.netty.channel.DefaultChannelPipeline$PendingHandlerAddedTask.execute(DefaultChannelPipeline.java:1463)
	at io.netty.channel.DefaultChannelPipeline.callHandlerAddedForAllHandlers(DefaultChannelPipeline.java:1115)
	at io.netty.channel.DefaultChannelPipeline.invokeHandlerAddedIfNeeded(DefaultChannelPipeline.java:650)
	at io.netty.channel.AbstractChannel$AbstractUnsafe.register0(AbstractChannel.java:514)
	at io.netty.channel.AbstractChannel$AbstractUnsafe.access$200(AbstractChannel.java:429)
	at io.netty.channel.AbstractChannel$AbstractUnsafe$1.run(AbstractChannel.java:486)
	at io.netty.util.concurrent.AbstractEventExecutor.runTask(AbstractEventExecutor.java:174)
	at io.netty.util.concurrent.AbstractEventExecutor.safeExecute(AbstractEventExecutor.java:167)
	at io.netty.util.concurrent.SingleThreadEventExecutor.runAllTasks(SingleThreadEventExecutor.java:470)
	at io.netty.channel.nio.NioEventLoop.run(NioEventLoop.java:569)
	at io.netty.util.concurrent.SingleThreadEventExecutor$4.run(SingleThreadEventExecutor.java:997)
	at io.netty.util.internal.ThreadExecutorMap$2.run(ThreadExecutorMap.java:74)
	at io.netty.util.concurrent.FastThreadLocalRunnable.run(FastThreadLocalRunnable.java:30)
	at java.base/java.lang.Thread.run(Thread.java:834)

2023-02-13 11:57:29,203 AsyncHttpClient-1-2 ERROR Unable to invoke factory method in class org.apache.logging.log4j.core.appender.RollingFileAppender for element RollingFile: java.lang.IllegalStateException: No factory method found for class org.apache.logging.log4j.core.appender.RollingFileAppender java.lang.IllegalStateException: No factory method found for class org.apache.logging.log4j.core.appender.RollingFileAppender
	at org.apache.logging.log4j.core.config.plugins.util.PluginBuilder.findFactoryMethod(PluginBuilder.java:260)
	at org.apache.logging.log4j.core.config.plugins.util.PluginBuilder.build(PluginBuilder.java:136)
	at org.apache.logging.log4j.core.config.AbstractConfiguration.createPluginObject(AbstractConfiguration.java:1138)
	at org.apache.logging.log4j.core.config.AbstractConfiguration.createConfiguration(AbstractConfiguration.java:1063)
	at org.apache.logging.log4j.core.appender.routing.RoutingAppender.createAppender(RoutingAppender.java:310)
	at org.apache.logging.log4j.core.appender.routing.RoutingAppender.getControl(RoutingAppender.java:282)
	at org.apache.logging.log4j.core.appender.routing.RoutingAppender.append(RoutingAppender.java:240)
	at org.apache.logging.log4j.core.config.AppenderControl.tryCallAppender(AppenderControl.java:161)
	at org.apache.logging.log4j.core.config.AppenderControl.callAppender0(AppenderControl.java:134)
	at org.apache.logging.log4j.core.config.AppenderControl.callAppenderPreventRecursion(AppenderControl.java:125)
	at org.apache.logging.log4j.core.config.AppenderControl.callAppender(AppenderControl.java:89)
	at org.apache.logging.log4j.core.config.LoggerConfig.callAppenders(LoggerConfig.java:683)
	at org.apache.logging.log4j.core.config.LoggerConfig.processLogEvent(LoggerConfig.java:641)
	at org.apache.logging.log4j.core.config.LoggerConfig.log(LoggerConfig.java:624)
	at org.apache.logging.log4j.core.config.LoggerConfig.log(LoggerConfig.java:531)
	at org.apache.logging.log4j.core.config.AwaitCompletionReliabilityStrategy.log(AwaitCompletionReliabilityStrategy.java:63)
	at org.apache.logging.log4j.core.Logger.logMessage(Logger.java:154)
	at org.apache.logging.log4j.spi.ExtendedLoggerWrapper.logMessage(ExtendedLoggerWrapper.java:222)
	at org.apache.logging.log4j.spi.AbstractLogger.log(AbstractLogger.java:2117)
	at org.apache.logging.log4j.spi.AbstractLogger.tryLogMessage(AbstractLogger.java:2205)
	at org.apache.logging.log4j.spi.AbstractLogger.logMessageTrackRecursion(AbstractLogger.java:2159)
	at org.apache.logging.log4j.spi.AbstractLogger.logMessageSafely(AbstractLogger.java:2142)
	at org.apache.logging.log4j.spi.AbstractLogger.logMessage(AbstractLogger.java:2040)
	at org.apache.logging.log4j.spi.AbstractLogger.logIfEnabled(AbstractLogger.java:1907)
	at org.apache.logging.log4j.spi.AbstractLogger.debug(AbstractLogger.java:458)
	at io.netty.buffer.AbstractByteBuf.<clinit>(AbstractByteBuf.java:63)
	at io.netty.buffer.UnpooledByteBufAllocator.newDirectBuffer(UnpooledByteBufAllocator.java:91)
	at io.netty.buffer.AbstractByteBufAllocator.directBuffer(AbstractByteBufAllocator.java:188)
	at io.netty.buffer.AbstractByteBufAllocator.directBuffer(AbstractByteBufAllocator.java:179)
	at io.netty.buffer.Unpooled.directBuffer(Unpooled.java:128)
	at io.netty.handler.codec.http.HttpObjectEncoder.<clinit>(HttpObjectEncoder.java:59)
	at io.netty.handler.codec.http.HttpClientCodec.<init>(HttpClientCodec.java:152)
	at io.netty.handler.codec.http.HttpClientCodec.<init>(HttpClientCodec.java:140)
	at io.netty.handler.codec.http.HttpClientCodec.<init>(HttpClientCodec.java:129)
	at io.netty.handler.codec.http.HttpClientCodec.<init>(HttpClientCodec.java:119)
	at org.asynchttpclient.netty.channel.ChannelManager.newHttpClientCodec(ChannelManager.java:332)
	at org.asynchttpclient.netty.channel.ChannelManager.access$100(ChannelManager.java:70)
	at org.asynchttpclient.netty.channel.ChannelManager$1.initChannel(ChannelManager.java:221)
	at io.netty.channel.ChannelInitializer.initChannel(ChannelInitializer.java:129)
	at io.netty.channel.ChannelInitializer.handlerAdded(ChannelInitializer.java:112)
	at io.netty.channel.AbstractChannelHandlerContext.callHandlerAdded(AbstractChannelHandlerContext.java:1114)
	at io.netty.channel.DefaultChannelPipeline.callHandlerAdded0(DefaultChannelPipeline.java:609)
	at io.netty.channel.DefaultChannelPipeline.access$100(DefaultChannelPipeline.java:46)
	at io.netty.channel.DefaultChannelPipeline$PendingHandlerAddedTask.execute(DefaultChannelPipeline.java:1463)
	at io.netty.channel.DefaultChannelPipeline.callHandlerAddedForAllHandlers(DefaultChannelPipeline.java:1115)
	at io.netty.channel.DefaultChannelPipeline.invokeHandlerAddedIfNeeded(DefaultChannelPipeline.java:650)
	at io.netty.channel.AbstractChannel$AbstractUnsafe.register0(AbstractChannel.java:514)
	at io.netty.channel.AbstractChannel$AbstractUnsafe.access$200(AbstractChannel.java:429)
	at io.netty.channel.AbstractChannel$AbstractUnsafe$1.run(AbstractChannel.java:486)
	at io.netty.util.concurrent.AbstractEventExecutor.runTask(AbstractEventExecutor.java:174)
	at io.netty.util.concurrent.AbstractEventExecutor.safeExecute(AbstractEventExecutor.java:167)
	at io.netty.util.concurrent.SingleThreadEventExecutor.runAllTasks(SingleThreadEventExecutor.java:470)
	at io.netty.channel.nio.NioEventLoop.run(NioEventLoop.java:569)
	at io.netty.util.concurrent.SingleThreadEventExecutor$4.run(SingleThreadEventExecutor.java:997)
	at io.netty.util.internal.ThreadExecutorMap$2.run(ThreadExecutorMap.java:74)
	at io.netty.util.concurrent.FastThreadLocalRunnable.run(FastThreadLocalRunnable.java:30)
	at java.base/java.lang.Thread.run(Thread.java:834)

2023-02-13 11:57:29,203 AsyncHttpClient-1-2 ERROR Unable to create file ./results/logs/${ctx:threadName}.log java.io.IOException: The filename, directory name, or volume label syntax is incorrect
	at java.base/java.io.WinNTFileSystem.canonicalizeWithPrefix0(Native Method)
	at java.base/java.io.WinNTFileSystem.canonicalizeWithPrefix(WinNTFileSystem.java:506)
	at java.base/java.io.WinNTFileSystem.canonicalize(WinNTFileSystem.java:477)
	at java.base/java.io.File.getCanonicalPath(File.java:626)
	at java.base/java.io.File.getCanonicalFile(File.java:651)
	at org.apache.logging.log4j.core.util.FileUtils.makeParentDirs(FileUtils.java:139)
	at org.apache.logging.log4j.core.appender.rolling.RollingFileManager$RollingFileManagerFactory.createManager(RollingFileManager.java:734)
	at org.apache.logging.log4j.core.appender.rolling.RollingFileManager$RollingFileManagerFactory.createManager(RollingFileManager.java:718)
	at org.apache.logging.log4j.core.appender.AbstractManager.getManager(AbstractManager.java:144)
	at org.apache.logging.log4j.core.appender.OutputStreamManager.getManager(OutputStreamManager.java:100)
	at org.apache.logging.log4j.core.appender.rolling.RollingFileManager.getFileManager(RollingFileManager.java:217)
	at org.apache.logging.log4j.core.appender.RollingFileAppender$Builder.build(RollingFileAppender.java:135)
	at org.apache.logging.log4j.core.appender.RollingFileAppender$Builder.build(RollingFileAppender.java:62)
	at org.apache.logging.log4j.core.config.plugins.util.PluginBuilder.build(PluginBuilder.java:124)
	at org.apache.logging.log4j.core.config.AbstractConfiguration.createPluginObject(AbstractConfiguration.java:1138)
	at org.apache.logging.log4j.core.config.AbstractConfiguration.createConfiguration(AbstractConfiguration.java:1063)
	at org.apache.logging.log4j.core.appender.routing.RoutingAppender.createAppender(RoutingAppender.java:310)
	at org.apache.logging.log4j.core.appender.routing.RoutingAppender.getControl(RoutingAppender.java:282)
	at org.apache.logging.log4j.core.appender.routing.RoutingAppender.append(RoutingAppender.java:240)
	at org.apache.logging.log4j.core.config.AppenderControl.tryCallAppender(AppenderControl.java:161)
	at org.apache.logging.log4j.core.config.AppenderControl.callAppender0(AppenderControl.java:134)
	at org.apache.logging.log4j.core.config.AppenderControl.callAppenderPreventRecursion(AppenderControl.java:125)
	at org.apache.logging.log4j.core.config.AppenderControl.callAppender(AppenderControl.java:89)
	at org.apache.logging.log4j.core.config.LoggerConfig.callAppenders(LoggerConfig.java:683)
	at org.apache.logging.log4j.core.config.LoggerConfig.processLogEvent(LoggerConfig.java:641)
	at org.apache.logging.log4j.core.config.LoggerConfig.log(LoggerConfig.java:624)
	at org.apache.logging.log4j.core.config.LoggerConfig.log(LoggerConfig.java:531)
	at org.apache.logging.log4j.core.config.AwaitCompletionReliabilityStrategy.log(AwaitCompletionReliabilityStrategy.java:63)
	at org.apache.logging.log4j.core.Logger.logMessage(Logger.java:154)
	at org.apache.logging.log4j.spi.ExtendedLoggerWrapper.logMessage(ExtendedLoggerWrapper.java:222)
	at org.apache.logging.log4j.spi.AbstractLogger.log(AbstractLogger.java:2117)
	at org.apache.logging.log4j.spi.AbstractLogger.tryLogMessage(AbstractLogger.java:2205)
	at org.apache.logging.log4j.spi.AbstractLogger.logMessageTrackRecursion(AbstractLogger.java:2159)
	at org.apache.logging.log4j.spi.AbstractLogger.logMessageSafely(AbstractLogger.java:2142)
	at org.apache.logging.log4j.spi.AbstractLogger.logMessage(AbstractLogger.java:2040)
	at org.apache.logging.log4j.spi.AbstractLogger.logIfEnabled(AbstractLogger.java:1907)
	at org.apache.logging.log4j.spi.AbstractLogger.debug(AbstractLogger.java:458)
	at io.netty.buffer.AbstractByteBuf.<clinit>(AbstractByteBuf.java:64)
	at io.netty.buffer.UnpooledByteBufAllocator.newDirectBuffer(UnpooledByteBufAllocator.java:91)
	at io.netty.buffer.AbstractByteBufAllocator.directBuffer(AbstractByteBufAllocator.java:188)
	at io.netty.buffer.AbstractByteBufAllocator.directBuffer(AbstractByteBufAllocator.java:179)
	at io.netty.buffer.Unpooled.directBuffer(Unpooled.java:128)
	at io.netty.handler.codec.http.HttpObjectEncoder.<clinit>(HttpObjectEncoder.java:59)
	at io.netty.handler.codec.http.HttpClientCodec.<init>(HttpClientCodec.java:152)
	at io.netty.handler.codec.http.HttpClientCodec.<init>(HttpClientCodec.java:140)
	at io.netty.handler.codec.http.HttpClientCodec.<init>(HttpClientCodec.java:129)
	at io.netty.handler.codec.http.HttpClientCodec.<init>(HttpClientCodec.java:119)
	at org.asynchttpclient.netty.channel.ChannelManager.newHttpClientCodec(ChannelManager.java:332)
	at org.asynchttpclient.netty.channel.ChannelManager.access$100(ChannelManager.java:70)
	at org.asynchttpclient.netty.channel.ChannelManager$1.initChannel(ChannelManager.java:221)
	at io.netty.channel.ChannelInitializer.initChannel(ChannelInitializer.java:129)
	at io.netty.channel.ChannelInitializer.handlerAdded(ChannelInitializer.java:112)
	at io.netty.channel.AbstractChannelHandlerContext.callHandlerAdded(AbstractChannelHandlerContext.java:1114)
	at io.netty.channel.DefaultChannelPipeline.callHandlerAdded0(DefaultChannelPipeline.java:609)
	at io.netty.channel.DefaultChannelPipeline.access$100(DefaultChannelPipeline.java:46)
	at io.netty.channel.DefaultChannelPipeline$PendingHandlerAddedTask.execute(DefaultChannelPipeline.java:1463)
	at io.netty.channel.DefaultChannelPipeline.callHandlerAddedForAllHandlers(DefaultChannelPipeline.java:1115)
	at io.netty.channel.DefaultChannelPipeline.invokeHandlerAddedIfNeeded(DefaultChannelPipeline.java:650)
	at io.netty.channel.AbstractChannel$AbstractUnsafe.register0(AbstractChannel.java:514)
	at io.netty.channel.AbstractChannel$AbstractUnsafe.access$200(AbstractChannel.java:429)
	at io.netty.channel.AbstractChannel$AbstractUnsafe$1.run(AbstractChannel.java:486)
	at io.netty.util.concurrent.AbstractEventExecutor.runTask(AbstractEventExecutor.java:174)
	at io.netty.util.concurrent.AbstractEventExecutor.safeExecute(AbstractEventExecutor.java:167)
	at io.netty.util.concurrent.SingleThreadEventExecutor.runAllTasks(SingleThreadEventExecutor.java:470)
	at io.netty.channel.nio.NioEventLoop.run(NioEventLoop.java:569)
	at io.netty.util.concurrent.SingleThreadEventExecutor$4.run(SingleThreadEventExecutor.java:997)
	at io.netty.util.internal.ThreadExecutorMap$2.run(ThreadExecutorMap.java:74)
	at io.netty.util.concurrent.FastThreadLocalRunnable.run(FastThreadLocalRunnable.java:30)
	at java.base/java.lang.Thread.run(Thread.java:834)

2023-02-13 11:57:29,203 AsyncHttpClient-1-2 ERROR Could not create plugin of type class org.apache.logging.log4j.core.appender.RollingFileAppender for element RollingFile: java.lang.IllegalStateException: ManagerFactory [org.apache.logging.log4j.core.appender.rolling.RollingFileManager$RollingFileManagerFactory@4e6d7365] unable to create manager for [./results/logs/${ctx:threadName}.log] with data [org.apache.logging.log4j.core.appender.rolling.RollingFileManager$FactoryData@ab1a23a[pattern=./results/logs/${ctx:threadName}-%d{yyyy-MM-dd}.log, append=true, bufferedIO=true, bufferSize=8192, policy=SizeBasedTriggeringPolicy(size=512000), strategy=DefaultRolloverStrategy(min=1, max=7, useMax=true), advertiseURI=null, layout=%d{HH:mm:ss.SSS} [%t] %-5level %logger{36} - %msg%n, filePermissions=null, fileOwner=null]] java.lang.IllegalStateException: ManagerFactory [org.apache.logging.log4j.core.appender.rolling.RollingFileManager$RollingFileManagerFactory@4e6d7365] unable to create manager for [./results/logs/${ctx:threadName}.log] with data [org.apache.logging.log4j.core.appender.rolling.RollingFileManager$FactoryData@ab1a23a[pattern=./results/logs/${ctx:threadName}-%d{yyyy-MM-dd}.log, append=true, bufferedIO=true, bufferSize=8192, policy=SizeBasedTriggeringPolicy(size=512000), strategy=DefaultRolloverStrategy(min=1, max=7, useMax=true), advertiseURI=null, layout=%d{HH:mm:ss.SSS} [%t] %-5level %logger{36} - %msg%n, filePermissions=null, fileOwner=null]]
	at org.apache.logging.log4j.core.appender.AbstractManager.getManager(AbstractManager.java:146)
	at org.apache.logging.log4j.core.appender.OutputStreamManager.getManager(OutputStreamManager.java:100)
	at org.apache.logging.log4j.core.appender.rolling.RollingFileManager.getFileManager(RollingFileManager.java:217)
	at org.apache.logging.log4j.core.appender.RollingFileAppender$Builder.build(RollingFileAppender.java:135)
	at org.apache.logging.log4j.core.appender.RollingFileAppender$Builder.build(RollingFileAppender.java:62)
	at org.apache.logging.log4j.core.config.plugins.util.PluginBuilder.build(PluginBuilder.java:124)
	at org.apache.logging.log4j.core.config.AbstractConfiguration.createPluginObject(AbstractConfiguration.java:1138)
	at org.apache.logging.log4j.core.config.AbstractConfiguration.createConfiguration(AbstractConfiguration.java:1063)
	at org.apache.logging.log4j.core.appender.routing.RoutingAppender.createAppender(RoutingAppender.java:310)
	at org.apache.logging.log4j.core.appender.routing.RoutingAppender.getControl(RoutingAppender.java:282)
	at org.apache.logging.log4j.core.appender.routing.RoutingAppender.append(RoutingAppender.java:240)
	at org.apache.logging.log4j.core.config.AppenderControl.tryCallAppender(AppenderControl.java:161)
	at org.apache.logging.log4j.core.config.AppenderControl.callAppender0(AppenderControl.java:134)
	at org.apache.logging.log4j.core.config.AppenderControl.callAppenderPreventRecursion(AppenderControl.java:125)
	at org.apache.logging.log4j.core.config.AppenderControl.callAppender(AppenderControl.java:89)
	at org.apache.logging.log4j.core.config.LoggerConfig.callAppenders(LoggerConfig.java:683)
	at org.apache.logging.log4j.core.config.LoggerConfig.processLogEvent(LoggerConfig.java:641)
	at org.apache.logging.log4j.core.config.LoggerConfig.log(LoggerConfig.java:624)
	at org.apache.logging.log4j.core.config.LoggerConfig.log(LoggerConfig.java:531)
	at org.apache.logging.log4j.core.config.AwaitCompletionReliabilityStrategy.log(AwaitCompletionReliabilityStrategy.java:63)
	at org.apache.logging.log4j.core.Logger.logMessage(Logger.java:154)
	at org.apache.logging.log4j.spi.ExtendedLoggerWrapper.logMessage(ExtendedLoggerWrapper.java:222)
	at org.apache.logging.log4j.spi.AbstractLogger.log(AbstractLogger.java:2117)
	at org.apache.logging.log4j.spi.AbstractLogger.tryLogMessage(AbstractLogger.java:2205)
	at org.apache.logging.log4j.spi.AbstractLogger.logMessageTrackRecursion(AbstractLogger.java:2159)
	at org.apache.logging.log4j.spi.AbstractLogger.logMessageSafely(AbstractLogger.java:2142)
	at org.apache.logging.log4j.spi.AbstractLogger.logMessage(AbstractLogger.java:2040)
	at org.apache.logging.log4j.spi.AbstractLogger.logIfEnabled(AbstractLogger.java:1907)
	at org.apache.logging.log4j.spi.AbstractLogger.debug(AbstractLogger.java:458)
	at io.netty.buffer.AbstractByteBuf.<clinit>(AbstractByteBuf.java:64)
	at io.netty.buffer.UnpooledByteBufAllocator.newDirectBuffer(UnpooledByteBufAllocator.java:91)
	at io.netty.buffer.AbstractByteBufAllocator.directBuffer(AbstractByteBufAllocator.java:188)
	at io.netty.buffer.AbstractByteBufAllocator.directBuffer(AbstractByteBufAllocator.java:179)
	at io.netty.buffer.Unpooled.directBuffer(Unpooled.java:128)
	at io.netty.handler.codec.http.HttpObjectEncoder.<clinit>(HttpObjectEncoder.java:59)
	at io.netty.handler.codec.http.HttpClientCodec.<init>(HttpClientCodec.java:152)
	at io.netty.handler.codec.http.HttpClientCodec.<init>(HttpClientCodec.java:140)
	at io.netty.handler.codec.http.HttpClientCodec.<init>(HttpClientCodec.java:129)
	at io.netty.handler.codec.http.HttpClientCodec.<init>(HttpClientCodec.java:119)
	at org.asynchttpclient.netty.channel.ChannelManager.newHttpClientCodec(ChannelManager.java:332)
	at org.asynchttpclient.netty.channel.ChannelManager.access$100(ChannelManager.java:70)
	at org.asynchttpclient.netty.channel.ChannelManager$1.initChannel(ChannelManager.java:221)
	at io.netty.channel.ChannelInitializer.initChannel(ChannelInitializer.java:129)
	at io.netty.channel.ChannelInitializer.handlerAdded(ChannelInitializer.java:112)
	at io.netty.channel.AbstractChannelHandlerContext.callHandlerAdded(AbstractChannelHandlerContext.java:1114)
	at io.netty.channel.DefaultChannelPipeline.callHandlerAdded0(DefaultChannelPipeline.java:609)
	at io.netty.channel.DefaultChannelPipeline.access$100(DefaultChannelPipeline.java:46)
	at io.netty.channel.DefaultChannelPipeline$PendingHandlerAddedTask.execute(DefaultChannelPipeline.java:1463)
	at io.netty.channel.DefaultChannelPipeline.callHandlerAddedForAllHandlers(DefaultChannelPipeline.java:1115)
	at io.netty.channel.DefaultChannelPipeline.invokeHandlerAddedIfNeeded(DefaultChannelPipeline.java:650)
	at io.netty.channel.AbstractChannel$AbstractUnsafe.register0(AbstractChannel.java:514)
	at io.netty.channel.AbstractChannel$AbstractUnsafe.access$200(AbstractChannel.java:429)
	at io.netty.channel.AbstractChannel$AbstractUnsafe$1.run(AbstractChannel.java:486)
	at io.netty.util.concurrent.AbstractEventExecutor.runTask(AbstractEventExecutor.java:174)
	at io.netty.util.concurrent.AbstractEventExecutor.safeExecute(AbstractEventExecutor.java:167)
	at io.netty.util.concurrent.SingleThreadEventExecutor.runAllTasks(SingleThreadEventExecutor.java:470)
	at io.netty.channel.nio.NioEventLoop.run(NioEventLoop.java:569)
	at io.netty.util.concurrent.SingleThreadEventExecutor$4.run(SingleThreadEventExecutor.java:997)
	at io.netty.util.internal.ThreadExecutorMap$2.run(ThreadExecutorMap.java:74)
	at io.netty.util.concurrent.FastThreadLocalRunnable.run(FastThreadLocalRunnable.java:30)
	at java.base/java.lang.Thread.run(Thread.java:834)

2023-02-13 11:57:29,204 AsyncHttpClient-1-2 ERROR Unable to invoke factory method in class org.apache.logging.log4j.core.appender.RollingFileAppender for element RollingFile: java.lang.IllegalStateException: No factory method found for class org.apache.logging.log4j.core.appender.RollingFileAppender java.lang.IllegalStateException: No factory method found for class org.apache.logging.log4j.core.appender.RollingFileAppender
	at org.apache.logging.log4j.core.config.plugins.util.PluginBuilder.findFactoryMethod(PluginBuilder.java:260)
	at org.apache.logging.log4j.core.config.plugins.util.PluginBuilder.build(PluginBuilder.java:136)
	at org.apache.logging.log4j.core.config.AbstractConfiguration.createPluginObject(AbstractConfiguration.java:1138)
	at org.apache.logging.log4j.core.config.AbstractConfiguration.createConfiguration(AbstractConfiguration.java:1063)
	at org.apache.logging.log4j.core.appender.routing.RoutingAppender.createAppender(RoutingAppender.java:310)
	at org.apache.logging.log4j.core.appender.routing.RoutingAppender.getControl(RoutingAppender.java:282)
	at org.apache.logging.log4j.core.appender.routing.RoutingAppender.append(RoutingAppender.java:240)
	at org.apache.logging.log4j.core.config.AppenderControl.tryCallAppender(AppenderControl.java:161)
	at org.apache.logging.log4j.core.config.AppenderControl.callAppender0(AppenderControl.java:134)
	at org.apache.logging.log4j.core.config.AppenderControl.callAppenderPreventRecursion(AppenderControl.java:125)
	at org.apache.logging.log4j.core.config.AppenderControl.callAppender(AppenderControl.java:89)
	at org.apache.logging.log4j.core.config.LoggerConfig.callAppenders(LoggerConfig.java:683)
	at org.apache.logging.log4j.core.config.LoggerConfig.processLogEvent(LoggerConfig.java:641)
	at org.apache.logging.log4j.core.config.LoggerConfig.log(LoggerConfig.java:624)
	at org.apache.logging.log4j.core.config.LoggerConfig.log(LoggerConfig.java:531)
	at org.apache.logging.log4j.core.config.AwaitCompletionReliabilityStrategy.log(AwaitCompletionReliabilityStrategy.java:63)
	at org.apache.logging.log4j.core.Logger.logMessage(Logger.java:154)
	at org.apache.logging.log4j.spi.ExtendedLoggerWrapper.logMessage(ExtendedLoggerWrapper.java:222)
	at org.apache.logging.log4j.spi.AbstractLogger.log(AbstractLogger.java:2117)
	at org.apache.logging.log4j.spi.AbstractLogger.tryLogMessage(AbstractLogger.java:2205)
	at org.apache.logging.log4j.spi.AbstractLogger.logMessageTrackRecursion(AbstractLogger.java:2159)
	at org.apache.logging.log4j.spi.AbstractLogger.logMessageSafely(AbstractLogger.java:2142)
	at org.apache.logging.log4j.spi.AbstractLogger.logMessage(AbstractLogger.java:2040)
	at org.apache.logging.log4j.spi.AbstractLogger.logIfEnabled(AbstractLogger.java:1907)
	at org.apache.logging.log4j.spi.AbstractLogger.debug(AbstractLogger.java:458)
	at io.netty.buffer.AbstractByteBuf.<clinit>(AbstractByteBuf.java:64)
	at io.netty.buffer.UnpooledByteBufAllocator.newDirectBuffer(UnpooledByteBufAllocator.java:91)
	at io.netty.buffer.AbstractByteBufAllocator.directBuffer(AbstractByteBufAllocator.java:188)
	at io.netty.buffer.AbstractByteBufAllocator.directBuffer(AbstractByteBufAllocator.java:179)
	at io.netty.buffer.Unpooled.directBuffer(Unpooled.java:128)
	at io.netty.handler.codec.http.HttpObjectEncoder.<clinit>(HttpObjectEncoder.java:59)
	at io.netty.handler.codec.http.HttpClientCodec.<init>(HttpClientCodec.java:152)
	at io.netty.handler.codec.http.HttpClientCodec.<init>(HttpClientCodec.java:140)
	at io.netty.handler.codec.http.HttpClientCodec.<init>(HttpClientCodec.java:129)
	at io.netty.handler.codec.http.HttpClientCodec.<init>(HttpClientCodec.java:119)
	at org.asynchttpclient.netty.channel.ChannelManager.newHttpClientCodec(ChannelManager.java:332)
	at org.asynchttpclient.netty.channel.ChannelManager.access$100(ChannelManager.java:70)
	at org.asynchttpclient.netty.channel.ChannelManager$1.initChannel(ChannelManager.java:221)
	at io.netty.channel.ChannelInitializer.initChannel(ChannelInitializer.java:129)
	at io.netty.channel.ChannelInitializer.handlerAdded(ChannelInitializer.java:112)
	at io.netty.channel.AbstractChannelHandlerContext.callHandlerAdded(AbstractChannelHandlerContext.java:1114)
	at io.netty.channel.DefaultChannelPipeline.callHandlerAdded0(DefaultChannelPipeline.java:609)
	at io.netty.channel.DefaultChannelPipeline.access$100(DefaultChannelPipeline.java:46)
	at io.netty.channel.DefaultChannelPipeline$PendingHandlerAddedTask.execute(DefaultChannelPipeline.java:1463)
	at io.netty.channel.DefaultChannelPipeline.callHandlerAddedForAllHandlers(DefaultChannelPipeline.java:1115)
	at io.netty.channel.DefaultChannelPipeline.invokeHandlerAddedIfNeeded(DefaultChannelPipeline.java:650)
	at io.netty.channel.AbstractChannel$AbstractUnsafe.register0(AbstractChannel.java:514)
	at io.netty.channel.AbstractChannel$AbstractUnsafe.access$200(AbstractChannel.java:429)
	at io.netty.channel.AbstractChannel$AbstractUnsafe$1.run(AbstractChannel.java:486)
	at io.netty.util.concurrent.AbstractEventExecutor.runTask(AbstractEventExecutor.java:174)
	at io.netty.util.concurrent.AbstractEventExecutor.safeExecute(AbstractEventExecutor.java:167)
	at io.netty.util.concurrent.SingleThreadEventExecutor.runAllTasks(SingleThreadEventExecutor.java:470)
	at io.netty.channel.nio.NioEventLoop.run(NioEventLoop.java:569)
	at io.netty.util.concurrent.SingleThreadEventExecutor$4.run(SingleThreadEventExecutor.java:997)
	at io.netty.util.internal.ThreadExecutorMap$2.run(ThreadExecutorMap.java:74)
	at io.netty.util.concurrent.FastThreadLocalRunnable.run(FastThreadLocalRunnable.java:30)
	at java.base/java.lang.Thread.run(Thread.java:834)

2023-02-13 11:57:29,204 AsyncHttpClient-1-2 ERROR Unable to create file ./results/logs/${ctx:threadName}.log java.io.IOException: The filename, directory name, or volume label syntax is incorrect
	at java.base/java.io.WinNTFileSystem.canonicalizeWithPrefix0(Native Method)
	at java.base/java.io.WinNTFileSystem.canonicalizeWithPrefix(WinNTFileSystem.java:506)
	at java.base/java.io.WinNTFileSystem.canonicalize(WinNTFileSystem.java:477)
	at java.base/java.io.File.getCanonicalPath(File.java:626)
	at java.base/java.io.File.getCanonicalFile(File.java:651)
	at org.apache.logging.log4j.core.util.FileUtils.makeParentDirs(FileUtils.java:139)
	at org.apache.logging.log4j.core.appender.rolling.RollingFileManager$RollingFileManagerFactory.createManager(RollingFileManager.java:734)
	at org.apache.logging.log4j.core.appender.rolling.RollingFileManager$RollingFileManagerFactory.createManager(RollingFileManager.java:718)
	at org.apache.logging.log4j.core.appender.AbstractManager.getManager(AbstractManager.java:144)
	at org.apache.logging.log4j.core.appender.OutputStreamManager.getManager(OutputStreamManager.java:100)
	at org.apache.logging.log4j.core.appender.rolling.RollingFileManager.getFileManager(RollingFileManager.java:217)
	at org.apache.logging.log4j.core.appender.RollingFileAppender$Builder.build(RollingFileAppender.java:135)
	at org.apache.logging.log4j.core.appender.RollingFileAppender$Builder.build(RollingFileAppender.java:62)
	at org.apache.logging.log4j.core.config.plugins.util.PluginBuilder.build(PluginBuilder.java:124)
	at org.apache.logging.log4j.core.config.AbstractConfiguration.createPluginObject(AbstractConfiguration.java:1138)
	at org.apache.logging.log4j.core.config.AbstractConfiguration.createConfiguration(AbstractConfiguration.java:1063)
	at org.apache.logging.log4j.core.appender.routing.RoutingAppender.createAppender(RoutingAppender.java:310)
	at org.apache.logging.log4j.core.appender.routing.RoutingAppender.getControl(RoutingAppender.java:282)
	at org.apache.logging.log4j.core.appender.routing.RoutingAppender.append(RoutingAppender.java:240)
	at org.apache.logging.log4j.core.config.AppenderControl.tryCallAppender(AppenderControl.java:161)
	at org.apache.logging.log4j.core.config.AppenderControl.callAppender0(AppenderControl.java:134)
	at org.apache.logging.log4j.core.config.AppenderControl.callAppenderPreventRecursion(AppenderControl.java:125)
	at org.apache.logging.log4j.core.config.AppenderControl.callAppender(AppenderControl.java:89)
	at org.apache.logging.log4j.core.config.LoggerConfig.callAppenders(LoggerConfig.java:683)
	at org.apache.logging.log4j.core.config.LoggerConfig.processLogEvent(LoggerConfig.java:641)
	at org.apache.logging.log4j.core.config.LoggerConfig.log(LoggerConfig.java:624)
	at org.apache.logging.log4j.core.config.LoggerConfig.log(LoggerConfig.java:531)
	at org.apache.logging.log4j.core.config.AwaitCompletionReliabilityStrategy.log(AwaitCompletionReliabilityStrategy.java:63)
	at org.apache.logging.log4j.core.Logger.logMessage(Logger.java:154)
	at org.apache.logging.log4j.spi.ExtendedLoggerWrapper.logMessage(ExtendedLoggerWrapper.java:222)
	at org.apache.logging.log4j.spi.AbstractLogger.log(AbstractLogger.java:2117)
	at org.apache.logging.log4j.spi.AbstractLogger.tryLogMessage(AbstractLogger.java:2205)
	at org.apache.logging.log4j.spi.AbstractLogger.logMessageTrackRecursion(AbstractLogger.java:2159)
	at org.apache.logging.log4j.spi.AbstractLogger.logMessageSafely(AbstractLogger.java:2142)
	at org.apache.logging.log4j.spi.AbstractLogger.logMessage(AbstractLogger.java:2034)
	at org.apache.logging.log4j.spi.AbstractLogger.logIfEnabled(AbstractLogger.java:1899)
	at org.apache.logging.log4j.spi.AbstractLogger.debug(AbstractLogger.java:453)
	at io.netty.util.ResourceLeakDetectorFactory$DefaultResourceLeakDetectorFactory.newResourceLeakDetector(ResourceLeakDetectorFactory.java:196)
	at io.netty.util.ResourceLeakDetectorFactory.newResourceLeakDetector(ResourceLeakDetectorFactory.java:63)
	at io.netty.buffer.AbstractByteBuf.<clinit>(AbstractByteBuf.java:69)
	at io.netty.buffer.UnpooledByteBufAllocator.newDirectBuffer(UnpooledByteBufAllocator.java:91)
	at io.netty.buffer.AbstractByteBufAllocator.directBuffer(AbstractByteBufAllocator.java:188)
	at io.netty.buffer.AbstractByteBufAllocator.directBuffer(AbstractByteBufAllocator.java:179)
	at io.netty.buffer.Unpooled.directBuffer(Unpooled.java:128)
	at io.netty.handler.codec.http.HttpObjectEncoder.<clinit>(HttpObjectEncoder.java:59)
	at io.netty.handler.codec.http.HttpClientCodec.<init>(HttpClientCodec.java:152)
	at io.netty.handler.codec.http.HttpClientCodec.<init>(HttpClientCodec.java:140)
	at io.netty.handler.codec.http.HttpClientCodec.<init>(HttpClientCodec.java:129)
	at io.netty.handler.codec.http.HttpClientCodec.<init>(HttpClientCodec.java:119)
	at org.asynchttpclient.netty.channel.ChannelManager.newHttpClientCodec(ChannelManager.java:332)
	at org.asynchttpclient.netty.channel.ChannelManager.access$100(ChannelManager.java:70)
	at org.asynchttpclient.netty.channel.ChannelManager$1.initChannel(ChannelManager.java:221)
	at io.netty.channel.ChannelInitializer.initChannel(ChannelInitializer.java:129)
	at io.netty.channel.ChannelInitializer.handlerAdded(ChannelInitializer.java:112)
	at io.netty.channel.AbstractChannelHandlerContext.callHandlerAdded(AbstractChannelHandlerContext.java:1114)
	at io.netty.channel.DefaultChannelPipeline.callHandlerAdded0(DefaultChannelPipeline.java:609)
	at io.netty.channel.DefaultChannelPipeline.access$100(DefaultChannelPipeline.java:46)
	at io.netty.channel.DefaultChannelPipeline$PendingHandlerAddedTask.execute(DefaultChannelPipeline.java:1463)
	at io.netty.channel.DefaultChannelPipeline.callHandlerAddedForAllHandlers(DefaultChannelPipeline.java:1115)
	at io.netty.channel.DefaultChannelPipeline.invokeHandlerAddedIfNeeded(DefaultChannelPipeline.java:650)
	at io.netty.channel.AbstractChannel$AbstractUnsafe.register0(AbstractChannel.java:514)
	at io.netty.channel.AbstractChannel$AbstractUnsafe.access$200(AbstractChannel.java:429)
	at io.netty.channel.AbstractChannel$AbstractUnsafe$1.run(AbstractChannel.java:486)
	at io.netty.util.concurrent.AbstractEventExecutor.runTask(AbstractEventExecutor.java:174)
	at io.netty.util.concurrent.AbstractEventExecutor.safeExecute(AbstractEventExecutor.java:167)
	at io.netty.util.concurrent.SingleThreadEventExecutor.runAllTasks(SingleThreadEventExecutor.java:470)
	at io.netty.channel.nio.NioEventLoop.run(NioEventLoop.java:569)
	at io.netty.util.concurrent.SingleThreadEventExecutor$4.run(SingleThreadEventExecutor.java:997)
	at io.netty.util.internal.ThreadExecutorMap$2.run(ThreadExecutorMap.java:74)
	at io.netty.util.concurrent.FastThreadLocalRunnable.run(FastThreadLocalRunnable.java:30)
	at java.base/java.lang.Thread.run(Thread.java:834)

2023-02-13 11:57:29,204 AsyncHttpClient-1-2 ERROR Could not create plugin of type class org.apache.logging.log4j.core.appender.RollingFileAppender for element RollingFile: java.lang.IllegalStateException: ManagerFactory [org.apache.logging.log4j.core.appender.rolling.RollingFileManager$RollingFileManagerFactory@4e6d7365] unable to create manager for [./results/logs/${ctx:threadName}.log] with data [org.apache.logging.log4j.core.appender.rolling.RollingFileManager$FactoryData@511e765b[pattern=./results/logs/${ctx:threadName}-%d{yyyy-MM-dd}.log, append=true, bufferedIO=true, bufferSize=8192, policy=SizeBasedTriggeringPolicy(size=512000), strategy=DefaultRolloverStrategy(min=1, max=7, useMax=true), advertiseURI=null, layout=%d{HH:mm:ss.SSS} [%t] %-5level %logger{36} - %msg%n, filePermissions=null, fileOwner=null]] java.lang.IllegalStateException: ManagerFactory [org.apache.logging.log4j.core.appender.rolling.RollingFileManager$RollingFileManagerFactory@4e6d7365] unable to create manager for [./results/logs/${ctx:threadName}.log] with data [org.apache.logging.log4j.core.appender.rolling.RollingFileManager$FactoryData@511e765b[pattern=./results/logs/${ctx:threadName}-%d{yyyy-MM-dd}.log, append=true, bufferedIO=true, bufferSize=8192, policy=SizeBasedTriggeringPolicy(size=512000), strategy=DefaultRolloverStrategy(min=1, max=7, useMax=true), advertiseURI=null, layout=%d{HH:mm:ss.SSS} [%t] %-5level %logger{36} - %msg%n, filePermissions=null, fileOwner=null]]
	at org.apache.logging.log4j.core.appender.AbstractManager.getManager(AbstractManager.java:146)
	at org.apache.logging.log4j.core.appender.OutputStreamManager.getManager(OutputStreamManager.java:100)
	at org.apache.logging.log4j.core.appender.rolling.RollingFileManager.getFileManager(RollingFileManager.java:217)
	at org.apache.logging.log4j.core.appender.RollingFileAppender$Builder.build(RollingFileAppender.java:135)
	at org.apache.logging.log4j.core.appender.RollingFileAppender$Builder.build(RollingFileAppender.java:62)
	at org.apache.logging.log4j.core.config.plugins.util.PluginBuilder.build(PluginBuilder.java:124)
	at org.apache.logging.log4j.core.config.AbstractConfiguration.createPluginObject(AbstractConfiguration.java:1138)
	at org.apache.logging.log4j.core.config.AbstractConfiguration.createConfiguration(AbstractConfiguration.java:1063)
	at org.apache.logging.log4j.core.appender.routing.RoutingAppender.createAppender(RoutingAppender.java:310)
	at org.apache.logging.log4j.core.appender.routing.RoutingAppender.getControl(RoutingAppender.java:282)
	at org.apache.logging.log4j.core.appender.routing.RoutingAppender.append(RoutingAppender.java:240)
	at org.apache.logging.log4j.core.config.AppenderControl.tryCallAppender(AppenderControl.java:161)
	at org.apache.logging.log4j.core.config.AppenderControl.callAppender0(AppenderControl.java:134)
	at org.apache.logging.log4j.core.config.AppenderControl.callAppenderPreventRecursion(AppenderControl.java:125)
	at org.apache.logging.log4j.core.config.AppenderControl.callAppender(AppenderControl.java:89)
	at org.apache.logging.log4j.core.config.LoggerConfig.callAppenders(LoggerConfig.java:683)
	at org.apache.logging.log4j.core.config.LoggerConfig.processLogEvent(LoggerConfig.java:641)
	at org.apache.logging.log4j.core.config.LoggerConfig.log(LoggerConfig.java:624)
	at org.apache.logging.log4j.core.config.LoggerConfig.log(LoggerConfig.java:531)
	at org.apache.logging.log4j.core.config.AwaitCompletionReliabilityStrategy.log(AwaitCompletionReliabilityStrategy.java:63)
	at org.apache.logging.log4j.core.Logger.logMessage(Logger.java:154)
	at org.apache.logging.log4j.spi.ExtendedLoggerWrapper.logMessage(ExtendedLoggerWrapper.java:222)
	at org.apache.logging.log4j.spi.AbstractLogger.log(AbstractLogger.java:2117)
	at org.apache.logging.log4j.spi.AbstractLogger.tryLogMessage(AbstractLogger.java:2205)
	at org.apache.logging.log4j.spi.AbstractLogger.logMessageTrackRecursion(AbstractLogger.java:2159)
	at org.apache.logging.log4j.spi.AbstractLogger.logMessageSafely(AbstractLogger.java:2142)
	at org.apache.logging.log4j.spi.AbstractLogger.logMessage(AbstractLogger.java:2034)
	at org.apache.logging.log4j.spi.AbstractLogger.logIfEnabled(AbstractLogger.java:1899)
	at org.apache.logging.log4j.spi.AbstractLogger.debug(AbstractLogger.java:453)
	at io.netty.util.ResourceLeakDetectorFactory$DefaultResourceLeakDetectorFactory.newResourceLeakDetector(ResourceLeakDetectorFactory.java:196)
	at io.netty.util.ResourceLeakDetectorFactory.newResourceLeakDetector(ResourceLeakDetectorFactory.java:63)
	at io.netty.buffer.AbstractByteBuf.<clinit>(AbstractByteBuf.java:69)
	at io.netty.buffer.UnpooledByteBufAllocator.newDirectBuffer(UnpooledByteBufAllocator.java:91)
	at io.netty.buffer.AbstractByteBufAllocator.directBuffer(AbstractByteBufAllocator.java:188)
	at io.netty.buffer.AbstractByteBufAllocator.directBuffer(AbstractByteBufAllocator.java:179)
	at io.netty.buffer.Unpooled.directBuffer(Unpooled.java:128)
	at io.netty.handler.codec.http.HttpObjectEncoder.<clinit>(HttpObjectEncoder.java:59)
	at io.netty.handler.codec.http.HttpClientCodec.<init>(HttpClientCodec.java:152)
	at io.netty.handler.codec.http.HttpClientCodec.<init>(HttpClientCodec.java:140)
	at io.netty.handler.codec.http.HttpClientCodec.<init>(HttpClientCodec.java:129)
	at io.netty.handler.codec.http.HttpClientCodec.<init>(HttpClientCodec.java:119)
	at org.asynchttpclient.netty.channel.ChannelManager.newHttpClientCodec(ChannelManager.java:332)
	at org.asynchttpclient.netty.channel.ChannelManager.access$100(ChannelManager.java:70)
	at org.asynchttpclient.netty.channel.ChannelManager$1.initChannel(ChannelManager.java:221)
	at io.netty.channel.ChannelInitializer.initChannel(ChannelInitializer.java:129)
	at io.netty.channel.ChannelInitializer.handlerAdded(ChannelInitializer.java:112)
	at io.netty.channel.AbstractChannelHandlerContext.callHandlerAdded(AbstractChannelHandlerContext.java:1114)
	at io.netty.channel.DefaultChannelPipeline.callHandlerAdded0(DefaultChannelPipeline.java:609)
	at io.netty.channel.DefaultChannelPipeline.access$100(DefaultChannelPipeline.java:46)
	at io.netty.channel.DefaultChannelPipeline$PendingHandlerAddedTask.execute(DefaultChannelPipeline.java:1463)
	at io.netty.channel.DefaultChannelPipeline.callHandlerAddedForAllHandlers(DefaultChannelPipeline.java:1115)
	at io.netty.channel.DefaultChannelPipeline.invokeHandlerAddedIfNeeded(DefaultChannelPipeline.java:650)
	at io.netty.channel.AbstractChannel$AbstractUnsafe.register0(AbstractChannel.java:514)
	at io.netty.channel.AbstractChannel$AbstractUnsafe.access$200(AbstractChannel.java:429)
	at io.netty.channel.AbstractChannel$AbstractUnsafe$1.run(AbstractChannel.java:486)
	at io.netty.util.concurrent.AbstractEventExecutor.runTask(AbstractEventExecutor.java:174)
	at io.netty.util.concurrent.AbstractEventExecutor.safeExecute(AbstractEventExecutor.java:167)
	at io.netty.util.concurrent.SingleThreadEventExecutor.runAllTasks(SingleThreadEventExecutor.java:470)
	at io.netty.channel.nio.NioEventLoop.run(NioEventLoop.java:569)
	at io.netty.util.concurrent.SingleThreadEventExecutor$4.run(SingleThreadEventExecutor.java:997)
	at io.netty.util.internal.ThreadExecutorMap$2.run(ThreadExecutorMap.java:74)
	at io.netty.util.concurrent.FastThreadLocalRunnable.run(FastThreadLocalRunnable.java:30)
	at java.base/java.lang.Thread.run(Thread.java:834)

2023-02-13 11:57:29,205 AsyncHttpClient-1-2 ERROR Unable to invoke factory method in class org.apache.logging.log4j.core.appender.RollingFileAppender for element RollingFile: java.lang.IllegalStateException: No factory method found for class org.apache.logging.log4j.core.appender.RollingFileAppender java.lang.IllegalStateException: No factory method found for class org.apache.logging.log4j.core.appender.RollingFileAppender
	at org.apache.logging.log4j.core.config.plugins.util.PluginBuilder.findFactoryMethod(PluginBuilder.java:260)
	at org.apache.logging.log4j.core.config.plugins.util.PluginBuilder.build(PluginBuilder.java:136)
	at org.apache.logging.log4j.core.config.AbstractConfiguration.createPluginObject(AbstractConfiguration.java:1138)
	at org.apache.logging.log4j.core.config.AbstractConfiguration.createConfiguration(AbstractConfiguration.java:1063)
	at org.apache.logging.log4j.core.appender.routing.RoutingAppender.createAppender(RoutingAppender.java:310)
	at org.apache.logging.log4j.core.appender.routing.RoutingAppender.getControl(RoutingAppender.java:282)
	at org.apache.logging.log4j.core.appender.routing.RoutingAppender.append(RoutingAppender.java:240)
	at org.apache.logging.log4j.core.config.AppenderControl.tryCallAppender(AppenderControl.java:161)
	at org.apache.logging.log4j.core.config.AppenderControl.callAppender0(AppenderControl.java:134)
	at org.apache.logging.log4j.core.config.AppenderControl.callAppenderPreventRecursion(AppenderControl.java:125)
	at org.apache.logging.log4j.core.config.AppenderControl.callAppender(AppenderControl.java:89)
	at org.apache.logging.log4j.core.config.LoggerConfig.callAppenders(LoggerConfig.java:683)
	at org.apache.logging.log4j.core.config.LoggerConfig.processLogEvent(LoggerConfig.java:641)
	at org.apache.logging.log4j.core.config.LoggerConfig.log(LoggerConfig.java:624)
	at org.apache.logging.log4j.core.config.LoggerConfig.log(LoggerConfig.java:531)
	at org.apache.logging.log4j.core.config.AwaitCompletionReliabilityStrategy.log(AwaitCompletionReliabilityStrategy.java:63)
	at org.apache.logging.log4j.core.Logger.logMessage(Logger.java:154)
	at org.apache.logging.log4j.spi.ExtendedLoggerWrapper.logMessage(ExtendedLoggerWrapper.java:222)
	at org.apache.logging.log4j.spi.AbstractLogger.log(AbstractLogger.java:2117)
	at org.apache.logging.log4j.spi.AbstractLogger.tryLogMessage(AbstractLogger.java:2205)
	at org.apache.logging.log4j.spi.AbstractLogger.logMessageTrackRecursion(AbstractLogger.java:2159)
	at org.apache.logging.log4j.spi.AbstractLogger.logMessageSafely(AbstractLogger.java:2142)
	at org.apache.logging.log4j.spi.AbstractLogger.logMessage(AbstractLogger.java:2034)
	at org.apache.logging.log4j.spi.AbstractLogger.logIfEnabled(AbstractLogger.java:1899)
	at org.apache.logging.log4j.spi.AbstractLogger.debug(AbstractLogger.java:453)
	at io.netty.util.ResourceLeakDetectorFactory$DefaultResourceLeakDetectorFactory.newResourceLeakDetector(ResourceLeakDetectorFactory.java:196)
	at io.netty.util.ResourceLeakDetectorFactory.newResourceLeakDetector(ResourceLeakDetectorFactory.java:63)
	at io.netty.buffer.AbstractByteBuf.<clinit>(AbstractByteBuf.java:69)
	at io.netty.buffer.UnpooledByteBufAllocator.newDirectBuffer(UnpooledByteBufAllocator.java:91)
	at io.netty.buffer.AbstractByteBufAllocator.directBuffer(AbstractByteBufAllocator.java:188)
	at io.netty.buffer.AbstractByteBufAllocator.directBuffer(AbstractByteBufAllocator.java:179)
	at io.netty.buffer.Unpooled.directBuffer(Unpooled.java:128)
	at io.netty.handler.codec.http.HttpObjectEncoder.<clinit>(HttpObjectEncoder.java:59)
	at io.netty.handler.codec.http.HttpClientCodec.<init>(HttpClientCodec.java:152)
	at io.netty.handler.codec.http.HttpClientCodec.<init>(HttpClientCodec.java:140)
	at io.netty.handler.codec.http.HttpClientCodec.<init>(HttpClientCodec.java:129)
	at io.netty.handler.codec.http.HttpClientCodec.<init>(HttpClientCodec.java:119)
	at org.asynchttpclient.netty.channel.ChannelManager.newHttpClientCodec(ChannelManager.java:332)
	at org.asynchttpclient.netty.channel.ChannelManager.access$100(ChannelManager.java:70)
	at org.asynchttpclient.netty.channel.ChannelManager$1.initChannel(ChannelManager.java:221)
	at io.netty.channel.ChannelInitializer.initChannel(ChannelInitializer.java:129)
	at io.netty.channel.ChannelInitializer.handlerAdded(ChannelInitializer.java:112)
	at io.netty.channel.AbstractChannelHandlerContext.callHandlerAdded(AbstractChannelHandlerContext.java:1114)
	at io.netty.channel.DefaultChannelPipeline.callHandlerAdded0(DefaultChannelPipeline.java:609)
	at io.netty.channel.DefaultChannelPipeline.access$100(DefaultChannelPipeline.java:46)
	at io.netty.channel.DefaultChannelPipeline$PendingHandlerAddedTask.execute(DefaultChannelPipeline.java:1463)
	at io.netty.channel.DefaultChannelPipeline.callHandlerAddedForAllHandlers(DefaultChannelPipeline.java:1115)
	at io.netty.channel.DefaultChannelPipeline.invokeHandlerAddedIfNeeded(DefaultChannelPipeline.java:650)
	at io.netty.channel.AbstractChannel$AbstractUnsafe.register0(AbstractChannel.java:514)
	at io.netty.channel.AbstractChannel$AbstractUnsafe.access$200(AbstractChannel.java:429)
	at io.netty.channel.AbstractChannel$AbstractUnsafe$1.run(AbstractChannel.java:486)
	at io.netty.util.concurrent.AbstractEventExecutor.runTask(AbstractEventExecutor.java:174)
	at io.netty.util.concurrent.AbstractEventExecutor.safeExecute(AbstractEventExecutor.java:167)
	at io.netty.util.concurrent.SingleThreadEventExecutor.runAllTasks(SingleThreadEventExecutor.java:470)
	at io.netty.channel.nio.NioEventLoop.run(NioEventLoop.java:569)
	at io.netty.util.concurrent.SingleThreadEventExecutor$4.run(SingleThreadEventExecutor.java:997)
	at io.netty.util.internal.ThreadExecutorMap$2.run(ThreadExecutorMap.java:74)
	at io.netty.util.concurrent.FastThreadLocalRunnable.run(FastThreadLocalRunnable.java:30)
	at java.base/java.lang.Thread.run(Thread.java:834)

2023-02-13 11:57:29,226 AsyncHttpClient-1-2 ERROR Unable to create file ./results/logs/${ctx:threadName}.log java.io.IOException: The filename, directory name, or volume label syntax is incorrect
	at java.base/java.io.WinNTFileSystem.canonicalizeWithPrefix0(Native Method)
	at java.base/java.io.WinNTFileSystem.canonicalizeWithPrefix(WinNTFileSystem.java:506)
	at java.base/java.io.WinNTFileSystem.canonicalize(WinNTFileSystem.java:477)
	at java.base/java.io.File.getCanonicalPath(File.java:626)
	at java.base/java.io.File.getCanonicalFile(File.java:651)
	at org.apache.logging.log4j.core.util.FileUtils.makeParentDirs(FileUtils.java:139)
	at org.apache.logging.log4j.core.appender.rolling.RollingFileManager$RollingFileManagerFactory.createManager(RollingFileManager.java:734)
	at org.apache.logging.log4j.core.appender.rolling.RollingFileManager$RollingFileManagerFactory.createManager(RollingFileManager.java:718)
	at org.apache.logging.log4j.core.appender.AbstractManager.getManager(AbstractManager.java:144)
	at org.apache.logging.log4j.core.appender.OutputStreamManager.getManager(OutputStreamManager.java:100)
	at org.apache.logging.log4j.core.appender.rolling.RollingFileManager.getFileManager(RollingFileManager.java:217)
	at org.apache.logging.log4j.core.appender.RollingFileAppender$Builder.build(RollingFileAppender.java:135)
	at org.apache.logging.log4j.core.appender.RollingFileAppender$Builder.build(RollingFileAppender.java:62)
	at org.apache.logging.log4j.core.config.plugins.util.PluginBuilder.build(PluginBuilder.java:124)
	at org.apache.logging.log4j.core.config.AbstractConfiguration.createPluginObject(AbstractConfiguration.java:1138)
	at org.apache.logging.log4j.core.config.AbstractConfiguration.createConfiguration(AbstractConfiguration.java:1063)
	at org.apache.logging.log4j.core.appender.routing.RoutingAppender.createAppender(RoutingAppender.java:310)
	at org.apache.logging.log4j.core.appender.routing.RoutingAppender.getControl(RoutingAppender.java:282)
	at org.apache.logging.log4j.core.appender.routing.RoutingAppender.append(RoutingAppender.java:240)
	at org.apache.logging.log4j.core.config.AppenderControl.tryCallAppender(AppenderControl.java:161)
	at org.apache.logging.log4j.core.config.AppenderControl.callAppender0(AppenderControl.java:134)
	at org.apache.logging.log4j.core.config.AppenderControl.callAppenderPreventRecursion(AppenderControl.java:125)
	at org.apache.logging.log4j.core.config.AppenderControl.callAppender(AppenderControl.java:89)
	at org.apache.logging.log4j.core.config.LoggerConfig.callAppenders(LoggerConfig.java:683)
	at org.apache.logging.log4j.core.config.LoggerConfig.processLogEvent(LoggerConfig.java:641)
	at org.apache.logging.log4j.core.config.LoggerConfig.log(LoggerConfig.java:624)
	at org.apache.logging.log4j.core.config.LoggerConfig.log(LoggerConfig.java:531)
	at org.apache.logging.log4j.core.config.AwaitCompletionReliabilityStrategy.log(AwaitCompletionReliabilityStrategy.java:63)
	at org.apache.logging.log4j.core.Logger.logMessage(Logger.java:154)
	at org.apache.logging.log4j.spi.ExtendedLoggerWrapper.logMessage(ExtendedLoggerWrapper.java:222)
	at org.apache.logging.log4j.spi.AbstractLogger.log(AbstractLogger.java:2117)
	at org.apache.logging.log4j.spi.AbstractLogger.tryLogMessage(AbstractLogger.java:2205)
	at org.apache.logging.log4j.spi.AbstractLogger.logMessageTrackRecursion(AbstractLogger.java:2159)
	at org.apache.logging.log4j.spi.AbstractLogger.logMessageSafely(AbstractLogger.java:2142)
	at org.apache.logging.log4j.spi.AbstractLogger.logMessage(AbstractLogger.java:2034)
	at org.apache.logging.log4j.spi.AbstractLogger.logIfEnabled(AbstractLogger.java:1899)
	at org.apache.logging.log4j.spi.AbstractLogger.debug(AbstractLogger.java:453)
	at io.netty.util.Recycler.<clinit>(Recycler.java:85)
	at io.netty.util.internal.ObjectPool$RecyclerObjectPool.<init>(ObjectPool.java:76)
	at io.netty.util.internal.ObjectPool.newPool(ObjectPool.java:69)
	at io.netty.buffer.PoolThreadCache$MemoryRegionCache.<clinit>(PoolThreadCache.java:483)
	at io.netty.buffer.PoolThreadCache.createSubPageCaches(PoolThreadCache.java:117)
	at io.netty.buffer.PoolThreadCache.<init>(PoolThreadCache.java:74)
	at io.netty.buffer.PooledByteBufAllocator$PoolThreadLocalCache.initialValue(PooledByteBufAllocator.java:526)
	at io.netty.buffer.PooledByteBufAllocator$PoolThreadLocalCache.initialValue(PooledByteBufAllocator.java:503)
	at io.netty.util.concurrent.FastThreadLocal.initialize(FastThreadLocal.java:177)
	at io.netty.util.concurrent.FastThreadLocal.get(FastThreadLocal.java:142)
	at io.netty.buffer.PooledByteBufAllocator.newDirectBuffer(PooledByteBufAllocator.java:391)
	at io.netty.buffer.AbstractByteBufAllocator.directBuffer(AbstractByteBufAllocator.java:188)
	at io.netty.buffer.AbstractByteBufAllocator.directBuffer(AbstractByteBufAllocator.java:179)
	at io.netty.buffer.AbstractByteBufAllocator.buffer(AbstractByteBufAllocator.java:116)
	at io.netty.handler.codec.http.HttpObjectEncoder.encodeInitHttpMessage(HttpObjectEncoder.java:502)
	at io.netty.handler.codec.http.HttpObjectEncoder.encodeJustHttpMessage(HttpObjectEncoder.java:191)
	at io.netty.handler.codec.http.HttpObjectEncoder.encode(HttpObjectEncoder.java:178)
	at io.netty.handler.codec.http.HttpClientCodec$Encoder.encode(HttpClientCodec.java:203)
	at io.netty.handler.codec.http.HttpObjectEncoder.write(HttpObjectEncoder.java:97)
	at io.netty.channel.CombinedChannelDuplexHandler.write(CombinedChannelDuplexHandler.java:346)
	at io.netty.channel.AbstractChannelHandlerContext.invokeWrite0(AbstractChannelHandlerContext.java:879)
	at io.netty.channel.AbstractChannelHandlerContext.invokeWrite(AbstractChannelHandlerContext.java:863)
	at io.netty.channel.AbstractChannelHandlerContext.write(AbstractChannelHandlerContext.java:968)
	at io.netty.channel.AbstractChannelHandlerContext.write(AbstractChannelHandlerContext.java:856)
	at io.netty.handler.stream.ChunkedWriteHandler.doFlush(ChunkedWriteHandler.java:302)
	at io.netty.handler.stream.ChunkedWriteHandler.flush(ChunkedWriteHandler.java:131)
	at io.netty.channel.AbstractChannelHandlerContext.invokeFlush0(AbstractChannelHandlerContext.java:923)
	at io.netty.channel.AbstractChannelHandlerContext.invokeWriteAndFlush(AbstractChannelHandlerContext.java:941)
	at io.netty.channel.AbstractChannelHandlerContext.write(AbstractChannelHandlerContext.java:966)
	at io.netty.channel.AbstractChannelHandlerContext.writeAndFlush(AbstractChannelHandlerContext.java:934)
	at io.netty.channel.DefaultChannelPipeline.writeAndFlush(DefaultChannelPipeline.java:1020)
	at io.netty.channel.AbstractChannel.writeAndFlush(AbstractChannel.java:311)
	at org.asynchttpclient.netty.request.body.NettyInputStreamBody.write(NettyInputStreamBody.java:77)
	at org.asynchttpclient.netty.request.NettyRequestSender.writeRequest(NettyRequestSender.java:433)
	at org.asynchttpclient.netty.channel.NettyConnectListener.writeRequest(NettyConnectListener.java:80)
	at org.asynchttpclient.netty.channel.NettyConnectListener.onSuccess(NettyConnectListener.java:156)
	at org.asynchttpclient.netty.channel.NettyChannelConnector$1.onSuccess(NettyChannelConnector.java:92)
	at org.asynchttpclient.netty.SimpleChannelFutureListener.operationComplete(SimpleChannelFutureListener.java:26)
	at org.asynchttpclient.netty.SimpleChannelFutureListener.operationComplete(SimpleChannelFutureListener.java:20)
	at io.netty.util.concurrent.DefaultPromise.notifyListener0(DefaultPromise.java:590)
	at io.netty.util.concurrent.DefaultPromise.notifyListeners0(DefaultPromise.java:583)
	at io.netty.util.concurrent.DefaultPromise.notifyListenersNow(DefaultPromise.java:559)
	at io.netty.util.concurrent.DefaultPromise.notifyListeners(DefaultPromise.java:492)
	at io.netty.util.concurrent.DefaultPromise.setValue0(DefaultPromise.java:636)
	at io.netty.util.concurrent.DefaultPromise.setSuccess0(DefaultPromise.java:625)
	at io.netty.util.concurrent.DefaultPromise.trySuccess(DefaultPromise.java:105)
	at io.netty.channel.DefaultChannelPromise.trySuccess(DefaultChannelPromise.java:84)
	at io.netty.channel.nio.AbstractNioChannel$AbstractNioUnsafe.fulfillConnectPromise(AbstractNioChannel.java:300)
	at io.netty.channel.nio.AbstractNioChannel$AbstractNioUnsafe.finishConnect(AbstractNioChannel.java:335)
	at io.netty.channel.nio.NioEventLoop.processSelectedKey(NioEventLoop.java:776)
	at io.netty.channel.nio.NioEventLoop.processSelectedKeysOptimized(NioEventLoop.java:724)
	at io.netty.channel.nio.NioEventLoop.processSelectedKeys(NioEventLoop.java:650)
	at io.netty.channel.nio.NioEventLoop.run(NioEventLoop.java:562)
	at io.netty.util.concurrent.SingleThreadEventExecutor$4.run(SingleThreadEventExecutor.java:997)
	at io.netty.util.internal.ThreadExecutorMap$2.run(ThreadExecutorMap.java:74)
	at io.netty.util.concurrent.FastThreadLocalRunnable.run(FastThreadLocalRunnable.java:30)
	at java.base/java.lang.Thread.run(Thread.java:834)

2023-02-13 11:57:29,226 AsyncHttpClient-1-2 ERROR Could not create plugin of type class org.apache.logging.log4j.core.appender.RollingFileAppender for element RollingFile: java.lang.IllegalStateException: ManagerFactory [org.apache.logging.log4j.core.appender.rolling.RollingFileManager$RollingFileManagerFactory@4e6d7365] unable to create manager for [./results/logs/${ctx:threadName}.log] with data [org.apache.logging.log4j.core.appender.rolling.RollingFileManager$FactoryData@42d3e5c3[pattern=./results/logs/${ctx:threadName}-%d{yyyy-MM-dd}.log, append=true, bufferedIO=true, bufferSize=8192, policy=SizeBasedTriggeringPolicy(size=512000), strategy=DefaultRolloverStrategy(min=1, max=7, useMax=true), advertiseURI=null, layout=%d{HH:mm:ss.SSS} [%t] %-5level %logger{36} - %msg%n, filePermissions=null, fileOwner=null]] java.lang.IllegalStateException: ManagerFactory [org.apache.logging.log4j.core.appender.rolling.RollingFileManager$RollingFileManagerFactory@4e6d7365] unable to create manager for [./results/logs/${ctx:threadName}.log] with data [org.apache.logging.log4j.core.appender.rolling.RollingFileManager$FactoryData@42d3e5c3[pattern=./results/logs/${ctx:threadName}-%d{yyyy-MM-dd}.log, append=true, bufferedIO=true, bufferSize=8192, policy=SizeBasedTriggeringPolicy(size=512000), strategy=DefaultRolloverStrategy(min=1, max=7, useMax=true), advertiseURI=null, layout=%d{HH:mm:ss.SSS} [%t] %-5level %logger{36} - %msg%n, filePermissions=null, fileOwner=null]]
	at org.apache.logging.log4j.core.appender.AbstractManager.getManager(AbstractManager.java:146)
	at org.apache.logging.log4j.core.appender.OutputStreamManager.getManager(OutputStreamManager.java:100)
	at org.apache.logging.log4j.core.appender.rolling.RollingFileManager.getFileManager(RollingFileManager.java:217)
	at org.apache.logging.log4j.core.appender.RollingFileAppender$Builder.build(RollingFileAppender.java:135)
	at org.apache.logging.log4j.core.appender.RollingFileAppender$Builder.build(RollingFileAppender.java:62)
	at org.apache.logging.log4j.core.config.plugins.util.PluginBuilder.build(PluginBuilder.java:124)
	at org.apache.logging.log4j.core.config.AbstractConfiguration.createPluginObject(AbstractConfiguration.java:1138)
	at org.apache.logging.log4j.core.config.AbstractConfiguration.createConfiguration(AbstractConfiguration.java:1063)
	at org.apache.logging.log4j.core.appender.routing.RoutingAppender.createAppender(RoutingAppender.java:310)
	at org.apache.logging.log4j.core.appender.routing.RoutingAppender.getControl(RoutingAppender.java:282)
	at org.apache.logging.log4j.core.appender.routing.RoutingAppender.append(RoutingAppender.java:240)
	at org.apache.logging.log4j.core.config.AppenderControl.tryCallAppender(AppenderControl.java:161)
	at org.apache.logging.log4j.core.config.AppenderControl.callAppender0(AppenderControl.java:134)
	at org.apache.logging.log4j.core.config.AppenderControl.callAppenderPreventRecursion(AppenderControl.java:125)
	at org.apache.logging.log4j.core.config.AppenderControl.callAppender(AppenderControl.java:89)
	at org.apache.logging.log4j.core.config.LoggerConfig.callAppenders(LoggerConfig.java:683)
	at org.apache.logging.log4j.core.config.LoggerConfig.processLogEvent(LoggerConfig.java:641)
	at org.apache.logging.log4j.core.config.LoggerConfig.log(LoggerConfig.java:624)
	at org.apache.logging.log4j.core.config.LoggerConfig.log(LoggerConfig.java:531)
	at org.apache.logging.log4j.core.config.AwaitCompletionReliabilityStrategy.log(AwaitCompletionReliabilityStrategy.java:63)
	at org.apache.logging.log4j.core.Logger.logMessage(Logger.java:154)
	at org.apache.logging.log4j.spi.ExtendedLoggerWrapper.logMessage(ExtendedLoggerWrapper.java:222)
	at org.apache.logging.log4j.spi.AbstractLogger.log(AbstractLogger.java:2117)
	at org.apache.logging.log4j.spi.AbstractLogger.tryLogMessage(AbstractLogger.java:2205)
	at org.apache.logging.log4j.spi.AbstractLogger.logMessageTrackRecursion(AbstractLogger.java:2159)
	at org.apache.logging.log4j.spi.AbstractLogger.logMessageSafely(AbstractLogger.java:2142)
	at org.apache.logging.log4j.spi.AbstractLogger.logMessage(AbstractLogger.java:2034)
	at org.apache.logging.log4j.spi.AbstractLogger.logIfEnabled(AbstractLogger.java:1899)
	at org.apache.logging.log4j.spi.AbstractLogger.debug(AbstractLogger.java:453)
	at io.netty.util.Recycler.<clinit>(Recycler.java:85)
	at io.netty.util.internal.ObjectPool$RecyclerObjectPool.<init>(ObjectPool.java:76)
	at io.netty.util.internal.ObjectPool.newPool(ObjectPool.java:69)
	at io.netty.buffer.PoolThreadCache$MemoryRegionCache.<clinit>(PoolThreadCache.java:483)
	at io.netty.buffer.PoolThreadCache.createSubPageCaches(PoolThreadCache.java:117)
	at io.netty.buffer.PoolThreadCache.<init>(PoolThreadCache.java:74)
	at io.netty.buffer.PooledByteBufAllocator$PoolThreadLocalCache.initialValue(PooledByteBufAllocator.java:526)
	at io.netty.buffer.PooledByteBufAllocator$PoolThreadLocalCache.initialValue(PooledByteBufAllocator.java:503)
	at io.netty.util.concurrent.FastThreadLocal.initialize(FastThreadLocal.java:177)
	at io.netty.util.concurrent.FastThreadLocal.get(FastThreadLocal.java:142)
	at io.netty.buffer.PooledByteBufAllocator.newDirectBuffer(PooledByteBufAllocator.java:391)
	at io.netty.buffer.AbstractByteBufAllocator.directBuffer(AbstractByteBufAllocator.java:188)
	at io.netty.buffer.AbstractByteBufAllocator.directBuffer(AbstractByteBufAllocator.java:179)
	at io.netty.buffer.AbstractByteBufAllocator.buffer(AbstractByteBufAllocator.java:116)
	at io.netty.handler.codec.http.HttpObjectEncoder.encodeInitHttpMessage(HttpObjectEncoder.java:502)
	at io.netty.handler.codec.http.HttpObjectEncoder.encodeJustHttpMessage(HttpObjectEncoder.java:191)
	at io.netty.handler.codec.http.HttpObjectEncoder.encode(HttpObjectEncoder.java:178)
	at io.netty.handler.codec.http.HttpClientCodec$Encoder.encode(HttpClientCodec.java:203)
	at io.netty.handler.codec.http.HttpObjectEncoder.write(HttpObjectEncoder.java:97)
	at io.netty.channel.CombinedChannelDuplexHandler.write(CombinedChannelDuplexHandler.java:346)
	at io.netty.channel.AbstractChannelHandlerContext.invokeWrite0(AbstractChannelHandlerContext.java:879)
	at io.netty.channel.AbstractChannelHandlerContext.invokeWrite(AbstractChannelHandlerContext.java:863)
	at io.netty.channel.AbstractChannelHandlerContext.write(AbstractChannelHandlerContext.java:968)
	at io.netty.channel.AbstractChannelHandlerContext.write(AbstractChannelHandlerContext.java:856)
	at io.netty.handler.stream.ChunkedWriteHandler.doFlush(ChunkedWriteHandler.java:302)
	at io.netty.handler.stream.ChunkedWriteHandler.flush(ChunkedWriteHandler.java:131)
	at io.netty.channel.AbstractChannelHandlerContext.invokeFlush0(AbstractChannelHandlerContext.java:923)
	at io.netty.channel.AbstractChannelHandlerContext.invokeWriteAndFlush(AbstractChannelHandlerContext.java:941)
	at io.netty.channel.AbstractChannelHandlerContext.write(AbstractChannelHandlerContext.java:966)
	at io.netty.channel.AbstractChannelHandlerContext.writeAndFlush(AbstractChannelHandlerContext.java:934)
	at io.netty.channel.DefaultChannelPipeline.writeAndFlush(DefaultChannelPipeline.java:1020)
	at io.netty.channel.AbstractChannel.writeAndFlush(AbstractChannel.java:311)
	at org.asynchttpclient.netty.request.body.NettyInputStreamBody.write(NettyInputStreamBody.java:77)
	at org.asynchttpclient.netty.request.NettyRequestSender.writeRequest(NettyRequestSender.java:433)
	at org.asynchttpclient.netty.channel.NettyConnectListener.writeRequest(NettyConnectListener.java:80)
	at org.asynchttpclient.netty.channel.NettyConnectListener.onSuccess(NettyConnectListener.java:156)
	at org.asynchttpclient.netty.channel.NettyChannelConnector$1.onSuccess(NettyChannelConnector.java:92)
	at org.asynchttpclient.netty.SimpleChannelFutureListener.operationComplete(SimpleChannelFutureListener.java:26)
	at org.asynchttpclient.netty.SimpleChannelFutureListener.operationComplete(SimpleChannelFutureListener.java:20)
	at io.netty.util.concurrent.DefaultPromise.notifyListener0(DefaultPromise.java:590)
	at io.netty.util.concurrent.DefaultPromise.notifyListeners0(DefaultPromise.java:583)
	at io.netty.util.concurrent.DefaultPromise.notifyListenersNow(DefaultPromise.java:559)
	at io.netty.util.concurrent.DefaultPromise.notifyListeners(DefaultPromise.java:492)
	at io.netty.util.concurrent.DefaultPromise.setValue0(DefaultPromise.java:636)
	at io.netty.util.concurrent.DefaultPromise.setSuccess0(DefaultPromise.java:625)
	at io.netty.util.concurrent.DefaultPromise.trySuccess(DefaultPromise.java:105)
	at io.netty.channel.DefaultChannelPromise.trySuccess(DefaultChannelPromise.java:84)
	at io.netty.channel.nio.AbstractNioChannel$AbstractNioUnsafe.fulfillConnectPromise(AbstractNioChannel.java:300)
	at io.netty.channel.nio.AbstractNioChannel$AbstractNioUnsafe.finishConnect(AbstractNioChannel.java:335)
	at io.netty.channel.nio.NioEventLoop.processSelectedKey(NioEventLoop.java:776)
	at io.netty.channel.nio.NioEventLoop.processSelectedKeysOptimized(NioEventLoop.java:724)
	at io.netty.channel.nio.NioEventLoop.processSelectedKeys(NioEventLoop.java:650)
	at io.netty.channel.nio.NioEventLoop.run(NioEventLoop.java:562)
	at io.netty.util.concurrent.SingleThreadEventExecutor$4.run(SingleThreadEventExecutor.java:997)
	at io.netty.util.internal.ThreadExecutorMap$2.run(ThreadExecutorMap.java:74)
	at io.netty.util.concurrent.FastThreadLocalRunnable.run(FastThreadLocalRunnable.java:30)
	at java.base/java.lang.Thread.run(Thread.java:834)

2023-02-13 11:57:29,227 AsyncHttpClient-1-2 ERROR Unable to invoke factory method in class org.apache.logging.log4j.core.appender.RollingFileAppender for element RollingFile: java.lang.IllegalStateException: No factory method found for class org.apache.logging.log4j.core.appender.RollingFileAppender java.lang.IllegalStateException: No factory method found for class org.apache.logging.log4j.core.appender.RollingFileAppender
	at org.apache.logging.log4j.core.config.plugins.util.PluginBuilder.findFactoryMethod(PluginBuilder.java:260)
	at org.apache.logging.log4j.core.config.plugins.util.PluginBuilder.build(PluginBuilder.java:136)
	at org.apache.logging.log4j.core.config.AbstractConfiguration.createPluginObject(AbstractConfiguration.java:1138)
	at org.apache.logging.log4j.core.config.AbstractConfiguration.createConfiguration(AbstractConfiguration.java:1063)
	at org.apache.logging.log4j.core.appender.routing.RoutingAppender.createAppender(RoutingAppender.java:310)
	at org.apache.logging.log4j.core.appender.routing.RoutingAppender.getControl(RoutingAppender.java:282)
	at org.apache.logging.log4j.core.appender.routing.RoutingAppender.append(RoutingAppender.java:240)
	at org.apache.logging.log4j.core.config.AppenderControl.tryCallAppender(AppenderControl.java:161)
	at org.apache.logging.log4j.core.config.AppenderControl.callAppender0(AppenderControl.java:134)
	at org.apache.logging.log4j.core.config.AppenderControl.callAppenderPreventRecursion(AppenderControl.java:125)
	at org.apache.logging.log4j.core.config.AppenderControl.callAppender(AppenderControl.java:89)
	at org.apache.logging.log4j.core.config.LoggerConfig.callAppenders(LoggerConfig.java:683)
	at org.apache.logging.log4j.core.config.LoggerConfig.processLogEvent(LoggerConfig.java:641)
	at org.apache.logging.log4j.core.config.LoggerConfig.log(LoggerConfig.java:624)
	at org.apache.logging.log4j.core.config.LoggerConfig.log(LoggerConfig.java:531)
	at org.apache.logging.log4j.core.config.AwaitCompletionReliabilityStrategy.log(AwaitCompletionReliabilityStrategy.java:63)
	at org.apache.logging.log4j.core.Logger.logMessage(Logger.java:154)
	at org.apache.logging.log4j.spi.ExtendedLoggerWrapper.logMessage(ExtendedLoggerWrapper.java:222)
	at org.apache.logging.log4j.spi.AbstractLogger.log(AbstractLogger.java:2117)
	at org.apache.logging.log4j.spi.AbstractLogger.tryLogMessage(AbstractLogger.java:2205)
	at org.apache.logging.log4j.spi.AbstractLogger.logMessageTrackRecursion(AbstractLogger.java:2159)
	at org.apache.logging.log4j.spi.AbstractLogger.logMessageSafely(AbstractLogger.java:2142)
	at org.apache.logging.log4j.spi.AbstractLogger.logMessage(AbstractLogger.java:2034)
	at org.apache.logging.log4j.spi.AbstractLogger.logIfEnabled(AbstractLogger.java:1899)
	at org.apache.logging.log4j.spi.AbstractLogger.debug(AbstractLogger.java:453)
	at io.netty.util.Recycler.<clinit>(Recycler.java:85)
	at io.netty.util.internal.ObjectPool$RecyclerObjectPool.<init>(ObjectPool.java:76)
	at io.netty.util.internal.ObjectPool.newPool(ObjectPool.java:69)
	at io.netty.buffer.PoolThreadCache$MemoryRegionCache.<clinit>(PoolThreadCache.java:483)
	at io.netty.buffer.PoolThreadCache.createSubPageCaches(PoolThreadCache.java:117)
	at io.netty.buffer.PoolThreadCache.<init>(PoolThreadCache.java:74)
	at io.netty.buffer.PooledByteBufAllocator$PoolThreadLocalCache.initialValue(PooledByteBufAllocator.java:526)
	at io.netty.buffer.PooledByteBufAllocator$PoolThreadLocalCache.initialValue(PooledByteBufAllocator.java:503)
	at io.netty.util.concurrent.FastThreadLocal.initialize(FastThreadLocal.java:177)
	at io.netty.util.concurrent.FastThreadLocal.get(FastThreadLocal.java:142)
	at io.netty.buffer.PooledByteBufAllocator.newDirectBuffer(PooledByteBufAllocator.java:391)
	at io.netty.buffer.AbstractByteBufAllocator.directBuffer(AbstractByteBufAllocator.java:188)
	at io.netty.buffer.AbstractByteBufAllocator.directBuffer(AbstractByteBufAllocator.java:179)
	at io.netty.buffer.AbstractByteBufAllocator.buffer(AbstractByteBufAllocator.java:116)
	at io.netty.handler.codec.http.HttpObjectEncoder.encodeInitHttpMessage(HttpObjectEncoder.java:502)
	at io.netty.handler.codec.http.HttpObjectEncoder.encodeJustHttpMessage(HttpObjectEncoder.java:191)
	at io.netty.handler.codec.http.HttpObjectEncoder.encode(HttpObjectEncoder.java:178)
	at io.netty.handler.codec.http.HttpClientCodec$Encoder.encode(HttpClientCodec.java:203)
	at io.netty.handler.codec.http.HttpObjectEncoder.write(HttpObjectEncoder.java:97)
	at io.netty.channel.CombinedChannelDuplexHandler.write(CombinedChannelDuplexHandler.java:346)
	at io.netty.channel.AbstractChannelHandlerContext.invokeWrite0(AbstractChannelHandlerContext.java:879)
	at io.netty.channel.AbstractChannelHandlerContext.invokeWrite(AbstractChannelHandlerContext.java:863)
	at io.netty.channel.AbstractChannelHandlerContext.write(AbstractChannelHandlerContext.java:968)
	at io.netty.channel.AbstractChannelHandlerContext.write(AbstractChannelHandlerContext.java:856)
	at io.netty.handler.stream.ChunkedWriteHandler.doFlush(ChunkedWriteHandler.java:302)
	at io.netty.handler.stream.ChunkedWriteHandler.flush(ChunkedWriteHandler.java:131)
	at io.netty.channel.AbstractChannelHandlerContext.invokeFlush0(AbstractChannelHandlerContext.java:923)
	at io.netty.channel.AbstractChannelHandlerContext.invokeWriteAndFlush(AbstractChannelHandlerContext.java:941)
	at io.netty.channel.AbstractChannelHandlerContext.write(AbstractChannelHandlerContext.java:966)
	at io.netty.channel.AbstractChannelHandlerContext.writeAndFlush(AbstractChannelHandlerContext.java:934)
	at io.netty.channel.DefaultChannelPipeline.writeAndFlush(DefaultChannelPipeline.java:1020)
	at io.netty.channel.AbstractChannel.writeAndFlush(AbstractChannel.java:311)
	at org.asynchttpclient.netty.request.body.NettyInputStreamBody.write(NettyInputStreamBody.java:77)
	at org.asynchttpclient.netty.request.NettyRequestSender.writeRequest(NettyRequestSender.java:433)
	at org.asynchttpclient.netty.channel.NettyConnectListener.writeRequest(NettyConnectListener.java:80)
	at org.asynchttpclient.netty.channel.NettyConnectListener.onSuccess(NettyConnectListener.java:156)
	at org.asynchttpclient.netty.channel.NettyChannelConnector$1.onSuccess(NettyChannelConnector.java:92)
	at org.asynchttpclient.netty.SimpleChannelFutureListener.operationComplete(SimpleChannelFutureListener.java:26)
	at org.asynchttpclient.netty.SimpleChannelFutureListener.operationComplete(SimpleChannelFutureListener.java:20)
	at io.netty.util.concurrent.DefaultPromise.notifyListener0(DefaultPromise.java:590)
	at io.netty.util.concurrent.DefaultPromise.notifyListeners0(DefaultPromise.java:583)
	at io.netty.util.concurrent.DefaultPromise.notifyListenersNow(DefaultPromise.java:559)
	at io.netty.util.concurrent.DefaultPromise.notifyListeners(DefaultPromise.java:492)
	at io.netty.util.concurrent.DefaultPromise.setValue0(DefaultPromise.java:636)
	at io.netty.util.concurrent.DefaultPromise.setSuccess0(DefaultPromise.java:625)
	at io.netty.util.concurrent.DefaultPromise.trySuccess(DefaultPromise.java:105)
	at io.netty.channel.DefaultChannelPromise.trySuccess(DefaultChannelPromise.java:84)
	at io.netty.channel.nio.AbstractNioChannel$AbstractNioUnsafe.fulfillConnectPromise(AbstractNioChannel.java:300)
	at io.netty.channel.nio.AbstractNioChannel$AbstractNioUnsafe.finishConnect(AbstractNioChannel.java:335)
	at io.netty.channel.nio.NioEventLoop.processSelectedKey(NioEventLoop.java:776)
	at io.netty.channel.nio.NioEventLoop.processSelectedKeysOptimized(NioEventLoop.java:724)
	at io.netty.channel.nio.NioEventLoop.processSelectedKeys(NioEventLoop.java:650)
	at io.netty.channel.nio.NioEventLoop.run(NioEventLoop.java:562)
	at io.netty.util.concurrent.SingleThreadEventExecutor$4.run(SingleThreadEventExecutor.java:997)
	at io.netty.util.internal.ThreadExecutorMap$2.run(ThreadExecutorMap.java:74)
	at io.netty.util.concurrent.FastThreadLocalRunnable.run(FastThreadLocalRunnable.java:30)
	at java.base/java.lang.Thread.run(Thread.java:834)

2023-02-13 11:57:29,228 AsyncHttpClient-1-2 ERROR Unable to create file ./results/logs/${ctx:threadName}.log java.io.IOException: The filename, directory name, or volume label syntax is incorrect
	at java.base/java.io.WinNTFileSystem.canonicalizeWithPrefix0(Native Method)
	at java.base/java.io.WinNTFileSystem.canonicalizeWithPrefix(WinNTFileSystem.java:506)
	at java.base/java.io.WinNTFileSystem.canonicalize(WinNTFileSystem.java:477)
	at java.base/java.io.File.getCanonicalPath(File.java:626)
	at java.base/java.io.File.getCanonicalFile(File.java:651)
	at org.apache.logging.log4j.core.util.FileUtils.makeParentDirs(FileUtils.java:139)
	at org.apache.logging.log4j.core.appender.rolling.RollingFileManager$RollingFileManagerFactory.createManager(RollingFileManager.java:734)
	at org.apache.logging.log4j.core.appender.rolling.RollingFileManager$RollingFileManagerFactory.createManager(RollingFileManager.java:718)
	at org.apache.logging.log4j.core.appender.AbstractManager.getManager(AbstractManager.java:144)
	at org.apache.logging.log4j.core.appender.OutputStreamManager.getManager(OutputStreamManager.java:100)
	at org.apache.logging.log4j.core.appender.rolling.RollingFileManager.getFileManager(RollingFileManager.java:217)
	at org.apache.logging.log4j.core.appender.RollingFileAppender$Builder.build(RollingFileAppender.java:135)
	at org.apache.logging.log4j.core.appender.RollingFileAppender$Builder.build(RollingFileAppender.java:62)
	at org.apache.logging.log4j.core.config.plugins.util.PluginBuilder.build(PluginBuilder.java:124)
	at org.apache.logging.log4j.core.config.AbstractConfiguration.createPluginObject(AbstractConfiguration.java:1138)
	at org.apache.logging.log4j.core.config.AbstractConfiguration.createConfiguration(AbstractConfiguration.java:1063)
	at org.apache.logging.log4j.core.appender.routing.RoutingAppender.createAppender(RoutingAppender.java:310)
	at org.apache.logging.log4j.core.appender.routing.RoutingAppender.getControl(RoutingAppender.java:282)
	at org.apache.logging.log4j.core.appender.routing.RoutingAppender.append(RoutingAppender.java:240)
	at org.apache.logging.log4j.core.config.AppenderControl.tryCallAppender(AppenderControl.java:161)
	at org.apache.logging.log4j.core.config.AppenderControl.callAppender0(AppenderControl.java:134)
	at org.apache.logging.log4j.core.config.AppenderControl.callAppenderPreventRecursion(AppenderControl.java:125)
	at org.apache.logging.log4j.core.config.AppenderControl.callAppender(AppenderControl.java:89)
	at org.apache.logging.log4j.core.config.LoggerConfig.callAppenders(LoggerConfig.java:683)
	at org.apache.logging.log4j.core.config.LoggerConfig.processLogEvent(LoggerConfig.java:641)
	at org.apache.logging.log4j.core.config.LoggerConfig.log(LoggerConfig.java:624)
	at org.apache.logging.log4j.core.config.LoggerConfig.log(LoggerConfig.java:531)
	at org.apache.logging.log4j.core.config.AwaitCompletionReliabilityStrategy.log(AwaitCompletionReliabilityStrategy.java:63)
	at org.apache.logging.log4j.core.Logger.logMessage(Logger.java:154)
	at org.apache.logging.log4j.spi.ExtendedLoggerWrapper.logMessage(ExtendedLoggerWrapper.java:222)
	at org.apache.logging.log4j.spi.AbstractLogger.log(AbstractLogger.java:2117)
	at org.apache.logging.log4j.spi.AbstractLogger.tryLogMessage(AbstractLogger.java:2205)
	at org.apache.logging.log4j.spi.AbstractLogger.logMessageTrackRecursion(AbstractLogger.java:2159)
	at org.apache.logging.log4j.spi.AbstractLogger.logMessageSafely(AbstractLogger.java:2142)
	at org.apache.logging.log4j.spi.AbstractLogger.logMessage(AbstractLogger.java:2034)
	at org.apache.logging.log4j.spi.AbstractLogger.logIfEnabled(AbstractLogger.java:1899)
	at org.apache.logging.log4j.spi.AbstractLogger.debug(AbstractLogger.java:453)
	at io.netty.util.Recycler.<clinit>(Recycler.java:86)
	at io.netty.util.internal.ObjectPool$RecyclerObjectPool.<init>(ObjectPool.java:76)
	at io.netty.util.internal.ObjectPool.newPool(ObjectPool.java:69)
	at io.netty.buffer.PoolThreadCache$MemoryRegionCache.<clinit>(PoolThreadCache.java:483)
	at io.netty.buffer.PoolThreadCache.createSubPageCaches(PoolThreadCache.java:117)
	at io.netty.buffer.PoolThreadCache.<init>(PoolThreadCache.java:74)
	at io.netty.buffer.PooledByteBufAllocator$PoolThreadLocalCache.initialValue(PooledByteBufAllocator.java:526)
	at io.netty.buffer.PooledByteBufAllocator$PoolThreadLocalCache.initialValue(PooledByteBufAllocator.java:503)
	at io.netty.util.concurrent.FastThreadLocal.initialize(FastThreadLocal.java:177)
	at io.netty.util.concurrent.FastThreadLocal.get(FastThreadLocal.java:142)
	at io.netty.buffer.PooledByteBufAllocator.newDirectBuffer(PooledByteBufAllocator.java:391)
	at io.netty.buffer.AbstractByteBufAllocator.directBuffer(AbstractByteBufAllocator.java:188)
	at io.netty.buffer.AbstractByteBufAllocator.directBuffer(AbstractByteBufAllocator.java:179)
	at io.netty.buffer.AbstractByteBufAllocator.buffer(AbstractByteBufAllocator.java:116)
	at io.netty.handler.codec.http.HttpObjectEncoder.encodeInitHttpMessage(HttpObjectEncoder.java:502)
	at io.netty.handler.codec.http.HttpObjectEncoder.encodeJustHttpMessage(HttpObjectEncoder.java:191)
	at io.netty.handler.codec.http.HttpObjectEncoder.encode(HttpObjectEncoder.java:178)
	at io.netty.handler.codec.http.HttpClientCodec$Encoder.encode(HttpClientCodec.java:203)
	at io.netty.handler.codec.http.HttpObjectEncoder.write(HttpObjectEncoder.java:97)
	at io.netty.channel.CombinedChannelDuplexHandler.write(CombinedChannelDuplexHandler.java:346)
	at io.netty.channel.AbstractChannelHandlerContext.invokeWrite0(AbstractChannelHandlerContext.java:879)
	at io.netty.channel.AbstractChannelHandlerContext.invokeWrite(AbstractChannelHandlerContext.java:863)
	at io.netty.channel.AbstractChannelHandlerContext.write(AbstractChannelHandlerContext.java:968)
	at io.netty.channel.AbstractChannelHandlerContext.write(AbstractChannelHandlerContext.java:856)
	at io.netty.handler.stream.ChunkedWriteHandler.doFlush(ChunkedWriteHandler.java:302)
	at io.netty.handler.stream.ChunkedWriteHandler.flush(ChunkedWriteHandler.java:131)
	at io.netty.channel.AbstractChannelHandlerContext.invokeFlush0(AbstractChannelHandlerContext.java:923)
	at io.netty.channel.AbstractChannelHandlerContext.invokeWriteAndFlush(AbstractChannelHandlerContext.java:941)
	at io.netty.channel.AbstractChannelHandlerContext.write(AbstractChannelHandlerContext.java:966)
	at io.netty.channel.AbstractChannelHandlerContext.writeAndFlush(AbstractChannelHandlerContext.java:934)
	at io.netty.channel.DefaultChannelPipeline.writeAndFlush(DefaultChannelPipeline.java:1020)
	at io.netty.channel.AbstractChannel.writeAndFlush(AbstractChannel.java:311)
	at org.asynchttpclient.netty.request.body.NettyInputStreamBody.write(NettyInputStreamBody.java:77)
	at org.asynchttpclient.netty.request.NettyRequestSender.writeRequest(NettyRequestSender.java:433)
	at org.asynchttpclient.netty.channel.NettyConnectListener.writeRequest(NettyConnectListener.java:80)
	at org.asynchttpclient.netty.channel.NettyConnectListener.onSuccess(NettyConnectListener.java:156)
	at org.asynchttpclient.netty.channel.NettyChannelConnector$1.onSuccess(NettyChannelConnector.java:92)
	at org.asynchttpclient.netty.SimpleChannelFutureListener.operationComplete(SimpleChannelFutureListener.java:26)
	at org.asynchttpclient.netty.SimpleChannelFutureListener.operationComplete(SimpleChannelFutureListener.java:20)
	at io.netty.util.concurrent.DefaultPromise.notifyListener0(DefaultPromise.java:590)
	at io.netty.util.concurrent.DefaultPromise.notifyListeners0(DefaultPromise.java:583)
	at io.netty.util.concurrent.DefaultPromise.notifyListenersNow(DefaultPromise.java:559)
	at io.netty.util.concurrent.DefaultPromise.notifyListeners(DefaultPromise.java:492)
	at io.netty.util.concurrent.DefaultPromise.setValue0(DefaultPromise.java:636)
	at io.netty.util.concurrent.DefaultPromise.setSuccess0(DefaultPromise.java:625)
	at io.netty.util.concurrent.DefaultPromise.trySuccess(DefaultPromise.java:105)
	at io.netty.channel.DefaultChannelPromise.trySuccess(DefaultChannelPromise.java:84)
	at io.netty.channel.nio.AbstractNioChannel$AbstractNioUnsafe.fulfillConnectPromise(AbstractNioChannel.java:300)
	at io.netty.channel.nio.AbstractNioChannel$AbstractNioUnsafe.finishConnect(AbstractNioChannel.java:335)
	at io.netty.channel.nio.NioEventLoop.processSelectedKey(NioEventLoop.java:776)
	at io.netty.channel.nio.NioEventLoop.processSelectedKeysOptimized(NioEventLoop.java:724)
	at io.netty.channel.nio.NioEventLoop.processSelectedKeys(NioEventLoop.java:650)
	at io.netty.channel.nio.NioEventLoop.run(NioEventLoop.java:562)
	at io.netty.util.concurrent.SingleThreadEventExecutor$4.run(SingleThreadEventExecutor.java:997)
	at io.netty.util.internal.ThreadExecutorMap$2.run(ThreadExecutorMap.java:74)
	at io.netty.util.concurrent.FastThreadLocalRunnable.run(FastThreadLocalRunnable.java:30)
	at java.base/java.lang.Thread.run(Thread.java:834)

2023-02-13 11:57:29,229 AsyncHttpClient-1-2 ERROR Could not create plugin of type class org.apache.logging.log4j.core.appender.RollingFileAppender for element RollingFile: java.lang.IllegalStateException: ManagerFactory [org.apache.logging.log4j.core.appender.rolling.RollingFileManager$RollingFileManagerFactory@4e6d7365] unable to create manager for [./results/logs/${ctx:threadName}.log] with data [org.apache.logging.log4j.core.appender.rolling.RollingFileManager$FactoryData@77bed416[pattern=./results/logs/${ctx:threadName}-%d{yyyy-MM-dd}.log, append=true, bufferedIO=true, bufferSize=8192, policy=SizeBasedTriggeringPolicy(size=512000), strategy=DefaultRolloverStrategy(min=1, max=7, useMax=true), advertiseURI=null, layout=%d{HH:mm:ss.SSS} [%t] %-5level %logger{36} - %msg%n, filePermissions=null, fileOwner=null]] java.lang.IllegalStateException: ManagerFactory [org.apache.logging.log4j.core.appender.rolling.RollingFileManager$RollingFileManagerFactory@4e6d7365] unable to create manager for [./results/logs/${ctx:threadName}.log] with data [org.apache.logging.log4j.core.appender.rolling.RollingFileManager$FactoryData@77bed416[pattern=./results/logs/${ctx:threadName}-%d{yyyy-MM-dd}.log, append=true, bufferedIO=true, bufferSize=8192, policy=SizeBasedTriggeringPolicy(size=512000), strategy=DefaultRolloverStrategy(min=1, max=7, useMax=true), advertiseURI=null, layout=%d{HH:mm:ss.SSS} [%t] %-5level %logger{36} - %msg%n, filePermissions=null, fileOwner=null]]
	at org.apache.logging.log4j.core.appender.AbstractManager.getManager(AbstractManager.java:146)
	at org.apache.logging.log4j.core.appender.OutputStreamManager.getManager(OutputStreamManager.java:100)
	at org.apache.logging.log4j.core.appender.rolling.RollingFileManager.getFileManager(RollingFileManager.java:217)
	at org.apache.logging.log4j.core.appender.RollingFileAppender$Builder.build(RollingFileAppender.java:135)
	at org.apache.logging.log4j.core.appender.RollingFileAppender$Builder.build(RollingFileAppender.java:62)
	at org.apache.logging.log4j.core.config.plugins.util.PluginBuilder.build(PluginBuilder.java:124)
	at org.apache.logging.log4j.core.config.AbstractConfiguration.createPluginObject(AbstractConfiguration.java:1138)
	at org.apache.logging.log4j.core.config.AbstractConfiguration.createConfiguration(AbstractConfiguration.java:1063)
	at org.apache.logging.log4j.core.appender.routing.RoutingAppender.createAppender(RoutingAppender.java:310)
	at org.apache.logging.log4j.core.appender.routing.RoutingAppender.getControl(RoutingAppender.java:282)
	at org.apache.logging.log4j.core.appender.routing.RoutingAppender.append(RoutingAppender.java:240)
	at org.apache.logging.log4j.core.config.AppenderControl.tryCallAppender(AppenderControl.java:161)
	at org.apache.logging.log4j.core.config.AppenderControl.callAppender0(AppenderControl.java:134)
	at org.apache.logging.log4j.core.config.AppenderControl.callAppenderPreventRecursion(AppenderControl.java:125)
	at org.apache.logging.log4j.core.config.AppenderControl.callAppender(AppenderControl.java:89)
	at org.apache.logging.log4j.core.config.LoggerConfig.callAppenders(LoggerConfig.java:683)
	at org.apache.logging.log4j.core.config.LoggerConfig.processLogEvent(LoggerConfig.java:641)
	at org.apache.logging.log4j.core.config.LoggerConfig.log(LoggerConfig.java:624)
	at org.apache.logging.log4j.core.config.LoggerConfig.log(LoggerConfig.java:531)
	at org.apache.logging.log4j.core.config.AwaitCompletionReliabilityStrategy.log(AwaitCompletionReliabilityStrategy.java:63)
	at org.apache.logging.log4j.core.Logger.logMessage(Logger.java:154)
	at org.apache.logging.log4j.spi.ExtendedLoggerWrapper.logMessage(ExtendedLoggerWrapper.java:222)
	at org.apache.logging.log4j.spi.AbstractLogger.log(AbstractLogger.java:2117)
	at org.apache.logging.log4j.spi.AbstractLogger.tryLogMessage(AbstractLogger.java:2205)
	at org.apache.logging.log4j.spi.AbstractLogger.logMessageTrackRecursion(AbstractLogger.java:2159)
	at org.apache.logging.log4j.spi.AbstractLogger.logMessageSafely(AbstractLogger.java:2142)
	at org.apache.logging.log4j.spi.AbstractLogger.logMessage(AbstractLogger.java:2034)
	at org.apache.logging.log4j.spi.AbstractLogger.logIfEnabled(AbstractLogger.java:1899)
	at org.apache.logging.log4j.spi.AbstractLogger.debug(AbstractLogger.java:453)
	at io.netty.util.Recycler.<clinit>(Recycler.java:86)
	at io.netty.util.internal.ObjectPool$RecyclerObjectPool.<init>(ObjectPool.java:76)
	at io.netty.util.internal.ObjectPool.newPool(ObjectPool.java:69)
	at io.netty.buffer.PoolThreadCache$MemoryRegionCache.<clinit>(PoolThreadCache.java:483)
	at io.netty.buffer.PoolThreadCache.createSubPageCaches(PoolThreadCache.java:117)
	at io.netty.buffer.PoolThreadCache.<init>(PoolThreadCache.java:74)
	at io.netty.buffer.PooledByteBufAllocator$PoolThreadLocalCache.initialValue(PooledByteBufAllocator.java:526)
	at io.netty.buffer.PooledByteBufAllocator$PoolThreadLocalCache.initialValue(PooledByteBufAllocator.java:503)
	at io.netty.util.concurrent.FastThreadLocal.initialize(FastThreadLocal.java:177)
	at io.netty.util.concurrent.FastThreadLocal.get(FastThreadLocal.java:142)
	at io.netty.buffer.PooledByteBufAllocator.newDirectBuffer(PooledByteBufAllocator.java:391)
	at io.netty.buffer.AbstractByteBufAllocator.directBuffer(AbstractByteBufAllocator.java:188)
	at io.netty.buffer.AbstractByteBufAllocator.directBuffer(AbstractByteBufAllocator.java:179)
	at io.netty.buffer.AbstractByteBufAllocator.buffer(AbstractByteBufAllocator.java:116)
	at io.netty.handler.codec.http.HttpObjectEncoder.encodeInitHttpMessage(HttpObjectEncoder.java:502)
	at io.netty.handler.codec.http.HttpObjectEncoder.encodeJustHttpMessage(HttpObjectEncoder.java:191)
	at io.netty.handler.codec.http.HttpObjectEncoder.encode(HttpObjectEncoder.java:178)
	at io.netty.handler.codec.http.HttpClientCodec$Encoder.encode(HttpClientCodec.java:203)
	at io.netty.handler.codec.http.HttpObjectEncoder.write(HttpObjectEncoder.java:97)
	at io.netty.channel.CombinedChannelDuplexHandler.write(CombinedChannelDuplexHandler.java:346)
	at io.netty.channel.AbstractChannelHandlerContext.invokeWrite0(AbstractChannelHandlerContext.java:879)
	at io.netty.channel.AbstractChannelHandlerContext.invokeWrite(AbstractChannelHandlerContext.java:863)
	at io.netty.channel.AbstractChannelHandlerContext.write(AbstractChannelHandlerContext.java:968)
	at io.netty.channel.AbstractChannelHandlerContext.write(AbstractChannelHandlerContext.java:856)
	at io.netty.handler.stream.ChunkedWriteHandler.doFlush(ChunkedWriteHandler.java:302)
	at io.netty.handler.stream.ChunkedWriteHandler.flush(ChunkedWriteHandler.java:131)
	at io.netty.channel.AbstractChannelHandlerContext.invokeFlush0(AbstractChannelHandlerContext.java:923)
	at io.netty.channel.AbstractChannelHandlerContext.invokeWriteAndFlush(AbstractChannelHandlerContext.java:941)
	at io.netty.channel.AbstractChannelHandlerContext.write(AbstractChannelHandlerContext.java:966)
	at io.netty.channel.AbstractChannelHandlerContext.writeAndFlush(AbstractChannelHandlerContext.java:934)
	at io.netty.channel.DefaultChannelPipeline.writeAndFlush(DefaultChannelPipeline.java:1020)
	at io.netty.channel.AbstractChannel.writeAndFlush(AbstractChannel.java:311)
	at org.asynchttpclient.netty.request.body.NettyInputStreamBody.write(NettyInputStreamBody.java:77)
	at org.asynchttpclient.netty.request.NettyRequestSender.writeRequest(NettyRequestSender.java:433)
	at org.asynchttpclient.netty.channel.NettyConnectListener.writeRequest(NettyConnectListener.java:80)
	at org.asynchttpclient.netty.channel.NettyConnectListener.onSuccess(NettyConnectListener.java:156)
	at org.asynchttpclient.netty.channel.NettyChannelConnector$1.onSuccess(NettyChannelConnector.java:92)
	at org.asynchttpclient.netty.SimpleChannelFutureListener.operationComplete(SimpleChannelFutureListener.java:26)
	at org.asynchttpclient.netty.SimpleChannelFutureListener.operationComplete(SimpleChannelFutureListener.java:20)
	at io.netty.util.concurrent.DefaultPromise.notifyListener0(DefaultPromise.java:590)
	at io.netty.util.concurrent.DefaultPromise.notifyListeners0(DefaultPromise.java:583)
	at io.netty.util.concurrent.DefaultPromise.notifyListenersNow(DefaultPromise.java:559)
	at io.netty.util.concurrent.DefaultPromise.notifyListeners(DefaultPromise.java:492)
	at io.netty.util.concurrent.DefaultPromise.setValue0(DefaultPromise.java:636)
	at io.netty.util.concurrent.DefaultPromise.setSuccess0(DefaultPromise.java:625)
	at io.netty.util.concurrent.DefaultPromise.trySuccess(DefaultPromise.java:105)
	at io.netty.channel.DefaultChannelPromise.trySuccess(DefaultChannelPromise.java:84)
	at io.netty.channel.nio.AbstractNioChannel$AbstractNioUnsafe.fulfillConnectPromise(AbstractNioChannel.java:300)
	at io.netty.channel.nio.AbstractNioChannel$AbstractNioUnsafe.finishConnect(AbstractNioChannel.java:335)
	at io.netty.channel.nio.NioEventLoop.processSelectedKey(NioEventLoop.java:776)
	at io.netty.channel.nio.NioEventLoop.processSelectedKeysOptimized(NioEventLoop.java:724)
	at io.netty.channel.nio.NioEventLoop.processSelectedKeys(NioEventLoop.java:650)
	at io.netty.channel.nio.NioEventLoop.run(NioEventLoop.java:562)
	at io.netty.util.concurrent.SingleThreadEventExecutor$4.run(SingleThreadEventExecutor.java:997)
	at io.netty.util.internal.ThreadExecutorMap$2.run(ThreadExecutorMap.java:74)
	at io.netty.util.concurrent.FastThreadLocalRunnable.run(FastThreadLocalRunnable.java:30)
	at java.base/java.lang.Thread.run(Thread.java:834)

2023-02-13 11:57:29,229 AsyncHttpClient-1-2 ERROR Unable to invoke factory method in class org.apache.logging.log4j.core.appender.RollingFileAppender for element RollingFile: java.lang.IllegalStateException: No factory method found for class org.apache.logging.log4j.core.appender.RollingFileAppender java.lang.IllegalStateException: No factory method found for class org.apache.logging.log4j.core.appender.RollingFileAppender
	at org.apache.logging.log4j.core.config.plugins.util.PluginBuilder.findFactoryMethod(PluginBuilder.java:260)
	at org.apache.logging.log4j.core.config.plugins.util.PluginBuilder.build(PluginBuilder.java:136)
	at org.apache.logging.log4j.core.config.AbstractConfiguration.createPluginObject(AbstractConfiguration.java:1138)
	at org.apache.logging.log4j.core.config.AbstractConfiguration.createConfiguration(AbstractConfiguration.java:1063)
	at org.apache.logging.log4j.core.appender.routing.RoutingAppender.createAppender(RoutingAppender.java:310)
	at org.apache.logging.log4j.core.appender.routing.RoutingAppender.getControl(RoutingAppender.java:282)
	at org.apache.logging.log4j.core.appender.routing.RoutingAppender.append(RoutingAppender.java:240)
	at org.apache.logging.log4j.core.config.AppenderControl.tryCallAppender(AppenderControl.java:161)
	at org.apache.logging.log4j.core.config.AppenderControl.callAppender0(AppenderControl.java:134)
	at org.apache.logging.log4j.core.config.AppenderControl.callAppenderPreventRecursion(AppenderControl.java:125)
	at org.apache.logging.log4j.core.config.AppenderControl.callAppender(AppenderControl.java:89)
	at org.apache.logging.log4j.core.config.LoggerConfig.callAppenders(LoggerConfig.java:683)
	at org.apache.logging.log4j.core.config.LoggerConfig.processLogEvent(LoggerConfig.java:641)
	at org.apache.logging.log4j.core.config.LoggerConfig.log(LoggerConfig.java:624)
	at org.apache.logging.log4j.core.config.LoggerConfig.log(LoggerConfig.java:531)
	at org.apache.logging.log4j.core.config.AwaitCompletionReliabilityStrategy.log(AwaitCompletionReliabilityStrategy.java:63)
	at org.apache.logging.log4j.core.Logger.logMessage(Logger.java:154)
	at org.apache.logging.log4j.spi.ExtendedLoggerWrapper.logMessage(ExtendedLoggerWrapper.java:222)
	at org.apache.logging.log4j.spi.AbstractLogger.log(AbstractLogger.java:2117)
	at org.apache.logging.log4j.spi.AbstractLogger.tryLogMessage(AbstractLogger.java:2205)
	at org.apache.logging.log4j.spi.AbstractLogger.logMessageTrackRecursion(AbstractLogger.java:2159)
	at org.apache.logging.log4j.spi.AbstractLogger.logMessageSafely(AbstractLogger.java:2142)
	at org.apache.logging.log4j.spi.AbstractLogger.logMessage(AbstractLogger.java:2034)
	at org.apache.logging.log4j.spi.AbstractLogger.logIfEnabled(AbstractLogger.java:1899)
	at org.apache.logging.log4j.spi.AbstractLogger.debug(AbstractLogger.java:453)
	at io.netty.util.Recycler.<clinit>(Recycler.java:86)
	at io.netty.util.internal.ObjectPool$RecyclerObjectPool.<init>(ObjectPool.java:76)
	at io.netty.util.internal.ObjectPool.newPool(ObjectPool.java:69)
	at io.netty.buffer.PoolThreadCache$MemoryRegionCache.<clinit>(PoolThreadCache.java:483)
	at io.netty.buffer.PoolThreadCache.createSubPageCaches(PoolThreadCache.java:117)
	at io.netty.buffer.PoolThreadCache.<init>(PoolThreadCache.java:74)
	at io.netty.buffer.PooledByteBufAllocator$PoolThreadLocalCache.initialValue(PooledByteBufAllocator.java:526)
	at io.netty.buffer.PooledByteBufAllocator$PoolThreadLocalCache.initialValue(PooledByteBufAllocator.java:503)
	at io.netty.util.concurrent.FastThreadLocal.initialize(FastThreadLocal.java:177)
	at io.netty.util.concurrent.FastThreadLocal.get(FastThreadLocal.java:142)
	at io.netty.buffer.PooledByteBufAllocator.newDirectBuffer(PooledByteBufAllocator.java:391)
	at io.netty.buffer.AbstractByteBufAllocator.directBuffer(AbstractByteBufAllocator.java:188)
	at io.netty.buffer.AbstractByteBufAllocator.directBuffer(AbstractByteBufAllocator.java:179)
	at io.netty.buffer.AbstractByteBufAllocator.buffer(AbstractByteBufAllocator.java:116)
	at io.netty.handler.codec.http.HttpObjectEncoder.encodeInitHttpMessage(HttpObjectEncoder.java:502)
	at io.netty.handler.codec.http.HttpObjectEncoder.encodeJustHttpMessage(HttpObjectEncoder.java:191)
	at io.netty.handler.codec.http.HttpObjectEncoder.encode(HttpObjectEncoder.java:178)
	at io.netty.handler.codec.http.HttpClientCodec$Encoder.encode(HttpClientCodec.java:203)
	at io.netty.handler.codec.http.HttpObjectEncoder.write(HttpObjectEncoder.java:97)
	at io.netty.channel.CombinedChannelDuplexHandler.write(CombinedChannelDuplexHandler.java:346)
	at io.netty.channel.AbstractChannelHandlerContext.invokeWrite0(AbstractChannelHandlerContext.java:879)
	at io.netty.channel.AbstractChannelHandlerContext.invokeWrite(AbstractChannelHandlerContext.java:863)
	at io.netty.channel.AbstractChannelHandlerContext.write(AbstractChannelHandlerContext.java:968)
	at io.netty.channel.AbstractChannelHandlerContext.write(AbstractChannelHandlerContext.java:856)
	at io.netty.handler.stream.ChunkedWriteHandler.doFlush(ChunkedWriteHandler.java:302)
	at io.netty.handler.stream.ChunkedWriteHandler.flush(ChunkedWriteHandler.java:131)
	at io.netty.channel.AbstractChannelHandlerContext.invokeFlush0(AbstractChannelHandlerContext.java:923)
	at io.netty.channel.AbstractChannelHandlerContext.invokeWriteAndFlush(AbstractChannelHandlerContext.java:941)
	at io.netty.channel.AbstractChannelHandlerContext.write(AbstractChannelHandlerContext.java:966)
	at io.netty.channel.AbstractChannelHandlerContext.writeAndFlush(AbstractChannelHandlerContext.java:934)
	at io.netty.channel.DefaultChannelPipeline.writeAndFlush(DefaultChannelPipeline.java:1020)
	at io.netty.channel.AbstractChannel.writeAndFlush(AbstractChannel.java:311)
	at org.asynchttpclient.netty.request.body.NettyInputStreamBody.write(NettyInputStreamBody.java:77)
	at org.asynchttpclient.netty.request.NettyRequestSender.writeRequest(NettyRequestSender.java:433)
	at org.asynchttpclient.netty.channel.NettyConnectListener.writeRequest(NettyConnectListener.java:80)
	at org.asynchttpclient.netty.channel.NettyConnectListener.onSuccess(NettyConnectListener.java:156)
	at org.asynchttpclient.netty.channel.NettyChannelConnector$1.onSuccess(NettyChannelConnector.java:92)
	at org.asynchttpclient.netty.SimpleChannelFutureListener.operationComplete(SimpleChannelFutureListener.java:26)
	at org.asynchttpclient.netty.SimpleChannelFutureListener.operationComplete(SimpleChannelFutureListener.java:20)
	at io.netty.util.concurrent.DefaultPromise.notifyListener0(DefaultPromise.java:590)
	at io.netty.util.concurrent.DefaultPromise.notifyListeners0(DefaultPromise.java:583)
	at io.netty.util.concurrent.DefaultPromise.notifyListenersNow(DefaultPromise.java:559)
	at io.netty.util.concurrent.DefaultPromise.notifyListeners(DefaultPromise.java:492)
	at io.netty.util.concurrent.DefaultPromise.setValue0(DefaultPromise.java:636)
	at io.netty.util.concurrent.DefaultPromise.setSuccess0(DefaultPromise.java:625)
	at io.netty.util.concurrent.DefaultPromise.trySuccess(DefaultPromise.java:105)
	at io.netty.channel.DefaultChannelPromise.trySuccess(DefaultChannelPromise.java:84)
	at io.netty.channel.nio.AbstractNioChannel$AbstractNioUnsafe.fulfillConnectPromise(AbstractNioChannel.java:300)
	at io.netty.channel.nio.AbstractNioChannel$AbstractNioUnsafe.finishConnect(AbstractNioChannel.java:335)
	at io.netty.channel.nio.NioEventLoop.processSelectedKey(NioEventLoop.java:776)
	at io.netty.channel.nio.NioEventLoop.processSelectedKeysOptimized(NioEventLoop.java:724)
	at io.netty.channel.nio.NioEventLoop.processSelectedKeys(NioEventLoop.java:650)
	at io.netty.channel.nio.NioEventLoop.run(NioEventLoop.java:562)
	at io.netty.util.concurrent.SingleThreadEventExecutor$4.run(SingleThreadEventExecutor.java:997)
	at io.netty.util.internal.ThreadExecutorMap$2.run(ThreadExecutorMap.java:74)
	at io.netty.util.concurrent.FastThreadLocalRunnable.run(FastThreadLocalRunnable.java:30)
	at java.base/java.lang.Thread.run(Thread.java:834)

2023-02-13 11:57:29,231 AsyncHttpClient-1-2 ERROR Unable to create file ./results/logs/${ctx:threadName}.log java.io.IOException: The filename, directory name, or volume label syntax is incorrect
	at java.base/java.io.WinNTFileSystem.canonicalizeWithPrefix0(Native Method)
	at java.base/java.io.WinNTFileSystem.canonicalizeWithPrefix(WinNTFileSystem.java:506)
	at java.base/java.io.WinNTFileSystem.canonicalize(WinNTFileSystem.java:477)
	at java.base/java.io.File.getCanonicalPath(File.java:626)
	at java.base/java.io.File.getCanonicalFile(File.java:651)
	at org.apache.logging.log4j.core.util.FileUtils.makeParentDirs(FileUtils.java:139)
	at org.apache.logging.log4j.core.appender.rolling.RollingFileManager$RollingFileManagerFactory.createManager(RollingFileManager.java:734)
	at org.apache.logging.log4j.core.appender.rolling.RollingFileManager$RollingFileManagerFactory.createManager(RollingFileManager.java:718)
	at org.apache.logging.log4j.core.appender.AbstractManager.getManager(AbstractManager.java:144)
	at org.apache.logging.log4j.core.appender.OutputStreamManager.getManager(OutputStreamManager.java:100)
	at org.apache.logging.log4j.core.appender.rolling.RollingFileManager.getFileManager(RollingFileManager.java:217)
	at org.apache.logging.log4j.core.appender.RollingFileAppender$Builder.build(RollingFileAppender.java:135)
	at org.apache.logging.log4j.core.appender.RollingFileAppender$Builder.build(RollingFileAppender.java:62)
	at org.apache.logging.log4j.core.config.plugins.util.PluginBuilder.build(PluginBuilder.java:124)
	at org.apache.logging.log4j.core.config.AbstractConfiguration.createPluginObject(AbstractConfiguration.java:1138)
	at org.apache.logging.log4j.core.config.AbstractConfiguration.createConfiguration(AbstractConfiguration.java:1063)
	at org.apache.logging.log4j.core.appender.routing.RoutingAppender.createAppender(RoutingAppender.java:310)
	at org.apache.logging.log4j.core.appender.routing.RoutingAppender.getControl(RoutingAppender.java:282)
	at org.apache.logging.log4j.core.appender.routing.RoutingAppender.append(RoutingAppender.java:240)
	at org.apache.logging.log4j.core.config.AppenderControl.tryCallAppender(AppenderControl.java:161)
	at org.apache.logging.log4j.core.config.AppenderControl.callAppender0(AppenderControl.java:134)
	at org.apache.logging.log4j.core.config.AppenderControl.callAppenderPreventRecursion(AppenderControl.java:125)
	at org.apache.logging.log4j.core.config.AppenderControl.callAppender(AppenderControl.java:89)
	at org.apache.logging.log4j.core.config.LoggerConfig.callAppenders(LoggerConfig.java:683)
	at org.apache.logging.log4j.core.config.LoggerConfig.processLogEvent(LoggerConfig.java:641)
	at org.apache.logging.log4j.core.config.LoggerConfig.log(LoggerConfig.java:624)
	at org.apache.logging.log4j.core.config.LoggerConfig.log(LoggerConfig.java:531)
	at org.apache.logging.log4j.core.config.AwaitCompletionReliabilityStrategy.log(AwaitCompletionReliabilityStrategy.java:63)
	at org.apache.logging.log4j.core.Logger.logMessage(Logger.java:154)
	at org.apache.logging.log4j.spi.ExtendedLoggerWrapper.logMessage(ExtendedLoggerWrapper.java:222)
	at org.apache.logging.log4j.spi.AbstractLogger.log(AbstractLogger.java:2117)
	at org.apache.logging.log4j.spi.AbstractLogger.tryLogMessage(AbstractLogger.java:2205)
	at org.apache.logging.log4j.spi.AbstractLogger.logMessageTrackRecursion(AbstractLogger.java:2159)
	at org.apache.logging.log4j.spi.AbstractLogger.logMessageSafely(AbstractLogger.java:2142)
	at org.apache.logging.log4j.spi.AbstractLogger.logMessage(AbstractLogger.java:2034)
	at org.apache.logging.log4j.spi.AbstractLogger.logIfEnabled(AbstractLogger.java:1899)
	at org.apache.logging.log4j.spi.AbstractLogger.debug(AbstractLogger.java:453)
	at io.netty.util.Recycler.<clinit>(Recycler.java:87)
	at io.netty.util.internal.ObjectPool$RecyclerObjectPool.<init>(ObjectPool.java:76)
	at io.netty.util.internal.ObjectPool.newPool(ObjectPool.java:69)
	at io.netty.buffer.PoolThreadCache$MemoryRegionCache.<clinit>(PoolThreadCache.java:483)
	at io.netty.buffer.PoolThreadCache.createSubPageCaches(PoolThreadCache.java:117)
	at io.netty.buffer.PoolThreadCache.<init>(PoolThreadCache.java:74)
	at io.netty.buffer.PooledByteBufAllocator$PoolThreadLocalCache.initialValue(PooledByteBufAllocator.java:526)
	at io.netty.buffer.PooledByteBufAllocator$PoolThreadLocalCache.initialValue(PooledByteBufAllocator.java:503)
	at io.netty.util.concurrent.FastThreadLocal.initialize(FastThreadLocal.java:177)
	at io.netty.util.concurrent.FastThreadLocal.get(FastThreadLocal.java:142)
	at io.netty.buffer.PooledByteBufAllocator.newDirectBuffer(PooledByteBufAllocator.java:391)
	at io.netty.buffer.AbstractByteBufAllocator.directBuffer(AbstractByteBufAllocator.java:188)
	at io.netty.buffer.AbstractByteBufAllocator.directBuffer(AbstractByteBufAllocator.java:179)
	at io.netty.buffer.AbstractByteBufAllocator.buffer(AbstractByteBufAllocator.java:116)
	at io.netty.handler.codec.http.HttpObjectEncoder.encodeInitHttpMessage(HttpObjectEncoder.java:502)
	at io.netty.handler.codec.http.HttpObjectEncoder.encodeJustHttpMessage(HttpObjectEncoder.java:191)
	at io.netty.handler.codec.http.HttpObjectEncoder.encode(HttpObjectEncoder.java:178)
	at io.netty.handler.codec.http.HttpClientCodec$Encoder.encode(HttpClientCodec.java:203)
	at io.netty.handler.codec.http.HttpObjectEncoder.write(HttpObjectEncoder.java:97)
	at io.netty.channel.CombinedChannelDuplexHandler.write(CombinedChannelDuplexHandler.java:346)
	at io.netty.channel.AbstractChannelHandlerContext.invokeWrite0(AbstractChannelHandlerContext.java:879)
	at io.netty.channel.AbstractChannelHandlerContext.invokeWrite(AbstractChannelHandlerContext.java:863)
	at io.netty.channel.AbstractChannelHandlerContext.write(AbstractChannelHandlerContext.java:968)
	at io.netty.channel.AbstractChannelHandlerContext.write(AbstractChannelHandlerContext.java:856)
	at io.netty.handler.stream.ChunkedWriteHandler.doFlush(ChunkedWriteHandler.java:302)
	at io.netty.handler.stream.ChunkedWriteHandler.flush(ChunkedWriteHandler.java:131)
	at io.netty.channel.AbstractChannelHandlerContext.invokeFlush0(AbstractChannelHandlerContext.java:923)
	at io.netty.channel.AbstractChannelHandlerContext.invokeWriteAndFlush(AbstractChannelHandlerContext.java:941)
	at io.netty.channel.AbstractChannelHandlerContext.write(AbstractChannelHandlerContext.java:966)
	at io.netty.channel.AbstractChannelHandlerContext.writeAndFlush(AbstractChannelHandlerContext.java:934)
	at io.netty.channel.DefaultChannelPipeline.writeAndFlush(DefaultChannelPipeline.java:1020)
	at io.netty.channel.AbstractChannel.writeAndFlush(AbstractChannel.java:311)
	at org.asynchttpclient.netty.request.body.NettyInputStreamBody.write(NettyInputStreamBody.java:77)
	at org.asynchttpclient.netty.request.NettyRequestSender.writeRequest(NettyRequestSender.java:433)
	at org.asynchttpclient.netty.channel.NettyConnectListener.writeRequest(NettyConnectListener.java:80)
	at org.asynchttpclient.netty.channel.NettyConnectListener.onSuccess(NettyConnectListener.java:156)
	at org.asynchttpclient.netty.channel.NettyChannelConnector$1.onSuccess(NettyChannelConnector.java:92)
	at org.asynchttpclient.netty.SimpleChannelFutureListener.operationComplete(SimpleChannelFutureListener.java:26)
	at org.asynchttpclient.netty.SimpleChannelFutureListener.operationComplete(SimpleChannelFutureListener.java:20)
	at io.netty.util.concurrent.DefaultPromise.notifyListener0(DefaultPromise.java:590)
	at io.netty.util.concurrent.DefaultPromise.notifyListeners0(DefaultPromise.java:583)
	at io.netty.util.concurrent.DefaultPromise.notifyListenersNow(DefaultPromise.java:559)
	at io.netty.util.concurrent.DefaultPromise.notifyListeners(DefaultPromise.java:492)
	at io.netty.util.concurrent.DefaultPromise.setValue0(DefaultPromise.java:636)
	at io.netty.util.concurrent.DefaultPromise.setSuccess0(DefaultPromise.java:625)
	at io.netty.util.concurrent.DefaultPromise.trySuccess(DefaultPromise.java:105)
	at io.netty.channel.DefaultChannelPromise.trySuccess(DefaultChannelPromise.java:84)
	at io.netty.channel.nio.AbstractNioChannel$AbstractNioUnsafe.fulfillConnectPromise(AbstractNioChannel.java:300)
	at io.netty.channel.nio.AbstractNioChannel$AbstractNioUnsafe.finishConnect(AbstractNioChannel.java:335)
	at io.netty.channel.nio.NioEventLoop.processSelectedKey(NioEventLoop.java:776)
	at io.netty.channel.nio.NioEventLoop.processSelectedKeysOptimized(NioEventLoop.java:724)
	at io.netty.channel.nio.NioEventLoop.processSelectedKeys(NioEventLoop.java:650)
	at io.netty.channel.nio.NioEventLoop.run(NioEventLoop.java:562)
	at io.netty.util.concurrent.SingleThreadEventExecutor$4.run(SingleThreadEventExecutor.java:997)
	at io.netty.util.internal.ThreadExecutorMap$2.run(ThreadExecutorMap.java:74)
	at io.netty.util.concurrent.FastThreadLocalRunnable.run(FastThreadLocalRunnable.java:30)
	at java.base/java.lang.Thread.run(Thread.java:834)

2023-02-13 11:57:29,232 AsyncHttpClient-1-2 ERROR Could not create plugin of type class org.apache.logging.log4j.core.appender.RollingFileAppender for element RollingFile: java.lang.IllegalStateException: ManagerFactory [org.apache.logging.log4j.core.appender.rolling.RollingFileManager$RollingFileManagerFactory@4e6d7365] unable to create manager for [./results/logs/${ctx:threadName}.log] with data [org.apache.logging.log4j.core.appender.rolling.RollingFileManager$FactoryData@3019f22a[pattern=./results/logs/${ctx:threadName}-%d{yyyy-MM-dd}.log, append=true, bufferedIO=true, bufferSize=8192, policy=SizeBasedTriggeringPolicy(size=512000), strategy=DefaultRolloverStrategy(min=1, max=7, useMax=true), advertiseURI=null, layout=%d{HH:mm:ss.SSS} [%t] %-5level %logger{36} - %msg%n, filePermissions=null, fileOwner=null]] java.lang.IllegalStateException: ManagerFactory [org.apache.logging.log4j.core.appender.rolling.RollingFileManager$RollingFileManagerFactory@4e6d7365] unable to create manager for [./results/logs/${ctx:threadName}.log] with data [org.apache.logging.log4j.core.appender.rolling.RollingFileManager$FactoryData@3019f22a[pattern=./results/logs/${ctx:threadName}-%d{yyyy-MM-dd}.log, append=true, bufferedIO=true, bufferSize=8192, policy=SizeBasedTriggeringPolicy(size=512000), strategy=DefaultRolloverStrategy(min=1, max=7, useMax=true), advertiseURI=null, layout=%d{HH:mm:ss.SSS} [%t] %-5level %logger{36} - %msg%n, filePermissions=null, fileOwner=null]]
	at org.apache.logging.log4j.core.appender.AbstractManager.getManager(AbstractManager.java:146)
	at org.apache.logging.log4j.core.appender.OutputStreamManager.getManager(OutputStreamManager.java:100)
	at org.apache.logging.log4j.core.appender.rolling.RollingFileManager.getFileManager(RollingFileManager.java:217)
	at org.apache.logging.log4j.core.appender.RollingFileAppender$Builder.build(RollingFileAppender.java:135)
	at org.apache.logging.log4j.core.appender.RollingFileAppender$Builder.build(RollingFileAppender.java:62)
	at org.apache.logging.log4j.core.config.plugins.util.PluginBuilder.build(PluginBuilder.java:124)
	at org.apache.logging.log4j.core.config.AbstractConfiguration.createPluginObject(AbstractConfiguration.java:1138)
	at org.apache.logging.log4j.core.config.AbstractConfiguration.createConfiguration(AbstractConfiguration.java:1063)
	at org.apache.logging.log4j.core.appender.routing.RoutingAppender.createAppender(RoutingAppender.java:310)
	at org.apache.logging.log4j.core.appender.routing.RoutingAppender.getControl(RoutingAppender.java:282)
	at org.apache.logging.log4j.core.appender.routing.RoutingAppender.append(RoutingAppender.java:240)
	at org.apache.logging.log4j.core.config.AppenderControl.tryCallAppender(AppenderControl.java:161)
	at org.apache.logging.log4j.core.config.AppenderControl.callAppender0(AppenderControl.java:134)
	at org.apache.logging.log4j.core.config.AppenderControl.callAppenderPreventRecursion(AppenderControl.java:125)
	at org.apache.logging.log4j.core.config.AppenderControl.callAppender(AppenderControl.java:89)
	at org.apache.logging.log4j.core.config.LoggerConfig.callAppenders(LoggerConfig.java:683)
	at org.apache.logging.log4j.core.config.LoggerConfig.processLogEvent(LoggerConfig.java:641)
	at org.apache.logging.log4j.core.config.LoggerConfig.log(LoggerConfig.java:624)
	at org.apache.logging.log4j.core.config.LoggerConfig.log(LoggerConfig.java:531)
	at org.apache.logging.log4j.core.config.AwaitCompletionReliabilityStrategy.log(AwaitCompletionReliabilityStrategy.java:63)
	at org.apache.logging.log4j.core.Logger.logMessage(Logger.java:154)
	at org.apache.logging.log4j.spi.ExtendedLoggerWrapper.logMessage(ExtendedLoggerWrapper.java:222)
	at org.apache.logging.log4j.spi.AbstractLogger.log(AbstractLogger.java:2117)
	at org.apache.logging.log4j.spi.AbstractLogger.tryLogMessage(AbstractLogger.java:2205)
	at org.apache.logging.log4j.spi.AbstractLogger.logMessageTrackRecursion(AbstractLogger.java:2159)
	at org.apache.logging.log4j.spi.AbstractLogger.logMessageSafely(AbstractLogger.java:2142)
	at org.apache.logging.log4j.spi.AbstractLogger.logMessage(AbstractLogger.java:2034)
	at org.apache.logging.log4j.spi.AbstractLogger.logIfEnabled(AbstractLogger.java:1899)
	at org.apache.logging.log4j.spi.AbstractLogger.debug(AbstractLogger.java:453)
	at io.netty.util.Recycler.<clinit>(Recycler.java:87)
	at io.netty.util.internal.ObjectPool$RecyclerObjectPool.<init>(ObjectPool.java:76)
	at io.netty.util.internal.ObjectPool.newPool(ObjectPool.java:69)
	at io.netty.buffer.PoolThreadCache$MemoryRegionCache.<clinit>(PoolThreadCache.java:483)
	at io.netty.buffer.PoolThreadCache.createSubPageCaches(PoolThreadCache.java:117)
	at io.netty.buffer.PoolThreadCache.<init>(PoolThreadCache.java:74)
	at io.netty.buffer.PooledByteBufAllocator$PoolThreadLocalCache.initialValue(PooledByteBufAllocator.java:526)
	at io.netty.buffer.PooledByteBufAllocator$PoolThreadLocalCache.initialValue(PooledByteBufAllocator.java:503)
	at io.netty.util.concurrent.FastThreadLocal.initialize(FastThreadLocal.java:177)
	at io.netty.util.concurrent.FastThreadLocal.get(FastThreadLocal.java:142)
	at io.netty.buffer.PooledByteBufAllocator.newDirectBuffer(PooledByteBufAllocator.java:391)
	at io.netty.buffer.AbstractByteBufAllocator.directBuffer(AbstractByteBufAllocator.java:188)
	at io.netty.buffer.AbstractByteBufAllocator.directBuffer(AbstractByteBufAllocator.java:179)
	at io.netty.buffer.AbstractByteBufAllocator.buffer(AbstractByteBufAllocator.java:116)
	at io.netty.handler.codec.http.HttpObjectEncoder.encodeInitHttpMessage(HttpObjectEncoder.java:502)
	at io.netty.handler.codec.http.HttpObjectEncoder.encodeJustHttpMessage(HttpObjectEncoder.java:191)
	at io.netty.handler.codec.http.HttpObjectEncoder.encode(HttpObjectEncoder.java:178)
	at io.netty.handler.codec.http.HttpClientCodec$Encoder.encode(HttpClientCodec.java:203)
	at io.netty.handler.codec.http.HttpObjectEncoder.write(HttpObjectEncoder.java:97)
	at io.netty.channel.CombinedChannelDuplexHandler.write(CombinedChannelDuplexHandler.java:346)
	at io.netty.channel.AbstractChannelHandlerContext.invokeWrite0(AbstractChannelHandlerContext.java:879)
	at io.netty.channel.AbstractChannelHandlerContext.invokeWrite(AbstractChannelHandlerContext.java:863)
	at io.netty.channel.AbstractChannelHandlerContext.write(AbstractChannelHandlerContext.java:968)
	at io.netty.channel.AbstractChannelHandlerContext.write(AbstractChannelHandlerContext.java:856)
	at io.netty.handler.stream.ChunkedWriteHandler.doFlush(ChunkedWriteHandler.java:302)
	at io.netty.handler.stream.ChunkedWriteHandler.flush(ChunkedWriteHandler.java:131)
	at io.netty.channel.AbstractChannelHandlerContext.invokeFlush0(AbstractChannelHandlerContext.java:923)
	at io.netty.channel.AbstractChannelHandlerContext.invokeWriteAndFlush(AbstractChannelHandlerContext.java:941)
	at io.netty.channel.AbstractChannelHandlerContext.write(AbstractChannelHandlerContext.java:966)
	at io.netty.channel.AbstractChannelHandlerContext.writeAndFlush(AbstractChannelHandlerContext.java:934)
	at io.netty.channel.DefaultChannelPipeline.writeAndFlush(DefaultChannelPipeline.java:1020)
	at io.netty.channel.AbstractChannel.writeAndFlush(AbstractChannel.java:311)
	at org.asynchttpclient.netty.request.body.NettyInputStreamBody.write(NettyInputStreamBody.java:77)
	at org.asynchttpclient.netty.request.NettyRequestSender.writeRequest(NettyRequestSender.java:433)
	at org.asynchttpclient.netty.channel.NettyConnectListener.writeRequest(NettyConnectListener.java:80)
	at org.asynchttpclient.netty.channel.NettyConnectListener.onSuccess(NettyConnectListener.java:156)
	at org.asynchttpclient.netty.channel.NettyChannelConnector$1.onSuccess(NettyChannelConnector.java:92)
	at org.asynchttpclient.netty.SimpleChannelFutureListener.operationComplete(SimpleChannelFutureListener.java:26)
	at org.asynchttpclient.netty.SimpleChannelFutureListener.operationComplete(SimpleChannelFutureListener.java:20)
	at io.netty.util.concurrent.DefaultPromise.notifyListener0(DefaultPromise.java:590)
	at io.netty.util.concurrent.DefaultPromise.notifyListeners0(DefaultPromise.java:583)
	at io.netty.util.concurrent.DefaultPromise.notifyListenersNow(DefaultPromise.java:559)
	at io.netty.util.concurrent.DefaultPromise.notifyListeners(DefaultPromise.java:492)
	at io.netty.util.concurrent.DefaultPromise.setValue0(DefaultPromise.java:636)
	at io.netty.util.concurrent.DefaultPromise.setSuccess0(DefaultPromise.java:625)
	at io.netty.util.concurrent.DefaultPromise.trySuccess(DefaultPromise.java:105)
	at io.netty.channel.DefaultChannelPromise.trySuccess(DefaultChannelPromise.java:84)
	at io.netty.channel.nio.AbstractNioChannel$AbstractNioUnsafe.fulfillConnectPromise(AbstractNioChannel.java:300)
	at io.netty.channel.nio.AbstractNioChannel$AbstractNioUnsafe.finishConnect(AbstractNioChannel.java:335)
	at io.netty.channel.nio.NioEventLoop.processSelectedKey(NioEventLoop.java:776)
	at io.netty.channel.nio.NioEventLoop.processSelectedKeysOptimized(NioEventLoop.java:724)
	at io.netty.channel.nio.NioEventLoop.processSelectedKeys(NioEventLoop.java:650)
	at io.netty.channel.nio.NioEventLoop.run(NioEventLoop.java:562)
	at io.netty.util.concurrent.SingleThreadEventExecutor$4.run(SingleThreadEventExecutor.java:997)
	at io.netty.util.internal.ThreadExecutorMap$2.run(ThreadExecutorMap.java:74)
	at io.netty.util.concurrent.FastThreadLocalRunnable.run(FastThreadLocalRunnable.java:30)
	at java.base/java.lang.Thread.run(Thread.java:834)

2023-02-13 11:57:29,232 AsyncHttpClient-1-2 ERROR Unable to invoke factory method in class org.apache.logging.log4j.core.appender.RollingFileAppender for element RollingFile: java.lang.IllegalStateException: No factory method found for class org.apache.logging.log4j.core.appender.RollingFileAppender java.lang.IllegalStateException: No factory method found for class org.apache.logging.log4j.core.appender.RollingFileAppender
	at org.apache.logging.log4j.core.config.plugins.util.PluginBuilder.findFactoryMethod(PluginBuilder.java:260)
	at org.apache.logging.log4j.core.config.plugins.util.PluginBuilder.build(PluginBuilder.java:136)
	at org.apache.logging.log4j.core.config.AbstractConfiguration.createPluginObject(AbstractConfiguration.java:1138)
	at org.apache.logging.log4j.core.config.AbstractConfiguration.createConfiguration(AbstractConfiguration.java:1063)
	at org.apache.logging.log4j.core.appender.routing.RoutingAppender.createAppender(RoutingAppender.java:310)
	at org.apache.logging.log4j.core.appender.routing.RoutingAppender.getControl(RoutingAppender.java:282)
	at org.apache.logging.log4j.core.appender.routing.RoutingAppender.append(RoutingAppender.java:240)
	at org.apache.logging.log4j.core.config.AppenderControl.tryCallAppender(AppenderControl.java:161)
	at org.apache.logging.log4j.core.config.AppenderControl.callAppender0(AppenderControl.java:134)
	at org.apache.logging.log4j.core.config.AppenderControl.callAppenderPreventRecursion(AppenderControl.java:125)
	at org.apache.logging.log4j.core.config.AppenderControl.callAppender(AppenderControl.java:89)
	at org.apache.logging.log4j.core.config.LoggerConfig.callAppenders(LoggerConfig.java:683)
	at org.apache.logging.log4j.core.config.LoggerConfig.processLogEvent(LoggerConfig.java:641)
	at org.apache.logging.log4j.core.config.LoggerConfig.log(LoggerConfig.java:624)
	at org.apache.logging.log4j.core.config.LoggerConfig.log(LoggerConfig.java:531)
	at org.apache.logging.log4j.core.config.AwaitCompletionReliabilityStrategy.log(AwaitCompletionReliabilityStrategy.java:63)
	at org.apache.logging.log4j.core.Logger.logMessage(Logger.java:154)
	at org.apache.logging.log4j.spi.ExtendedLoggerWrapper.logMessage(ExtendedLoggerWrapper.java:222)
	at org.apache.logging.log4j.spi.AbstractLogger.log(AbstractLogger.java:2117)
	at org.apache.logging.log4j.spi.AbstractLogger.tryLogMessage(AbstractLogger.java:2205)
	at org.apache.logging.log4j.spi.AbstractLogger.logMessageTrackRecursion(AbstractLogger.java:2159)
	at org.apache.logging.log4j.spi.AbstractLogger.logMessageSafely(AbstractLogger.java:2142)
	at org.apache.logging.log4j.spi.AbstractLogger.logMessage(AbstractLogger.java:2034)
	at org.apache.logging.log4j.spi.AbstractLogger.logIfEnabled(AbstractLogger.java:1899)
	at org.apache.logging.log4j.spi.AbstractLogger.debug(AbstractLogger.java:453)
	at io.netty.util.Recycler.<clinit>(Recycler.java:87)
	at io.netty.util.internal.ObjectPool$RecyclerObjectPool.<init>(ObjectPool.java:76)
	at io.netty.util.internal.ObjectPool.newPool(ObjectPool.java:69)
	at io.netty.buffer.PoolThreadCache$MemoryRegionCache.<clinit>(PoolThreadCache.java:483)
	at io.netty.buffer.PoolThreadCache.createSubPageCaches(PoolThreadCache.java:117)
	at io.netty.buffer.PoolThreadCache.<init>(PoolThreadCache.java:74)
	at io.netty.buffer.PooledByteBufAllocator$PoolThreadLocalCache.initialValue(PooledByteBufAllocator.java:526)
	at io.netty.buffer.PooledByteBufAllocator$PoolThreadLocalCache.initialValue(PooledByteBufAllocator.java:503)
	at io.netty.util.concurrent.FastThreadLocal.initialize(FastThreadLocal.java:177)
	at io.netty.util.concurrent.FastThreadLocal.get(FastThreadLocal.java:142)
	at io.netty.buffer.PooledByteBufAllocator.newDirectBuffer(PooledByteBufAllocator.java:391)
	at io.netty.buffer.AbstractByteBufAllocator.directBuffer(AbstractByteBufAllocator.java:188)
	at io.netty.buffer.AbstractByteBufAllocator.directBuffer(AbstractByteBufAllocator.java:179)
	at io.netty.buffer.AbstractByteBufAllocator.buffer(AbstractByteBufAllocator.java:116)
	at io.netty.handler.codec.http.HttpObjectEncoder.encodeInitHttpMessage(HttpObjectEncoder.java:502)
	at io.netty.handler.codec.http.HttpObjectEncoder.encodeJustHttpMessage(HttpObjectEncoder.java:191)
	at io.netty.handler.codec.http.HttpObjectEncoder.encode(HttpObjectEncoder.java:178)
	at io.netty.handler.codec.http.HttpClientCodec$Encoder.encode(HttpClientCodec.java:203)
	at io.netty.handler.codec.http.HttpObjectEncoder.write(HttpObjectEncoder.java:97)
	at io.netty.channel.CombinedChannelDuplexHandler.write(CombinedChannelDuplexHandler.java:346)
	at io.netty.channel.AbstractChannelHandlerContext.invokeWrite0(AbstractChannelHandlerContext.java:879)
	at io.netty.channel.AbstractChannelHandlerContext.invokeWrite(AbstractChannelHandlerContext.java:863)
	at io.netty.channel.AbstractChannelHandlerContext.write(AbstractChannelHandlerContext.java:968)
	at io.netty.channel.AbstractChannelHandlerContext.write(AbstractChannelHandlerContext.java:856)
	at io.netty.handler.stream.ChunkedWriteHandler.doFlush(ChunkedWriteHandler.java:302)
	at io.netty.handler.stream.ChunkedWriteHandler.flush(ChunkedWriteHandler.java:131)
	at io.netty.channel.AbstractChannelHandlerContext.invokeFlush0(AbstractChannelHandlerContext.java:923)
	at io.netty.channel.AbstractChannelHandlerContext.invokeWriteAndFlush(AbstractChannelHandlerContext.java:941)
	at io.netty.channel.AbstractChannelHandlerContext.write(AbstractChannelHandlerContext.java:966)
	at io.netty.channel.AbstractChannelHandlerContext.writeAndFlush(AbstractChannelHandlerContext.java:934)
	at io.netty.channel.DefaultChannelPipeline.writeAndFlush(DefaultChannelPipeline.java:1020)
	at io.netty.channel.AbstractChannel.writeAndFlush(AbstractChannel.java:311)
	at org.asynchttpclient.netty.request.body.NettyInputStreamBody.write(NettyInputStreamBody.java:77)
	at org.asynchttpclient.netty.request.NettyRequestSender.writeRequest(NettyRequestSender.java:433)
	at org.asynchttpclient.netty.channel.NettyConnectListener.writeRequest(NettyConnectListener.java:80)
	at org.asynchttpclient.netty.channel.NettyConnectListener.onSuccess(NettyConnectListener.java:156)
	at org.asynchttpclient.netty.channel.NettyChannelConnector$1.onSuccess(NettyChannelConnector.java:92)
	at org.asynchttpclient.netty.SimpleChannelFutureListener.operationComplete(SimpleChannelFutureListener.java:26)
	at org.asynchttpclient.netty.SimpleChannelFutureListener.operationComplete(SimpleChannelFutureListener.java:20)
	at io.netty.util.concurrent.DefaultPromise.notifyListener0(DefaultPromise.java:590)
	at io.netty.util.concurrent.DefaultPromise.notifyListeners0(DefaultPromise.java:583)
	at io.netty.util.concurrent.DefaultPromise.notifyListenersNow(DefaultPromise.java:559)
	at io.netty.util.concurrent.DefaultPromise.notifyListeners(DefaultPromise.java:492)
	at io.netty.util.concurrent.DefaultPromise.setValue0(DefaultPromise.java:636)
	at io.netty.util.concurrent.DefaultPromise.setSuccess0(DefaultPromise.java:625)
	at io.netty.util.concurrent.DefaultPromise.trySuccess(DefaultPromise.java:105)
	at io.netty.channel.DefaultChannelPromise.trySuccess(DefaultChannelPromise.java:84)
	at io.netty.channel.nio.AbstractNioChannel$AbstractNioUnsafe.fulfillConnectPromise(AbstractNioChannel.java:300)
	at io.netty.channel.nio.AbstractNioChannel$AbstractNioUnsafe.finishConnect(AbstractNioChannel.java:335)
	at io.netty.channel.nio.NioEventLoop.processSelectedKey(NioEventLoop.java:776)
	at io.netty.channel.nio.NioEventLoop.processSelectedKeysOptimized(NioEventLoop.java:724)
	at io.netty.channel.nio.NioEventLoop.processSelectedKeys(NioEventLoop.java:650)
	at io.netty.channel.nio.NioEventLoop.run(NioEventLoop.java:562)
	at io.netty.util.concurrent.SingleThreadEventExecutor$4.run(SingleThreadEventExecutor.java:997)
	at io.netty.util.internal.ThreadExecutorMap$2.run(ThreadExecutorMap.java:74)
	at io.netty.util.concurrent.FastThreadLocalRunnable.run(FastThreadLocalRunnable.java:30)
	at java.base/java.lang.Thread.run(Thread.java:834)

2023-02-13 11:57:29,234 AsyncHttpClient-1-2 ERROR Unable to create file ./results/logs/${ctx:threadName}.log java.io.IOException: The filename, directory name, or volume label syntax is incorrect
	at java.base/java.io.WinNTFileSystem.canonicalizeWithPrefix0(Native Method)
	at java.base/java.io.WinNTFileSystem.canonicalizeWithPrefix(WinNTFileSystem.java:506)
	at java.base/java.io.WinNTFileSystem.canonicalize(WinNTFileSystem.java:477)
	at java.base/java.io.File.getCanonicalPath(File.java:626)
	at java.base/java.io.File.getCanonicalFile(File.java:651)
	at org.apache.logging.log4j.core.util.FileUtils.makeParentDirs(FileUtils.java:139)
	at org.apache.logging.log4j.core.appender.rolling.RollingFileManager$RollingFileManagerFactory.createManager(RollingFileManager.java:734)
	at org.apache.logging.log4j.core.appender.rolling.RollingFileManager$RollingFileManagerFactory.createManager(RollingFileManager.java:718)
	at org.apache.logging.log4j.core.appender.AbstractManager.getManager(AbstractManager.java:144)
	at org.apache.logging.log4j.core.appender.OutputStreamManager.getManager(OutputStreamManager.java:100)
	at org.apache.logging.log4j.core.appender.rolling.RollingFileManager.getFileManager(RollingFileManager.java:217)
	at org.apache.logging.log4j.core.appender.RollingFileAppender$Builder.build(RollingFileAppender.java:135)
	at org.apache.logging.log4j.core.appender.RollingFileAppender$Builder.build(RollingFileAppender.java:62)
	at org.apache.logging.log4j.core.config.plugins.util.PluginBuilder.build(PluginBuilder.java:124)
	at org.apache.logging.log4j.core.config.AbstractConfiguration.createPluginObject(AbstractConfiguration.java:1138)
	at org.apache.logging.log4j.core.config.AbstractConfiguration.createConfiguration(AbstractConfiguration.java:1063)
	at org.apache.logging.log4j.core.appender.routing.RoutingAppender.createAppender(RoutingAppender.java:310)
	at org.apache.logging.log4j.core.appender.routing.RoutingAppender.getControl(RoutingAppender.java:282)
	at org.apache.logging.log4j.core.appender.routing.RoutingAppender.append(RoutingAppender.java:240)
	at org.apache.logging.log4j.core.config.AppenderControl.tryCallAppender(AppenderControl.java:161)
	at org.apache.logging.log4j.core.config.AppenderControl.callAppender0(AppenderControl.java:134)
	at org.apache.logging.log4j.core.config.AppenderControl.callAppenderPreventRecursion(AppenderControl.java:125)
	at org.apache.logging.log4j.core.config.AppenderControl.callAppender(AppenderControl.java:89)
	at org.apache.logging.log4j.core.config.LoggerConfig.callAppenders(LoggerConfig.java:683)
	at org.apache.logging.log4j.core.config.LoggerConfig.processLogEvent(LoggerConfig.java:641)
	at org.apache.logging.log4j.core.config.LoggerConfig.log(LoggerConfig.java:624)
	at org.apache.logging.log4j.core.config.LoggerConfig.log(LoggerConfig.java:531)
	at org.apache.logging.log4j.core.config.AwaitCompletionReliabilityStrategy.log(AwaitCompletionReliabilityStrategy.java:63)
	at org.apache.logging.log4j.core.Logger.logMessage(Logger.java:154)
	at org.apache.logging.log4j.spi.ExtendedLoggerWrapper.logMessage(ExtendedLoggerWrapper.java:222)
	at org.apache.logging.log4j.spi.AbstractLogger.log(AbstractLogger.java:2117)
	at org.apache.logging.log4j.spi.AbstractLogger.tryLogMessage(AbstractLogger.java:2205)
	at org.apache.logging.log4j.spi.AbstractLogger.logMessageTrackRecursion(AbstractLogger.java:2159)
	at org.apache.logging.log4j.spi.AbstractLogger.logMessageSafely(AbstractLogger.java:2142)
	at org.apache.logging.log4j.spi.AbstractLogger.logMessage(AbstractLogger.java:2034)
	at org.apache.logging.log4j.spi.AbstractLogger.logIfEnabled(AbstractLogger.java:1899)
	at org.apache.logging.log4j.spi.AbstractLogger.debug(AbstractLogger.java:453)
	at io.netty.util.Recycler.<clinit>(Recycler.java:88)
	at io.netty.util.internal.ObjectPool$RecyclerObjectPool.<init>(ObjectPool.java:76)
	at io.netty.util.internal.ObjectPool.newPool(ObjectPool.java:69)
	at io.netty.buffer.PoolThreadCache$MemoryRegionCache.<clinit>(PoolThreadCache.java:483)
	at io.netty.buffer.PoolThreadCache.createSubPageCaches(PoolThreadCache.java:117)
	at io.netty.buffer.PoolThreadCache.<init>(PoolThreadCache.java:74)
	at io.netty.buffer.PooledByteBufAllocator$PoolThreadLocalCache.initialValue(PooledByteBufAllocator.java:526)
	at io.netty.buffer.PooledByteBufAllocator$PoolThreadLocalCache.initialValue(PooledByteBufAllocator.java:503)
	at io.netty.util.concurrent.FastThreadLocal.initialize(FastThreadLocal.java:177)
	at io.netty.util.concurrent.FastThreadLocal.get(FastThreadLocal.java:142)
	at io.netty.buffer.PooledByteBufAllocator.newDirectBuffer(PooledByteBufAllocator.java:391)
	at io.netty.buffer.AbstractByteBufAllocator.directBuffer(AbstractByteBufAllocator.java:188)
	at io.netty.buffer.AbstractByteBufAllocator.directBuffer(AbstractByteBufAllocator.java:179)
	at io.netty.buffer.AbstractByteBufAllocator.buffer(AbstractByteBufAllocator.java:116)
	at io.netty.handler.codec.http.HttpObjectEncoder.encodeInitHttpMessage(HttpObjectEncoder.java:502)
	at io.netty.handler.codec.http.HttpObjectEncoder.encodeJustHttpMessage(HttpObjectEncoder.java:191)
	at io.netty.handler.codec.http.HttpObjectEncoder.encode(HttpObjectEncoder.java:178)
	at io.netty.handler.codec.http.HttpClientCodec$Encoder.encode(HttpClientCodec.java:203)
	at io.netty.handler.codec.http.HttpObjectEncoder.write(HttpObjectEncoder.java:97)
	at io.netty.channel.CombinedChannelDuplexHandler.write(CombinedChannelDuplexHandler.java:346)
	at io.netty.channel.AbstractChannelHandlerContext.invokeWrite0(AbstractChannelHandlerContext.java:879)
	at io.netty.channel.AbstractChannelHandlerContext.invokeWrite(AbstractChannelHandlerContext.java:863)
	at io.netty.channel.AbstractChannelHandlerContext.write(AbstractChannelHandlerContext.java:968)
	at io.netty.channel.AbstractChannelHandlerContext.write(AbstractChannelHandlerContext.java:856)
	at io.netty.handler.stream.ChunkedWriteHandler.doFlush(ChunkedWriteHandler.java:302)
	at io.netty.handler.stream.ChunkedWriteHandler.flush(ChunkedWriteHandler.java:131)
	at io.netty.channel.AbstractChannelHandlerContext.invokeFlush0(AbstractChannelHandlerContext.java:923)
	at io.netty.channel.AbstractChannelHandlerContext.invokeWriteAndFlush(AbstractChannelHandlerContext.java:941)
	at io.netty.channel.AbstractChannelHandlerContext.write(AbstractChannelHandlerContext.java:966)
	at io.netty.channel.AbstractChannelHandlerContext.writeAndFlush(AbstractChannelHandlerContext.java:934)
	at io.netty.channel.DefaultChannelPipeline.writeAndFlush(DefaultChannelPipeline.java:1020)
	at io.netty.channel.AbstractChannel.writeAndFlush(AbstractChannel.java:311)
	at org.asynchttpclient.netty.request.body.NettyInputStreamBody.write(NettyInputStreamBody.java:77)
	at org.asynchttpclient.netty.request.NettyRequestSender.writeRequest(NettyRequestSender.java:433)
	at org.asynchttpclient.netty.channel.NettyConnectListener.writeRequest(NettyConnectListener.java:80)
	at org.asynchttpclient.netty.channel.NettyConnectListener.onSuccess(NettyConnectListener.java:156)
	at org.asynchttpclient.netty.channel.NettyChannelConnector$1.onSuccess(NettyChannelConnector.java:92)
	at org.asynchttpclient.netty.SimpleChannelFutureListener.operationComplete(SimpleChannelFutureListener.java:26)
	at org.asynchttpclient.netty.SimpleChannelFutureListener.operationComplete(SimpleChannelFutureListener.java:20)
	at io.netty.util.concurrent.DefaultPromise.notifyListener0(DefaultPromise.java:590)
	at io.netty.util.concurrent.DefaultPromise.notifyListeners0(DefaultPromise.java:583)
	at io.netty.util.concurrent.DefaultPromise.notifyListenersNow(DefaultPromise.java:559)
	at io.netty.util.concurrent.DefaultPromise.notifyListeners(DefaultPromise.java:492)
	at io.netty.util.concurrent.DefaultPromise.setValue0(DefaultPromise.java:636)
	at io.netty.util.concurrent.DefaultPromise.setSuccess0(DefaultPromise.java:625)
	at io.netty.util.concurrent.DefaultPromise.trySuccess(DefaultPromise.java:105)
	at io.netty.channel.DefaultChannelPromise.trySuccess(DefaultChannelPromise.java:84)
	at io.netty.channel.nio.AbstractNioChannel$AbstractNioUnsafe.fulfillConnectPromise(AbstractNioChannel.java:300)
	at io.netty.channel.nio.AbstractNioChannel$AbstractNioUnsafe.finishConnect(AbstractNioChannel.java:335)
	at io.netty.channel.nio.NioEventLoop.processSelectedKey(NioEventLoop.java:776)
	at io.netty.channel.nio.NioEventLoop.processSelectedKeysOptimized(NioEventLoop.java:724)
	at io.netty.channel.nio.NioEventLoop.processSelectedKeys(NioEventLoop.java:650)
	at io.netty.channel.nio.NioEventLoop.run(NioEventLoop.java:562)
	at io.netty.util.concurrent.SingleThreadEventExecutor$4.run(SingleThreadEventExecutor.java:997)
	at io.netty.util.internal.ThreadExecutorMap$2.run(ThreadExecutorMap.java:74)
	at io.netty.util.concurrent.FastThreadLocalRunnable.run(FastThreadLocalRunnable.java:30)
	at java.base/java.lang.Thread.run(Thread.java:834)

2023-02-13 11:57:29,234 AsyncHttpClient-1-2 ERROR Could not create plugin of type class org.apache.logging.log4j.core.appender.RollingFileAppender for element RollingFile: java.lang.IllegalStateException: ManagerFactory [org.apache.logging.log4j.core.appender.rolling.RollingFileManager$RollingFileManagerFactory@4e6d7365] unable to create manager for [./results/logs/${ctx:threadName}.log] with data [org.apache.logging.log4j.core.appender.rolling.RollingFileManager$FactoryData@6b0b19e2[pattern=./results/logs/${ctx:threadName}-%d{yyyy-MM-dd}.log, append=true, bufferedIO=true, bufferSize=8192, policy=SizeBasedTriggeringPolicy(size=512000), strategy=DefaultRolloverStrategy(min=1, max=7, useMax=true), advertiseURI=null, layout=%d{HH:mm:ss.SSS} [%t] %-5level %logger{36} - %msg%n, filePermissions=null, fileOwner=null]] java.lang.IllegalStateException: ManagerFactory [org.apache.logging.log4j.core.appender.rolling.RollingFileManager$RollingFileManagerFactory@4e6d7365] unable to create manager for [./results/logs/${ctx:threadName}.log] with data [org.apache.logging.log4j.core.appender.rolling.RollingFileManager$FactoryData@6b0b19e2[pattern=./results/logs/${ctx:threadName}-%d{yyyy-MM-dd}.log, append=true, bufferedIO=true, bufferSize=8192, policy=SizeBasedTriggeringPolicy(size=512000), strategy=DefaultRolloverStrategy(min=1, max=7, useMax=true), advertiseURI=null, layout=%d{HH:mm:ss.SSS} [%t] %-5level %logger{36} - %msg%n, filePermissions=null, fileOwner=null]]
	at org.apache.logging.log4j.core.appender.AbstractManager.getManager(AbstractManager.java:146)
	at org.apache.logging.log4j.core.appender.OutputStreamManager.getManager(OutputStreamManager.java:100)
	at org.apache.logging.log4j.core.appender.rolling.RollingFileManager.getFileManager(RollingFileManager.java:217)
	at org.apache.logging.log4j.core.appender.RollingFileAppender$Builder.build(RollingFileAppender.java:135)
	at org.apache.logging.log4j.core.appender.RollingFileAppender$Builder.build(RollingFileAppender.java:62)
	at org.apache.logging.log4j.core.config.plugins.util.PluginBuilder.build(PluginBuilder.java:124)
	at org.apache.logging.log4j.core.config.AbstractConfiguration.createPluginObject(AbstractConfiguration.java:1138)
	at org.apache.logging.log4j.core.config.AbstractConfiguration.createConfiguration(AbstractConfiguration.java:1063)
	at org.apache.logging.log4j.core.appender.routing.RoutingAppender.createAppender(RoutingAppender.java:310)
	at org.apache.logging.log4j.core.appender.routing.RoutingAppender.getControl(RoutingAppender.java:282)
	at org.apache.logging.log4j.core.appender.routing.RoutingAppender.append(RoutingAppender.java:240)
	at org.apache.logging.log4j.core.config.AppenderControl.tryCallAppender(AppenderControl.java:161)
	at org.apache.logging.log4j.core.config.AppenderControl.callAppender0(AppenderControl.java:134)
	at org.apache.logging.log4j.core.config.AppenderControl.callAppenderPreventRecursion(AppenderControl.java:125)
	at org.apache.logging.log4j.core.config.AppenderControl.callAppender(AppenderControl.java:89)
	at org.apache.logging.log4j.core.config.LoggerConfig.callAppenders(LoggerConfig.java:683)
	at org.apache.logging.log4j.core.config.LoggerConfig.processLogEvent(LoggerConfig.java:641)
	at org.apache.logging.log4j.core.config.LoggerConfig.log(LoggerConfig.java:624)
	at org.apache.logging.log4j.core.config.LoggerConfig.log(LoggerConfig.java:531)
	at org.apache.logging.log4j.core.config.AwaitCompletionReliabilityStrategy.log(AwaitCompletionReliabilityStrategy.java:63)
	at org.apache.logging.log4j.core.Logger.logMessage(Logger.java:154)
	at org.apache.logging.log4j.spi.ExtendedLoggerWrapper.logMessage(ExtendedLoggerWrapper.java:222)
	at org.apache.logging.log4j.spi.AbstractLogger.log(AbstractLogger.java:2117)
	at org.apache.logging.log4j.spi.AbstractLogger.tryLogMessage(AbstractLogger.java:2205)
	at org.apache.logging.log4j.spi.AbstractLogger.logMessageTrackRecursion(AbstractLogger.java:2159)
	at org.apache.logging.log4j.spi.AbstractLogger.logMessageSafely(AbstractLogger.java:2142)
	at org.apache.logging.log4j.spi.AbstractLogger.logMessage(AbstractLogger.java:2034)
	at org.apache.logging.log4j.spi.AbstractLogger.logIfEnabled(AbstractLogger.java:1899)
	at org.apache.logging.log4j.spi.AbstractLogger.debug(AbstractLogger.java:453)
	at io.netty.util.Recycler.<clinit>(Recycler.java:88)
	at io.netty.util.internal.ObjectPool$RecyclerObjectPool.<init>(ObjectPool.java:76)
	at io.netty.util.internal.ObjectPool.newPool(ObjectPool.java:69)
	at io.netty.buffer.PoolThreadCache$MemoryRegionCache.<clinit>(PoolThreadCache.java:483)
	at io.netty.buffer.PoolThreadCache.createSubPageCaches(PoolThreadCache.java:117)
	at io.netty.buffer.PoolThreadCache.<init>(PoolThreadCache.java:74)
	at io.netty.buffer.PooledByteBufAllocator$PoolThreadLocalCache.initialValue(PooledByteBufAllocator.java:526)
	at io.netty.buffer.PooledByteBufAllocator$PoolThreadLocalCache.initialValue(PooledByteBufAllocator.java:503)
	at io.netty.util.concurrent.FastThreadLocal.initialize(FastThreadLocal.java:177)
	at io.netty.util.concurrent.FastThreadLocal.get(FastThreadLocal.java:142)
	at io.netty.buffer.PooledByteBufAllocator.newDirectBuffer(PooledByteBufAllocator.java:391)
	at io.netty.buffer.AbstractByteBufAllocator.directBuffer(AbstractByteBufAllocator.java:188)
	at io.netty.buffer.AbstractByteBufAllocator.directBuffer(AbstractByteBufAllocator.java:179)
	at io.netty.buffer.AbstractByteBufAllocator.buffer(AbstractByteBufAllocator.java:116)
	at io.netty.handler.codec.http.HttpObjectEncoder.encodeInitHttpMessage(HttpObjectEncoder.java:502)
	at io.netty.handler.codec.http.HttpObjectEncoder.encodeJustHttpMessage(HttpObjectEncoder.java:191)
	at io.netty.handler.codec.http.HttpObjectEncoder.encode(HttpObjectEncoder.java:178)
	at io.netty.handler.codec.http.HttpClientCodec$Encoder.encode(HttpClientCodec.java:203)
	at io.netty.handler.codec.http.HttpObjectEncoder.write(HttpObjectEncoder.java:97)
	at io.netty.channel.CombinedChannelDuplexHandler.write(CombinedChannelDuplexHandler.java:346)
	at io.netty.channel.AbstractChannelHandlerContext.invokeWrite0(AbstractChannelHandlerContext.java:879)
	at io.netty.channel.AbstractChannelHandlerContext.invokeWrite(AbstractChannelHandlerContext.java:863)
	at io.netty.channel.AbstractChannelHandlerContext.write(AbstractChannelHandlerContext.java:968)
	at io.netty.channel.AbstractChannelHandlerContext.write(AbstractChannelHandlerContext.java:856)
	at io.netty.handler.stream.ChunkedWriteHandler.doFlush(ChunkedWriteHandler.java:302)
	at io.netty.handler.stream.ChunkedWriteHandler.flush(ChunkedWriteHandler.java:131)
	at io.netty.channel.AbstractChannelHandlerContext.invokeFlush0(AbstractChannelHandlerContext.java:923)
	at io.netty.channel.AbstractChannelHandlerContext.invokeWriteAndFlush(AbstractChannelHandlerContext.java:941)
	at io.netty.channel.AbstractChannelHandlerContext.write(AbstractChannelHandlerContext.java:966)
	at io.netty.channel.AbstractChannelHandlerContext.writeAndFlush(AbstractChannelHandlerContext.java:934)
	at io.netty.channel.DefaultChannelPipeline.writeAndFlush(DefaultChannelPipeline.java:1020)
	at io.netty.channel.AbstractChannel.writeAndFlush(AbstractChannel.java:311)
	at org.asynchttpclient.netty.request.body.NettyInputStreamBody.write(NettyInputStreamBody.java:77)
	at org.asynchttpclient.netty.request.NettyRequestSender.writeRequest(NettyRequestSender.java:433)
	at org.asynchttpclient.netty.channel.NettyConnectListener.writeRequest(NettyConnectListener.java:80)
	at org.asynchttpclient.netty.channel.NettyConnectListener.onSuccess(NettyConnectListener.java:156)
	at org.asynchttpclient.netty.channel.NettyChannelConnector$1.onSuccess(NettyChannelConnector.java:92)
	at org.asynchttpclient.netty.SimpleChannelFutureListener.operationComplete(SimpleChannelFutureListener.java:26)
	at org.asynchttpclient.netty.SimpleChannelFutureListener.operationComplete(SimpleChannelFutureListener.java:20)
	at io.netty.util.concurrent.DefaultPromise.notifyListener0(DefaultPromise.java:590)
	at io.netty.util.concurrent.DefaultPromise.notifyListeners0(DefaultPromise.java:583)
	at io.netty.util.concurrent.DefaultPromise.notifyListenersNow(DefaultPromise.java:559)
	at io.netty.util.concurrent.DefaultPromise.notifyListeners(DefaultPromise.java:492)
	at io.netty.util.concurrent.DefaultPromise.setValue0(DefaultPromise.java:636)
	at io.netty.util.concurrent.DefaultPromise.setSuccess0(DefaultPromise.java:625)
	at io.netty.util.concurrent.DefaultPromise.trySuccess(DefaultPromise.java:105)
	at io.netty.channel.DefaultChannelPromise.trySuccess(DefaultChannelPromise.java:84)
	at io.netty.channel.nio.AbstractNioChannel$AbstractNioUnsafe.fulfillConnectPromise(AbstractNioChannel.java:300)
	at io.netty.channel.nio.AbstractNioChannel$AbstractNioUnsafe.finishConnect(AbstractNioChannel.java:335)
	at io.netty.channel.nio.NioEventLoop.processSelectedKey(NioEventLoop.java:776)
	at io.netty.channel.nio.NioEventLoop.processSelectedKeysOptimized(NioEventLoop.java:724)
	at io.netty.channel.nio.NioEventLoop.processSelectedKeys(NioEventLoop.java:650)
	at io.netty.channel.nio.NioEventLoop.run(NioEventLoop.java:562)
	at io.netty.util.concurrent.SingleThreadEventExecutor$4.run(SingleThreadEventExecutor.java:997)
	at io.netty.util.internal.ThreadExecutorMap$2.run(ThreadExecutorMap.java:74)
	at io.netty.util.concurrent.FastThreadLocalRunnable.run(FastThreadLocalRunnable.java:30)
	at java.base/java.lang.Thread.run(Thread.java:834)

2023-02-13 11:57:29,234 AsyncHttpClient-1-2 ERROR Unable to invoke factory method in class org.apache.logging.log4j.core.appender.RollingFileAppender for element RollingFile: java.lang.IllegalStateException: No factory method found for class org.apache.logging.log4j.core.appender.RollingFileAppender java.lang.IllegalStateException: No factory method found for class org.apache.logging.log4j.core.appender.RollingFileAppender
	at org.apache.logging.log4j.core.config.plugins.util.PluginBuilder.findFactoryMethod(PluginBuilder.java:260)
	at org.apache.logging.log4j.core.config.plugins.util.PluginBuilder.build(PluginBuilder.java:136)
	at org.apache.logging.log4j.core.config.AbstractConfiguration.createPluginObject(AbstractConfiguration.java:1138)
	at org.apache.logging.log4j.core.config.AbstractConfiguration.createConfiguration(AbstractConfiguration.java:1063)
	at org.apache.logging.log4j.core.appender.routing.RoutingAppender.createAppender(RoutingAppender.java:310)
	at org.apache.logging.log4j.core.appender.routing.RoutingAppender.getControl(RoutingAppender.java:282)
	at org.apache.logging.log4j.core.appender.routing.RoutingAppender.append(RoutingAppender.java:240)
	at org.apache.logging.log4j.core.config.AppenderControl.tryCallAppender(AppenderControl.java:161)
	at org.apache.logging.log4j.core.config.AppenderControl.callAppender0(AppenderControl.java:134)
	at org.apache.logging.log4j.core.config.AppenderControl.callAppenderPreventRecursion(AppenderControl.java:125)
	at org.apache.logging.log4j.core.config.AppenderControl.callAppender(AppenderControl.java:89)
	at org.apache.logging.log4j.core.config.LoggerConfig.callAppenders(LoggerConfig.java:683)
	at org.apache.logging.log4j.core.config.LoggerConfig.processLogEvent(LoggerConfig.java:641)
	at org.apache.logging.log4j.core.config.LoggerConfig.log(LoggerConfig.java:624)
	at org.apache.logging.log4j.core.config.LoggerConfig.log(LoggerConfig.java:531)
	at org.apache.logging.log4j.core.config.AwaitCompletionReliabilityStrategy.log(AwaitCompletionReliabilityStrategy.java:63)
	at org.apache.logging.log4j.core.Logger.logMessage(Logger.java:154)
	at org.apache.logging.log4j.spi.ExtendedLoggerWrapper.logMessage(ExtendedLoggerWrapper.java:222)
	at org.apache.logging.log4j.spi.AbstractLogger.log(AbstractLogger.java:2117)
	at org.apache.logging.log4j.spi.AbstractLogger.tryLogMessage(AbstractLogger.java:2205)
	at org.apache.logging.log4j.spi.AbstractLogger.logMessageTrackRecursion(AbstractLogger.java:2159)
	at org.apache.logging.log4j.spi.AbstractLogger.logMessageSafely(AbstractLogger.java:2142)
	at org.apache.logging.log4j.spi.AbstractLogger.logMessage(AbstractLogger.java:2034)
	at org.apache.logging.log4j.spi.AbstractLogger.logIfEnabled(AbstractLogger.java:1899)
	at org.apache.logging.log4j.spi.AbstractLogger.debug(AbstractLogger.java:453)
	at io.netty.util.Recycler.<clinit>(Recycler.java:88)
	at io.netty.util.internal.ObjectPool$RecyclerObjectPool.<init>(ObjectPool.java:76)
	at io.netty.util.internal.ObjectPool.newPool(ObjectPool.java:69)
	at io.netty.buffer.PoolThreadCache$MemoryRegionCache.<clinit>(PoolThreadCache.java:483)
	at io.netty.buffer.PoolThreadCache.createSubPageCaches(PoolThreadCache.java:117)
	at io.netty.buffer.PoolThreadCache.<init>(PoolThreadCache.java:74)
	at io.netty.buffer.PooledByteBufAllocator$PoolThreadLocalCache.initialValue(PooledByteBufAllocator.java:526)
	at io.netty.buffer.PooledByteBufAllocator$PoolThreadLocalCache.initialValue(PooledByteBufAllocator.java:503)
	at io.netty.util.concurrent.FastThreadLocal.initialize(FastThreadLocal.java:177)
	at io.netty.util.concurrent.FastThreadLocal.get(FastThreadLocal.java:142)
	at io.netty.buffer.PooledByteBufAllocator.newDirectBuffer(PooledByteBufAllocator.java:391)
	at io.netty.buffer.AbstractByteBufAllocator.directBuffer(AbstractByteBufAllocator.java:188)
	at io.netty.buffer.AbstractByteBufAllocator.directBuffer(AbstractByteBufAllocator.java:179)
	at io.netty.buffer.AbstractByteBufAllocator.buffer(AbstractByteBufAllocator.java:116)
	at io.netty.handler.codec.http.HttpObjectEncoder.encodeInitHttpMessage(HttpObjectEncoder.java:502)
	at io.netty.handler.codec.http.HttpObjectEncoder.encodeJustHttpMessage(HttpObjectEncoder.java:191)
	at io.netty.handler.codec.http.HttpObjectEncoder.encode(HttpObjectEncoder.java:178)
	at io.netty.handler.codec.http.HttpClientCodec$Encoder.encode(HttpClientCodec.java:203)
	at io.netty.handler.codec.http.HttpObjectEncoder.write(HttpObjectEncoder.java:97)
	at io.netty.channel.CombinedChannelDuplexHandler.write(CombinedChannelDuplexHandler.java:346)
	at io.netty.channel.AbstractChannelHandlerContext.invokeWrite0(AbstractChannelHandlerContext.java:879)
	at io.netty.channel.AbstractChannelHandlerContext.invokeWrite(AbstractChannelHandlerContext.java:863)
	at io.netty.channel.AbstractChannelHandlerContext.write(AbstractChannelHandlerContext.java:968)
	at io.netty.channel.AbstractChannelHandlerContext.write(AbstractChannelHandlerContext.java:856)
	at io.netty.handler.stream.ChunkedWriteHandler.doFlush(ChunkedWriteHandler.java:302)
	at io.netty.handler.stream.ChunkedWriteHandler.flush(ChunkedWriteHandler.java:131)
	at io.netty.channel.AbstractChannelHandlerContext.invokeFlush0(AbstractChannelHandlerContext.java:923)
	at io.netty.channel.AbstractChannelHandlerContext.invokeWriteAndFlush(AbstractChannelHandlerContext.java:941)
	at io.netty.channel.AbstractChannelHandlerContext.write(AbstractChannelHandlerContext.java:966)
	at io.netty.channel.AbstractChannelHandlerContext.writeAndFlush(AbstractChannelHandlerContext.java:934)
	at io.netty.channel.DefaultChannelPipeline.writeAndFlush(DefaultChannelPipeline.java:1020)
	at io.netty.channel.AbstractChannel.writeAndFlush(AbstractChannel.java:311)
	at org.asynchttpclient.netty.request.body.NettyInputStreamBody.write(NettyInputStreamBody.java:77)
	at org.asynchttpclient.netty.request.NettyRequestSender.writeRequest(NettyRequestSender.java:433)
	at org.asynchttpclient.netty.channel.NettyConnectListener.writeRequest(NettyConnectListener.java:80)
	at org.asynchttpclient.netty.channel.NettyConnectListener.onSuccess(NettyConnectListener.java:156)
	at org.asynchttpclient.netty.channel.NettyChannelConnector$1.onSuccess(NettyChannelConnector.java:92)
	at org.asynchttpclient.netty.SimpleChannelFutureListener.operationComplete(SimpleChannelFutureListener.java:26)
	at org.asynchttpclient.netty.SimpleChannelFutureListener.operationComplete(SimpleChannelFutureListener.java:20)
	at io.netty.util.concurrent.DefaultPromise.notifyListener0(DefaultPromise.java:590)
	at io.netty.util.concurrent.DefaultPromise.notifyListeners0(DefaultPromise.java:583)
	at io.netty.util.concurrent.DefaultPromise.notifyListenersNow(DefaultPromise.java:559)
	at io.netty.util.concurrent.DefaultPromise.notifyListeners(DefaultPromise.java:492)
	at io.netty.util.concurrent.DefaultPromise.setValue0(DefaultPromise.java:636)
	at io.netty.util.concurrent.DefaultPromise.setSuccess0(DefaultPromise.java:625)
	at io.netty.util.concurrent.DefaultPromise.trySuccess(DefaultPromise.java:105)
	at io.netty.channel.DefaultChannelPromise.trySuccess(DefaultChannelPromise.java:84)
	at io.netty.channel.nio.AbstractNioChannel$AbstractNioUnsafe.fulfillConnectPromise(AbstractNioChannel.java:300)
	at io.netty.channel.nio.AbstractNioChannel$AbstractNioUnsafe.finishConnect(AbstractNioChannel.java:335)
	at io.netty.channel.nio.NioEventLoop.processSelectedKey(NioEventLoop.java:776)
	at io.netty.channel.nio.NioEventLoop.processSelectedKeysOptimized(NioEventLoop.java:724)
	at io.netty.channel.nio.NioEventLoop.processSelectedKeys(NioEventLoop.java:650)
	at io.netty.channel.nio.NioEventLoop.run(NioEventLoop.java:562)
	at io.netty.util.concurrent.SingleThreadEventExecutor$4.run(SingleThreadEventExecutor.java:997)
	at io.netty.util.internal.ThreadExecutorMap$2.run(ThreadExecutorMap.java:74)
	at io.netty.util.concurrent.FastThreadLocalRunnable.run(FastThreadLocalRunnable.java:30)
	at java.base/java.lang.Thread.run(Thread.java:834)

[debug] &amp#27;[38;5;0m[HTTP]&amp#27;[0m Request idempotency key: 5d40a66f-e421-4484-a180-d8984fa5caf3
&amp#27;[38;5;0m[HTTP]&amp#27;[0m &amp#27;[37m-->&amp#27;[39m &amp#27;[37mPOST&amp#27;[39m &amp#27;[37m/session&amp#27;[39m
&amp#27;[38;5;0m[HTTP]&amp#27;[0m &amp#27;[90m{"capabilities":{"firstMatch":[{}],"alwaysMatch":{"appium:app":"C:\\Users\\rrajput\\eclipse-workspace\\excelAppiumAutomationFramework\\src\\main\\java\\Tools and Drivers\\General-Store.apk","appium:automationName":"UIAutomator2","appium:chromedriverExecutable":"C:\\Users\\rrajput\\eclipse-workspace\\excelAppiumAutomationFramework\\src\\main\\java\\Tools and Drivers\\chromedriver.exe","appium:deviceName":"Nexus 5X","platformName":"android"}}}&amp#27;[39m
[debug] &amp#27;[38;5;16m[AppiumDriver@3b8b]&amp#27;[0m Calling AppiumDriver.createSession() with args: [null,null,{"firstMatch":[{}],"alwaysMatch":{"appium:app":"C:\\Users\\rrajput\\eclipse-workspace\\excelAppiumAutomationFramework\\src\\main\\java\\Tools and Drivers\\General-Store.apk","appium:automationName":"UIAutomator2","appium:chromedriverExecutable":"C:\\Users\\rrajput\\eclipse-workspace\\excelAppiumAutomationFramework\\src\\main\\java\\Tools and Drivers\\chromedriver.exe","appium:deviceName":"Nexus 5X","platformName":"android"}}]
[debug] &amp#27;[38;5;16m[AppiumDriver@3b8b]&amp#27;[0m Event 'newSessionRequested' logged at 1676269649277 (11:57:29 GMT+0530 (India Standard Time))
&amp#27;[35m[Appium]&amp#27;[39m Attempting to find matching driver for automationName 'UIAutomator2' and platformName 'android'
&amp#27;[35m[Appium]&amp#27;[39m The 'uiautomator2' driver was installed and matched caps.
&amp#27;[35m[Appium]&amp#27;[39m Will require it at C:\Users\rrajput\.appium\node_modules\appium-uiautomator2-driver
[debug] &amp#27;[35m[Appium]&amp#27;[39m Requiring driver at C:\Users\rrajput\.appium\node_modules\appium-uiautomator2-driver
&amp#27;[38;5;16m[AppiumDriver@3b8b]&amp#27;[0m Appium v2.0.0-beta.48 creating new AndroidUiautomator2Driver (v2.12.1) session
&amp#27;[38;5;16m[AppiumDriver@3b8b]&amp#27;[0m Checking BaseDriver versions for Appium and AndroidUiautomator2Driver
&amp#27;[38;5;16m[AppiumDriver@3b8b]&amp#27;[0m Appium's BaseDriver version is 9.1.0
&amp#27;[38;5;16m[AppiumDriver@3b8b]&amp#27;[0m AndroidUiautomator2Driver's BaseDriver version is 9.1.0
[debug] &amp#27;[38;5;32m[AndroidUiautomator2Driver@f397]&amp#27;[0m Creating session with W3C capabilities: {
[debug] &amp#27;[38;5;32m[AndroidUiautomator2Driver@f397]&amp#27;[0m   "alwaysMatch": {
[debug] &amp#27;[38;5;32m[AndroidUiautomator2Driver@f397]&amp#27;[0m     "platformName": "android",
[debug] &amp#27;[38;5;32m[AndroidUiautomator2Driver@f397]&amp#27;[0m     "appium:app": "C:\\Users\\rrajput\\eclipse-workspace\\excelAppiumAutomationFramework\\src\\main\\java\\Tools and Drivers\\General-Store.apk",
[debug] &amp#27;[38;5;32m[AndroidUiautomator2Driver@f397]&amp#27;[0m     "appium:automationName": "UIAutomator2",
[debug] &amp#27;[38;5;32m[AndroidUiautomator2Driver@f397]&amp#27;[0m     "appium:chromedriverExecutable": "C:\\Users\\rrajput\\eclipse-workspace\\excelAppiumAutomationFramework\\src\\main\\java\\Tools and Drivers\\chromedriver.exe",
[debug] &amp#27;[38;5;32m[AndroidUiautomator2Driver@f397]&amp#27;[0m     "appium:deviceName": "Nexus 5X"
[debug] &amp#27;[38;5;32m[AndroidUiautomator2Driver@f397]&amp#27;[0m   },
[debug] &amp#27;[38;5;32m[AndroidUiautomator2Driver@f397]&amp#27;[0m   "firstMatch": [
[debug] &amp#27;[38;5;32m[AndroidUiautomator2Driver@f397]&amp#27;[0m     {}
[debug] &amp#27;[38;5;32m[AndroidUiautomator2Driver@f397]&amp#27;[0m   ]
[debug] &amp#27;[38;5;32m[AndroidUiautomator2Driver@f397]&amp#27;[0m }
&amp#27;[38;5;32m[AndroidUiautomator2Driver@f397 (6ab2dd27)]&amp#27;[0m Session created with session id: 6ab2dd27-5ced-4e22-b09a-5f7faf5afecc
&amp#27;[38;5;48m[BaseDriver]&amp#27;[0m Using local app 'C:\Users\rrajput\eclipse-workspace\excelAppiumAutomationFramework\src\main\java\Tools and Drivers\General-Store.apk'
[debug] &amp#27;[38;5;32m[AndroidUiautomator2Driver@f397 (6ab2dd27)]&amp#27;[0m Checking whether app is actually present
&amp#27;[38;5;64m[ADB]&amp#27;[0m Found 2 'build-tools' folders under 'C:\Users\rrajput\AppData\Local\Android\Sdk' (newest first):
&amp#27;[38;5;64m[ADB]&amp#27;[0m     C:/Users/rrajput/AppData/Local/Android/Sdk/build-tools/33.0.1
&amp#27;[38;5;64m[ADB]&amp#27;[0m     C:/Users/rrajput/AppData/Local/Android/Sdk/build-tools/30.0.3
&amp#27;[38;5;64m[ADB]&amp#27;[0m Using 'adb.exe' from 'C:\Users\rrajput\AppData\Local\Android\Sdk\platform-tools\adb.exe'
[debug] &amp#27;[38;5;64m[ADB]&amp#27;[0m Running 'C:\Users\rrajput\AppData\Local\Android\Sdk\platform-tools\adb.exe -P 5037 start-server'
&amp#27;[38;5;80m[AndroidDriver]&amp#27;[0m Retrieving device list
[debug] &amp#27;[38;5;64m[ADB]&amp#27;[0m Trying to find a connected android device
[debug] &amp#27;[38;5;64m[ADB]&amp#27;[0m Getting connected devices
[debug] &amp#27;[38;5;64m[ADB]&amp#27;[0m Connected devices: [{"udid":"emulator-5554","state":"device"}]
&amp#27;[38;5;80m[AndroidDriver]&amp#27;[0m Using device: emulator-5554
&amp#27;[38;5;64m[ADB]&amp#27;[0m Using 'adb.exe' from 'C:\Users\rrajput\AppData\Local\Android\Sdk\platform-tools\adb.exe'
[debug] &amp#27;[38;5;64m[ADB]&amp#27;[0m Running 'C:\Users\rrajput\AppData\Local\Android\Sdk\platform-tools\adb.exe -P 5037 start-server'
[debug] &amp#27;[38;5;64m[ADB]&amp#27;[0m Setting device id to emulator-5554
[debug] &amp#27;[38;5;64m[ADB]&amp#27;[0m Running 'C:\Users\rrajput\AppData\Local\Android\Sdk\platform-tools\adb.exe -P 5037 -s emulator-5554 shell getprop ro.build.version.sdk'
[debug] &amp#27;[38;5;64m[ADB]&amp#27;[0m Current device property 'ro.build.version.sdk': 30
&amp#27;[38;5;64m[ADB]&amp#27;[0m Getting device platform version
[debug] &amp#27;[38;5;64m[ADB]&amp#27;[0m Running 'C:\Users\rrajput\AppData\Local\Android\Sdk\platform-tools\adb.exe -P 5037 -s emulator-5554 shell getprop ro.build.version.release'
[debug] &amp#27;[38;5;64m[ADB]&amp#27;[0m Current device property 'ro.build.version.release': 11
[debug] &amp#27;[38;5;64m[ADB]&amp#27;[0m Device API level: 30
&amp#27;[38;5;32m[AndroidUiautomator2Driver@f397 (6ab2dd27)]&amp#27;[0m Relaxing hidden api policy
[debug] &amp#27;[38;5;64m[ADB]&amp#27;[0m Running 'C:\Users\rrajput\AppData\Local\Android\Sdk\platform-tools\adb.exe -P 5037 -s emulator-5554 shell 'settings put global hidden_api_policy_pre_p_apps 1;settings put global hidden_api_policy_p_apps 1;settings put global hidden_api_policy 1''
[debug] &amp#27;[38;5;80m[AndroidDriver]&amp#27;[0m Parsing package and activity from app manifest
&amp#27;[38;5;64m[ADB]&amp#27;[0m Package name: 'com.androidsample.generalstore'
&amp#27;[38;5;64m[ADB]&amp#27;[0m Main activity name: 'com.androidsample.generalstore.SplashActivity'
[debug] &amp#27;[38;5;80m[AndroidDriver]&amp#27;[0m Parsed package and activity are: com.androidsample.generalstore/com.androidsample.generalstore.SplashActivity
[debug] &amp#27;[38;5;64m[ADB]&amp#27;[0m Running 'C:\Users\rrajput\AppData\Local\Android\Sdk\platform-tools\adb.exe -P 5037 -s emulator-5554 wait-for-device'
[debug] &amp#27;[38;5;64m[ADB]&amp#27;[0m Running 'C:\Users\rrajput\AppData\Local\Android\Sdk\platform-tools\adb.exe -P 5037 -s emulator-5554 shell echo ping'
[debug] &amp#27;[38;5;80m[AndroidDriver]&amp#27;[0m Pushing settings apk to device...
[debug] &amp#27;[38;5;64m[ADB]&amp#27;[0m Getting install status for io.appium.settings
[debug] &amp#27;[38;5;64m[ADB]&amp#27;[0m Running 'C:\Users\rrajput\AppData\Local\Android\Sdk\platform-tools\adb.exe -P 5037 -s emulator-5554 shell dumpsys package io.appium.settings'
[debug] &amp#27;[38;5;64m[ADB]&amp#27;[0m 'io.appium.settings' is installed
[debug] &amp#27;[38;5;64m[ADB]&amp#27;[0m Getting package info for 'io.appium.settings'
[debug] &amp#27;[38;5;64m[ADB]&amp#27;[0m Running 'C:\Users\rrajput\AppData\Local\Android\Sdk\platform-tools\adb.exe -P 5037 -s emulator-5554 shell dumpsys package io.appium.settings'
[debug] &amp#27;[38;5;64m[ADB]&amp#27;[0m The version name of the installed 'io.appium.settings' is greater or equal to the application version name ('5.0.0' >= '5.0.0')
[debug] &amp#27;[38;5;64m[ADB]&amp#27;[0m There is no need to install/upgrade 'C:\Users\rrajput\.appium\node_modules\appium-uiautomator2-driver\node_modules\io.appium.settings\apks\settings_apk-debug.apk'
[debug] &amp#27;[38;5;64m[ADB]&amp#27;[0m Getting IDs of all 'io.appium.settings' processes
[debug] &amp#27;[38;5;64m[ADB]&amp#27;[0m Running 'C:\Users\rrajput\AppData\Local\Android\Sdk\platform-tools\adb.exe -P 5037 -s emulator-5554 shell 'pgrep --help; echo $?''
[debug] &amp#27;[38;5;64m[ADB]&amp#27;[0m Running 'C:\Users\rrajput\AppData\Local\Android\Sdk\platform-tools\adb.exe -P 5037 -s emulator-5554 shell pgrep -f \(\[\[:blank:\]\]\|\^\)io\.appium\.settings\(\[\[:blank:\]\]\|\$\)'
[debug] &amp#27;[38;5;80m[AndroidDriver]&amp#27;[0m io.appium.settings is already running. There is no need to reset its permissions.
[debug] &amp#27;[38;5;96m[Logcat]&amp#27;[0m Starting logs capture with command: C:\\Users\\rrajput\\AppData\\Local\\Android\\Sdk\\platform-tools\\adb.exe -P 5037 -s emulator-5554 logcat -v threadtime
[debug] &amp#27;[38;5;32m[AndroidUiautomator2Driver@f397 (6ab2dd27)]&amp#27;[0m Forwarding UiAutomator2 Server port 6790 to local port 8200
[debug] &amp#27;[38;5;64m[ADB]&amp#27;[0m Forwarding system: 8200 to device: 6790
[debug] &amp#27;[38;5;64m[ADB]&amp#27;[0m Running 'C:\Users\rrajput\AppData\Local\Android\Sdk\platform-tools\adb.exe -P 5037 -s emulator-5554 forward tcp:8200 tcp:6790'
[debug] &amp#27;[38;5;64m[ADB]&amp#27;[0m Getting install status for io.appium.uiautomator2.server
[debug] &amp#27;[38;5;64m[ADB]&amp#27;[0m Running 'C:\Users\rrajput\AppData\Local\Android\Sdk\platform-tools\adb.exe -P 5037 -s emulator-5554 shell dumpsys package io.appium.uiautomator2.server'
[debug] &amp#27;[38;5;64m[ADB]&amp#27;[0m 'io.appium.uiautomator2.server' is installed
[debug] &amp#27;[38;5;64m[ADB]&amp#27;[0m Getting package info for 'io.appium.uiautomator2.server'
[debug] &amp#27;[38;5;64m[ADB]&amp#27;[0m Running 'C:\Users\rrajput\AppData\Local\Android\Sdk\platform-tools\adb.exe -P 5037 -s emulator-5554 shell dumpsys package io.appium.uiautomator2.server'
[debug] &amp#27;[38;5;64m[ADB]&amp#27;[0m The version name of the installed 'io.appium.uiautomator2.server' is greater or equal to the application version name ('5.7.6' >= '5.7.6')
[debug] &amp#27;[38;5;32m[AndroidUiautomator2Driver@f397 (6ab2dd27)]&amp#27;[0m io.appium.uiautomator2.server installation state: sameVersionInstalled
[debug] &amp#27;[38;5;64m[ADB]&amp#27;[0m Checking app cert for C:\Users\rrajput\.appium\node_modules\appium-uiautomator2-driver\node_modules\appium-uiautomator2-server\apks\appium-uiautomator2-server-v5.7.6.apk
&amp#27;[38;5;64m[ADB]&amp#27;[0m Using 'apksigner.jar' from 'C:\Users\rrajput\AppData\Local\Android\Sdk\build-tools\33.0.1\lib\apksigner.jar'
[debug] &amp#27;[38;5;64m[ADB]&amp#27;[0m Starting apksigner: 'C:\\Program Files\\Java\\jdk-11.0.17\\bin\\java.exe' -Xmx1024M -Xss1m -jar C:\\Users\\rrajput\\AppData\\Local\\Android\\Sdk\\build-tools\\33.0.1\\lib\\apksigner.jar verify --print-certs C:\\Users\\rrajput\\.appium\\node_modules\\appium-uiautomator2-driver\\node_modules\\appium-uiautomator2-server\\apks\\appium-uiautomator2-server-v5.7.6.apk
[debug] &amp#27;[38;5;64m[ADB]&amp#27;[0m apksigner stdout: Signer #1 certificate DN: EMAILADDRESS=android@android.com, CN=Android, OU=Android, O=Android, L=Mountain View, ST=California, C=US
[debug] &amp#27;[38;5;64m[ADB]&amp#27;[0m Signer #1 certificate SHA-256 digest: a40da80a59d170caa950cf15c18c454d47a39b26989d8b640ecd745ba71bf5dc
[debug] &amp#27;[38;5;64m[ADB]&amp#27;[0m Signer #1 certificate SHA-1 digest: 61ed377e85d386a8dfee6b864bd85b0bfaa5af81
[debug] &amp#27;[38;5;64m[ADB]&amp#27;[0m Signer #1 certificate MD5 digest: e89b158e4bcf988ebd09eb83f5378e87
[debug] &amp#27;[38;5;64m[ADB]&amp#27;[0m 
[debug] &amp#27;[38;5;64m[ADB]&amp#27;[0m sha256 hash did match for 'appium-uiautomator2-server-v5.7.6.apk'
&amp#27;[38;5;64m[ADB]&amp#27;[0m 'C:\Users\rrajput\.appium\node_modules\appium-uiautomator2-driver\node_modules\appium-uiautomator2-server\apks\appium-uiautomator2-server-v5.7.6.apk' is signed with the default certificate
[debug] &amp#27;[38;5;64m[ADB]&amp#27;[0m Getting install status for io.appium.uiautomator2.server.test
[debug] &amp#27;[38;5;64m[ADB]&amp#27;[0m Running 'C:\Users\rrajput\AppData\Local\Android\Sdk\platform-tools\adb.exe -P 5037 -s emulator-5554 shell dumpsys package io.appium.uiautomator2.server.test'
[debug] &amp#27;[38;5;64m[ADB]&amp#27;[0m 'io.appium.uiautomator2.server.test' is installed
[debug] &amp#27;[38;5;64m[ADB]&amp#27;[0m Checking app cert for C:\Users\rrajput\.appium\node_modules\appium-uiautomator2-driver\node_modules\appium-uiautomator2-server\apks\appium-uiautomator2-server-debug-androidTest.apk
[debug] &amp#27;[38;5;64m[ADB]&amp#27;[0m Starting apksigner: 'C:\\Program Files\\Java\\jdk-11.0.17\\bin\\java.exe' -Xmx1024M -Xss1m -jar C:\\Users\\rrajput\\AppData\\Local\\Android\\Sdk\\build-tools\\33.0.1\\lib\\apksigner.jar verify --print-certs C:\\Users\\rrajput\\.appium\\node_modules\\appium-uiautomator2-driver\\node_modules\\appium-uiautomator2-server\\apks\\appium-uiautomator2-server-debug-androidTest.apk
[debug] &amp#27;[38;5;64m[ADB]&amp#27;[0m apksigner stdout: Signer #1 certificate DN: EMAILADDRESS=android@android.com, CN=Android, OU=Android, O=Android, L=Mountain View, ST=California, C=US
[debug] &amp#27;[38;5;64m[ADB]&amp#27;[0m Signer #1 certificate SHA-256 digest: a40da80a59d170caa950cf15c18c454d47a39b26989d8b640ecd745ba71bf5dc
[debug] &amp#27;[38;5;64m[ADB]&amp#27;[0m Signer #1 certificate SHA-1 digest: 61ed377e85d386a8dfee6b864bd85b0bfaa5af81
[debug] &amp#27;[38;5;64m[ADB]&amp#27;[0m Signer #1 certificate MD5 digest: e89b158e4bcf988ebd09eb83f5378e87
[debug] &amp#27;[38;5;64m[ADB]&amp#27;[0m 
[debug] &amp#27;[38;5;64m[ADB]&amp#27;[0m sha256 hash did match for 'appium-uiautomator2-server-debug-androidTest.apk'
&amp#27;[38;5;64m[ADB]&amp#27;[0m 'C:\Users\rrajput\.appium\node_modules\appium-uiautomator2-driver\node_modules\appium-uiautomator2-server\apks\appium-uiautomator2-server-debug-androidTest.apk' is signed with the default certificate
&amp#27;[38;5;32m[AndroidUiautomator2Driver@f397 (6ab2dd27)]&amp#27;[0m Server packages are not going to be (re)installed
[debug] &amp#27;[38;5;32m[AndroidUiautomator2Driver@f397 (6ab2dd27)]&amp#27;[0m Waiting up to 30000ms for services to be available
[debug] &amp#27;[38;5;64m[ADB]&amp#27;[0m Running 'C:\Users\rrajput\AppData\Local\Android\Sdk\platform-tools\adb.exe -P 5037 -s emulator-5554 shell pm list instrumentation'
[debug] &amp#27;[38;5;32m[AndroidUiautomator2Driver@f397 (6ab2dd27)]&amp#27;[0m Instrumentation target 'io.appium.uiautomator2.server.test/androidx.test.runner.AndroidJUnitRunner' is available
&amp#27;[38;5;64m[ADB]&amp#27;[0m Adding packages ["io.appium.settings","io.appium.uiautomator2.server","io.appium.uiautomator2.server.test"] to Doze whitelist
[debug] &amp#27;[38;5;64m[ADB]&amp#27;[0m Got the following command chunks to execute: [["dumpsys","deviceidle","whitelist","+io.appium.settings",";","dumpsys","deviceidle","whitelist","+io.appium.uiautomator2.server",";","dumpsys","deviceidle","whitelist","+io.appium.uiautomator2.server.test",";"]]
[debug] &amp#27;[38;5;64m[ADB]&amp#27;[0m Running 'C:\Users\rrajput\AppData\Local\Android\Sdk\platform-tools\adb.exe -P 5037 -s emulator-5554 shell dumpsys deviceidle whitelist +io.appium.settings ; dumpsys deviceidle whitelist +io.appium.uiautomator2.server ; dumpsys deviceidle whitelist +io.appium.uiautomator2.server.test ;'
[debug] &amp#27;[38;5;64m[ADB]&amp#27;[0m Checking app cert for C:\Users\rrajput\eclipse-workspace\excelAppiumAutomationFramework\src\main\java\Tools and Drivers\General-Store.apk
[debug] &amp#27;[38;5;64m[ADB]&amp#27;[0m Starting apksigner: 'C:\\Program Files\\Java\\jdk-11.0.17\\bin\\java.exe' -Xmx1024M -Xss1m -jar C:\\Users\\rrajput\\AppData\\Local\\Android\\Sdk\\build-tools\\33.0.1\\lib\\apksigner.jar verify --print-certs 'C:\\Users\\rrajput\\eclipse-workspace\\excelAppiumAutomationFramework\\src\\main\\java\\Tools and Drivers\\General-Store.apk'
[debug] &amp#27;[38;5;64m[ADB]&amp#27;[0m apksigner stdout: Signer #1 certificate DN: C=US, O=Android, CN=Android Debug
[debug] &amp#27;[38;5;64m[ADB]&amp#27;[0m Signer #1 certificate SHA-256 digest: f5f5931c019be6bff8a26255f76ae9ef8a8e631d2a702ec10e91110231549eef
[debug] &amp#27;[38;5;64m[ADB]&amp#27;[0m Signer #1 certificate SHA-1 digest: b250161db8b5d0a1bd39154c9fd749bdad79c1a3
[debug] &amp#27;[38;5;64m[ADB]&amp#27;[0m Signer #1 certificate MD5 digest: 7a5550323d84472ca25a0861c63e0a6c
[debug] &amp#27;[38;5;64m[ADB]&amp#27;[0m 
&amp#27;[38;5;64m[ADB]&amp#27;[0m 'C:\Users\rrajput\eclipse-workspace\excelAppiumAutomationFramework\src\main\java\Tools and Drivers\General-Store.apk' is signed with a non-default certificate
[debug] &amp#27;[38;5;64m[ADB]&amp#27;[0m Getting install status for com.androidsample.generalstore
[debug] &amp#27;[38;5;64m[ADB]&amp#27;[0m Running 'C:\Users\rrajput\AppData\Local\Android\Sdk\platform-tools\adb.exe -P 5037 -s emulator-5554 shell dumpsys package com.androidsample.generalstore'
[debug] &amp#27;[38;5;64m[ADB]&amp#27;[0m 'com.androidsample.generalstore' is installed
[debug] &amp#27;[38;5;64m[ADB]&amp#27;[0m Getting package info for 'com.androidsample.generalstore'
[debug] &amp#27;[38;5;64m[ADB]&amp#27;[0m Running 'C:\Users\rrajput\AppData\Local\Android\Sdk\platform-tools\adb.exe -P 5037 -s emulator-5554 shell dumpsys package com.androidsample.generalstore'
[debug] &amp#27;[38;5;64m[ADB]&amp#27;[0m The version name of the installed 'com.androidsample.generalstore' is greater or equal to the application version name ('1.0.0' >= '1.0.0')
[debug] &amp#27;[38;5;64m[ADB]&amp#27;[0m There is no need to install/upgrade 'C:\Users\rrajput\eclipse-workspace\excelAppiumAutomationFramework\src\main\java\Tools and Drivers\General-Store.apk'
&amp#27;[38;5;80m[AndroidDriver]&amp#27;[0m Performing fast reset on 'com.androidsample.generalstore'
[debug] &amp#27;[38;5;64m[ADB]&amp#27;[0m Getting install status for com.androidsample.generalstore
[debug] &amp#27;[38;5;64m[ADB]&amp#27;[0m Running 'C:\Users\rrajput\AppData\Local\Android\Sdk\platform-tools\adb.exe -P 5037 -s emulator-5554 shell dumpsys package com.androidsample.generalstore'
[debug] &amp#27;[38;5;64m[ADB]&amp#27;[0m 'com.androidsample.generalstore' is installed
[debug] &amp#27;[38;5;64m[ADB]&amp#27;[0m Running 'C:\Users\rrajput\AppData\Local\Android\Sdk\platform-tools\adb.exe -P 5037 -s emulator-5554 shell am force-stop com.androidsample.generalstore'
[debug] &amp#27;[38;5;64m[ADB]&amp#27;[0m Running 'C:\Users\rrajput\AppData\Local\Android\Sdk\platform-tools\adb.exe -P 5037 -s emulator-5554 shell pm clear com.androidsample.generalstore'
[debug] &amp#27;[38;5;80m[AndroidDriver]&amp#27;[0m Performed fast reset on the installed 'com.androidsample.generalstore' application (stop and clear)
[debug] &amp#27;[38;5;32m[AndroidUiautomator2Driver@f397 (6ab2dd27)]&amp#27;[0m Performing shallow cleanup of automation leftovers
[debug] &amp#27;[38;5;32m[AndroidUiautomator2Driver@f397 (6ab2dd27)]&amp#27;[0m No obsolete sessions have been detected (socket hang up)
[debug] &amp#27;[38;5;64m[ADB]&amp#27;[0m Running 'C:\Users\rrajput\AppData\Local\Android\Sdk\platform-tools\adb.exe -P 5037 -s emulator-5554 shell am force-stop io.appium.uiautomator2.server.test'
&amp#27;[38;5;32m[AndroidUiautomator2Driver@f397 (6ab2dd27)]&amp#27;[0m Starting UIAutomator2 server 5.7.6
&amp#27;[38;5;32m[AndroidUiautomator2Driver@f397 (6ab2dd27)]&amp#27;[0m Using UIAutomator2 server from 'C:\Users\rrajput\.appium\node_modules\appium-uiautomator2-driver\node_modules\appium-uiautomator2-server\apks\appium-uiautomator2-server-v5.7.6.apk' and test from 'C:\Users\rrajput\.appium\node_modules\appium-uiautomator2-driver\node_modules\appium-uiautomator2-server\apks\appium-uiautomator2-server-debug-androidTest.apk'
&amp#27;[38;5;32m[AndroidUiautomator2Driver@f397 (6ab2dd27)]&amp#27;[0m Waiting up to 30000ms for UiAutomator2 to be online...
[debug] &amp#27;[38;5;64m[ADB]&amp#27;[0m Creating ADB subprocess with args: ["-P",5037,"-s","emulator-5554","shell","am","instrument","-w","-e","disableAnalytics",true,"io.appium.uiautomator2.server.test/androidx.test.runner.AndroidJUnitRunner"]
[debug] &amp#27;[38;5;32m[AndroidUiautomator2Driver@f397 (6ab2dd27)]&amp#27;[0m Matched '/status' to command name 'getStatus'
[debug] &amp#27;[38;5;32m[AndroidUiautomator2Driver@f397 (6ab2dd27)]&amp#27;[0m Proxying [GET /status] to [GET http://127.0.0.1:8200/status] with no body
&amp#27;[38;5;32m[AndroidUiautomator2Driver@f397 (6ab2dd27)]&amp#27;[0m socket hang up
[debug] &amp#27;[38;5;32m[AndroidUiautomator2Driver@f397 (6ab2dd27)]&amp#27;[0m Matched '/status' to command name 'getStatus'
[debug] &amp#27;[38;5;32m[AndroidUiautomator2Driver@f397 (6ab2dd27)]&amp#27;[0m Proxying [GET /status] to [GET http://127.0.0.1:8200/status] with no body
&amp#27;[38;5;32m[AndroidUiautomator2Driver@f397 (6ab2dd27)]&amp#27;[0m socket hang up
[debug] &amp#27;[38;5;32m[AndroidUiautomator2Driver@f397 (6ab2dd27)]&amp#27;[0m Matched '/status' to command name 'getStatus'
[debug] &amp#27;[38;5;32m[AndroidUiautomator2Driver@f397 (6ab2dd27)]&amp#27;[0m Proxying [GET /status] to [GET http://127.0.0.1:8200/status] with no body
&amp#27;[38;5;32m[AndroidUiautomator2Driver@f397 (6ab2dd27)]&amp#27;[0m socket hang up
[debug] &amp#27;[38;5;32m[AndroidUiautomator2Driver@f397 (6ab2dd27)]&amp#27;[0m Matched '/status' to command name 'getStatus'
[debug] &amp#27;[38;5;32m[AndroidUiautomator2Driver@f397 (6ab2dd27)]&amp#27;[0m Proxying [GET /status] to [GET http://127.0.0.1:8200/status] with no body
&amp#27;[38;5;32m[AndroidUiautomator2Driver@f397 (6ab2dd27)]&amp#27;[0m socket hang up
[debug] &amp#27;[38;5;32m[AndroidUiautomator2Driver@f397 (6ab2dd27)]&amp#27;[0m Matched '/status' to command name 'getStatus'
[debug] &amp#27;[38;5;32m[AndroidUiautomator2Driver@f397 (6ab2dd27)]&amp#27;[0m Proxying [GET /status] to [GET http://127.0.0.1:8200/status] with no body
&amp#27;[38;5;32m[AndroidUiautomator2Driver@f397 (6ab2dd27)]&amp#27;[0m socket hang up
[debug] &amp#27;[38;5;112m[Instrumentation]&amp#27;[0m io.appium.uiautomator2.server.test.AppiumUiAutomator2Server:
[debug] &amp#27;[38;5;32m[AndroidUiautomator2Driver@f397 (6ab2dd27)]&amp#27;[0m Matched '/status' to command name 'getStatus'
[debug] &amp#27;[38;5;32m[AndroidUiautomator2Driver@f397 (6ab2dd27)]&amp#27;[0m Proxying [GET /status] to [GET http://127.0.0.1:8200/status] with no body
&amp#27;[38;5;32m[AndroidUiautomator2Driver@f397 (6ab2dd27)]&amp#27;[0m socket hang up
[debug] &amp#27;[38;5;32m[AndroidUiautomator2Driver@f397 (6ab2dd27)]&amp#27;[0m Matched '/status' to command name 'getStatus'
[debug] &amp#27;[38;5;32m[AndroidUiautomator2Driver@f397 (6ab2dd27)]&amp#27;[0m Proxying [GET /status] to [GET http://127.0.0.1:8200/status] with no body
[debug] &amp#27;[38;5;32m[AndroidUiautomator2Driver@f397 (6ab2dd27)]&amp#27;[0m Got response with status 200: {"sessionId":"None","value":{"message":"UiAutomator2 Server is ready to accept commands","ready":true}}
[debug] &amp#27;[38;5;32m[AndroidUiautomator2Driver@f397 (6ab2dd27)]&amp#27;[0m The initialization of the instrumentation process took 6183ms
[debug] &amp#27;[38;5;32m[AndroidUiautomator2Driver@f397 (6ab2dd27)]&amp#27;[0m Matched '/session' to command name 'createSession'
[debug] &amp#27;[38;5;32m[AndroidUiautomator2Driver@f397 (6ab2dd27)]&amp#27;[0m Proxying [POST /session] to [POST http://127.0.0.1:8200/session] with body: {"capabilities":{"firstMatch":[{"platform":"LINUX","webStorageEnabled":false,"takesScreenshot":true,"javascriptEnabled":true,"databaseEnabled":false,"networkConnectionEnabled":true,"locationContextEnabled":false,"warnings":{},"desired":{"platformName":"android","app":"C:\\Users\\rrajput\\eclipse-workspace\\excelAppiumAutomationFramework\\src\\main\\java\\Tools and Drivers\\General-Store.apk","automationName":"UIAutomator2","chromedriverExecutable":"C:\\Users\\rrajput\\eclipse-workspace\\excelAppiumAutomationFramework\\src\\main\\java\\Tools and Drivers\\chromedriver.exe","deviceName":"Nexus 5X"},"platformName":"android","app":"C:\\Users\\rrajput\\eclipse-workspace\\excelAppiumAutomationFramework\\src\\main\\java\\Tools and Drivers\\General-Store.apk","automationName":"UIAutomator2","chromedriverExecutable":"C:\\Users\\rrajput\\eclipse-workspace\\excelAppiumAutomationFramework\\src\\main\\java\\Tools and Drivers\\chromedriver.exe","deviceName":"emulator-5554","deviceUDID":"emulator-5554","appPackage":"com.a...
[debug] &amp#27;[38;5;32m[AndroidUiautomator2Driver@f397 (6ab2dd27)]&amp#27;[0m Got response with status 200: {"sessionId":"fcb89815-5eae-4844-b02c-35f46d34f8de","value":{"capabilities":{"firstMatch":[{"platform":"LINUX","webStorageEnabled":false,"takesScreenshot":true,"javascriptEnabled":true,"databaseEnabled":false,"networkConnectionEnabled":true,"locationContextEnabled":false,"warnings":{},"desired":{"platformName":"android","app":"C:\\Users\\rrajput\\eclipse-workspace\\excelAppiumAutomationFramework\\src\\main\\java\\Tools and Drivers\\General-Store.apk","automationName":"UIAutomator2","chromedriverExecutable":"C:\\Users\\rrajput\\eclipse-workspace\\excelAppiumAutomationFramework\\src\\main\\java\\Tools and Drivers\\chromedriver.exe","deviceName":"Nexus 5X"},"platformName":"android","app":"C:\\Users\\rrajput\\eclipse-workspace\\excelAppiumAutomationFramework\\src\\main\\java\\Tools and Drivers\\General-Store.apk","automationName":"UIAutomator2","chromedriverExecutable":"C:\\Users\\rrajput\\eclipse-workspace\\excelAppiumAutomationFramework\\src\\main\\java\\Tools and Drivers\\chromedriver.exe","deviceName":"emu...
&amp#27;[38;5;32m[AndroidUiautomator2Driver@f397 (6ab2dd27)]&amp#27;[0m Determined the downstream protocol as 'W3C'
[debug] &amp#27;[38;5;32m[AndroidUiautomator2Driver@f397 (6ab2dd27)]&amp#27;[0m Proxying [GET /appium/device/info] to [GET http://127.0.0.1:8200/session/fcb89815-5eae-4844-b02c-35f46d34f8de/appium/device/info] with no body
[debug] &amp#27;[38;5;32m[AndroidUiautomator2Driver@f397 (6ab2dd27)]&amp#27;[0m Got response with status 200: {"sessionId":"fcb89815-5eae-4844-b02c-35f46d34f8de","value":{"androidId":"6a379f7d82fd96bf","apiVersion":"30","bluetooth":{"state":"ON"},"brand":"google","carrierName":"Android","displayDensity":420,"locale":"en_US","manufacturer":"Google","model":"sdk_gphone_x86","networks":[{"capabilities":{"SSID":null,"linkDownBandwidthKbps":141000,"linkUpstreamBandwidthKbps":141000,"networkCapabilities":"NET_CAPABILITY_NOT_METERED,NET_CAPABILITY_INTERNET,NET_CAPABILITY_NOT_RESTRICTED,NET_CAPABILITY_TRUSTED,NET_CAPABILITY_NOT_VPN,NET_CAPABILITY_VALIDATED,NET_CAPABILITY_NOT_ROAMING,NET_CAPABILITY_FOREGROUND,NET_CAPABILITY_NOT_CONGESTED,NET_CAPABILITY_NOT_SUSPENDED","signalStrength":-30,"transportTypes":"TRANSPORT_WIFI"},"detailedState":"CONNECTED","extraInfo":"","isAvailable":true,"isConnected":true,"isFailover":false,"isRoaming":false,"state":"CONNECTED","subtype":0,"subtypeName":"","type":1,"typeName":"WIFI"},{"capabilities":{"SSID":null,"linkDownBandwidthKbps":30000,"linkUpstreamBandwidthKbps":15000,"networkCapabiliti...
[debug] &amp#27;[38;5;64m[ADB]&amp#27;[0m Running 'C:\Users\rrajput\AppData\Local\Android\Sdk\platform-tools\adb.exe -P 5037 -s emulator-5554 shell dumpsys window'
&amp#27;[38;5;80m[AndroidDriver]&amp#27;[0m Screen already unlocked, doing nothing
&amp#27;[38;5;32m[AndroidUiautomator2Driver@f397 (6ab2dd27)]&amp#27;[0m Starting 'com.androidsample.generalstore/com.androidsample.generalstore.SplashActivity and waiting for 'com.androidsample.generalstore/com.androidsample.generalstore.SplashActivity'
[debug] &amp#27;[38;5;64m[ADB]&amp#27;[0m Running 'C:\Users\rrajput\AppData\Local\Android\Sdk\platform-tools\adb.exe -P 5037 -s emulator-5554 shell am start -W -n com.androidsample.generalstore/com.androidsample.generalstore.SplashActivity -S -a android.intent.action.MAIN -c android.intent.category.LAUNCHER -f 0x10200000'
[debug] &amp#27;[38;5;64m[ADB]&amp#27;[0m Waiting up to 20000ms for activity matching pkg: 'com.androidsample.generalstore' and activity: 'com.androidsample.generalstore.SplashActivity' to be focused
[debug] &amp#27;[38;5;64m[ADB]&amp#27;[0m Possible activities, to be checked: 'com.androidsample.generalstore.SplashActivity', 'com.androidsample.generalstore.com.androidsample.generalstore.SplashActivity'
[debug] &amp#27;[38;5;64m[ADB]&amp#27;[0m Getting focused package and activity
[debug] &amp#27;[38;5;64m[ADB]&amp#27;[0m Running 'C:\Users\rrajput\AppData\Local\Android\Sdk\platform-tools\adb.exe -P 5037 -s emulator-5554 shell dumpsys window displays'
[debug] &amp#27;[38;5;64m[ADB]&amp#27;[0m Found package: 'com.androidsample.generalstore' and fully qualified activity name : 'com.androidsample.generalstore.SplashActivity'
[debug] &amp#27;[38;5;32m[AndroidUiautomator2Driver@f397 (6ab2dd27)]&amp#27;[0m Proxying [GET /appium/device/pixel_ratio] to [GET http://127.0.0.1:8200/session/fcb89815-5eae-4844-b02c-35f46d34f8de/appium/device/pixel_ratio] with no body
[debug] &amp#27;[38;5;32m[AndroidUiautomator2Driver@f397 (6ab2dd27)]&amp#27;[0m Got response with status 200: {"sessionId":"fcb89815-5eae-4844-b02c-35f46d34f8de","value":2.625}
[debug] &amp#27;[38;5;32m[AndroidUiautomator2Driver@f397 (6ab2dd27)]&amp#27;[0m Matched '/appium/device/system_bars' to command name 'getSystemBars'
[debug] &amp#27;[38;5;32m[AndroidUiautomator2Driver@f397 (6ab2dd27)]&amp#27;[0m Proxying [GET /appium/device/system_bars] to [GET http://127.0.0.1:8200/session/fcb89815-5eae-4844-b02c-35f46d34f8de/appium/device/system_bars] with no body
[debug] &amp#27;[38;5;32m[AndroidUiautomator2Driver@f397 (6ab2dd27)]&amp#27;[0m Got response with status 200: {"sessionId":"fcb89815-5eae-4844-b02c-35f46d34f8de","value":{"statusBar":63}}
[debug] &amp#27;[38;5;32m[AndroidUiautomator2Driver@f397 (6ab2dd27)]&amp#27;[0m Matched '/window/current/size' to command name 'getWindowSize'
[debug] &amp#27;[38;5;32m[AndroidUiautomator2Driver@f397 (6ab2dd27)]&amp#27;[0m Proxying [GET /window/current/size] to [GET http://127.0.0.1:8200/session/fcb89815-5eae-4844-b02c-35f46d34f8de/window/current/size] with no body
[debug] &amp#27;[38;5;32m[AndroidUiautomator2Driver@f397 (6ab2dd27)]&amp#27;[0m Got response with status 200: {"sessionId":"fcb89815-5eae-4844-b02c-35f46d34f8de","value":{"height":1794,"width":1080}}
&amp#27;[38;5;16m[AppiumDriver@3b8b]&amp#27;[0m New AndroidUiautomator2Driver session created successfully, session 6ab2dd27-5ced-4e22-b09a-5f7faf5afecc added to master session list
[debug] &amp#27;[38;5;16m[AppiumDriver@3b8b]&amp#27;[0m Event 'newSessionStarted' logged at 1676269670887 (11:57:50 GMT+0530 (India Standard Time))
[debug] &amp#27;[38;5;32m[AndroidUiautomator2Driver@f397 (6ab2dd27)]&amp#27;[0m Cached the protocol value 'W3C' for the new session 6ab2dd27-5ced-4e22-b09a-5f7faf5afecc
[debug] &amp#27;[38;5;32m[AndroidUiautomator2Driver@f397 (6ab2dd27)]&amp#27;[0m Responding to client with driver.createSession() result: {"capabilities":{"platform":"LINUX","webStorageEnabled":false,"takesScreenshot":true,"javascriptEnabled":true,"databaseEnabled":false,"networkConnectionEnabled":true,"locationContextEnabled":false,"warnings":{},"desired":{"platformName":"android","app":"C:\\Users\\rrajput\\eclipse-workspace\\excelAppiumAutomationFramework\\src\\main\\java\\Tools and Drivers\\General-Store.apk","automationName":"UIAutomator2","chromedriverExecutable":"C:\\Users\\rrajput\\eclipse-workspace\\excelAppiumAutomationFramework\\src\\main\\java\\Tools and Drivers\\chromedriver.exe","deviceName":"Nexus 5X"},"platformName":"android","app":"C:\\Users\\rrajput\\eclipse-workspace\\excelAppiumAutomationFramework\\src\\main\\java\\Tools and Drivers\\General-Store.apk","automationName":"UIAutomator2","chromedriverExecutable":"C:\\Users\\rrajput\\eclipse-workspace\\excelAppiumAutomationFramework\\src\\main\\java\\Tools and Drivers\\chromedriver.exe","deviceName":"emulator-5554","deviceUDID":"emulator-5554","appPackage":"com.androidsample.ge...
&amp#27;[38;5;0m[HTTP]&amp#27;[0m &amp#27;[37m<-- POST /session &amp#27;[39m&amp#27;[32m200&amp#27;[39m &amp#27;[90m21615 ms - 1356&amp#27;[39m
&amp#27;[38;5;0m[HTTP]&amp#27;[0m &amp#27;[90m&amp#27;[39m
2023-02-13 11:57:50,911 AsyncHttpClient-1-2 ERROR Unable to create file ./results/logs/${ctx:threadName}.log java.io.IOException: The filename, directory name, or volume label syntax is incorrect
	at java.base/java.io.WinNTFileSystem.canonicalize0(Native Method)
	at java.base/java.io.WinNTFileSystem.canonicalize(WinNTFileSystem.java:483)
	at java.base/java.io.File.getCanonicalPath(File.java:626)
	at java.base/java.io.File.getCanonicalFile(File.java:651)
	at org.apache.logging.log4j.core.util.FileUtils.makeParentDirs(FileUtils.java:139)
	at org.apache.logging.log4j.core.appender.rolling.RollingFileManager$RollingFileManagerFactory.createManager(RollingFileManager.java:734)
	at org.apache.logging.log4j.core.appender.rolling.RollingFileManager$RollingFileManagerFactory.createManager(RollingFileManager.java:718)
	at org.apache.logging.log4j.core.appender.AbstractManager.getManager(AbstractManager.java:144)
	at org.apache.logging.log4j.core.appender.OutputStreamManager.getManager(OutputStreamManager.java:100)
	at org.apache.logging.log4j.core.appender.rolling.RollingFileManager.getFileManager(RollingFileManager.java:217)
	at org.apache.logging.log4j.core.appender.RollingFileAppender$Builder.build(RollingFileAppender.java:135)
	at org.apache.logging.log4j.core.appender.RollingFileAppender$Builder.build(RollingFileAppender.java:62)
	at org.apache.logging.log4j.core.config.plugins.util.PluginBuilder.build(PluginBuilder.java:124)
	at org.apache.logging.log4j.core.config.AbstractConfiguration.createPluginObject(AbstractConfiguration.java:1138)
	at org.apache.logging.log4j.core.config.AbstractConfiguration.createConfiguration(AbstractConfiguration.java:1063)
	at org.apache.logging.log4j.core.appender.routing.RoutingAppender.createAppender(RoutingAppender.java:310)
	at org.apache.logging.log4j.core.appender.routing.RoutingAppender.getControl(RoutingAppender.java:282)
	at org.apache.logging.log4j.core.appender.routing.RoutingAppender.append(RoutingAppender.java:240)
	at org.apache.logging.log4j.core.config.AppenderControl.tryCallAppender(AppenderControl.java:161)
	at org.apache.logging.log4j.core.config.AppenderControl.callAppender0(AppenderControl.java:134)
	at org.apache.logging.log4j.core.config.AppenderControl.callAppenderPreventRecursion(AppenderControl.java:125)
	at org.apache.logging.log4j.core.config.AppenderControl.callAppender(AppenderControl.java:89)
	at org.apache.logging.log4j.core.config.LoggerConfig.callAppenders(LoggerConfig.java:683)
	at org.apache.logging.log4j.core.config.LoggerConfig.processLogEvent(LoggerConfig.java:641)
	at org.apache.logging.log4j.core.config.LoggerConfig.log(LoggerConfig.java:624)
	at org.apache.logging.log4j.core.config.LoggerConfig.log(LoggerConfig.java:531)
	at org.apache.logging.log4j.core.config.AwaitCompletionReliabilityStrategy.log(AwaitCompletionReliabilityStrategy.java:63)
	at org.apache.logging.log4j.core.Logger.logMessage(Logger.java:154)
	at org.apache.logging.log4j.spi.ExtendedLoggerWrapper.logMessage(ExtendedLoggerWrapper.java:222)
	at org.apache.logging.log4j.spi.AbstractLogger.log(AbstractLogger.java:2117)
	at org.apache.logging.log4j.spi.AbstractLogger.tryLogMessage(AbstractLogger.java:2205)
	at org.apache.logging.log4j.spi.AbstractLogger.logMessageTrackRecursion(AbstractLogger.java:2159)
	at org.apache.logging.log4j.spi.AbstractLogger.logMessageSafely(AbstractLogger.java:2142)
	at org.apache.logging.log4j.spi.AbstractLogger.logMessage(AbstractLogger.java:2017)
	at org.apache.logging.log4j.spi.AbstractLogger.logIfEnabled(AbstractLogger.java:1983)
	at org.apache.logging.log4j.spi.AbstractLogger.debug(AbstractLogger.java:327)
	at io.netty.handler.codec.compression.Brotli.<clinit>(Brotli.java:38)
	at io.netty.handler.codec.http.HttpContentDecompressor.newContentDecoder(HttpContentDecompressor.java:70)
	at io.netty.handler.codec.http.HttpContentDecoder.decode(HttpContentDecoder.java:100)
	at io.netty.handler.codec.http.HttpContentDecoder.decode(HttpContentDecoder.java:47)
	at io.netty.handler.codec.MessageToMessageDecoder.channelRead(MessageToMessageDecoder.java:88)
	at io.netty.channel.AbstractChannelHandlerContext.invokeChannelRead(AbstractChannelHandlerContext.java:444)
	at io.netty.channel.AbstractChannelHandlerContext.invokeChannelRead(AbstractChannelHandlerContext.java:420)
	at io.netty.channel.AbstractChannelHandlerContext.fireChannelRead(AbstractChannelHandlerContext.java:412)
	at io.netty.channel.CombinedChannelDuplexHandler$DelegatingChannelHandlerContext.fireChannelRead(CombinedChannelDuplexHandler.java:436)
	at io.netty.handler.codec.ByteToMessageDecoder.fireChannelRead(ByteToMessageDecoder.java:346)
	at io.netty.handler.codec.ByteToMessageDecoder.fireChannelRead(ByteToMessageDecoder.java:333)
	at io.netty.handler.codec.ByteToMessageDecoder.callDecode(ByteToMessageDecoder.java:454)
	at io.netty.handler.codec.ByteToMessageDecoder.channelRead(ByteToMessageDecoder.java:290)
	at io.netty.channel.CombinedChannelDuplexHandler.channelRead(CombinedChannelDuplexHandler.java:251)
	at io.netty.channel.AbstractChannelHandlerContext.invokeChannelRead(AbstractChannelHandlerContext.java:442)
	at io.netty.channel.AbstractChannelHandlerContext.invokeChannelRead(AbstractChannelHandlerContext.java:420)
	at io.netty.channel.AbstractChannelHandlerContext.fireChannelRead(AbstractChannelHandlerContext.java:412)
	at io.netty.channel.DefaultChannelPipeline$HeadContext.channelRead(DefaultChannelPipeline.java:1410)
	at io.netty.channel.AbstractChannelHandlerContext.invokeChannelRead(AbstractChannelHandlerContext.java:440)
	at io.netty.channel.AbstractChannelHandlerContext.invokeChannelRead(AbstractChannelHandlerContext.java:420)
	at io.netty.channel.DefaultChannelPipeline.fireChannelRead(DefaultChannelPipeline.java:919)
	at io.netty.channel.nio.AbstractNioByteChannel$NioByteUnsafe.read(AbstractNioByteChannel.java:166)
	at io.netty.channel.nio.NioEventLoop.processSelectedKey(NioEventLoop.java:788)
	at io.netty.channel.nio.NioEventLoop.processSelectedKeysOptimized(NioEventLoop.java:724)
	at io.netty.channel.nio.NioEventLoop.processSelectedKeys(NioEventLoop.java:650)
	at io.netty.channel.nio.NioEventLoop.run(NioEventLoop.java:562)
	at io.netty.util.concurrent.SingleThreadEventExecutor$4.run(SingleThreadEventExecutor.java:997)
	at io.netty.util.internal.ThreadExecutorMap$2.run(ThreadExecutorMap.java:74)
	at io.netty.util.concurrent.FastThreadLocalRunnable.run(FastThreadLocalRunnable.java:30)
	at java.base/java.lang.Thread.run(Thread.java:834)

2023-02-13 11:57:50,912 AsyncHttpClient-1-2 ERROR Could not create plugin of type class org.apache.logging.log4j.core.appender.RollingFileAppender for element RollingFile: java.lang.IllegalStateException: ManagerFactory [org.apache.logging.log4j.core.appender.rolling.RollingFileManager$RollingFileManagerFactory@4e6d7365] unable to create manager for [./results/logs/${ctx:threadName}.log] with data [org.apache.logging.log4j.core.appender.rolling.RollingFileManager$FactoryData@49b25519[pattern=./results/logs/${ctx:threadName}-%d{yyyy-MM-dd}.log, append=true, bufferedIO=true, bufferSize=8192, policy=SizeBasedTriggeringPolicy(size=512000), strategy=DefaultRolloverStrategy(min=1, max=7, useMax=true), advertiseURI=null, layout=%d{HH:mm:ss.SSS} [%t] %-5level %logger{36} - %msg%n, filePermissions=null, fileOwner=null]] java.lang.IllegalStateException: ManagerFactory [org.apache.logging.log4j.core.appender.rolling.RollingFileManager$RollingFileManagerFactory@4e6d7365] unable to create manager for [./results/logs/${ctx:threadName}.log] with data [org.apache.logging.log4j.core.appender.rolling.RollingFileManager$FactoryData@49b25519[pattern=./results/logs/${ctx:threadName}-%d{yyyy-MM-dd}.log, append=true, bufferedIO=true, bufferSize=8192, policy=SizeBasedTriggeringPolicy(size=512000), strategy=DefaultRolloverStrategy(min=1, max=7, useMax=true), advertiseURI=null, layout=%d{HH:mm:ss.SSS} [%t] %-5level %logger{36} - %msg%n, filePermissions=null, fileOwner=null]]
	at org.apache.logging.log4j.core.appender.AbstractManager.getManager(AbstractManager.java:146)
	at org.apache.logging.log4j.core.appender.OutputStreamManager.getManager(OutputStreamManager.java:100)
	at org.apache.logging.log4j.core.appender.rolling.RollingFileManager.getFileManager(RollingFileManager.java:217)
	at org.apache.logging.log4j.core.appender.RollingFileAppender$Builder.build(RollingFileAppender.java:135)
	at org.apache.logging.log4j.core.appender.RollingFileAppender$Builder.build(RollingFileAppender.java:62)
	at org.apache.logging.log4j.core.config.plugins.util.PluginBuilder.build(PluginBuilder.java:124)
	at org.apache.logging.log4j.core.config.AbstractConfiguration.createPluginObject(AbstractConfiguration.java:1138)
	at org.apache.logging.log4j.core.config.AbstractConfiguration.createConfiguration(AbstractConfiguration.java:1063)
	at org.apache.logging.log4j.core.appender.routing.RoutingAppender.createAppender(RoutingAppender.java:310)
	at org.apache.logging.log4j.core.appender.routing.RoutingAppender.getControl(RoutingAppender.java:282)
	at org.apache.logging.log4j.core.appender.routing.RoutingAppender.append(RoutingAppender.java:240)
	at org.apache.logging.log4j.core.config.AppenderControl.tryCallAppender(AppenderControl.java:161)
	at org.apache.logging.log4j.core.config.AppenderControl.callAppender0(AppenderControl.java:134)
	at org.apache.logging.log4j.core.config.AppenderControl.callAppenderPreventRecursion(AppenderControl.java:125)
	at org.apache.logging.log4j.core.config.AppenderControl.callAppender(AppenderControl.java:89)
	at org.apache.logging.log4j.core.config.LoggerConfig.callAppenders(LoggerConfig.java:683)
	at org.apache.logging.log4j.core.config.LoggerConfig.processLogEvent(LoggerConfig.java:641)
	at org.apache.logging.log4j.core.config.LoggerConfig.log(LoggerConfig.java:624)
	at org.apache.logging.log4j.core.config.LoggerConfig.log(LoggerConfig.java:531)
	at org.apache.logging.log4j.core.config.AwaitCompletionReliabilityStrategy.log(AwaitCompletionReliabilityStrategy.java:63)
	at org.apache.logging.log4j.core.Logger.logMessage(Logger.java:154)
	at org.apache.logging.log4j.spi.ExtendedLoggerWrapper.logMessage(ExtendedLoggerWrapper.java:222)
	at org.apache.logging.log4j.spi.AbstractLogger.log(AbstractLogger.java:2117)
	at org.apache.logging.log4j.spi.AbstractLogger.tryLogMessage(AbstractLogger.java:2205)
	at org.apache.logging.log4j.spi.AbstractLogger.logMessageTrackRecursion(AbstractLogger.java:2159)
	at org.apache.logging.log4j.spi.AbstractLogger.logMessageSafely(AbstractLogger.java:2142)
	at org.apache.logging.log4j.spi.AbstractLogger.logMessage(AbstractLogger.java:2017)
	at org.apache.logging.log4j.spi.AbstractLogger.logIfEnabled(AbstractLogger.java:1983)
	at org.apache.logging.log4j.spi.AbstractLogger.debug(AbstractLogger.java:327)
	at io.netty.handler.codec.compression.Brotli.<clinit>(Brotli.java:38)
	at io.netty.handler.codec.http.HttpContentDecompressor.newContentDecoder(HttpContentDecompressor.java:70)
	at io.netty.handler.codec.http.HttpContentDecoder.decode(HttpContentDecoder.java:100)
	at io.netty.handler.codec.http.HttpContentDecoder.decode(HttpContentDecoder.java:47)
	at io.netty.handler.codec.MessageToMessageDecoder.channelRead(MessageToMessageDecoder.java:88)
	at io.netty.channel.AbstractChannelHandlerContext.invokeChannelRead(AbstractChannelHandlerContext.java:444)
	at io.netty.channel.AbstractChannelHandlerContext.invokeChannelRead(AbstractChannelHandlerContext.java:420)
	at io.netty.channel.AbstractChannelHandlerContext.fireChannelRead(AbstractChannelHandlerContext.java:412)
	at io.netty.channel.CombinedChannelDuplexHandler$DelegatingChannelHandlerContext.fireChannelRead(CombinedChannelDuplexHandler.java:436)
	at io.netty.handler.codec.ByteToMessageDecoder.fireChannelRead(ByteToMessageDecoder.java:346)
	at io.netty.handler.codec.ByteToMessageDecoder.fireChannelRead(ByteToMessageDecoder.java:333)
	at io.netty.handler.codec.ByteToMessageDecoder.callDecode(ByteToMessageDecoder.java:454)
	at io.netty.handler.codec.ByteToMessageDecoder.channelRead(ByteToMessageDecoder.java:290)
	at io.netty.channel.CombinedChannelDuplexHandler.channelRead(CombinedChannelDuplexHandler.java:251)
	at io.netty.channel.AbstractChannelHandlerContext.invokeChannelRead(AbstractChannelHandlerContext.java:442)
	at io.netty.channel.AbstractChannelHandlerContext.invokeChannelRead(AbstractChannelHandlerContext.java:420)
	at io.netty.channel.AbstractChannelHandlerContext.fireChannelRead(AbstractChannelHandlerContext.java:412)
	at io.netty.channel.DefaultChannelPipeline$HeadContext.channelRead(DefaultChannelPipeline.java:1410)
	at io.netty.channel.AbstractChannelHandlerContext.invokeChannelRead(AbstractChannelHandlerContext.java:440)
	at io.netty.channel.AbstractChannelHandlerContext.invokeChannelRead(AbstractChannelHandlerContext.java:420)
	at io.netty.channel.DefaultChannelPipeline.fireChannelRead(DefaultChannelPipeline.java:919)
	at io.netty.channel.nio.AbstractNioByteChannel$NioByteUnsafe.read(AbstractNioByteChannel.java:166)
	at io.netty.channel.nio.NioEventLoop.processSelectedKey(NioEventLoop.java:788)
	at io.netty.channel.nio.NioEventLoop.processSelectedKeysOptimized(NioEventLoop.java:724)
	at io.netty.channel.nio.NioEventLoop.processSelectedKeys(NioEventLoop.java:650)
	at io.netty.channel.nio.NioEventLoop.run(NioEventLoop.java:562)
	at io.netty.util.concurrent.SingleThreadEventExecutor$4.run(SingleThreadEventExecutor.java:997)
	at io.netty.util.internal.ThreadExecutorMap$2.run(ThreadExecutorMap.java:74)
	at io.netty.util.concurrent.FastThreadLocalRunnable.run(FastThreadLocalRunnable.java:30)
	at java.base/java.lang.Thread.run(Thread.java:834)

2023-02-13 11:57:50,913 AsyncHttpClient-1-2 ERROR Unable to invoke factory method in class org.apache.logging.log4j.core.appender.RollingFileAppender for element RollingFile: java.lang.IllegalStateException: No factory method found for class org.apache.logging.log4j.core.appender.RollingFileAppender java.lang.IllegalStateException: No factory method found for class org.apache.logging.log4j.core.appender.RollingFileAppender
	at org.apache.logging.log4j.core.config.plugins.util.PluginBuilder.findFactoryMethod(PluginBuilder.java:260)
	at org.apache.logging.log4j.core.config.plugins.util.PluginBuilder.build(PluginBuilder.java:136)
	at org.apache.logging.log4j.core.config.AbstractConfiguration.createPluginObject(AbstractConfiguration.java:1138)
	at org.apache.logging.log4j.core.config.AbstractConfiguration.createConfiguration(AbstractConfiguration.java:1063)
	at org.apache.logging.log4j.core.appender.routing.RoutingAppender.createAppender(RoutingAppender.java:310)
	at org.apache.logging.log4j.core.appender.routing.RoutingAppender.getControl(RoutingAppender.java:282)
	at org.apache.logging.log4j.core.appender.routing.RoutingAppender.append(RoutingAppender.java:240)
	at org.apache.logging.log4j.core.config.AppenderControl.tryCallAppender(AppenderControl.java:161)
	at org.apache.logging.log4j.core.config.AppenderControl.callAppender0(AppenderControl.java:134)
	at org.apache.logging.log4j.core.config.AppenderControl.callAppenderPreventRecursion(AppenderControl.java:125)
	at org.apache.logging.log4j.core.config.AppenderControl.callAppender(AppenderControl.java:89)
	at org.apache.logging.log4j.core.config.LoggerConfig.callAppenders(LoggerConfig.java:683)
	at org.apache.logging.log4j.core.config.LoggerConfig.processLogEvent(LoggerConfig.java:641)
	at org.apache.logging.log4j.core.config.LoggerConfig.log(LoggerConfig.java:624)
	at org.apache.logging.log4j.core.config.LoggerConfig.log(LoggerConfig.java:531)
	at org.apache.logging.log4j.core.config.AwaitCompletionReliabilityStrategy.log(AwaitCompletionReliabilityStrategy.java:63)
	at org.apache.logging.log4j.core.Logger.logMessage(Logger.java:154)
	at org.apache.logging.log4j.spi.ExtendedLoggerWrapper.logMessage(ExtendedLoggerWrapper.java:222)
	at org.apache.logging.log4j.spi.AbstractLogger.log(AbstractLogger.java:2117)
	at org.apache.logging.log4j.spi.AbstractLogger.tryLogMessage(AbstractLogger.java:2205)
	at org.apache.logging.log4j.spi.AbstractLogger.logMessageTrackRecursion(AbstractLogger.java:2159)
	at org.apache.logging.log4j.spi.AbstractLogger.logMessageSafely(AbstractLogger.java:2142)
	at org.apache.logging.log4j.spi.AbstractLogger.logMessage(AbstractLogger.java:2017)
	at org.apache.logging.log4j.spi.AbstractLogger.logIfEnabled(AbstractLogger.java:1983)
	at org.apache.logging.log4j.spi.AbstractLogger.debug(AbstractLogger.java:327)
	at io.netty.handler.codec.compression.Brotli.<clinit>(Brotli.java:38)
	at io.netty.handler.codec.http.HttpContentDecompressor.newContentDecoder(HttpContentDecompressor.java:70)
	at io.netty.handler.codec.http.HttpContentDecoder.decode(HttpContentDecoder.java:100)
	at io.netty.handler.codec.http.HttpContentDecoder.decode(HttpContentDecoder.java:47)
	at io.netty.handler.codec.MessageToMessageDecoder.channelRead(MessageToMessageDecoder.java:88)
	at io.netty.channel.AbstractChannelHandlerContext.invokeChannelRead(AbstractChannelHandlerContext.java:444)
	at io.netty.channel.AbstractChannelHandlerContext.invokeChannelRead(AbstractChannelHandlerContext.java:420)
	at io.netty.channel.AbstractChannelHandlerContext.fireChannelRead(AbstractChannelHandlerContext.java:412)
	at io.netty.channel.CombinedChannelDuplexHandler$DelegatingChannelHandlerContext.fireChannelRead(CombinedChannelDuplexHandler.java:436)
	at io.netty.handler.codec.ByteToMessageDecoder.fireChannelRead(ByteToMessageDecoder.java:346)
	at io.netty.handler.codec.ByteToMessageDecoder.fireChannelRead(ByteToMessageDecoder.java:333)
	at io.netty.handler.codec.ByteToMessageDecoder.callDecode(ByteToMessageDecoder.java:454)
	at io.netty.handler.codec.ByteToMessageDecoder.channelRead(ByteToMessageDecoder.java:290)
	at io.netty.channel.CombinedChannelDuplexHandler.channelRead(CombinedChannelDuplexHandler.java:251)
	at io.netty.channel.AbstractChannelHandlerContext.invokeChannelRead(AbstractChannelHandlerContext.java:442)
	at io.netty.channel.AbstractChannelHandlerContext.invokeChannelRead(AbstractChannelHandlerContext.java:420)
	at io.netty.channel.AbstractChannelHandlerContext.fireChannelRead(AbstractChannelHandlerContext.java:412)
	at io.netty.channel.DefaultChannelPipeline$HeadContext.channelRead(DefaultChannelPipeline.java:1410)
	at io.netty.channel.AbstractChannelHandlerContext.invokeChannelRead(AbstractChannelHandlerContext.java:440)
	at io.netty.channel.AbstractChannelHandlerContext.invokeChannelRead(AbstractChannelHandlerContext.java:420)
	at io.netty.channel.DefaultChannelPipeline.fireChannelRead(DefaultChannelPipeline.java:919)
	at io.netty.channel.nio.AbstractNioByteChannel$NioByteUnsafe.read(AbstractNioByteChannel.java:166)
	at io.netty.channel.nio.NioEventLoop.processSelectedKey(NioEventLoop.java:788)
	at io.netty.channel.nio.NioEventLoop.processSelectedKeysOptimized(NioEventLoop.java:724)
	at io.netty.channel.nio.NioEventLoop.processSelectedKeys(NioEventLoop.java:650)
	at io.netty.channel.nio.NioEventLoop.run(NioEventLoop.java:562)
	at io.netty.util.concurrent.SingleThreadEventExecutor$4.run(SingleThreadEventExecutor.java:997)
	at io.netty.util.internal.ThreadExecutorMap$2.run(ThreadExecutorMap.java:74)
	at io.netty.util.concurrent.FastThreadLocalRunnable.run(FastThreadLocalRunnable.java:30)
	at java.base/java.lang.Thread.run(Thread.java:834)

&amp#27;[38;5;0m[HTTP]&amp#27;[0m &amp#27;[37m-->&amp#27;[39m &amp#27;[37mPOST&amp#27;[39m &amp#27;[37m/session/6ab2dd27-5ced-4e22-b09a-5f7faf5afecc/timeouts&amp#27;[39m
&amp#27;[38;5;0m[HTTP]&amp#27;[0m &amp#27;[90m{"implicit":5000}&amp#27;[39m
[debug] &amp#27;[38;5;32m[AndroidUiautomator2Driver@f397 (6ab2dd27)]&amp#27;[0m Calling AppiumDriver.timeouts() with args: [null,null,null,null,5000,"6ab2dd27-5ced-4e22-b09a-5f7faf5afecc"]
[debug] &amp#27;[38;5;32m[AndroidUiautomator2Driver@f397 (6ab2dd27)]&amp#27;[0m W3C timeout argument: {"implicit":5000}}
[debug] &amp#27;[38;5;32m[AndroidUiautomator2Driver@f397 (6ab2dd27)]&amp#27;[0m Set implicit wait to 5000ms
[debug] &amp#27;[38;5;32m[AndroidUiautomator2Driver@f397 (6ab2dd27)]&amp#27;[0m Responding to client with driver.timeouts() result: null
&amp#27;[38;5;0m[HTTP]&amp#27;[0m &amp#27;[37m<-- POST /session/6ab2dd27-5ced-4e22-b09a-5f7faf5afecc/timeouts &amp#27;[39m&amp#27;[32m200&amp#27;[39m &amp#27;[90m7 ms - 14&amp#27;[39m
&amp#27;[38;5;0m[HTTP]&amp#27;[0m &amp#27;[90m&amp#27;[39m
&amp#27;[38;5;0m[HTTP]&amp#27;[0m &amp#27;[37m-->&amp#27;[39m &amp#27;[37mPOST&amp#27;[39m &amp#27;[37m/session/6ab2dd27-5ced-4e22-b09a-5f7faf5afecc/appium/device/start_activity&amp#27;[39m
&amp#27;[38;5;0m[HTTP]&amp#27;[0m &amp#27;[90m{"appPackage":"com.androidsample.generalstore","appActivity":"com.androidsample.generalstore.MainActivity","appWaitPackage":"","appWaitActivity":"","dontStopAppOnReset":false,"intentAction":"","intentCategory":"","intentFlags":"","optionalIntentArguments":""}&amp#27;[39m
[debug] &amp#27;[38;5;32m[AndroidUiautomator2Driver@f397 (6ab2dd27)]&amp#27;[0m Calling AppiumDriver.startActivity() with args: ["com.androidsample.generalstore","com.androidsample.generalstore.MainActivity","","","","","","",false,null,null,"6ab2dd27-5ced-4e22-b09a-5f7faf5afecc"]
[debug] &amp#27;[38;5;32m[AndroidUiautomator2Driver@f397 (6ab2dd27)]&amp#27;[0m Starting package 'com.androidsample.generalstore' and activity 'com.androidsample.generalstore.MainActivity'
[debug] &amp#27;[38;5;64m[ADB]&amp#27;[0m Running 'C:\Users\rrajput\AppData\Local\Android\Sdk\platform-tools\adb.exe -P 5037 -s emulator-5554 shell am start -W -n com.androidsample.generalstore/com.androidsample.generalstore.MainActivity -S'
[debug] &amp#27;[38;5;64m[ADB]&amp#27;[0m Waiting up to 20000ms for activity matching pkg: 'com.androidsample.generalstore' and activity: 'com.androidsample.generalstore.MainActivity' to be focused
[debug] &amp#27;[38;5;64m[ADB]&amp#27;[0m Possible activities, to be checked: 'com.androidsample.generalstore.MainActivity', 'com.androidsample.generalstore.com.androidsample.generalstore.MainActivity'
[debug] &amp#27;[38;5;64m[ADB]&amp#27;[0m Getting focused package and activity
[debug] &amp#27;[38;5;64m[ADB]&amp#27;[0m Running 'C:\Users\rrajput\AppData\Local\Android\Sdk\platform-tools\adb.exe -P 5037 -s emulator-5554 shell dumpsys window displays'
[debug] &amp#27;[38;5;64m[ADB]&amp#27;[0m Found package: 'com.androidsample.generalstore' and fully qualified activity name : 'com.androidsample.generalstore.MainActivity'
[debug] &amp#27;[38;5;32m[AndroidUiautomator2Driver@f397 (6ab2dd27)]&amp#27;[0m Responding to client with driver.startActivity() result: null
&amp#27;[38;5;0m[HTTP]&amp#27;[0m &amp#27;[37m<-- POST /session/6ab2dd27-5ced-4e22-b09a-5f7faf5afecc/appium/device/start_activity &amp#27;[39m&amp#27;[32m200&amp#27;[39m &amp#27;[90m1909 ms - 14&amp#27;[39m
&amp#27;[38;5;0m[HTTP]&amp#27;[0m &amp#27;[90m&amp#27;[39m
&amp#27;[38;5;0m[HTTP]&amp#27;[0m &amp#27;[37m-->&amp#27;[39m &amp#27;[37mPOST&amp#27;[39m &amp#27;[37m/session/6ab2dd27-5ced-4e22-b09a-5f7faf5afecc/element&amp#27;[39m
&amp#27;[38;5;0m[HTTP]&amp#27;[0m &amp#27;[90m{"using":"xpath","value":"//android.widget.RadioButton[@text='Male']"}&amp#27;[39m
[debug] &amp#27;[38;5;32m[AndroidUiautomator2Driver@f397 (6ab2dd27)]&amp#27;[0m Calling AppiumDriver.findElement() with args: ["xpath","//android.widget.RadioButton[@text='Male']","6ab2dd27-5ced-4e22-b09a-5f7faf5afecc"]
[debug] &amp#27;[38;5;32m[AndroidUiautomator2Driver@f397 (6ab2dd27)]&amp#27;[0m Valid locator strategies for this request: xpath, id, class name, accessibility id, css selector, -android uiautomator
[debug] &amp#27;[38;5;32m[AndroidUiautomator2Driver@f397 (6ab2dd27)]&amp#27;[0m Waiting up to 5000 ms for condition
[debug] &amp#27;[38;5;32m[AndroidUiautomator2Driver@f397 (6ab2dd27)]&amp#27;[0m Matched '/element' to command name 'findElement'
[debug] &amp#27;[38;5;32m[AndroidUiautomator2Driver@f397 (6ab2dd27)]&amp#27;[0m Proxying [POST /element] to [POST http://127.0.0.1:8200/session/fcb89815-5eae-4844-b02c-35f46d34f8de/element] with body: {"strategy":"xpath","selector":"//android.widget.RadioButton[@text='Male']","context":"","multiple":false}
[debug] &amp#27;[38;5;32m[AndroidUiautomator2Driver@f397 (6ab2dd27)]&amp#27;[0m Got response with status 200: {"sessionId":"fcb89815-5eae-4844-b02c-35f46d34f8de","value":{"ELEMENT":"00000000-0000-0175-ffff-ffff00000016","element-6066-11e4-a52e-4f735466cecf":"00000000-0000-0175-ffff-ffff00000016"}}
[debug] &amp#27;[38;5;32m[AndroidUiautomator2Driver@f397 (6ab2dd27)]&amp#27;[0m Responding to client with driver.findElement() result: {"element-6066-11e4-a52e-4f735466cecf":"00000000-0000-0175-ffff-ffff00000016","ELEMENT":"00000000-0000-0175-ffff-ffff00000016"}
&amp#27;[38;5;0m[HTTP]&amp#27;[0m &amp#27;[37m<-- POST /session/6ab2dd27-5ced-4e22-b09a-5f7faf5afecc/element &amp#27;[39m&amp#27;[32m200&amp#27;[39m &amp#27;[90m863 ms - 137&amp#27;[39m
&amp#27;[38;5;0m[HTTP]&amp#27;[0m &amp#27;[90m&amp#27;[39m
&amp#27;[38;5;0m[HTTP]&amp#27;[0m &amp#27;[37m-->&amp#27;[39m &amp#27;[37mPOST&amp#27;[39m &amp#27;[37m/session/6ab2dd27-5ced-4e22-b09a-5f7faf5afecc/element/00000000-0000-0175-ffff-ffff00000016/click&amp#27;[39m
&amp#27;[38;5;0m[HTTP]&amp#27;[0m &amp#27;[90m{"id":"00000000-0000-0175-ffff-ffff00000016"}&amp#27;[39m
[debug] &amp#27;[38;5;32m[AndroidUiautomator2Driver@f397 (6ab2dd27)]&amp#27;[0m Calling AppiumDriver.click() with args: ["00000000-0000-0175-ffff-ffff00000016","6ab2dd27-5ced-4e22-b09a-5f7faf5afecc"]
[debug] &amp#27;[38;5;32m[AndroidUiautomator2Driver@f397 (6ab2dd27)]&amp#27;[0m Matched '/element/00000000-0000-0175-ffff-ffff00000016/click' to command name 'click'
[debug] &amp#27;[38;5;32m[AndroidUiautomator2Driver@f397 (6ab2dd27)]&amp#27;[0m Proxying [POST /element/00000000-0000-0175-ffff-ffff00000016/click] to [POST http://127.0.0.1:8200/session/fcb89815-5eae-4844-b02c-35f46d34f8de/element/00000000-0000-0175-ffff-ffff00000016/click] with body: {"element":"00000000-0000-0175-ffff-ffff00000016"}
[debug] &amp#27;[38;5;32m[AndroidUiautomator2Driver@f397 (6ab2dd27)]&amp#27;[0m Got response with status 200: {"sessionId":"fcb89815-5eae-4844-b02c-35f46d34f8de","value":null}
[debug] &amp#27;[38;5;32m[AndroidUiautomator2Driver@f397 (6ab2dd27)]&amp#27;[0m Responding to client with driver.click() result: null
&amp#27;[38;5;0m[HTTP]&amp#27;[0m &amp#27;[37m<-- POST /session/6ab2dd27-5ced-4e22-b09a-5f7faf5afecc/element/00000000-0000-0175-ffff-ffff00000016/click &amp#27;[39m&amp#27;[32m200&amp#27;[39m &amp#27;[90m69 ms - 14&amp#27;[39m
&amp#27;[38;5;0m[HTTP]&amp#27;[0m &amp#27;[90m&amp#27;[39m
&amp#27;[38;5;0m[HTTP]&amp#27;[0m &amp#27;[37m-->&amp#27;[39m &amp#27;[37mPOST&amp#27;[39m &amp#27;[37m/session/6ab2dd27-5ced-4e22-b09a-5f7faf5afecc/element&amp#27;[39m
&amp#27;[38;5;0m[HTTP]&amp#27;[0m &amp#27;[90m{"using":"id","value":"android:id/text1"}&amp#27;[39m
[debug] &amp#27;[38;5;32m[AndroidUiautomator2Driver@f397 (6ab2dd27)]&amp#27;[0m Calling AppiumDriver.findElement() with args: ["id","android:id/text1","6ab2dd27-5ced-4e22-b09a-5f7faf5afecc"]
[debug] &amp#27;[38;5;32m[AndroidUiautomator2Driver@f397 (6ab2dd27)]&amp#27;[0m Valid locator strategies for this request: xpath, id, class name, accessibility id, css selector, -android uiautomator
[debug] &amp#27;[38;5;32m[AndroidUiautomator2Driver@f397 (6ab2dd27)]&amp#27;[0m Waiting up to 5000 ms for condition
[debug] &amp#27;[38;5;32m[AndroidUiautomator2Driver@f397 (6ab2dd27)]&amp#27;[0m Matched '/element' to command name 'findElement'
[debug] &amp#27;[38;5;32m[AndroidUiautomator2Driver@f397 (6ab2dd27)]&amp#27;[0m Proxying [POST /element] to [POST http://127.0.0.1:8200/session/fcb89815-5eae-4844-b02c-35f46d34f8de/element] with body: {"strategy":"id","selector":"android:id/text1","context":"","multiple":false}
[debug] &amp#27;[38;5;32m[AndroidUiautomator2Driver@f397 (6ab2dd27)]&amp#27;[0m Got response with status 200: {"sessionId":"fcb89815-5eae-4844-b02c-35f46d34f8de","value":{"ELEMENT":"00000000-0000-0175-ffff-ffff0000001b","element-6066-11e4-a52e-4f735466cecf":"00000000-0000-0175-ffff-ffff0000001b"}}
[debug] &amp#27;[38;5;32m[AndroidUiautomator2Driver@f397 (6ab2dd27)]&amp#27;[0m Responding to client with driver.findElement() result: {"element-6066-11e4-a52e-4f735466cecf":"00000000-0000-0175-ffff-ffff0000001b","ELEMENT":"00000000-0000-0175-ffff-ffff0000001b"}
&amp#27;[38;5;0m[HTTP]&amp#27;[0m &amp#27;[37m<-- POST /session/6ab2dd27-5ced-4e22-b09a-5f7faf5afecc/element &amp#27;[39m&amp#27;[32m200&amp#27;[39m &amp#27;[90m42 ms - 137&amp#27;[39m
&amp#27;[38;5;0m[HTTP]&amp#27;[0m &amp#27;[90m&amp#27;[39m
&amp#27;[38;5;0m[HTTP]&amp#27;[0m &amp#27;[37m-->&amp#27;[39m &amp#27;[37mPOST&amp#27;[39m &amp#27;[37m/session/6ab2dd27-5ced-4e22-b09a-5f7faf5afecc/element/00000000-0000-0175-ffff-ffff0000001b/click&amp#27;[39m
&amp#27;[38;5;0m[HTTP]&amp#27;[0m &amp#27;[90m{"id":"00000000-0000-0175-ffff-ffff0000001b"}&amp#27;[39m
[debug] &amp#27;[38;5;32m[AndroidUiautomator2Driver@f397 (6ab2dd27)]&amp#27;[0m Calling AppiumDriver.click() with args: ["00000000-0000-0175-ffff-ffff0000001b","6ab2dd27-5ced-4e22-b09a-5f7faf5afecc"]
[debug] &amp#27;[38;5;32m[AndroidUiautomator2Driver@f397 (6ab2dd27)]&amp#27;[0m Matched '/element/00000000-0000-0175-ffff-ffff0000001b/click' to command name 'click'
[debug] &amp#27;[38;5;32m[AndroidUiautomator2Driver@f397 (6ab2dd27)]&amp#27;[0m Proxying [POST /element/00000000-0000-0175-ffff-ffff0000001b/click] to [POST http://127.0.0.1:8200/session/fcb89815-5eae-4844-b02c-35f46d34f8de/element/00000000-0000-0175-ffff-ffff0000001b/click] with body: {"element":"00000000-0000-0175-ffff-ffff0000001b"}
[debug] &amp#27;[38;5;32m[AndroidUiautomator2Driver@f397 (6ab2dd27)]&amp#27;[0m Got response with status 200: {"sessionId":"fcb89815-5eae-4844-b02c-35f46d34f8de","value":null}
[debug] &amp#27;[38;5;32m[AndroidUiautomator2Driver@f397 (6ab2dd27)]&amp#27;[0m Responding to client with driver.click() result: null
&amp#27;[38;5;0m[HTTP]&amp#27;[0m &amp#27;[37m<-- POST /session/6ab2dd27-5ced-4e22-b09a-5f7faf5afecc/element/00000000-0000-0175-ffff-ffff0000001b/click &amp#27;[39m&amp#27;[32m200&amp#27;[39m &amp#27;[90m483 ms - 14&amp#27;[39m
&amp#27;[38;5;0m[HTTP]&amp#27;[0m &amp#27;[90m&amp#27;[39m
&amp#27;[38;5;0m[HTTP]&amp#27;[0m &amp#27;[37m-->&amp#27;[39m &amp#27;[37mPOST&amp#27;[39m &amp#27;[37m/session/6ab2dd27-5ced-4e22-b09a-5f7faf5afecc/element&amp#27;[39m
&amp#27;[38;5;0m[HTTP]&amp#27;[0m &amp#27;[90m{"using":"-android uiautomator","value":"new UiScrollable(new UiSelector()).scrollIntoView(text(\"Australia\"));"}&amp#27;[39m
[debug] &amp#27;[38;5;32m[AndroidUiautomator2Driver@f397 (6ab2dd27)]&amp#27;[0m Calling AppiumDriver.findElement() with args: ["-android uiautomator","new UiScrollable(new UiSelector()).scrollIntoView(text(\"Australia\"));","6ab2dd27-5ced-4e22-b09a-5f7faf5afecc"]
[debug] &amp#27;[38;5;32m[AndroidUiautomator2Driver@f397 (6ab2dd27)]&amp#27;[0m Valid locator strategies for this request: xpath, id, class name, accessibility id, css selector, -android uiautomator
[debug] &amp#27;[38;5;32m[AndroidUiautomator2Driver@f397 (6ab2dd27)]&amp#27;[0m Waiting up to 5000 ms for condition
[debug] &amp#27;[38;5;32m[AndroidUiautomator2Driver@f397 (6ab2dd27)]&amp#27;[0m Matched '/element' to command name 'findElement'
[debug] &amp#27;[38;5;32m[AndroidUiautomator2Driver@f397 (6ab2dd27)]&amp#27;[0m Proxying [POST /element] to [POST http://127.0.0.1:8200/session/fcb89815-5eae-4844-b02c-35f46d34f8de/element] with body: {"strategy":"-android uiautomator","selector":"new UiScrollable(new UiSelector()).scrollIntoView(text(\"Australia\"));","context":"","multiple":false}
[debug] &amp#27;[38;5;32m[AndroidUiautomator2Driver@f397 (6ab2dd27)]&amp#27;[0m Got response with status 200: {"sessionId":"fcb89815-5eae-4844-b02c-35f46d34f8de","value":{"ELEMENT":"00000000-0000-0176-ffff-ffff00000023","element-6066-11e4-a52e-4f735466cecf":"00000000-0000-0176-ffff-ffff00000023"}}
[debug] &amp#27;[38;5;32m[AndroidUiautomator2Driver@f397 (6ab2dd27)]&amp#27;[0m Responding to client with driver.findElement() result: {"element-6066-11e4-a52e-4f735466cecf":"00000000-0000-0176-ffff-ffff00000023","ELEMENT":"00000000-0000-0176-ffff-ffff00000023"}
&amp#27;[38;5;0m[HTTP]&amp#27;[0m &amp#27;[37m<-- POST /session/6ab2dd27-5ced-4e22-b09a-5f7faf5afecc/element &amp#27;[39m&amp#27;[32m200&amp#27;[39m &amp#27;[90m3872 ms - 137&amp#27;[39m
&amp#27;[38;5;0m[HTTP]&amp#27;[0m &amp#27;[90m&amp#27;[39m
&amp#27;[38;5;0m[HTTP]&amp#27;[0m &amp#27;[37m-->&amp#27;[39m &amp#27;[37mPOST&amp#27;[39m &amp#27;[37m/session/6ab2dd27-5ced-4e22-b09a-5f7faf5afecc/element&amp#27;[39m
&amp#27;[38;5;0m[HTTP]&amp#27;[0m &amp#27;[90m{"using":"xpath","value":"//android.widget.TextView[@text='Australia']"}&amp#27;[39m
[debug] &amp#27;[38;5;32m[AndroidUiautomator2Driver@f397 (6ab2dd27)]&amp#27;[0m Calling AppiumDriver.findElement() with args: ["xpath","//android.widget.TextView[@text='Australia']","6ab2dd27-5ced-4e22-b09a-5f7faf5afecc"]
[debug] &amp#27;[38;5;32m[AndroidUiautomator2Driver@f397 (6ab2dd27)]&amp#27;[0m Valid locator strategies for this request: xpath, id, class name, accessibility id, css selector, -android uiautomator
[debug] &amp#27;[38;5;32m[AndroidUiautomator2Driver@f397 (6ab2dd27)]&amp#27;[0m Waiting up to 5000 ms for condition
[debug] &amp#27;[38;5;32m[AndroidUiautomator2Driver@f397 (6ab2dd27)]&amp#27;[0m Matched '/element' to command name 'findElement'
[debug] &amp#27;[38;5;32m[AndroidUiautomator2Driver@f397 (6ab2dd27)]&amp#27;[0m Proxying [POST /element] to [POST http://127.0.0.1:8200/session/fcb89815-5eae-4844-b02c-35f46d34f8de/element] with body: {"strategy":"xpath","selector":"//android.widget.TextView[@text='Australia']","context":"","multiple":false}
[debug] &amp#27;[38;5;32m[AndroidUiautomator2Driver@f397 (6ab2dd27)]&amp#27;[0m Got response with status 200: {"sessionId":"fcb89815-5eae-4844-b02c-35f46d34f8de","value":{"ELEMENT":"00000000-0000-0176-ffff-ffff00000023","element-6066-11e4-a52e-4f735466cecf":"00000000-0000-0176-ffff-ffff00000023"}}
[debug] &amp#27;[38;5;32m[AndroidUiautomator2Driver@f397 (6ab2dd27)]&amp#27;[0m Responding to client with driver.findElement() result: {"element-6066-11e4-a52e-4f735466cecf":"00000000-0000-0176-ffff-ffff00000023","ELEMENT":"00000000-0000-0176-ffff-ffff00000023"}
&amp#27;[38;5;0m[HTTP]&amp#27;[0m &amp#27;[37m<-- POST /session/6ab2dd27-5ced-4e22-b09a-5f7faf5afecc/element &amp#27;[39m&amp#27;[32m200&amp#27;[39m &amp#27;[90m42 ms - 137&amp#27;[39m
&amp#27;[38;5;0m[HTTP]&amp#27;[0m &amp#27;[90m&amp#27;[39m
&amp#27;[38;5;0m[HTTP]&amp#27;[0m &amp#27;[37m-->&amp#27;[39m &amp#27;[37mPOST&amp#27;[39m &amp#27;[37m/session/6ab2dd27-5ced-4e22-b09a-5f7faf5afecc/element/00000000-0000-0176-ffff-ffff00000023/click&amp#27;[39m
&amp#27;[38;5;0m[HTTP]&amp#27;[0m &amp#27;[90m{"id":"00000000-0000-0176-ffff-ffff00000023"}&amp#27;[39m
[debug] &amp#27;[38;5;32m[AndroidUiautomator2Driver@f397 (6ab2dd27)]&amp#27;[0m Calling AppiumDriver.click() with args: ["00000000-0000-0176-ffff-ffff00000023","6ab2dd27-5ced-4e22-b09a-5f7faf5afecc"]
[debug] &amp#27;[38;5;32m[AndroidUiautomator2Driver@f397 (6ab2dd27)]&amp#27;[0m Matched '/element/00000000-0000-0176-ffff-ffff00000023/click' to command name 'click'
[debug] &amp#27;[38;5;32m[AndroidUiautomator2Driver@f397 (6ab2dd27)]&amp#27;[0m Proxying [POST /element/00000000-0000-0176-ffff-ffff00000023/click] to [POST http://127.0.0.1:8200/session/fcb89815-5eae-4844-b02c-35f46d34f8de/element/00000000-0000-0176-ffff-ffff00000023/click] with body: {"element":"00000000-0000-0176-ffff-ffff00000023"}
[debug] &amp#27;[38;5;32m[AndroidUiautomator2Driver@f397 (6ab2dd27)]&amp#27;[0m Got response with status 200: {"sessionId":"fcb89815-5eae-4844-b02c-35f46d34f8de","value":null}
[debug] &amp#27;[38;5;32m[AndroidUiautomator2Driver@f397 (6ab2dd27)]&amp#27;[0m Responding to client with driver.click() result: null
&amp#27;[38;5;0m[HTTP]&amp#27;[0m &amp#27;[37m<-- POST /session/6ab2dd27-5ced-4e22-b09a-5f7faf5afecc/element/00000000-0000-0176-ffff-ffff00000023/click &amp#27;[39m&amp#27;[32m200&amp#27;[39m &amp#27;[90m664 ms - 14&amp#27;[39m
&amp#27;[38;5;0m[HTTP]&amp#27;[0m &amp#27;[90m&amp#27;[39m
&amp#27;[38;5;0m[HTTP]&amp#27;[0m &amp#27;[37m-->&amp#27;[39m &amp#27;[37mPOST&amp#27;[39m &amp#27;[37m/session/6ab2dd27-5ced-4e22-b09a-5f7faf5afecc/element&amp#27;[39m
&amp#27;[38;5;0m[HTTP]&amp#27;[0m &amp#27;[90m{"using":"id","value":"com.androidsample.generalstore:id/btnLetsShop"}&amp#27;[39m
[debug] &amp#27;[38;5;32m[AndroidUiautomator2Driver@f397 (6ab2dd27)]&amp#27;[0m Calling AppiumDriver.findElement() with args: ["id","com.androidsample.generalstore:id/btnLetsShop","6ab2dd27-5ced-4e22-b09a-5f7faf5afecc"]
[debug] &amp#27;[38;5;32m[AndroidUiautomator2Driver@f397 (6ab2dd27)]&amp#27;[0m Valid locator strategies for this request: xpath, id, class name, accessibility id, css selector, -android uiautomator
[debug] &amp#27;[38;5;32m[AndroidUiautomator2Driver@f397 (6ab2dd27)]&amp#27;[0m Waiting up to 5000 ms for condition
[debug] &amp#27;[38;5;32m[AndroidUiautomator2Driver@f397 (6ab2dd27)]&amp#27;[0m Matched '/element' to command name 'findElement'
[debug] &amp#27;[38;5;32m[AndroidUiautomator2Driver@f397 (6ab2dd27)]&amp#27;[0m Proxying [POST /element] to [POST http://127.0.0.1:8200/session/fcb89815-5eae-4844-b02c-35f46d34f8de/element] with body: {"strategy":"id","selector":"com.androidsample.generalstore:id/btnLetsShop","context":"","multiple":false}
[debug] &amp#27;[38;5;32m[AndroidUiautomator2Driver@f397 (6ab2dd27)]&amp#27;[0m Got response with status 200: {"sessionId":"fcb89815-5eae-4844-b02c-35f46d34f8de","value":{"ELEMENT":"00000000-0000-0175-ffff-ffff00000018","element-6066-11e4-a52e-4f735466cecf":"00000000-0000-0175-ffff-ffff00000018"}}
[debug] &amp#27;[38;5;32m[AndroidUiautomator2Driver@f397 (6ab2dd27)]&amp#27;[0m Responding to client with driver.findElement() result: {"element-6066-11e4-a52e-4f735466cecf":"00000000-0000-0175-ffff-ffff00000018","ELEMENT":"00000000-0000-0175-ffff-ffff00000018"}
&amp#27;[38;5;0m[HTTP]&amp#27;[0m &amp#27;[37m<-- POST /session/6ab2dd27-5ced-4e22-b09a-5f7faf5afecc/element &amp#27;[39m&amp#27;[32m200&amp#27;[39m &amp#27;[90m16 ms - 137&amp#27;[39m
&amp#27;[38;5;0m[HTTP]&amp#27;[0m &amp#27;[90m&amp#27;[39m
&amp#27;[38;5;0m[HTTP]&amp#27;[0m &amp#27;[37m-->&amp#27;[39m &amp#27;[37mPOST&amp#27;[39m &amp#27;[37m/session/6ab2dd27-5ced-4e22-b09a-5f7faf5afecc/element/00000000-0000-0175-ffff-ffff00000018/click&amp#27;[39m
&amp#27;[38;5;0m[HTTP]&amp#27;[0m &amp#27;[90m{"id":"00000000-0000-0175-ffff-ffff00000018"}&amp#27;[39m
[debug] &amp#27;[38;5;32m[AndroidUiautomator2Driver@f397 (6ab2dd27)]&amp#27;[0m Calling AppiumDriver.click() with args: ["00000000-0000-0175-ffff-ffff00000018","6ab2dd27-5ced-4e22-b09a-5f7faf5afecc"]
[debug] &amp#27;[38;5;32m[AndroidUiautomator2Driver@f397 (6ab2dd27)]&amp#27;[0m Matched '/element/00000000-0000-0175-ffff-ffff00000018/click' to command name 'click'
[debug] &amp#27;[38;5;32m[AndroidUiautomator2Driver@f397 (6ab2dd27)]&amp#27;[0m Proxying [POST /element/00000000-0000-0175-ffff-ffff00000018/click] to [POST http://127.0.0.1:8200/session/fcb89815-5eae-4844-b02c-35f46d34f8de/element/00000000-0000-0175-ffff-ffff00000018/click] with body: {"element":"00000000-0000-0175-ffff-ffff00000018"}
[debug] &amp#27;[38;5;32m[AndroidUiautomator2Driver@f397 (6ab2dd27)]&amp#27;[0m Got response with status 200: {"sessionId":"fcb89815-5eae-4844-b02c-35f46d34f8de","value":null}
[debug] &amp#27;[38;5;32m[AndroidUiautomator2Driver@f397 (6ab2dd27)]&amp#27;[0m Responding to client with driver.click() result: null
&amp#27;[38;5;0m[HTTP]&amp#27;[0m &amp#27;[37m<-- POST /session/6ab2dd27-5ced-4e22-b09a-5f7faf5afecc/element/00000000-0000-0175-ffff-ffff00000018/click &amp#27;[39m&amp#27;[32m200&amp#27;[39m &amp#27;[90m43 ms - 14&amp#27;[39m
&amp#27;[38;5;0m[HTTP]&amp#27;[0m &amp#27;[90m&amp#27;[39m
&amp#27;[38;5;0m[HTTP]&amp#27;[0m &amp#27;[37m-->&amp#27;[39m &amp#27;[37mPOST&amp#27;[39m &amp#27;[37m/session/6ab2dd27-5ced-4e22-b09a-5f7faf5afecc/element&amp#27;[39m
&amp#27;[38;5;0m[HTTP]&amp#27;[0m &amp#27;[90m{"using":"xpath","value":"(//android.widget.Toast)[1]"}&amp#27;[39m
[debug] &amp#27;[38;5;32m[AndroidUiautomator2Driver@f397 (6ab2dd27)]&amp#27;[0m Calling AppiumDriver.findElement() with args: ["xpath","(//android.widget.Toast)[1]","6ab2dd27-5ced-4e22-b09a-5f7faf5afecc"]
[debug] &amp#27;[38;5;32m[AndroidUiautomator2Driver@f397 (6ab2dd27)]&amp#27;[0m Valid locator strategies for this request: xpath, id, class name, accessibility id, css selector, -android uiautomator
[debug] &amp#27;[38;5;32m[AndroidUiautomator2Driver@f397 (6ab2dd27)]&amp#27;[0m Waiting up to 5000 ms for condition
[debug] &amp#27;[38;5;32m[AndroidUiautomator2Driver@f397 (6ab2dd27)]&amp#27;[0m Matched '/element' to command name 'findElement'
[debug] &amp#27;[38;5;32m[AndroidUiautomator2Driver@f397 (6ab2dd27)]&amp#27;[0m Proxying [POST /element] to [POST http://127.0.0.1:8200/session/fcb89815-5eae-4844-b02c-35f46d34f8de/element] with body: {"strategy":"xpath","selector":"(//android.widget.Toast)[1]","context":"","multiple":false}
[debug] &amp#27;[38;5;32m[AndroidUiautomator2Driver@f397 (6ab2dd27)]&amp#27;[0m Got response with status 200: {"sessionId":"fcb89815-5eae-4844-b02c-35f46d34f8de","value":{"ELEMENT":"ba061cea-3e84-42f7-971c-2fac354ef1eb","element-6066-11e4-a52e-4f735466cecf":"ba061cea-3e84-42f7-971c-2fac354ef1eb"}}
[debug] &amp#27;[38;5;32m[AndroidUiautomator2Driver@f397 (6ab2dd27)]&amp#27;[0m Responding to client with driver.findElement() result: {"element-6066-11e4-a52e-4f735466cecf":"ba061cea-3e84-42f7-971c-2fac354ef1eb","ELEMENT":"ba061cea-3e84-42f7-971c-2fac354ef1eb"}
&amp#27;[38;5;0m[HTTP]&amp#27;[0m &amp#27;[37m<-- POST /session/6ab2dd27-5ced-4e22-b09a-5f7faf5afecc/element &amp#27;[39m&amp#27;[32m200&amp#27;[39m &amp#27;[90m396 ms - 137&amp#27;[39m
&amp#27;[38;5;0m[HTTP]&amp#27;[0m &amp#27;[90m&amp#27;[39m
&amp#27;[38;5;0m[HTTP]&amp#27;[0m &amp#27;[37m-->&amp#27;[39m &amp#27;[37mGET&amp#27;[39m &amp#27;[37m/session/6ab2dd27-5ced-4e22-b09a-5f7faf5afecc/element/ba061cea-3e84-42f7-971c-2fac354ef1eb/attribute/name&amp#27;[39m
&amp#27;[38;5;0m[HTTP]&amp#27;[0m &amp#27;[90m{}&amp#27;[39m
[debug] &amp#27;[38;5;32m[AndroidUiautomator2Driver@f397 (6ab2dd27)]&amp#27;[0m Calling AppiumDriver.getAttribute() with args: ["name","ba061cea-3e84-42f7-971c-2fac354ef1eb","6ab2dd27-5ced-4e22-b09a-5f7faf5afecc"]
[debug] &amp#27;[38;5;32m[AndroidUiautomator2Driver@f397 (6ab2dd27)]&amp#27;[0m Matched '/element/ba061cea-3e84-42f7-971c-2fac354ef1eb/attribute/name' to command name 'getAttribute'
[debug] &amp#27;[38;5;32m[AndroidUiautomator2Driver@f397 (6ab2dd27)]&amp#27;[0m Proxying [GET /element/ba061cea-3e84-42f7-971c-2fac354ef1eb/attribute/name] to [GET http://127.0.0.1:8200/session/fcb89815-5eae-4844-b02c-35f46d34f8de/element/ba061cea-3e84-42f7-971c-2fac354ef1eb/attribute/name] with no body
[debug] &amp#27;[38;5;32m[AndroidUiautomator2Driver@f397 (6ab2dd27)]&amp#27;[0m Got response with status 200: {"sessionId":"fcb89815-5eae-4844-b02c-35f46d34f8de","value":"Please enter your name"}
[debug] &amp#27;[38;5;32m[AndroidUiautomator2Driver@f397 (6ab2dd27)]&amp#27;[0m Responding to client with driver.getAttribute() result: "Please enter your name"
&amp#27;[38;5;0m[HTTP]&amp#27;[0m &amp#27;[37m<-- GET /session/6ab2dd27-5ced-4e22-b09a-5f7faf5afecc/element/ba061cea-3e84-42f7-971c-2fac354ef1eb/attribute/name &amp#27;[39m&amp#27;[32m200&amp#27;[39m &amp#27;[90m35 ms - 34&amp#27;[39m
&amp#27;[38;5;0m[HTTP]&amp#27;[0m &amp#27;[90m&amp#27;[39m
&amp#27;[38;5;0m[HTTP]&amp#27;[0m &amp#27;[37m-->&amp#27;[39m &amp#27;[37mGET&amp#27;[39m &amp#27;[37m/session/6ab2dd27-5ced-4e22-b09a-5f7faf5afecc/screenshot&amp#27;[39m
&amp#27;[38;5;0m[HTTP]&amp#27;[0m &amp#27;[90m{}&amp#27;[39m
[debug] &amp#27;[38;5;32m[AndroidUiautomator2Driver@f397 (6ab2dd27)]&amp#27;[0m Calling AppiumDriver.getScreenshot() with args: ["6ab2dd27-5ced-4e22-b09a-5f7faf5afecc"]
[debug] &amp#27;[38;5;32m[AndroidUiautomator2Driver@f397 (6ab2dd27)]&amp#27;[0m Matched '/screenshot' to command name 'getScreenshot'
[debug] &amp#27;[38;5;32m[AndroidUiautomator2Driver@f397 (6ab2dd27)]&amp#27;[0m Proxying [GET /screenshot] to [GET http://127.0.0.1:8200/session/fcb89815-5eae-4844-b02c-35f46d34f8de/screenshot] with no body
[debug] &amp#27;[38;5;32m[AndroidUiautomator2Driver@f397 (6ab2dd27)]&amp#27;[0m Got response with status 200: {"sessionId":"fcb89815-5eae-4844-b02c-35f46d34f8de","value":"iVBORw0KGgoAAAANSUhEUgAABDgAAAeACAYAAAArYecKAAAAAXNSR0IArs4c6QAAAARzQklUCAgICHwIZIgAAB+LSURBVHic7MEBAQAAAICQ/q/uCAoAAAAAAAAAAAAAAAAAAAAAAAAAAAAAAAAAAAAAAAAAAAAAAAAAAAAAAAAAAAAAAAAAAAAAAAAAAAAAAAAAAAAAAAAAAAAAAAAAAAAAAAAAAAAAAAAAAAAAAAAAAAAAAAAAAAAAAAAAAAAAAAAAAAAAAAAAAAAAAAAAAAAAAAAAAAAAAAAAAAAAAAAAAAAAAAAAAAAAAAAAAAAAAAAAAAAAAAAAAAAAAAAAAAAAAAAAAAAAAAAAAAAAAAAAAAAAAAAAAAAAAAAAAAAAAAAAAAAAAAAAAAAAAAAAAAAAAAAAAAAAAAAAAAAAAAAAAAAAAAAAAAAAAAAAAAAAAAAAAAAAAAAAAAAAAAAAAAAAAAAAAAAAAAAAAAAAAAAAAAAAAAAAAAAAAAAAAAAAAAAAAAAAAAAAAAAAAAAAAAAAAAAAAAAAAAAAAAAAAAAAAAAAAAAAAAAAAAAAAAAAAAAAAAAAAAAAAAAAAAAAAAAAAAAAAAAAAAAAAAAAAAAAAAAAAAAAAAAAAAAAAAAAAAAAAAAAAAAAAAAAAAAAAAAAAAAAAAAAAAAAAAAAAAAAAAAAAAAAAAAAAAAAAAAAAAAAAAAAAAAAAAAAAAAAAAAAAAAAAAAAAAAAAAAAAAAAAAAAAAAAAAAAAAAAAAAAAAAAAAAAAAAAAAAAAAAAAAAAAAAAAAAAAAAAAAAAAAAAAAAAAAAAAAAAAAAAAAAAAAAAAAAAAAAAAAAAAAAAAAAAAAAAAAAAAAAAAAAAAAAAAAAAAAAAAAAAAAAAAAAAAAAAAAAAAAAAAAAAAAAAAAAAAAAAAAAAAAAAAAAAAAAAAAAAAAAAAAAAAAAAAAAA...
[debug] &amp#27;[38;5;32m[AndroidUiautomator2Driver@f397 (6ab2dd27)]&amp#27;[0m Responding to client with driver.getScreenshot() result: "iVBORw0KGgoAAAANSUhEUgAABDgAAAeACAYAAAArYecKAAAAAXNSR0IArs4c6QAAAARzQklUCAgICHwIZIgAAB+LSURBVHic7MEBAQAAAICQ/q/uCAoAAAAAAAAAAAAAAAAAAAAAAAAAAAAAAAAAAAAAAAAAAAAAAAAAAAAAAAAAAAAAAAAAAAAAAAAAAAAAAAAAAAAAAAAAAAAAAAAAAAAAAAAAAAAAAAAAAAAAAAAAAAAAAAAAAAAAAAAAAAAAAAAAAAAAAAAAAAAAAAAAAAAAAAAAAAAAAAAAAAAAAAAAAAAAAAAAAAAAAAAAAAAAAAAAAAAAAAAAAAAAAAAAAAAAAAAAAAAAAAAAAAAAAAAAAAAAAAAAAAAAAAAAAAAAAAAAAAAAAAAAAAAAAAAAAAAAAAAAAAAAAAAAAAAAAAAAAAAAAAAAAAAAAAAAAAAAAAAAAAAAAAAAAAAAAAAAAAAAAAAAAAAAAAAAAAAAAAAAAAAAAAAAAAAAAAAAAAAAAAAAAAAAAAAAAAAAAAAAAAAAAAAAAAAAAAAAAAAAAAAAAAAAAAAAAAAAAAAAAAAAAAAAAAAAAAAAAAAAAAAAAAAAAAAAAAAAAAAAAAAAAAAAAAAAAAAAAAAAAAAAAAAAAAAAAAAAAAAAAAAAAAAAAAAAAAAAAAAAAAAAAAAAAAAAAAAAAAAAAAAAAAAAAAAAAAAAAAAAAAAAAAAAAAAAAAAAAAAAAAAAAAAAAAAAAAAAAAAAAAAAAAAAAAAAAAAAAAAAAAAAAAAAAAAAAAAAAAAAAAAAAAAAAAAAAAAAAAAAAAAAAAAAAAAAAAAAAAAAAAAAAAAAAAAAAAAAAAAAAAAAAAAAAAAAAAAAAAAAAAAAAAAAAAAAAAAAAAAAAAAAAAAAAAAAAAAAAAAAAAAAAAAAAAAAAAAAAAAAAAAAAAAAAAAAAAAAAAAAAAAAAAAAAAAAAAAAAAAAAAAAAAAAAAAAAAAAAAAAAAAAAAAAAAAAAAAAAAAAAAAAAAAA...
&amp#27;[38;5;0m[HTTP]&amp#27;[0m &amp#27;[37m<-- GET /session/6ab2dd27-5ced-4e22-b09a-5f7faf5afecc/screenshot &amp#27;[39m&amp#27;[32m200&amp#27;[39m &amp#27;[90m377 ms - 10896&amp#27;[39m
&amp#27;[38;5;0m[HTTP]&amp#27;[0m &amp#27;[90m&amp#27;[39m
]]></system-out>
  </testcase>
  <testcase name="fillFormPositiveTest" classname="generalStore.ECommerceTest_01" time="17.448">
    <system-out><![CDATA[&amp#27;[38;5;0m[HTTP]&amp#27;[0m &amp#27;[37m-->&amp#27;[39m &amp#27;[37mGET&amp#27;[39m &amp#27;[37m/status&amp#27;[39m
&amp#27;[38;5;0m[HTTP]&amp#27;[0m &amp#27;[90m{}&amp#27;[39m
[debug] &amp#27;[38;5;16m[AppiumDriver@3b8b]&amp#27;[0m Calling AppiumDriver.getStatus() with args: []
[debug] &amp#27;[38;5;16m[AppiumDriver@3b8b]&amp#27;[0m Responding to client with driver.getStatus() result: {"build":{"version":"2.0.0-beta.48"}}
&amp#27;[38;5;0m[HTTP]&amp#27;[0m &amp#27;[37m<-- GET /status &amp#27;[39m&amp#27;[32m200&amp#27;[39m &amp#27;[90m1 ms - 47&amp#27;[39m
&amp#27;[38;5;0m[HTTP]&amp#27;[0m &amp#27;[90m&amp#27;[39m
[debug] &amp#27;[38;5;0m[HTTP]&amp#27;[0m Request idempotency key: 999b3083-0f77-4a7e-9ab6-630db02cdc8c
&amp#27;[38;5;0m[HTTP]&amp#27;[0m &amp#27;[37m-->&amp#27;[39m &amp#27;[37mPOST&amp#27;[39m &amp#27;[37m/session&amp#27;[39m
&amp#27;[38;5;0m[HTTP]&amp#27;[0m &amp#27;[90m{"capabilities":{"firstMatch":[{}],"alwaysMatch":{"appium:app":"C:\\Users\\rrajput\\eclipse-workspace\\excelAppiumAutomationFramework\\src\\main\\java\\Tools and Drivers\\General-Store.apk","appium:automationName":"UIAutomator2","appium:chromedriverExecutable":"C:\\Users\\rrajput\\eclipse-workspace\\excelAppiumAutomationFramework\\src\\main\\java\\Tools and Drivers\\chromedriver.exe","appium:deviceName":"Nexus 5X","platformName":"android"}}}&amp#27;[39m
[debug] &amp#27;[38;5;16m[AppiumDriver@3b8b]&amp#27;[0m Calling AppiumDriver.createSession() with args: [null,null,{"firstMatch":[{}],"alwaysMatch":{"appium:app":"C:\\Users\\rrajput\\eclipse-workspace\\excelAppiumAutomationFramework\\src\\main\\java\\Tools and Drivers\\General-Store.apk","appium:automationName":"UIAutomator2","appium:chromedriverExecutable":"C:\\Users\\rrajput\\eclipse-workspace\\excelAppiumAutomationFramework\\src\\main\\java\\Tools and Drivers\\chromedriver.exe","appium:deviceName":"Nexus 5X","platformName":"android"}}]
[debug] &amp#27;[38;5;16m[AppiumDriver@3b8b]&amp#27;[0m Event 'newSessionRequested' logged at 1676269680372 (11:58:00 GMT+0530 (India Standard Time))
&amp#27;[35m[Appium]&amp#27;[39m Attempting to find matching driver for automationName 'UIAutomator2' and platformName 'android'
&amp#27;[35m[Appium]&amp#27;[39m The 'uiautomator2' driver was installed and matched caps.
&amp#27;[35m[Appium]&amp#27;[39m Will require it at C:\Users\rrajput\.appium\node_modules\appium-uiautomator2-driver
[debug] &amp#27;[35m[Appium]&amp#27;[39m Requiring driver at C:\Users\rrajput\.appium\node_modules\appium-uiautomator2-driver
&amp#27;[38;5;16m[AppiumDriver@3b8b]&amp#27;[0m Appium v2.0.0-beta.48 creating new AndroidUiautomator2Driver (v2.12.1) session
&amp#27;[38;5;16m[AppiumDriver@3b8b]&amp#27;[0m Checking BaseDriver versions for Appium and AndroidUiautomator2Driver
&amp#27;[38;5;16m[AppiumDriver@3b8b]&amp#27;[0m Appium's BaseDriver version is 9.1.0
&amp#27;[38;5;16m[AppiumDriver@3b8b]&amp#27;[0m AndroidUiautomator2Driver's BaseDriver version is 9.1.0
[debug] &amp#27;[38;5;32m[AndroidUiautomator2Driver@a315]&amp#27;[0m Creating session with W3C capabilities: {
[debug] &amp#27;[38;5;32m[AndroidUiautomator2Driver@a315]&amp#27;[0m   "alwaysMatch": {
[debug] &amp#27;[38;5;32m[AndroidUiautomator2Driver@a315]&amp#27;[0m     "platformName": "android",
[debug] &amp#27;[38;5;32m[AndroidUiautomator2Driver@a315]&amp#27;[0m     "appium:app": "C:\\Users\\rrajput\\eclipse-workspace\\excelAppiumAutomationFramework\\src\\main\\java\\Tools and Drivers\\General-Store.apk",
[debug] &amp#27;[38;5;32m[AndroidUiautomator2Driver@a315]&amp#27;[0m     "appium:automationName": "UIAutomator2",
[debug] &amp#27;[38;5;32m[AndroidUiautomator2Driver@a315]&amp#27;[0m     "appium:chromedriverExecutable": "C:\\Users\\rrajput\\eclipse-workspace\\excelAppiumAutomationFramework\\src\\main\\java\\Tools and Drivers\\chromedriver.exe",
[debug] &amp#27;[38;5;32m[AndroidUiautomator2Driver@a315]&amp#27;[0m     "appium:deviceName": "Nexus 5X"
[debug] &amp#27;[38;5;32m[AndroidUiautomator2Driver@a315]&amp#27;[0m   },
[debug] &amp#27;[38;5;32m[AndroidUiautomator2Driver@a315]&amp#27;[0m   "firstMatch": [
[debug] &amp#27;[38;5;32m[AndroidUiautomator2Driver@a315]&amp#27;[0m     {}
[debug] &amp#27;[38;5;32m[AndroidUiautomator2Driver@a315]&amp#27;[0m   ]
[debug] &amp#27;[38;5;32m[AndroidUiautomator2Driver@a315]&amp#27;[0m }
&amp#27;[38;5;32m[AndroidUiautomator2Driver@a315 (eaa3a9ed)]&amp#27;[0m Session created with session id: eaa3a9ed-44da-4b3a-8e50-cfb1652922d7
&amp#27;[38;5;48m[BaseDriver]&amp#27;[0m Using local app 'C:\Users\rrajput\eclipse-workspace\excelAppiumAutomationFramework\src\main\java\Tools and Drivers\General-Store.apk'
[debug] &amp#27;[38;5;32m[AndroidUiautomator2Driver@a315 (eaa3a9ed)]&amp#27;[0m Checking whether app is actually present
&amp#27;[38;5;64m[ADB]&amp#27;[0m Using 'adb.exe' from 'C:\Users\rrajput\AppData\Local\Android\Sdk\platform-tools\adb.exe'
[debug] &amp#27;[38;5;64m[ADB]&amp#27;[0m Running 'C:\Users\rrajput\AppData\Local\Android\Sdk\platform-tools\adb.exe -P 5037 start-server'
&amp#27;[38;5;80m[AndroidDriver]&amp#27;[0m Retrieving device list
[debug] &amp#27;[38;5;64m[ADB]&amp#27;[0m Trying to find a connected android device
[debug] &amp#27;[38;5;64m[ADB]&amp#27;[0m Getting connected devices
[debug] &amp#27;[38;5;64m[ADB]&amp#27;[0m Connected devices: [{"udid":"emulator-5554","state":"device"}]
&amp#27;[38;5;80m[AndroidDriver]&amp#27;[0m Using device: emulator-5554
&amp#27;[38;5;64m[ADB]&amp#27;[0m Using 'adb.exe' from 'C:\Users\rrajput\AppData\Local\Android\Sdk\platform-tools\adb.exe'
[debug] &amp#27;[38;5;64m[ADB]&amp#27;[0m Running 'C:\Users\rrajput\AppData\Local\Android\Sdk\platform-tools\adb.exe -P 5037 start-server'
[debug] &amp#27;[38;5;64m[ADB]&amp#27;[0m Setting device id to emulator-5554
[debug] &amp#27;[38;5;64m[ADB]&amp#27;[0m Running 'C:\Users\rrajput\AppData\Local\Android\Sdk\platform-tools\adb.exe -P 5037 -s emulator-5554 shell getprop ro.build.version.sdk'
[debug] &amp#27;[38;5;64m[ADB]&amp#27;[0m Current device property 'ro.build.version.sdk': 30
&amp#27;[38;5;64m[ADB]&amp#27;[0m Getting device platform version
[debug] &amp#27;[38;5;64m[ADB]&amp#27;[0m Running 'C:\Users\rrajput\AppData\Local\Android\Sdk\platform-tools\adb.exe -P 5037 -s emulator-5554 shell getprop ro.build.version.release'
[debug] &amp#27;[38;5;64m[ADB]&amp#27;[0m Current device property 'ro.build.version.release': 11
[debug] &amp#27;[38;5;64m[ADB]&amp#27;[0m Device API level: 30
&amp#27;[38;5;32m[AndroidUiautomator2Driver@a315 (eaa3a9ed)]&amp#27;[0m Relaxing hidden api policy
[debug] &amp#27;[38;5;64m[ADB]&amp#27;[0m Running 'C:\Users\rrajput\AppData\Local\Android\Sdk\platform-tools\adb.exe -P 5037 -s emulator-5554 shell 'settings put global hidden_api_policy_pre_p_apps 1;settings put global hidden_api_policy_p_apps 1;settings put global hidden_api_policy 1''
[debug] &amp#27;[38;5;80m[AndroidDriver]&amp#27;[0m Parsing package and activity from app manifest
&amp#27;[38;5;64m[ADB]&amp#27;[0m Package name: 'com.androidsample.generalstore'
&amp#27;[38;5;64m[ADB]&amp#27;[0m Main activity name: 'com.androidsample.generalstore.SplashActivity'
[debug] &amp#27;[38;5;80m[AndroidDriver]&amp#27;[0m Parsed package and activity are: com.androidsample.generalstore/com.androidsample.generalstore.SplashActivity
[debug] &amp#27;[38;5;64m[ADB]&amp#27;[0m Running 'C:\Users\rrajput\AppData\Local\Android\Sdk\platform-tools\adb.exe -P 5037 -s emulator-5554 wait-for-device'
[debug] &amp#27;[38;5;64m[ADB]&amp#27;[0m Running 'C:\Users\rrajput\AppData\Local\Android\Sdk\platform-tools\adb.exe -P 5037 -s emulator-5554 shell echo ping'
[debug] &amp#27;[38;5;80m[AndroidDriver]&amp#27;[0m Pushing settings apk to device...
[debug] &amp#27;[38;5;64m[ADB]&amp#27;[0m Getting install status for io.appium.settings
[debug] &amp#27;[38;5;64m[ADB]&amp#27;[0m Running 'C:\Users\rrajput\AppData\Local\Android\Sdk\platform-tools\adb.exe -P 5037 -s emulator-5554 shell dumpsys package io.appium.settings'
[debug] &amp#27;[38;5;64m[ADB]&amp#27;[0m 'io.appium.settings' is installed
[debug] &amp#27;[38;5;64m[ADB]&amp#27;[0m Getting package info for 'io.appium.settings'
[debug] &amp#27;[38;5;64m[ADB]&amp#27;[0m Running 'C:\Users\rrajput\AppData\Local\Android\Sdk\platform-tools\adb.exe -P 5037 -s emulator-5554 shell dumpsys package io.appium.settings'
[debug] &amp#27;[38;5;64m[ADB]&amp#27;[0m The version name of the installed 'io.appium.settings' is greater or equal to the application version name ('5.0.0' >= '5.0.0')
[debug] &amp#27;[38;5;64m[ADB]&amp#27;[0m There is no need to install/upgrade 'C:\Users\rrajput\.appium\node_modules\appium-uiautomator2-driver\node_modules\io.appium.settings\apks\settings_apk-debug.apk'
[debug] &amp#27;[38;5;64m[ADB]&amp#27;[0m Getting IDs of all 'io.appium.settings' processes
[debug] &amp#27;[38;5;64m[ADB]&amp#27;[0m Running 'C:\Users\rrajput\AppData\Local\Android\Sdk\platform-tools\adb.exe -P 5037 -s emulator-5554 shell 'pgrep --help; echo $?''
[debug] &amp#27;[38;5;64m[ADB]&amp#27;[0m Running 'C:\Users\rrajput\AppData\Local\Android\Sdk\platform-tools\adb.exe -P 5037 -s emulator-5554 shell pgrep -f \(\[\[:blank:\]\]\|\^\)io\.appium\.settings\(\[\[:blank:\]\]\|\$\)'
[debug] &amp#27;[38;5;80m[AndroidDriver]&amp#27;[0m io.appium.settings is already running. There is no need to reset its permissions.
[debug] &amp#27;[38;5;96m[Logcat]&amp#27;[0m Starting logs capture with command: C:\\Users\\rrajput\\AppData\\Local\\Android\\Sdk\\platform-tools\\adb.exe -P 5037 -s emulator-5554 logcat -v threadtime
[debug] &amp#27;[38;5;32m[AndroidUiautomator2Driver@a315 (eaa3a9ed)]&amp#27;[0m Forwarding UiAutomator2 Server port 6790 to local port 8201
[debug] &amp#27;[38;5;64m[ADB]&amp#27;[0m Forwarding system: 8201 to device: 6790
[debug] &amp#27;[38;5;64m[ADB]&amp#27;[0m Running 'C:\Users\rrajput\AppData\Local\Android\Sdk\platform-tools\adb.exe -P 5037 -s emulator-5554 forward tcp:8201 tcp:6790'
[debug] &amp#27;[38;5;64m[ADB]&amp#27;[0m Getting install status for io.appium.uiautomator2.server
[debug] &amp#27;[38;5;64m[ADB]&amp#27;[0m Running 'C:\Users\rrajput\AppData\Local\Android\Sdk\platform-tools\adb.exe -P 5037 -s emulator-5554 shell dumpsys package io.appium.uiautomator2.server'
[debug] &amp#27;[38;5;64m[ADB]&amp#27;[0m 'io.appium.uiautomator2.server' is installed
[debug] &amp#27;[38;5;64m[ADB]&amp#27;[0m Getting package info for 'io.appium.uiautomator2.server'
[debug] &amp#27;[38;5;64m[ADB]&amp#27;[0m Running 'C:\Users\rrajput\AppData\Local\Android\Sdk\platform-tools\adb.exe -P 5037 -s emulator-5554 shell dumpsys package io.appium.uiautomator2.server'
[debug] &amp#27;[38;5;64m[ADB]&amp#27;[0m The version name of the installed 'io.appium.uiautomator2.server' is greater or equal to the application version name ('5.7.6' >= '5.7.6')
[debug] &amp#27;[38;5;32m[AndroidUiautomator2Driver@a315 (eaa3a9ed)]&amp#27;[0m io.appium.uiautomator2.server installation state: sameVersionInstalled
[debug] &amp#27;[38;5;64m[ADB]&amp#27;[0m Checking app cert for C:\Users\rrajput\.appium\node_modules\appium-uiautomator2-driver\node_modules\appium-uiautomator2-server\apks\appium-uiautomator2-server-v5.7.6.apk
[debug] &amp#27;[38;5;64m[ADB]&amp#27;[0m Using the previously cached signature entry for 'appium-uiautomator2-server-v5.7.6.apk'
[debug] &amp#27;[38;5;64m[ADB]&amp#27;[0m sha256 hash did match for 'appium-uiautomator2-server-v5.7.6.apk'
[debug] &amp#27;[38;5;64m[ADB]&amp#27;[0m Getting install status for io.appium.uiautomator2.server.test
[debug] &amp#27;[38;5;64m[ADB]&amp#27;[0m Running 'C:\Users\rrajput\AppData\Local\Android\Sdk\platform-tools\adb.exe -P 5037 -s emulator-5554 shell dumpsys package io.appium.uiautomator2.server.test'
[debug] &amp#27;[38;5;64m[ADB]&amp#27;[0m 'io.appium.uiautomator2.server.test' is installed
[debug] &amp#27;[38;5;64m[ADB]&amp#27;[0m Checking app cert for C:\Users\rrajput\.appium\node_modules\appium-uiautomator2-driver\node_modules\appium-uiautomator2-server\apks\appium-uiautomator2-server-debug-androidTest.apk
[debug] &amp#27;[38;5;64m[ADB]&amp#27;[0m Using the previously cached signature entry for 'appium-uiautomator2-server-debug-androidTest.apk'
[debug] &amp#27;[38;5;64m[ADB]&amp#27;[0m sha256 hash did match for 'appium-uiautomator2-server-debug-androidTest.apk'
&amp#27;[38;5;32m[AndroidUiautomator2Driver@a315 (eaa3a9ed)]&amp#27;[0m Server packages are not going to be (re)installed
[debug] &amp#27;[38;5;32m[AndroidUiautomator2Driver@a315 (eaa3a9ed)]&amp#27;[0m Waiting up to 30000ms for services to be available
[debug] &amp#27;[38;5;64m[ADB]&amp#27;[0m Running 'C:\Users\rrajput\AppData\Local\Android\Sdk\platform-tools\adb.exe -P 5037 -s emulator-5554 shell pm list instrumentation'
[debug] &amp#27;[38;5;32m[AndroidUiautomator2Driver@a315 (eaa3a9ed)]&amp#27;[0m Instrumentation target 'io.appium.uiautomator2.server.test/androidx.test.runner.AndroidJUnitRunner' is available
&amp#27;[38;5;64m[ADB]&amp#27;[0m Adding packages ["io.appium.settings","io.appium.uiautomator2.server","io.appium.uiautomator2.server.test"] to Doze whitelist
[debug] &amp#27;[38;5;64m[ADB]&amp#27;[0m Got the following command chunks to execute: [["dumpsys","deviceidle","whitelist","+io.appium.settings",";","dumpsys","deviceidle","whitelist","+io.appium.uiautomator2.server",";","dumpsys","deviceidle","whitelist","+io.appium.uiautomator2.server.test",";"]]
[debug] &amp#27;[38;5;64m[ADB]&amp#27;[0m Running 'C:\Users\rrajput\AppData\Local\Android\Sdk\platform-tools\adb.exe -P 5037 -s emulator-5554 shell dumpsys deviceidle whitelist +io.appium.settings ; dumpsys deviceidle whitelist +io.appium.uiautomator2.server ; dumpsys deviceidle whitelist +io.appium.uiautomator2.server.test ;'
[debug] &amp#27;[38;5;64m[ADB]&amp#27;[0m Checking app cert for C:\Users\rrajput\eclipse-workspace\excelAppiumAutomationFramework\src\main\java\Tools and Drivers\General-Store.apk
[debug] &amp#27;[38;5;64m[ADB]&amp#27;[0m Using the previously cached signature entry for 'General-Store.apk'
[debug] &amp#27;[38;5;64m[ADB]&amp#27;[0m Getting install status for com.androidsample.generalstore
[debug] &amp#27;[38;5;64m[ADB]&amp#27;[0m Running 'C:\Users\rrajput\AppData\Local\Android\Sdk\platform-tools\adb.exe -P 5037 -s emulator-5554 shell dumpsys package com.androidsample.generalstore'
[debug] &amp#27;[38;5;64m[ADB]&amp#27;[0m 'com.androidsample.generalstore' is installed
[debug] &amp#27;[38;5;64m[ADB]&amp#27;[0m Getting package info for 'com.androidsample.generalstore'
[debug] &amp#27;[38;5;64m[ADB]&amp#27;[0m Running 'C:\Users\rrajput\AppData\Local\Android\Sdk\platform-tools\adb.exe -P 5037 -s emulator-5554 shell dumpsys package com.androidsample.generalstore'
[debug] &amp#27;[38;5;64m[ADB]&amp#27;[0m The version name of the installed 'com.androidsample.generalstore' is greater or equal to the application version name ('1.0.0' >= '1.0.0')
[debug] &amp#27;[38;5;64m[ADB]&amp#27;[0m There is no need to install/upgrade 'C:\Users\rrajput\eclipse-workspace\excelAppiumAutomationFramework\src\main\java\Tools and Drivers\General-Store.apk'
&amp#27;[38;5;80m[AndroidDriver]&amp#27;[0m Performing fast reset on 'com.androidsample.generalstore'
[debug] &amp#27;[38;5;64m[ADB]&amp#27;[0m Getting install status for com.androidsample.generalstore
[debug] &amp#27;[38;5;64m[ADB]&amp#27;[0m Running 'C:\Users\rrajput\AppData\Local\Android\Sdk\platform-tools\adb.exe -P 5037 -s emulator-5554 shell dumpsys package com.androidsample.generalstore'
[debug] &amp#27;[38;5;64m[ADB]&amp#27;[0m 'com.androidsample.generalstore' is installed
[debug] &amp#27;[38;5;64m[ADB]&amp#27;[0m Running 'C:\Users\rrajput\AppData\Local\Android\Sdk\platform-tools\adb.exe -P 5037 -s emulator-5554 shell am force-stop com.androidsample.generalstore'
[debug] &amp#27;[38;5;64m[ADB]&amp#27;[0m Running 'C:\Users\rrajput\AppData\Local\Android\Sdk\platform-tools\adb.exe -P 5037 -s emulator-5554 shell pm clear com.androidsample.generalstore'
[debug] &amp#27;[38;5;80m[AndroidDriver]&amp#27;[0m Performed fast reset on the installed 'com.androidsample.generalstore' application (stop and clear)
[debug] &amp#27;[38;5;32m[AndroidUiautomator2Driver@a315 (eaa3a9ed)]&amp#27;[0m Performing shallow cleanup of automation leftovers
[debug] &amp#27;[38;5;32m[AndroidUiautomator2Driver@a315 (eaa3a9ed)]&amp#27;[0m The following obsolete sessions are still running: ["fcb89815-5eae-4844-b02c-35f46d34f8de"]
[debug] &amp#27;[38;5;32m[AndroidUiautomator2Driver@a315 (eaa3a9ed)]&amp#27;[0m Cleaning up 1 obsolete session
[debug] &amp#27;[38;5;112m[Instrumentation]&amp#27;[0m .
[debug] &amp#27;[38;5;112m[Instrumentation]&amp#27;[0m Time: 18.045
[debug] &amp#27;[38;5;112m[Instrumentation]&amp#27;[0m 
[debug] &amp#27;[38;5;112m[Instrumentation]&amp#27;[0m OK (1 test)
[debug] &amp#27;[38;5;112m[Instrumentation]&amp#27;[0m The process has exited with code 0
[debug] &amp#27;[38;5;64m[ADB]&amp#27;[0m Running 'C:\Users\rrajput\AppData\Local\Android\Sdk\platform-tools\adb.exe -P 5037 -s emulator-5554 shell am force-stop io.appium.uiautomator2.server.test'
&amp#27;[38;5;32m[AndroidUiautomator2Driver@a315 (eaa3a9ed)]&amp#27;[0m Starting UIAutomator2 server 5.7.6
&amp#27;[38;5;32m[AndroidUiautomator2Driver@a315 (eaa3a9ed)]&amp#27;[0m Using UIAutomator2 server from 'C:\Users\rrajput\.appium\node_modules\appium-uiautomator2-driver\node_modules\appium-uiautomator2-server\apks\appium-uiautomator2-server-v5.7.6.apk' and test from 'C:\Users\rrajput\.appium\node_modules\appium-uiautomator2-driver\node_modules\appium-uiautomator2-server\apks\appium-uiautomator2-server-debug-androidTest.apk'
&amp#27;[38;5;32m[AndroidUiautomator2Driver@a315 (eaa3a9ed)]&amp#27;[0m Waiting up to 30000ms for UiAutomator2 to be online...
[debug] &amp#27;[38;5;64m[ADB]&amp#27;[0m Creating ADB subprocess with args: ["-P",5037,"-s","emulator-5554","shell","am","instrument","-w","-e","disableAnalytics",true,"io.appium.uiautomator2.server.test/androidx.test.runner.AndroidJUnitRunner"]
[debug] &amp#27;[38;5;32m[AndroidUiautomator2Driver@a315 (eaa3a9ed)]&amp#27;[0m Matched '/status' to command name 'getStatus'
[debug] &amp#27;[38;5;32m[AndroidUiautomator2Driver@a315 (eaa3a9ed)]&amp#27;[0m Proxying [GET /status] to [GET http://127.0.0.1:8201/status] with no body
&amp#27;[38;5;32m[AndroidUiautomator2Driver@a315 (eaa3a9ed)]&amp#27;[0m socket hang up
[debug] &amp#27;[38;5;112m[Instrumentation]&amp#27;[0m io.appium.uiautomator2.server.test.AppiumUiAutomator2Server:
[debug] &amp#27;[38;5;32m[AndroidUiautomator2Driver@a315 (eaa3a9ed)]&amp#27;[0m Matched '/status' to command name 'getStatus'
[debug] &amp#27;[38;5;32m[AndroidUiautomator2Driver@a315 (eaa3a9ed)]&amp#27;[0m Proxying [GET /status] to [GET http://127.0.0.1:8201/status] with no body
&amp#27;[38;5;32m[AndroidUiautomator2Driver@a315 (eaa3a9ed)]&amp#27;[0m socket hang up
[debug] &amp#27;[38;5;32m[AndroidUiautomator2Driver@a315 (eaa3a9ed)]&amp#27;[0m Matched '/status' to command name 'getStatus'
[debug] &amp#27;[38;5;32m[AndroidUiautomator2Driver@a315 (eaa3a9ed)]&amp#27;[0m Proxying [GET /status] to [GET http://127.0.0.1:8201/status] with no body
[debug] &amp#27;[38;5;32m[AndroidUiautomator2Driver@a315 (eaa3a9ed)]&amp#27;[0m Got response with status 200: {"sessionId":"None","value":{"message":"UiAutomator2 Server is ready to accept commands","ready":true}}
[debug] &amp#27;[38;5;32m[AndroidUiautomator2Driver@a315 (eaa3a9ed)]&amp#27;[0m The initialization of the instrumentation process took 2119ms
[debug] &amp#27;[38;5;32m[AndroidUiautomator2Driver@a315 (eaa3a9ed)]&amp#27;[0m Matched '/session' to command name 'createSession'
[debug] &amp#27;[38;5;32m[AndroidUiautomator2Driver@a315 (eaa3a9ed)]&amp#27;[0m Proxying [POST /session] to [POST http://127.0.0.1:8201/session] with body: {"capabilities":{"firstMatch":[{"platform":"LINUX","webStorageEnabled":false,"takesScreenshot":true,"javascriptEnabled":true,"databaseEnabled":false,"networkConnectionEnabled":true,"locationContextEnabled":false,"warnings":{},"desired":{"platformName":"android","app":"C:\\Users\\rrajput\\eclipse-workspace\\excelAppiumAutomationFramework\\src\\main\\java\\Tools and Drivers\\General-Store.apk","automationName":"UIAutomator2","chromedriverExecutable":"C:\\Users\\rrajput\\eclipse-workspace\\excelAppiumAutomationFramework\\src\\main\\java\\Tools and Drivers\\chromedriver.exe","deviceName":"Nexus 5X"},"platformName":"android","app":"C:\\Users\\rrajput\\eclipse-workspace\\excelAppiumAutomationFramework\\src\\main\\java\\Tools and Drivers\\General-Store.apk","automationName":"UIAutomator2","chromedriverExecutable":"C:\\Users\\rrajput\\eclipse-workspace\\excelAppiumAutomationFramework\\src\\main\\java\\Tools and Drivers\\chromedriver.exe","deviceName":"emulator-5554","deviceUDID":"emulator-5554","appPackage":"com.a...
[debug] &amp#27;[38;5;32m[AndroidUiautomator2Driver@a315 (eaa3a9ed)]&amp#27;[0m Got response with status 200: {"sessionId":"4c6f0183-f4d5-4b10-a2bf-b147e1eb06af","value":{"capabilities":{"firstMatch":[{"platform":"LINUX","webStorageEnabled":false,"takesScreenshot":true,"javascriptEnabled":true,"databaseEnabled":false,"networkConnectionEnabled":true,"locationContextEnabled":false,"warnings":{},"desired":{"platformName":"android","app":"C:\\Users\\rrajput\\eclipse-workspace\\excelAppiumAutomationFramework\\src\\main\\java\\Tools and Drivers\\General-Store.apk","automationName":"UIAutomator2","chromedriverExecutable":"C:\\Users\\rrajput\\eclipse-workspace\\excelAppiumAutomationFramework\\src\\main\\java\\Tools and Drivers\\chromedriver.exe","deviceName":"Nexus 5X"},"platformName":"android","app":"C:\\Users\\rrajput\\eclipse-workspace\\excelAppiumAutomationFramework\\src\\main\\java\\Tools and Drivers\\General-Store.apk","automationName":"UIAutomator2","chromedriverExecutable":"C:\\Users\\rrajput\\eclipse-workspace\\excelAppiumAutomationFramework\\src\\main\\java\\Tools and Drivers\\chromedriver.exe","deviceName":"emu...
&amp#27;[38;5;32m[AndroidUiautomator2Driver@a315 (eaa3a9ed)]&amp#27;[0m Determined the downstream protocol as 'W3C'
[debug] &amp#27;[38;5;32m[AndroidUiautomator2Driver@a315 (eaa3a9ed)]&amp#27;[0m Proxying [GET /appium/device/info] to [GET http://127.0.0.1:8201/session/4c6f0183-f4d5-4b10-a2bf-b147e1eb06af/appium/device/info] with no body
[debug] &amp#27;[38;5;32m[AndroidUiautomator2Driver@a315 (eaa3a9ed)]&amp#27;[0m Got response with status 200: {"sessionId":"4c6f0183-f4d5-4b10-a2bf-b147e1eb06af","value":{"androidId":"6a379f7d82fd96bf","apiVersion":"30","bluetooth":{"state":"ON"},"brand":"google","carrierName":"Android","displayDensity":420,"locale":"en_US","manufacturer":"Google","model":"sdk_gphone_x86","networks":[{"capabilities":{"SSID":null,"linkDownBandwidthKbps":141000,"linkUpstreamBandwidthKbps":141000,"networkCapabilities":"NET_CAPABILITY_NOT_METERED,NET_CAPABILITY_INTERNET,NET_CAPABILITY_NOT_RESTRICTED,NET_CAPABILITY_TRUSTED,NET_CAPABILITY_NOT_VPN,NET_CAPABILITY_VALIDATED,NET_CAPABILITY_NOT_ROAMING,NET_CAPABILITY_FOREGROUND,NET_CAPABILITY_NOT_CONGESTED,NET_CAPABILITY_NOT_SUSPENDED","signalStrength":-30,"transportTypes":"TRANSPORT_WIFI"},"detailedState":"CONNECTED","extraInfo":"","isAvailable":true,"isConnected":true,"isFailover":false,"isRoaming":false,"state":"CONNECTED","subtype":0,"subtypeName":"","type":1,"typeName":"WIFI"},{"capabilities":{"SSID":null,"linkDownBandwidthKbps":30000,"linkUpstreamBandwidthKbps":15000,"networkCapabiliti...
[debug] &amp#27;[38;5;64m[ADB]&amp#27;[0m Running 'C:\Users\rrajput\AppData\Local\Android\Sdk\platform-tools\adb.exe -P 5037 -s emulator-5554 shell dumpsys window'
&amp#27;[38;5;80m[AndroidDriver]&amp#27;[0m Screen already unlocked, doing nothing
&amp#27;[38;5;32m[AndroidUiautomator2Driver@a315 (eaa3a9ed)]&amp#27;[0m Starting 'com.androidsample.generalstore/com.androidsample.generalstore.SplashActivity and waiting for 'com.androidsample.generalstore/com.androidsample.generalstore.SplashActivity'
[debug] &amp#27;[38;5;64m[ADB]&amp#27;[0m Running 'C:\Users\rrajput\AppData\Local\Android\Sdk\platform-tools\adb.exe -P 5037 -s emulator-5554 shell am start -W -n com.androidsample.generalstore/com.androidsample.generalstore.SplashActivity -S -a android.intent.action.MAIN -c android.intent.category.LAUNCHER -f 0x10200000'
[debug] &amp#27;[38;5;64m[ADB]&amp#27;[0m Waiting up to 20000ms for activity matching pkg: 'com.androidsample.generalstore' and activity: 'com.androidsample.generalstore.SplashActivity' to be focused
[debug] &amp#27;[38;5;64m[ADB]&amp#27;[0m Possible activities, to be checked: 'com.androidsample.generalstore.SplashActivity', 'com.androidsample.generalstore.com.androidsample.generalstore.SplashActivity'
[debug] &amp#27;[38;5;64m[ADB]&amp#27;[0m Getting focused package and activity
[debug] &amp#27;[38;5;64m[ADB]&amp#27;[0m Running 'C:\Users\rrajput\AppData\Local\Android\Sdk\platform-tools\adb.exe -P 5037 -s emulator-5554 shell dumpsys window displays'
[debug] &amp#27;[38;5;64m[ADB]&amp#27;[0m Found package: 'com.androidsample.generalstore' and fully qualified activity name : 'com.androidsample.generalstore.SplashActivity'
[debug] &amp#27;[38;5;32m[AndroidUiautomator2Driver@a315 (eaa3a9ed)]&amp#27;[0m Proxying [GET /appium/device/pixel_ratio] to [GET http://127.0.0.1:8201/session/4c6f0183-f4d5-4b10-a2bf-b147e1eb06af/appium/device/pixel_ratio] with no body
[debug] &amp#27;[38;5;32m[AndroidUiautomator2Driver@a315 (eaa3a9ed)]&amp#27;[0m Got response with status 200: {"sessionId":"4c6f0183-f4d5-4b10-a2bf-b147e1eb06af","value":2.625}
[debug] &amp#27;[38;5;32m[AndroidUiautomator2Driver@a315 (eaa3a9ed)]&amp#27;[0m Matched '/appium/device/system_bars' to command name 'getSystemBars'
[debug] &amp#27;[38;5;32m[AndroidUiautomator2Driver@a315 (eaa3a9ed)]&amp#27;[0m Proxying [GET /appium/device/system_bars] to [GET http://127.0.0.1:8201/session/4c6f0183-f4d5-4b10-a2bf-b147e1eb06af/appium/device/system_bars] with no body
[debug] &amp#27;[38;5;32m[AndroidUiautomator2Driver@a315 (eaa3a9ed)]&amp#27;[0m Got response with status 200: {"sessionId":"4c6f0183-f4d5-4b10-a2bf-b147e1eb06af","value":{"statusBar":63}}
[debug] &amp#27;[38;5;32m[AndroidUiautomator2Driver@a315 (eaa3a9ed)]&amp#27;[0m Matched '/window/current/size' to command name 'getWindowSize'
[debug] &amp#27;[38;5;32m[AndroidUiautomator2Driver@a315 (eaa3a9ed)]&amp#27;[0m Proxying [GET /window/current/size] to [GET http://127.0.0.1:8201/session/4c6f0183-f4d5-4b10-a2bf-b147e1eb06af/window/current/size] with no body
[debug] &amp#27;[38;5;32m[AndroidUiautomator2Driver@a315 (eaa3a9ed)]&amp#27;[0m Got response with status 200: {"sessionId":"4c6f0183-f4d5-4b10-a2bf-b147e1eb06af","value":{"height":1794,"width":1080}}
&amp#27;[38;5;16m[AppiumDriver@3b8b]&amp#27;[0m New AndroidUiautomator2Driver session created successfully, session eaa3a9ed-44da-4b3a-8e50-cfb1652922d7 added to master session list
[debug] &amp#27;[38;5;16m[AppiumDriver@3b8b]&amp#27;[0m Event 'newSessionStarted' logged at 1676269688994 (11:58:08 GMT+0530 (India Standard Time))
[debug] &amp#27;[38;5;32m[AndroidUiautomator2Driver@a315 (eaa3a9ed)]&amp#27;[0m Cached the protocol value 'W3C' for the new session eaa3a9ed-44da-4b3a-8e50-cfb1652922d7
[debug] &amp#27;[38;5;32m[AndroidUiautomator2Driver@a315 (eaa3a9ed)]&amp#27;[0m Responding to client with driver.createSession() result: {"capabilities":{"platform":"LINUX","webStorageEnabled":false,"takesScreenshot":true,"javascriptEnabled":true,"databaseEnabled":false,"networkConnectionEnabled":true,"locationContextEnabled":false,"warnings":{},"desired":{"platformName":"android","app":"C:\\Users\\rrajput\\eclipse-workspace\\excelAppiumAutomationFramework\\src\\main\\java\\Tools and Drivers\\General-Store.apk","automationName":"UIAutomator2","chromedriverExecutable":"C:\\Users\\rrajput\\eclipse-workspace\\excelAppiumAutomationFramework\\src\\main\\java\\Tools and Drivers\\chromedriver.exe","deviceName":"Nexus 5X"},"platformName":"android","app":"C:\\Users\\rrajput\\eclipse-workspace\\excelAppiumAutomationFramework\\src\\main\\java\\Tools and Drivers\\General-Store.apk","automationName":"UIAutomator2","chromedriverExecutable":"C:\\Users\\rrajput\\eclipse-workspace\\excelAppiumAutomationFramework\\src\\main\\java\\Tools and Drivers\\chromedriver.exe","deviceName":"emulator-5554","deviceUDID":"emulator-5554","appPackage":"com.androidsample.ge...
&amp#27;[38;5;0m[HTTP]&amp#27;[0m &amp#27;[37m<-- POST /session &amp#27;[39m&amp#27;[32m200&amp#27;[39m &amp#27;[90m8624 ms - 1356&amp#27;[39m
&amp#27;[38;5;0m[HTTP]&amp#27;[0m &amp#27;[90m&amp#27;[39m
&amp#27;[38;5;0m[HTTP]&amp#27;[0m &amp#27;[37m-->&amp#27;[39m &amp#27;[37mPOST&amp#27;[39m &amp#27;[37m/session/eaa3a9ed-44da-4b3a-8e50-cfb1652922d7/timeouts&amp#27;[39m
&amp#27;[38;5;0m[HTTP]&amp#27;[0m &amp#27;[90m{"implicit":5000}&amp#27;[39m
[debug] &amp#27;[38;5;32m[AndroidUiautomator2Driver@a315 (eaa3a9ed)]&amp#27;[0m Calling AppiumDriver.timeouts() with args: [null,null,null,null,5000,"eaa3a9ed-44da-4b3a-8e50-cfb1652922d7"]
[debug] &amp#27;[38;5;32m[AndroidUiautomator2Driver@a315 (eaa3a9ed)]&amp#27;[0m W3C timeout argument: {"implicit":5000}}
[debug] &amp#27;[38;5;32m[AndroidUiautomator2Driver@a315 (eaa3a9ed)]&amp#27;[0m Set implicit wait to 5000ms
[debug] &amp#27;[38;5;32m[AndroidUiautomator2Driver@a315 (eaa3a9ed)]&amp#27;[0m Responding to client with driver.timeouts() result: null
&amp#27;[38;5;0m[HTTP]&amp#27;[0m &amp#27;[37m<-- POST /session/eaa3a9ed-44da-4b3a-8e50-cfb1652922d7/timeouts &amp#27;[39m&amp#27;[32m200&amp#27;[39m &amp#27;[90m2 ms - 14&amp#27;[39m
&amp#27;[38;5;0m[HTTP]&amp#27;[0m &amp#27;[90m&amp#27;[39m
&amp#27;[38;5;0m[HTTP]&amp#27;[0m &amp#27;[37m-->&amp#27;[39m &amp#27;[37mPOST&amp#27;[39m &amp#27;[37m/session/eaa3a9ed-44da-4b3a-8e50-cfb1652922d7/appium/device/start_activity&amp#27;[39m
&amp#27;[38;5;0m[HTTP]&amp#27;[0m &amp#27;[90m{"appPackage":"com.androidsample.generalstore","appActivity":"com.androidsample.generalstore.MainActivity","appWaitPackage":"","appWaitActivity":"","dontStopAppOnReset":false,"intentAction":"","intentCategory":"","intentFlags":"","optionalIntentArguments":""}&amp#27;[39m
[debug] &amp#27;[38;5;32m[AndroidUiautomator2Driver@a315 (eaa3a9ed)]&amp#27;[0m Calling AppiumDriver.startActivity() with args: ["com.androidsample.generalstore","com.androidsample.generalstore.MainActivity","","","","","","",false,null,null,"eaa3a9ed-44da-4b3a-8e50-cfb1652922d7"]
[debug] &amp#27;[38;5;32m[AndroidUiautomator2Driver@a315 (eaa3a9ed)]&amp#27;[0m Starting package 'com.androidsample.generalstore' and activity 'com.androidsample.generalstore.MainActivity'
[debug] &amp#27;[38;5;64m[ADB]&amp#27;[0m Running 'C:\Users\rrajput\AppData\Local\Android\Sdk\platform-tools\adb.exe -P 5037 -s emulator-5554 shell am start -W -n com.androidsample.generalstore/com.androidsample.generalstore.MainActivity -S'
&amp#27;[35m[Appium]&amp#27;[39m Welcome to Appium v2.0.0-beta.48
&amp#27;[35m[Appium]&amp#27;[39m Non-default server args:
&amp#27;[35m[Appium]&amp#27;[39m { address: &amp#27;[32m'127.0.0.1'&amp#27;[39m }
&amp#27;[35m[Appium]&amp#27;[39m Attempting to load driver uiautomator2...
[debug] &amp#27;[35m[Appium]&amp#27;[39m Requiring driver at C:\Users\rrajput\.appium\node_modules\appium-uiautomator2-driver
[debug] &amp#27;[38;5;64m[ADB]&amp#27;[0m Waiting up to 20000ms for activity matching pkg: 'com.androidsample.generalstore' and activity: 'com.androidsample.generalstore.MainActivity' to be focused
[debug] &amp#27;[38;5;64m[ADB]&amp#27;[0m Possible activities, to be checked: 'com.androidsample.generalstore.MainActivity', 'com.androidsample.generalstore.com.androidsample.generalstore.MainActivity'
[debug] &amp#27;[38;5;64m[ADB]&amp#27;[0m Getting focused package and activity
[debug] &amp#27;[38;5;64m[ADB]&amp#27;[0m Running 'C:\Users\rrajput\AppData\Local\Android\Sdk\platform-tools\adb.exe -P 5037 -s emulator-5554 shell dumpsys window displays'
[debug] &amp#27;[38;5;64m[ADB]&amp#27;[0m Found package: 'com.androidsample.generalstore' and fully qualified activity name : 'com.androidsample.generalstore.MainActivity'
[debug] &amp#27;[38;5;32m[AndroidUiautomator2Driver@a315 (eaa3a9ed)]&amp#27;[0m Responding to client with driver.startActivity() result: null
&amp#27;[38;5;0m[HTTP]&amp#27;[0m &amp#27;[37m<-- POST /session/eaa3a9ed-44da-4b3a-8e50-cfb1652922d7/appium/device/start_activity &amp#27;[39m&amp#27;[32m200&amp#27;[39m &amp#27;[90m1193 ms - 14&amp#27;[39m
&amp#27;[38;5;0m[HTTP]&amp#27;[0m &amp#27;[90m&amp#27;[39m
&amp#27;[38;5;0m[HTTP]&amp#27;[0m &amp#27;[37m-->&amp#27;[39m &amp#27;[37mPOST&amp#27;[39m &amp#27;[37m/session/eaa3a9ed-44da-4b3a-8e50-cfb1652922d7/element&amp#27;[39m
&amp#27;[38;5;0m[HTTP]&amp#27;[0m &amp#27;[90m{"using":"id","value":"com.androidsample.generalstore:id/nameField"}&amp#27;[39m
[debug] &amp#27;[38;5;32m[AndroidUiautomator2Driver@a315 (eaa3a9ed)]&amp#27;[0m Calling AppiumDriver.findElement() with args: ["id","com.androidsample.generalstore:id/nameField","eaa3a9ed-44da-4b3a-8e50-cfb1652922d7"]
[debug] &amp#27;[38;5;32m[AndroidUiautomator2Driver@a315 (eaa3a9ed)]&amp#27;[0m Valid locator strategies for this request: xpath, id, class name, accessibility id, css selector, -android uiautomator
[debug] &amp#27;[38;5;32m[AndroidUiautomator2Driver@a315 (eaa3a9ed)]&amp#27;[0m Waiting up to 5000 ms for condition
[debug] &amp#27;[38;5;32m[AndroidUiautomator2Driver@a315 (eaa3a9ed)]&amp#27;[0m Matched '/element' to command name 'findElement'
[debug] &amp#27;[38;5;32m[AndroidUiautomator2Driver@a315 (eaa3a9ed)]&amp#27;[0m Proxying [POST /element] to [POST http://127.0.0.1:8201/session/4c6f0183-f4d5-4b10-a2bf-b147e1eb06af/element] with body: {"strategy":"id","selector":"com.androidsample.generalstore:id/nameField","context":"","multiple":false}
[debug] &amp#27;[38;5;32m[AndroidUiautomator2Driver@a315 (eaa3a9ed)]&amp#27;[0m Got response with status 200: {"sessionId":"4c6f0183-f4d5-4b10-a2bf-b147e1eb06af","value":{"ELEMENT":"00000000-0000-0182-ffff-ffff00000013","element-6066-11e4-a52e-4f735466cecf":"00000000-0000-0182-ffff-ffff00000013"}}
[debug] &amp#27;[38;5;32m[AndroidUiautomator2Driver@a315 (eaa3a9ed)]&amp#27;[0m Responding to client with driver.findElement() result: {"element-6066-11e4-a52e-4f735466cecf":"00000000-0000-0182-ffff-ffff00000013","ELEMENT":"00000000-0000-0182-ffff-ffff00000013"}
&amp#27;[38;5;0m[HTTP]&amp#27;[0m &amp#27;[37m<-- POST /session/eaa3a9ed-44da-4b3a-8e50-cfb1652922d7/element &amp#27;[39m&amp#27;[32m200&amp#27;[39m &amp#27;[90m369 ms - 137&amp#27;[39m
&amp#27;[38;5;0m[HTTP]&amp#27;[0m &amp#27;[90m&amp#27;[39m
&amp#27;[38;5;0m[HTTP]&amp#27;[0m &amp#27;[37m-->&amp#27;[39m &amp#27;[37mPOST&amp#27;[39m &amp#27;[37m/session/eaa3a9ed-44da-4b3a-8e50-cfb1652922d7/element/00000000-0000-0182-ffff-ffff00000013/value&amp#27;[39m
&amp#27;[38;5;0m[HTTP]&amp#27;[0m &amp#27;[90m{"id":"00000000-0000-0182-ffff-ffff00000013","text":"Rahul","value":["R","a","h","u","l"]}&amp#27;[39m
[debug] &amp#27;[38;5;32m[AndroidUiautomator2Driver@a315 (eaa3a9ed)]&amp#27;[0m Calling AppiumDriver.setValue() with args: [["R","a","h","u","l"],"00000000-0000-0182-ffff-ffff00000013","eaa3a9ed-44da-4b3a-8e50-cfb1652922d7"]
[debug] &amp#27;[38;5;32m[AndroidUiautomator2Driver@a315 (eaa3a9ed)]&amp#27;[0m Matched '/element/00000000-0000-0182-ffff-ffff00000013/value' to command name 'setValue'
[debug] &amp#27;[38;5;32m[AndroidUiautomator2Driver@a315 (eaa3a9ed)]&amp#27;[0m Added 'value' property ["R","a","h","u","l"] to 'setValue' request body
[debug] &amp#27;[38;5;32m[AndroidUiautomator2Driver@a315 (eaa3a9ed)]&amp#27;[0m Proxying [POST /element/00000000-0000-0182-ffff-ffff00000013/value] to [POST http://127.0.0.1:8201/session/4c6f0183-f4d5-4b10-a2bf-b147e1eb06af/element/00000000-0000-0182-ffff-ffff00000013/value] with body: {"elementId":"00000000-0000-0182-ffff-ffff00000013","text":"Rahul","replace":false,"value":["R","a","h","u","l"]}
&amp#27;[38;5;0m[HTTP]&amp#27;[0m Could not start REST http interface listener. The requested port may already be in use. Please make sure there is no other instance of this server running already.
&amp#27;[35m[Appium]&amp#27;[39m Could not configure Appium server. It's possible that a driver or plugin tried to update the server and failed. Original error: listen EADDRIN[debug] &amp#27;[35m[Appium]&amp#27;[39m Error: listen EADDRINUSE: address already in use 127.0.0.1:4723
USE: address already in use 127.0.0.1:4723
[debug] &amp#27;[35m[Appium]&amp#27;[39m     at Server.setupListenHandle [as _listen2] (node:net:1733:16)
[debug] &amp#27;[35m[Appium]&amp#27;[39m     at listenInCluster (node:net:1781:12)
[debug] &amp#27;[35m[Appium]&amp#27;[39m     at doListen (node:net:1930:7)
[debug] &amp#27;[35m[Appium]&amp#27;[39m     at processTicksAndRejections (node:internal/process/task_queues:83:21)
[debug] &amp#27;[38;5;32m[AndroidUiautomator2Driver@a315 (eaa3a9ed)]&amp#27;[0m Got response with status 200: {"sessionId":"4c6f0183-f4d5-4b10-a2bf-b147e1eb06af","value":null}
[debug] &amp#27;[38;5;32m[AndroidUiautomator2Driver@a315 (eaa3a9ed)]&amp#27;[0m Responding to client with driver.setValue() result: null
&amp#27;[38;5;0m[HTTP]&amp#27;[0m &amp#27;[37m<-- POST /session/eaa3a9ed-44da-4b3a-8e50-cfb1652922d7/element/00000000-0000-0182-ffff-ffff00000013/value &amp#27;[39m&amp#27;[32m200&amp#27;[39m &amp#27;[90m546 ms - 14&amp#27;[39m
&amp#27;[38;5;0m[HTTP]&amp#27;[0m &amp#27;[90m&amp#27;[39m
&amp#27;[38;5;0m[HTTP]&amp#27;[0m &amp#27;[37m-->&amp#27;[39m &amp#27;[37mPOST&amp#27;[39m &amp#27;[37m/session/eaa3a9ed-44da-4b3a-8e50-cfb1652922d7/appium/device/hide_keyboard&amp#27;[39m
&amp#27;[38;5;0m[HTTP]&amp#27;[0m &amp#27;[90m{}&amp#27;[39m
[debug] &amp#27;[38;5;32m[AndroidUiautomator2Driver@a315 (eaa3a9ed)]&amp#27;[0m Calling AppiumDriver.hideKeyboard() with args: [null,null,null,null,"eaa3a9ed-44da-4b3a-8e50-cfb1652922d7"]
[debug] &amp#27;[38;5;64m[ADB]&amp#27;[0m Running 'C:\Users\rrajput\AppData\Local\Android\Sdk\platform-tools\adb.exe -P 5037 -s emulator-5554 shell dumpsys input_method'
&amp#27;[38;5;64m[ADB]&amp#27;[0m Keyboard has no UI; no closing necessary
[debug] &amp#27;[38;5;32m[AndroidUiautomator2Driver@a315 (eaa3a9ed)]&amp#27;[0m Responding to client with driver.hideKeyboard() result: false
&amp#27;[38;5;0m[HTTP]&amp#27;[0m &amp#27;[37m<-- POST /session/eaa3a9ed-44da-4b3a-8e50-cfb1652922d7/appium/device/hide_keyboard &amp#27;[39m&amp#27;[32m200&amp#27;[39m &amp#27;[90m424 ms - 15&amp#27;[39m
&amp#27;[38;5;0m[HTTP]&amp#27;[0m &amp#27;[90m&amp#27;[39m
&amp#27;[38;5;0m[HTTP]&amp#27;[0m &amp#27;[37m-->&amp#27;[39m &amp#27;[37mPOST&amp#27;[39m &amp#27;[37m/session/eaa3a9ed-44da-4b3a-8e50-cfb1652922d7/element&amp#27;[39m
&amp#27;[38;5;0m[HTTP]&amp#27;[0m &amp#27;[90m{"using":"xpath","value":"//android.widget.RadioButton[@text='Male']"}&amp#27;[39m
[debug] &amp#27;[38;5;32m[AndroidUiautomator2Driver@a315 (eaa3a9ed)]&amp#27;[0m Calling AppiumDriver.findElement() with args: ["xpath","//android.widget.RadioButton[@text='Male']","eaa3a9ed-44da-4b3a-8e50-cfb1652922d7"]
[debug] &amp#27;[38;5;32m[AndroidUiautomator2Driver@a315 (eaa3a9ed)]&amp#27;[0m Valid locator strategies for this request: xpath, id, class name, accessibility id, css selector, -android uiautomator
[debug] &amp#27;[38;5;32m[AndroidUiautomator2Driver@a315 (eaa3a9ed)]&amp#27;[0m Waiting up to 5000 ms for condition
[debug] &amp#27;[38;5;32m[AndroidUiautomator2Driver@a315 (eaa3a9ed)]&amp#27;[0m Matched '/element' to command name 'findElement'
[debug] &amp#27;[38;5;32m[AndroidUiautomator2Driver@a315 (eaa3a9ed)]&amp#27;[0m Proxying [POST /element] to [POST http://127.0.0.1:8201/session/4c6f0183-f4d5-4b10-a2bf-b147e1eb06af/element] with body: {"strategy":"xpath","selector":"//android.widget.RadioButton[@text='Male']","context":"","multiple":false}
[debug] &amp#27;[38;5;32m[AndroidUiautomator2Driver@a315 (eaa3a9ed)]&amp#27;[0m Got response with status 200: {"sessionId":"4c6f0183-f4d5-4b10-a2bf-b147e1eb06af","value":{"ELEMENT":"00000000-0000-0182-ffff-ffff00000016","element-6066-11e4-a52e-4f735466cecf":"00000000-0000-0182-ffff-ffff00000016"}}
[debug] &amp#27;[38;5;32m[AndroidUiautomator2Driver@a315 (eaa3a9ed)]&amp#27;[0m Responding to client with driver.findElement() result: {"element-6066-11e4-a52e-4f735466cecf":"00000000-0000-0182-ffff-ffff00000016","ELEMENT":"00000000-0000-0182-ffff-ffff00000016"}
&amp#27;[38;5;0m[HTTP]&amp#27;[0m &amp#27;[37m<-- POST /session/eaa3a9ed-44da-4b3a-8e50-cfb1652922d7/element &amp#27;[39m&amp#27;[32m200&amp#27;[39m &amp#27;[90m416 ms - 137&amp#27;[39m
&amp#27;[38;5;0m[HTTP]&amp#27;[0m &amp#27;[90m&amp#27;[39m
&amp#27;[38;5;0m[HTTP]&amp#27;[0m &amp#27;[37m-->&amp#27;[39m &amp#27;[37mPOST&amp#27;[39m &amp#27;[37m/session/eaa3a9ed-44da-4b3a-8e50-cfb1652922d7/element/00000000-0000-0182-ffff-ffff00000016/click&amp#27;[39m
&amp#27;[38;5;0m[HTTP]&amp#27;[0m &amp#27;[90m{"id":"00000000-0000-0182-ffff-ffff00000016"}&amp#27;[39m
[debug] &amp#27;[38;5;32m[AndroidUiautomator2Driver@a315 (eaa3a9ed)]&amp#27;[0m Calling AppiumDriver.click() with args: ["00000000-0000-0182-ffff-ffff00000016","eaa3a9ed-44da-4b3a-8e50-cfb1652922d7"]
[debug] &amp#27;[38;5;32m[AndroidUiautomator2Driver@a315 (eaa3a9ed)]&amp#27;[0m Matched '/element/00000000-0000-0182-ffff-ffff00000016/click' to command name 'click'
[debug] &amp#27;[38;5;32m[AndroidUiautomator2Driver@a315 (eaa3a9ed)]&amp#27;[0m Proxying [POST /element/00000000-0000-0182-ffff-ffff00000016/click] to [POST http://127.0.0.1:8201/session/4c6f0183-f4d5-4b10-a2bf-b147e1eb06af/element/00000000-0000-0182-ffff-ffff00000016/click] with body: {"element":"00000000-0000-0182-ffff-ffff00000016"}
[debug] &amp#27;[38;5;32m[AndroidUiautomator2Driver@a315 (eaa3a9ed)]&amp#27;[0m Got response with status 200: {"sessionId":"4c6f0183-f4d5-4b10-a2bf-b147e1eb06af","value":null}
[debug] &amp#27;[38;5;32m[AndroidUiautomator2Driver@a315 (eaa3a9ed)]&amp#27;[0m Responding to client with driver.click() result: null
&amp#27;[38;5;0m[HTTP]&amp#27;[0m &amp#27;[37m<-- POST /session/eaa3a9ed-44da-4b3a-8e50-cfb1652922d7/element/00000000-0000-0182-ffff-ffff00000016/click &amp#27;[39m&amp#27;[32m200&amp#27;[39m &amp#27;[90m34 ms - 14&amp#27;[39m
&amp#27;[38;5;0m[HTTP]&amp#27;[0m &amp#27;[90m&amp#27;[39m
&amp#27;[38;5;0m[HTTP]&amp#27;[0m &amp#27;[37m-->&amp#27;[39m &amp#27;[37mPOST&amp#27;[39m &amp#27;[37m/session/eaa3a9ed-44da-4b3a-8e50-cfb1652922d7/element&amp#27;[39m
&amp#27;[38;5;0m[HTTP]&amp#27;[0m &amp#27;[90m{"using":"id","value":"android:id/text1"}&amp#27;[39m
[debug] &amp#27;[38;5;32m[AndroidUiautomator2Driver@a315 (eaa3a9ed)]&amp#27;[0m Calling AppiumDriver.findElement() with args: ["id","android:id/text1","eaa3a9ed-44da-4b3a-8e50-cfb1652922d7"]
[debug] &amp#27;[38;5;32m[AndroidUiautomator2Driver@a315 (eaa3a9ed)]&amp#27;[0m Valid locator strategies for this request: xpath, id, class name, accessibility id, css selector, -android uiautomator
[debug] &amp#27;[38;5;32m[AndroidUiautomator2Driver@a315 (eaa3a9ed)]&amp#27;[0m Waiting up to 5000 ms for condition
[debug] &amp#27;[38;5;32m[AndroidUiautomator2Driver@a315 (eaa3a9ed)]&amp#27;[0m Matched '/element' to command name 'findElement'
[debug] &amp#27;[38;5;32m[AndroidUiautomator2Driver@a315 (eaa3a9ed)]&amp#27;[0m Proxying [POST /element] to [POST http://127.0.0.1:8201/session/4c6f0183-f4d5-4b10-a2bf-b147e1eb06af/element] with body: {"strategy":"id","selector":"android:id/text1","context":"","multiple":false}
[debug] &amp#27;[38;5;32m[AndroidUiautomator2Driver@a315 (eaa3a9ed)]&amp#27;[0m Got response with status 200: {"sessionId":"4c6f0183-f4d5-4b10-a2bf-b147e1eb06af","value":{"ELEMENT":"00000000-0000-0182-ffff-ffff0000001b","element-6066-11e4-a52e-4f735466cecf":"00000000-0000-0182-ffff-ffff0000001b"}}
[debug] &amp#27;[38;5;32m[AndroidUiautomator2Driver@a315 (eaa3a9ed)]&amp#27;[0m Responding to client with driver.findElement() result: {"element-6066-11e4-a52e-4f735466cecf":"00000000-0000-0182-ffff-ffff0000001b","ELEMENT":"00000000-0000-0182-ffff-ffff0000001b"}
&amp#27;[38;5;0m[HTTP]&amp#27;[0m &amp#27;[37m<-- POST /session/eaa3a9ed-44da-4b3a-8e50-cfb1652922d7/element &amp#27;[39m&amp#27;[32m200&amp#27;[39m &amp#27;[90m547 ms - 137&amp#27;[39m
&amp#27;[38;5;0m[HTTP]&amp#27;[0m &amp#27;[90m&amp#27;[39m
&amp#27;[38;5;0m[HTTP]&amp#27;[0m &amp#27;[37m-->&amp#27;[39m &amp#27;[37mPOST&amp#27;[39m &amp#27;[37m/session/eaa3a9ed-44da-4b3a-8e50-cfb1652922d7/element/00000000-0000-0182-ffff-ffff0000001b/click&amp#27;[39m
&amp#27;[38;5;0m[HTTP]&amp#27;[0m &amp#27;[90m{"id":"00000000-0000-0182-ffff-ffff0000001b"}&amp#27;[39m
[debug] &amp#27;[38;5;32m[AndroidUiautomator2Driver@a315 (eaa3a9ed)]&amp#27;[0m Calling AppiumDriver.click() with args: ["00000000-0000-0182-ffff-ffff0000001b","eaa3a9ed-44da-4b3a-8e50-cfb1652922d7"]
[debug] &amp#27;[38;5;32m[AndroidUiautomator2Driver@a315 (eaa3a9ed)]&amp#27;[0m Matched '/element/00000000-0000-0182-ffff-ffff0000001b/click' to command name 'click'
[debug] &amp#27;[38;5;32m[AndroidUiautomator2Driver@a315 (eaa3a9ed)]&amp#27;[0m Proxying [POST /element/00000000-0000-0182-ffff-ffff0000001b/click] to [POST http://127.0.0.1:8201/session/4c6f0183-f4d5-4b10-a2bf-b147e1eb06af/element/00000000-0000-0182-ffff-ffff0000001b/click] with body: {"element":"00000000-0000-0182-ffff-ffff0000001b"}
[debug] &amp#27;[38;5;32m[AndroidUiautomator2Driver@a315 (eaa3a9ed)]&amp#27;[0m Got response with status 200: {"sessionId":"4c6f0183-f4d5-4b10-a2bf-b147e1eb06af","value":null}
[debug] &amp#27;[38;5;32m[AndroidUiautomator2Driver@a315 (eaa3a9ed)]&amp#27;[0m Responding to client with driver.click() result: null
&amp#27;[38;5;0m[HTTP]&amp#27;[0m &amp#27;[37m<-- POST /session/eaa3a9ed-44da-4b3a-8e50-cfb1652922d7/element/00000000-0000-0182-ffff-ffff0000001b/click &amp#27;[39m&amp#27;[32m200&amp#27;[39m &amp#27;[90m46 ms - 14&amp#27;[39m
&amp#27;[38;5;0m[HTTP]&amp#27;[0m &amp#27;[90m&amp#27;[39m
&amp#27;[38;5;0m[HTTP]&amp#27;[0m &amp#27;[37m-->&amp#27;[39m &amp#27;[37mPOST&amp#27;[39m &amp#27;[37m/session/eaa3a9ed-44da-4b3a-8e50-cfb1652922d7/element&amp#27;[39m
&amp#27;[38;5;0m[HTTP]&amp#27;[0m &amp#27;[90m{"using":"-android uiautomator","value":"new UiScrollable(new UiSelector()).scrollIntoView(text(\"Australia\"));"}&amp#27;[39m
[debug] &amp#27;[38;5;32m[AndroidUiautomator2Driver@a315 (eaa3a9ed)]&amp#27;[0m Calling AppiumDriver.findElement() with args: ["-android uiautomator","new UiScrollable(new UiSelector()).scrollIntoView(text(\"Australia\"));","eaa3a9ed-44da-4b3a-8e50-cfb1652922d7"]
[debug] &amp#27;[38;5;32m[AndroidUiautomator2Driver@a315 (eaa3a9ed)]&amp#27;[0m Valid locator strategies for this request: xpath, id, class name, accessibility id, css selector, -android uiautomator
[debug] &amp#27;[38;5;32m[AndroidUiautomator2Driver@a315 (eaa3a9ed)]&amp#27;[0m Waiting up to 5000 ms for condition
[debug] &amp#27;[38;5;32m[AndroidUiautomator2Driver@a315 (eaa3a9ed)]&amp#27;[0m Matched '/element' to command name 'findElement'
[debug] &amp#27;[38;5;32m[AndroidUiautomator2Driver@a315 (eaa3a9ed)]&amp#27;[0m Proxying [POST /element] to [POST http://127.0.0.1:8201/session/4c6f0183-f4d5-4b10-a2bf-b147e1eb06af/element] with body: {"strategy":"-android uiautomator","selector":"new UiScrollable(new UiSelector()).scrollIntoView(text(\"Australia\"));","context":"","multiple":false}
[debug] &amp#27;[38;5;32m[AndroidUiautomator2Driver@a315 (eaa3a9ed)]&amp#27;[0m Got response with status 200: {"sessionId":"4c6f0183-f4d5-4b10-a2bf-b147e1eb06af","value":{"ELEMENT":"00000000-0000-0183-ffff-ffff00000023","element-6066-11e4-a52e-4f735466cecf":"00000000-0000-0183-ffff-ffff00000023"}}
[debug] &amp#27;[38;5;32m[AndroidUiautomator2Driver@a315 (eaa3a9ed)]&amp#27;[0m Responding to client with driver.findElement() result: {"element-6066-11e4-a52e-4f735466cecf":"00000000-0000-0183-ffff-ffff00000023","ELEMENT":"00000000-0000-0183-ffff-ffff00000023"}
&amp#27;[38;5;0m[HTTP]&amp#27;[0m &amp#27;[37m<-- POST /session/eaa3a9ed-44da-4b3a-8e50-cfb1652922d7/element &amp#27;[39m&amp#27;[32m200&amp#27;[39m &amp#27;[90m3884 ms - 137&amp#27;[39m
&amp#27;[38;5;0m[HTTP]&amp#27;[0m &amp#27;[90m&amp#27;[39m
&amp#27;[38;5;0m[HTTP]&amp#27;[0m &amp#27;[37m-->&amp#27;[39m &amp#27;[37mPOST&amp#27;[39m &amp#27;[37m/session/eaa3a9ed-44da-4b3a-8e50-cfb1652922d7/element&amp#27;[39m
&amp#27;[38;5;0m[HTTP]&amp#27;[0m &amp#27;[90m{"using":"xpath","value":"//android.widget.TextView[@text='Australia']"}&amp#27;[39m
[debug] &amp#27;[38;5;32m[AndroidUiautomator2Driver@a315 (eaa3a9ed)]&amp#27;[0m Calling AppiumDriver.findElement() with args: ["xpath","//android.widget.TextView[@text='Australia']","eaa3a9ed-44da-4b3a-8e50-cfb1652922d7"]
[debug] &amp#27;[38;5;32m[AndroidUiautomator2Driver@a315 (eaa3a9ed)]&amp#27;[0m Valid locator strategies for this request: xpath, id, class name, accessibility id, css selector, -android uiautomator
[debug] &amp#27;[38;5;32m[AndroidUiautomator2Driver@a315 (eaa3a9ed)]&amp#27;[0m Waiting up to 5000 ms for condition
[debug] &amp#27;[38;5;32m[AndroidUiautomator2Driver@a315 (eaa3a9ed)]&amp#27;[0m Matched '/element' to command name 'findElement'
[debug] &amp#27;[38;5;32m[AndroidUiautomator2Driver@a315 (eaa3a9ed)]&amp#27;[0m Proxying [POST /element] to [POST http://127.0.0.1:8201/session/4c6f0183-f4d5-4b10-a2bf-b147e1eb06af/element] with body: {"strategy":"xpath","selector":"//android.widget.TextView[@text='Australia']","context":"","multiple":false}
[debug] &amp#27;[38;5;32m[AndroidUiautomator2Driver@a315 (eaa3a9ed)]&amp#27;[0m Got response with status 200: {"sessionId":"4c6f0183-f4d5-4b10-a2bf-b147e1eb06af","value":{"ELEMENT":"00000000-0000-0183-ffff-ffff00000023","element-6066-11e4-a52e-4f735466cecf":"00000000-0000-0183-ffff-ffff00000023"}}
[debug] &amp#27;[38;5;32m[AndroidUiautomator2Driver@a315 (eaa3a9ed)]&amp#27;[0m Responding to client with driver.findElement() result: {"element-6066-11e4-a52e-4f735466cecf":"00000000-0000-0183-ffff-ffff00000023","ELEMENT":"00000000-0000-0183-ffff-ffff00000023"}
&amp#27;[38;5;0m[HTTP]&amp#27;[0m &amp#27;[37m<-- POST /session/eaa3a9ed-44da-4b3a-8e50-cfb1652922d7/element &amp#27;[39m&amp#27;[32m200&amp#27;[39m &amp#27;[90m59 ms - 137&amp#27;[39m
&amp#27;[38;5;0m[HTTP]&amp#27;[0m &amp#27;[90m&amp#27;[39m
&amp#27;[38;5;0m[HTTP]&amp#27;[0m &amp#27;[37m-->&amp#27;[39m &amp#27;[37mPOST&amp#27;[39m &amp#27;[37m/session/eaa3a9ed-44da-4b3a-8e50-cfb1652922d7/element/00000000-0000-0183-ffff-ffff00000023/click&amp#27;[39m
&amp#27;[38;5;0m[HTTP]&amp#27;[0m &amp#27;[90m{"id":"00000000-0000-0183-ffff-ffff00000023"}&amp#27;[39m
[debug] &amp#27;[38;5;32m[AndroidUiautomator2Driver@a315 (eaa3a9ed)]&amp#27;[0m Calling AppiumDriver.click() with args: ["00000000-0000-0183-ffff-ffff00000023","eaa3a9ed-44da-4b3a-8e50-cfb1652922d7"]
[debug] &amp#27;[38;5;32m[AndroidUiautomator2Driver@a315 (eaa3a9ed)]&amp#27;[0m Matched '/element/00000000-0000-0183-ffff-ffff00000023/click' to command name 'click'
[debug] &amp#27;[38;5;32m[AndroidUiautomator2Driver@a315 (eaa3a9ed)]&amp#27;[0m Proxying [POST /element/00000000-0000-0183-ffff-ffff00000023/click] to [POST http://127.0.0.1:8201/session/4c6f0183-f4d5-4b10-a2bf-b147e1eb06af/element/00000000-0000-0183-ffff-ffff00000023/click] with body: {"element":"00000000-0000-0183-ffff-ffff00000023"}
[debug] &amp#27;[38;5;32m[AndroidUiautomator2Driver@a315 (eaa3a9ed)]&amp#27;[0m Got response with status 200: {"sessionId":"4c6f0183-f4d5-4b10-a2bf-b147e1eb06af","value":null}
[debug] &amp#27;[38;5;32m[AndroidUiautomator2Driver@a315 (eaa3a9ed)]&amp#27;[0m Responding to client with driver.click() result: null
&amp#27;[38;5;0m[HTTP]&amp#27;[0m &amp#27;[37m<-- POST /session/eaa3a9ed-44da-4b3a-8e50-cfb1652922d7/element/00000000-0000-0183-ffff-ffff00000023/click &amp#27;[39m&amp#27;[32m200&amp#27;[39m &amp#27;[90m654 ms - 14&amp#27;[39m
&amp#27;[38;5;0m[HTTP]&amp#27;[0m &amp#27;[90m&amp#27;[39m
&amp#27;[38;5;0m[HTTP]&amp#27;[0m &amp#27;[37m-->&amp#27;[39m &amp#27;[37mPOST&amp#27;[39m &amp#27;[37m/session/eaa3a9ed-44da-4b3a-8e50-cfb1652922d7/element&amp#27;[39m
&amp#27;[38;5;0m[HTTP]&amp#27;[0m &amp#27;[90m{"using":"id","value":"com.androidsample.generalstore:id/btnLetsShop"}&amp#27;[39m
[debug] &amp#27;[38;5;32m[AndroidUiautomator2Driver@a315 (eaa3a9ed)]&amp#27;[0m Calling AppiumDriver.findElement() with args: ["id","com.androidsample.generalstore:id/btnLetsShop","eaa3a9ed-44da-4b3a-8e50-cfb1652922d7"]
[debug] &amp#27;[38;5;32m[AndroidUiautomator2Driver@a315 (eaa3a9ed)]&amp#27;[0m Valid locator strategies for this request: xpath, id, class name, accessibility id, css selector, -android uiautomator
[debug] &amp#27;[38;5;32m[AndroidUiautomator2Driver@a315 (eaa3a9ed)]&amp#27;[0m Waiting up to 5000 ms for condition
[debug] &amp#27;[38;5;32m[AndroidUiautomator2Driver@a315 (eaa3a9ed)]&amp#27;[0m Matched '/element' to command name 'findElement'
[debug] &amp#27;[38;5;32m[AndroidUiautomator2Driver@a315 (eaa3a9ed)]&amp#27;[0m Proxying [POST /element] to [POST http://127.0.0.1:8201/session/4c6f0183-f4d5-4b10-a2bf-b147e1eb06af/element] with body: {"strategy":"id","selector":"com.androidsample.generalstore:id/btnLetsShop","context":"","multiple":false}
[debug] &amp#27;[38;5;32m[AndroidUiautomator2Driver@a315 (eaa3a9ed)]&amp#27;[0m Got response with status 200: {"sessionId":"4c6f0183-f4d5-4b10-a2bf-b147e1eb06af","value":{"ELEMENT":"00000000-0000-0182-ffff-ffff00000018","element-6066-11e4-a52e-4f735466cecf":"00000000-0000-0182-ffff-ffff00000018"}}
[debug] &amp#27;[38;5;32m[AndroidUiautomator2Driver@a315 (eaa3a9ed)]&amp#27;[0m Responding to client with driver.findElement() result: {"element-6066-11e4-a52e-4f735466cecf":"00000000-0000-0182-ffff-ffff00000018","ELEMENT":"00000000-0000-0182-ffff-ffff00000018"}
&amp#27;[38;5;0m[HTTP]&amp#27;[0m &amp#27;[37m<-- POST /session/eaa3a9ed-44da-4b3a-8e50-cfb1652922d7/element &amp#27;[39m&amp#27;[32m200&amp#27;[39m &amp#27;[90m18 ms - 137&amp#27;[39m
&amp#27;[38;5;0m[HTTP]&amp#27;[0m &amp#27;[90m&amp#27;[39m
&amp#27;[38;5;0m[HTTP]&amp#27;[0m &amp#27;[37m-->&amp#27;[39m &amp#27;[37mPOST&amp#27;[39m &amp#27;[37m/session/eaa3a9ed-44da-4b3a-8e50-cfb1652922d7/element/00000000-0000-0182-ffff-ffff00000018/click&amp#27;[39m
&amp#27;[38;5;0m[HTTP]&amp#27;[0m &amp#27;[90m{"id":"00000000-0000-0182-ffff-ffff00000018"}&amp#27;[39m
[debug] &amp#27;[38;5;32m[AndroidUiautomator2Driver@a315 (eaa3a9ed)]&amp#27;[0m Calling AppiumDriver.click() with args: ["00000000-0000-0182-ffff-ffff00000018","eaa3a9ed-44da-4b3a-8e50-cfb1652922d7"]
[debug] &amp#27;[38;5;32m[AndroidUiautomator2Driver@a315 (eaa3a9ed)]&amp#27;[0m Matched '/element/00000000-0000-0182-ffff-ffff00000018/click' to command name 'click'
[debug] &amp#27;[38;5;32m[AndroidUiautomator2Driver@a315 (eaa3a9ed)]&amp#27;[0m Proxying [POST /element/00000000-0000-0182-ffff-ffff00000018/click] to [POST http://127.0.0.1:8201/session/4c6f0183-f4d5-4b10-a2bf-b147e1eb06af/element/00000000-0000-0182-ffff-ffff00000018/click] with body: {"element":"00000000-0000-0182-ffff-ffff00000018"}
[debug] &amp#27;[38;5;32m[AndroidUiautomator2Driver@a315 (eaa3a9ed)]&amp#27;[0m Got response with status 200: {"sessionId":"4c6f0183-f4d5-4b10-a2bf-b147e1eb06af","value":null}
[debug] &amp#27;[38;5;32m[AndroidUiautomator2Driver@a315 (eaa3a9ed)]&amp#27;[0m Responding to client with driver.click() result: null
&amp#27;[38;5;0m[HTTP]&amp#27;[0m &amp#27;[37m<-- POST /session/eaa3a9ed-44da-4b3a-8e50-cfb1652922d7/element/00000000-0000-0182-ffff-ffff00000018/click &amp#27;[39m&amp#27;[32m200&amp#27;[39m &amp#27;[90m39 ms - 14&amp#27;[39m
&amp#27;[38;5;0m[HTTP]&amp#27;[0m &amp#27;[90m&amp#27;[39m
&amp#27;[38;5;0m[HTTP]&amp#27;[0m &amp#27;[37m-->&amp#27;[39m &amp#27;[37mPOST&amp#27;[39m &amp#27;[37m/session/eaa3a9ed-44da-4b3a-8e50-cfb1652922d7/element&amp#27;[39m
&amp#27;[38;5;0m[HTTP]&amp#27;[0m &amp#27;[90m{"using":"-android uiautomator","value":"new UiScrollable(new UiSelector()).scrollIntoView(text(\"Jordan 6 Rings\"));"}&amp#27;[39m
[debug] &amp#27;[38;5;32m[AndroidUiautomator2Driver@a315 (eaa3a9ed)]&amp#27;[0m Calling AppiumDriver.findElement() with args: ["-android uiautomator","new UiScrollable(new UiSelector()).scrollIntoView(text(\"Jordan 6 Rings\"));","eaa3a9ed-44da-4b3a-8e50-cfb1652922d7"]
[debug] &amp#27;[38;5;32m[AndroidUiautomator2Driver@a315 (eaa3a9ed)]&amp#27;[0m Valid locator strategies for this request: xpath, id, class name, accessibility id, css selector, -android uiautomator
[debug] &amp#27;[38;5;32m[AndroidUiautomator2Driver@a315 (eaa3a9ed)]&amp#27;[0m Waiting up to 5000 ms for condition
[debug] &amp#27;[38;5;32m[AndroidUiautomator2Driver@a315 (eaa3a9ed)]&amp#27;[0m Matched '/element' to command name 'findElement'
[debug] &amp#27;[38;5;32m[AndroidUiautomator2Driver@a315 (eaa3a9ed)]&amp#27;[0m Proxying [POST /element] to [POST http://127.0.0.1:8201/session/4c6f0183-f4d5-4b10-a2bf-b147e1eb06af/element] with body: {"strategy":"-android uiautomator","selector":"new UiScrollable(new UiSelector()).scrollIntoView(text(\"Jordan 6 Rings\"));","context":"","multiple":false}
[debug] &amp#27;[38;5;32m[AndroidUiautomator2Driver@a315 (eaa3a9ed)]&amp#27;[0m Got response with status 200: {"sessionId":"4c6f0183-f4d5-4b10-a2bf-b147e1eb06af","value":{"ELEMENT":"00000000-0000-0184-ffff-ffff0000006c","element-6066-11e4-a52e-4f735466cecf":"00000000-0000-0184-ffff-ffff0000006c"}}
[debug] &amp#27;[38;5;32m[AndroidUiautomator2Driver@a315 (eaa3a9ed)]&amp#27;[0m Responding to client with driver.findElement() result: {"element-6066-11e4-a52e-4f735466cecf":"00000000-0000-0184-ffff-ffff0000006c","ELEMENT":"00000000-0000-0184-ffff-ffff0000006c"}
&amp#27;[38;5;0m[HTTP]&amp#27;[0m &amp#27;[37m<-- POST /session/eaa3a9ed-44da-4b3a-8e50-cfb1652922d7/element &amp#27;[39m&amp#27;[32m200&amp#27;[39m &amp#27;[90m5744 ms - 137&amp#27;[39m
&amp#27;[38;5;0m[HTTP]&amp#27;[0m &amp#27;[90m&amp#27;[39m
&amp#27;[38;5;0m[HTTP]&amp#27;[0m &amp#27;[37m-->&amp#27;[39m &amp#27;[37mGET&amp#27;[39m &amp#27;[37m/session/eaa3a9ed-44da-4b3a-8e50-cfb1652922d7/context&amp#27;[39m
&amp#27;[38;5;0m[HTTP]&amp#27;[0m &amp#27;[90m{}&amp#27;[39m
[debug] &amp#27;[38;5;32m[AndroidUiautomator2Driver@a315 (eaa3a9ed)]&amp#27;[0m Calling AppiumDriver.getCurrentContext() with args: ["eaa3a9ed-44da-4b3a-8e50-cfb1652922d7"]
[debug] &amp#27;[38;5;32m[AndroidUiautomator2Driver@a315 (eaa3a9ed)]&amp#27;[0m Responding to client with driver.getCurrentContext() result: "NATIVE_APP"
&amp#27;[38;5;0m[HTTP]&amp#27;[0m &amp#27;[37m<-- GET /session/eaa3a9ed-44da-4b3a-8e50-cfb1652922d7/context &amp#27;[39m&amp#27;[32m200&amp#27;[39m &amp#27;[90m1 ms - 22&amp#27;[39m
&amp#27;[38;5;0m[HTTP]&amp#27;[0m &amp#27;[90m&amp#27;[39m
&amp#27;[38;5;0m[HTTP]&amp#27;[0m &amp#27;[37m-->&amp#27;[39m &amp#27;[37mPOST&amp#27;[39m &amp#27;[37m/session/eaa3a9ed-44da-4b3a-8e50-cfb1652922d7/elements&amp#27;[39m
&amp#27;[38;5;0m[HTTP]&amp#27;[0m &amp#27;[90m{"using":"id","value":"com.androidsample.generalstore:id/productName"}&amp#27;[39m
[debug] &amp#27;[38;5;32m[AndroidUiautomator2Driver@a315 (eaa3a9ed)]&amp#27;[0m Calling AppiumDriver.findElements() with args: ["id","com.androidsample.generalstore:id/productName","eaa3a9ed-44da-4b3a-8e50-cfb1652922d7"]
[debug] &amp#27;[38;5;32m[AndroidUiautomator2Driver@a315 (eaa3a9ed)]&amp#27;[0m Valid locator strategies for this request: xpath, id, class name, accessibility id, css selector, -android uiautomator
[debug] &amp#27;[38;5;32m[AndroidUiautomator2Driver@a315 (eaa3a9ed)]&amp#27;[0m Waiting up to 5000 ms for condition
[debug] &amp#27;[38;5;32m[AndroidUiautomator2Driver@a315 (eaa3a9ed)]&amp#27;[0m Matched '/elements' to command name 'findElements'
[debug] &amp#27;[38;5;32m[AndroidUiautomator2Driver@a315 (eaa3a9ed)]&amp#27;[0m Proxying [POST /elements] to [POST http://127.0.0.1:8201/session/4c6f0183-f4d5-4b10-a2bf-b147e1eb06af/elements] with body: {"strategy":"id","selector":"com.androidsample.generalstore:id/productName","context":"","multiple":true}
[debug] &amp#27;[38;5;32m[AndroidUiautomator2Driver@a315 (eaa3a9ed)]&amp#27;[0m Got response with status 200: {"sessionId":"4c6f0183-f4d5-4b10-a2bf-b147e1eb06af","value":[{"ELEMENT":"00000000-0000-0184-ffff-ffff00000064","element-6066-11e4-a52e-4f735466cecf":"00000000-0000-0184-ffff-ffff00000064"},{"ELEMENT":"00000000-0000-0184-ffff-ffff0000006c","element-6066-11e4-a52e-4f735466cecf":"00000000-0000-0184-ffff-ffff0000006c"}]}
[debug] &amp#27;[38;5;32m[AndroidUiautomator2Driver@a315 (eaa3a9ed)]&amp#27;[0m Responding to client with driver.findElements() result: [{"element-6066-11e4-a52e-4f735466cecf":"00000000-0000-0184-ffff-ffff00000064","ELEMENT":"00000000-0000-0184-ffff-ffff00000064"},{"element-6066-11e4-a52e-4f735466cecf":"00000000-0000-0184-ffff-ffff0000006c","ELEMENT":"00000000-0000-0184-ffff-ffff0000006c"}]
&amp#27;[38;5;0m[HTTP]&amp#27;[0m &amp#27;[37m<-- POST /session/eaa3a9ed-44da-4b3a-8e50-cfb1652922d7/elements &amp#27;[39m&amp#27;[32m200&amp#27;[39m &amp#27;[90m24 ms - 267&amp#27;[39m
&amp#27;[38;5;0m[HTTP]&amp#27;[0m &amp#27;[90m&amp#27;[39m
&amp#27;[38;5;0m[HTTP]&amp#27;[0m &amp#27;[37m-->&amp#27;[39m &amp#27;[37mGET&amp#27;[39m &amp#27;[37m/session/eaa3a9ed-44da-4b3a-8e50-cfb1652922d7/context&amp#27;[39m
&amp#27;[38;5;0m[HTTP]&amp#27;[0m &amp#27;[90m{}&amp#27;[39m
[debug] &amp#27;[38;5;32m[AndroidUiautomator2Driver@a315 (eaa3a9ed)]&amp#27;[0m Calling AppiumDriver.getCurrentContext() with args: ["eaa3a9ed-44da-4b3a-8e50-cfb1652922d7"]
[debug] &amp#27;[38;5;32m[AndroidUiautomator2Driver@a315 (eaa3a9ed)]&amp#27;[0m Responding to client with driver.getCurrentContext() result: "NATIVE_APP"
&amp#27;[38;5;0m[HTTP]&amp#27;[0m &amp#27;[37m<-- GET /session/eaa3a9ed-44da-4b3a-8e50-cfb1652922d7/context &amp#27;[39m&amp#27;[32m200&amp#27;[39m &amp#27;[90m1 ms - 22&amp#27;[39m
&amp#27;[38;5;0m[HTTP]&amp#27;[0m &amp#27;[90m&amp#27;[39m
&amp#27;[38;5;0m[HTTP]&amp#27;[0m &amp#27;[37m-->&amp#27;[39m &amp#27;[37mPOST&amp#27;[39m &amp#27;[37m/session/eaa3a9ed-44da-4b3a-8e50-cfb1652922d7/elements&amp#27;[39m
&amp#27;[38;5;0m[HTTP]&amp#27;[0m &amp#27;[90m{"using":"id","value":"com.androidsample.generalstore:id/productName"}&amp#27;[39m
[debug] &amp#27;[38;5;32m[AndroidUiautomator2Driver@a315 (eaa3a9ed)]&amp#27;[0m Calling AppiumDriver.findElements() with args: ["id","com.androidsample.generalstore:id/productName","eaa3a9ed-44da-4b3a-8e50-cfb1652922d7"]
[debug] &amp#27;[38;5;32m[AndroidUiautomator2Driver@a315 (eaa3a9ed)]&amp#27;[0m Valid locator strategies for this request: xpath, id, class name, accessibility id, css selector, -android uiautomator
[debug] &amp#27;[38;5;32m[AndroidUiautomator2Driver@a315 (eaa3a9ed)]&amp#27;[0m Waiting up to 5000 ms for condition
[debug] &amp#27;[38;5;32m[AndroidUiautomator2Driver@a315 (eaa3a9ed)]&amp#27;[0m Matched '/elements' to command name 'findElements'
[debug] &amp#27;[38;5;32m[AndroidUiautomator2Driver@a315 (eaa3a9ed)]&amp#27;[0m Proxying [POST /elements] to [POST http://127.0.0.1:8201/session/4c6f0183-f4d5-4b10-a2bf-b147e1eb06af/elements] with body: {"strategy":"id","selector":"com.androidsample.generalstore:id/productName","context":"","multiple":true}
[debug] &amp#27;[38;5;32m[AndroidUiautomator2Driver@a315 (eaa3a9ed)]&amp#27;[0m Got response with status 200: {"sessionId":"4c6f0183-f4d5-4b10-a2bf-b147e1eb06af","value":[{"ELEMENT":"00000000-0000-0184-ffff-ffff00000064","element-6066-11e4-a52e-4f735466cecf":"00000000-0000-0184-ffff-ffff00000064"},{"ELEMENT":"00000000-0000-0184-ffff-ffff0000006c","element-6066-11e4-a52e-4f735466cecf":"00000000-0000-0184-ffff-ffff0000006c"}]}
[debug] &amp#27;[38;5;32m[AndroidUiautomator2Driver@a315 (eaa3a9ed)]&amp#27;[0m Responding to client with driver.findElements() result: [{"element-6066-11e4-a52e-4f735466cecf":"00000000-0000-0184-ffff-ffff00000064","ELEMENT":"00000000-0000-0184-ffff-ffff00000064"},{"element-6066-11e4-a52e-4f735466cecf":"00000000-0000-0184-ffff-ffff0000006c","ELEMENT":"00000000-0000-0184-ffff-ffff0000006c"}]
&amp#27;[38;5;0m[HTTP]&amp#27;[0m &amp#27;[37m<-- POST /session/eaa3a9ed-44da-4b3a-8e50-cfb1652922d7/elements &amp#27;[39m&amp#27;[32m200&amp#27;[39m &amp#27;[90m17 ms - 267&amp#27;[39m
&amp#27;[38;5;0m[HTTP]&amp#27;[0m &amp#27;[90m&amp#27;[39m
&amp#27;[38;5;0m[HTTP]&amp#27;[0m &amp#27;[37m-->&amp#27;[39m &amp#27;[37mGET&amp#27;[39m &amp#27;[37m/session/eaa3a9ed-44da-4b3a-8e50-cfb1652922d7/element/00000000-0000-0184-ffff-ffff00000064/text&amp#27;[39m
&amp#27;[38;5;0m[HTTP]&amp#27;[0m &amp#27;[90m{}&amp#27;[39m
&amp#27;[38;5;32m[AndroidUiautomator2Driver@a315 (eaa3a9ed)]&amp#27;[0m Driver proxy active, passing request on via HTTP proxy
[debug] &amp#27;[38;5;32m[AndroidUiautomator2Driver@a315 (eaa3a9ed)]&amp#27;[0m Matched '/session/eaa3a9ed-44da-4b3a-8e50-cfb1652922d7/element/00000000-0000-0184-ffff-ffff00000064/text' to command name 'getText'
[debug] &amp#27;[38;5;32m[AndroidUiautomator2Driver@a315 (eaa3a9ed)]&amp#27;[0m Proxying [GET /session/eaa3a9ed-44da-4b3a-8e50-cfb1652922d7/element/00000000-0000-0184-ffff-ffff00000064/text] to [GET http://127.0.0.1:8201/session/4c6f0183-f4d5-4b10-a2bf-b147e1eb06af/element/00000000-0000-0184-ffff-ffff00000064/text] with no body
[debug] &amp#27;[38;5;32m[AndroidUiautomator2Driver@a315 (eaa3a9ed)]&amp#27;[0m Got response with status 200: {"sessionId":"4c6f0183-f4d5-4b10-a2bf-b147e1eb06af","value":"Air Jordan 9 Retro"}
&amp#27;[38;5;32m[AndroidUiautomator2Driver@a315 (eaa3a9ed)]&amp#27;[0m Replacing sessionId 4c6f0183-f4d5-4b10-a2bf-b147e1eb06af with eaa3a9ed-44da-4b3a-8e50-cfb1652922d7
&amp#27;[38;5;0m[HTTP]&amp#27;[0m &amp#27;[37m<-- GET /session/eaa3a9ed-44da-4b3a-8e50-cfb1652922d7/element/00000000-0000-0184-ffff-ffff00000064/text &amp#27;[39m&amp#27;[32m200&amp#27;[39m &amp#27;[90m13 ms - 81&amp#27;[39m
&amp#27;[38;5;0m[HTTP]&amp#27;[0m &amp#27;[90m&amp#27;[39m
&amp#27;[38;5;0m[HTTP]&amp#27;[0m &amp#27;[37m-->&amp#27;[39m &amp#27;[37mGET&amp#27;[39m &amp#27;[37m/session/eaa3a9ed-44da-4b3a-8e50-cfb1652922d7/context&amp#27;[39m
&amp#27;[38;5;0m[HTTP]&amp#27;[0m &amp#27;[90m{}&amp#27;[39m
[debug] &amp#27;[38;5;32m[AndroidUiautomator2Driver@a315 (eaa3a9ed)]&amp#27;[0m Calling AppiumDriver.getCurrentContext() with args: ["eaa3a9ed-44da-4b3a-8e50-cfb1652922d7"]
[debug] &amp#27;[38;5;32m[AndroidUiautomator2Driver@a315 (eaa3a9ed)]&amp#27;[0m Responding to client with driver.getCurrentContext() result: "NATIVE_APP"
&amp#27;[38;5;0m[HTTP]&amp#27;[0m &amp#27;[37m<-- GET /session/eaa3a9ed-44da-4b3a-8e50-cfb1652922d7/context &amp#27;[39m&amp#27;[32m200&amp#27;[39m &amp#27;[90m2 ms - 22&amp#27;[39m
&amp#27;[38;5;0m[HTTP]&amp#27;[0m &amp#27;[90m&amp#27;[39m
&amp#27;[38;5;0m[HTTP]&amp#27;[0m &amp#27;[37m-->&amp#27;[39m &amp#27;[37mPOST&amp#27;[39m &amp#27;[37m/session/eaa3a9ed-44da-4b3a-8e50-cfb1652922d7/elements&amp#27;[39m
&amp#27;[38;5;0m[HTTP]&amp#27;[0m &amp#27;[90m{"using":"id","value":"com.androidsample.generalstore:id/productName"}&amp#27;[39m
[debug] &amp#27;[38;5;32m[AndroidUiautomator2Driver@a315 (eaa3a9ed)]&amp#27;[0m Calling AppiumDriver.findElements() with args: ["id","com.androidsample.generalstore:id/productName","eaa3a9ed-44da-4b3a-8e50-cfb1652922d7"]
[debug] &amp#27;[38;5;32m[AndroidUiautomator2Driver@a315 (eaa3a9ed)]&amp#27;[0m Valid locator strategies for this request: xpath, id, class name, accessibility id, css selector, -android uiautomator
[debug] &amp#27;[38;5;32m[AndroidUiautomator2Driver@a315 (eaa3a9ed)]&amp#27;[0m Waiting up to 5000 ms for condition
[debug] &amp#27;[38;5;32m[AndroidUiautomator2Driver@a315 (eaa3a9ed)]&amp#27;[0m Matched '/elements' to command name 'findElements'
[debug] &amp#27;[38;5;32m[AndroidUiautomator2Driver@a315 (eaa3a9ed)]&amp#27;[0m Proxying [POST /elements] to [POST http://127.0.0.1:8201/session/4c6f0183-f4d5-4b10-a2bf-b147e1eb06af/elements] with body: {"strategy":"id","selector":"com.androidsample.generalstore:id/productName","context":"","multiple":true}
[debug] &amp#27;[38;5;32m[AndroidUiautomator2Driver@a315 (eaa3a9ed)]&amp#27;[0m Got response with status 200: {"sessionId":"4c6f0183-f4d5-4b10-a2bf-b147e1eb06af","value":[{"ELEMENT":"00000000-0000-0184-ffff-ffff00000064","element-6066-11e4-a52e-4f735466cecf":"00000000-0000-0184-ffff-ffff00000064"},{"ELEMENT":"00000000-0000-0184-ffff-ffff0000006c","element-6066-11e4-a52e-4f735466cecf":"00000000-0000-0184-ffff-ffff0000006c"}]}
[debug] &amp#27;[38;5;32m[AndroidUiautomator2Driver@a315 (eaa3a9ed)]&amp#27;[0m Responding to client with driver.findElements() result: [{"element-6066-11e4-a52e-4f735466cecf":"00000000-0000-0184-ffff-ffff00000064","ELEMENT":"00000000-0000-0184-ffff-ffff00000064"},{"element-6066-11e4-a52e-4f735466cecf":"00000000-0000-0184-ffff-ffff0000006c","ELEMENT":"00000000-0000-0184-ffff-ffff0000006c"}]
&amp#27;[38;5;0m[HTTP]&amp#27;[0m &amp#27;[37m<-- POST /session/eaa3a9ed-44da-4b3a-8e50-cfb1652922d7/elements &amp#27;[39m&amp#27;[32m200&amp#27;[39m &amp#27;[90m18 ms - 267&amp#27;[39m
&amp#27;[38;5;0m[HTTP]&amp#27;[0m &amp#27;[90m&amp#27;[39m
&amp#27;[38;5;0m[HTTP]&amp#27;[0m &amp#27;[37m-->&amp#27;[39m &amp#27;[37mGET&amp#27;[39m &amp#27;[37m/session/eaa3a9ed-44da-4b3a-8e50-cfb1652922d7/context&amp#27;[39m
&amp#27;[38;5;0m[HTTP]&amp#27;[0m &amp#27;[90m{}&amp#27;[39m
[debug] &amp#27;[38;5;32m[AndroidUiautomator2Driver@a315 (eaa3a9ed)]&amp#27;[0m Calling AppiumDriver.getCurrentContext() with args: ["eaa3a9ed-44da-4b3a-8e50-cfb1652922d7"]
[debug] &amp#27;[38;5;32m[AndroidUiautomator2Driver@a315 (eaa3a9ed)]&amp#27;[0m Responding to client with driver.getCurrentContext() result: "NATIVE_APP"
&amp#27;[38;5;0m[HTTP]&amp#27;[0m &amp#27;[37m<-- GET /session/eaa3a9ed-44da-4b3a-8e50-cfb1652922d7/context &amp#27;[39m&amp#27;[32m200&amp#27;[39m &amp#27;[90m1 ms - 22&amp#27;[39m
&amp#27;[38;5;0m[HTTP]&amp#27;[0m &amp#27;[90m&amp#27;[39m
&amp#27;[38;5;0m[HTTP]&amp#27;[0m &amp#27;[37m-->&amp#27;[39m &amp#27;[37mPOST&amp#27;[39m &amp#27;[37m/session/eaa3a9ed-44da-4b3a-8e50-cfb1652922d7/elements&amp#27;[39m
&amp#27;[38;5;0m[HTTP]&amp#27;[0m &amp#27;[90m{"using":"id","value":"com.androidsample.generalstore:id/productName"}&amp#27;[39m
[debug] &amp#27;[38;5;32m[AndroidUiautomator2Driver@a315 (eaa3a9ed)]&amp#27;[0m Calling AppiumDriver.findElements() with args: ["id","com.androidsample.generalstore:id/productName","eaa3a9ed-44da-4b3a-8e50-cfb1652922d7"]
[debug] &amp#27;[38;5;32m[AndroidUiautomator2Driver@a315 (eaa3a9ed)]&amp#27;[0m Valid locator strategies for this request: xpath, id, class name, accessibility id, css selector, -android uiautomator
[debug] &amp#27;[38;5;32m[AndroidUiautomator2Driver@a315 (eaa3a9ed)]&amp#27;[0m Waiting up to 5000 ms for condition
[debug] &amp#27;[38;5;32m[AndroidUiautomator2Driver@a315 (eaa3a9ed)]&amp#27;[0m Matched '/elements' to command name 'findElements'
[debug] &amp#27;[38;5;32m[AndroidUiautomator2Driver@a315 (eaa3a9ed)]&amp#27;[0m Proxying [POST /elements] to [POST http://127.0.0.1:8201/session/4c6f0183-f4d5-4b10-a2bf-b147e1eb06af/elements] with body: {"strategy":"id","selector":"com.androidsample.generalstore:id/productName","context":"","multiple":true}
[debug] &amp#27;[38;5;32m[AndroidUiautomator2Driver@a315 (eaa3a9ed)]&amp#27;[0m Got response with status 200: {"sessionId":"4c6f0183-f4d5-4b10-a2bf-b147e1eb06af","value":[{"ELEMENT":"00000000-0000-0184-ffff-ffff00000064","element-6066-11e4-a52e-4f735466cecf":"00000000-0000-0184-ffff-ffff00000064"},{"ELEMENT":"00000000-0000-0184-ffff-ffff0000006c","element-6066-11e4-a52e-4f735466cecf":"00000000-0000-0184-ffff-ffff0000006c"}]}
[debug] &amp#27;[38;5;32m[AndroidUiautomator2Driver@a315 (eaa3a9ed)]&amp#27;[0m Responding to client with driver.findElements() result: [{"element-6066-11e4-a52e-4f735466cecf":"00000000-0000-0184-ffff-ffff00000064","ELEMENT":"00000000-0000-0184-ffff-ffff00000064"},{"element-6066-11e4-a52e-4f735466cecf":"00000000-0000-0184-ffff-ffff0000006c","ELEMENT":"00000000-0000-0184-ffff-ffff0000006c"}]
&amp#27;[38;5;0m[HTTP]&amp#27;[0m &amp#27;[37m<-- POST /session/eaa3a9ed-44da-4b3a-8e50-cfb1652922d7/elements &amp#27;[39m&amp#27;[32m200&amp#27;[39m &amp#27;[90m15 ms - 267&amp#27;[39m
&amp#27;[38;5;0m[HTTP]&amp#27;[0m &amp#27;[90m&amp#27;[39m
&amp#27;[38;5;0m[HTTP]&amp#27;[0m &amp#27;[37m-->&amp#27;[39m &amp#27;[37mGET&amp#27;[39m &amp#27;[37m/session/eaa3a9ed-44da-4b3a-8e50-cfb1652922d7/element/00000000-0000-0184-ffff-ffff0000006c/text&amp#27;[39m
&amp#27;[38;5;0m[HTTP]&amp#27;[0m &amp#27;[90m{}&amp#27;[39m
&amp#27;[38;5;32m[AndroidUiautomator2Driver@a315 (eaa3a9ed)]&amp#27;[0m Driver proxy active, passing request on via HTTP proxy
[debug] &amp#27;[38;5;32m[AndroidUiautomator2Driver@a315 (eaa3a9ed)]&amp#27;[0m Matched '/session/eaa3a9ed-44da-4b3a-8e50-cfb1652922d7/element/00000000-0000-0184-ffff-ffff0000006c/text' to command name 'getText'
[debug] &amp#27;[38;5;32m[AndroidUiautomator2Driver@a315 (eaa3a9ed)]&amp#27;[0m Proxying [GET /session/eaa3a9ed-44da-4b3a-8e50-cfb1652922d7/element/00000000-0000-0184-ffff-ffff0000006c/text] to [GET http://127.0.0.1:8201/session/4c6f0183-f4d5-4b10-a2bf-b147e1eb06af/element/00000000-0000-0184-ffff-ffff0000006c/text] with no body
[debug] &amp#27;[38;5;32m[AndroidUiautomator2Driver@a315 (eaa3a9ed)]&amp#27;[0m Got response with status 200: {"sessionId":"4c6f0183-f4d5-4b10-a2bf-b147e1eb06af","value":"Jordan 6 Rings"}
&amp#27;[38;5;32m[AndroidUiautomator2Driver@a315 (eaa3a9ed)]&amp#27;[0m Replacing sessionId 4c6f0183-f4d5-4b10-a2bf-b147e1eb06af with eaa3a9ed-44da-4b3a-8e50-cfb1652922d7
&amp#27;[38;5;0m[HTTP]&amp#27;[0m &amp#27;[37m<-- GET /session/eaa3a9ed-44da-4b3a-8e50-cfb1652922d7/element/00000000-0000-0184-ffff-ffff0000006c/text &amp#27;[39m&amp#27;[32m200&amp#27;[39m &amp#27;[90m9 ms - 77&amp#27;[39m
&amp#27;[38;5;0m[HTTP]&amp#27;[0m &amp#27;[90m&amp#27;[39m
&amp#27;[38;5;0m[HTTP]&amp#27;[0m &amp#27;[37m-->&amp#27;[39m &amp#27;[37mGET&amp#27;[39m &amp#27;[37m/session/eaa3a9ed-44da-4b3a-8e50-cfb1652922d7/context&amp#27;[39m
&amp#27;[38;5;0m[HTTP]&amp#27;[0m &amp#27;[90m{}&amp#27;[39m
[debug] &amp#27;[38;5;32m[AndroidUiautomator2Driver@a315 (eaa3a9ed)]&amp#27;[0m Calling AppiumDriver.getCurrentContext() with args: ["eaa3a9ed-44da-4b3a-8e50-cfb1652922d7"]
[debug] &amp#27;[38;5;32m[AndroidUiautomator2Driver@a315 (eaa3a9ed)]&amp#27;[0m Responding to client with driver.getCurrentContext() result: "NATIVE_APP"
&amp#27;[38;5;0m[HTTP]&amp#27;[0m &amp#27;[37m<-- GET /session/eaa3a9ed-44da-4b3a-8e50-cfb1652922d7/context &amp#27;[39m&amp#27;[32m200&amp#27;[39m &amp#27;[90m1 ms - 22&amp#27;[39m
&amp#27;[38;5;0m[HTTP]&amp#27;[0m &amp#27;[90m&amp#27;[39m
&amp#27;[38;5;0m[HTTP]&amp#27;[0m &amp#27;[37m-->&amp#27;[39m &amp#27;[37mPOST&amp#27;[39m &amp#27;[37m/session/eaa3a9ed-44da-4b3a-8e50-cfb1652922d7/elements&amp#27;[39m
&amp#27;[38;5;0m[HTTP]&amp#27;[0m &amp#27;[90m{"using":"id","value":"com.androidsample.generalstore:id/productAddCart"}&amp#27;[39m
[debug] &amp#27;[38;5;32m[AndroidUiautomator2Driver@a315 (eaa3a9ed)]&amp#27;[0m Calling AppiumDriver.findElements() with args: ["id","com.androidsample.generalstore:id/productAddCart","eaa3a9ed-44da-4b3a-8e50-cfb1652922d7"]
[debug] &amp#27;[38;5;32m[AndroidUiautomator2Driver@a315 (eaa3a9ed)]&amp#27;[0m Valid locator strategies for this request: xpath, id, class name, accessibility id, css selector, -android uiautomator
[debug] &amp#27;[38;5;32m[AndroidUiautomator2Driver@a315 (eaa3a9ed)]&amp#27;[0m Waiting up to 5000 ms for condition
[debug] &amp#27;[38;5;32m[AndroidUiautomator2Driver@a315 (eaa3a9ed)]&amp#27;[0m Matched '/elements' to command name 'findElements'
[debug] &amp#27;[38;5;32m[AndroidUiautomator2Driver@a315 (eaa3a9ed)]&amp#27;[0m Proxying [POST /elements] to [POST http://127.0.0.1:8201/session/4c6f0183-f4d5-4b10-a2bf-b147e1eb06af/elements] with body: {"strategy":"id","selector":"com.androidsample.generalstore:id/productAddCart","context":"","multiple":true}
[debug] &amp#27;[38;5;32m[AndroidUiautomator2Driver@a315 (eaa3a9ed)]&amp#27;[0m Got response with status 200: {"sessionId":"4c6f0183-f4d5-4b10-a2bf-b147e1eb06af","value":[{"ELEMENT":"00000000-0000-0184-ffff-ffff00000068","element-6066-11e4-a52e-4f735466cecf":"00000000-0000-0184-ffff-ffff00000068"},{"ELEMENT":"00000000-0000-0184-ffff-ffff00000070","element-6066-11e4-a52e-4f735466cecf":"00000000-0000-0184-ffff-ffff00000070"}]}
[debug] &amp#27;[38;5;32m[AndroidUiautomator2Driver@a315 (eaa3a9ed)]&amp#27;[0m Responding to client with driver.findElements() result: [{"element-6066-11e4-a52e-4f735466cecf":"00000000-0000-0184-ffff-ffff00000068","ELEMENT":"00000000-0000-0184-ffff-ffff00000068"},{"element-6066-11e4-a52e-4f735466cecf":"00000000-0000-0184-ffff-ffff00000070","ELEMENT":"00000000-0000-0184-ffff-ffff00000070"}]
&amp#27;[38;5;0m[HTTP]&amp#27;[0m &amp#27;[37m<-- POST /session/eaa3a9ed-44da-4b3a-8e50-cfb1652922d7/elements &amp#27;[39m&amp#27;[32m200&amp#27;[39m &amp#27;[90m15 ms - 267&amp#27;[39m
&amp#27;[38;5;0m[HTTP]&amp#27;[0m &amp#27;[90m&amp#27;[39m
&amp#27;[38;5;0m[HTTP]&amp#27;[0m &amp#27;[37m-->&amp#27;[39m &amp#27;[37mPOST&amp#27;[39m &amp#27;[37m/session/eaa3a9ed-44da-4b3a-8e50-cfb1652922d7/element/00000000-0000-0184-ffff-ffff00000070/click&amp#27;[39m
&amp#27;[38;5;0m[HTTP]&amp#27;[0m &amp#27;[90m{"id":"00000000-0000-0184-ffff-ffff00000070"}&amp#27;[39m
[debug] &amp#27;[38;5;32m[AndroidUiautomator2Driver@a315 (eaa3a9ed)]&amp#27;[0m Calling AppiumDriver.click() with args: ["00000000-0000-0184-ffff-ffff00000070","eaa3a9ed-44da-4b3a-8e50-cfb1652922d7"]
[debug] &amp#27;[38;5;32m[AndroidUiautomator2Driver@a315 (eaa3a9ed)]&amp#27;[0m Matched '/element/00000000-0000-0184-ffff-ffff00000070/click' to command name 'click'
[debug] &amp#27;[38;5;32m[AndroidUiautomator2Driver@a315 (eaa3a9ed)]&amp#27;[0m Proxying [POST /element/00000000-0000-0184-ffff-ffff00000070/click] to [POST http://127.0.0.1:8201/session/4c6f0183-f4d5-4b10-a2bf-b147e1eb06af/element/00000000-0000-0184-ffff-ffff00000070/click] with body: {"element":"00000000-0000-0184-ffff-ffff00000070"}
[debug] &amp#27;[38;5;32m[AndroidUiautomator2Driver@a315 (eaa3a9ed)]&amp#27;[0m Got response with status 200: {"sessionId":"4c6f0183-f4d5-4b10-a2bf-b147e1eb06af","value":null}
[debug] &amp#27;[38;5;32m[AndroidUiautomator2Driver@a315 (eaa3a9ed)]&amp#27;[0m Responding to client with driver.click() result: null
&amp#27;[38;5;0m[HTTP]&amp#27;[0m &amp#27;[37m<-- POST /session/eaa3a9ed-44da-4b3a-8e50-cfb1652922d7/element/00000000-0000-0184-ffff-ffff00000070/click &amp#27;[39m&amp#27;[32m200&amp#27;[39m &amp#27;[90m526 ms - 14&amp#27;[39m
&amp#27;[38;5;0m[HTTP]&amp#27;[0m &amp#27;[90m&amp#27;[39m
&amp#27;[38;5;0m[HTTP]&amp#27;[0m &amp#27;[37m-->&amp#27;[39m &amp#27;[37mGET&amp#27;[39m &amp#27;[37m/session/eaa3a9ed-44da-4b3a-8e50-cfb1652922d7/context&amp#27;[39m
&amp#27;[38;5;0m[HTTP]&amp#27;[0m &amp#27;[90m{}&amp#27;[39m
[debug] &amp#27;[38;5;32m[AndroidUiautomator2Driver@a315 (eaa3a9ed)]&amp#27;[0m Calling AppiumDriver.getCurrentContext() with args: ["eaa3a9ed-44da-4b3a-8e50-cfb1652922d7"]
[debug] &amp#27;[38;5;32m[AndroidUiautomator2Driver@a315 (eaa3a9ed)]&amp#27;[0m Responding to client with driver.getCurrentContext() result: "NATIVE_APP"
&amp#27;[38;5;0m[HTTP]&amp#27;[0m &amp#27;[37m<-- GET /session/eaa3a9ed-44da-4b3a-8e50-cfb1652922d7/context &amp#27;[39m&amp#27;[32m200&amp#27;[39m &amp#27;[90m1 ms - 22&amp#27;[39m
&amp#27;[38;5;0m[HTTP]&amp#27;[0m &amp#27;[90m&amp#27;[39m
&amp#27;[38;5;0m[HTTP]&amp#27;[0m &amp#27;[37m-->&amp#27;[39m &amp#27;[37mPOST&amp#27;[39m &amp#27;[37m/session/eaa3a9ed-44da-4b3a-8e50-cfb1652922d7/elements&amp#27;[39m
&amp#27;[38;5;0m[HTTP]&amp#27;[0m &amp#27;[90m{"using":"id","value":"com.androidsample.generalstore:id/productName"}&amp#27;[39m
[debug] &amp#27;[38;5;32m[AndroidUiautomator2Driver@a315 (eaa3a9ed)]&amp#27;[0m Calling AppiumDriver.findElements() with args: ["id","com.androidsample.generalstore:id/productName","eaa3a9ed-44da-4b3a-8e50-cfb1652922d7"]
[debug] &amp#27;[38;5;32m[AndroidUiautomator2Driver@a315 (eaa3a9ed)]&amp#27;[0m Valid locator strategies for this request: xpath, id, class name, accessibility id, css selector, -android uiautomator
[debug] &amp#27;[38;5;32m[AndroidUiautomator2Driver@a315 (eaa3a9ed)]&amp#27;[0m Waiting up to 5000 ms for condition
[debug] &amp#27;[38;5;32m[AndroidUiautomator2Driver@a315 (eaa3a9ed)]&amp#27;[0m Matched '/elements' to command name 'findElements'
[debug] &amp#27;[38;5;32m[AndroidUiautomator2Driver@a315 (eaa3a9ed)]&amp#27;[0m Proxying [POST /elements] to [POST http://127.0.0.1:8201/session/4c6f0183-f4d5-4b10-a2bf-b147e1eb06af/elements] with body: {"strategy":"id","selector":"com.androidsample.generalstore:id/productName","context":"","multiple":true}
[debug] &amp#27;[38;5;32m[AndroidUiautomator2Driver@a315 (eaa3a9ed)]&amp#27;[0m Got response with status 200: {"sessionId":"4c6f0183-f4d5-4b10-a2bf-b147e1eb06af","value":[{"ELEMENT":"00000000-0000-0184-ffff-ffff00000064","element-6066-11e4-a52e-4f735466cecf":"00000000-0000-0184-ffff-ffff00000064"},{"ELEMENT":"00000000-0000-0184-ffff-ffff0000006c","element-6066-11e4-a52e-4f735466cecf":"00000000-0000-0184-ffff-ffff0000006c"}]}
[debug] &amp#27;[38;5;32m[AndroidUiautomator2Driver@a315 (eaa3a9ed)]&amp#27;[0m Responding to client with driver.findElements() result: [{"element-6066-11e4-a52e-4f735466cecf":"00000000-0000-0184-ffff-ffff00000064","ELEMENT":"00000000-0000-0184-ffff-ffff00000064"},{"element-6066-11e4-a52e-4f735466cecf":"00000000-0000-0184-ffff-ffff0000006c","ELEMENT":"00000000-0000-0184-ffff-ffff0000006c"}]
&amp#27;[38;5;0m[HTTP]&amp#27;[0m &amp#27;[37m<-- POST /session/eaa3a9ed-44da-4b3a-8e50-cfb1652922d7/elements &amp#27;[39m&amp#27;[32m200&amp#27;[39m &amp#27;[90m17 ms - 267&amp#27;[39m
&amp#27;[38;5;0m[HTTP]&amp#27;[0m &amp#27;[90m&amp#27;[39m
&amp#27;[38;5;0m[HTTP]&amp#27;[0m &amp#27;[37m-->&amp#27;[39m &amp#27;[37mGET&amp#27;[39m &amp#27;[37m/session/eaa3a9ed-44da-4b3a-8e50-cfb1652922d7/context&amp#27;[39m
&amp#27;[38;5;0m[HTTP]&amp#27;[0m &amp#27;[90m{}&amp#27;[39m
[debug] &amp#27;[38;5;32m[AndroidUiautomator2Driver@a315 (eaa3a9ed)]&amp#27;[0m Calling AppiumDriver.getCurrentContext() with args: ["eaa3a9ed-44da-4b3a-8e50-cfb1652922d7"]
[debug] &amp#27;[38;5;32m[AndroidUiautomator2Driver@a315 (eaa3a9ed)]&amp#27;[0m Responding to client with driver.getCurrentContext() result: "NATIVE_APP"
&amp#27;[38;5;0m[HTTP]&amp#27;[0m &amp#27;[37m<-- GET /session/eaa3a9ed-44da-4b3a-8e50-cfb1652922d7/context &amp#27;[39m&amp#27;[32m200&amp#27;[39m &amp#27;[90m1 ms - 22&amp#27;[39m
&amp#27;[38;5;0m[HTTP]&amp#27;[0m &amp#27;[90m&amp#27;[39m
&amp#27;[38;5;0m[HTTP]&amp#27;[0m &amp#27;[37m-->&amp#27;[39m &amp#27;[37mPOST&amp#27;[39m &amp#27;[37m/session/eaa3a9ed-44da-4b3a-8e50-cfb1652922d7/element&amp#27;[39m
&amp#27;[38;5;0m[HTTP]&amp#27;[0m &amp#27;[90m{"using":"id","value":"com.androidsample.generalstore:id/appbar_btn_cart"}&amp#27;[39m
[debug] &amp#27;[38;5;32m[AndroidUiautomator2Driver@a315 (eaa3a9ed)]&amp#27;[0m Calling AppiumDriver.findElement() with args: ["id","com.androidsample.generalstore:id/appbar_btn_cart","eaa3a9ed-44da-4b3a-8e50-cfb1652922d7"]
[debug] &amp#27;[38;5;32m[AndroidUiautomator2Driver@a315 (eaa3a9ed)]&amp#27;[0m Valid locator strategies for this request: xpath, id, class name, accessibility id, css selector, -android uiautomator
[debug] &amp#27;[38;5;32m[AndroidUiautomator2Driver@a315 (eaa3a9ed)]&amp#27;[0m Waiting up to 5000 ms for condition
[debug] &amp#27;[38;5;32m[AndroidUiautomator2Driver@a315 (eaa3a9ed)]&amp#27;[0m Matched '/element' to command name 'findElement'
[debug] &amp#27;[38;5;32m[AndroidUiautomator2Driver@a315 (eaa3a9ed)]&amp#27;[0m Proxying [POST /element] to [POST http://127.0.0.1:8201/session/4c6f0183-f4d5-4b10-a2bf-b147e1eb06af/element] with body: {"strategy":"id","selector":"com.androidsample.generalstore:id/appbar_btn_cart","context":"","multiple":false}
[debug] &amp#27;[38;5;32m[AndroidUiautomator2Driver@a315 (eaa3a9ed)]&amp#27;[0m Got response with status 200: {"sessionId":"4c6f0183-f4d5-4b10-a2bf-b147e1eb06af","value":{"ELEMENT":"00000000-0000-0184-ffff-ffff0000003a","element-6066-11e4-a52e-4f735466cecf":"00000000-0000-0184-ffff-ffff0000003a"}}
[debug] &amp#27;[38;5;32m[AndroidUiautomator2Driver@a315 (eaa3a9ed)]&amp#27;[0m Responding to client with driver.findElement() result: {"element-6066-11e4-a52e-4f735466cecf":"00000000-0000-0184-ffff-ffff0000003a","ELEMENT":"00000000-0000-0184-ffff-ffff0000003a"}
&amp#27;[38;5;0m[HTTP]&amp#27;[0m &amp#27;[37m<-- POST /session/eaa3a9ed-44da-4b3a-8e50-cfb1652922d7/element &amp#27;[39m&amp#27;[32m200&amp#27;[39m &amp#27;[90m16 ms - 137&amp#27;[39m
&amp#27;[38;5;0m[HTTP]&amp#27;[0m &amp#27;[90m&amp#27;[39m
&amp#27;[38;5;0m[HTTP]&amp#27;[0m &amp#27;[37m-->&amp#27;[39m &amp#27;[37mPOST&amp#27;[39m &amp#27;[37m/session/eaa3a9ed-44da-4b3a-8e50-cfb1652922d7/element/00000000-0000-0184-ffff-ffff0000003a/click&amp#27;[39m
&amp#27;[38;5;0m[HTTP]&amp#27;[0m &amp#27;[90m{"id":"00000000-0000-0184-ffff-ffff0000003a"}&amp#27;[39m
[debug] &amp#27;[38;5;32m[AndroidUiautomator2Driver@a315 (eaa3a9ed)]&amp#27;[0m Calling AppiumDriver.click() with args: ["00000000-0000-0184-ffff-ffff0000003a","eaa3a9ed-44da-4b3a-8e50-cfb1652922d7"]
[debug] &amp#27;[38;5;32m[AndroidUiautomator2Driver@a315 (eaa3a9ed)]&amp#27;[0m Matched '/element/00000000-0000-0184-ffff-ffff0000003a/click' to command name 'click'
[debug] &amp#27;[38;5;32m[AndroidUiautomator2Driver@a315 (eaa3a9ed)]&amp#27;[0m Proxying [POST /element/00000000-0000-0184-ffff-ffff0000003a/click] to [POST http://127.0.0.1:8201/session/4c6f0183-f4d5-4b10-a2bf-b147e1eb06af/element/00000000-0000-0184-ffff-ffff0000003a/click] with body: {"element":"00000000-0000-0184-ffff-ffff0000003a"}
[debug] &amp#27;[38;5;32m[AndroidUiautomator2Driver@a315 (eaa3a9ed)]&amp#27;[0m Got response with status 200: {"sessionId":"4c6f0183-f4d5-4b10-a2bf-b147e1eb06af","value":null}
[debug] &amp#27;[38;5;32m[AndroidUiautomator2Driver@a315 (eaa3a9ed)]&amp#27;[0m Responding to client with driver.click() result: null
&amp#27;[38;5;0m[HTTP]&amp#27;[0m &amp#27;[37m<-- POST /session/eaa3a9ed-44da-4b3a-8e50-cfb1652922d7/element/00000000-0000-0184-ffff-ffff0000003a/click &amp#27;[39m&amp#27;[32m200&amp#27;[39m &amp#27;[90m714 ms - 14&amp#27;[39m
&amp#27;[38;5;0m[HTTP]&amp#27;[0m &amp#27;[90m&amp#27;[39m
&amp#27;[38;5;0m[HTTP]&amp#27;[0m &amp#27;[37m-->&amp#27;[39m &amp#27;[37mGET&amp#27;[39m &amp#27;[37m/session/eaa3a9ed-44da-4b3a-8e50-cfb1652922d7/context&amp#27;[39m
&amp#27;[38;5;0m[HTTP]&amp#27;[0m &amp#27;[90m{}&amp#27;[39m
[debug] &amp#27;[38;5;32m[AndroidUiautomator2Driver@a315 (eaa3a9ed)]&amp#27;[0m Calling AppiumDriver.getCurrentContext() with args: ["eaa3a9ed-44da-4b3a-8e50-cfb1652922d7"]
[debug] &amp#27;[38;5;32m[AndroidUiautomator2Driver@a315 (eaa3a9ed)]&amp#27;[0m Responding to client with driver.getCurrentContext() result: "NATIVE_APP"
&amp#27;[38;5;0m[HTTP]&amp#27;[0m &amp#27;[37m<-- GET /session/eaa3a9ed-44da-4b3a-8e50-cfb1652922d7/context &amp#27;[39m&amp#27;[32m200&amp#27;[39m &amp#27;[90m1 ms - 22&amp#27;[39m
&amp#27;[38;5;0m[HTTP]&amp#27;[0m &amp#27;[90m&amp#27;[39m
&amp#27;[38;5;0m[HTTP]&amp#27;[0m &amp#27;[37m-->&amp#27;[39m &amp#27;[37mPOST&amp#27;[39m &amp#27;[37m/session/eaa3a9ed-44da-4b3a-8e50-cfb1652922d7/elements&amp#27;[39m
&amp#27;[38;5;0m[HTTP]&amp#27;[0m &amp#27;[90m{"using":"id","value":"com.androidsample.generalstore:id/productName"}&amp#27;[39m
[debug] &amp#27;[38;5;32m[AndroidUiautomator2Driver@a315 (eaa3a9ed)]&amp#27;[0m Calling AppiumDriver.findElements() with args: ["id","com.androidsample.generalstore:id/productName","eaa3a9ed-44da-4b3a-8e50-cfb1652922d7"]
[debug] &amp#27;[38;5;32m[AndroidUiautomator2Driver@a315 (eaa3a9ed)]&amp#27;[0m Valid locator strategies for this request: xpath, id, class name, accessibility id, css selector, -android uiautomator
[debug] &amp#27;[38;5;32m[AndroidUiautomator2Driver@a315 (eaa3a9ed)]&amp#27;[0m Waiting up to 5000 ms for condition
[debug] &amp#27;[38;5;32m[AndroidUiautomator2Driver@a315 (eaa3a9ed)]&amp#27;[0m Matched '/elements' to command name 'findElements'
[debug] &amp#27;[38;5;32m[AndroidUiautomator2Driver@a315 (eaa3a9ed)]&amp#27;[0m Proxying [POST /elements] to [POST http://127.0.0.1:8201/session/4c6f0183-f4d5-4b10-a2bf-b147e1eb06af/elements] with body: {"strategy":"id","selector":"com.androidsample.generalstore:id/productName","context":"","multiple":true}
[debug] &amp#27;[38;5;32m[AndroidUiautomator2Driver@a315 (eaa3a9ed)]&amp#27;[0m Got response with status 200: {"sessionId":"4c6f0183-f4d5-4b10-a2bf-b147e1eb06af","value":[{"ELEMENT":"00000000-0000-0185-ffff-ffff00000099","element-6066-11e4-a52e-4f735466cecf":"00000000-0000-0185-ffff-ffff00000099"}]}
[debug] &amp#27;[38;5;32m[AndroidUiautomator2Driver@a315 (eaa3a9ed)]&amp#27;[0m Responding to client with driver.findElements() result: [{"element-6066-11e4-a52e-4f735466cecf":"00000000-0000-0185-ffff-ffff00000099","ELEMENT":"00000000-0000-0185-ffff-ffff00000099"}]
&amp#27;[38;5;0m[HTTP]&amp#27;[0m &amp#27;[37m<-- POST /session/eaa3a9ed-44da-4b3a-8e50-cfb1652922d7/elements &amp#27;[39m&amp#27;[32m200&amp#27;[39m &amp#27;[90m13 ms - 139&amp#27;[39m
&amp#27;[38;5;0m[HTTP]&amp#27;[0m &amp#27;[90m&amp#27;[39m
&amp#27;[38;5;0m[HTTP]&amp#27;[0m &amp#27;[37m-->&amp#27;[39m &amp#27;[37mGET&amp#27;[39m &amp#27;[37m/session/eaa3a9ed-44da-4b3a-8e50-cfb1652922d7/element/00000000-0000-0185-ffff-ffff00000099/text&amp#27;[39m
&amp#27;[38;5;0m[HTTP]&amp#27;[0m &amp#27;[90m{}&amp#27;[39m
&amp#27;[38;5;32m[AndroidUiautomator2Driver@a315 (eaa3a9ed)]&amp#27;[0m Driver proxy active, passing request on via HTTP proxy
[debug] &amp#27;[38;5;32m[AndroidUiautomator2Driver@a315 (eaa3a9ed)]&amp#27;[0m Matched '/session/eaa3a9ed-44da-4b3a-8e50-cfb1652922d7/element/00000000-0000-0185-ffff-ffff00000099/text' to command name 'getText'
[debug] &amp#27;[38;5;32m[AndroidUiautomator2Driver@a315 (eaa3a9ed)]&amp#27;[0m Proxying [GET /session/eaa3a9ed-44da-4b3a-8e50-cfb1652922d7/element/00000000-0000-0185-ffff-ffff00000099/text] to [GET http://127.0.0.1:8201/session/4c6f0183-f4d5-4b10-a2bf-b147e1eb06af/element/00000000-0000-0185-ffff-ffff00000099/text] with no body
[debug] &amp#27;[38;5;32m[AndroidUiautomator2Driver@a315 (eaa3a9ed)]&amp#27;[0m Got response with status 200: {"sessionId":"4c6f0183-f4d5-4b10-a2bf-b147e1eb06af","value":"Jordan 6 Rings"}
&amp#27;[38;5;32m[AndroidUiautomator2Driver@a315 (eaa3a9ed)]&amp#27;[0m Replacing sessionId 4c6f0183-f4d5-4b10-a2bf-b147e1eb06af with eaa3a9ed-44da-4b3a-8e50-cfb1652922d7
&amp#27;[38;5;0m[HTTP]&amp#27;[0m &amp#27;[37m<-- GET /session/eaa3a9ed-44da-4b3a-8e50-cfb1652922d7/element/00000000-0000-0185-ffff-ffff00000099/text &amp#27;[39m&amp#27;[32m200&amp#27;[39m &amp#27;[90m8 ms - 77&amp#27;[39m
&amp#27;[38;5;0m[HTTP]&amp#27;[0m &amp#27;[90m&amp#27;[39m
]]></system-out>
  </testcase>
  <testcase name="sumOfcartProducts" classname="generalStore.ECommerceTest_02" time="35.015">
    <system-out><![CDATA[&amp#27;[38;5;0m[HTTP]&amp#27;[0m &amp#27;[37m-->&amp#27;[39m &amp#27;[37mDELETE&amp#27;[39m &amp#27;[37m/session/eaa3a9ed-44da-4b3a-8e50-cfb1652922d7&amp#27;[39m
&amp#27;[38;5;0m[HTTP]&amp#27;[0m &amp#27;[90m{}&amp#27;[39m
[debug] &amp#27;[38;5;32m[AndroidUiautomator2Driver@a315 (eaa3a9ed)]&amp#27;[0m Calling AppiumDriver.deleteSession() with args: ["eaa3a9ed-44da-4b3a-8e50-cfb1652922d7"]
[debug] &amp#27;[38;5;16m[AppiumDriver@3b8b]&amp#27;[0m Event 'quitSessionRequested' logged at 1676269707693 (11:58:27 GMT+0530 (India Standard Time))
&amp#27;[38;5;16m[AppiumDriver@3b8b]&amp#27;[0m Removing session eaa3a9ed-44da-4b3a-8e50-cfb1652922d7 from our master session list
[debug] &amp#27;[38;5;32m[AndroidUiautomator2Driver@a315 (eaa3a9ed)]&amp#27;[0m Deleting UiAutomator2 session
[debug] &amp#27;[38;5;32m[AndroidUiautomator2Driver@a315 (eaa3a9ed)]&amp#27;[0m Deleting UiAutomator2 server session
[debug] &amp#27;[38;5;32m[AndroidUiautomator2Driver@a315 (eaa3a9ed)]&amp#27;[0m Matched '/' to command name 'deleteSession'
[debug] &amp#27;[38;5;32m[AndroidUiautomator2Driver@a315 (eaa3a9ed)]&amp#27;[0m Proxying [DELETE /] to [DELETE http://127.0.0.1:8201/session/4c6f0183-f4d5-4b10-a2bf-b147e1eb06af] with no body
[debug] &amp#27;[38;5;32m[AndroidUiautomator2Driver@a315 (eaa3a9ed)]&amp#27;[0m Got response with status 200: {"sessionId":"4c6f0183-f4d5-4b10-a2bf-b147e1eb06af","value":null}
[debug] &amp#27;[38;5;64m[ADB]&amp#27;[0m Running 'C:\Users\rrajput\AppData\Local\Android\Sdk\platform-tools\adb.exe -P 5037 -s emulator-5554 shell dumpsys activity services io.appium.settings/.recorder.RecorderService'
[debug] &amp#27;[38;5;64m[ADB]&amp#27;[0m Running 'C:\Users\rrajput\AppData\Local\Android\Sdk\platform-tools\adb.exe -P 5037 -s emulator-5554 shell am force-stop com.androidsample.generalstore'
[debug] &amp#27;[38;5;96m[Logcat]&amp#27;[0m Stopping logcat capture
[debug] &amp#27;[38;5;64m[ADB]&amp#27;[0m Removing forwarded port socket connection: 8201 
[debug] &amp#27;[38;5;64m[ADB]&amp#27;[0m Running 'C:\Users\rrajput\AppData\Local\Android\Sdk\platform-tools\adb.exe -P 5037 -s emulator-5554 forward --remove tcp:8201'
&amp#27;[38;5;32m[AndroidUiautomator2Driver@a315 (eaa3a9ed)]&amp#27;[0m Restoring hidden api policy to the device default configuration
[debug] &amp#27;[38;5;64m[ADB]&amp#27;[0m Running 'C:\Users\rrajput\AppData\Local\Android\Sdk\platform-tools\adb.exe -P 5037 -s emulator-5554 shell 'settings delete global hidden_api_policy_pre_p_apps;settings delete global hidden_api_policy_p_apps;settings delete global hidden_api_policy''
[debug] &amp#27;[38;5;16m[AppiumDriver@3b8b]&amp#27;[0m Event 'quitSessionFinished' logged at 1676269708298 (11:58:28 GMT+0530 (India Standard Time))
[debug] &amp#27;[38;5;16m[AppiumDriver@3b8b]&amp#27;[0m Received response: null
[debug] &amp#27;[38;5;16m[AppiumDriver@3b8b]&amp#27;[0m But deleting session, so not returning
[debug] &amp#27;[38;5;16m[AppiumDriver@3b8b]&amp#27;[0m Responding to client with driver.deleteSession() result: null
&amp#27;[38;5;0m[HTTP]&amp#27;[0m &amp#27;[37m<-- DELETE /session/eaa3a9ed-44da-4b3a-8e50-cfb1652922d7 &amp#27;[39m&amp#27;[32m200&amp#27;[39m &amp#27;[90m607 ms - 14&amp#27;[39m
&amp#27;[38;5;0m[HTTP]&amp#27;[0m &amp#27;[90m&amp#27;[39m
&amp#27;[38;5;0m[HTTP]&amp#27;[0m &amp#27;[37m-->&amp#27;[39m &amp#27;[37mGET&amp#27;[39m &amp#27;[37m/status&amp#27;[39m
&amp#27;[38;5;0m[HTTP]&amp#27;[0m &amp#27;[90m{}&amp#27;[39m
[debug] &amp#27;[38;5;16m[AppiumDriver@3b8b]&amp#27;[0m Calling AppiumDriver.getStatus() with args: []
[debug] &amp#27;[38;5;16m[AppiumDriver@3b8b]&amp#27;[0m Responding to client with driver.getStatus() result: {"build":{"version":"2.0.0-beta.48"}}
&amp#27;[38;5;0m[HTTP]&amp#27;[0m &amp#27;[37m<-- GET /status &amp#27;[39m&amp#27;[32m200&amp#27;[39m &amp#27;[90m1 ms - 47&amp#27;[39m
&amp#27;[38;5;0m[HTTP]&amp#27;[0m &amp#27;[90m&amp#27;[39m
[debug] &amp#27;[38;5;0m[HTTP]&amp#27;[0m Request idempotency key: 510ce2db-69ff-4488-a202-8aae0a7d19c0
&amp#27;[38;5;0m[HTTP]&amp#27;[0m &amp#27;[37m-->&amp#27;[39m &amp#27;[37mPOST&amp#27;[39m &amp#27;[37m/session&amp#27;[39m
&amp#27;[38;5;0m[HTTP]&amp#27;[0m &amp#27;[90m{"capabilities":{"firstMatch":[{}],"alwaysMatch":{"appium:app":"C:\\Users\\rrajput\\eclipse-workspace\\excelAppiumAutomationFramework\\src\\main\\java\\Tools and Drivers\\General-Store.apk","appium:automationName":"UIAutomator2","appium:chromedriverExecutable":"C:\\Users\\rrajput\\eclipse-workspace\\excelAppiumAutomationFramework\\src\\main\\java\\Tools and Drivers\\chromedriver.exe","appium:deviceName":"Nexus 5X","platformName":"android"}}}&amp#27;[39m
[debug] &amp#27;[38;5;16m[AppiumDriver@3b8b]&amp#27;[0m Calling AppiumDriver.createSession() with args: [null,null,{"firstMatch":[{}],"alwaysMatch":{"appium:app":"C:\\Users\\rrajput\\eclipse-workspace\\excelAppiumAutomationFramework\\src\\main\\java\\Tools and Drivers\\General-Store.apk","appium:automationName":"UIAutomator2","appium:chromedriverExecutable":"C:\\Users\\rrajput\\eclipse-workspace\\excelAppiumAutomationFramework\\src\\main\\java\\Tools and Drivers\\chromedriver.exe","appium:deviceName":"Nexus 5X","platformName":"android"}}]
[debug] &amp#27;[38;5;16m[AppiumDriver@3b8b]&amp#27;[0m Event 'newSessionRequested' logged at 1676269708324 (11:58:28 GMT+0530 (India Standard Time))
&amp#27;[35m[Appium]&amp#27;[39m Attempting to find matching driver for automationName 'UIAutomator2' and platformName 'android'
&amp#27;[35m[Appium]&amp#27;[39m The 'uiautomator2' driver was installed and matched caps.
&amp#27;[35m[Appium]&amp#27;[39m Will require it at C:\Users\rrajput\.appium\node_modules\appium-uiautomator2-driver
[debug] &amp#27;[35m[Appium]&amp#27;[39m Requiring driver at C:\Users\rrajput\.appium\node_modules\appium-uiautomator2-driver
&amp#27;[38;5;16m[AppiumDriver@3b8b]&amp#27;[0m Appium v2.0.0-beta.48 creating new AndroidUiautomator2Driver (v2.12.1) session
&amp#27;[38;5;16m[AppiumDriver@3b8b]&amp#27;[0m Checking BaseDriver versions for Appium and AndroidUiautomator2Driver
&amp#27;[38;5;16m[AppiumDriver@3b8b]&amp#27;[0m Appium's BaseDriver version is 9.1.0
&amp#27;[38;5;16m[AppiumDriver@3b8b]&amp#27;[0m AndroidUiautomator2Driver's BaseDriver version is 9.1.0
[debug] &amp#27;[38;5;32m[AndroidUiautomator2Driver@f3ed]&amp#27;[0m Creating session with W3C capabilities: {
[debug] &amp#27;[38;5;32m[AndroidUiautomator2Driver@f3ed]&amp#27;[0m   "alwaysMatch": {
[debug] &amp#27;[38;5;32m[AndroidUiautomator2Driver@f3ed]&amp#27;[0m     "platformName": "android",
[debug] &amp#27;[38;5;32m[AndroidUiautomator2Driver@f3ed]&amp#27;[0m     "appium:app": "C:\\Users\\rrajput\\eclipse-workspace\\excelAppiumAutomationFramework\\src\\main\\java\\Tools and Drivers\\General-Store.apk",
[debug] &amp#27;[38;5;32m[AndroidUiautomator2Driver@f3ed]&amp#27;[0m     "appium:automationName": "UIAutomator2",
[debug] &amp#27;[38;5;32m[AndroidUiautomator2Driver@f3ed]&amp#27;[0m     "appium:chromedriverExecutable": "C:\\Users\\rrajput\\eclipse-workspace\\excelAppiumAutomationFramework\\src\\main\\java\\Tools and Drivers\\chromedriver.exe",
[debug] &amp#27;[38;5;32m[AndroidUiautomator2Driver@f3ed]&amp#27;[0m     "appium:deviceName": "Nexus 5X"
[debug] &amp#27;[38;5;32m[AndroidUiautomator2Driver@f3ed]&amp#27;[0m   },
[debug] &amp#27;[38;5;32m[AndroidUiautomator2Driver@f3ed]&amp#27;[0m   "firstMatch": [
[debug] &amp#27;[38;5;32m[AndroidUiautomator2Driver@f3ed]&amp#27;[0m     {}
[debug] &amp#27;[38;5;32m[AndroidUiautomator2Driver@f3ed]&amp#27;[0m   ]
[debug] &amp#27;[38;5;32m[AndroidUiautomator2Driver@f3ed]&amp#27;[0m }
&amp#27;[38;5;32m[AndroidUiautomator2Driver@f3ed (ba342f14)]&amp#27;[0m Session created with session id: ba342f14-b060-4fa8-99d6-6da487a0df9c
&amp#27;[38;5;48m[BaseDriver]&amp#27;[0m Using local app 'C:\Users\rrajput\eclipse-workspace\excelAppiumAutomationFramework\src\main\java\Tools and Drivers\General-Store.apk'
[debug] &amp#27;[38;5;32m[AndroidUiautomator2Driver@f3ed (ba342f14)]&amp#27;[0m Checking whether app is actually present
&amp#27;[38;5;64m[ADB]&amp#27;[0m Using 'adb.exe' from 'C:\Users\rrajput\AppData\Local\Android\Sdk\platform-tools\adb.exe'
[debug] &amp#27;[38;5;64m[ADB]&amp#27;[0m Running 'C:\Users\rrajput\AppData\Local\Android\Sdk\platform-tools\adb.exe -P 5037 start-server'
[debug] &amp#27;[38;5;112m[Instrumentation]&amp#27;[0m .
[debug] &amp#27;[38;5;112m[Instrumentation]&amp#27;[0m Time: 22.041
[debug] &amp#27;[38;5;112m[Instrumentation]&amp#27;[0m 
[debug] &amp#27;[38;5;112m[Instrumentation]&amp#27;[0m OK (1 test)
&amp#27;[38;5;80m[AndroidDriver]&amp#27;[0m Retrieving device list
[debug] &amp#27;[38;5;64m[ADB]&amp#27;[0m Trying to find a connected android device
[debug] &amp#27;[38;5;64m[ADB]&amp#27;[0m Getting connected devices
[debug] &amp#27;[38;5;64m[ADB]&amp#27;[0m Connected devices: [{"udid":"emulator-5554","state":"device"}]
&amp#27;[38;5;80m[AndroidDriver]&amp#27;[0m Using device: emulator-5554
&amp#27;[38;5;64m[ADB]&amp#27;[0m Using 'adb.exe' from 'C:\Users\rrajput\AppData\Local\Android\Sdk\platform-tools\adb.exe'
[debug] &amp#27;[38;5;64m[ADB]&amp#27;[0m Running 'C:\Users\rrajput\AppData\Local\Android\Sdk\platform-tools\adb.exe -P 5037 start-server'
[debug] &amp#27;[38;5;64m[ADB]&amp#27;[0m Setting device id to emulator-5554
[debug] &amp#27;[38;5;64m[ADB]&amp#27;[0m Running 'C:\Users\rrajput\AppData\Local\Android\Sdk\platform-tools\adb.exe -P 5037 -s emulator-5554 shell getprop ro.build.version.sdk'
[debug] &amp#27;[38;5;112m[Instrumentation]&amp#27;[0m The process has exited with code 0
[debug] &amp#27;[38;5;64m[ADB]&amp#27;[0m Current device property 'ro.build.version.sdk': 30
&amp#27;[38;5;64m[ADB]&amp#27;[0m Getting device platform version
[debug] &amp#27;[38;5;64m[ADB]&amp#27;[0m Running 'C:\Users\rrajput\AppData\Local\Android\Sdk\platform-tools\adb.exe -P 5037 -s emulator-5554 shell getprop ro.build.version.release'
[debug] &amp#27;[38;5;64m[ADB]&amp#27;[0m Current device property 'ro.build.version.release': 11
[debug] &amp#27;[38;5;64m[ADB]&amp#27;[0m Device API level: 30
&amp#27;[38;5;32m[AndroidUiautomator2Driver@f3ed (ba342f14)]&amp#27;[0m Relaxing hidden api policy
[debug] &amp#27;[38;5;64m[ADB]&amp#27;[0m Running 'C:\Users\rrajput\AppData\Local\Android\Sdk\platform-tools\adb.exe -P 5037 -s emulator-5554 shell 'settings put global hidden_api_policy_pre_p_apps 1;settings put global hidden_api_policy_p_apps 1;settings put global hidden_api_policy 1''
[debug] &amp#27;[38;5;80m[AndroidDriver]&amp#27;[0m Parsing package and activity from app manifest
&amp#27;[38;5;64m[ADB]&amp#27;[0m Package name: 'com.androidsample.generalstore'
&amp#27;[38;5;64m[ADB]&amp#27;[0m Main activity name: 'com.androidsample.generalstore.SplashActivity'
[debug] &amp#27;[38;5;80m[AndroidDriver]&amp#27;[0m Parsed package and activity are: com.androidsample.generalstore/com.androidsample.generalstore.SplashActivity
[debug] &amp#27;[38;5;64m[ADB]&amp#27;[0m Running 'C:\Users\rrajput\AppData\Local\Android\Sdk\platform-tools\adb.exe -P 5037 -s emulator-5554 wait-for-device'
[debug] &amp#27;[38;5;64m[ADB]&amp#27;[0m Running 'C:\Users\rrajput\AppData\Local\Android\Sdk\platform-tools\adb.exe -P 5037 -s emulator-5554 shell echo ping'
[debug] &amp#27;[38;5;80m[AndroidDriver]&amp#27;[0m Pushing settings apk to device...
[debug] &amp#27;[38;5;64m[ADB]&amp#27;[0m Getting install status for io.appium.settings
[debug] &amp#27;[38;5;64m[ADB]&amp#27;[0m Running 'C:\Users\rrajput\AppData\Local\Android\Sdk\platform-tools\adb.exe -P 5037 -s emulator-5554 shell dumpsys package io.appium.settings'
[debug] &amp#27;[38;5;64m[ADB]&amp#27;[0m 'io.appium.settings' is installed
[debug] &amp#27;[38;5;64m[ADB]&amp#27;[0m Getting package info for 'io.appium.settings'
[debug] &amp#27;[38;5;64m[ADB]&amp#27;[0m Running 'C:\Users\rrajput\AppData\Local\Android\Sdk\platform-tools\adb.exe -P 5037 -s emulator-5554 shell dumpsys package io.appium.settings'
[debug] &amp#27;[38;5;64m[ADB]&amp#27;[0m The version name of the installed 'io.appium.settings' is greater or equal to the application version name ('5.0.0' >= '5.0.0')
[debug] &amp#27;[38;5;64m[ADB]&amp#27;[0m There is no need to install/upgrade 'C:\Users\rrajput\.appium\node_modules\appium-uiautomator2-driver\node_modules\io.appium.settings\apks\settings_apk-debug.apk'
[debug] &amp#27;[38;5;64m[ADB]&amp#27;[0m Getting IDs of all 'io.appium.settings' processes
[debug] &amp#27;[38;5;64m[ADB]&amp#27;[0m Running 'C:\Users\rrajput\AppData\Local\Android\Sdk\platform-tools\adb.exe -P 5037 -s emulator-5554 shell 'pgrep --help; echo $?''
[debug] &amp#27;[38;5;64m[ADB]&amp#27;[0m Running 'C:\Users\rrajput\AppData\Local\Android\Sdk\platform-tools\adb.exe -P 5037 -s emulator-5554 shell pgrep -f \(\[\[:blank:\]\]\|\^\)io\.appium\.settings\(\[\[:blank:\]\]\|\$\)'
[debug] &amp#27;[38;5;80m[AndroidDriver]&amp#27;[0m io.appium.settings is already running. There is no need to reset its permissions.
[debug] &amp#27;[38;5;96m[Logcat]&amp#27;[0m Starting logs capture with command: C:\\Users\\rrajput\\AppData\\Local\\Android\\Sdk\\platform-tools\\adb.exe -P 5037 -s emulator-5554 logcat -v threadtime
[debug] &amp#27;[38;5;32m[AndroidUiautomator2Driver@f3ed (ba342f14)]&amp#27;[0m Forwarding UiAutomator2 Server port 6790 to local port 8201
[debug] &amp#27;[38;5;64m[ADB]&amp#27;[0m Forwarding system: 8201 to device: 6790
[debug] &amp#27;[38;5;64m[ADB]&amp#27;[0m Running 'C:\Users\rrajput\AppData\Local\Android\Sdk\platform-tools\adb.exe -P 5037 -s emulator-5554 forward tcp:8201 tcp:6790'
[debug] &amp#27;[38;5;64m[ADB]&amp#27;[0m Getting install status for io.appium.uiautomator2.server
[debug] &amp#27;[38;5;64m[ADB]&amp#27;[0m Running 'C:\Users\rrajput\AppData\Local\Android\Sdk\platform-tools\adb.exe -P 5037 -s emulator-5554 shell dumpsys package io.appium.uiautomator2.server'
[debug] &amp#27;[38;5;64m[ADB]&amp#27;[0m 'io.appium.uiautomator2.server' is installed
[debug] &amp#27;[38;5;64m[ADB]&amp#27;[0m Getting package info for 'io.appium.uiautomator2.server'
[debug] &amp#27;[38;5;64m[ADB]&amp#27;[0m Running 'C:\Users\rrajput\AppData\Local\Android\Sdk\platform-tools\adb.exe -P 5037 -s emulator-5554 shell dumpsys package io.appium.uiautomator2.server'
[debug] &amp#27;[38;5;64m[ADB]&amp#27;[0m The version name of the installed 'io.appium.uiautomator2.server' is greater or equal to the application version name ('5.7.6' >= '5.7.6')
[debug] &amp#27;[38;5;32m[AndroidUiautomator2Driver@f3ed (ba342f14)]&amp#27;[0m io.appium.uiautomator2.server installation state: sameVersionInstalled
[debug] &amp#27;[38;5;64m[ADB]&amp#27;[0m Checking app cert for C:\Users\rrajput\.appium\node_modules\appium-uiautomator2-driver\node_modules\appium-uiautomator2-server\apks\appium-uiautomator2-server-v5.7.6.apk
[debug] &amp#27;[38;5;64m[ADB]&amp#27;[0m Using the previously cached signature entry for 'appium-uiautomator2-server-v5.7.6.apk'
[debug] &amp#27;[38;5;64m[ADB]&amp#27;[0m sha256 hash did match for 'appium-uiautomator2-server-v5.7.6.apk'
[debug] &amp#27;[38;5;64m[ADB]&amp#27;[0m Getting install status for io.appium.uiautomator2.server.test
[debug] &amp#27;[38;5;64m[ADB]&amp#27;[0m Running 'C:\Users\rrajput\AppData\Local\Android\Sdk\platform-tools\adb.exe -P 5037 -s emulator-5554 shell dumpsys package io.appium.uiautomator2.server.test'
[debug] &amp#27;[38;5;64m[ADB]&amp#27;[0m 'io.appium.uiautomator2.server.test' is installed
[debug] &amp#27;[38;5;64m[ADB]&amp#27;[0m Checking app cert for C:\Users\rrajput\.appium\node_modules\appium-uiautomator2-driver\node_modules\appium-uiautomator2-server\apks\appium-uiautomator2-server-debug-androidTest.apk
[debug] &amp#27;[38;5;64m[ADB]&amp#27;[0m Using the previously cached signature entry for 'appium-uiautomator2-server-debug-androidTest.apk'
[debug] &amp#27;[38;5;64m[ADB]&amp#27;[0m sha256 hash did match for 'appium-uiautomator2-server-debug-androidTest.apk'
&amp#27;[38;5;32m[AndroidUiautomator2Driver@f3ed (ba342f14)]&amp#27;[0m Server packages are not going to be (re)installed
[debug] &amp#27;[38;5;32m[AndroidUiautomator2Driver@f3ed (ba342f14)]&amp#27;[0m Waiting up to 30000ms for services to be available
[debug] &amp#27;[38;5;64m[ADB]&amp#27;[0m Running 'C:\Users\rrajput\AppData\Local\Android\Sdk\platform-tools\adb.exe -P 5037 -s emulator-5554 shell pm list instrumentation'
[debug] &amp#27;[38;5;32m[AndroidUiautomator2Driver@f3ed (ba342f14)]&amp#27;[0m Instrumentation target 'io.appium.uiautomator2.server.test/androidx.test.runner.AndroidJUnitRunner' is available
&amp#27;[38;5;64m[ADB]&amp#27;[0m Adding packages ["io.appium.settings","io.appium.uiautomator2.server","io.appium.uiautomator2.server.test"] to Doze whitelist
[debug] &amp#27;[38;5;64m[ADB]&amp#27;[0m Got the following command chunks to execute: [["dumpsys","deviceidle","whitelist","+io.appium.settings",";","dumpsys","deviceidle","whitelist","+io.appium.uiautomator2.server",";","dumpsys","deviceidle","whitelist","+io.appium.uiautomator2.server.test",";"]]
[debug] &amp#27;[38;5;64m[ADB]&amp#27;[0m Running 'C:\Users\rrajput\AppData\Local\Android\Sdk\platform-tools\adb.exe -P 5037 -s emulator-5554 shell dumpsys deviceidle whitelist +io.appium.settings ; dumpsys deviceidle whitelist +io.appium.uiautomator2.server ; dumpsys deviceidle whitelist +io.appium.uiautomator2.server.test ;'
[debug] &amp#27;[38;5;64m[ADB]&amp#27;[0m Checking app cert for C:\Users\rrajput\eclipse-workspace\excelAppiumAutomationFramework\src\main\java\Tools and Drivers\General-Store.apk
[debug] &amp#27;[38;5;64m[ADB]&amp#27;[0m Using the previously cached signature entry for 'General-Store.apk'
[debug] &amp#27;[38;5;64m[ADB]&amp#27;[0m Getting install status for com.androidsample.generalstore
[debug] &amp#27;[38;5;64m[ADB]&amp#27;[0m Running 'C:\Users\rrajput\AppData\Local\Android\Sdk\platform-tools\adb.exe -P 5037 -s emulator-5554 shell dumpsys package com.androidsample.generalstore'
[debug] &amp#27;[38;5;64m[ADB]&amp#27;[0m 'com.androidsample.generalstore' is installed
[debug] &amp#27;[38;5;64m[ADB]&amp#27;[0m Getting package info for 'com.androidsample.generalstore'
[debug] &amp#27;[38;5;64m[ADB]&amp#27;[0m Running 'C:\Users\rrajput\AppData\Local\Android\Sdk\platform-tools\adb.exe -P 5037 -s emulator-5554 shell dumpsys package com.androidsample.generalstore'
[debug] &amp#27;[38;5;64m[ADB]&amp#27;[0m The version name of the installed 'com.androidsample.generalstore' is greater or equal to the application version name ('1.0.0' >= '1.0.0')
[debug] &amp#27;[38;5;64m[ADB]&amp#27;[0m There is no need to install/upgrade 'C:\Users\rrajput\eclipse-workspace\excelAppiumAutomationFramework\src\main\java\Tools and Drivers\General-Store.apk'
&amp#27;[38;5;80m[AndroidDriver]&amp#27;[0m Performing fast reset on 'com.androidsample.generalstore'
[debug] &amp#27;[38;5;64m[ADB]&amp#27;[0m Getting install status for com.androidsample.generalstore
[debug] &amp#27;[38;5;64m[ADB]&amp#27;[0m Running 'C:\Users\rrajput\AppData\Local\Android\Sdk\platform-tools\adb.exe -P 5037 -s emulator-5554 shell dumpsys package com.androidsample.generalstore'
[debug] &amp#27;[38;5;64m[ADB]&amp#27;[0m 'com.androidsample.generalstore' is installed
[debug] &amp#27;[38;5;64m[ADB]&amp#27;[0m Running 'C:\Users\rrajput\AppData\Local\Android\Sdk\platform-tools\adb.exe -P 5037 -s emulator-5554 shell am force-stop com.androidsample.generalstore'
[debug] &amp#27;[38;5;64m[ADB]&amp#27;[0m Running 'C:\Users\rrajput\AppData\Local\Android\Sdk\platform-tools\adb.exe -P 5037 -s emulator-5554 shell pm clear com.androidsample.generalstore'
[debug] &amp#27;[38;5;80m[AndroidDriver]&amp#27;[0m Performed fast reset on the installed 'com.androidsample.generalstore' application (stop and clear)
[debug] &amp#27;[38;5;32m[AndroidUiautomator2Driver@f3ed (ba342f14)]&amp#27;[0m Performing shallow cleanup of automation leftovers
[debug] &amp#27;[38;5;32m[AndroidUiautomator2Driver@f3ed (ba342f14)]&amp#27;[0m No obsolete sessions have been detected (socket hang up)
[debug] &amp#27;[38;5;64m[ADB]&amp#27;[0m Running 'C:\Users\rrajput\AppData\Local\Android\Sdk\platform-tools\adb.exe -P 5037 -s emulator-5554 shell am force-stop io.appium.uiautomator2.server.test'
&amp#27;[38;5;32m[AndroidUiautomator2Driver@f3ed (ba342f14)]&amp#27;[0m Starting UIAutomator2 server 5.7.6
&amp#27;[38;5;32m[AndroidUiautomator2Driver@f3ed (ba342f14)]&amp#27;[0m Using UIAutomator2 server from 'C:\Users\rrajput\.appium\node_modules\appium-uiautomator2-driver\node_modules\appium-uiautomator2-server\apks\appium-uiautomator2-server-v5.7.6.apk' and test from 'C:\Users\rrajput\.appium\node_modules\appium-uiautomator2-driver\node_modules\appium-uiautomator2-server\apks\appium-uiautomator2-server-debug-androidTest.apk'
&amp#27;[38;5;32m[AndroidUiautomator2Driver@f3ed (ba342f14)]&amp#27;[0m Waiting up to 30000ms for UiAutomator2 to be online...
[debug] &amp#27;[38;5;64m[ADB]&amp#27;[0m Creating ADB subprocess with args: ["-P",5037,"-s","emulator-5554","shell","am","instrument","-w","-e","disableAnalytics",true,"io.appium.uiautomator2.server.test/androidx.test.runner.AndroidJUnitRunner"]
[debug] &amp#27;[38;5;32m[AndroidUiautomator2Driver@f3ed (ba342f14)]&amp#27;[0m Matched '/status' to command name 'getStatus'
[debug] &amp#27;[38;5;32m[AndroidUiautomator2Driver@f3ed (ba342f14)]&amp#27;[0m Proxying [GET /status] to [GET http://127.0.0.1:8201/status] with no body
&amp#27;[38;5;32m[AndroidUiautomator2Driver@f3ed (ba342f14)]&amp#27;[0m socket hang up
[debug] &amp#27;[38;5;112m[Instrumentation]&amp#27;[0m io.appium.uiautomator2.server.test.AppiumUiAutomator2Server:
[debug] &amp#27;[38;5;32m[AndroidUiautomator2Driver@f3ed (ba342f14)]&amp#27;[0m Matched '/status' to command name 'getStatus'
[debug] &amp#27;[38;5;32m[AndroidUiautomator2Driver@f3ed (ba342f14)]&amp#27;[0m Proxying [GET /status] to [GET http://127.0.0.1:8201/status] with no body
&amp#27;[38;5;32m[AndroidUiautomator2Driver@f3ed (ba342f14)]&amp#27;[0m socket hang up
[debug] &amp#27;[38;5;32m[AndroidUiautomator2Driver@f3ed (ba342f14)]&amp#27;[0m Matched '/status' to command name 'getStatus'
[debug] &amp#27;[38;5;32m[AndroidUiautomator2Driver@f3ed (ba342f14)]&amp#27;[0m Proxying [GET /status] to [GET http://127.0.0.1:8201/status] with no body
[debug] &amp#27;[38;5;32m[AndroidUiautomator2Driver@f3ed (ba342f14)]&amp#27;[0m Got response with status 200: {"sessionId":"None","value":{"message":"UiAutomator2 Server is ready to accept commands","ready":true}}
[debug] &amp#27;[38;5;32m[AndroidUiautomator2Driver@f3ed (ba342f14)]&amp#27;[0m The initialization of the instrumentation process took 2107ms
[debug] &amp#27;[38;5;32m[AndroidUiautomator2Driver@f3ed (ba342f14)]&amp#27;[0m Matched '/session' to command name 'createSession'
[debug] &amp#27;[38;5;32m[AndroidUiautomator2Driver@f3ed (ba342f14)]&amp#27;[0m Proxying [POST /session] to [POST http://127.0.0.1:8201/session] with body: {"capabilities":{"firstMatch":[{"platform":"LINUX","webStorageEnabled":false,"takesScreenshot":true,"javascriptEnabled":true,"databaseEnabled":false,"networkConnectionEnabled":true,"locationContextEnabled":false,"warnings":{},"desired":{"platformName":"android","app":"C:\\Users\\rrajput\\eclipse-workspace\\excelAppiumAutomationFramework\\src\\main\\java\\Tools and Drivers\\General-Store.apk","automationName":"UIAutomator2","chromedriverExecutable":"C:\\Users\\rrajput\\eclipse-workspace\\excelAppiumAutomationFramework\\src\\main\\java\\Tools and Drivers\\chromedriver.exe","deviceName":"Nexus 5X"},"platformName":"android","app":"C:\\Users\\rrajput\\eclipse-workspace\\excelAppiumAutomationFramework\\src\\main\\java\\Tools and Drivers\\General-Store.apk","automationName":"UIAutomator2","chromedriverExecutable":"C:\\Users\\rrajput\\eclipse-workspace\\excelAppiumAutomationFramework\\src\\main\\java\\Tools and Drivers\\chromedriver.exe","deviceName":"emulator-5554","deviceUDID":"emulator-5554","appPackage":"com.a...
[debug] &amp#27;[38;5;32m[AndroidUiautomator2Driver@f3ed (ba342f14)]&amp#27;[0m Got response with status 200: {"sessionId":"42587273-df18-4b7e-abb3-e62a65656c5c","value":{"capabilities":{"firstMatch":[{"platform":"LINUX","webStorageEnabled":false,"takesScreenshot":true,"javascriptEnabled":true,"databaseEnabled":false,"networkConnectionEnabled":true,"locationContextEnabled":false,"warnings":{},"desired":{"platformName":"android","app":"C:\\Users\\rrajput\\eclipse-workspace\\excelAppiumAutomationFramework\\src\\main\\java\\Tools and Drivers\\General-Store.apk","automationName":"UIAutomator2","chromedriverExecutable":"C:\\Users\\rrajput\\eclipse-workspace\\excelAppiumAutomationFramework\\src\\main\\java\\Tools and Drivers\\chromedriver.exe","deviceName":"Nexus 5X"},"platformName":"android","app":"C:\\Users\\rrajput\\eclipse-workspace\\excelAppiumAutomationFramework\\src\\main\\java\\Tools and Drivers\\General-Store.apk","automationName":"UIAutomator2","chromedriverExecutable":"C:\\Users\\rrajput\\eclipse-workspace\\excelAppiumAutomationFramework\\src\\main\\java\\Tools and Drivers\\chromedriver.exe","deviceName":"emu...
&amp#27;[38;5;32m[AndroidUiautomator2Driver@f3ed (ba342f14)]&amp#27;[0m Determined the downstream protocol as 'W3C'
[debug] &amp#27;[38;5;32m[AndroidUiautomator2Driver@f3ed (ba342f14)]&amp#27;[0m Proxying [GET /appium/device/info] to [GET http://127.0.0.1:8201/session/42587273-df18-4b7e-abb3-e62a65656c5c/appium/device/info] with no body
[debug] &amp#27;[38;5;32m[AndroidUiautomator2Driver@f3ed (ba342f14)]&amp#27;[0m Got response with status 200: {"sessionId":"42587273-df18-4b7e-abb3-e62a65656c5c","value":{"androidId":"6a379f7d82fd96bf","apiVersion":"30","bluetooth":{"state":"ON"},"brand":"google","carrierName":"Android","displayDensity":420,"locale":"en_US","manufacturer":"Google","model":"sdk_gphone_x86","networks":[{"capabilities":{"SSID":null,"linkDownBandwidthKbps":141000,"linkUpstreamBandwidthKbps":141000,"networkCapabilities":"NET_CAPABILITY_NOT_METERED,NET_CAPABILITY_INTERNET,NET_CAPABILITY_NOT_RESTRICTED,NET_CAPABILITY_TRUSTED,NET_CAPABILITY_NOT_VPN,NET_CAPABILITY_VALIDATED,NET_CAPABILITY_NOT_ROAMING,NET_CAPABILITY_FOREGROUND,NET_CAPABILITY_NOT_CONGESTED,NET_CAPABILITY_NOT_SUSPENDED","signalStrength":-30,"transportTypes":"TRANSPORT_WIFI"},"detailedState":"CONNECTED","extraInfo":"","isAvailable":true,"isConnected":true,"isFailover":false,"isRoaming":false,"state":"CONNECTED","subtype":0,"subtypeName":"","type":1,"typeName":"WIFI"},{"capabilities":{"SSID":null,"linkDownBandwidthKbps":30000,"linkUpstreamBandwidthKbps":15000,"networkCapabiliti...
[debug] &amp#27;[38;5;64m[ADB]&amp#27;[0m Running 'C:\Users\rrajput\AppData\Local\Android\Sdk\platform-tools\adb.exe -P 5037 -s emulator-5554 shell dumpsys window'
&amp#27;[38;5;80m[AndroidDriver]&amp#27;[0m Screen already unlocked, doing nothing
&amp#27;[38;5;32m[AndroidUiautomator2Driver@f3ed (ba342f14)]&amp#27;[0m Starting 'com.androidsample.generalstore/com.androidsample.generalstore.SplashActivity and waiting for 'com.androidsample.generalstore/com.androidsample.generalstore.SplashActivity'
[debug] &amp#27;[38;5;64m[ADB]&amp#27;[0m Running 'C:\Users\rrajput\AppData\Local\Android\Sdk\platform-tools\adb.exe -P 5037 -s emulator-5554 shell am start -W -n com.androidsample.generalstore/com.androidsample.generalstore.SplashActivity -S -a android.intent.action.MAIN -c android.intent.category.LAUNCHER -f 0x10200000'
[debug] &amp#27;[38;5;64m[ADB]&amp#27;[0m Waiting up to 20000ms for activity matching pkg: 'com.androidsample.generalstore' and activity: 'com.androidsample.generalstore.SplashActivity' to be focused
[debug] &amp#27;[38;5;64m[ADB]&amp#27;[0m Possible activities, to be checked: 'com.androidsample.generalstore.SplashActivity', 'com.androidsample.generalstore.com.androidsample.generalstore.SplashActivity'
[debug] &amp#27;[38;5;64m[ADB]&amp#27;[0m Getting focused package and activity
[debug] &amp#27;[38;5;64m[ADB]&amp#27;[0m Running 'C:\Users\rrajput\AppData\Local\Android\Sdk\platform-tools\adb.exe -P 5037 -s emulator-5554 shell dumpsys window displays'
[debug] &amp#27;[38;5;64m[ADB]&amp#27;[0m Found package: 'com.androidsample.generalstore' and fully qualified activity name : 'com.androidsample.generalstore.SplashActivity'
[debug] &amp#27;[38;5;32m[AndroidUiautomator2Driver@f3ed (ba342f14)]&amp#27;[0m Proxying [GET /appium/device/pixel_ratio] to [GET http://127.0.0.1:8201/session/42587273-df18-4b7e-abb3-e62a65656c5c/appium/device/pixel_ratio] with no body
[debug] &amp#27;[38;5;32m[AndroidUiautomator2Driver@f3ed (ba342f14)]&amp#27;[0m Got response with status 200: {"sessionId":"42587273-df18-4b7e-abb3-e62a65656c5c","value":2.625}
[debug] &amp#27;[38;5;32m[AndroidUiautomator2Driver@f3ed (ba342f14)]&amp#27;[0m Matched '/appium/device/system_bars' to command name 'getSystemBars'
[debug] &amp#27;[38;5;32m[AndroidUiautomator2Driver@f3ed (ba342f14)]&amp#27;[0m Proxying [GET /appium/device/system_bars] to [GET http://127.0.0.1:8201/session/42587273-df18-4b7e-abb3-e62a65656c5c/appium/device/system_bars] with no body
[debug] &amp#27;[38;5;32m[AndroidUiautomator2Driver@f3ed (ba342f14)]&amp#27;[0m Got response with status 200: {"sessionId":"42587273-df18-4b7e-abb3-e62a65656c5c","value":{"statusBar":63}}
[debug] &amp#27;[38;5;32m[AndroidUiautomator2Driver@f3ed (ba342f14)]&amp#27;[0m Matched '/window/current/size' to command name 'getWindowSize'
[debug] &amp#27;[38;5;32m[AndroidUiautomator2Driver@f3ed (ba342f14)]&amp#27;[0m Proxying [GET /window/current/size] to [GET http://127.0.0.1:8201/session/42587273-df18-4b7e-abb3-e62a65656c5c/window/current/size] with no body
[debug] &amp#27;[38;5;32m[AndroidUiautomator2Driver@f3ed (ba342f14)]&amp#27;[0m Got response with status 200: {"sessionId":"42587273-df18-4b7e-abb3-e62a65656c5c","value":{"height":1794,"width":1080}}
&amp#27;[38;5;16m[AppiumDriver@3b8b]&amp#27;[0m New AndroidUiautomator2Driver session created successfully, session ba342f14-b060-4fa8-99d6-6da487a0df9c added to master session list
[debug] &amp#27;[38;5;16m[AppiumDriver@3b8b]&amp#27;[0m Event 'newSessionStarted' logged at 1676269715764 (11:58:35 GMT+0530 (India Standard Time))
[debug] &amp#27;[38;5;32m[AndroidUiautomator2Driver@f3ed (ba342f14)]&amp#27;[0m Cached the protocol value 'W3C' for the new session ba342f14-b060-4fa8-99d6-6da487a0df9c
[debug] &amp#27;[38;5;32m[AndroidUiautomator2Driver@f3ed (ba342f14)]&amp#27;[0m Responding to client with driver.createSession() result: {"capabilities":{"platform":"LINUX","webStorageEnabled":false,"takesScreenshot":true,"javascriptEnabled":true,"databaseEnabled":false,"networkConnectionEnabled":true,"locationContextEnabled":false,"warnings":{},"desired":{"platformName":"android","app":"C:\\Users\\rrajput\\eclipse-workspace\\excelAppiumAutomationFramework\\src\\main\\java\\Tools and Drivers\\General-Store.apk","automationName":"UIAutomator2","chromedriverExecutable":"C:\\Users\\rrajput\\eclipse-workspace\\excelAppiumAutomationFramework\\src\\main\\java\\Tools and Drivers\\chromedriver.exe","deviceName":"Nexus 5X"},"platformName":"android","app":"C:\\Users\\rrajput\\eclipse-workspace\\excelAppiumAutomationFramework\\src\\main\\java\\Tools and Drivers\\General-Store.apk","automationName":"UIAutomator2","chromedriverExecutable":"C:\\Users\\rrajput\\eclipse-workspace\\excelAppiumAutomationFramework\\src\\main\\java\\Tools and Drivers\\chromedriver.exe","deviceName":"emulator-5554","deviceUDID":"emulator-5554","appPackage":"com.androidsample.ge...
&amp#27;[38;5;0m[HTTP]&amp#27;[0m &amp#27;[37m<-- POST /session &amp#27;[39m&amp#27;[32m200&amp#27;[39m &amp#27;[90m7441 ms - 1356&amp#27;[39m
&amp#27;[38;5;0m[HTTP]&amp#27;[0m &amp#27;[90m&amp#27;[39m
&amp#27;[38;5;0m[HTTP]&amp#27;[0m &amp#27;[37m-->&amp#27;[39m &amp#27;[37mPOST&amp#27;[39m &amp#27;[37m/session/ba342f14-b060-4fa8-99d6-6da487a0df9c/timeouts&amp#27;[39m
&amp#27;[38;5;0m[HTTP]&amp#27;[0m &amp#27;[90m{"implicit":5000}&amp#27;[39m
[debug] &amp#27;[38;5;32m[AndroidUiautomator2Driver@f3ed (ba342f14)]&amp#27;[0m Calling AppiumDriver.timeouts() with args: [null,null,null,null,5000,"ba342f14-b060-4fa8-99d6-6da487a0df9c"]
[debug] &amp#27;[38;5;32m[AndroidUiautomator2Driver@f3ed (ba342f14)]&amp#27;[0m W3C timeout argument: {"implicit":5000}}
[debug] &amp#27;[38;5;32m[AndroidUiautomator2Driver@f3ed (ba342f14)]&amp#27;[0m Set implicit wait to 5000ms
[debug] &amp#27;[38;5;32m[AndroidUiautomator2Driver@f3ed (ba342f14)]&amp#27;[0m Responding to client with driver.timeouts() result: null
&amp#27;[38;5;0m[HTTP]&amp#27;[0m &amp#27;[37m<-- POST /session/ba342f14-b060-4fa8-99d6-6da487a0df9c/timeouts &amp#27;[39m&amp#27;[32m200&amp#27;[39m &amp#27;[90m2 ms - 14&amp#27;[39m
&amp#27;[38;5;0m[HTTP]&amp#27;[0m &amp#27;[90m&amp#27;[39m
&amp#27;[38;5;0m[HTTP]&amp#27;[0m &amp#27;[37m-->&amp#27;[39m &amp#27;[37mPOST&amp#27;[39m &amp#27;[37m/session/ba342f14-b060-4fa8-99d6-6da487a0df9c/element&amp#27;[39m
&amp#27;[38;5;0m[HTTP]&amp#27;[0m &amp#27;[90m{"using":"id","value":"com.androidsample.generalstore:id/nameField"}&amp#27;[39m
[debug] &amp#27;[38;5;32m[AndroidUiautomator2Driver@f3ed (ba342f14)]&amp#27;[0m Calling AppiumDriver.findElement() with args: ["id","com.androidsample.generalstore:id/nameField","ba342f14-b060-4fa8-99d6-6da487a0df9c"]
[debug] &amp#27;[38;5;32m[AndroidUiautomator2Driver@f3ed (ba342f14)]&amp#27;[0m Valid locator strategies for this request: xpath, id, class name, accessibility id, css selector, -android uiautomator
[debug] &amp#27;[38;5;32m[AndroidUiautomator2Driver@f3ed (ba342f14)]&amp#27;[0m Waiting up to 5000 ms for condition
[debug] &amp#27;[38;5;32m[AndroidUiautomator2Driver@f3ed (ba342f14)]&amp#27;[0m Matched '/element' to command name 'findElement'
[debug] &amp#27;[38;5;32m[AndroidUiautomator2Driver@f3ed (ba342f14)]&amp#27;[0m Proxying [POST /element] to [POST http://127.0.0.1:8201/session/42587273-df18-4b7e-abb3-e62a65656c5c/element] with body: {"strategy":"id","selector":"com.androidsample.generalstore:id/nameField","context":"","multiple":false}
&amp#27;[38;5;32m[AndroidUiautomator2Driver@f3ed (ba342f14)]&amp#27;[0m Got response with status 404: {"sessionId":"42587273-df18-4b7e-abb3-e62a65656c5c","value":{"error":"no such element","message":"An element could not be located on the page using the given search parameters","stacktrace":"io.appium.uiautomator2.common.exceptions.ElementNotFoundException: An element could not be located on the page using the given search parameters\n\tat io.appium.uiautomator2.handler.FindElement.safeHandle(FindElement.java:70)\n\tat io.appium.uiautomator2.handler.request.SafeRequestHandler.handle(SafeRequestHandler.java:59)\n\tat io.appium.uiautomator2.server.AppiumServlet.handleRequest(AppiumServlet.java:267)\n\tat io.appium.uiautomator2.server.AppiumServlet.handleHttpRequest(AppiumServlet.java:261)\n\tat io.appium.uiautomator2.http.ServerHandler.channelRead(ServerHandler.java:68)\n\tat io.netty.channel.AbstractChannelHandlerContext.invokeChannelRead(AbstractChannelHandlerContext.java:366)\n\tat io.netty.channel.AbstractChannelHandlerContext.invokeChannelRead(AbstractChannelHandlerContext.java:352)\n\tat io.netty.chann...
[debug] &amp#27;[38;5;128m[W3C]&amp#27;[0m Matched W3C error code 'no such element' to NoSuchElementError
[debug] &amp#27;[38;5;32m[AndroidUiautomator2Driver@f3ed (ba342f14)]&amp#27;[0m Waited for 112 ms so far
[debug] &amp#27;[38;5;32m[AndroidUiautomator2Driver@f3ed (ba342f14)]&amp#27;[0m Matched '/element' to command name 'findElement'
[debug] &amp#27;[38;5;32m[AndroidUiautomator2Driver@f3ed (ba342f14)]&amp#27;[0m Proxying [POST /element] to [POST http://127.0.0.1:8201/session/42587273-df18-4b7e-abb3-e62a65656c5c/element] with body: {"strategy":"id","selector":"com.androidsample.generalstore:id/nameField","context":"","multiple":false}
&amp#27;[38;5;32m[AndroidUiautomator2Driver@f3ed (ba342f14)]&amp#27;[0m Got response with status 404: {"sessionId":"42587273-df18-4b7e-abb3-e62a65656c5c","value":{"error":"no such element","message":"An element could not be located on the page using the given search parameters","stacktrace":"io.appium.uiautomator2.common.exceptions.ElementNotFoundException: An element could not be located on the page using the given search parameters\n\tat io.appium.uiautomator2.handler.FindElement.safeHandle(FindElement.java:70)\n\tat io.appium.uiautomator2.handler.request.SafeRequestHandler.handle(SafeRequestHandler.java:59)\n\tat io.appium.uiautomator2.server.AppiumServlet.handleRequest(AppiumServlet.java:267)\n\tat io.appium.uiautomator2.server.AppiumServlet.handleHttpRequest(AppiumServlet.java:261)\n\tat io.appium.uiautomator2.http.ServerHandler.channelRead(ServerHandler.java:68)\n\tat io.netty.channel.AbstractChannelHandlerContext.invokeChannelRead(AbstractChannelHandlerContext.java:366)\n\tat io.netty.channel.AbstractChannelHandlerContext.invokeChannelRead(AbstractChannelHandlerContext.java:352)\n\tat io.netty.chann...
[debug] &amp#27;[38;5;128m[W3C]&amp#27;[0m Matched W3C error code 'no such element' to NoSuchElementError
[debug] &amp#27;[38;5;32m[AndroidUiautomator2Driver@f3ed (ba342f14)]&amp#27;[0m Waited for 633 ms so far
[debug] &amp#27;[38;5;32m[AndroidUiautomator2Driver@f3ed (ba342f14)]&amp#27;[0m Matched '/element' to command name 'findElement'
[debug] &amp#27;[38;5;32m[AndroidUiautomator2Driver@f3ed (ba342f14)]&amp#27;[0m Proxying [POST /element] to [POST http://127.0.0.1:8201/session/42587273-df18-4b7e-abb3-e62a65656c5c/element] with body: {"strategy":"id","selector":"com.androidsample.generalstore:id/nameField","context":"","multiple":false}
&amp#27;[38;5;32m[AndroidUiautomator2Driver@f3ed (ba342f14)]&amp#27;[0m Got response with status 404: {"sessionId":"42587273-df18-4b7e-abb3-e62a65656c5c","value":{"error":"no such element","message":"An element could not be located on the page using the given search parameters","stacktrace":"io.appium.uiautomator2.common.exceptions.ElementNotFoundException: An element could not be located on the page using the given search parameters\n\tat io.appium.uiautomator2.handler.FindElement.safeHandle(FindElement.java:70)\n\tat io.appium.uiautomator2.handler.request.SafeRequestHandler.handle(SafeRequestHandler.java:59)\n\tat io.appium.uiautomator2.server.AppiumServlet.handleRequest(AppiumServlet.java:267)\n\tat io.appium.uiautomator2.server.AppiumServlet.handleHttpRequest(AppiumServlet.java:261)\n\tat io.appium.uiautomator2.http.ServerHandler.channelRead(ServerHandler.java:68)\n\tat io.netty.channel.AbstractChannelHandlerContext.invokeChannelRead(AbstractChannelHandlerContext.java:366)\n\tat io.netty.channel.AbstractChannelHandlerContext.invokeChannelRead(AbstractChannelHandlerContext.java:352)\n\tat io.netty.chann...
[debug] &amp#27;[38;5;128m[W3C]&amp#27;[0m Matched W3C error code 'no such element' to NoSuchElementError
[debug] &amp#27;[38;5;32m[AndroidUiautomator2Driver@f3ed (ba342f14)]&amp#27;[0m Waited for 1157 ms so far
&amp#27;[35m[Appium]&amp#27;[39m Welcome to Appium v2.0.0-beta.48
&amp#27;[35m[Appium]&amp#27;[39m Non-default server args:
&amp#27;[35m[Appium]&amp#27;[39m { address: &amp#27;[32m'127.0.0.1'&amp#27;[39m }
&amp#27;[35m[Appium]&amp#27;[39m Attempting to load driver uiautomator2...
[debug] &amp#27;[35m[Appium]&amp#27;[39m Requiring driver at C:\Users\rrajput\.appium\node_modules\appium-uiautomator2-driver
[debug] &amp#27;[38;5;32m[AndroidUiautomator2Driver@f3ed (ba342f14)]&amp#27;[0m Matched '/element' to command name 'findElement'
[debug] &amp#27;[38;5;32m[AndroidUiautomator2Driver@f3ed (ba342f14)]&amp#27;[0m Proxying [POST /element] to [POST http://127.0.0.1:8201/session/42587273-df18-4b7e-abb3-e62a65656c5c/element] with body: {"strategy":"id","selector":"com.androidsample.generalstore:id/nameField","context":"","multiple":false}
&amp#27;[38;5;32m[AndroidUiautomator2Driver@f3ed (ba342f14)]&amp#27;[0m Got response with status 404: {"sessionId":"42587273-df18-4b7e-abb3-e62a65656c5c","value":{"error":"no such element","message":"An element could not be located on the page using the given search parameters","stacktrace":"io.appium.uiautomator2.common.exceptions.ElementNotFoundException: An element could not be located on the page using the given search parameters\n\tat io.appium.uiautomator2.handler.FindElement.safeHandle(FindElement.java:70)\n\tat io.appium.uiautomator2.handler.request.SafeRequestHandler.handle(SafeRequestHandler.java:59)\n\tat io.appium.uiautomator2.server.AppiumServlet.handleRequest(AppiumServlet.java:267)\n\tat io.appium.uiautomator2.server.AppiumServlet.handleHttpRequest(AppiumServlet.java:261)\n\tat io.appium.uiautomator2.http.ServerHandler.channelRead(ServerHandler.java:68)\n\tat io.netty.channel.AbstractChannelHandlerContext.invokeChannelRead(AbstractChannelHandlerContext.java:366)\n\tat io.netty.channel.AbstractChannelHandlerContext.invokeChannelRead(AbstractChannelHandlerContext.java:352)\n\tat io.netty.chann...
[debug] &amp#27;[38;5;128m[W3C]&amp#27;[0m Matched W3C error code 'no such element' to NoSuchElementError
[debug] &amp#27;[38;5;32m[AndroidUiautomator2Driver@f3ed (ba342f14)]&amp#27;[0m Waited for 1672 ms so far
[debug] &amp#27;[38;5;32m[AndroidUiautomator2Driver@f3ed (ba342f14)]&amp#27;[0m Matched '/element' to command name 'findElement'
[debug] &amp#27;[38;5;32m[AndroidUiautomator2Driver@f3ed (ba342f14)]&amp#27;[0m Proxying [POST /element] to [POST http://127.0.0.1:8201/session/42587273-df18-4b7e-abb3-e62a65656c5c/element] with body: {"strategy":"id","selector":"com.androidsample.generalstore:id/nameField","context":"","multiple":false}
&amp#27;[38;5;32m[AndroidUiautomator2Driver@f3ed (ba342f14)]&amp#27;[0m Got response with status 404: {"sessionId":"42587273-df18-4b7e-abb3-e62a65656c5c","value":{"error":"no such element","message":"An element could not be located on the page using the given search parameters","stacktrace":"io.appium.uiautomator2.common.exceptions.ElementNotFoundException: An element could not be located on the page using the given search parameters\n\tat io.appium.uiautomator2.handler.FindElement.safeHandle(FindElement.java:70)\n\tat io.appium.uiautomator2.handler.request.SafeRequestHandler.handle(SafeRequestHandler.java:59)\n\tat io.appium.uiautomator2.server.AppiumServlet.handleRequest(AppiumServlet.java:267)\n\tat io.appium.uiautomator2.server.AppiumServlet.handleHttpRequest(AppiumServlet.java:261)\n\tat io.appium.uiautomator2.http.ServerHandler.channelRead(ServerHandler.java:68)\n\tat io.netty.channel.AbstractChannelHandlerContext.invokeChannelRead(AbstractChannelHandlerContext.java:366)\n\tat io.netty.channel.AbstractChannelHandlerContext.invokeChannelRead(AbstractChannelHandlerContext.java:352)\n\tat io.netty.chann...
[debug] &amp#27;[38;5;128m[W3C]&amp#27;[0m Matched W3C error code 'no such element' to NoSuchElementError
[debug] &amp#27;[38;5;32m[AndroidUiautomator2Driver@f3ed (ba342f14)]&amp#27;[0m Waited for 2187 ms so far
&amp#27;[38;5;0m[HTTP]&amp#27;[0m Could not start REST http interface listener. The requested port may already be in use. Please make sure there is no other instance of this server running already.
&amp#27;[35m[Appium]&amp#27;[39m Could not configure Appium server. It's possible that a driver or plugin tried to update the server and failed. Original error: listen EADDRINUSE: address already in use 127.0.0.1:4723
[debug] &amp#27;[35m[Appium]&amp#27;[39m Error: listen EADDRINUSE: address already in use 127.0.0.1:4723
[debug] &amp#27;[35m[Appium]&amp#27;[39m     at Server.setupListenHandle [as _listen2] (node:net:1733:16)
[debug] &amp#27;[35m[Appium]&amp#27;[39m     at listenInCluster (node:net:1781:12)
[debug] &amp#27;[35m[Appium]&amp#27;[39m     at doListen (node:net:1930:7)
[debug] &amp#27;[35m[Appium]&amp#27;[39m     at processTicksAndRejections (node:internal/process/task_queues:83:21)
[debug] &amp#27;[38;5;32m[AndroidUiautomator2Driver@f3ed (ba342f14)]&amp#27;[0m Matched '/element' to command name 'findElement'
[debug] &amp#27;[38;5;32m[AndroidUiautomator2Driver@f3ed (ba342f14)]&amp#27;[0m Proxying [POST /element] to [POST http://127.0.0.1:8201/session/42587273-df18-4b7e-abb3-e62a65656c5c/element] with body: {"strategy":"id","selector":"com.androidsample.generalstore:id/nameField","context":"","multiple":false}
[debug] &amp#27;[38;5;32m[AndroidUiautomator2Driver@f3ed (ba342f14)]&amp#27;[0m Got response with status 200: {"sessionId":"42587273-df18-4b7e-abb3-e62a65656c5c","value":{"ELEMENT":"00000000-0000-018f-ffff-ffff0000001d","element-6066-11e4-a52e-4f735466cecf":"00000000-0000-018f-ffff-ffff0000001d"}}
[debug] &amp#27;[38;5;32m[AndroidUiautomator2Driver@f3ed (ba342f14)]&amp#27;[0m Responding to client with driver.findElement() result: {"element-6066-11e4-a52e-4f735466cecf":"00000000-0000-018f-ffff-ffff0000001d","ELEMENT":"00000000-0000-018f-ffff-ffff0000001d"}
&amp#27;[38;5;0m[HTTP]&amp#27;[0m &amp#27;[37m<-- POST /session/ba342f14-b060-4fa8-99d6-6da487a0df9c/element &amp#27;[39m&amp#27;[32m200&amp#27;[39m &amp#27;[90m3376 ms - 137&amp#27;[39m
&amp#27;[38;5;0m[HTTP]&amp#27;[0m &amp#27;[90m&amp#27;[39m
&amp#27;[38;5;0m[HTTP]&amp#27;[0m &amp#27;[37m-->&amp#27;[39m &amp#27;[37mPOST&amp#27;[39m &amp#27;[37m/session/ba342f14-b060-4fa8-99d6-6da487a0df9c/element/00000000-0000-018f-ffff-ffff0000001d/value&amp#27;[39m
&amp#27;[38;5;0m[HTTP]&amp#27;[0m &amp#27;[90m{"id":"00000000-0000-018f-ffff-ffff0000001d","text":"Rahul","value":["R","a","h","u","l"]}&amp#27;[39m
[debug] &amp#27;[38;5;32m[AndroidUiautomator2Driver@f3ed (ba342f14)]&amp#27;[0m Calling AppiumDriver.setValue() with args: [["R","a","h","u","l"],"00000000-0000-018f-ffff-ffff0000001d","ba342f14-b060-4fa8-99d6-6da487a0df9c"]
[debug] &amp#27;[38;5;32m[AndroidUiautomator2Driver@f3ed (ba342f14)]&amp#27;[0m Matched '/element/00000000-0000-018f-ffff-ffff0000001d/value' to command name 'setValue'
[debug] &amp#27;[38;5;32m[AndroidUiautomator2Driver@f3ed (ba342f14)]&amp#27;[0m Added 'value' property ["R","a","h","u","l"] to 'setValue' request body
[debug] &amp#27;[38;5;32m[AndroidUiautomator2Driver@f3ed (ba342f14)]&amp#27;[0m Proxying [POST /element/00000000-0000-018f-ffff-ffff0000001d/value] to [POST http://127.0.0.1:8201/session/42587273-df18-4b7e-abb3-e62a65656c5c/element/00000000-0000-018f-ffff-ffff0000001d/value] with body: {"elementId":"00000000-0000-018f-ffff-ffff0000001d","text":"Rahul","replace":false,"value":["R","a","h","u","l"]}
[debug] &amp#27;[38;5;32m[AndroidUiautomator2Driver@f3ed (ba342f14)]&amp#27;[0m Got response with status 200: {"sessionId":"42587273-df18-4b7e-abb3-e62a65656c5c","value":null}
[debug] &amp#27;[38;5;32m[AndroidUiautomator2Driver@f3ed (ba342f14)]&amp#27;[0m Responding to client with driver.setValue() result: null
&amp#27;[38;5;0m[HTTP]&amp#27;[0m &amp#27;[37m<-- POST /session/ba342f14-b060-4fa8-99d6-6da487a0df9c/element/00000000-0000-018f-ffff-ffff0000001d/value &amp#27;[39m&amp#27;[32m200&amp#27;[39m &amp#27;[90m530 ms - 14&amp#27;[39m
&amp#27;[38;5;0m[HTTP]&amp#27;[0m &amp#27;[90m&amp#27;[39m
&amp#27;[38;5;0m[HTTP]&amp#27;[0m &amp#27;[37m-->&amp#27;[39m &amp#27;[37mPOST&amp#27;[39m &amp#27;[37m/session/ba342f14-b060-4fa8-99d6-6da487a0df9c/appium/device/hide_keyboard&amp#27;[39m
&amp#27;[38;5;0m[HTTP]&amp#27;[0m &amp#27;[90m{}&amp#27;[39m
[debug] &amp#27;[38;5;32m[AndroidUiautomator2Driver@f3ed (ba342f14)]&amp#27;[0m Calling AppiumDriver.hideKeyboard() with args: [null,null,null,null,"ba342f14-b060-4fa8-99d6-6da487a0df9c"]
[debug] &amp#27;[38;5;64m[ADB]&amp#27;[0m Running 'C:\Users\rrajput\AppData\Local\Android\Sdk\platform-tools\adb.exe -P 5037 -s emulator-5554 shell dumpsys input_method'
&amp#27;[38;5;64m[ADB]&amp#27;[0m Keyboard has no UI; no closing necessary
[debug] &amp#27;[38;5;32m[AndroidUiautomator2Driver@f3ed (ba342f14)]&amp#27;[0m Responding to client with driver.hideKeyboard() result: false
&amp#27;[38;5;0m[HTTP]&amp#27;[0m &amp#27;[37m<-- POST /session/ba342f14-b060-4fa8-99d6-6da487a0df9c/appium/device/hide_keyboard &amp#27;[39m&amp#27;[32m200&amp#27;[39m &amp#27;[90m263 ms - 15&amp#27;[39m
&amp#27;[38;5;0m[HTTP]&amp#27;[0m &amp#27;[90m&amp#27;[39m
&amp#27;[38;5;0m[HTTP]&amp#27;[0m &amp#27;[37m-->&amp#27;[39m &amp#27;[37mPOST&amp#27;[39m &amp#27;[37m/session/ba342f14-b060-4fa8-99d6-6da487a0df9c/element&amp#27;[39m
&amp#27;[38;5;0m[HTTP]&amp#27;[0m &amp#27;[90m{"using":"xpath","value":"//android.widget.RadioButton[@text='Male']"}&amp#27;[39m
[debug] &amp#27;[38;5;32m[AndroidUiautomator2Driver@f3ed (ba342f14)]&amp#27;[0m Calling AppiumDriver.findElement() with args: ["xpath","//android.widget.RadioButton[@text='Male']","ba342f14-b060-4fa8-99d6-6da487a0df9c"]
[debug] &amp#27;[38;5;32m[AndroidUiautomator2Driver@f3ed (ba342f14)]&amp#27;[0m Valid locator strategies for this request: xpath, id, class name, accessibility id, css selector, -android uiautomator
[debug] &amp#27;[38;5;32m[AndroidUiautomator2Driver@f3ed (ba342f14)]&amp#27;[0m Waiting up to 5000 ms for condition
[debug] &amp#27;[38;5;32m[AndroidUiautomator2Driver@f3ed (ba342f14)]&amp#27;[0m Matched '/element' to command name 'findElement'
[debug] &amp#27;[38;5;32m[AndroidUiautomator2Driver@f3ed (ba342f14)]&amp#27;[0m Proxying [POST /element] to [POST http://127.0.0.1:8201/session/42587273-df18-4b7e-abb3-e62a65656c5c/element] with body: {"strategy":"xpath","selector":"//android.widget.RadioButton[@text='Male']","context":"","multiple":false}
[debug] &amp#27;[38;5;32m[AndroidUiautomator2Driver@f3ed (ba342f14)]&amp#27;[0m Got response with status 200: {"sessionId":"42587273-df18-4b7e-abb3-e62a65656c5c","value":{"ELEMENT":"00000000-0000-018f-ffff-ffff00000020","element-6066-11e4-a52e-4f735466cecf":"00000000-0000-018f-ffff-ffff00000020"}}
[debug] &amp#27;[38;5;32m[AndroidUiautomator2Driver@f3ed (ba342f14)]&amp#27;[0m Responding to client with driver.findElement() result: {"element-6066-11e4-a52e-4f735466cecf":"00000000-0000-018f-ffff-ffff00000020","ELEMENT":"00000000-0000-018f-ffff-ffff00000020"}
&amp#27;[38;5;0m[HTTP]&amp#27;[0m &amp#27;[37m<-- POST /session/ba342f14-b060-4fa8-99d6-6da487a0df9c/element &amp#27;[39m&amp#27;[32m200&amp#27;[39m &amp#27;[90m502 ms - 137&amp#27;[39m
&amp#27;[38;5;0m[HTTP]&amp#27;[0m &amp#27;[90m&amp#27;[39m
&amp#27;[38;5;0m[HTTP]&amp#27;[0m &amp#27;[37m-->&amp#27;[39m &amp#27;[37mPOST&amp#27;[39m &amp#27;[37m/session/ba342f14-b060-4fa8-99d6-6da487a0df9c/element/00000000-0000-018f-ffff-ffff00000020/click&amp#27;[39m
&amp#27;[38;5;0m[HTTP]&amp#27;[0m &amp#27;[90m{"id":"00000000-0000-018f-ffff-ffff00000020"}&amp#27;[39m
[debug] &amp#27;[38;5;32m[AndroidUiautomator2Driver@f3ed (ba342f14)]&amp#27;[0m Calling AppiumDriver.click() with args: ["00000000-0000-018f-ffff-ffff00000020","ba342f14-b060-4fa8-99d6-6da487a0df9c"]
[debug] &amp#27;[38;5;32m[AndroidUiautomator2Driver@f3ed (ba342f14)]&amp#27;[0m Matched '/element/00000000-0000-018f-ffff-ffff00000020/click' to command name 'click'
[debug] &amp#27;[38;5;32m[AndroidUiautomator2Driver@f3ed (ba342f14)]&amp#27;[0m Proxying [POST /element/00000000-0000-018f-ffff-ffff00000020/click] to [POST http://127.0.0.1:8201/session/42587273-df18-4b7e-abb3-e62a65656c5c/element/00000000-0000-018f-ffff-ffff00000020/click] with body: {"element":"00000000-0000-018f-ffff-ffff00000020"}
[debug] &amp#27;[38;5;32m[AndroidUiautomator2Driver@f3ed (ba342f14)]&amp#27;[0m Got response with status 200: {"sessionId":"42587273-df18-4b7e-abb3-e62a65656c5c","value":null}
[debug] &amp#27;[38;5;32m[AndroidUiautomator2Driver@f3ed (ba342f14)]&amp#27;[0m Responding to client with driver.click() result: null
&amp#27;[38;5;0m[HTTP]&amp#27;[0m &amp#27;[37m<-- POST /session/ba342f14-b060-4fa8-99d6-6da487a0df9c/element/00000000-0000-018f-ffff-ffff00000020/click &amp#27;[39m&amp#27;[32m200&amp#27;[39m &amp#27;[90m49 ms - 14&amp#27;[39m
&amp#27;[38;5;0m[HTTP]&amp#27;[0m &amp#27;[90m&amp#27;[39m
&amp#27;[38;5;0m[HTTP]&amp#27;[0m &amp#27;[37m-->&amp#27;[39m &amp#27;[37mPOST&amp#27;[39m &amp#27;[37m/session/ba342f14-b060-4fa8-99d6-6da487a0df9c/element&amp#27;[39m
&amp#27;[38;5;0m[HTTP]&amp#27;[0m &amp#27;[90m{"using":"id","value":"android:id/text1"}&amp#27;[39m
[debug] &amp#27;[38;5;32m[AndroidUiautomator2Driver@f3ed (ba342f14)]&amp#27;[0m Calling AppiumDriver.findElement() with args: ["id","android:id/text1","ba342f14-b060-4fa8-99d6-6da487a0df9c"]
[debug] &amp#27;[38;5;32m[AndroidUiautomator2Driver@f3ed (ba342f14)]&amp#27;[0m Valid locator strategies for this request: xpath, id, class name, accessibility id, css selector, -android uiautomator
[debug] &amp#27;[38;5;32m[AndroidUiautomator2Driver@f3ed (ba342f14)]&amp#27;[0m Waiting up to 5000 ms for condition
[debug] &amp#27;[38;5;32m[AndroidUiautomator2Driver@f3ed (ba342f14)]&amp#27;[0m Matched '/element' to command name 'findElement'
[debug] &amp#27;[38;5;32m[AndroidUiautomator2Driver@f3ed (ba342f14)]&amp#27;[0m Proxying [POST /element] to [POST http://127.0.0.1:8201/session/42587273-df18-4b7e-abb3-e62a65656c5c/element] with body: {"strategy":"id","selector":"android:id/text1","context":"","multiple":false}
[debug] &amp#27;[38;5;32m[AndroidUiautomator2Driver@f3ed (ba342f14)]&amp#27;[0m Got response with status 200: {"sessionId":"42587273-df18-4b7e-abb3-e62a65656c5c","value":{"ELEMENT":"00000000-0000-018f-ffff-ffff00000024","element-6066-11e4-a52e-4f735466cecf":"00000000-0000-018f-ffff-ffff00000024"}}
[debug] &amp#27;[38;5;32m[AndroidUiautomator2Driver@f3ed (ba342f14)]&amp#27;[0m Responding to client with driver.findElement() result: {"element-6066-11e4-a52e-4f735466cecf":"00000000-0000-018f-ffff-ffff00000024","ELEMENT":"00000000-0000-018f-ffff-ffff00000024"}
&amp#27;[38;5;0m[HTTP]&amp#27;[0m &amp#27;[37m<-- POST /session/ba342f14-b060-4fa8-99d6-6da487a0df9c/element &amp#27;[39m&amp#27;[32m200&amp#27;[39m &amp#27;[90m504 ms - 137&amp#27;[39m
&amp#27;[38;5;0m[HTTP]&amp#27;[0m &amp#27;[90m&amp#27;[39m
&amp#27;[38;5;0m[HTTP]&amp#27;[0m &amp#27;[37m-->&amp#27;[39m &amp#27;[37mPOST&amp#27;[39m &amp#27;[37m/session/ba342f14-b060-4fa8-99d6-6da487a0df9c/element/00000000-0000-018f-ffff-ffff00000024/click&amp#27;[39m
&amp#27;[38;5;0m[HTTP]&amp#27;[0m &amp#27;[90m{"id":"00000000-0000-018f-ffff-ffff00000024"}&amp#27;[39m
[debug] &amp#27;[38;5;32m[AndroidUiautomator2Driver@f3ed (ba342f14)]&amp#27;[0m Calling AppiumDriver.click() with args: ["00000000-0000-018f-ffff-ffff00000024","ba342f14-b060-4fa8-99d6-6da487a0df9c"]
[debug] &amp#27;[38;5;32m[AndroidUiautomator2Driver@f3ed (ba342f14)]&amp#27;[0m Matched '/element/00000000-0000-018f-ffff-ffff00000024/click' to command name 'click'
[debug] &amp#27;[38;5;32m[AndroidUiautomator2Driver@f3ed (ba342f14)]&amp#27;[0m Proxying [POST /element/00000000-0000-018f-ffff-ffff00000024/click] to [POST http://127.0.0.1:8201/session/42587273-df18-4b7e-abb3-e62a65656c5c/element/00000000-0000-018f-ffff-ffff00000024/click] with body: {"element":"00000000-0000-018f-ffff-ffff00000024"}
[debug] &amp#27;[38;5;32m[AndroidUiautomator2Driver@f3ed (ba342f14)]&amp#27;[0m Got response with status 200: {"sessionId":"42587273-df18-4b7e-abb3-e62a65656c5c","value":null}
[debug] &amp#27;[38;5;32m[AndroidUiautomator2Driver@f3ed (ba342f14)]&amp#27;[0m Responding to client with driver.click() result: null
&amp#27;[38;5;0m[HTTP]&amp#27;[0m &amp#27;[37m<-- POST /session/ba342f14-b060-4fa8-99d6-6da487a0df9c/element/00000000-0000-018f-ffff-ffff00000024/click &amp#27;[39m&amp#27;[32m200&amp#27;[39m &amp#27;[90m35 ms - 14&amp#27;[39m
&amp#27;[38;5;0m[HTTP]&amp#27;[0m &amp#27;[90m&amp#27;[39m
&amp#27;[38;5;0m[HTTP]&amp#27;[0m &amp#27;[37m-->&amp#27;[39m &amp#27;[37mPOST&amp#27;[39m &amp#27;[37m/session/ba342f14-b060-4fa8-99d6-6da487a0df9c/element&amp#27;[39m
&amp#27;[38;5;0m[HTTP]&amp#27;[0m &amp#27;[90m{"using":"-android uiautomator","value":"new UiScrollable(new UiSelector()).scrollIntoView(text(\"Australia\"));"}&amp#27;[39m
[debug] &amp#27;[38;5;32m[AndroidUiautomator2Driver@f3ed (ba342f14)]&amp#27;[0m Calling AppiumDriver.findElement() with args: ["-android uiautomator","new UiScrollable(new UiSelector()).scrollIntoView(text(\"Australia\"));","ba342f14-b060-4fa8-99d6-6da487a0df9c"]
[debug] &amp#27;[38;5;32m[AndroidUiautomator2Driver@f3ed (ba342f14)]&amp#27;[0m Valid locator strategies for this request: xpath, id, class name, accessibility id, css selector, -android uiautomator
[debug] &amp#27;[38;5;32m[AndroidUiautomator2Driver@f3ed (ba342f14)]&amp#27;[0m Waiting up to 5000 ms for condition
[debug] &amp#27;[38;5;32m[AndroidUiautomator2Driver@f3ed (ba342f14)]&amp#27;[0m Matched '/element' to command name 'findElement'
[debug] &amp#27;[38;5;32m[AndroidUiautomator2Driver@f3ed (ba342f14)]&amp#27;[0m Proxying [POST /element] to [POST http://127.0.0.1:8201/session/42587273-df18-4b7e-abb3-e62a65656c5c/element] with body: {"strategy":"-android uiautomator","selector":"new UiScrollable(new UiSelector()).scrollIntoView(text(\"Australia\"));","context":"","multiple":false}
[debug] &amp#27;[38;5;32m[AndroidUiautomator2Driver@f3ed (ba342f14)]&amp#27;[0m Got response with status 200: {"sessionId":"42587273-df18-4b7e-abb3-e62a65656c5c","value":{"ELEMENT":"00000000-0000-0190-ffff-ffff0000002d","element-6066-11e4-a52e-4f735466cecf":"00000000-0000-0190-ffff-ffff0000002d"}}
[debug] &amp#27;[38;5;32m[AndroidUiautomator2Driver@f3ed (ba342f14)]&amp#27;[0m Responding to client with driver.findElement() result: {"element-6066-11e4-a52e-4f735466cecf":"00000000-0000-0190-ffff-ffff0000002d","ELEMENT":"00000000-0000-0190-ffff-ffff0000002d"}
&amp#27;[38;5;0m[HTTP]&amp#27;[0m &amp#27;[37m<-- POST /session/ba342f14-b060-4fa8-99d6-6da487a0df9c/element &amp#27;[39m&amp#27;[32m200&amp#27;[39m &amp#27;[90m3886 ms - 137&amp#27;[39m
&amp#27;[38;5;0m[HTTP]&amp#27;[0m &amp#27;[90m&amp#27;[39m
&amp#27;[38;5;0m[HTTP]&amp#27;[0m &amp#27;[37m-->&amp#27;[39m &amp#27;[37mPOST&amp#27;[39m &amp#27;[37m/session/ba342f14-b060-4fa8-99d6-6da487a0df9c/element&amp#27;[39m
&amp#27;[38;5;0m[HTTP]&amp#27;[0m &amp#27;[90m{"using":"xpath","value":"//android.widget.TextView[@text='Australia']"}&amp#27;[39m
[debug] &amp#27;[38;5;32m[AndroidUiautomator2Driver@f3ed (ba342f14)]&amp#27;[0m Calling AppiumDriver.findElement() with args: ["xpath","//android.widget.TextView[@text='Australia']","ba342f14-b060-4fa8-99d6-6da487a0df9c"]
[debug] &amp#27;[38;5;32m[AndroidUiautomator2Driver@f3ed (ba342f14)]&amp#27;[0m Valid locator strategies for this request: xpath, id, class name, accessibility id, css selector, -android uiautomator
[debug] &amp#27;[38;5;32m[AndroidUiautomator2Driver@f3ed (ba342f14)]&amp#27;[0m Waiting up to 5000 ms for condition
[debug] &amp#27;[38;5;32m[AndroidUiautomator2Driver@f3ed (ba342f14)]&amp#27;[0m Matched '/element' to command name 'findElement'
[debug] &amp#27;[38;5;32m[AndroidUiautomator2Driver@f3ed (ba342f14)]&amp#27;[0m Proxying [POST /element] to [POST http://127.0.0.1:8201/session/42587273-df18-4b7e-abb3-e62a65656c5c/element] with body: {"strategy":"xpath","selector":"//android.widget.TextView[@text='Australia']","context":"","multiple":false}
[debug] &amp#27;[38;5;32m[AndroidUiautomator2Driver@f3ed (ba342f14)]&amp#27;[0m Got response with status 200: {"sessionId":"42587273-df18-4b7e-abb3-e62a65656c5c","value":{"ELEMENT":"00000000-0000-0190-ffff-ffff0000002d","element-6066-11e4-a52e-4f735466cecf":"00000000-0000-0190-ffff-ffff0000002d"}}
[debug] &amp#27;[38;5;32m[AndroidUiautomator2Driver@f3ed (ba342f14)]&amp#27;[0m Responding to client with driver.findElement() result: {"element-6066-11e4-a52e-4f735466cecf":"00000000-0000-0190-ffff-ffff0000002d","ELEMENT":"00000000-0000-0190-ffff-ffff0000002d"}
&amp#27;[38;5;0m[HTTP]&amp#27;[0m &amp#27;[37m<-- POST /session/ba342f14-b060-4fa8-99d6-6da487a0df9c/element &amp#27;[39m&amp#27;[32m200&amp#27;[39m &amp#27;[90m59 ms - 137&amp#27;[39m
&amp#27;[38;5;0m[HTTP]&amp#27;[0m &amp#27;[90m&amp#27;[39m
&amp#27;[38;5;0m[HTTP]&amp#27;[0m &amp#27;[37m-->&amp#27;[39m &amp#27;[37mPOST&amp#27;[39m &amp#27;[37m/session/ba342f14-b060-4fa8-99d6-6da487a0df9c/element/00000000-0000-0190-ffff-ffff0000002d/click&amp#27;[39m
&amp#27;[38;5;0m[HTTP]&amp#27;[0m &amp#27;[90m{"id":"00000000-0000-0190-ffff-ffff0000002d"}&amp#27;[39m
[debug] &amp#27;[38;5;32m[AndroidUiautomator2Driver@f3ed (ba342f14)]&amp#27;[0m Calling AppiumDriver.click() with args: ["00000000-0000-0190-ffff-ffff0000002d","ba342f14-b060-4fa8-99d6-6da487a0df9c"]
[debug] &amp#27;[38;5;32m[AndroidUiautomator2Driver@f3ed (ba342f14)]&amp#27;[0m Matched '/element/00000000-0000-0190-ffff-ffff0000002d/click' to command name 'click'
[debug] &amp#27;[38;5;32m[AndroidUiautomator2Driver@f3ed (ba342f14)]&amp#27;[0m Proxying [POST /element/00000000-0000-0190-ffff-ffff0000002d/click] to [POST http://127.0.0.1:8201/session/42587273-df18-4b7e-abb3-e62a65656c5c/element/00000000-0000-0190-ffff-ffff0000002d/click] with body: {"element":"00000000-0000-0190-ffff-ffff0000002d"}
[debug] &amp#27;[38;5;32m[AndroidUiautomator2Driver@f3ed (ba342f14)]&amp#27;[0m Got response with status 200: {"sessionId":"42587273-df18-4b7e-abb3-e62a65656c5c","value":null}
[debug] &amp#27;[38;5;32m[AndroidUiautomator2Driver@f3ed (ba342f14)]&amp#27;[0m Responding to client with driver.click() result: null
&amp#27;[38;5;0m[HTTP]&amp#27;[0m &amp#27;[37m<-- POST /session/ba342f14-b060-4fa8-99d6-6da487a0df9c/element/00000000-0000-0190-ffff-ffff0000002d/click &amp#27;[39m&amp#27;[32m200&amp#27;[39m &amp#27;[90m657 ms - 14&amp#27;[39m
&amp#27;[38;5;0m[HTTP]&amp#27;[0m &amp#27;[90m&amp#27;[39m
&amp#27;[38;5;0m[HTTP]&amp#27;[0m &amp#27;[37m-->&amp#27;[39m &amp#27;[37mPOST&amp#27;[39m &amp#27;[37m/session/ba342f14-b060-4fa8-99d6-6da487a0df9c/element&amp#27;[39m
&amp#27;[38;5;0m[HTTP]&amp#27;[0m &amp#27;[90m{"using":"id","value":"com.androidsample.generalstore:id/btnLetsShop"}&amp#27;[39m
[debug] &amp#27;[38;5;32m[AndroidUiautomator2Driver@f3ed (ba342f14)]&amp#27;[0m Calling AppiumDriver.findElement() with args: ["id","com.androidsample.generalstore:id/btnLetsShop","ba342f14-b060-4fa8-99d6-6da487a0df9c"]
[debug] &amp#27;[38;5;32m[AndroidUiautomator2Driver@f3ed (ba342f14)]&amp#27;[0m Valid locator strategies for this request: xpath, id, class name, accessibility id, css selector, -android uiautomator
[debug] &amp#27;[38;5;32m[AndroidUiautomator2Driver@f3ed (ba342f14)]&amp#27;[0m Waiting up to 5000 ms for condition
[debug] &amp#27;[38;5;32m[AndroidUiautomator2Driver@f3ed (ba342f14)]&amp#27;[0m Matched '/element' to command name 'findElement'
[debug] &amp#27;[38;5;32m[AndroidUiautomator2Driver@f3ed (ba342f14)]&amp#27;[0m Proxying [POST /element] to [POST http://127.0.0.1:8201/session/42587273-df18-4b7e-abb3-e62a65656c5c/element] with body: {"strategy":"id","selector":"com.androidsample.generalstore:id/btnLetsShop","context":"","multiple":false}
[debug] &amp#27;[38;5;32m[AndroidUiautomator2Driver@f3ed (ba342f14)]&amp#27;[0m Got response with status 200: {"sessionId":"42587273-df18-4b7e-abb3-e62a65656c5c","value":{"ELEMENT":"00000000-0000-018f-ffff-ffff00000022","element-6066-11e4-a52e-4f735466cecf":"00000000-0000-018f-ffff-ffff00000022"}}
[debug] &amp#27;[38;5;32m[AndroidUiautomator2Driver@f3ed (ba342f14)]&amp#27;[0m Responding to client with driver.findElement() result: {"element-6066-11e4-a52e-4f735466cecf":"00000000-0000-018f-ffff-ffff00000022","ELEMENT":"00000000-0000-018f-ffff-ffff00000022"}
&amp#27;[38;5;0m[HTTP]&amp#27;[0m &amp#27;[37m<-- POST /session/ba342f14-b060-4fa8-99d6-6da487a0df9c/element &amp#27;[39m&amp#27;[32m200&amp#27;[39m &amp#27;[90m14 ms - 137&amp#27;[39m
&amp#27;[38;5;0m[HTTP]&amp#27;[0m &amp#27;[90m&amp#27;[39m
&amp#27;[38;5;0m[HTTP]&amp#27;[0m &amp#27;[37m-->&amp#27;[39m &amp#27;[37mPOST&amp#27;[39m &amp#27;[37m/session/ba342f14-b060-4fa8-99d6-6da487a0df9c/element/00000000-0000-018f-ffff-ffff00000022/click&amp#27;[39m
&amp#27;[38;5;0m[HTTP]&amp#27;[0m &amp#27;[90m{"id":"00000000-0000-018f-ffff-ffff00000022"}&amp#27;[39m
[debug] &amp#27;[38;5;32m[AndroidUiautomator2Driver@f3ed (ba342f14)]&amp#27;[0m Calling AppiumDriver.click() with args: ["00000000-0000-018f-ffff-ffff00000022","ba342f14-b060-4fa8-99d6-6da487a0df9c"]
[debug] &amp#27;[38;5;32m[AndroidUiautomator2Driver@f3ed (ba342f14)]&amp#27;[0m Matched '/element/00000000-0000-018f-ffff-ffff00000022/click' to command name 'click'
[debug] &amp#27;[38;5;32m[AndroidUiautomator2Driver@f3ed (ba342f14)]&amp#27;[0m Proxying [POST /element/00000000-0000-018f-ffff-ffff00000022/click] to [POST http://127.0.0.1:8201/session/42587273-df18-4b7e-abb3-e62a65656c5c/element/00000000-0000-018f-ffff-ffff00000022/click] with body: {"element":"00000000-0000-018f-ffff-ffff00000022"}
[debug] &amp#27;[38;5;32m[AndroidUiautomator2Driver@f3ed (ba342f14)]&amp#27;[0m Got response with status 200: {"sessionId":"42587273-df18-4b7e-abb3-e62a65656c5c","value":null}
[debug] &amp#27;[38;5;32m[AndroidUiautomator2Driver@f3ed (ba342f14)]&amp#27;[0m Responding to client with driver.click() result: null
&amp#27;[38;5;0m[HTTP]&amp#27;[0m &amp#27;[37m<-- POST /session/ba342f14-b060-4fa8-99d6-6da487a0df9c/element/00000000-0000-018f-ffff-ffff00000022/click &amp#27;[39m&amp#27;[32m200&amp#27;[39m &amp#27;[90m46 ms - 14&amp#27;[39m
&amp#27;[38;5;0m[HTTP]&amp#27;[0m &amp#27;[90m&amp#27;[39m
&amp#27;[38;5;0m[HTTP]&amp#27;[0m &amp#27;[37m-->&amp#27;[39m &amp#27;[37mGET&amp#27;[39m &amp#27;[37m/session/ba342f14-b060-4fa8-99d6-6da487a0df9c/context&amp#27;[39m
&amp#27;[38;5;0m[HTTP]&amp#27;[0m &amp#27;[90m{}&amp#27;[39m
[debug] &amp#27;[38;5;32m[AndroidUiautomator2Driver@f3ed (ba342f14)]&amp#27;[0m Calling AppiumDriver.getCurrentContext() with args: ["ba342f14-b060-4fa8-99d6-6da487a0df9c"]
[debug] &amp#27;[38;5;32m[AndroidUiautomator2Driver@f3ed (ba342f14)]&amp#27;[0m Responding to client with driver.getCurrentContext() result: "NATIVE_APP"
&amp#27;[38;5;0m[HTTP]&amp#27;[0m &amp#27;[37m<-- GET /session/ba342f14-b060-4fa8-99d6-6da487a0df9c/context &amp#27;[39m&amp#27;[32m200&amp#27;[39m &amp#27;[90m1 ms - 22&amp#27;[39m
&amp#27;[38;5;0m[HTTP]&amp#27;[0m &amp#27;[90m&amp#27;[39m
&amp#27;[38;5;0m[HTTP]&amp#27;[0m &amp#27;[37m-->&amp#27;[39m &amp#27;[37mPOST&amp#27;[39m &amp#27;[37m/session/ba342f14-b060-4fa8-99d6-6da487a0df9c/elements&amp#27;[39m
&amp#27;[38;5;0m[HTTP]&amp#27;[0m &amp#27;[90m{"using":"xpath","value":"//android.widget.TextView[@text='ADD TO CART']"}&amp#27;[39m
[debug] &amp#27;[38;5;32m[AndroidUiautomator2Driver@f3ed (ba342f14)]&amp#27;[0m Calling AppiumDriver.findElements() with args: ["xpath","//android.widget.TextView[@text='ADD TO CART']","ba342f14-b060-4fa8-99d6-6da487a0df9c"]
[debug] &amp#27;[38;5;32m[AndroidUiautomator2Driver@f3ed (ba342f14)]&amp#27;[0m Valid locator strategies for this request: xpath, id, class name, accessibility id, css selector, -android uiautomator
[debug] &amp#27;[38;5;32m[AndroidUiautomator2Driver@f3ed (ba342f14)]&amp#27;[0m Waiting up to 5000 ms for condition
[debug] &amp#27;[38;5;32m[AndroidUiautomator2Driver@f3ed (ba342f14)]&amp#27;[0m Matched '/elements' to command name 'findElements'
[debug] &amp#27;[38;5;32m[AndroidUiautomator2Driver@f3ed (ba342f14)]&amp#27;[0m Proxying [POST /elements] to [POST http://127.0.0.1:8201/session/42587273-df18-4b7e-abb3-e62a65656c5c/elements] with body: {"strategy":"xpath","selector":"//android.widget.TextView[@text='ADD TO CART']","context":"","multiple":true}
[debug] &amp#27;[38;5;32m[AndroidUiautomator2Driver@f3ed (ba342f14)]&amp#27;[0m Got response with status 200: {"sessionId":"42587273-df18-4b7e-abb3-e62a65656c5c","value":[]}
[debug] &amp#27;[38;5;32m[AndroidUiautomator2Driver@f3ed (ba342f14)]&amp#27;[0m Waited for 65 ms so far
[debug] &amp#27;[38;5;32m[AndroidUiautomator2Driver@f3ed (ba342f14)]&amp#27;[0m Matched '/elements' to command name 'findElements'
[debug] &amp#27;[38;5;32m[AndroidUiautomator2Driver@f3ed (ba342f14)]&amp#27;[0m Proxying [POST /elements] to [POST http://127.0.0.1:8201/session/42587273-df18-4b7e-abb3-e62a65656c5c/elements] with body: {"strategy":"xpath","selector":"//android.widget.TextView[@text='ADD TO CART']","context":"","multiple":true}
[debug] &amp#27;[38;5;32m[AndroidUiautomator2Driver@f3ed (ba342f14)]&amp#27;[0m Got response with status 200: {"sessionId":"42587273-df18-4b7e-abb3-e62a65656c5c","value":[{"ELEMENT":"00000000-0000-0191-ffff-ffff00000051","element-6066-11e4-a52e-4f735466cecf":"00000000-0000-0191-ffff-ffff00000051"},{"ELEMENT":"00000000-0000-0191-ffff-ffff00000059","element-6066-11e4-a52e-4f735466cecf":"00000000-0000-0191-ffff-ffff00000059"}]}
[debug] &amp#27;[38;5;32m[AndroidUiautomator2Driver@f3ed (ba342f14)]&amp#27;[0m Responding to client with driver.findElements() result: [{"element-6066-11e4-a52e-4f735466cecf":"00000000-0000-0191-ffff-ffff00000051","ELEMENT":"00000000-0000-0191-ffff-ffff00000051"},{"element-6066-11e4-a52e-4f735466cecf":"00000000-0000-0191-ffff-ffff00000059","ELEMENT":"00000000-0000-0191-ffff-ffff00000059"}]
&amp#27;[38;5;0m[HTTP]&amp#27;[0m &amp#27;[37m<-- POST /session/ba342f14-b060-4fa8-99d6-6da487a0df9c/elements &amp#27;[39m&amp#27;[32m200&amp#27;[39m &amp#27;[90m805 ms - 267&amp#27;[39m
&amp#27;[38;5;0m[HTTP]&amp#27;[0m &amp#27;[90m&amp#27;[39m
&amp#27;[38;5;0m[HTTP]&amp#27;[0m &amp#27;[37m-->&amp#27;[39m &amp#27;[37mPOST&amp#27;[39m &amp#27;[37m/session/ba342f14-b060-4fa8-99d6-6da487a0df9c/element/00000000-0000-0191-ffff-ffff00000051/click&amp#27;[39m
&amp#27;[38;5;0m[HTTP]&amp#27;[0m &amp#27;[90m{"id":"00000000-0000-0191-ffff-ffff00000051"}&amp#27;[39m
[debug] &amp#27;[38;5;32m[AndroidUiautomator2Driver@f3ed (ba342f14)]&amp#27;[0m Calling AppiumDriver.click() with args: ["00000000-0000-0191-ffff-ffff00000051","ba342f14-b060-4fa8-99d6-6da487a0df9c"]
[debug] &amp#27;[38;5;32m[AndroidUiautomator2Driver@f3ed (ba342f14)]&amp#27;[0m Matched '/element/00000000-0000-0191-ffff-ffff00000051/click' to command name 'click'
[debug] &amp#27;[38;5;32m[AndroidUiautomator2Driver@f3ed (ba342f14)]&amp#27;[0m Proxying [POST /element/00000000-0000-0191-ffff-ffff00000051/click] to [POST http://127.0.0.1:8201/session/42587273-df18-4b7e-abb3-e62a65656c5c/element/00000000-0000-0191-ffff-ffff00000051/click] with body: {"element":"00000000-0000-0191-ffff-ffff00000051"}
[debug] &amp#27;[38;5;32m[AndroidUiautomator2Driver@f3ed (ba342f14)]&amp#27;[0m Got response with status 200: {"sessionId":"42587273-df18-4b7e-abb3-e62a65656c5c","value":null}
[debug] &amp#27;[38;5;32m[AndroidUiautomator2Driver@f3ed (ba342f14)]&amp#27;[0m Responding to client with driver.click() result: null
&amp#27;[38;5;0m[HTTP]&amp#27;[0m &amp#27;[37m<-- POST /session/ba342f14-b060-4fa8-99d6-6da487a0df9c/element/00000000-0000-0191-ffff-ffff00000051/click &amp#27;[39m&amp#27;[32m200&amp#27;[39m &amp#27;[90m518 ms - 14&amp#27;[39m
&amp#27;[38;5;0m[HTTP]&amp#27;[0m &amp#27;[90m&amp#27;[39m
&amp#27;[38;5;0m[HTTP]&amp#27;[0m &amp#27;[37m-->&amp#27;[39m &amp#27;[37mGET&amp#27;[39m &amp#27;[37m/session/ba342f14-b060-4fa8-99d6-6da487a0df9c/context&amp#27;[39m
&amp#27;[38;5;0m[HTTP]&amp#27;[0m &amp#27;[90m{}&amp#27;[39m
[debug] &amp#27;[38;5;32m[AndroidUiautomator2Driver@f3ed (ba342f14)]&amp#27;[0m Calling AppiumDriver.getCurrentContext() with args: ["ba342f14-b060-4fa8-99d6-6da487a0df9c"]
[debug] &amp#27;[38;5;32m[AndroidUiautomator2Driver@f3ed (ba342f14)]&amp#27;[0m Responding to client with driver.getCurrentContext() result: "NATIVE_APP"
&amp#27;[38;5;0m[HTTP]&amp#27;[0m &amp#27;[37m<-- GET /session/ba342f14-b060-4fa8-99d6-6da487a0df9c/context &amp#27;[39m&amp#27;[32m200&amp#27;[39m &amp#27;[90m1 ms - 22&amp#27;[39m
&amp#27;[38;5;0m[HTTP]&amp#27;[0m &amp#27;[90m&amp#27;[39m
&amp#27;[38;5;0m[HTTP]&amp#27;[0m &amp#27;[37m-->&amp#27;[39m &amp#27;[37mPOST&amp#27;[39m &amp#27;[37m/session/ba342f14-b060-4fa8-99d6-6da487a0df9c/elements&amp#27;[39m
&amp#27;[38;5;0m[HTTP]&amp#27;[0m &amp#27;[90m{"using":"xpath","value":"//android.widget.TextView[@text='ADD TO CART']"}&amp#27;[39m
[debug] &amp#27;[38;5;32m[AndroidUiautomator2Driver@f3ed (ba342f14)]&amp#27;[0m Calling AppiumDriver.findElements() with args: ["xpath","//android.widget.TextView[@text='ADD TO CART']","ba342f14-b060-4fa8-99d6-6da487a0df9c"]
[debug] &amp#27;[38;5;32m[AndroidUiautomator2Driver@f3ed (ba342f14)]&amp#27;[0m Valid locator strategies for this request: xpath, id, class name, accessibility id, css selector, -android uiautomator
[debug] &amp#27;[38;5;32m[AndroidUiautomator2Driver@f3ed (ba342f14)]&amp#27;[0m Waiting up to 5000 ms for condition
[debug] &amp#27;[38;5;32m[AndroidUiautomator2Driver@f3ed (ba342f14)]&amp#27;[0m Matched '/elements' to command name 'findElements'
[debug] &amp#27;[38;5;32m[AndroidUiautomator2Driver@f3ed (ba342f14)]&amp#27;[0m Proxying [POST /elements] to [POST http://127.0.0.1:8201/session/42587273-df18-4b7e-abb3-e62a65656c5c/elements] with body: {"strategy":"xpath","selector":"//android.widget.TextView[@text='ADD TO CART']","context":"","multiple":true}
[debug] &amp#27;[38;5;32m[AndroidUiautomator2Driver@f3ed (ba342f14)]&amp#27;[0m Got response with status 200: {"sessionId":"42587273-df18-4b7e-abb3-e62a65656c5c","value":[{"ELEMENT":"00000000-0000-0191-ffff-ffff00000059","element-6066-11e4-a52e-4f735466cecf":"00000000-0000-0191-ffff-ffff00000059"}]}
[debug] &amp#27;[38;5;32m[AndroidUiautomator2Driver@f3ed (ba342f14)]&amp#27;[0m Responding to client with driver.findElements() result: [{"element-6066-11e4-a52e-4f735466cecf":"00000000-0000-0191-ffff-ffff00000059","ELEMENT":"00000000-0000-0191-ffff-ffff00000059"}]
&amp#27;[38;5;0m[HTTP]&amp#27;[0m &amp#27;[37m<-- POST /session/ba342f14-b060-4fa8-99d6-6da487a0df9c/elements &amp#27;[39m&amp#27;[32m200&amp#27;[39m &amp#27;[90m36 ms - 139&amp#27;[39m
&amp#27;[38;5;0m[HTTP]&amp#27;[0m &amp#27;[90m&amp#27;[39m
&amp#27;[38;5;0m[HTTP]&amp#27;[0m &amp#27;[37m-->&amp#27;[39m &amp#27;[37mPOST&amp#27;[39m &amp#27;[37m/session/ba342f14-b060-4fa8-99d6-6da487a0df9c/element/00000000-0000-0191-ffff-ffff00000059/click&amp#27;[39m
&amp#27;[38;5;0m[HTTP]&amp#27;[0m &amp#27;[90m{"id":"00000000-0000-0191-ffff-ffff00000059"}&amp#27;[39m
[debug] &amp#27;[38;5;32m[AndroidUiautomator2Driver@f3ed (ba342f14)]&amp#27;[0m Calling AppiumDriver.click() with args: ["00000000-0000-0191-ffff-ffff00000059","ba342f14-b060-4fa8-99d6-6da487a0df9c"]
[debug] &amp#27;[38;5;32m[AndroidUiautomator2Driver@f3ed (ba342f14)]&amp#27;[0m Matched '/element/00000000-0000-0191-ffff-ffff00000059/click' to command name 'click'
[debug] &amp#27;[38;5;32m[AndroidUiautomator2Driver@f3ed (ba342f14)]&amp#27;[0m Proxying [POST /element/00000000-0000-0191-ffff-ffff00000059/click] to [POST http://127.0.0.1:8201/session/42587273-df18-4b7e-abb3-e62a65656c5c/element/00000000-0000-0191-ffff-ffff00000059/click] with body: {"element":"00000000-0000-0191-ffff-ffff00000059"}
[debug] &amp#27;[38;5;32m[AndroidUiautomator2Driver@f3ed (ba342f14)]&amp#27;[0m Got response with status 200: {"sessionId":"42587273-df18-4b7e-abb3-e62a65656c5c","value":null}
[debug] &amp#27;[38;5;32m[AndroidUiautomator2Driver@f3ed (ba342f14)]&amp#27;[0m Responding to client with driver.click() result: null
&amp#27;[38;5;0m[HTTP]&amp#27;[0m &amp#27;[37m<-- POST /session/ba342f14-b060-4fa8-99d6-6da487a0df9c/element/00000000-0000-0191-ffff-ffff00000059/click &amp#27;[39m&amp#27;[32m200&amp#27;[39m &amp#27;[90m521 ms - 14&amp#27;[39m
&amp#27;[38;5;0m[HTTP]&amp#27;[0m &amp#27;[90m&amp#27;[39m
&amp#27;[38;5;0m[HTTP]&amp#27;[0m &amp#27;[37m-->&amp#27;[39m &amp#27;[37mGET&amp#27;[39m &amp#27;[37m/session/ba342f14-b060-4fa8-99d6-6da487a0df9c/context&amp#27;[39m
&amp#27;[38;5;0m[HTTP]&amp#27;[0m &amp#27;[90m{}&amp#27;[39m
[debug] &amp#27;[38;5;32m[AndroidUiautomator2Driver@f3ed (ba342f14)]&amp#27;[0m Calling AppiumDriver.getCurrentContext() with args: ["ba342f14-b060-4fa8-99d6-6da487a0df9c"]
[debug] &amp#27;[38;5;32m[AndroidUiautomator2Driver@f3ed (ba342f14)]&amp#27;[0m Responding to client with driver.getCurrentContext() result: "NATIVE_APP"
&amp#27;[38;5;0m[HTTP]&amp#27;[0m &amp#27;[37m<-- GET /session/ba342f14-b060-4fa8-99d6-6da487a0df9c/context &amp#27;[39m&amp#27;[32m200&amp#27;[39m &amp#27;[90m1 ms - 22&amp#27;[39m
&amp#27;[38;5;0m[HTTP]&amp#27;[0m &amp#27;[90m&amp#27;[39m
&amp#27;[38;5;0m[HTTP]&amp#27;[0m &amp#27;[37m-->&amp#27;[39m &amp#27;[37mPOST&amp#27;[39m &amp#27;[37m/session/ba342f14-b060-4fa8-99d6-6da487a0df9c/element&amp#27;[39m
&amp#27;[38;5;0m[HTTP]&amp#27;[0m &amp#27;[90m{"using":"id","value":"com.androidsample.generalstore:id/appbar_btn_cart"}&amp#27;[39m
[debug] &amp#27;[38;5;32m[AndroidUiautomator2Driver@f3ed (ba342f14)]&amp#27;[0m Calling AppiumDriver.findElement() with args: ["id","com.androidsample.generalstore:id/appbar_btn_cart","ba342f14-b060-4fa8-99d6-6da487a0df9c"]
[debug] &amp#27;[38;5;32m[AndroidUiautomator2Driver@f3ed (ba342f14)]&amp#27;[0m Valid locator strategies for this request: xpath, id, class name, accessibility id, css selector, -android uiautomator
[debug] &amp#27;[38;5;32m[AndroidUiautomator2Driver@f3ed (ba342f14)]&amp#27;[0m Waiting up to 5000 ms for condition
[debug] &amp#27;[38;5;32m[AndroidUiautomator2Driver@f3ed (ba342f14)]&amp#27;[0m Matched '/element' to command name 'findElement'
[debug] &amp#27;[38;5;32m[AndroidUiautomator2Driver@f3ed (ba342f14)]&amp#27;[0m Proxying [POST /element] to [POST http://127.0.0.1:8201/session/42587273-df18-4b7e-abb3-e62a65656c5c/element] with body: {"strategy":"id","selector":"com.androidsample.generalstore:id/appbar_btn_cart","context":"","multiple":false}
[debug] &amp#27;[38;5;32m[AndroidUiautomator2Driver@f3ed (ba342f14)]&amp#27;[0m Got response with status 200: {"sessionId":"42587273-df18-4b7e-abb3-e62a65656c5c","value":{"ELEMENT":"00000000-0000-0191-ffff-ffff00000044","element-6066-11e4-a52e-4f735466cecf":"00000000-0000-0191-ffff-ffff00000044"}}
[debug] &amp#27;[38;5;32m[AndroidUiautomator2Driver@f3ed (ba342f14)]&amp#27;[0m Responding to client with driver.findElement() result: {"element-6066-11e4-a52e-4f735466cecf":"00000000-0000-0191-ffff-ffff00000044","ELEMENT":"00000000-0000-0191-ffff-ffff00000044"}
&amp#27;[38;5;0m[HTTP]&amp#27;[0m &amp#27;[37m<-- POST /session/ba342f14-b060-4fa8-99d6-6da487a0df9c/element &amp#27;[39m&amp#27;[32m200&amp#27;[39m &amp#27;[90m16 ms - 137&amp#27;[39m
&amp#27;[38;5;0m[HTTP]&amp#27;[0m &amp#27;[90m&amp#27;[39m
&amp#27;[38;5;0m[HTTP]&amp#27;[0m &amp#27;[37m-->&amp#27;[39m &amp#27;[37mPOST&amp#27;[39m &amp#27;[37m/session/ba342f14-b060-4fa8-99d6-6da487a0df9c/element/00000000-0000-0191-ffff-ffff00000044/click&amp#27;[39m
&amp#27;[38;5;0m[HTTP]&amp#27;[0m &amp#27;[90m{"id":"00000000-0000-0191-ffff-ffff00000044"}&amp#27;[39m
[debug] &amp#27;[38;5;32m[AndroidUiautomator2Driver@f3ed (ba342f14)]&amp#27;[0m Calling AppiumDriver.click() with args: ["00000000-0000-0191-ffff-ffff00000044","ba342f14-b060-4fa8-99d6-6da487a0df9c"]
[debug] &amp#27;[38;5;32m[AndroidUiautomator2Driver@f3ed (ba342f14)]&amp#27;[0m Matched '/element/00000000-0000-0191-ffff-ffff00000044/click' to command name 'click'
[debug] &amp#27;[38;5;32m[AndroidUiautomator2Driver@f3ed (ba342f14)]&amp#27;[0m Proxying [POST /element/00000000-0000-0191-ffff-ffff00000044/click] to [POST http://127.0.0.1:8201/session/42587273-df18-4b7e-abb3-e62a65656c5c/element/00000000-0000-0191-ffff-ffff00000044/click] with body: {"element":"00000000-0000-0191-ffff-ffff00000044"}
[debug] &amp#27;[38;5;32m[AndroidUiautomator2Driver@f3ed (ba342f14)]&amp#27;[0m Got response with status 200: {"sessionId":"42587273-df18-4b7e-abb3-e62a65656c5c","value":null}
[debug] &amp#27;[38;5;32m[AndroidUiautomator2Driver@f3ed (ba342f14)]&amp#27;[0m Responding to client with driver.click() result: null
&amp#27;[38;5;0m[HTTP]&amp#27;[0m &amp#27;[37m<-- POST /session/ba342f14-b060-4fa8-99d6-6da487a0df9c/element/00000000-0000-0191-ffff-ffff00000044/click &amp#27;[39m&amp#27;[32m200&amp#27;[39m &amp#27;[90m38 ms - 14&amp#27;[39m
&amp#27;[38;5;0m[HTTP]&amp#27;[0m &amp#27;[90m&amp#27;[39m
&amp#27;[38;5;0m[HTTP]&amp#27;[0m &amp#27;[37m-->&amp#27;[39m &amp#27;[37mGET&amp#27;[39m &amp#27;[37m/session/ba342f14-b060-4fa8-99d6-6da487a0df9c/context&amp#27;[39m
&amp#27;[38;5;0m[HTTP]&amp#27;[0m &amp#27;[90m{}&amp#27;[39m
[debug] &amp#27;[38;5;32m[AndroidUiautomator2Driver@f3ed (ba342f14)]&amp#27;[0m Calling AppiumDriver.getCurrentContext() with args: ["ba342f14-b060-4fa8-99d6-6da487a0df9c"]
[debug] &amp#27;[38;5;32m[AndroidUiautomator2Driver@f3ed (ba342f14)]&amp#27;[0m Responding to client with driver.getCurrentContext() result: "NATIVE_APP"
&amp#27;[38;5;0m[HTTP]&amp#27;[0m &amp#27;[37m<-- GET /session/ba342f14-b060-4fa8-99d6-6da487a0df9c/context &amp#27;[39m&amp#27;[32m200&amp#27;[39m &amp#27;[90m1 ms - 22&amp#27;[39m
&amp#27;[38;5;0m[HTTP]&amp#27;[0m &amp#27;[90m&amp#27;[39m
&amp#27;[38;5;0m[HTTP]&amp#27;[0m &amp#27;[37m-->&amp#27;[39m &amp#27;[37mPOST&amp#27;[39m &amp#27;[37m/session/ba342f14-b060-4fa8-99d6-6da487a0df9c/elements&amp#27;[39m
&amp#27;[38;5;0m[HTTP]&amp#27;[0m &amp#27;[90m{"using":"id","value":"com.androidsample.generalstore:id/productPrice"}&amp#27;[39m
[debug] &amp#27;[38;5;32m[AndroidUiautomator2Driver@f3ed (ba342f14)]&amp#27;[0m Calling AppiumDriver.findElements() with args: ["id","com.androidsample.generalstore:id/productPrice","ba342f14-b060-4fa8-99d6-6da487a0df9c"]
[debug] &amp#27;[38;5;32m[AndroidUiautomator2Driver@f3ed (ba342f14)]&amp#27;[0m Valid locator strategies for this request: xpath, id, class name, accessibility id, css selector, -android uiautomator
[debug] &amp#27;[38;5;32m[AndroidUiautomator2Driver@f3ed (ba342f14)]&amp#27;[0m Waiting up to 5000 ms for condition
[debug] &amp#27;[38;5;32m[AndroidUiautomator2Driver@f3ed (ba342f14)]&amp#27;[0m Matched '/elements' to command name 'findElements'
[debug] &amp#27;[38;5;32m[AndroidUiautomator2Driver@f3ed (ba342f14)]&amp#27;[0m Proxying [POST /elements] to [POST http://127.0.0.1:8201/session/42587273-df18-4b7e-abb3-e62a65656c5c/elements] with body: {"strategy":"id","selector":"com.androidsample.generalstore:id/productPrice","context":"","multiple":true}
[debug] &amp#27;[38;5;32m[AndroidUiautomator2Driver@f3ed (ba342f14)]&amp#27;[0m Got response with status 200: {"sessionId":"42587273-df18-4b7e-abb3-e62a65656c5c","value":[{"ELEMENT":"00000000-0000-0192-ffff-ffff00000086","element-6066-11e4-a52e-4f735466cecf":"00000000-0000-0192-ffff-ffff00000086"},{"ELEMENT":"00000000-0000-0192-ffff-ffff0000008e","element-6066-11e4-a52e-4f735466cecf":"00000000-0000-0192-ffff-ffff0000008e"}]}
[debug] &amp#27;[38;5;32m[AndroidUiautomator2Driver@f3ed (ba342f14)]&amp#27;[0m Responding to client with driver.findElements() result: [{"element-6066-11e4-a52e-4f735466cecf":"00000000-0000-0192-ffff-ffff00000086","ELEMENT":"00000000-0000-0192-ffff-ffff00000086"},{"element-6066-11e4-a52e-4f735466cecf":"00000000-0000-0192-ffff-ffff0000008e","ELEMENT":"00000000-0000-0192-ffff-ffff0000008e"}]
&amp#27;[38;5;0m[HTTP]&amp#27;[0m &amp#27;[37m<-- POST /session/ba342f14-b060-4fa8-99d6-6da487a0df9c/elements &amp#27;[39m&amp#27;[32m200&amp#27;[39m &amp#27;[90m17 ms - 267&amp#27;[39m
&amp#27;[38;5;0m[HTTP]&amp#27;[0m &amp#27;[90m&amp#27;[39m
&amp#27;[38;5;0m[HTTP]&amp#27;[0m &amp#27;[37m-->&amp#27;[39m &amp#27;[37mGET&amp#27;[39m &amp#27;[37m/session/ba342f14-b060-4fa8-99d6-6da487a0df9c/context&amp#27;[39m
&amp#27;[38;5;0m[HTTP]&amp#27;[0m &amp#27;[90m{}&amp#27;[39m
[debug] &amp#27;[38;5;32m[AndroidUiautomator2Driver@f3ed (ba342f14)]&amp#27;[0m Calling AppiumDriver.getCurrentContext() with args: ["ba342f14-b060-4fa8-99d6-6da487a0df9c"]
[debug] &amp#27;[38;5;32m[AndroidUiautomator2Driver@f3ed (ba342f14)]&amp#27;[0m Responding to client with driver.getCurrentContext() result: "NATIVE_APP"
&amp#27;[38;5;0m[HTTP]&amp#27;[0m &amp#27;[37m<-- GET /session/ba342f14-b060-4fa8-99d6-6da487a0df9c/context &amp#27;[39m&amp#27;[32m200&amp#27;[39m &amp#27;[90m1 ms - 22&amp#27;[39m
&amp#27;[38;5;0m[HTTP]&amp#27;[0m &amp#27;[90m&amp#27;[39m
&amp#27;[38;5;0m[HTTP]&amp#27;[0m &amp#27;[37m-->&amp#27;[39m &amp#27;[37mPOST&amp#27;[39m &amp#27;[37m/session/ba342f14-b060-4fa8-99d6-6da487a0df9c/elements&amp#27;[39m
&amp#27;[38;5;0m[HTTP]&amp#27;[0m &amp#27;[90m{"using":"id","value":"com.androidsample.generalstore:id/productPrice"}&amp#27;[39m
[debug] &amp#27;[38;5;32m[AndroidUiautomator2Driver@f3ed (ba342f14)]&amp#27;[0m Calling AppiumDriver.findElements() with args: ["id","com.androidsample.generalstore:id/productPrice","ba342f14-b060-4fa8-99d6-6da487a0df9c"]
[debug] &amp#27;[38;5;32m[AndroidUiautomator2Driver@f3ed (ba342f14)]&amp#27;[0m Valid locator strategies for this request: xpath, id, class name, accessibility id, css selector, -android uiautomator
[debug] &amp#27;[38;5;32m[AndroidUiautomator2Driver@f3ed (ba342f14)]&amp#27;[0m Waiting up to 5000 ms for condition
[debug] &amp#27;[38;5;32m[AndroidUiautomator2Driver@f3ed (ba342f14)]&amp#27;[0m Matched '/elements' to command name 'findElements'
[debug] &amp#27;[38;5;32m[AndroidUiautomator2Driver@f3ed (ba342f14)]&amp#27;[0m Proxying [POST /elements] to [POST http://127.0.0.1:8201/session/42587273-df18-4b7e-abb3-e62a65656c5c/elements] with body: {"strategy":"id","selector":"com.androidsample.generalstore:id/productPrice","context":"","multiple":true}
[debug] &amp#27;[38;5;32m[AndroidUiautomator2Driver@f3ed (ba342f14)]&amp#27;[0m Got response with status 200: {"sessionId":"42587273-df18-4b7e-abb3-e62a65656c5c","value":[{"ELEMENT":"00000000-0000-0192-ffff-ffff00000086","element-6066-11e4-a52e-4f735466cecf":"00000000-0000-0192-ffff-ffff00000086"},{"ELEMENT":"00000000-0000-0192-ffff-ffff0000008e","element-6066-11e4-a52e-4f735466cecf":"00000000-0000-0192-ffff-ffff0000008e"}]}
[debug] &amp#27;[38;5;32m[AndroidUiautomator2Driver@f3ed (ba342f14)]&amp#27;[0m Responding to client with driver.findElements() result: [{"element-6066-11e4-a52e-4f735466cecf":"00000000-0000-0192-ffff-ffff00000086","ELEMENT":"00000000-0000-0192-ffff-ffff00000086"},{"element-6066-11e4-a52e-4f735466cecf":"00000000-0000-0192-ffff-ffff0000008e","ELEMENT":"00000000-0000-0192-ffff-ffff0000008e"}]
&amp#27;[38;5;0m[HTTP]&amp#27;[0m &amp#27;[37m<-- POST /session/ba342f14-b060-4fa8-99d6-6da487a0df9c/elements &amp#27;[39m&amp#27;[32m200&amp#27;[39m &amp#27;[90m14 ms - 267&amp#27;[39m
&amp#27;[38;5;0m[HTTP]&amp#27;[0m &amp#27;[90m&amp#27;[39m
&amp#27;[38;5;0m[HTTP]&amp#27;[0m &amp#27;[37m-->&amp#27;[39m &amp#27;[37mGET&amp#27;[39m &amp#27;[37m/session/ba342f14-b060-4fa8-99d6-6da487a0df9c/element/00000000-0000-0192-ffff-ffff00000086/text&amp#27;[39m
&amp#27;[38;5;0m[HTTP]&amp#27;[0m &amp#27;[90m{}&amp#27;[39m
&amp#27;[38;5;32m[AndroidUiautomator2Driver@f3ed (ba342f14)]&amp#27;[0m Driver proxy active, passing request on via HTTP proxy
[debug] &amp#27;[38;5;32m[AndroidUiautomator2Driver@f3ed (ba342f14)]&amp#27;[0m Matched '/session/ba342f14-b060-4fa8-99d6-6da487a0df9c/element/00000000-0000-0192-ffff-ffff00000086/text' to command name 'getText'
[debug] &amp#27;[38;5;32m[AndroidUiautomator2Driver@f3ed (ba342f14)]&amp#27;[0m Proxying [GET /session/ba342f14-b060-4fa8-99d6-6da487a0df9c/element/00000000-0000-0192-ffff-ffff00000086/text] to [GET http://127.0.0.1:8201/session/42587273-df18-4b7e-abb3-e62a65656c5c/element/00000000-0000-0192-ffff-ffff00000086/text] with no body
[debug] &amp#27;[38;5;32m[AndroidUiautomator2Driver@f3ed (ba342f14)]&amp#27;[0m Got response with status 200: {"sessionId":"42587273-df18-4b7e-abb3-e62a65656c5c","value":"$160.97"}
&amp#27;[38;5;32m[AndroidUiautomator2Driver@f3ed (ba342f14)]&amp#27;[0m Replacing sessionId 42587273-df18-4b7e-abb3-e62a65656c5c with ba342f14-b060-4fa8-99d6-6da487a0df9c
&amp#27;[38;5;0m[HTTP]&amp#27;[0m &amp#27;[37m<-- GET /session/ba342f14-b060-4fa8-99d6-6da487a0df9c/element/00000000-0000-0192-ffff-ffff00000086/text &amp#27;[39m&amp#27;[32m200&amp#27;[39m &amp#27;[90m7 ms - 70&amp#27;[39m
&amp#27;[38;5;0m[HTTP]&amp#27;[0m &amp#27;[90m&amp#27;[39m
&amp#27;[38;5;0m[HTTP]&amp#27;[0m &amp#27;[37m-->&amp#27;[39m &amp#27;[37mGET&amp#27;[39m &amp#27;[37m/session/ba342f14-b060-4fa8-99d6-6da487a0df9c/context&amp#27;[39m
&amp#27;[38;5;0m[HTTP]&amp#27;[0m &amp#27;[90m{}&amp#27;[39m
[debug] &amp#27;[38;5;32m[AndroidUiautomator2Driver@f3ed (ba342f14)]&amp#27;[0m Calling AppiumDriver.getCurrentContext() with args: ["ba342f14-b060-4fa8-99d6-6da487a0df9c"]
[debug] &amp#27;[38;5;32m[AndroidUiautomator2Driver@f3ed (ba342f14)]&amp#27;[0m Responding to client with driver.getCurrentContext() result: "NATIVE_APP"
&amp#27;[38;5;0m[HTTP]&amp#27;[0m &amp#27;[37m<-- GET /session/ba342f14-b060-4fa8-99d6-6da487a0df9c/context &amp#27;[39m&amp#27;[32m200&amp#27;[39m &amp#27;[90m1 ms - 22&amp#27;[39m
&amp#27;[38;5;0m[HTTP]&amp#27;[0m &amp#27;[90m&amp#27;[39m
&amp#27;[38;5;0m[HTTP]&amp#27;[0m &amp#27;[37m-->&amp#27;[39m &amp#27;[37mPOST&amp#27;[39m &amp#27;[37m/session/ba342f14-b060-4fa8-99d6-6da487a0df9c/elements&amp#27;[39m
&amp#27;[38;5;0m[HTTP]&amp#27;[0m &amp#27;[90m{"using":"id","value":"com.androidsample.generalstore:id/productPrice"}&amp#27;[39m
[debug] &amp#27;[38;5;32m[AndroidUiautomator2Driver@f3ed (ba342f14)]&amp#27;[0m Calling AppiumDriver.findElements() with args: ["id","com.androidsample.generalstore:id/productPrice","ba342f14-b060-4fa8-99d6-6da487a0df9c"]
[debug] &amp#27;[38;5;32m[AndroidUiautomator2Driver@f3ed (ba342f14)]&amp#27;[0m Valid locator strategies for this request: xpath, id, class name, accessibility id, css selector, -android uiautomator
[debug] &amp#27;[38;5;32m[AndroidUiautomator2Driver@f3ed (ba342f14)]&amp#27;[0m Waiting up to 5000 ms for condition
[debug] &amp#27;[38;5;32m[AndroidUiautomator2Driver@f3ed (ba342f14)]&amp#27;[0m Matched '/elements' to command name 'findElements'
[debug] &amp#27;[38;5;32m[AndroidUiautomator2Driver@f3ed (ba342f14)]&amp#27;[0m Proxying [POST /elements] to [POST http://127.0.0.1:8201/session/42587273-df18-4b7e-abb3-e62a65656c5c/elements] with body: {"strategy":"id","selector":"com.androidsample.generalstore:id/productPrice","context":"","multiple":true}
[debug] &amp#27;[38;5;32m[AndroidUiautomator2Driver@f3ed (ba342f14)]&amp#27;[0m Got response with status 200: {"sessionId":"42587273-df18-4b7e-abb3-e62a65656c5c","value":[{"ELEMENT":"00000000-0000-0192-ffff-ffff00000086","element-6066-11e4-a52e-4f735466cecf":"00000000-0000-0192-ffff-ffff00000086"},{"ELEMENT":"00000000-0000-0192-ffff-ffff0000008e","element-6066-11e4-a52e-4f735466cecf":"00000000-0000-0192-ffff-ffff0000008e"}]}
[debug] &amp#27;[38;5;32m[AndroidUiautomator2Driver@f3ed (ba342f14)]&amp#27;[0m Responding to client with driver.findElements() result: [{"element-6066-11e4-a52e-4f735466cecf":"00000000-0000-0192-ffff-ffff00000086","ELEMENT":"00000000-0000-0192-ffff-ffff00000086"},{"element-6066-11e4-a52e-4f735466cecf":"00000000-0000-0192-ffff-ffff0000008e","ELEMENT":"00000000-0000-0192-ffff-ffff0000008e"}]
&amp#27;[38;5;0m[HTTP]&amp#27;[0m &amp#27;[37m<-- POST /session/ba342f14-b060-4fa8-99d6-6da487a0df9c/elements &amp#27;[39m&amp#27;[32m200&amp#27;[39m &amp#27;[90m15 ms - 267&amp#27;[39m
&amp#27;[38;5;0m[HTTP]&amp#27;[0m &amp#27;[90m&amp#27;[39m
&amp#27;[38;5;0m[HTTP]&amp#27;[0m &amp#27;[37m-->&amp#27;[39m &amp#27;[37mGET&amp#27;[39m &amp#27;[37m/session/ba342f14-b060-4fa8-99d6-6da487a0df9c/context&amp#27;[39m
&amp#27;[38;5;0m[HTTP]&amp#27;[0m &amp#27;[90m{}&amp#27;[39m
[debug] &amp#27;[38;5;32m[AndroidUiautomator2Driver@f3ed (ba342f14)]&amp#27;[0m Calling AppiumDriver.getCurrentContext() with args: ["ba342f14-b060-4fa8-99d6-6da487a0df9c"]
[debug] &amp#27;[38;5;32m[AndroidUiautomator2Driver@f3ed (ba342f14)]&amp#27;[0m Responding to client with driver.getCurrentContext() result: "NATIVE_APP"
&amp#27;[38;5;0m[HTTP]&amp#27;[0m &amp#27;[37m<-- GET /session/ba342f14-b060-4fa8-99d6-6da487a0df9c/context &amp#27;[39m&amp#27;[32m200&amp#27;[39m &amp#27;[90m1 ms - 22&amp#27;[39m
&amp#27;[38;5;0m[HTTP]&amp#27;[0m &amp#27;[90m&amp#27;[39m
&amp#27;[38;5;0m[HTTP]&amp#27;[0m &amp#27;[37m-->&amp#27;[39m &amp#27;[37mPOST&amp#27;[39m &amp#27;[37m/session/ba342f14-b060-4fa8-99d6-6da487a0df9c/elements&amp#27;[39m
&amp#27;[38;5;0m[HTTP]&amp#27;[0m &amp#27;[90m{"using":"id","value":"com.androidsample.generalstore:id/productPrice"}&amp#27;[39m
[debug] &amp#27;[38;5;32m[AndroidUiautomator2Driver@f3ed (ba342f14)]&amp#27;[0m Calling AppiumDriver.findElements() with args: ["id","com.androidsample.generalstore:id/productPrice","ba342f14-b060-4fa8-99d6-6da487a0df9c"]
[debug] &amp#27;[38;5;32m[AndroidUiautomator2Driver@f3ed (ba342f14)]&amp#27;[0m Valid locator strategies for this request: xpath, id, class name, accessibility id, css selector, -android uiautomator
[debug] &amp#27;[38;5;32m[AndroidUiautomator2Driver@f3ed (ba342f14)]&amp#27;[0m Waiting up to 5000 ms for condition
[debug] &amp#27;[38;5;32m[AndroidUiautomator2Driver@f3ed (ba342f14)]&amp#27;[0m Matched '/elements' to command name 'findElements'
[debug] &amp#27;[38;5;32m[AndroidUiautomator2Driver@f3ed (ba342f14)]&amp#27;[0m Proxying [POST /elements] to [POST http://127.0.0.1:8201/session/42587273-df18-4b7e-abb3-e62a65656c5c/elements] with body: {"strategy":"id","selector":"com.androidsample.generalstore:id/productPrice","context":"","multiple":true}
[debug] &amp#27;[38;5;32m[AndroidUiautomator2Driver@f3ed (ba342f14)]&amp#27;[0m Got response with status 200: {"sessionId":"42587273-df18-4b7e-abb3-e62a65656c5c","value":[{"ELEMENT":"00000000-0000-0192-ffff-ffff00000086","element-6066-11e4-a52e-4f735466cecf":"00000000-0000-0192-ffff-ffff00000086"},{"ELEMENT":"00000000-0000-0192-ffff-ffff0000008e","element-6066-11e4-a52e-4f735466cecf":"00000000-0000-0192-ffff-ffff0000008e"}]}
[debug] &amp#27;[38;5;32m[AndroidUiautomator2Driver@f3ed (ba342f14)]&amp#27;[0m Responding to client with driver.findElements() result: [{"element-6066-11e4-a52e-4f735466cecf":"00000000-0000-0192-ffff-ffff00000086","ELEMENT":"00000000-0000-0192-ffff-ffff00000086"},{"element-6066-11e4-a52e-4f735466cecf":"00000000-0000-0192-ffff-ffff0000008e","ELEMENT":"00000000-0000-0192-ffff-ffff0000008e"}]
&amp#27;[38;5;0m[HTTP]&amp#27;[0m &amp#27;[37m<-- POST /session/ba342f14-b060-4fa8-99d6-6da487a0df9c/elements &amp#27;[39m&amp#27;[32m200&amp#27;[39m &amp#27;[90m14 ms - 267&amp#27;[39m
&amp#27;[38;5;0m[HTTP]&amp#27;[0m &amp#27;[90m&amp#27;[39m
&amp#27;[38;5;0m[HTTP]&amp#27;[0m &amp#27;[37m-->&amp#27;[39m &amp#27;[37mGET&amp#27;[39m &amp#27;[37m/session/ba342f14-b060-4fa8-99d6-6da487a0df9c/element/00000000-0000-0192-ffff-ffff0000008e/text&amp#27;[39m
&amp#27;[38;5;0m[HTTP]&amp#27;[0m &amp#27;[90m{}&amp#27;[39m
&amp#27;[38;5;32m[AndroidUiautomator2Driver@f3ed (ba342f14)]&amp#27;[0m Driver proxy active, passing request on via HTTP proxy
[debug] &amp#27;[38;5;32m[AndroidUiautomator2Driver@f3ed (ba342f14)]&amp#27;[0m Matched '/session/ba342f14-b060-4fa8-99d6-6da487a0df9c/element/00000000-0000-0192-ffff-ffff0000008e/text' to command name 'getText'
[debug] &amp#27;[38;5;32m[AndroidUiautomator2Driver@f3ed (ba342f14)]&amp#27;[0m Proxying [GET /session/ba342f14-b060-4fa8-99d6-6da487a0df9c/element/00000000-0000-0192-ffff-ffff0000008e/text] to [GET http://127.0.0.1:8201/session/42587273-df18-4b7e-abb3-e62a65656c5c/element/00000000-0000-0192-ffff-ffff0000008e/text] with no body
[debug] &amp#27;[38;5;32m[AndroidUiautomator2Driver@f3ed (ba342f14)]&amp#27;[0m Got response with status 200: {"sessionId":"42587273-df18-4b7e-abb3-e62a65656c5c","value":"$120.0"}
&amp#27;[38;5;32m[AndroidUiautomator2Driver@f3ed (ba342f14)]&amp#27;[0m Replacing sessionId 42587273-df18-4b7e-abb3-e62a65656c5c with ba342f14-b060-4fa8-99d6-6da487a0df9c
&amp#27;[38;5;0m[HTTP]&amp#27;[0m &amp#27;[37m<-- GET /session/ba342f14-b060-4fa8-99d6-6da487a0df9c/element/00000000-0000-0192-ffff-ffff0000008e/text &amp#27;[39m&amp#27;[32m200&amp#27;[39m &amp#27;[90m7 ms - 69&amp#27;[39m
&amp#27;[38;5;0m[HTTP]&amp#27;[0m &amp#27;[90m&amp#27;[39m
&amp#27;[38;5;0m[HTTP]&amp#27;[0m &amp#27;[37m-->&amp#27;[39m &amp#27;[37mGET&amp#27;[39m &amp#27;[37m/session/ba342f14-b060-4fa8-99d6-6da487a0df9c/context&amp#27;[39m
&amp#27;[38;5;0m[HTTP]&amp#27;[0m &amp#27;[90m{}&amp#27;[39m
[debug] &amp#27;[38;5;32m[AndroidUiautomator2Driver@f3ed (ba342f14)]&amp#27;[0m Calling AppiumDriver.getCurrentContext() with args: ["ba342f14-b060-4fa8-99d6-6da487a0df9c"]
[debug] &amp#27;[38;5;32m[AndroidUiautomator2Driver@f3ed (ba342f14)]&amp#27;[0m Responding to client with driver.getCurrentContext() result: "NATIVE_APP"
&amp#27;[38;5;0m[HTTP]&amp#27;[0m &amp#27;[37m<-- GET /session/ba342f14-b060-4fa8-99d6-6da487a0df9c/context &amp#27;[39m&amp#27;[32m200&amp#27;[39m &amp#27;[90m1 ms - 22&amp#27;[39m
&amp#27;[38;5;0m[HTTP]&amp#27;[0m &amp#27;[90m&amp#27;[39m
&amp#27;[38;5;0m[HTTP]&amp#27;[0m &amp#27;[37m-->&amp#27;[39m &amp#27;[37mPOST&amp#27;[39m &amp#27;[37m/session/ba342f14-b060-4fa8-99d6-6da487a0df9c/elements&amp#27;[39m
&amp#27;[38;5;0m[HTTP]&amp#27;[0m &amp#27;[90m{"using":"id","value":"com.androidsample.generalstore:id/productPrice"}&amp#27;[39m
[debug] &amp#27;[38;5;32m[AndroidUiautomator2Driver@f3ed (ba342f14)]&amp#27;[0m Calling AppiumDriver.findElements() with args: ["id","com.androidsample.generalstore:id/productPrice","ba342f14-b060-4fa8-99d6-6da487a0df9c"]
[debug] &amp#27;[38;5;32m[AndroidUiautomator2Driver@f3ed (ba342f14)]&amp#27;[0m Valid locator strategies for this request: xpath, id, class name, accessibility id, css selector, -android uiautomator
[debug] &amp#27;[38;5;32m[AndroidUiautomator2Driver@f3ed (ba342f14)]&amp#27;[0m Waiting up to 5000 ms for condition
[debug] &amp#27;[38;5;32m[AndroidUiautomator2Driver@f3ed (ba342f14)]&amp#27;[0m Matched '/elements' to command name 'findElements'
[debug] &amp#27;[38;5;32m[AndroidUiautomator2Driver@f3ed (ba342f14)]&amp#27;[0m Proxying [POST /elements] to [POST http://127.0.0.1:8201/session/42587273-df18-4b7e-abb3-e62a65656c5c/elements] with body: {"strategy":"id","selector":"com.androidsample.generalstore:id/productPrice","context":"","multiple":true}
[debug] &amp#27;[38;5;32m[AndroidUiautomator2Driver@f3ed (ba342f14)]&amp#27;[0m Got response with status 200: {"sessionId":"42587273-df18-4b7e-abb3-e62a65656c5c","value":[{"ELEMENT":"00000000-0000-0192-ffff-ffff00000086","element-6066-11e4-a52e-4f735466cecf":"00000000-0000-0192-ffff-ffff00000086"},{"ELEMENT":"00000000-0000-0192-ffff-ffff0000008e","element-6066-11e4-a52e-4f735466cecf":"00000000-0000-0192-ffff-ffff0000008e"}]}
[debug] &amp#27;[38;5;32m[AndroidUiautomator2Driver@f3ed (ba342f14)]&amp#27;[0m Responding to client with driver.findElements() result: [{"element-6066-11e4-a52e-4f735466cecf":"00000000-0000-0192-ffff-ffff00000086","ELEMENT":"00000000-0000-0192-ffff-ffff00000086"},{"element-6066-11e4-a52e-4f735466cecf":"00000000-0000-0192-ffff-ffff0000008e","ELEMENT":"00000000-0000-0192-ffff-ffff0000008e"}]
&amp#27;[38;5;0m[HTTP]&amp#27;[0m &amp#27;[37m<-- POST /session/ba342f14-b060-4fa8-99d6-6da487a0df9c/elements &amp#27;[39m&amp#27;[32m200&amp#27;[39m &amp#27;[90m14 ms - 267&amp#27;[39m
&amp#27;[38;5;0m[HTTP]&amp#27;[0m &amp#27;[90m&amp#27;[39m
&amp#27;[38;5;0m[HTTP]&amp#27;[0m &amp#27;[37m-->&amp#27;[39m &amp#27;[37mGET&amp#27;[39m &amp#27;[37m/session/ba342f14-b060-4fa8-99d6-6da487a0df9c/context&amp#27;[39m
&amp#27;[38;5;0m[HTTP]&amp#27;[0m &amp#27;[90m{}&amp#27;[39m
[debug] &amp#27;[38;5;32m[AndroidUiautomator2Driver@f3ed (ba342f14)]&amp#27;[0m Calling AppiumDriver.getCurrentContext() with args: ["ba342f14-b060-4fa8-99d6-6da487a0df9c"]
[debug] &amp#27;[38;5;32m[AndroidUiautomator2Driver@f3ed (ba342f14)]&amp#27;[0m Responding to client with driver.getCurrentContext() result: "NATIVE_APP"
&amp#27;[38;5;0m[HTTP]&amp#27;[0m &amp#27;[37m<-- GET /session/ba342f14-b060-4fa8-99d6-6da487a0df9c/context &amp#27;[39m&amp#27;[32m200&amp#27;[39m &amp#27;[90m1 ms - 22&amp#27;[39m
&amp#27;[38;5;0m[HTTP]&amp#27;[0m &amp#27;[90m&amp#27;[39m
&amp#27;[38;5;0m[HTTP]&amp#27;[0m &amp#27;[37m-->&amp#27;[39m &amp#27;[37mPOST&amp#27;[39m &amp#27;[37m/session/ba342f14-b060-4fa8-99d6-6da487a0df9c/element&amp#27;[39m
&amp#27;[38;5;0m[HTTP]&amp#27;[0m &amp#27;[90m{"using":"id","value":"com.androidsample.generalstore:id/totalAmountLbl"}&amp#27;[39m
[debug] &amp#27;[38;5;32m[AndroidUiautomator2Driver@f3ed (ba342f14)]&amp#27;[0m Calling AppiumDriver.findElement() with args: ["id","com.androidsample.generalstore:id/totalAmountLbl","ba342f14-b060-4fa8-99d6-6da487a0df9c"]
[debug] &amp#27;[38;5;32m[AndroidUiautomator2Driver@f3ed (ba342f14)]&amp#27;[0m Valid locator strategies for this request: xpath, id, class name, accessibility id, css selector, -android uiautomator
[debug] &amp#27;[38;5;32m[AndroidUiautomator2Driver@f3ed (ba342f14)]&amp#27;[0m Waiting up to 5000 ms for condition
[debug] &amp#27;[38;5;32m[AndroidUiautomator2Driver@f3ed (ba342f14)]&amp#27;[0m Matched '/element' to command name 'findElement'
[debug] &amp#27;[38;5;32m[AndroidUiautomator2Driver@f3ed (ba342f14)]&amp#27;[0m Proxying [POST /element] to [POST http://127.0.0.1:8201/session/42587273-df18-4b7e-abb3-e62a65656c5c/element] with body: {"strategy":"id","selector":"com.androidsample.generalstore:id/totalAmountLbl","context":"","multiple":false}
[debug] &amp#27;[38;5;32m[AndroidUiautomator2Driver@f3ed (ba342f14)]&amp#27;[0m Got response with status 200: {"sessionId":"42587273-df18-4b7e-abb3-e62a65656c5c","value":{"ELEMENT":"00000000-0000-0192-ffff-ffff0000007a","element-6066-11e4-a52e-4f735466cecf":"00000000-0000-0192-ffff-ffff0000007a"}}
[debug] &amp#27;[38;5;32m[AndroidUiautomator2Driver@f3ed (ba342f14)]&amp#27;[0m Responding to client with driver.findElement() result: {"element-6066-11e4-a52e-4f735466cecf":"00000000-0000-0192-ffff-ffff0000007a","ELEMENT":"00000000-0000-0192-ffff-ffff0000007a"}
&amp#27;[38;5;0m[HTTP]&amp#27;[0m &amp#27;[37m<-- POST /session/ba342f14-b060-4fa8-99d6-6da487a0df9c/element &amp#27;[39m&amp#27;[32m200&amp#27;[39m &amp#27;[90m14 ms - 137&amp#27;[39m
&amp#27;[38;5;0m[HTTP]&amp#27;[0m &amp#27;[90m&amp#27;[39m
&amp#27;[38;5;0m[HTTP]&amp#27;[0m &amp#27;[37m-->&amp#27;[39m &amp#27;[37mGET&amp#27;[39m &amp#27;[37m/session/ba342f14-b060-4fa8-99d6-6da487a0df9c/element/00000000-0000-0192-ffff-ffff0000007a/text&amp#27;[39m
&amp#27;[38;5;0m[HTTP]&amp#27;[0m &amp#27;[90m{}&amp#27;[39m
&amp#27;[38;5;32m[AndroidUiautomator2Driver@f3ed (ba342f14)]&amp#27;[0m Driver proxy active, passing request on via HTTP proxy
[debug] &amp#27;[38;5;32m[AndroidUiautomator2Driver@f3ed (ba342f14)]&amp#27;[0m Matched '/session/ba342f14-b060-4fa8-99d6-6da487a0df9c/element/00000000-0000-0192-ffff-ffff0000007a/text' to command name 'getText'
[debug] &amp#27;[38;5;32m[AndroidUiautomator2Driver@f3ed (ba342f14)]&amp#27;[0m Proxying [GET /session/ba342f14-b060-4fa8-99d6-6da487a0df9c/element/00000000-0000-0192-ffff-ffff0000007a/text] to [GET http://127.0.0.1:8201/session/42587273-df18-4b7e-abb3-e62a65656c5c/element/00000000-0000-0192-ffff-ffff0000007a/text] with no body
[debug] &amp#27;[38;5;32m[AndroidUiautomator2Driver@f3ed (ba342f14)]&amp#27;[0m Got response with status 200: {"sessionId":"42587273-df18-4b7e-abb3-e62a65656c5c","value":"$ 280.97"}
&amp#27;[38;5;32m[AndroidUiautomator2Driver@f3ed (ba342f14)]&amp#27;[0m Replacing sessionId 42587273-df18-4b7e-abb3-e62a65656c5c with ba342f14-b060-4fa8-99d6-6da487a0df9c
&amp#27;[38;5;0m[HTTP]&amp#27;[0m &amp#27;[37m<-- GET /session/ba342f14-b060-4fa8-99d6-6da487a0df9c/element/00000000-0000-0192-ffff-ffff0000007a/text &amp#27;[39m&amp#27;[32m200&amp#27;[39m &amp#27;[90m9 ms - 71&amp#27;[39m
&amp#27;[38;5;0m[HTTP]&amp#27;[0m &amp#27;[90m&amp#27;[39m
&amp#27;[38;5;0m[HTTP]&amp#27;[0m &amp#27;[37m-->&amp#27;[39m &amp#27;[37mGET&amp#27;[39m &amp#27;[37m/session/ba342f14-b060-4fa8-99d6-6da487a0df9c/context&amp#27;[39m
&amp#27;[38;5;0m[HTTP]&amp#27;[0m &amp#27;[90m{}&amp#27;[39m
[debug] &amp#27;[38;5;32m[AndroidUiautomator2Driver@f3ed (ba342f14)]&amp#27;[0m Calling AppiumDriver.getCurrentContext() with args: ["ba342f14-b060-4fa8-99d6-6da487a0df9c"]
[debug] &amp#27;[38;5;32m[AndroidUiautomator2Driver@f3ed (ba342f14)]&amp#27;[0m Responding to client with driver.getCurrentContext() result: "NATIVE_APP"
&amp#27;[38;5;0m[HTTP]&amp#27;[0m &amp#27;[37m<-- GET /session/ba342f14-b060-4fa8-99d6-6da487a0df9c/context &amp#27;[39m&amp#27;[32m200&amp#27;[39m &amp#27;[90m1 ms - 22&amp#27;[39m
&amp#27;[38;5;0m[HTTP]&amp#27;[0m &amp#27;[90m&amp#27;[39m
&amp#27;[38;5;0m[HTTP]&amp#27;[0m &amp#27;[37m-->&amp#27;[39m &amp#27;[37mPOST&amp#27;[39m &amp#27;[37m/session/ba342f14-b060-4fa8-99d6-6da487a0df9c/element&amp#27;[39m
&amp#27;[38;5;0m[HTTP]&amp#27;[0m &amp#27;[90m{"using":"id","value":"com.androidsample.generalstore:id/termsButton"}&amp#27;[39m
[debug] &amp#27;[38;5;32m[AndroidUiautomator2Driver@f3ed (ba342f14)]&amp#27;[0m Calling AppiumDriver.findElement() with args: ["id","com.androidsample.generalstore:id/termsButton","ba342f14-b060-4fa8-99d6-6da487a0df9c"]
[debug] &amp#27;[38;5;32m[AndroidUiautomator2Driver@f3ed (ba342f14)]&amp#27;[0m Valid locator strategies for this request: xpath, id, class name, accessibility id, css selector, -android uiautomator
[debug] &amp#27;[38;5;32m[AndroidUiautomator2Driver@f3ed (ba342f14)]&amp#27;[0m Waiting up to 5000 ms for condition
[debug] &amp#27;[38;5;32m[AndroidUiautomator2Driver@f3ed (ba342f14)]&amp#27;[0m Matched '/element' to command name 'findElement'
[debug] &amp#27;[38;5;32m[AndroidUiautomator2Driver@f3ed (ba342f14)]&amp#27;[0m Proxying [POST /element] to [POST http://127.0.0.1:8201/session/42587273-df18-4b7e-abb3-e62a65656c5c/element] with body: {"strategy":"id","selector":"com.androidsample.generalstore:id/termsButton","context":"","multiple":false}
[debug] &amp#27;[38;5;32m[AndroidUiautomator2Driver@f3ed (ba342f14)]&amp#27;[0m Got response with status 200: {"sessionId":"42587273-df18-4b7e-abb3-e62a65656c5c","value":{"ELEMENT":"00000000-0000-0192-ffff-ffff0000007d","element-6066-11e4-a52e-4f735466cecf":"00000000-0000-0192-ffff-ffff0000007d"}}
[debug] &amp#27;[38;5;32m[AndroidUiautomator2Driver@f3ed (ba342f14)]&amp#27;[0m Responding to client with driver.findElement() result: {"element-6066-11e4-a52e-4f735466cecf":"00000000-0000-0192-ffff-ffff0000007d","ELEMENT":"00000000-0000-0192-ffff-ffff0000007d"}
&amp#27;[38;5;0m[HTTP]&amp#27;[0m &amp#27;[37m<-- POST /session/ba342f14-b060-4fa8-99d6-6da487a0df9c/element &amp#27;[39m&amp#27;[32m200&amp#27;[39m &amp#27;[90m14 ms - 137&amp#27;[39m
&amp#27;[38;5;0m[HTTP]&amp#27;[0m &amp#27;[90m&amp#27;[39m
&amp#27;[38;5;0m[HTTP]&amp#27;[0m &amp#27;[37m-->&amp#27;[39m &amp#27;[37mPOST&amp#27;[39m &amp#27;[37m/session/ba342f14-b060-4fa8-99d6-6da487a0df9c/execute/sync&amp#27;[39m
&amp#27;[38;5;0m[HTTP]&amp#27;[0m &amp#27;[90m{"script":"mobile: longClickGesture","args":[{"elementId":"00000000-0000-0192-ffff-ffff0000007d","duration":2000}]}&amp#27;[39m
[debug] &amp#27;[38;5;32m[AndroidUiautomator2Driver@f3ed (ba342f14)]&amp#27;[0m Calling AppiumDriver.execute() with args: ["mobile: longClickGesture",[{"elementId":"00000000-0000-0192-ffff-ffff0000007d","duration":2000}],"ba342f14-b060-4fa8-99d6-6da487a0df9c"]
&amp#27;[38;5;32m[AndroidUiautomator2Driver@f3ed (ba342f14)]&amp#27;[0m Executing native command 'mobile: longClickGesture'
[debug] &amp#27;[38;5;32m[AndroidUiautomator2Driver@f3ed (ba342f14)]&amp#27;[0m Proxying [POST /appium/gestures/long_click] to [POST http://127.0.0.1:8201/session/42587273-df18-4b7e-abb3-e62a65656c5c/appium/gestures/long_click] with body: {"origin":{"ELEMENT":"00000000-0000-0192-ffff-ffff0000007d","element-6066-11e4-a52e-4f735466cecf":"00000000-0000-0192-ffff-ffff0000007d"},"duration":2000}
[debug] &amp#27;[38;5;32m[AndroidUiautomator2Driver@f3ed (ba342f14)]&amp#27;[0m Got response with status 200: {"sessionId":"42587273-df18-4b7e-abb3-e62a65656c5c","value":null}
[debug] &amp#27;[38;5;32m[AndroidUiautomator2Driver@f3ed (ba342f14)]&amp#27;[0m Responding to client with driver.execute() result: null
&amp#27;[38;5;0m[HTTP]&amp#27;[0m &amp#27;[37m<-- POST /session/ba342f14-b060-4fa8-99d6-6da487a0df9c/execute/sync &amp#27;[39m&amp#27;[32m200&amp#27;[39m &amp#27;[90m2051 ms - 14&amp#27;[39m
&amp#27;[38;5;0m[HTTP]&amp#27;[0m &amp#27;[90m&amp#27;[39m
&amp#27;[38;5;0m[HTTP]&amp#27;[0m &amp#27;[37m-->&amp#27;[39m &amp#27;[37mGET&amp#27;[39m &amp#27;[37m/session/ba342f14-b060-4fa8-99d6-6da487a0df9c/context&amp#27;[39m
&amp#27;[38;5;0m[HTTP]&amp#27;[0m &amp#27;[90m{}&amp#27;[39m
[debug] &amp#27;[38;5;32m[AndroidUiautomator2Driver@f3ed (ba342f14)]&amp#27;[0m Calling AppiumDriver.getCurrentContext() with args: ["ba342f14-b060-4fa8-99d6-6da487a0df9c"]
[debug] &amp#27;[38;5;32m[AndroidUiautomator2Driver@f3ed (ba342f14)]&amp#27;[0m Responding to client with driver.getCurrentContext() result: "NATIVE_APP"
&amp#27;[38;5;0m[HTTP]&amp#27;[0m &amp#27;[37m<-- GET /session/ba342f14-b060-4fa8-99d6-6da487a0df9c/context &amp#27;[39m&amp#27;[32m200&amp#27;[39m &amp#27;[90m1 ms - 22&amp#27;[39m
&amp#27;[38;5;0m[HTTP]&amp#27;[0m &amp#27;[90m&amp#27;[39m
&amp#27;[38;5;0m[HTTP]&amp#27;[0m &amp#27;[37m-->&amp#27;[39m &amp#27;[37mPOST&amp#27;[39m &amp#27;[37m/session/ba342f14-b060-4fa8-99d6-6da487a0df9c/element&amp#27;[39m
&amp#27;[38;5;0m[HTTP]&amp#27;[0m &amp#27;[90m{"using":"id","value":"android:id/button1"}&amp#27;[39m
[debug] &amp#27;[38;5;32m[AndroidUiautomator2Driver@f3ed (ba342f14)]&amp#27;[0m Calling AppiumDriver.findElement() with args: ["id","android:id/button1","ba342f14-b060-4fa8-99d6-6da487a0df9c"]
[debug] &amp#27;[38;5;32m[AndroidUiautomator2Driver@f3ed (ba342f14)]&amp#27;[0m Valid locator strategies for this request: xpath, id, class name, accessibility id, css selector, -android uiautomator
[debug] &amp#27;[38;5;32m[AndroidUiautomator2Driver@f3ed (ba342f14)]&amp#27;[0m Waiting up to 5000 ms for condition
[debug] &amp#27;[38;5;32m[AndroidUiautomator2Driver@f3ed (ba342f14)]&amp#27;[0m Matched '/element' to command name 'findElement'
[debug] &amp#27;[38;5;32m[AndroidUiautomator2Driver@f3ed (ba342f14)]&amp#27;[0m Proxying [POST /element] to [POST http://127.0.0.1:8201/session/42587273-df18-4b7e-abb3-e62a65656c5c/element] with body: {"strategy":"id","selector":"android:id/button1","context":"","multiple":false}
[debug] &amp#27;[38;5;32m[AndroidUiautomator2Driver@f3ed (ba342f14)]&amp#27;[0m Got response with status 200: {"sessionId":"42587273-df18-4b7e-abb3-e62a65656c5c","value":{"ELEMENT":"00000000-0000-0193-ffff-ffff000000a9","element-6066-11e4-a52e-4f735466cecf":"00000000-0000-0193-ffff-ffff000000a9"}}
[debug] &amp#27;[38;5;32m[AndroidUiautomator2Driver@f3ed (ba342f14)]&amp#27;[0m Responding to client with driver.findElement() result: {"element-6066-11e4-a52e-4f735466cecf":"00000000-0000-0193-ffff-ffff000000a9","ELEMENT":"00000000-0000-0193-ffff-ffff000000a9"}
&amp#27;[38;5;0m[HTTP]&amp#27;[0m &amp#27;[37m<-- POST /session/ba342f14-b060-4fa8-99d6-6da487a0df9c/element &amp#27;[39m&amp#27;[32m200&amp#27;[39m &amp#27;[90m11 ms - 137&amp#27;[39m
&amp#27;[38;5;0m[HTTP]&amp#27;[0m &amp#27;[90m&amp#27;[39m
&amp#27;[38;5;0m[HTTP]&amp#27;[0m &amp#27;[37m-->&amp#27;[39m &amp#27;[37mPOST&amp#27;[39m &amp#27;[37m/session/ba342f14-b060-4fa8-99d6-6da487a0df9c/element/00000000-0000-0193-ffff-ffff000000a9/click&amp#27;[39m
&amp#27;[38;5;0m[HTTP]&amp#27;[0m &amp#27;[90m{"id":"00000000-0000-0193-ffff-ffff000000a9"}&amp#27;[39m
[debug] &amp#27;[38;5;32m[AndroidUiautomator2Driver@f3ed (ba342f14)]&amp#27;[0m Calling AppiumDriver.click() with args: ["00000000-0000-0193-ffff-ffff000000a9","ba342f14-b060-4fa8-99d6-6da487a0df9c"]
[debug] &amp#27;[38;5;32m[AndroidUiautomator2Driver@f3ed (ba342f14)]&amp#27;[0m Matched '/element/00000000-0000-0193-ffff-ffff000000a9/click' to command name 'click'
[debug] &amp#27;[38;5;32m[AndroidUiautomator2Driver@f3ed (ba342f14)]&amp#27;[0m Proxying [POST /element/00000000-0000-0193-ffff-ffff000000a9/click] to [POST http://127.0.0.1:8201/session/42587273-df18-4b7e-abb3-e62a65656c5c/element/00000000-0000-0193-ffff-ffff000000a9/click] with body: {"element":"00000000-0000-0193-ffff-ffff000000a9"}
[debug] &amp#27;[38;5;32m[AndroidUiautomator2Driver@f3ed (ba342f14)]&amp#27;[0m Got response with status 200: {"sessionId":"42587273-df18-4b7e-abb3-e62a65656c5c","value":null}
[debug] &amp#27;[38;5;32m[AndroidUiautomator2Driver@f3ed (ba342f14)]&amp#27;[0m Responding to client with driver.click() result: null
&amp#27;[38;5;0m[HTTP]&amp#27;[0m &amp#27;[37m<-- POST /session/ba342f14-b060-4fa8-99d6-6da487a0df9c/element/00000000-0000-0193-ffff-ffff000000a9/click &amp#27;[39m&amp#27;[32m200&amp#27;[39m &amp#27;[90m30 ms - 14&amp#27;[39m
&amp#27;[38;5;0m[HTTP]&amp#27;[0m &amp#27;[90m&amp#27;[39m
&amp#27;[38;5;0m[HTTP]&amp#27;[0m &amp#27;[37m-->&amp#27;[39m &amp#27;[37mGET&amp#27;[39m &amp#27;[37m/session/ba342f14-b060-4fa8-99d6-6da487a0df9c/context&amp#27;[39m
&amp#27;[38;5;0m[HTTP]&amp#27;[0m &amp#27;[90m{}&amp#27;[39m
[debug] &amp#27;[38;5;32m[AndroidUiautomator2Driver@f3ed (ba342f14)]&amp#27;[0m Calling AppiumDriver.getCurrentContext() with args: ["ba342f14-b060-4fa8-99d6-6da487a0df9c"]
[debug] &amp#27;[38;5;32m[AndroidUiautomator2Driver@f3ed (ba342f14)]&amp#27;[0m Responding to client with driver.getCurrentContext() result: "NATIVE_APP"
&amp#27;[38;5;0m[HTTP]&amp#27;[0m &amp#27;[37m<-- GET /session/ba342f14-b060-4fa8-99d6-6da487a0df9c/context &amp#27;[39m&amp#27;[32m200&amp#27;[39m &amp#27;[90m1 ms - 22&amp#27;[39m
&amp#27;[38;5;0m[HTTP]&amp#27;[0m &amp#27;[90m&amp#27;[39m
&amp#27;[38;5;0m[HTTP]&amp#27;[0m &amp#27;[37m-->&amp#27;[39m &amp#27;[37mPOST&amp#27;[39m &amp#27;[37m/session/ba342f14-b060-4fa8-99d6-6da487a0df9c/element&amp#27;[39m
&amp#27;[38;5;0m[HTTP]&amp#27;[0m &amp#27;[90m{"using":"class name","value":"android.widget.CheckBox"}&amp#27;[39m
[debug] &amp#27;[38;5;32m[AndroidUiautomator2Driver@f3ed (ba342f14)]&amp#27;[0m Calling AppiumDriver.findElement() with args: ["class name","android.widget.CheckBox","ba342f14-b060-4fa8-99d6-6da487a0df9c"]
[debug] &amp#27;[38;5;32m[AndroidUiautomator2Driver@f3ed (ba342f14)]&amp#27;[0m Valid locator strategies for this request: xpath, id, class name, accessibility id, css selector, -android uiautomator
[debug] &amp#27;[38;5;32m[AndroidUiautomator2Driver@f3ed (ba342f14)]&amp#27;[0m Waiting up to 5000 ms for condition
[debug] &amp#27;[38;5;32m[AndroidUiautomator2Driver@f3ed (ba342f14)]&amp#27;[0m Matched '/element' to command name 'findElement'
[debug] &amp#27;[38;5;32m[AndroidUiautomator2Driver@f3ed (ba342f14)]&amp#27;[0m Proxying [POST /element] to [POST http://127.0.0.1:8201/session/42587273-df18-4b7e-abb3-e62a65656c5c/element] with body: {"strategy":"class name","selector":"android.widget.CheckBox","context":"","multiple":false}
[debug] &amp#27;[38;5;32m[AndroidUiautomator2Driver@f3ed (ba342f14)]&amp#27;[0m Got response with status 200: {"sessionId":"42587273-df18-4b7e-abb3-e62a65656c5c","value":{"ELEMENT":"00000000-0000-0192-ffff-ffff0000007b","element-6066-11e4-a52e-4f735466cecf":"00000000-0000-0192-ffff-ffff0000007b"}}
[debug] &amp#27;[38;5;32m[AndroidUiautomator2Driver@f3ed (ba342f14)]&amp#27;[0m Responding to client with driver.findElement() result: {"element-6066-11e4-a52e-4f735466cecf":"00000000-0000-0192-ffff-ffff0000007b","ELEMENT":"00000000-0000-0192-ffff-ffff0000007b"}
&amp#27;[38;5;0m[HTTP]&amp#27;[0m &amp#27;[37m<-- POST /session/ba342f14-b060-4fa8-99d6-6da487a0df9c/element &amp#27;[39m&amp#27;[32m200&amp#27;[39m &amp#27;[90m25 ms - 137&amp#27;[39m
&amp#27;[38;5;0m[HTTP]&amp#27;[0m &amp#27;[90m&amp#27;[39m
&amp#27;[38;5;0m[HTTP]&amp#27;[0m &amp#27;[37m-->&amp#27;[39m &amp#27;[37mPOST&amp#27;[39m &amp#27;[37m/session/ba342f14-b060-4fa8-99d6-6da487a0df9c/element/00000000-0000-0192-ffff-ffff0000007b/click&amp#27;[39m
&amp#27;[38;5;0m[HTTP]&amp#27;[0m &amp#27;[90m{"id":"00000000-0000-0192-ffff-ffff0000007b"}&amp#27;[39m
[debug] &amp#27;[38;5;32m[AndroidUiautomator2Driver@f3ed (ba342f14)]&amp#27;[0m Calling AppiumDriver.click() with args: ["00000000-0000-0192-ffff-ffff0000007b","ba342f14-b060-4fa8-99d6-6da487a0df9c"]
[debug] &amp#27;[38;5;32m[AndroidUiautomator2Driver@f3ed (ba342f14)]&amp#27;[0m Matched '/element/00000000-0000-0192-ffff-ffff0000007b/click' to command name 'click'
[debug] &amp#27;[38;5;32m[AndroidUiautomator2Driver@f3ed (ba342f14)]&amp#27;[0m Proxying [POST /element/00000000-0000-0192-ffff-ffff0000007b/click] to [POST http://127.0.0.1:8201/session/42587273-df18-4b7e-abb3-e62a65656c5c/element/00000000-0000-0192-ffff-ffff0000007b/click] with body: {"element":"00000000-0000-0192-ffff-ffff0000007b"}
[debug] &amp#27;[38;5;32m[AndroidUiautomator2Driver@f3ed (ba342f14)]&amp#27;[0m Got response with status 200: {"sessionId":"42587273-df18-4b7e-abb3-e62a65656c5c","value":null}
[debug] &amp#27;[38;5;32m[AndroidUiautomator2Driver@f3ed (ba342f14)]&amp#27;[0m Responding to client with driver.click() result: null
&amp#27;[38;5;0m[HTTP]&amp#27;[0m &amp#27;[37m<-- POST /session/ba342f14-b060-4fa8-99d6-6da487a0df9c/element/00000000-0000-0192-ffff-ffff0000007b/click &amp#27;[39m&amp#27;[32m200&amp#27;[39m &amp#27;[90m567 ms - 14&amp#27;[39m
&amp#27;[38;5;0m[HTTP]&amp#27;[0m &amp#27;[90m&amp#27;[39m
&amp#27;[38;5;0m[HTTP]&amp#27;[0m &amp#27;[37m-->&amp#27;[39m &amp#27;[37mGET&amp#27;[39m &amp#27;[37m/session/ba342f14-b060-4fa8-99d6-6da487a0df9c/context&amp#27;[39m
&amp#27;[38;5;0m[HTTP]&amp#27;[0m &amp#27;[90m{}&amp#27;[39m
[debug] &amp#27;[38;5;32m[AndroidUiautomator2Driver@f3ed (ba342f14)]&amp#27;[0m Calling AppiumDriver.getCurrentContext() with args: ["ba342f14-b060-4fa8-99d6-6da487a0df9c"]
[debug] &amp#27;[38;5;32m[AndroidUiautomator2Driver@f3ed (ba342f14)]&amp#27;[0m Responding to client with driver.getCurrentContext() result: "NATIVE_APP"
&amp#27;[38;5;0m[HTTP]&amp#27;[0m &amp#27;[37m<-- GET /session/ba342f14-b060-4fa8-99d6-6da487a0df9c/context &amp#27;[39m&amp#27;[32m200&amp#27;[39m &amp#27;[90m1 ms - 22&amp#27;[39m
&amp#27;[38;5;0m[HTTP]&amp#27;[0m &amp#27;[90m&amp#27;[39m
&amp#27;[38;5;0m[HTTP]&amp#27;[0m &amp#27;[37m-->&amp#27;[39m &amp#27;[37mPOST&amp#27;[39m &amp#27;[37m/session/ba342f14-b060-4fa8-99d6-6da487a0df9c/element&amp#27;[39m
&amp#27;[38;5;0m[HTTP]&amp#27;[0m &amp#27;[90m{"using":"id","value":"com.androidsample.generalstore:id/btnProceed"}&amp#27;[39m
[debug] &amp#27;[38;5;32m[AndroidUiautomator2Driver@f3ed (ba342f14)]&amp#27;[0m Calling AppiumDriver.findElement() with args: ["id","com.androidsample.generalstore:id/btnProceed","ba342f14-b060-4fa8-99d6-6da487a0df9c"]
[debug] &amp#27;[38;5;32m[AndroidUiautomator2Driver@f3ed (ba342f14)]&amp#27;[0m Valid locator strategies for this request: xpath, id, class name, accessibility id, css selector, -android uiautomator
[debug] &amp#27;[38;5;32m[AndroidUiautomator2Driver@f3ed (ba342f14)]&amp#27;[0m Waiting up to 5000 ms for condition
[debug] &amp#27;[38;5;32m[AndroidUiautomator2Driver@f3ed (ba342f14)]&amp#27;[0m Matched '/element' to command name 'findElement'
[debug] &amp#27;[38;5;32m[AndroidUiautomator2Driver@f3ed (ba342f14)]&amp#27;[0m Proxying [POST /element] to [POST http://127.0.0.1:8201/session/42587273-df18-4b7e-abb3-e62a65656c5c/element] with body: {"strategy":"id","selector":"com.androidsample.generalstore:id/btnProceed","context":"","multiple":false}
[debug] &amp#27;[38;5;32m[AndroidUiautomator2Driver@f3ed (ba342f14)]&amp#27;[0m Got response with status 200: {"sessionId":"42587273-df18-4b7e-abb3-e62a65656c5c","value":{"ELEMENT":"00000000-0000-0192-ffff-ffff0000007c","element-6066-11e4-a52e-4f735466cecf":"00000000-0000-0192-ffff-ffff0000007c"}}
[debug] &amp#27;[38;5;32m[AndroidUiautomator2Driver@f3ed (ba342f14)]&amp#27;[0m Responding to client with driver.findElement() result: {"element-6066-11e4-a52e-4f735466cecf":"00000000-0000-0192-ffff-ffff0000007c","ELEMENT":"00000000-0000-0192-ffff-ffff0000007c"}
&amp#27;[38;5;0m[HTTP]&amp#27;[0m &amp#27;[37m<-- POST /session/ba342f14-b060-4fa8-99d6-6da487a0df9c/element &amp#27;[39m&amp#27;[32m200&amp#27;[39m &amp#27;[90m603 ms - 137&amp#27;[39m
&amp#27;[38;5;0m[HTTP]&amp#27;[0m &amp#27;[90m&amp#27;[39m
&amp#27;[38;5;0m[HTTP]&amp#27;[0m &amp#27;[37m-->&amp#27;[39m &amp#27;[37mPOST&amp#27;[39m &amp#27;[37m/session/ba342f14-b060-4fa8-99d6-6da487a0df9c/element/00000000-0000-0192-ffff-ffff0000007c/click&amp#27;[39m
&amp#27;[38;5;0m[HTTP]&amp#27;[0m &amp#27;[90m{"id":"00000000-0000-0192-ffff-ffff0000007c"}&amp#27;[39m
[debug] &amp#27;[38;5;32m[AndroidUiautomator2Driver@f3ed (ba342f14)]&amp#27;[0m Calling AppiumDriver.click() with args: ["00000000-0000-0192-ffff-ffff0000007c","ba342f14-b060-4fa8-99d6-6da487a0df9c"]
[debug] &amp#27;[38;5;32m[AndroidUiautomator2Driver@f3ed (ba342f14)]&amp#27;[0m Matched '/element/00000000-0000-0192-ffff-ffff0000007c/click' to command name 'click'
[debug] &amp#27;[38;5;32m[AndroidUiautomator2Driver@f3ed (ba342f14)]&amp#27;[0m Proxying [POST /element/00000000-0000-0192-ffff-ffff0000007c/click] to [POST http://127.0.0.1:8201/session/42587273-df18-4b7e-abb3-e62a65656c5c/element/00000000-0000-0192-ffff-ffff0000007c/click] with body: {"element":"00000000-0000-0192-ffff-ffff0000007c"}
[debug] &amp#27;[38;5;32m[AndroidUiautomator2Driver@f3ed (ba342f14)]&amp#27;[0m Got response with status 200: {"sessionId":"42587273-df18-4b7e-abb3-e62a65656c5c","value":null}
[debug] &amp#27;[38;5;32m[AndroidUiautomator2Driver@f3ed (ba342f14)]&amp#27;[0m Responding to client with driver.click() result: null
&amp#27;[38;5;0m[HTTP]&amp#27;[0m &amp#27;[37m<-- POST /session/ba342f14-b060-4fa8-99d6-6da487a0df9c/element/00000000-0000-0192-ffff-ffff0000007c/click &amp#27;[39m&amp#27;[32m200&amp#27;[39m &amp#27;[90m36 ms - 14&amp#27;[39m
&amp#27;[38;5;0m[HTTP]&amp#27;[0m &amp#27;[90m&amp#27;[39m
&amp#27;[38;5;0m[HTTP]&amp#27;[0m &amp#27;[37m-->&amp#27;[39m &amp#27;[37mGET&amp#27;[39m &amp#27;[37m/session/ba342f14-b060-4fa8-99d6-6da487a0df9c/contexts&amp#27;[39m
&amp#27;[38;5;0m[HTTP]&amp#27;[0m &amp#27;[90m{}&amp#27;[39m
[debug] &amp#27;[38;5;32m[AndroidUiautomator2Driver@f3ed (ba342f14)]&amp#27;[0m Calling AppiumDriver.getContexts() with args: ["ba342f14-b060-4fa8-99d6-6da487a0df9c"]
[debug] &amp#27;[38;5;80m[AndroidDriver]&amp#27;[0m Getting a list of available webviews
[debug] &amp#27;[38;5;64m[ADB]&amp#27;[0m Running 'C:\Users\rrajput\AppData\Local\Android\Sdk\platform-tools\adb.exe -P 5037 -s emulator-5554 shell cat /proc/net/unix'
[debug] &amp#27;[38;5;80m[AndroidDriver]&amp#27;[0m Parsed 1 active devtools socket: ["@webview_devtools_remote_2428"]
[debug] &amp#27;[38;5;80m[AndroidDriver]&amp#27;[0m Collecting CDP data of 1 webview
[debug] &amp#27;[38;5;80m[AndroidDriver]&amp#27;[0m Forwarding remote port webview_devtools_remote_2428 to a local port in range 10900..11000
[debug] &amp#27;[38;5;80m[AndroidDriver]&amp#27;[0m You could use the 'webviewDevtoolsPort' capability to customize the starting port number
[debug] &amp#27;[38;5;64m[ADB]&amp#27;[0m Running 'C:\Users\rrajput\AppData\Local\Android\Sdk\platform-tools\adb.exe -P 5037 -s emulator-5554 forward tcp:10900 localabstract:webview_devtools_remote_2428'
[debug] &amp#27;[38;5;64m[ADB]&amp#27;[0m Removing forwarded port socket connection: 10900 
[debug] &amp#27;[38;5;64m[ADB]&amp#27;[0m Running 'C:\Users\rrajput\AppData\Local\Android\Sdk\platform-tools\adb.exe -P 5037 -s emulator-5554 forward --remove tcp:10900'
[debug] &amp#27;[38;5;80m[AndroidDriver]&amp#27;[0m CDP data collection completed
[debug] &amp#27;[38;5;80m[AndroidDriver]&amp#27;[0m WEBVIEW_2428 mapped to pid 2428
[debug] &amp#27;[38;5;80m[AndroidDriver]&amp#27;[0m Getting process name for webview 'WEBVIEW_2428'
[debug] &amp#27;[38;5;64m[ADB]&amp#27;[0m Running 'C:\Users\rrajput\AppData\Local\Android\Sdk\platform-tools\adb.exe -P 5037 -s emulator-5554 shell ps --help'
[debug] &amp#27;[38;5;64m[ADB]&amp#27;[0m Running 'C:\Users\rrajput\AppData\Local\Android\Sdk\platform-tools\adb.exe -P 5037 -s emulator-5554 shell ps -A'
[debug] &amp#27;[38;5;80m[AndroidDriver]&amp#27;[0m Got process name: 'com.androidsample.generalstore'
[debug] &amp#27;[38;5;80m[AndroidDriver]&amp#27;[0m Found 1 webview: ["WEBVIEW_com.androidsample.generalstore"]
[debug] &amp#27;[38;5;32m[AndroidUiautomator2Driver@f3ed (ba342f14)]&amp#27;[0m Available contexts: ["NATIVE_APP","WEBVIEW_com.androidsample.generalstore"]
[debug] &amp#27;[38;5;32m[AndroidUiautomator2Driver@f3ed (ba342f14)]&amp#27;[0m Responding to client with driver.getContexts() result: ["NATIVE_APP","WEBVIEW_com.androidsample.generalstore"]
&amp#27;[38;5;0m[HTTP]&amp#27;[0m &amp#27;[37m<-- GET /session/ba342f14-b060-4fa8-99d6-6da487a0df9c/contexts &amp#27;[39m&amp#27;[32m200&amp#27;[39m &amp#27;[90m749 ms - 65&amp#27;[39m
&amp#27;[38;5;0m[HTTP]&amp#27;[0m &amp#27;[90m&amp#27;[39m
NATIVE_APP
WEBVIEW_com.androidsample.generalstore
&amp#27;[38;5;0m[HTTP]&amp#27;[0m &amp#27;[37m-->&amp#27;[39m &amp#27;[37mPOST&amp#27;[39m &amp#27;[37m/session/ba342f14-b060-4fa8-99d6-6da487a0df9c/context&amp#27;[39m
&amp#27;[38;5;0m[HTTP]&amp#27;[0m &amp#27;[90m{"name":"WEBVIEW_com.androidsample.generalstore"}&amp#27;[39m
[debug] &amp#27;[38;5;32m[AndroidUiautomator2Driver@f3ed (ba342f14)]&amp#27;[0m Calling AppiumDriver.setContext() with args: ["WEBVIEW_com.androidsample.generalstore","ba342f14-b060-4fa8-99d6-6da487a0df9c"]
[debug] &amp#27;[38;5;80m[AndroidDriver]&amp#27;[0m Getting a list of available webviews
[debug] &amp#27;[38;5;64m[ADB]&amp#27;[0m Running 'C:\Users\rrajput\AppData\Local\Android\Sdk\platform-tools\adb.exe -P 5037 -s emulator-5554 shell cat /proc/net/unix'
[debug] &amp#27;[38;5;80m[AndroidDriver]&amp#27;[0m Parsed 1 active devtools socket: ["@webview_devtools_remote_2428"]
[debug] &amp#27;[38;5;80m[AndroidDriver]&amp#27;[0m Collecting CDP data of 1 webview
[debug] &amp#27;[38;5;80m[AndroidDriver]&amp#27;[0m Forwarding remote port webview_devtools_remote_2428 to a local port in range 10900..11000
[debug] &amp#27;[38;5;80m[AndroidDriver]&amp#27;[0m You could use the 'webviewDevtoolsPort' capability to customize the starting port number
[debug] &amp#27;[38;5;64m[ADB]&amp#27;[0m Running 'C:\Users\rrajput\AppData\Local\Android\Sdk\platform-tools\adb.exe -P 5037 -s emulator-5554 forward tcp:10900 localabstract:webview_devtools_remote_2428'
[debug] &amp#27;[38;5;64m[ADB]&amp#27;[0m Removing forwarded port socket connection: 10900 
[debug] &amp#27;[38;5;64m[ADB]&amp#27;[0m Running 'C:\Users\rrajput\AppData\Local\Android\Sdk\platform-tools\adb.exe -P 5037 -s emulator-5554 forward --remove tcp:10900'
[debug] &amp#27;[38;5;80m[AndroidDriver]&amp#27;[0m CDP data collection completed
[debug] &amp#27;[38;5;80m[AndroidDriver]&amp#27;[0m WEBVIEW_2428 mapped to pid 2428
[debug] &amp#27;[38;5;80m[AndroidDriver]&amp#27;[0m Getting process name for webview 'WEBVIEW_2428'
[debug] &amp#27;[38;5;64m[ADB]&amp#27;[0m Running 'C:\Users\rrajput\AppData\Local\Android\Sdk\platform-tools\adb.exe -P 5037 -s emulator-5554 shell ps -A'
[debug] &amp#27;[38;5;80m[AndroidDriver]&amp#27;[0m Got process name: 'com.androidsample.generalstore'
[debug] &amp#27;[38;5;80m[AndroidDriver]&amp#27;[0m Found 1 webview: ["WEBVIEW_com.androidsample.generalstore"]
[debug] &amp#27;[38;5;32m[AndroidUiautomator2Driver@f3ed (ba342f14)]&amp#27;[0m Available contexts: ["NATIVE_APP","WEBVIEW_com.androidsample.generalstore"]
[debug] &amp#27;[38;5;32m[AndroidUiautomator2Driver@f3ed (ba342f14)]&amp#27;[0m Connecting to chrome-backed webview context 'WEBVIEW_com.androidsample.generalstore'
[debug] &amp#27;[38;5;32m[AndroidUiautomator2Driver@f3ed (ba342f14)]&amp#27;[0m A port was not given, using random free port: 8000
[debug] &amp#27;[38;5;32m[AndroidUiautomator2Driver@f3ed (ba342f14)]&amp#27;[0m Passing web view details to the Chromedriver constructor: {
[debug] &amp#27;[38;5;32m[AndroidUiautomator2Driver@f3ed (ba342f14)]&amp#27;[0m   "info": {
[debug] &amp#27;[38;5;32m[AndroidUiautomator2Driver@f3ed (ba342f14)]&amp#27;[0m     "Android-Package": "com.androidsample.generalstore",
[debug] &amp#27;[38;5;32m[AndroidUiautomator2Driver@f3ed (ba342f14)]&amp#27;[0m     "Browser": "Chrome/83.0.4103.106",
[debug] &amp#27;[38;5;32m[AndroidUiautomator2Driver@f3ed (ba342f14)]&amp#27;[0m     "Protocol-Version": "1.3",
[debug] &amp#27;[38;5;32m[AndroidUiautomator2Driver@f3ed (ba342f14)]&amp#27;[0m     "User-Agent": "Mozilla/5.0 (Linux; Android 11; sdk_gphone_x86 Build/RSR1.201013.001; wv) AppleWebKit/537.36 (KHTML, like Gecko) Version/4.0 Chrome/83.0.4103.106 Mobile Safari/537.36",
[debug] &amp#27;[38;5;32m[AndroidUiautomator2Driver@f3ed (ba342f14)]&amp#27;[0m     "V8-Version": "8.3.110.13",
[debug] &amp#27;[38;5;32m[AndroidUiautomator2Driver@f3ed (ba342f14)]&amp#27;[0m     "WebKit-Version": "537.36 (@ce7134bb3d95141cd18f1e65772a4247f282d950)",
[debug] &amp#27;[38;5;32m[AndroidUiautomator2Driver@f3ed (ba342f14)]&amp#27;[0m     "webSocketDebuggerUrl": "ws://127.0.0.1:10900/devtools/browser"
[debug] &amp#27;[38;5;32m[AndroidUiautomator2Driver@f3ed (ba342f14)]&amp#27;[0m   },
[debug] &amp#27;[38;5;32m[AndroidUiautomator2Driver@f3ed (ba342f14)]&amp#27;[0m   "process": {
[debug] &amp#27;[38;5;32m[AndroidUiautomator2Driver@f3ed (ba342f14)]&amp#27;[0m     "name": "com.androidsample.generalstore",
[debug] &amp#27;[38;5;32m[AndroidUiautomator2Driver@f3ed (ba342f14)]&amp#27;[0m     "id": "2428"
[debug] &amp#27;[38;5;32m[AndroidUiautomator2Driver@f3ed (ba342f14)]&amp#27;[0m   }
[debug] &amp#27;[38;5;32m[AndroidUiautomator2Driver@f3ed (ba342f14)]&amp#27;[0m }
[debug] &amp#27;[38;5;32m[AndroidUiautomator2Driver@f3ed (ba342f14)]&amp#27;[0m Automated Chromedriver download is disabled. Use 'chromedriver_autodownload' server feature to enable it
[debug] &amp#27;[38;5;80m[AndroidDriver]&amp#27;[0m Precalculated Chromedriver capabilities: {
[debug] &amp#27;[38;5;80m[AndroidDriver]&amp#27;[0m   "androidPackage": "com.androidsample.generalstore",
[debug] &amp#27;[38;5;80m[AndroidDriver]&amp#27;[0m   "androidUseRunningApp": true,
[debug] &amp#27;[38;5;80m[AndroidDriver]&amp#27;[0m   "androidProcess": "com.androidsample.generalstore",
[debug] &amp#27;[38;5;80m[AndroidDriver]&amp#27;[0m   "androidDeviceSerial": "emulator-5554"
[debug] &amp#27;[38;5;80m[AndroidDriver]&amp#27;[0m }
[debug] &amp#27;[38;5;32m[AndroidUiautomator2Driver@f3ed (ba342f14)]&amp#27;[0m Before starting chromedriver, androidPackage is 'com.androidsample.generalstore'
[debug] &amp#27;[38;5;144m[Chromedriver@1766]&amp#27;[0m Changed state to 'starting'
&amp#27;[38;5;144m[Chromedriver@1766]&amp#27;[0m Set chromedriver binary as: C:\Users\rrajput\eclipse-workspace\excelAppiumAutomationFramework\src\main\java\Tools and Drivers\chromedriver.exe
[debug] &amp#27;[38;5;144m[Chromedriver@1766]&amp#27;[0m Killing any old chromedrivers, running: wmic process where "commandline like '%chromedriver.exe%--port=8000%'" delete
[debug] &amp#27;[38;5;144m[Chromedriver@1766]&amp#27;[0m Successfully cleaned up old chromedrivers
[debug] &amp#27;[38;5;144m[Chromedriver@1766]&amp#27;[0m Cleaning this device's adb forwarded port socket connections: emulator-5554
[debug] &amp#27;[38;5;64m[ADB]&amp#27;[0m List forwarding ports
[debug] &amp#27;[38;5;64m[ADB]&amp#27;[0m Running 'C:\Users\rrajput\AppData\Local\Android\Sdk\platform-tools\adb.exe -P 5037 -s emulator-5554 forward --list'
&amp#27;[38;5;144m[Chromedriver@1766]&amp#27;[0m Spawning chromedriver with: C:\Users\rrajput\eclipse-workspace\excelAppiumAutomationFramework\src\main\java\Tools and Drivers\chromedriver.exe --port=8000 --adb-port=5037 --verbose
[debug] &amp#27;[38;5;144m[Chromedriver@1766]&amp#27;[0m Chromedriver version: '83.0.4103.39'
[debug] &amp#27;[38;5;144m[Chromedriver@1766]&amp#27;[0m Matched '/status' to command name 'getStatus'
[debug] &amp#27;[38;5;144m[Chromedriver@1766]&amp#27;[0m Proxying [GET /status] to [GET http://127.0.0.1:8000/status] with no body
&amp#27;[38;5;144m[Chromedriver@1766]&amp#27;[0m connect ECONNREFUSED 127.0.0.1:8000
[debug] &amp#27;[38;5;144m[Chromedriver@1766]&amp#27;[0m Matched '/status' to command name 'getStatus'
[debug] &amp#27;[38;5;144m[Chromedriver@1766]&amp#27;[0m Proxying [GET /status] to [GET http://127.0.0.1:8000/status] with no body
[debug] &amp#27;[38;5;144m[Chromedriver@1766]&amp#27;[0m Got response with status 200: {"value":{"build":{"version":"83.0.4103.39 (ccbf011cb2d2b19b506d844400483861342c20cd-refs/branch-heads/4103@{#416})"},"message":"ChromeDriver ready for new sessions.","os":{"arch":"x86_64","name":"Windows NT","version":"10.0.19044"},"ready":true}}
&amp#27;[38;5;144m[Chromedriver@1766]&amp#27;[0m Starting W3C Chromedriver session with capabilities: {
&amp#27;[38;5;144m[Chromedriver@1766]&amp#27;[0m   "capabilities": {
&amp#27;[38;5;144m[Chromedriver@1766]&amp#27;[0m     "alwaysMatch": {
&amp#27;[38;5;144m[Chromedriver@1766]&amp#27;[0m       "goog:chromeOptions": {
&amp#27;[38;5;144m[Chromedriver@1766]&amp#27;[0m         "androidPackage": "com.androidsample.generalstore",
&amp#27;[38;5;144m[Chromedriver@1766]&amp#27;[0m         "androidUseRunningApp": true,
&amp#27;[38;5;144m[Chromedriver@1766]&amp#27;[0m         "androidProcess": "com.androidsample.generalstore",
&amp#27;[38;5;144m[Chromedriver@1766]&amp#27;[0m         "androidDeviceSerial": "emulator-5554"
&amp#27;[38;5;144m[Chromedriver@1766]&amp#27;[0m       },
&amp#27;[38;5;144m[Chromedriver@1766]&amp#27;[0m       "goog:loggingPrefs": {
&amp#27;[38;5;144m[Chromedriver@1766]&amp#27;[0m         "browser": "ALL"
&amp#27;[38;5;144m[Chromedriver@1766]&amp#27;[0m       }
&amp#27;[38;5;144m[Chromedriver@1766]&amp#27;[0m     }
&amp#27;[38;5;144m[Chromedriver@1766]&amp#27;[0m   }
&amp#27;[38;5;144m[Chromedriver@1766]&amp#27;[0m }
[debug] &amp#27;[38;5;144m[Chromedriver@1766]&amp#27;[0m Matched '/session' to command name 'createSession'
[debug] &amp#27;[38;5;144m[Chromedriver@1766]&amp#27;[0m Proxying [POST /session] to [POST http://127.0.0.1:8000/session] with body: {"capabilities":{"alwaysMatch":{"goog:chromeOptions":{"androidPackage":"com.androidsample.generalstore","androidUseRunningApp":true,"androidProcess":"com.androidsample.generalstore","androidDeviceSerial":"emulator-5554"},"goog:loggingPrefs":{"browser":"ALL"}}}}
[debug] &amp#27;[38;5;144m[Chromedriver@1766]&amp#27;[0m Webview version: 'Chrome/83.0.4103.106'
[debug] &amp#27;[38;5;144m[Chromedriver@1766]&amp#27;[0m Got response with status 200: {"value":{"capabilities":{"acceptInsecureCerts":false,"browserName":"chrome","browserVersion":"83.0.4103.106","chrome":{"chromedriverVersion":"83.0.4103.39 (ccbf011cb2d2b19b506d844400483861342c20cd-refs/branch-heads/4103@{#416})"},"goog:chromeOptions":{"debuggerAddress":"localhost:50478"},"pageLoadStrategy":"normal","platformName":"android","proxy":{},"setWindowRect":false,"strictFileInteractability":false,"timeouts":{"implicit":0,"pageLoad":300000,"script":30000},"unhandledPromptBehavior":"dismiss and notify","webauthn:virtualAuthenticators":false},"sessionId":"81c02eebf07e6f833214166648eef503"}}
&amp#27;[38;5;144m[Chromedriver@1766]&amp#27;[0m Determined the downstream protocol as 'W3C'
[debug] &amp#27;[38;5;144m[Chromedriver@1766 (81c02eeb)]&amp#27;[0m Changed state to 'online'
[debug] &amp#27;[38;5;32m[AndroidUiautomator2Driver@f3ed (ba342f14)]&amp#27;[0m Responding to client with driver.setContext() result: null
&amp#27;[38;5;0m[HTTP]&amp#27;[0m &amp#27;[37m<-- POST /session/ba342f14-b060-4fa8-99d6-6da487a0df9c/context &amp#27;[39m&amp#27;[32m200&amp#27;[39m &amp#27;[90m4606 ms - 14&amp#27;[39m
&amp#27;[38;5;0m[HTTP]&amp#27;[0m &amp#27;[90m&amp#27;[39m
&amp#27;[38;5;0m[HTTP]&amp#27;[0m &amp#27;[37m-->&amp#27;[39m &amp#27;[37mPOST&amp#27;[39m &amp#27;[37m/session/ba342f14-b060-4fa8-99d6-6da487a0df9c/element&amp#27;[39m
&amp#27;[38;5;0m[HTTP]&amp#27;[0m &amp#27;[90m{"using":"name","value":"q"}&amp#27;[39m
&amp#27;[38;5;32m[AndroidUiautomator2Driver@f3ed (ba342f14)]&amp#27;[0m Driver proxy active, passing request on via HTTP proxy
[debug] &amp#27;[38;5;144m[Chromedriver@1766 (81c02eeb)]&amp#27;[0m Matched '/session/ba342f14-b060-4fa8-99d6-6da487a0df9c/element' to command name 'findElement'
[debug] &amp#27;[38;5;144m[Chromedriver@1766 (81c02eeb)]&amp#27;[0m Proxying [POST /session/ba342f14-b060-4fa8-99d6-6da487a0df9c/element] to [POST http://127.0.0.1:8000/session/81c02eebf07e6f833214166648eef503/element] with body: {"using":"name","value":"q"}
&amp#27;[38;5;144m[Chromedriver@1766 (81c02eeb)]&amp#27;[0m Got response with status 400: {"value":{"error":"invalid argument","message":"invalid argument: invalid locator\n  (Session info: chrome=83.0.4103.106)","stacktrace":"Backtrace:\n\tOrdinal0 [0x00AD9563+2725219]\n\tOrdinal0 [0x009D8551+1672529]\n\tOrdinal0 [0x008C0359+525145]\n\tOrdinal0 [0x00859312+103186]\n\tOrdinal0 [0x008753C0+218048]\n\tOrdinal0 [0x0086AAD0+174800]\n\tOrdinal0 [0x00873D7C+212348]\n\tOrdinal0 [0x0086A94B+174411]\n\tOrdinal0 [0x00852528+75048]\n\tOrdinal0 [0x008535A0+79264]\n\tOrdinal0 [0x00853539+79161]\n\tOrdinal0 [0x009ED607+1758727]\n\tGetHandleVerifier [0x00BF6546+1050150]\n\tGetHandleVerifier [0x00BF6291+1049457]\n\tGetHandleVerifier [0x00C010D7+1094071]\n\tGetHandleVerifier [0x00BF6B46+1051686]\n\tOrdinal0 [0x009E5B06+1727238]\n\tOrdinal0 [0x009EEB7B+1764219]\n\tOrdinal0 [0x009EECE3+1764579]\n\tOrdinal0 [0x00A04C05+1854469]\n\tBaseThreadInitThunk [0x75FCFEF9+25]\n\tRtlGetAppContainerNamedObjectPath [0x77C77BBE+286]\n\tRtlGetAppContainerNamedObjectPath [0x77C77B8E+238]\n"}}
[debug] &amp#27;[38;5;128m[W3C]&amp#27;[0m Matched W3C error code 'invalid argument' to InvalidArgumentError
&amp#27;[38;5;0m[HTTP]&amp#27;[0m &amp#27;[37m<-- POST /session/ba342f14-b060-4fa8-99d6-6da487a0df9c/element &amp#27;[39m&amp#27;[33m400&amp#27;[39m &amp#27;[90m18 ms - 983&amp#27;[39m
&amp#27;[38;5;0m[HTTP]&amp#27;[0m &amp#27;[90m&amp#27;[39m
&amp#27;[38;5;0m[HTTP]&amp#27;[0m &amp#27;[37m-->&amp#27;[39m &amp#27;[37mPOST&amp#27;[39m &amp#27;[37m/session/ba342f14-b060-4fa8-99d6-6da487a0df9c/element&amp#27;[39m
&amp#27;[38;5;0m[HTTP]&amp#27;[0m &amp#27;[90m{"using":"css selector","value":"*[name='q']"}&amp#27;[39m
&amp#27;[38;5;32m[AndroidUiautomator2Driver@f3ed (ba342f14)]&amp#27;[0m Driver proxy active, passing request on via HTTP proxy
[debug] &amp#27;[38;5;144m[Chromedriver@1766 (81c02eeb)]&amp#27;[0m Matched '/session/ba342f14-b060-4fa8-99d6-6da487a0df9c/element' to command name 'findElement'
[debug] &amp#27;[38;5;144m[Chromedriver@1766 (81c02eeb)]&amp#27;[0m Proxying [POST /session/ba342f14-b060-4fa8-99d6-6da487a0df9c/element] to [POST http://127.0.0.1:8000/session/81c02eebf07e6f833214166648eef503/element] with body: {"using":"css selector","value":"*[name='q']"}
[debug] &amp#27;[38;5;144m[Chromedriver@1766 (81c02eeb)]&amp#27;[0m Got response with status 200: {"value":{"element-6066-11e4-a52e-4f735466cecf":"c5ed7490-e4c4-4799-8b00-13366a2ed3b6"}}
&amp#27;[38;5;0m[HTTP]&amp#27;[0m &amp#27;[37m<-- POST /session/ba342f14-b060-4fa8-99d6-6da487a0df9c/element &amp#27;[39m&amp#27;[32m200&amp#27;[39m &amp#27;[90m29 ms - 137&amp#27;[39m
&amp#27;[38;5;0m[HTTP]&amp#27;[0m &amp#27;[90m&amp#27;[39m
&amp#27;[38;5;0m[HTTP]&amp#27;[0m &amp#27;[37m-->&amp#27;[39m &amp#27;[37mPOST&amp#27;[39m &amp#27;[37m/session/ba342f14-b060-4fa8-99d6-6da487a0df9c/element/c5ed7490-e4c4-4799-8b00-13366a2ed3b6/value&amp#27;[39m
&amp#27;[38;5;0m[HTTP]&amp#27;[0m &amp#27;[90m{"id":"c5ed7490-e4c4-4799-8b00-13366a2ed3b6","text":"Planit Testing Mumbaiî€‡","value":["P","l","a","n","i","t"," ","T","e","s","t","i","n","g"," ","M","u","m","b","a","i","î€‡"]}&amp#27;[39m
&amp#27;[38;5;32m[AndroidUiautomator2Driver@f3ed (ba342f14)]&amp#27;[0m Driver proxy active, passing request on via HTTP proxy
[debug] &amp#27;[38;5;144m[Chromedriver@1766 (81c02eeb)]&amp#27;[0m Matched '/session/ba342f14-b060-4fa8-99d6-6da487a0df9c/element/c5ed7490-e4c4-4799-8b00-13366a2ed3b6/value' to command name 'setValue'
[debug] &amp#27;[38;5;144m[Chromedriver@1766 (81c02eeb)]&amp#27;[0m Proxying [POST /session/ba342f14-b060-4fa8-99d6-6da487a0df9c/element/c5ed7490-e4c4-4799-8b00-13366a2ed3b6/value] to [POST http://127.0.0.1:8000/session/81c02eebf07e6f833214166648eef503/element/c5ed7490-e4c4-4799-8b00-13366a2ed3b6/value] with body: {"id":"c5ed7490-e4c4-4799-8b00-13366a2ed3b6","text":"Planit Testing Mumbaiî€‡","value":["P","l","a","n","i","t"," ","T","e","s","t","i","n","g"," ","M","u","m","b","a","i","î€‡"]}
&amp#27;[38;5;32m[AndroidUiautomator2Driver@f397 (6ab2dd27)]&amp#27;[0m Shutting down because we waited 60 seconds for a command
&amp#27;[38;5;16m[AppiumDriver@3b8b]&amp#27;[0m Ending session, cause was 'New Command Timeout of 60 seconds expired. Try customizing the timeout using the 'newCommandTimeout' desired capability'
&amp#27;[38;5;16m[AppiumDriver@3b8b]&amp#27;[0m Removing session '6ab2dd27-5ced-4e22-b09a-5f7faf5afecc' from our master session list
[debug] &amp#27;[38;5;32m[AndroidUiautomator2Driver@f397 (6ab2dd27)]&amp#27;[0m Deleting UiAutomator2 session
[debug] &amp#27;[38;5;32m[AndroidUiautomator2Driver@f397 (6ab2dd27)]&amp#27;[0m Deleting UiAutomator2 server session
&amp#27;[38;5;32m[AndroidUiautomator2Driver@f397 (6ab2dd27)]&amp#27;[0m Did not get confirmation UiAutomator2 deleteSession worked; Error was: UnknownError: An unknown server-side error occurred while processing the command. Original error: 'DELETE /' cannot be proxied to UiAutomator2 server because the instrumentation process is not running (probably crashed). Check the server log and/or the logcat output for more details
[debug] &amp#27;[38;5;64m[ADB]&amp#27;[0m Running 'C:\Users\rrajput\AppData\Local\Android\Sdk\platform-tools\adb.exe -P 5037 -s emulator-5554 shell dumpsys activity services io.appium.settings/.recorder.RecorderService'
[debug] &amp#27;[38;5;64m[ADB]&amp#27;[0m Running 'C:\Users\rrajput\AppData\Local\Android\Sdk\platform-tools\adb.exe -P 5037 -s emulator-5554 shell am force-stop com.androidsample.generalstore'
[debug] &amp#27;[38;5;96m[Logcat]&amp#27;[0m Stopping logcat capture
[debug] &amp#27;[38;5;64m[ADB]&amp#27;[0m Removing forwarded port socket connection: 8200 
[debug] &amp#27;[38;5;64m[ADB]&amp#27;[0m Running 'C:\Users\rrajput\AppData\Local\Android\Sdk\platform-tools\adb.exe -P 5037 -s emulator-5554 forward --remove tcp:8200'
&amp#27;[38;5;32m[AndroidUiautomator2Driver@f397 (6ab2dd27)]&amp#27;[0m Restoring hidden api policy to the device default configuration
[debug] &amp#27;[38;5;64m[ADB]&amp#27;[0m Running 'C:\Users\rrajput\AppData\Local\Android\Sdk\platform-tools\adb.exe -P 5037 -s emulator-5554 shell 'settings delete global hidden_api_policy_pre_p_apps;settings delete global hidden_api_policy_p_apps;settings delete global hidden_api_policy''
[debug] &amp#27;[38;5;144m[Chromedriver@1766 (81c02eeb)]&amp#27;[0m Got response with status 200: {"value":null}
&amp#27;[38;5;0m[HTTP]&amp#27;[0m &amp#27;[37m<-- POST /session/ba342f14-b060-4fa8-99d6-6da487a0df9c/element/c5ed7490-e4c4-4799-8b00-13366a2ed3b6/value &amp#27;[39m&amp#27;[32m200&amp#27;[39m &amp#27;[90m1229 ms - 14&amp#27;[39m
&amp#27;[38;5;0m[HTTP]&amp#27;[0m &amp#27;[90m&amp#27;[39m
&amp#27;[38;5;0m[HTTP]&amp#27;[0m &amp#27;[37m-->&amp#27;[39m &amp#27;[37mPOST&amp#27;[39m &amp#27;[37m/session/ba342f14-b060-4fa8-99d6-6da487a0df9c/appium/device/press_keycode&amp#27;[39m
&amp#27;[38;5;0m[HTTP]&amp#27;[0m &amp#27;[90m{"keycode":4}&amp#27;[39m
[debug] &amp#27;[38;5;32m[AndroidUiautomator2Driver@f3ed (ba342f14)]&amp#27;[0m Calling AppiumDriver.pressKeyCode() with args: [4,null,null,null,null,"ba342f14-b060-4fa8-99d6-6da487a0df9c"]
[debug] &amp#27;[38;5;32m[AndroidUiautomator2Driver@f3ed (ba342f14)]&amp#27;[0m Matched '/appium/device/press_keycode' to command name 'pressKeyCode'
[debug] &amp#27;[38;5;32m[AndroidUiautomator2Driver@f3ed (ba342f14)]&amp#27;[0m Proxying [POST /appium/device/press_keycode] to [POST http://127.0.0.1:8201/session/42587273-df18-4b7e-abb3-e62a65656c5c/appium/device/press_keycode] with body: {"keycode":4,"metastate":null,"flags":null}
[debug] &amp#27;[38;5;32m[AndroidUiautomator2Driver@f3ed (ba342f14)]&amp#27;[0m Got response with status 200: {"sessionId":"42587273-df18-4b7e-abb3-e62a65656c5c","value":null}
[debug] &amp#27;[38;5;32m[AndroidUiautomator2Driver@f3ed (ba342f14)]&amp#27;[0m Responding to client with driver.pressKeyCode() result: null
&amp#27;[38;5;0m[HTTP]&amp#27;[0m &amp#27;[37m<-- POST /session/ba342f14-b060-4fa8-99d6-6da487a0df9c/appium/device/press_keycode &amp#27;[39m&amp#27;[32m200&amp#27;[39m &amp#27;[90m1128 ms - 14&amp#27;[39m
&amp#27;[38;5;0m[HTTP]&amp#27;[0m &amp#27;[90m&amp#27;[39m
&amp#27;[38;5;0m[HTTP]&amp#27;[0m &amp#27;[37m-->&amp#27;[39m &amp#27;[37mPOST&amp#27;[39m &amp#27;[37m/session/ba342f14-b060-4fa8-99d6-6da487a0df9c/context&amp#27;[39m
&amp#27;[38;5;0m[HTTP]&amp#27;[0m &amp#27;[90m{"name":"NATIVE_APP"}&amp#27;[39m
[debug] &amp#27;[38;5;32m[AndroidUiautomator2Driver@f3ed (ba342f14)]&amp#27;[0m Calling AppiumDriver.setContext() with args: ["NATIVE_APP","ba342f14-b060-4fa8-99d6-6da487a0df9c"]
[debug] &amp#27;[38;5;80m[AndroidDriver]&amp#27;[0m Getting a list of available webviews
[debug] &amp#27;[38;5;64m[ADB]&amp#27;[0m Running 'C:\Users\rrajput\AppData\Local\Android\Sdk\platform-tools\adb.exe -P 5037 -s emulator-5554 shell cat /proc/net/unix'
[debug] &amp#27;[38;5;80m[AndroidDriver]&amp#27;[0m Found no active devtools sockets
[debug] &amp#27;[38;5;80m[AndroidDriver]&amp#27;[0m Other sockets are: [
[debug] &amp#27;[38;5;80m[AndroidDriver]&amp#27;[0m   "0000000000000000: 00000002 00000000 00010000 0001 01 15037 @com.android.internal.os.WebViewZygoteInit/f094847c-0fdb-470d-903b-7f2dd88dbacd",
[debug] &amp#27;[38;5;80m[AndroidDriver]&amp#27;[0m   "0000000000000000: 00000002 00000000 00010000 0005 01 28790 @jdwp-control",
[debug] &amp#27;[38;5;80m[AndroidDriver]&amp#27;[0m   "0000000000000000: 00000003 00000000 00000000 0005 03 93669 @jdwp-control",
[debug] &amp#27;[38;5;80m[AndroidDriver]&amp#27;[0m   "0000000000000000: 00000003 00000000 00000000 0001 03 15801 @com.android.internal.os.WebViewZygoteInit/f094847c-0fdb-470d-903b-7f2dd88dbacd",
[debug] &amp#27;[38;5;80m[AndroidDriver]&amp#27;[0m   "0000000000000000: 00000003 00000000 00000000 0005 03 767582 @jdwp-control"
[debug] &amp#27;[38;5;80m[AndroidDriver]&amp#27;[0m ]
[debug] &amp#27;[38;5;80m[AndroidDriver]&amp#27;[0m Found 0 webviews: []
[debug] &amp#27;[38;5;32m[AndroidUiautomator2Driver@f3ed (ba342f14)]&amp#27;[0m Available contexts: ["NATIVE_APP"]
[debug] &amp#27;[38;5;32m[AndroidUiautomator2Driver@f3ed (ba342f14)]&amp#27;[0m Responding to client with driver.setContext() result: null
&amp#27;[38;5;0m[HTTP]&amp#27;[0m &amp#27;[37m<-- POST /session/ba342f14-b060-4fa8-99d6-6da487a0df9c/context &amp#27;[39m&amp#27;[32m200&amp#27;[39m &amp#27;[90m128 ms - 14&amp#27;[39m
&amp#27;[38;5;0m[HTTP]&amp#27;[0m &amp#27;[90m&amp#27;[39m
]]></system-out>
  </testcase>
</testsuite>