<?xml version="1.0" encoding="UTF-8"?>
<!-- Generated by org.testng.reporters.JUnitReportReporter -->
<testsuite hostname="INDMUMBLPTMP064" failures="0" tests="2" name="stockAppTests.LoginTest" time="85.254" errors="0" timestamp="2023-02-20T10:23:53 IST" skipped="0">
  <testcase classname="stockAppTests.LoginTest" name="stockapp_tc_01" time="46.379"/>
  <system-out/>
  <testcase classname="stockAppTests.LoginTest" name="stockapp_tc_02" time="38.875"/>
  <system-out/>
</testsuite> <!-- stockAppTests.LoginTest -->
