<?xml version="1.0" encoding="UTF-8"?>
<!-- Generated by org.testng.reporters.JUnitReportReporter -->
<testsuite hostname="PL-IN-PF4G0VGB" failures="0" tests="1" name="generalStore.ECommerceTest_02" time="54.483" errors="0" timestamp="2023-08-02T03:43:18 GMT-07:00" skipped="0">
  <testcase classname="generalStore.ECommerceTest_02" name="sumOfcartProducts" time="54.483"/>
  <system-out/>
</testsuite> <!-- generalStore.ECommerceTest_02 -->
