<?xml version="1.0" encoding="UTF-8"?>
<!-- Generated by org.testng.reporters.JUnitReportReporter -->
<testsuite hostname="INDMUMBLPTMP064" failures="0" tests="1" name="stockAppTests.Stockapp_WatchlistTest" time="81.107" errors="0" timestamp="2023-03-31T09:49:42 IST" skipped="0">
  <testcase classname="stockAppTests.Stockapp_WatchlistTest" name="stockapp_tc_03" time="81.107"/>
  <system-out/>
</testsuite> <!-- stockAppTests.Stockapp_WatchlistTest -->
