<?xml version="1.0" encoding="UTF-8"?>
<!-- Generated by org.testng.reporters.JUnitReportReporter -->
<testsuite hostname="PL-IN-PF4G0VGB" failures="0" tests="1" name="apiDemosTests.DragDropTest" time="31.999" errors="0" timestamp="2023-10-10T10:59:19 IST" skipped="0">
  <testcase classname="apiDemosTests.DragDropTest" name="testDragDrop" time="31.999"/>
  <system-out/>
</testsuite> <!-- apiDemosTests.DragDropTest -->
