<?xml version="1.0" encoding="UTF-8"?>
<!-- Generated by org.testng.reporters.JUnitReportReporter -->
<testsuite hostname="INDMUMBLPTMP064" failures="0" tests="1" name="generalStore.ECommerceTest_02" time="34.929" errors="0" timestamp="2023-02-13T11:59:04 IST" skipped="0">
  <testcase classname="generalStore.ECommerceTest_02" name="sumOfcartProducts" time="34.929"/>
  <system-out/>
</testsuite> <!-- generalStore.ECommerceTest_02 -->
